--2018-12-09 13:00:57--  http://exoplanetarchive.ipac.caltech.edu/data/ETSS//Kepler/005/147/95/kplr002158047-2009166043257_llc.fits
Resolving exoplanetarchive.ipac.caltech.edu (exoplanetarchive.ipac.caltech.edu)... 134.4.54.147
Connecting to exoplanetarchive.ipac.caltech.edu (exoplanetarchive.ipac.caltech.edu)|134.4.54.147|:80... connected.
HTTP request sent, awaiting response... 302 Found
Location: https://exoplanetarchive.ipac.caltech.edu/data/ETSS//Kepler/005/147/95/kplr002158047-2009166043257_llc.fits [following]
--2018-12-09 13:00:58--  https://exoplanetarchive.ipac.caltech.edu/data/ETSS//Kepler/005/147/95/kplr002158047-2009166043257_llc.fits
Connecting to exoplanetarchive.ipac.caltech.edu (exoplanetarchive.ipac.caltech.edu)|134.4.54.147|:443... connected.
HTTP request sent, awaiting response... 200 OK
Length: 192960 (188K) [image/x-fits]
Saving to: 'kplr002158047-2009166043257_llc.fits'

     0K .......... .......... .......... .......... .......... 26% 18,1K 8s
    50K .......... .......... .......... .......... .......... 53% 28,2K 4s
   100K .......... .......... .......... .......... .......... 79% 36,1K 2s
   150K .......... .......... .......... ........             100% 64,9K=6,5s

2018-12-09 13:01:09 (28,9 KB/s) - 'kplr002158047-2009166043257_llc.fits' saved [192960/192960]

--2018-12-09 13:01:09--  http://exoplanetarchive.ipac.caltech.edu/data/ETSS//Kepler/005/163/58/kplr002158047-2009166043257_llc_lc.tbl
Resolving exoplanetarchive.ipac.caltech.edu (exoplanetarchive.ipac.caltech.edu)... 134.4.54.147
Connecting to exoplanetarchive.ipac.caltech.edu (exoplanetarchive.ipac.caltech.edu)|134.4.54.147|:80... connected.
HTTP request sent, awaiting response... 302 Found
Location: https://exoplanetarchive.ipac.caltech.edu/data/ETSS//Kepler/005/163/58/kplr002158047-2009166043257_llc_lc.tbl [following]
--2018-12-09 13:01:09--  https://exoplanetarchive.ipac.caltech.edu/data/ETSS//Kepler/005/163/58/kplr002158047-2009166043257_llc_lc.tbl
Connecting to exoplanetarchive.ipac.caltech.edu (exoplanetarchive.ipac.caltech.edu)|134.4.54.147|:443... connected.
HTTP request sent, awaiting response... 200 OK
Length: 533407 (521K) [text/plain]
Saving to: 'kplr002158047-2009166043257_llc_lc.tbl'

     0K .......... .......... .......... .......... ..........  9% 1,57K 4m59s
    50K .......... .......... .......... .......... .......... 19% 42,4K 2m19s
   100K .......... .......... .......... .......... .......... 28% 51,8K 84s
   150K .......... .......... .......... .......... .......... 38% 52,0K 56s
   200K .......... .......... .......... .......... .......... 47% 64,7K 39s
   250K .......... .......... .......... .......... .......... 57% 64,0K 27s
   300K .......... .......... .......... .......... .......... 67% 64,8K 18s
   350K .......... .......... .......... .......... .......... 76% 85,5K 11s
   400K .......... .......... .......... .......... .......... 86% 51,7K 6s
   450K .......... .......... .......... .......... .......... 95% 65,4K 2s
   500K .......... ..........                                 100% 15,5M=40s

2018-12-09 13:01:50 (13,2 KB/s) - 'kplr002158047-2009166043257_llc_lc.tbl' saved [533407/533407]

--2018-12-09 13:01:50--  http://exoplanetarchive.ipac.caltech.edu/data/ETSS//Kepler/005/212/47/kplr002158047-2009259160929_llc.fits
Resolving exoplanetarchive.ipac.caltech.edu (exoplanetarchive.ipac.caltech.edu)... 134.4.54.147
Connecting to exoplanetarchive.ipac.caltech.edu (exoplanetarchive.ipac.caltech.edu)|134.4.54.147|:80... connected.
HTTP request sent, awaiting response... 302 Found
Location: https://exoplanetarchive.ipac.caltech.edu/data/ETSS//Kepler/005/212/47/kplr002158047-2009259160929_llc.fits [following]
--2018-12-09 13:01:51--  https://exoplanetarchive.ipac.caltech.edu/data/ETSS//Kepler/005/212/47/kplr002158047-2009259160929_llc.fits
Connecting to exoplanetarchive.ipac.caltech.edu (exoplanetarchive.ipac.caltech.edu)|134.4.54.147|:443... connected.
HTTP request sent, awaiting response... 200 OK
Length: 466560 (456K) [image/x-fits]
Saving to: 'kplr002158047-2009259160929_llc.fits'

     0K .......... .......... .......... .......... .......... 10% 27,8K 15s
    50K .......... .......... .......... .......... .......... 21% 52,4K 10s
   100K .......... .......... .......... .......... .......... 32% 62,8K 7s
   150K .......... .......... .......... .......... .......... 43% 63,3K 6s
   200K .......... .......... .......... .......... .......... 54% 67,6K 4s
   250K .......... .......... .......... .......... .......... 65% 84,9K 3s
   300K .......... .......... .......... .......... .......... 76% 64,4K 2s
   350K .......... .......... .......... .......... .......... 87% 86,5K 1s
   400K .......... .......... .......... .......... .......... 98% 64,2K 0s
   450K .....                                                 100% 36,6G=7,8s

2018-12-09 13:01:59 (58,4 KB/s) - 'kplr002158047-2009259160929_llc.fits' saved [466560/466560]

--2018-12-09 13:02:00--  http://exoplanetarchive.ipac.caltech.edu/data/ETSS//Kepler/005/229/11/kplr002158047-2009259160929_llc_lc.tbl
Resolving exoplanetarchive.ipac.caltech.edu (exoplanetarchive.ipac.caltech.edu)... 134.4.54.147
Connecting to exoplanetarchive.ipac.caltech.edu (exoplanetarchive.ipac.caltech.edu)|134.4.54.147|:80... connected.
HTTP request sent, awaiting response... 302 Found
Location: https://exoplanetarchive.ipac.caltech.edu/data/ETSS//Kepler/005/229/11/kplr002158047-2009259160929_llc_lc.tbl [following]
--2018-12-09 13:02:00--  https://exoplanetarchive.ipac.caltech.edu/data/ETSS//Kepler/005/229/11/kplr002158047-2009259160929_llc_lc.tbl
Connecting to exoplanetarchive.ipac.caltech.edu (exoplanetarchive.ipac.caltech.edu)|134.4.54.147|:443... connected.
HTTP request sent, awaiting response... 200 OK
Length: 1407811 (1,3M) [text/plain]
Saving to: 'kplr002158047-2009259160929_llc_lc.tbl'

     0K .......... .......... .......... .......... ..........  3% 42,4K 31s
    50K .......... .......... .......... .......... ..........  7% 83,5K 23s
   100K .......... .......... .......... .......... .......... 10%  129K 18s
   150K .......... .......... .......... .......... .......... 14%  125K 15s
   200K .......... .......... .......... .......... .......... 18%  130K 13s
   250K .......... .......... .......... .......... .......... 21%  253K 11s
   300K .......... .......... .......... .......... .......... 25%  129K 10s
   350K .......... .......... .......... .......... .......... 29%  256K 9s
   400K .......... .......... .......... .......... .......... 32%  127K 8s
   450K .......... .......... .......... .......... .......... 36%  129K 8s
   500K .......... .......... .......... .......... .......... 40%  256K 7s
   550K .......... .......... .......... .......... .......... 43%  261K 6s
   600K .......... .......... .......... .......... .......... 47%  255K 6s
   650K .......... .......... .......... .......... .......... 50%  257K 5s
   700K .......... .......... .......... .......... .......... 54%  247K 5s
   750K .......... .......... .......... .......... .......... 58%  272K 4s
   800K .......... .......... .......... .......... .......... 61%  257K 4s
   850K .......... .......... .......... .......... .......... 65% 2,29M 3s
   900K .......... .......... .......... .......... .......... 69%  260K 3s
   950K .......... .......... .......... .......... .......... 72%  254K 2s
  1000K .......... .......... .......... .......... .......... 76% 10,7M 2s
  1050K .......... .......... .......... .......... .......... 80%  260K 2s
  1100K .......... .......... .......... .......... .......... 83%  259K 1s
  1150K .......... .......... .......... .......... .......... 87%  258K 1s
  1200K .......... .......... .......... .......... .......... 90% 9,41M 1s
  1250K .......... .......... .......... .......... .......... 94%  254K 0s
  1300K .......... .......... .......... .......... .......... 98% 3,20M 0s
  1350K .......... .......... ....                            100%  142K=7,3s

2018-12-09 13:02:08 (189 KB/s) - 'kplr002158047-2009259160929_llc_lc.tbl' saved [1407811/1407811]

--2018-12-09 13:02:08--  http://exoplanetarchive.ipac.caltech.edu/data/ETSS//Kepler/005/245/75/kplr002158047-2009350155506_llc.fits
Resolving exoplanetarchive.ipac.caltech.edu (exoplanetarchive.ipac.caltech.edu)... 134.4.54.147
Connecting to exoplanetarchive.ipac.caltech.edu (exoplanetarchive.ipac.caltech.edu)|134.4.54.147|:80... connected.
HTTP request sent, awaiting response... 302 Found
Location: https://exoplanetarchive.ipac.caltech.edu/data/ETSS//Kepler/005/245/75/kplr002158047-2009350155506_llc.fits [following]
--2018-12-09 13:02:09--  https://exoplanetarchive.ipac.caltech.edu/data/ETSS//Kepler/005/245/75/kplr002158047-2009350155506_llc.fits
Connecting to exoplanetarchive.ipac.caltech.edu (exoplanetarchive.ipac.caltech.edu)|134.4.54.147|:443... connected.
HTTP request sent, awaiting response... 200 OK
Length: 466560 (456K) [image/x-fits]
Saving to: 'kplr002158047-2009350155506_llc.fits'

     0K .......... .......... .......... .......... .......... 10% 42,4K 10s
    50K .......... .......... .......... .......... .......... 21% 84,4K 6s
   100K .......... .......... .......... .......... .......... 32%  128K 4s
   150K .......... .......... .......... .......... .......... 43%  242K 3s
   200K .......... .......... .......... .......... .......... 54%  130K 2s
   250K .......... .......... .......... .......... .......... 65%  251K 2s
   300K .......... .......... .......... .......... .......... 76%  240K 1s
   350K .......... .......... .......... .......... .......... 87%  239K 0s
   400K .......... .......... .......... .......... .......... 98%  270K 0s
   450K .....                                                 100% 36,6G=3,6s

2018-12-09 13:02:13 (128 KB/s) - 'kplr002158047-2009350155506_llc.fits' saved [466560/466560]

--2018-12-09 13:02:13--  http://exoplanetarchive.ipac.caltech.edu/data/ETSS//Kepler/005/262/31/kplr002158047-2009350155506_llc_lc.tbl
Resolving exoplanetarchive.ipac.caltech.edu (exoplanetarchive.ipac.caltech.edu)... 134.4.54.147
Connecting to exoplanetarchive.ipac.caltech.edu (exoplanetarchive.ipac.caltech.edu)|134.4.54.147|:80... connected.
HTTP request sent, awaiting response... 302 Found
Location: https://exoplanetarchive.ipac.caltech.edu/data/ETSS//Kepler/005/262/31/kplr002158047-2009350155506_llc_lc.tbl [following]
--2018-12-09 13:02:14--  https://exoplanetarchive.ipac.caltech.edu/data/ETSS//Kepler/005/262/31/kplr002158047-2009350155506_llc_lc.tbl
Connecting to exoplanetarchive.ipac.caltech.edu (exoplanetarchive.ipac.caltech.edu)|134.4.54.147|:443... connected.
HTTP request sent, awaiting response... 200 OK
Length: 1412981 (1,3M) [text/plain]
Saving to: 'kplr002158047-2009350155506_llc_lc.tbl'

     0K .......... .......... .......... .......... ..........  3% 42,7K 31s
    50K .......... .......... .......... .......... ..........  7%  106K 21s
   100K .......... .......... .......... .......... .......... 10%  162K 16s
   150K .......... .......... .......... .......... .......... 14%  129K 14s
   200K .......... .......... .......... .......... .......... 18%  128K 12s
   250K .......... .......... .......... .......... .......... 21%  254K 11s
   300K .......... .......... .......... .......... .......... 25%  255K 9s
   350K .......... .......... .......... .......... .......... 28%  250K 8s
   400K .......... .......... .......... .......... .......... 32%  250K 7s
   450K .......... .......... .......... .......... .......... 36%  131K 7s
   500K .......... .......... .......... .......... .......... 39%  252K 6s
   550K .......... .......... .......... .......... .......... 43% 64,3K 6s
   600K .......... .......... .......... .......... .......... 47%  129K 6s
   650K .......... .......... .......... .......... .......... 50%  235K 5s
   700K .......... .......... .......... .......... .......... 54%  133K 5s
   750K .......... .......... .......... .......... .......... 57%  241K 4s
   800K .......... .......... .......... .......... .......... 61%  133K 4s
   850K .......... .......... .......... .......... .......... 65% 2,12M 3s
   900K .......... .......... .......... .......... .......... 68%  136K 3s
   950K .......... .......... .......... .......... .......... 72% 1,86M 3s
  1000K .......... .......... .......... .......... .......... 76%  247K 2s
  1050K .......... .......... .......... .......... .......... 79%  127K 2s
  1100K .......... .......... .......... .......... .......... 83% 26,1M 1s
  1150K .......... .......... .......... .......... .......... 86% 84,5K 1s
  1200K .......... .......... .......... .......... .......... 90% 84,7K 1s
  1250K .......... .......... .......... .......... .......... 94%  140K 1s
  1300K .......... .......... .......... .......... .......... 97%  198K 0s
  1350K .......... .......... .........                       100%  212K=9,4s

2018-12-09 13:02:24 (147 KB/s) - 'kplr002158047-2009350155506_llc_lc.tbl' saved [1412981/1412981]

--2018-12-09 13:02:24--  http://exoplanetarchive.ipac.caltech.edu/data/ETSS//Kepler/005/345/02/kplr002158047-2010078095331_llc.fits
Resolving exoplanetarchive.ipac.caltech.edu (exoplanetarchive.ipac.caltech.edu)... 134.4.54.147
Connecting to exoplanetarchive.ipac.caltech.edu (exoplanetarchive.ipac.caltech.edu)|134.4.54.147|:80... connected.
HTTP request sent, awaiting response... 302 Found
Location: https://exoplanetarchive.ipac.caltech.edu/data/ETSS//Kepler/005/345/02/kplr002158047-2010078095331_llc.fits [following]
--2018-12-09 13:02:25--  https://exoplanetarchive.ipac.caltech.edu/data/ETSS//Kepler/005/345/02/kplr002158047-2010078095331_llc.fits
Connecting to exoplanetarchive.ipac.caltech.edu (exoplanetarchive.ipac.caltech.edu)|134.4.54.147|:443... connected.
HTTP request sent, awaiting response... 200 OK
Length: 469440 (458K) [image/x-fits]
Saving to: 'kplr002158047-2010078095331_llc.fits'

     0K .......... .......... .......... .......... .......... 10% 42,2K 10s
    50K .......... .......... .......... .......... .......... 21% 83,6K 6s
   100K .......... .......... .......... .......... .......... 32%  130K 4s
   150K .......... .......... .......... .......... .......... 43%  129K 3s
   200K .......... .......... .......... .......... .......... 54%  237K 2s
   250K .......... .......... .......... .......... .......... 65%  128K 2s
   300K .......... .......... .......... .......... .......... 76%  254K 1s
   350K .......... .......... .......... .......... .......... 87%  125K 1s
   400K .......... .......... .......... .......... .......... 98%  127K 0s
   450K ........                                              100% 19,1M=4,1s

2018-12-09 13:02:30 (110 KB/s) - 'kplr002158047-2010078095331_llc.fits' saved [469440/469440]

--2018-12-09 13:02:30--  http://exoplanetarchive.ipac.caltech.edu/data/ETSS//Kepler/005/362/01/kplr002158047-2010078095331_llc_lc.tbl
Resolving exoplanetarchive.ipac.caltech.edu (exoplanetarchive.ipac.caltech.edu)... 134.4.54.147
Connecting to exoplanetarchive.ipac.caltech.edu (exoplanetarchive.ipac.caltech.edu)|134.4.54.147|:80... connected.
HTTP request sent, awaiting response... 302 Found
Location: https://exoplanetarchive.ipac.caltech.edu/data/ETSS//Kepler/005/362/01/kplr002158047-2010078095331_llc_lc.tbl [following]
--2018-12-09 13:02:31--  https://exoplanetarchive.ipac.caltech.edu/data/ETSS//Kepler/005/362/01/kplr002158047-2010078095331_llc_lc.tbl
Connecting to exoplanetarchive.ipac.caltech.edu (exoplanetarchive.ipac.caltech.edu)|134.4.54.147|:443... connected.
HTTP request sent, awaiting response... 200 OK
Length: 1421501 (1,4M) [text/plain]
Saving to: 'kplr002158047-2010078095331_llc_lc.tbl'

     0K .......... .......... .......... .......... ..........  3% 42,9K 31s
    50K .......... .......... .......... .......... ..........  7%  106K 21s
   100K .......... .......... .......... .......... .......... 10% 98,8K 18s
   150K .......... .......... .......... .......... .......... 14%  130K 15s
   200K .......... .......... .......... .......... .......... 18%  255K 12s
   250K .......... .......... .......... .......... .......... 21%  129K 11s
   300K .......... .......... .......... .......... .......... 25%  256K 10s
   350K .......... .......... .......... .......... .......... 28%  132K 9s
   400K .......... .......... .......... .......... .......... 32%  129K 8s
   450K .......... .......... .......... .......... .......... 36% 61,2K 9s
   500K .......... .......... .......... .......... .......... 39% 94,1K 8s
   550K .......... .......... .......... .......... .......... 43%  208K 7s
   600K .......... .......... .......... .......... .......... 46% 61,2K 7s
   650K .......... .......... .......... .......... .......... 50% 56,5K 7s
   700K .......... .......... .......... .......... .......... 54% 64,3K 7s
   750K .......... .......... .......... .......... .......... 57% 64,2K 7s
   800K .......... .......... .......... .......... .......... 61% 51,7K 6s
   850K .......... .......... .......... .......... .......... 64% 84,8K 6s
   900K .......... .......... .......... .......... .......... 68% 51,5K 5s
   950K .......... .......... .......... .......... .......... 72% 31,6K 5s
  1000K .......... .......... .......... .......... .......... 75% 42,7K 5s
  1050K .......... .......... .......... .......... .......... 79% 51,7K 4s
  1100K .......... .......... .......... .......... .......... 82% 61,6K 3s
  1150K .......... .......... .......... .......... .......... 86% 67,4K 3s
  1200K .......... .......... .......... .......... .......... 90% 28,6K 2s
  1250K .......... .......... .......... .......... .......... 93% 42,4K 1s
  1300K .......... .......... .......... .......... .......... 97% 51,4K 1s
  1350K .......... .......... .......... ........             100% 49,1K=21s

2018-12-09 13:02:53 (64,9 KB/s) - 'kplr002158047-2010078095331_llc_lc.tbl' saved [1421501/1421501]

--2018-12-09 13:02:53--  http://exoplanetarchive.ipac.caltech.edu/data/ETSS//Kepler/005/179/21/kplr002158047-2010174085026_llc.fits
Resolving exoplanetarchive.ipac.caltech.edu (exoplanetarchive.ipac.caltech.edu)... 134.4.54.147
Connecting to exoplanetarchive.ipac.caltech.edu (exoplanetarchive.ipac.caltech.edu)|134.4.54.147|:80... connected.
HTTP request sent, awaiting response... 302 Found
Location: https://exoplanetarchive.ipac.caltech.edu/data/ETSS//Kepler/005/179/21/kplr002158047-2010174085026_llc.fits [following]
--2018-12-09 13:02:53--  https://exoplanetarchive.ipac.caltech.edu/data/ETSS//Kepler/005/179/21/kplr002158047-2010174085026_llc.fits
Connecting to exoplanetarchive.ipac.caltech.edu (exoplanetarchive.ipac.caltech.edu)|134.4.54.147|:443... connected.
HTTP request sent, awaiting response... 200 OK
Length: 492480 (481K) [image/x-fits]
Saving to: 'kplr002158047-2010174085026_llc.fits'

     0K .......... .......... .......... .......... .......... 10% 51,5K 8s
    50K .......... .......... .......... .......... .......... 20% 86,4K 6s
   100K .......... .......... .......... .......... .......... 31%  253K 4s
   150K .......... .......... .......... .......... .......... 41%  128K 3s
   200K .......... .......... .......... .......... .......... 51%  250K 2s
   250K .......... .......... .......... .......... .......... 62%  127K 2s
   300K .......... .......... .......... .......... .......... 72%  257K 1s
   350K .......... .......... .......... .......... .......... 83%  254K 1s
   400K .......... .......... .......... .......... .......... 93%  260K 0s
   450K .......... .......... ..........                      100%  163K=3,5s

2018-12-09 13:02:58 (137 KB/s) - 'kplr002158047-2010174085026_llc.fits' saved [492480/492480]

--2018-12-09 13:02:58--  http://exoplanetarchive.ipac.caltech.edu/data/ETSS//Kepler/005/195/85/kplr002158047-2010174085026_llc_lc.tbl
Resolving exoplanetarchive.ipac.caltech.edu (exoplanetarchive.ipac.caltech.edu)... 134.4.54.147
Connecting to exoplanetarchive.ipac.caltech.edu (exoplanetarchive.ipac.caltech.edu)|134.4.54.147|:80... connected.
HTTP request sent, awaiting response... 302 Found
Location: https://exoplanetarchive.ipac.caltech.edu/data/ETSS//Kepler/005/195/85/kplr002158047-2010174085026_llc_lc.tbl [following]
--2018-12-09 13:02:59--  https://exoplanetarchive.ipac.caltech.edu/data/ETSS//Kepler/005/195/85/kplr002158047-2010174085026_llc_lc.tbl
Connecting to exoplanetarchive.ipac.caltech.edu (exoplanetarchive.ipac.caltech.edu)|134.4.54.147|:443... connected.
HTTP request sent, awaiting response... 200 OK
Length: 1497953 (1,4M) [text/plain]
Saving to: 'kplr002158047-2010174085026_llc_lc.tbl'

     0K .......... .......... .......... .......... ..........  3% 22,8K 62s
    50K .......... .......... .......... .......... ..........  6% 36,4K 49s
   100K .......... .......... .......... .......... .......... 10% 51,3K 40s
   150K .......... .......... .......... .......... .......... 13% 51,0K 35s
   200K .......... .......... .......... .......... .......... 17% 51,0K 32s
   250K .......... .......... .......... .......... .......... 20% 31,1K 31s
   300K .......... .......... .......... .......... .......... 23% 36,7K 30s
   350K .......... .......... .......... .......... .......... 27% 42,5K 28s
   400K .......... .......... .......... .......... .......... 30% 36,7K 27s
   450K .......... .......... .......... .......... .......... 34% 64,0K 25s
   500K .......... .......... .......... .......... .......... 37% 36,6K 24s
   550K .......... .......... .......... .......... .......... 41% 42,5K 22s
   600K .......... .......... .......... .......... .......... 44% 51,1K 20s
   650K .......... .......... .......... .......... .......... 47% 51,0K 19s
   700K .......... .......... .......... .......... .......... 51% 50,9K 17s
   750K .......... .......... .......... .......... .......... 54% 64,2K 16s
   800K .......... .......... .......... .......... .......... 58% 51,0K 14s
   850K .......... .......... .......... .......... .......... 61% 85,3K 13s
   900K .......... .......... .......... .......... .......... 64% 64,2K 12s
   950K .......... .......... .......... .......... .......... 68% 84,4K 10s
  1000K .......... .......... .......... .......... .......... 71% 85,3K 9s
  1050K .......... .......... .......... .......... .......... 75% 84,5K 8s
  1100K .......... .......... .......... .......... .......... 78% 84,8K 6s
  1150K .......... .......... .......... .......... .......... 82% 85,9K 5s
  1200K .......... .......... .......... .......... .......... 85% 64,3K 4s
  1250K .......... .......... .......... .......... .......... 88% 85,1K 3s
  1300K .......... .......... .......... .......... .......... 92%  128K 2s
  1350K .......... .......... .......... .......... .......... 95% 86,2K 1s
  1400K .......... .......... .......... .......... .......... 99% 85,4K 0s
  1450K .......... ..                                         100% 23,6M=27s

2018-12-09 13:03:27 (53,6 KB/s) - 'kplr002158047-2010174085026_llc_lc.tbl' saved [1497953/1497953]

--2018-12-09 13:03:27--  http://exoplanetarchive.ipac.caltech.edu/data/ETSS//Kepler/005/379/01/kplr002158047-2010265121752_llc.fits
Resolving exoplanetarchive.ipac.caltech.edu (exoplanetarchive.ipac.caltech.edu)... 134.4.54.147
Connecting to exoplanetarchive.ipac.caltech.edu (exoplanetarchive.ipac.caltech.edu)|134.4.54.147|:80... connected.
HTTP request sent, awaiting response... 302 Found
Location: https://exoplanetarchive.ipac.caltech.edu/data/ETSS//Kepler/005/379/01/kplr002158047-2010265121752_llc.fits [following]
--2018-12-09 13:03:27--  https://exoplanetarchive.ipac.caltech.edu/data/ETSS//Kepler/005/379/01/kplr002158047-2010265121752_llc.fits
Connecting to exoplanetarchive.ipac.caltech.edu (exoplanetarchive.ipac.caltech.edu)|134.4.54.147|:443... connected.
HTTP request sent, awaiting response... 200 OK
Length: 469440 (458K) [image/x-fits]
Saving to: 'kplr002158047-2010265121752_llc.fits'

     0K .......... .......... .......... .......... .......... 10% 42,5K 10s
    50K .......... .......... .......... .......... .......... 21% 83,9K 6s
   100K .......... .......... .......... .......... .......... 32%  124K 4s
   150K .......... .......... .......... .......... .......... 43%  128K 3s
   200K .......... .......... .......... .......... .......... 54%  128K 2s
   250K .......... .......... .......... .......... .......... 65%  127K 2s
   300K .......... .......... .......... .......... .......... 76%  256K 1s
   350K .......... .......... .......... .......... .......... 87%  131K 1s
   400K .......... .......... .......... .......... .......... 98%  244K 0s
   450K ........                                              100% 14,7M=4,1s

2018-12-09 13:03:33 (111 KB/s) - 'kplr002158047-2010265121752_llc.fits' saved [469440/469440]

--2018-12-09 13:03:33--  http://exoplanetarchive.ipac.caltech.edu/data/ETSS//Kepler/005/395/54/kplr002158047-2010265121752_llc_lc.tbl
Resolving exoplanetarchive.ipac.caltech.edu (exoplanetarchive.ipac.caltech.edu)... 134.4.54.147
Connecting to exoplanetarchive.ipac.caltech.edu (exoplanetarchive.ipac.caltech.edu)|134.4.54.147|:80... connected.
HTTP request sent, awaiting response... 302 Found
Location: https://exoplanetarchive.ipac.caltech.edu/data/ETSS//Kepler/005/395/54/kplr002158047-2010265121752_llc_lc.tbl [following]
--2018-12-09 13:03:36--  https://exoplanetarchive.ipac.caltech.edu/data/ETSS//Kepler/005/395/54/kplr002158047-2010265121752_llc_lc.tbl
Connecting to exoplanetarchive.ipac.caltech.edu (exoplanetarchive.ipac.caltech.edu)|134.4.54.147|:443... connected.
HTTP request sent, awaiting response... 200 OK
Length: 1421838 (1,4M) [text/plain]
Saving to: 'kplr002158047-2010265121752_llc_lc.tbl'

     0K .......... .......... .......... .......... ..........  3% 42,8K 31s
    50K .......... .......... .......... .......... ..........  7%  105K 21s
   100K .......... .......... .......... .......... .......... 10%  129K 17s
   150K .......... .......... .......... .......... .......... 14%  164K 14s
   200K .......... .......... .......... .......... .......... 18%  127K 12s
   250K .......... .......... .......... .......... .......... 21%  259K 11s
   300K .......... .......... .......... .......... .......... 25%  254K 9s
   350K .......... .......... .......... .......... .......... 28%  127K 9s
   400K .......... .......... .......... .......... .......... 32%  132K 8s
   450K .......... .......... .......... .......... .......... 36%  256K 7s
   500K .......... .......... .......... .......... .......... 39%  254K 7s
   550K .......... .......... .......... .......... .......... 43% 6,99M 6s
   600K .......... .......... .......... .......... .......... 46%  259K 5s
   650K .......... .......... .......... .......... .......... 50%  254K 5s
   700K .......... .......... .......... .......... .......... 54%  257K 4s
   750K .......... .......... .......... .......... .......... 57%  253K 4s
   800K .......... .......... .......... .......... .......... 61%  253K 3s
   850K .......... .......... .......... .......... .......... 64% 10,9M 3s
   900K .......... .......... .......... .......... .......... 68%  257K 3s
   950K .......... .......... .......... .......... .......... 72%  260K 2s
  1000K .......... .......... .......... .......... .......... 75%  260K 2s
  1050K .......... .......... .......... .......... .......... 79% 12,8M 2s
  1100K .......... .......... .......... .......... .......... 82%  260K 1s
  1150K .......... .......... .......... .......... .......... 86%  259K 1s
  1200K .......... .......... .......... .......... .......... 90%  254K 1s
  1250K .......... .......... .......... .......... .......... 93%  262K 0s
  1300K .......... .......... .......... .......... .......... 97% 12,3M 0s
  1350K .......... .......... .......... ........             100%  202K=6,8s

2018-12-09 13:03:44 (203 KB/s) - 'kplr002158047-2010265121752_llc_lc.tbl' saved [1421838/1421838]

--2018-12-09 13:03:44--  http://exoplanetarchive.ipac.caltech.edu/data/ETSS//Kepler/005/278/88/kplr002158047-2010355172524_llc.fits
Resolving exoplanetarchive.ipac.caltech.edu (exoplanetarchive.ipac.caltech.edu)... 134.4.54.147
Connecting to exoplanetarchive.ipac.caltech.edu (exoplanetarchive.ipac.caltech.edu)|134.4.54.147|:80... connected.
HTTP request sent, awaiting response... 302 Found
Location: https://exoplanetarchive.ipac.caltech.edu/data/ETSS//Kepler/005/278/88/kplr002158047-2010355172524_llc.fits [following]
--2018-12-09 13:03:44--  https://exoplanetarchive.ipac.caltech.edu/data/ETSS//Kepler/005/278/88/kplr002158047-2010355172524_llc.fits
Connecting to exoplanetarchive.ipac.caltech.edu (exoplanetarchive.ipac.caltech.edu)|134.4.54.147|:443... connected.
HTTP request sent, awaiting response... 200 OK
Length: 466560 (456K) [image/x-fits]
Saving to: 'kplr002158047-2010355172524_llc.fits'

     0K .......... .......... .......... .......... .......... 10% 43,7K 9s
    50K .......... .......... .......... .......... .......... 21% 97,2K 6s
   100K .......... .......... .......... .......... .......... 32% 86,8K 5s
   150K .......... .......... .......... .......... .......... 43% 85,4K 4s
   200K .......... .......... .......... .......... .......... 54% 79,1K 3s
   250K .......... .......... .......... .......... .......... 65%  117K 2s
   300K .......... .......... .......... .......... .......... 76%  141K 1s
   350K .......... .......... .......... .......... .......... 87%  126K 1s
   400K .......... .......... .......... .......... .......... 98%  130K 0s
   450K .....                                                 100% 36,6G=5,0s

2018-12-09 13:03:51 (90,8 KB/s) - 'kplr002158047-2010355172524_llc.fits' saved [466560/466560]

--2018-12-09 13:03:51--  http://exoplanetarchive.ipac.caltech.edu/data/ETSS//Kepler/005/295/22/kplr002158047-2010355172524_llc_lc.tbl
Resolving exoplanetarchive.ipac.caltech.edu (exoplanetarchive.ipac.caltech.edu)... 134.4.54.147
Connecting to exoplanetarchive.ipac.caltech.edu (exoplanetarchive.ipac.caltech.edu)|134.4.54.147|:80... connected.
HTTP request sent, awaiting response... 302 Found
Location: https://exoplanetarchive.ipac.caltech.edu/data/ETSS//Kepler/005/295/22/kplr002158047-2010355172524_llc_lc.tbl [following]
--2018-12-09 13:03:51--  https://exoplanetarchive.ipac.caltech.edu/data/ETSS//Kepler/005/295/22/kplr002158047-2010355172524_llc_lc.tbl
Connecting to exoplanetarchive.ipac.caltech.edu (exoplanetarchive.ipac.caltech.edu)|134.4.54.147|:443... connected.
HTTP request sent, awaiting response... 200 OK
Length: 1414574 (1,3M) [text/plain]
Saving to: 'kplr002158047-2010355172524_llc_lc.tbl'

     0K .......... .......... .......... .......... ..........  3% 36,9K 36s
    50K .......... .......... .......... .......... ..........  7% 85,4K 25s
   100K .......... .......... .......... .......... .......... 10%  124K 19s
   150K .......... .......... .......... .......... .......... 14%  128K 16s
   200K .......... .......... .......... .......... .......... 18%  130K 14s
   250K .......... .......... .......... .......... .......... 21%  258K 12s
   300K .......... .......... .......... .......... .......... 25%  130K 11s
   350K .......... .......... .......... .......... .......... 28%  223K 10s
   400K .......... .......... .......... .......... .......... 32%  138K 9s
   450K .......... .......... .......... .......... .......... 36%  130K 8s
   500K .......... .......... .......... .......... .......... 39%  249K 7s
   550K .......... .......... .......... .......... .......... 43%  259K 7s
   600K .......... .......... .......... .......... .......... 47%  252K 6s
   650K .......... .......... .......... .......... .......... 50%  246K 5s
   700K .......... .......... .......... .......... .......... 54%  238K 5s
   750K .......... .......... .......... .......... .......... 57%  250K 4s
   800K .......... .......... .......... .......... .......... 61%  246K 4s
   850K .......... .......... .......... .......... .......... 65%  262K 3s
   900K .......... .......... .......... .......... .......... 68%  261K 3s
   950K .......... .......... .......... .......... .......... 72%  243K 3s
  1000K .......... .......... .......... .......... .......... 76% 4,56M 2s
  1050K .......... .......... .......... .......... .......... 79%  287K 2s
  1100K .......... .......... .......... .......... .......... 83%  269K 1s
  1150K .......... .......... .......... .......... .......... 86% 3,55M 1s
  1200K .......... .......... .......... .......... .......... 90%  262K 1s
  1250K .......... .......... .......... .......... .......... 94%  262K 0s
  1300K .......... .......... .......... .......... .......... 97%  261K 0s
  1350K .......... .......... .......... .                    100% 4,57M=7,6s

2018-12-09 13:04:00 (181 KB/s) - 'kplr002158047-2010355172524_llc_lc.tbl' saved [1414574/1414574]

--2018-12-09 13:04:00--  http://exoplanetarchive.ipac.caltech.edu/data/ETSS//Kepler/005/412/08/kplr002158047-2011073133259_llc.fits
Resolving exoplanetarchive.ipac.caltech.edu (exoplanetarchive.ipac.caltech.edu)... 134.4.54.147
Connecting to exoplanetarchive.ipac.caltech.edu (exoplanetarchive.ipac.caltech.edu)|134.4.54.147|:80... connected.
HTTP request sent, awaiting response... 302 Found
Location: https://exoplanetarchive.ipac.caltech.edu/data/ETSS//Kepler/005/412/08/kplr002158047-2011073133259_llc.fits [following]
--2018-12-09 13:04:01--  https://exoplanetarchive.ipac.caltech.edu/data/ETSS//Kepler/005/412/08/kplr002158047-2011073133259_llc.fits
Connecting to exoplanetarchive.ipac.caltech.edu (exoplanetarchive.ipac.caltech.edu)|134.4.54.147|:443... connected.
HTTP request sent, awaiting response... 200 OK
Length: 357120 (349K) [image/x-fits]
Saving to: 'kplr002158047-2011073133259_llc.fits'

     0K .......... .......... .......... .......... .......... 14% 42,2K 7s
    50K .......... .......... .......... .......... .......... 28% 85,8K 4s
   100K .......... .......... .......... .......... .......... 43%  127K 3s
   150K .......... .......... .......... .......... .......... 57%  250K 2s
   200K .......... .......... .......... .......... .......... 71%  128K 1s
   250K .......... .......... .......... .......... .......... 86%  131K 1s
   300K .......... .......... .......... .......... ........  100%  248K=3,3s

2018-12-09 13:04:05 (105 KB/s) - 'kplr002158047-2011073133259_llc.fits' saved [357120/357120]

--2018-12-09 13:04:05--  http://exoplanetarchive.ipac.caltech.edu/data/ETSS//Kepler/005/428/86/kplr002158047-2011073133259_llc_lc.tbl
Resolving exoplanetarchive.ipac.caltech.edu (exoplanetarchive.ipac.caltech.edu)... 134.4.54.147
Connecting to exoplanetarchive.ipac.caltech.edu (exoplanetarchive.ipac.caltech.edu)|134.4.54.147|:80... connected.
HTTP request sent, awaiting response... 302 Found
Location: https://exoplanetarchive.ipac.caltech.edu/data/ETSS//Kepler/005/428/86/kplr002158047-2011073133259_llc_lc.tbl [following]
--2018-12-09 13:04:06--  https://exoplanetarchive.ipac.caltech.edu/data/ETSS//Kepler/005/428/86/kplr002158047-2011073133259_llc_lc.tbl
Connecting to exoplanetarchive.ipac.caltech.edu (exoplanetarchive.ipac.caltech.edu)|134.4.54.147|:443... connected.
HTTP request sent, awaiting response... 200 OK
Length: 1061645 (1,0M) [text/plain]
Saving to: 'kplr002158047-2011073133259_llc_lc.tbl'

     0K .......... .......... .......... .......... ..........  4% 42,4K 23s
    50K .......... .......... .......... .......... ..........  9%  106K 15s
   100K .......... .......... .......... .......... .......... 14%  129K 12s
   150K .......... .......... .......... .......... .......... 19%  156K 10s
   200K .......... .......... .......... .......... .......... 24%  256K 8s
   250K .......... .......... .......... .......... .......... 28%  129K 7s
   300K .......... .......... .......... .......... .......... 33%  253K 6s
   350K .......... .......... .......... .......... .......... 38%  257K 5s
   400K .......... .......... .......... .......... .......... 43%  128K 5s
   450K .......... .......... .......... .......... .......... 48%  128K 4s
   500K .......... .......... .......... .......... .......... 53% 25,0K 5s
   550K .......... .......... .......... .......... .......... 57% 42,3K 5s
   600K .......... .......... .......... .......... .......... 62% 42,4K 5s
   650K .......... .......... .......... .......... .......... 67% 63,6K 4s
   700K .......... .......... .......... .......... .......... 72% 51,0K 4s
   750K .......... .......... .......... .......... .......... 77% 63,0K 3s
   800K .......... .......... .......... .......... .......... 81% 51,1K 3s
   850K .......... .......... .......... .......... .......... 86% 62,7K 2s
   900K .......... .......... .......... .......... .......... 91% 63,7K 1s
   950K .......... .......... .......... .......... .......... 96% 85,3K 1s
  1000K .......... .......... .......... ......               100% 92,2K=15s

2018-12-09 13:04:21 (71,1 KB/s) - 'kplr002158047-2011073133259_llc_lc.tbl' saved [1061645/1061645]

--2018-12-09 13:04:21--  http://exoplanetarchive.ipac.caltech.edu/data/ETSS//Kepler/005/311/55/kplr002158047-2011177032512_llc.fits
Resolving exoplanetarchive.ipac.caltech.edu (exoplanetarchive.ipac.caltech.edu)... 134.4.54.147
Connecting to exoplanetarchive.ipac.caltech.edu (exoplanetarchive.ipac.caltech.edu)|134.4.54.147|:80... connected.
HTTP request sent, awaiting response... 302 Found
Location: https://exoplanetarchive.ipac.caltech.edu/data/ETSS//Kepler/005/311/55/kplr002158047-2011177032512_llc.fits [following]
--2018-12-09 13:04:22--  https://exoplanetarchive.ipac.caltech.edu/data/ETSS//Kepler/005/311/55/kplr002158047-2011177032512_llc.fits
Connecting to exoplanetarchive.ipac.caltech.edu (exoplanetarchive.ipac.caltech.edu)|134.4.54.147|:443... connected.
HTTP request sent, awaiting response... 200 OK
Length: 506880 (495K) [image/x-fits]
Saving to: 'kplr002158047-2011177032512_llc.fits'

     0K .......... .......... .......... .......... .......... 10% 42,5K 10s
    50K .......... .......... .......... .......... .......... 20% 85,8K 7s
   100K .......... .......... .......... .......... .......... 30%  128K 5s
   150K .......... .......... .......... .......... .......... 40%  130K 4s
   200K .......... .......... .......... .......... .......... 50%  236K 3s
   250K .......... .......... .......... .......... .......... 60%  136K 2s
   300K .......... .......... .......... .......... .......... 70%  247K 1s
   350K .......... .......... .......... .......... .......... 80%  233K 1s
   400K .......... .......... .......... .......... .......... 90%  134K 0s
   450K .......... .......... .......... .......... .....     100% 10,8M=3,9s

2018-12-09 13:04:27 (127 KB/s) - 'kplr002158047-2011177032512_llc.fits' saved [506880/506880]

--2018-12-09 13:04:27--  http://exoplanetarchive.ipac.caltech.edu/data/ETSS//Kepler/005/328/29/kplr002158047-2011177032512_llc_lc.tbl
Resolving exoplanetarchive.ipac.caltech.edu (exoplanetarchive.ipac.caltech.edu)... 134.4.54.147
Connecting to exoplanetarchive.ipac.caltech.edu (exoplanetarchive.ipac.caltech.edu)|134.4.54.147|:80... connected.
HTTP request sent, awaiting response... 302 Found
Location: https://exoplanetarchive.ipac.caltech.edu/data/ETSS//Kepler/005/328/29/kplr002158047-2011177032512_llc_lc.tbl [following]
--2018-12-09 13:04:27--  https://exoplanetarchive.ipac.caltech.edu/data/ETSS//Kepler/005/328/29/kplr002158047-2011177032512_llc_lc.tbl
Connecting to exoplanetarchive.ipac.caltech.edu (exoplanetarchive.ipac.caltech.edu)|134.4.54.147|:443... connected.
HTTP request sent, awaiting response... 200 OK
Length: 1541103 (1,5M) [text/plain]
Saving to: 'kplr002158047-2011177032512_llc_lc.tbl'

     0K .......... .......... .......... .......... ..........  3% 43,0K 34s
    50K .......... .......... .......... .......... ..........  6%  106K 23s
   100K .......... .......... .......... .......... ..........  9%  140K 18s
   150K .......... .......... .......... .......... .......... 13%  150K 15s
   200K .......... .......... .......... .......... .......... 16%  204K 13s
   250K .......... .......... .......... .......... .......... 19%  241K 11s
   300K .......... .......... .......... .......... .......... 23%  261K 10s
   350K .......... .......... .......... .......... .......... 26%  250K 9s
   400K .......... .......... .......... .......... .......... 29%  259K 8s
   450K .......... .......... .......... .......... .......... 33%  261K 7s
   500K .......... .......... .......... .......... .......... 36%  260K 7s
   550K .......... .......... .......... .......... .......... 39%  256K 6s
   600K .......... .......... .......... .......... .......... 43% 5,68M 5s
   650K .......... .......... .......... .......... .......... 46%  261K 5s
   700K .......... .......... .......... .......... .......... 49%  259K 4s
   750K .......... .......... .......... .......... .......... 53%  260K 4s
   800K .......... .......... .......... .......... .......... 56%  257K 4s
   850K .......... .......... .......... .......... .......... 59% 12,3M 3s
   900K .......... .......... .......... .......... .......... 63%  258K 3s
   950K .......... .......... .......... .......... .......... 66%  262K 3s
  1000K .......... .......... .......... .......... .......... 69%  259K 2s
  1050K .......... .......... .......... .......... .......... 73% 12,7M 2s
  1100K .......... .......... .......... .......... .......... 76%  254K 2s
  1150K .......... .......... .......... .......... .......... 79% 11,3M 1s
  1200K .......... .......... .......... .......... .......... 83%  259K 1s
  1250K .......... .......... .......... .......... .......... 86%  262K 1s
  1300K .......... .......... .......... .......... .......... 89% 9,63M 1s
  1350K .......... .......... .......... .......... .......... 93%  258K 0s
  1400K .......... .......... .......... .......... .......... 96% 13,8M 0s
  1450K .......... .......... .......... .......... .......... 99%  263K 0s
  1500K ....                                                  100% 20,3M=6,3s

2018-12-09 13:04:35 (239 KB/s) - 'kplr002158047-2011177032512_llc_lc.tbl' saved [1541103/1541103]

--2018-12-09 13:04:35--  http://exoplanetarchive.ipac.caltech.edu/data/ETSS//Kepler/005/445/65/kplr002158047-2011271113734_llc.fits
Resolving exoplanetarchive.ipac.caltech.edu (exoplanetarchive.ipac.caltech.edu)... 134.4.54.147
Connecting to exoplanetarchive.ipac.caltech.edu (exoplanetarchive.ipac.caltech.edu)|134.4.54.147|:80... connected.
HTTP request sent, awaiting response... 302 Found
Location: https://exoplanetarchive.ipac.caltech.edu/data/ETSS//Kepler/005/445/65/kplr002158047-2011271113734_llc.fits [following]
--2018-12-09 13:04:35--  https://exoplanetarchive.ipac.caltech.edu/data/ETSS//Kepler/005/445/65/kplr002158047-2011271113734_llc.fits
Connecting to exoplanetarchive.ipac.caltech.edu (exoplanetarchive.ipac.caltech.edu)|134.4.54.147|:443... connected.
HTTP request sent, awaiting response... 200 OK
Length: 486720 (475K) [image/x-fits]
Saving to: 'kplr002158047-2011271113734_llc.fits'

     0K .......... .......... .......... .......... .......... 10% 42,6K 10s
    50K .......... .......... .......... .......... .......... 21% 85,1K 7s
   100K .......... .......... .......... .......... .......... 31%  127K 5s
   150K .......... .......... .......... .......... .......... 42%  126K 4s
   200K .......... .......... .......... .......... .......... 52%  128K 3s
   250K .......... .......... .......... .......... .......... 63%  256K 2s
   300K .......... .......... .......... .......... .......... 73%  129K 1s
   350K .......... .......... .......... .......... .......... 84%  257K 1s
   400K .......... .......... .......... .......... .......... 94%  258K 0s
   450K .......... .......... .....                           100% 5,86M=3,9s

2018-12-09 13:04:40 (121 KB/s) - 'kplr002158047-2011271113734_llc.fits' saved [486720/486720]

--2018-12-09 13:04:40--  http://exoplanetarchive.ipac.caltech.edu/data/ETSS//Kepler/005/462/35/kplr002158047-2011271113734_llc_lc.tbl
Resolving exoplanetarchive.ipac.caltech.edu (exoplanetarchive.ipac.caltech.edu)... 134.4.54.147
Connecting to exoplanetarchive.ipac.caltech.edu (exoplanetarchive.ipac.caltech.edu)|134.4.54.147|:80... connected.
HTTP request sent, awaiting response... 302 Found
Location: https://exoplanetarchive.ipac.caltech.edu/data/ETSS//Kepler/005/462/35/kplr002158047-2011271113734_llc_lc.tbl [following]
--2018-12-09 13:04:41--  https://exoplanetarchive.ipac.caltech.edu/data/ETSS//Kepler/005/462/35/kplr002158047-2011271113734_llc_lc.tbl
Connecting to exoplanetarchive.ipac.caltech.edu (exoplanetarchive.ipac.caltech.edu)|134.4.54.147|:443... connected.
HTTP request sent, awaiting response... 200 OK
Length: 1478335 (1,4M) [text/plain]
Saving to: 'kplr002158047-2011271113734_llc_lc.tbl'

     0K .......... .......... .......... .......... ..........  3% 42,4K 33s
    50K .......... .......... .......... .......... ..........  6% 84,9K 24s
   100K .......... .......... .......... .......... .......... 10%  126K 19s
   150K .......... .......... .......... .......... .......... 13% 64,3K 18s
   200K .......... .......... .......... .......... .......... 17% 64,6K 18s
   250K .......... .......... .......... .......... .......... 20% 86,4K 16s
   300K .......... .......... .......... .......... .......... 24%  128K 15s
   350K .......... .......... .......... .......... .......... 27% 86,0K 14s
   400K .......... .......... .......... .......... .......... 31% 86,5K 13s
   450K .......... .......... .......... .......... .......... 34%  128K 12s
   500K .......... .......... .......... .......... .......... 38%  128K 11s
   550K .......... .......... .......... .......... .......... 41%  127K 10s
   600K .......... .......... .......... .......... .......... 45% 86,6K 9s
   650K .......... .......... .......... .......... .......... 48%  129K 8s
   700K .......... .......... .......... .......... .......... 51% 43,0K 8s
   750K .......... .......... .......... .......... .......... 55% 51,6K 8s
   800K .......... .......... .......... .......... .......... 58% 64,4K 8s
   850K .......... .......... .......... .......... .......... 62% 84,9K 7s
   900K .......... .......... .......... .......... .......... 65%  125K 6s
   950K .......... .......... .......... .......... .......... 69% 84,8K 6s
  1000K .......... .......... .......... .......... .......... 72% 85,4K 5s
  1050K .......... .......... .......... .......... .......... 76% 22,8K 5s
  1100K .......... .......... .......... .......... .......... 79% 36,8K 4s
  1150K .......... .......... .......... .......... .......... 83% 25,3K 4s
  1200K .......... .......... .......... .......... .......... 86% 28,5K 3s
  1250K .......... .......... .......... .......... .......... 90% 32,3K 2s
  1300K .......... .......... .......... .......... .......... 93% 36,9K 2s
  1350K .......... .......... .......... .......... .......... 96% 28,6K 1s
  1400K .......... .......... .......... .......... ...       100% 43,2K=26s

2018-12-09 13:05:08 (55,5 KB/s) - 'kplr002158047-2011271113734_llc_lc.tbl' saved [1478335/1478335]

--2018-12-09 13:05:08--  http://exoplanetarchive.ipac.caltech.edu/data/ETSS//Kepler/005/479/04/kplr002158047-2012004120508_llc.fits
Resolving exoplanetarchive.ipac.caltech.edu (exoplanetarchive.ipac.caltech.edu)... 134.4.54.147
Connecting to exoplanetarchive.ipac.caltech.edu (exoplanetarchive.ipac.caltech.edu)|134.4.54.147|:80... connected.
HTTP request sent, awaiting response... 302 Found
Location: https://exoplanetarchive.ipac.caltech.edu/data/ETSS//Kepler/005/479/04/kplr002158047-2012004120508_llc.fits [following]
--2018-12-09 13:05:08--  https://exoplanetarchive.ipac.caltech.edu/data/ETSS//Kepler/005/479/04/kplr002158047-2012004120508_llc.fits
Connecting to exoplanetarchive.ipac.caltech.edu (exoplanetarchive.ipac.caltech.edu)|134.4.54.147|:443... connected.
HTTP request sent, awaiting response... 200 OK
Length: 506880 (495K) [image/x-fits]
Saving to: 'kplr002158047-2012004120508_llc.fits'

     0K .......... .......... .......... .......... .......... 10% 43,1K 10s
    50K .......... .......... .......... .......... .......... 20% 84,4K 7s
   100K .......... .......... .......... .......... .......... 30%  129K 5s
   150K .......... .......... .......... .......... .......... 40%  128K 4s
   200K .......... .......... .......... .......... .......... 50%  127K 3s
   250K .......... .......... .......... .......... .......... 60%  255K 2s
   300K .......... .......... .......... .......... .......... 70%  128K 1s
   350K .......... .......... .......... .......... .......... 80%  255K 1s
   400K .......... .......... .......... .......... .......... 90%  130K 0s
   450K .......... .......... .......... .......... .....     100%  228K=4,3s

2018-12-09 13:05:13 (115 KB/s) - 'kplr002158047-2012004120508_llc.fits' saved [506880/506880]

--2018-12-09 13:05:14--  http://exoplanetarchive.ipac.caltech.edu/data/ETSS//Kepler/005/495/46/kplr002158047-2012004120508_llc_lc.tbl
Resolving exoplanetarchive.ipac.caltech.edu (exoplanetarchive.ipac.caltech.edu)... 134.4.54.147
Connecting to exoplanetarchive.ipac.caltech.edu (exoplanetarchive.ipac.caltech.edu)|134.4.54.147|:80... connected.
HTTP request sent, awaiting response... 302 Found
Location: https://exoplanetarchive.ipac.caltech.edu/data/ETSS//Kepler/005/495/46/kplr002158047-2012004120508_llc_lc.tbl [following]
--2018-12-09 13:05:14--  https://exoplanetarchive.ipac.caltech.edu/data/ETSS//Kepler/005/495/46/kplr002158047-2012004120508_llc_lc.tbl
Connecting to exoplanetarchive.ipac.caltech.edu (exoplanetarchive.ipac.caltech.edu)|134.4.54.147|:443... connected.
HTTP request sent, awaiting response... 200 OK
Length: 1536618 (1,5M) [text/plain]
Saving to: 'kplr002158047-2012004120508_llc_lc.tbl'

     0K .......... .......... .......... .......... ..........  3% 42,4K 34s
    50K .......... .......... .......... .......... ..........  6%  114K 23s
   100K .......... .......... .......... .......... ..........  9% 93,8K 19s
   150K .......... .......... .......... .......... .......... 13%  255K 15s
   200K .......... .......... .......... .......... .......... 16%  127K 14s
   250K .......... .......... .......... .......... .......... 19%  253K 12s
   300K .......... .......... .......... .......... .......... 23%  130K 11s
   350K .......... .......... .......... .......... .......... 26%  252K 10s
   400K .......... .......... .......... .......... .......... 29%  123K 9s
   450K .......... .......... .......... .......... .......... 33%  282K 8s
   500K .......... .......... .......... .......... .......... 36%  252K 7s
   550K .......... .......... .......... .......... .......... 39%  259K 7s
   600K .......... .......... .......... .......... .......... 43%  261K 6s
   650K .......... .......... .......... .......... .......... 46%  261K 6s
   700K .......... .......... .......... .......... .......... 49%  255K 5s
   750K .......... .......... .......... .......... .......... 53%  263K 5s
   800K .......... .......... .......... .......... .......... 56%  257K 4s
   850K .......... .......... .......... .......... .......... 59%  253K 4s
   900K .......... .......... .......... .......... .......... 63% 12,3M 3s
   950K .......... .......... .......... .......... .......... 66%  264K 3s
  1000K .......... .......... .......... .......... .......... 69%  261K 3s
  1050K .......... .......... .......... .......... .......... 73%  262K 2s
  1100K .......... .......... .......... .......... .......... 76% 3,55M 2s
  1150K .......... .......... .......... .......... .......... 79%  273K 2s
  1200K .......... .......... .......... .......... .......... 83%  265K 1s
  1250K .......... .......... .......... .......... .......... 86% 6,48M 1s
  1300K .......... .......... .......... .......... .......... 89%  260K 1s
  1350K .......... .......... .......... .......... .......... 93% 8,49M 0s
  1400K .......... .......... .......... .......... .......... 96%  264K 0s
  1450K .......... .......... .......... .......... .......... 99% 6,02M 0s
  1500K                                                       100% 3,93G=7,0s

2018-12-09 13:05:22 (214 KB/s) - 'kplr002158047-2012004120508_llc_lc.tbl' saved [1536618/1536618]

--2018-12-09 13:05:22--  http://exoplanetarchive.ipac.caltech.edu/data/ETSS//Kepler/005/511/87/kplr002158047-2012088054726_llc.fits
Resolving exoplanetarchive.ipac.caltech.edu (exoplanetarchive.ipac.caltech.edu)... 134.4.54.147
Connecting to exoplanetarchive.ipac.caltech.edu (exoplanetarchive.ipac.caltech.edu)|134.4.54.147|:80... connected.
HTTP request sent, awaiting response... 302 Found
Location: https://exoplanetarchive.ipac.caltech.edu/data/ETSS//Kepler/005/511/87/kplr002158047-2012088054726_llc.fits [following]
--2018-12-09 13:05:23--  https://exoplanetarchive.ipac.caltech.edu/data/ETSS//Kepler/005/511/87/kplr002158047-2012088054726_llc.fits
Connecting to exoplanetarchive.ipac.caltech.edu (exoplanetarchive.ipac.caltech.edu)|134.4.54.147|:443... connected.
HTTP request sent, awaiting response... 200 OK
Length: 434880 (425K) [image/x-fits]
Saving to: 'kplr002158047-2012088054726_llc.fits'

     0K .......... .......... .......... .......... .......... 11% 42,9K 9s
    50K .......... .......... .......... .......... .......... 23%  107K 5s
   100K .......... .......... .......... .......... .......... 35%  129K 4s
   150K .......... .......... .......... .......... .......... 47%  164K 3s
   200K .......... .......... .......... .......... .......... 58%  130K 2s
   250K .......... .......... .......... .......... .......... 70%  254K 1s
   300K .......... .......... .......... .......... .......... 82%  253K 1s
   350K .......... .......... .......... .......... .......... 94%  126K 0s
   400K .......... .......... ....                            100% 12,1M=3,5s

2018-12-09 13:05:27 (121 KB/s) - 'kplr002158047-2012088054726_llc.fits' saved [434880/434880]

--2018-12-09 13:05:27--  http://exoplanetarchive.ipac.caltech.edu/data/ETSS//Kepler/005/528/57/kplr002158047-2012088054726_llc_lc.tbl
Resolving exoplanetarchive.ipac.caltech.edu (exoplanetarchive.ipac.caltech.edu)... 134.4.54.147
Connecting to exoplanetarchive.ipac.caltech.edu (exoplanetarchive.ipac.caltech.edu)|134.4.54.147|:80... connected.
HTTP request sent, awaiting response... 302 Found
Location: https://exoplanetarchive.ipac.caltech.edu/data/ETSS//Kepler/005/528/57/kplr002158047-2012088054726_llc_lc.tbl [following]
--2018-12-09 13:05:28--  https://exoplanetarchive.ipac.caltech.edu/data/ETSS//Kepler/005/528/57/kplr002158047-2012088054726_llc_lc.tbl
Connecting to exoplanetarchive.ipac.caltech.edu (exoplanetarchive.ipac.caltech.edu)|134.4.54.147|:443... connected.
HTTP request sent, awaiting response... 200 OK
Length: 1307994 (1,2M) [text/plain]
Saving to: 'kplr002158047-2012088054726_llc_lc.tbl'

     0K .......... .......... .......... .......... ..........  3% 42,5K 29s
    50K .......... .......... .......... .......... ..........  7% 85,2K 21s
   100K .......... .......... .......... .......... .......... 11%  129K 16s
   150K .......... .......... .......... .......... .......... 15% 84,9K 15s
   200K .......... .......... .......... .......... .......... 19%  129K 13s
   250K .......... .......... .......... .......... .......... 23% 86,0K 12s
   300K .......... .......... .......... .......... .......... 27%  129K 11s
   350K .......... .......... .......... .......... .......... 31%  251K 9s
   400K .......... .......... .......... .......... .......... 35% 86,7K 9s
   450K .......... .......... .......... .......... .......... 39%  129K 8s
   500K .......... .......... .......... .......... .......... 43%  129K 7s
   550K .......... .......... .......... .......... .......... 46% 85,7K 7s
   600K .......... .......... .......... .......... .......... 50% 84,7K 7s
   650K .......... .......... .......... .......... .......... 54% 79,2K 6s
   700K .......... .......... .......... .......... .......... 58% 86,0K 6s
   750K .......... .......... .......... .......... .......... 62% 86,0K 5s
   800K .......... .......... .......... .......... .......... 66% 84,9K 5s
   850K .......... .......... .......... .......... .......... 70% 86,8K 4s
   900K .......... .......... .......... .......... .......... 74%  128K 4s
   950K .......... .......... .......... .......... .......... 78%  123K 3s
  1000K .......... .......... .......... .......... .......... 82%  128K 2s
  1050K .......... .......... .......... .......... .......... 86% 52,7K 2s
  1100K .......... .......... .......... .......... .......... 90% 77,3K 1s
  1150K .......... .......... .......... .......... .......... 93% 85,3K 1s
  1200K .......... .......... .......... .......... .......... 97% 32,3K 0s
  1250K .......... .......... .......                         100%  133K=15s

2018-12-09 13:05:44 (85,7 KB/s) - 'kplr002158047-2012088054726_llc_lc.tbl' saved [1307994/1307994]

--2018-12-09 13:05:44--  http://exoplanetarchive.ipac.caltech.edu/data/ETSS//Kepler/005/545/26/kplr002158047-2012179063303_llc.fits
Resolving exoplanetarchive.ipac.caltech.edu (exoplanetarchive.ipac.caltech.edu)... 134.4.54.147
Connecting to exoplanetarchive.ipac.caltech.edu (exoplanetarchive.ipac.caltech.edu)|134.4.54.147|:80... connected.
HTTP request sent, awaiting response... 302 Found
Location: https://exoplanetarchive.ipac.caltech.edu/data/ETSS//Kepler/005/545/26/kplr002158047-2012179063303_llc.fits [following]
--2018-12-09 13:05:44--  https://exoplanetarchive.ipac.caltech.edu/data/ETSS//Kepler/005/545/26/kplr002158047-2012179063303_llc.fits
Connecting to exoplanetarchive.ipac.caltech.edu (exoplanetarchive.ipac.caltech.edu)|134.4.54.147|:443... connected.
HTTP request sent, awaiting response... 200 OK
Length: 472320 (461K) [image/x-fits]
Saving to: 'kplr002158047-2012179063303_llc.fits'

     0K .......... .......... .......... .......... .......... 10% 43,0K 10s
    50K .......... .......... .......... .......... .......... 21% 85,4K 6s
   100K .......... .......... .......... .......... .......... 32%  129K 4s
   150K .......... .......... .......... .......... .......... 43%  127K 3s
   200K .......... .......... .......... .......... .......... 54%  130K 2s
   250K .......... .......... .......... .......... .......... 65%  251K 2s
   300K .......... .......... .......... .......... .......... 75%  128K 1s
   350K .......... .......... .......... .......... .......... 86%  256K 1s
   400K .......... .......... .......... .......... .......... 97%  131K 0s
   450K .......... .                                          100% 23,4M=4,1s

2018-12-09 13:05:49 (113 KB/s) - 'kplr002158047-2012179063303_llc.fits' saved [472320/472320]

--2018-12-09 13:05:49--  http://exoplanetarchive.ipac.caltech.edu/data/ETSS//Kepler/005/561/93/kplr002158047-2012179063303_llc_lc.tbl
Resolving exoplanetarchive.ipac.caltech.edu (exoplanetarchive.ipac.caltech.edu)... 134.4.54.147
Connecting to exoplanetarchive.ipac.caltech.edu (exoplanetarchive.ipac.caltech.edu)|134.4.54.147|:80... connected.
HTTP request sent, awaiting response... 302 Found
Location: https://exoplanetarchive.ipac.caltech.edu/data/ETSS//Kepler/005/561/93/kplr002158047-2012179063303_llc_lc.tbl [following]
--2018-12-09 13:05:50--  https://exoplanetarchive.ipac.caltech.edu/data/ETSS//Kepler/005/561/93/kplr002158047-2012179063303_llc_lc.tbl
Connecting to exoplanetarchive.ipac.caltech.edu (exoplanetarchive.ipac.caltech.edu)|134.4.54.147|:443... connected.
HTTP request sent, awaiting response... 200 OK
Length: 1429374 (1,4M) [text/plain]
Saving to: 'kplr002158047-2012179063303_llc_lc.tbl'

     0K .......... .......... .......... .......... ..........  3% 42,7K 32s
    50K .......... .......... .......... .......... ..........  7% 86,6K 23s
   100K .......... .......... .......... .......... .......... 10%  128K 18s
   150K .......... .......... .......... .......... .......... 14%  247K 14s
   200K .......... .......... .......... .......... .......... 17%  129K 13s
   250K .......... .......... .......... .......... .......... 21%  254K 11s
   300K .......... .......... .......... .......... .......... 25%  248K 9s
   350K .......... .......... .......... .......... .......... 28%  247K 8s
   400K .......... .......... .......... .......... .......... 32%  259K 7s
   450K .......... .......... .......... .......... .......... 35%  254K 7s
   500K .......... .......... .......... .......... .......... 39%  261K 6s
   550K .......... .......... .......... .......... .......... 42%  248K 5s
   600K .......... .......... .......... .......... .......... 46% 14,2M 5s
   650K .......... .......... .......... .......... .......... 50%  258K 4s
   700K .......... .......... .......... .......... .......... 53%  247K 4s
   750K .......... .......... .......... .......... .......... 57%  259K 4s
   800K .......... .......... .......... .......... .......... 60%  262K 3s
   850K .......... .......... .......... .......... .......... 64% 10,6M 3s
   900K .......... .......... .......... .......... .......... 68%  261K 2s
   950K .......... .......... .......... .......... .......... 71%  258K 2s
  1000K .......... .......... .......... .......... .......... 75%  260K 2s
  1050K .......... .......... .......... .......... .......... 78%  262K 2s
  1100K .......... .......... .......... .......... .......... 82% 11,3M 1s
  1150K .......... .......... .......... .......... .......... 85%  263K 1s
  1200K .......... .......... .......... .......... .......... 89% 8,47M 1s
  1250K .......... .......... .......... .......... .......... 93%  261K 0s
  1300K .......... .......... .......... .......... .......... 96% 6,29M 0s
  1350K .......... .......... .......... .......... .....     100%  250K=6,2s

2018-12-09 13:05:57 (223 KB/s) - 'kplr002158047-2012179063303_llc_lc.tbl' saved [1429374/1429374]

--2018-12-09 13:05:57--  http://exoplanetarchive.ipac.caltech.edu/data/ETSS//Kepler/005/578/61/kplr002158047-2012277125453_llc.fits
Resolving exoplanetarchive.ipac.caltech.edu (exoplanetarchive.ipac.caltech.edu)... 134.4.54.147
Connecting to exoplanetarchive.ipac.caltech.edu (exoplanetarchive.ipac.caltech.edu)|134.4.54.147|:80... connected.
HTTP request sent, awaiting response... 302 Found
Location: https://exoplanetarchive.ipac.caltech.edu/data/ETSS//Kepler/005/578/61/kplr002158047-2012277125453_llc.fits [following]
--2018-12-09 13:05:57--  https://exoplanetarchive.ipac.caltech.edu/data/ETSS//Kepler/005/578/61/kplr002158047-2012277125453_llc.fits
Connecting to exoplanetarchive.ipac.caltech.edu (exoplanetarchive.ipac.caltech.edu)|134.4.54.147|:443... connected.
HTTP request sent, awaiting response... 200 OK
Length: 506880 (495K) [image/x-fits]
Saving to: 'kplr002158047-2012277125453_llc.fits'

     0K .......... .......... .......... .......... .......... 10% 43,1K 10s
    50K .......... .......... .......... .......... .......... 20% 85,2K 7s
   100K .......... .......... .......... .......... .......... 30%  128K 5s
   150K .......... .......... .......... .......... .......... 40%  130K 4s
   200K .......... .......... .......... .......... .......... 50%  257K 3s
   250K .......... .......... .......... .......... .......... 60%  130K 2s
   300K .......... .......... .......... .......... .......... 70%  255K 1s
   350K .......... .......... .......... .......... .......... 80%  252K 1s
   400K .......... .......... .......... .......... .......... 90%  132K 0s
   450K .......... .......... .......... .......... .....     100% 14,6M=3,9s

2018-12-09 13:06:02 (128 KB/s) - 'kplr002158047-2012277125453_llc.fits' saved [506880/506880]

--2018-12-09 13:06:02--  http://exoplanetarchive.ipac.caltech.edu/data/ETSS//Kepler/005/595/31/kplr002158047-2012277125453_llc_lc.tbl
Resolving exoplanetarchive.ipac.caltech.edu (exoplanetarchive.ipac.caltech.edu)... 134.4.54.147
Connecting to exoplanetarchive.ipac.caltech.edu (exoplanetarchive.ipac.caltech.edu)|134.4.54.147|:80... connected.
HTTP request sent, awaiting response... 302 Found
Location: https://exoplanetarchive.ipac.caltech.edu/data/ETSS//Kepler/005/595/31/kplr002158047-2012277125453_llc_lc.tbl [following]
--2018-12-09 13:06:03--  https://exoplanetarchive.ipac.caltech.edu/data/ETSS//Kepler/005/595/31/kplr002158047-2012277125453_llc_lc.tbl
Connecting to exoplanetarchive.ipac.caltech.edu (exoplanetarchive.ipac.caltech.edu)|134.4.54.147|:443... connected.
HTTP request sent, awaiting response... 200 OK
Length: 1537582 (1,5M) [text/plain]
Saving to: 'kplr002158047-2012277125453_llc_lc.tbl'

     0K .......... .......... .......... .......... ..........  3% 43,1K 34s
    50K .......... .......... .......... .......... ..........  6%  128K 22s
   100K .......... .......... .......... .......... ..........  9%  128K 17s
   150K .......... .......... .......... .......... .......... 13%  127K 15s
   200K .......... .......... .......... .......... .......... 16%  129K 14s
   250K .......... .......... .......... .......... .......... 19%  253K 12s
   300K .......... .......... .......... .......... .......... 23%  257K 10s
   350K .......... .......... .......... .......... .......... 26%  130K 10s
   400K .......... .......... .......... .......... .......... 29%  255K 9s
   450K .......... .......... .......... .......... .......... 33%  251K 8s
   500K .......... .......... .......... .......... .......... 36%  258K 7s
   550K .......... .......... .......... .......... .......... 39%  258K 6s
   600K .......... .......... .......... .......... .......... 43%  259K 6s
   650K .......... .......... .......... .......... .......... 46% 11,7M 5s
   700K .......... .......... .......... .......... .......... 49%  256K 5s
   750K .......... .......... .......... .......... .......... 53%  270K 4s
   800K .......... .......... .......... .......... .......... 56%  253K 4s
   850K .......... .......... .......... .......... .......... 59% 3,17M 3s
   900K .......... .......... .......... .......... .......... 63%  264K 3s
   950K .......... .......... .......... .......... .......... 66%  264K 3s
  1000K .......... .......... .......... .......... .......... 69% 7,34M 2s
  1050K .......... .......... .......... .......... .......... 73%  264K 2s
  1100K .......... .......... .......... .......... .......... 76% 6,63M 2s
  1150K .......... .......... .......... .......... .......... 79%  260K 1s
  1200K .......... .......... .......... .......... .......... 83%  266K 1s
  1250K .......... .......... .......... .......... .......... 86% 3,96M 1s
  1300K .......... .......... .......... .......... .......... 89%  281K 1s
  1350K .......... .......... .......... .......... .......... 93% 3,13M 0s
  1400K .......... .......... .......... .......... .......... 96%  280K 0s
  1450K .......... .......... .......... .......... .......... 99% 2,67M 0s
  1500K .                                                     100% 10,0G=6,4s

2018-12-09 13:06:10 (233 KB/s) - 'kplr002158047-2012277125453_llc_lc.tbl' saved [1537582/1537582]

--2018-12-09 13:06:10--  http://exoplanetarchive.ipac.caltech.edu/data/ETSS//Kepler/005/612/00/kplr002158047-2013011073258_llc.fits
Resolving exoplanetarchive.ipac.caltech.edu (exoplanetarchive.ipac.caltech.edu)... 134.4.54.147
Connecting to exoplanetarchive.ipac.caltech.edu (exoplanetarchive.ipac.caltech.edu)|134.4.54.147|:80... connected.
HTTP request sent, awaiting response... 302 Found
Location: https://exoplanetarchive.ipac.caltech.edu/data/ETSS//Kepler/005/612/00/kplr002158047-2013011073258_llc.fits [following]
--2018-12-09 13:06:11--  https://exoplanetarchive.ipac.caltech.edu/data/ETSS//Kepler/005/612/00/kplr002158047-2013011073258_llc.fits
Connecting to exoplanetarchive.ipac.caltech.edu (exoplanetarchive.ipac.caltech.edu)|134.4.54.147|:443... connected.
HTTP request sent, awaiting response... 200 OK
Length: 506880 (495K) [image/x-fits]
Saving to: 'kplr002158047-2013011073258_llc.fits'

     0K .......... .......... .......... .......... .......... 10% 42,8K 10s
    50K .......... .......... .......... .......... .......... 20%  128K 6s
   100K .......... .......... .......... .......... .......... 30%  124K 5s
   150K .......... .......... .......... .......... .......... 40%  129K 3s
   200K .......... .......... .......... .......... .......... 50%  130K 3s
   250K .......... .......... .......... .......... .......... 60%  256K 2s
   300K .......... .......... .......... .......... .......... 70%  131K 1s
   350K .......... .......... .......... .......... .......... 80%  130K 1s
   400K .......... .......... .......... .......... .......... 90%  128K 0s
   450K .......... .......... .......... .......... .....     100% 21,6M=4,1s

2018-12-09 13:06:16 (121 KB/s) - 'kplr002158047-2013011073258_llc.fits' saved [506880/506880]

--2018-12-09 13:06:16--  http://exoplanetarchive.ipac.caltech.edu/data/ETSS//Kepler/005/628/48/kplr002158047-2013011073258_llc_lc.tbl
Resolving exoplanetarchive.ipac.caltech.edu (exoplanetarchive.ipac.caltech.edu)... 134.4.54.147
Connecting to exoplanetarchive.ipac.caltech.edu (exoplanetarchive.ipac.caltech.edu)|134.4.54.147|:80... connected.
HTTP request sent, awaiting response... 302 Found
Location: https://exoplanetarchive.ipac.caltech.edu/data/ETSS//Kepler/005/628/48/kplr002158047-2013011073258_llc_lc.tbl [following]
--2018-12-09 13:06:17--  https://exoplanetarchive.ipac.caltech.edu/data/ETSS//Kepler/005/628/48/kplr002158047-2013011073258_llc_lc.tbl
Connecting to exoplanetarchive.ipac.caltech.edu (exoplanetarchive.ipac.caltech.edu)|134.4.54.147|:443... connected.
HTTP request sent, awaiting response... 200 OK
Length: 1544988 (1,5M) [text/plain]
Saving to: 'kplr002158047-2013011073258_llc_lc.tbl'

     0K .......... .......... .......... .......... ..........  3% 42,7K 34s
    50K .......... .......... .......... .......... ..........  6% 85,5K 25s
   100K .......... .......... .......... .......... ..........  9%  125K 20s
   150K .......... .......... .......... .......... .......... 13%  132K 17s
   200K .......... .......... .......... .......... .......... 16%  128K 15s
   250K .......... .......... .......... .......... .......... 19%  255K 13s
   300K .......... .......... .......... .......... .......... 23%  130K 12s
   350K .......... .......... .......... .......... .......... 26%  260K 10s
   400K .......... .......... .......... .......... .......... 29%  252K 9s
   450K .......... .......... .......... .......... .......... 33%  257K 8s
   500K .......... .......... .......... .......... .......... 36%  262K 7s
   550K .......... .......... .......... .......... .......... 39%  256K 7s
   600K .......... .......... .......... .......... .......... 43% 8,49M 6s
   650K .......... .......... .......... .......... .......... 46%  255K 5s
   700K .......... .......... .......... .......... .......... 49%  260K 5s
   750K .......... .......... .......... .......... .......... 53%  258K 4s
   800K .......... .......... .......... .......... .......... 56%  258K 4s
   850K .......... .......... .......... .......... .......... 59% 5,74M 4s
   900K .......... .......... .......... .......... .......... 62%  266K 3s
   950K .......... .......... .......... .......... .......... 66%  255K 3s
  1000K .......... .......... .......... .......... .......... 69% 5,97M 2s
  1050K .......... .......... .......... .......... .......... 72%  268K 2s
  1100K .......... .......... .......... .......... .......... 76% 4,79M 2s
  1150K .......... .......... .......... .......... .......... 79%  277K 2s
  1200K .......... .......... .......... .......... .......... 82% 2,57M 1s
  1250K .......... .......... .......... .......... .......... 86%  264K 1s
  1300K .......... .......... .......... .......... .......... 89%  281K 1s
  1350K .......... .......... .......... .......... .......... 92% 12,1M 0s
  1400K .......... .......... .......... .......... .......... 96% 2,79M 0s
  1450K .......... .......... .......... .......... .......... 99%  279K 0s
  1500K ........                                              100% 11,2M=6,6s

2018-12-09 13:06:24 (228 KB/s) - 'kplr002158047-2013011073258_llc_lc.tbl' saved [1544988/1544988]

--2018-12-09 13:06:24--  http://exoplanetarchive.ipac.caltech.edu/data/ETSS//Kepler/005/644/95/kplr002158047-2013098041711_llc.fits
Resolving exoplanetarchive.ipac.caltech.edu (exoplanetarchive.ipac.caltech.edu)... 134.4.54.147
Connecting to exoplanetarchive.ipac.caltech.edu (exoplanetarchive.ipac.caltech.edu)|134.4.54.147|:80... connected.
HTTP request sent, awaiting response... 302 Found
Location: https://exoplanetarchive.ipac.caltech.edu/data/ETSS//Kepler/005/644/95/kplr002158047-2013098041711_llc.fits [following]
--2018-12-09 13:06:25--  https://exoplanetarchive.ipac.caltech.edu/data/ETSS//Kepler/005/644/95/kplr002158047-2013098041711_llc.fits
Connecting to exoplanetarchive.ipac.caltech.edu (exoplanetarchive.ipac.caltech.edu)|134.4.54.147|:443... connected.
HTTP request sent, awaiting response... 200 OK
Length: 449280 (439K) [image/x-fits]
Saving to: 'kplr002158047-2013098041711_llc.fits'

     0K .......... .......... .......... .......... .......... 11% 43,1K 9s
    50K .......... .......... .......... .......... .......... 22% 61,2K 7s
   100K .......... .......... .......... .......... .......... 34% 54,1K 6s
   150K .......... .......... .......... .......... .......... 45% 64,0K 4s
   200K .......... .......... .......... .......... .......... 56% 81,3K 3s
   250K .......... .......... .......... .......... .......... 68% 86,0K 2s
   300K .......... .......... .......... .......... .......... 79% 64,8K 1s
   350K .......... .......... .......... .......... .......... 91% 86,2K 1s
   400K .......... .......... .......... ........             100% 98,4K=6,6s

2018-12-09 13:06:32 (66,2 KB/s) - 'kplr002158047-2013098041711_llc.fits' saved [449280/449280]

--2018-12-09 13:06:32--  http://exoplanetarchive.ipac.caltech.edu/data/ETSS//Kepler/005/661/71/kplr002158047-2013098041711_llc_lc.tbl
Resolving exoplanetarchive.ipac.caltech.edu (exoplanetarchive.ipac.caltech.edu)... 134.4.54.147
Connecting to exoplanetarchive.ipac.caltech.edu (exoplanetarchive.ipac.caltech.edu)|134.4.54.147|:80... connected.
HTTP request sent, awaiting response... 302 Found
Location: https://exoplanetarchive.ipac.caltech.edu/data/ETSS//Kepler/005/661/71/kplr002158047-2013098041711_llc_lc.tbl [following]
--2018-12-09 13:06:33--  https://exoplanetarchive.ipac.caltech.edu/data/ETSS//Kepler/005/661/71/kplr002158047-2013098041711_llc_lc.tbl
Connecting to exoplanetarchive.ipac.caltech.edu (exoplanetarchive.ipac.caltech.edu)|134.4.54.147|:443... connected.
HTTP request sent, awaiting response... 200 OK
Length: 1359208 (1,3M) [text/plain]
Saving to: 'kplr002158047-2013098041711_llc_lc.tbl'

     0K .......... .......... .......... .......... ..........  3% 42,7K 30s
    50K .......... .......... .......... .......... ..........  7% 85,9K 22s
   100K .......... .......... .......... .......... .......... 11% 51,1K 21s
   150K .......... .......... .......... .......... .......... 15% 23,3K 27s
   200K .......... .......... .......... .......... .......... 18% 31,9K 28s
   250K .......... .......... .......... .......... .......... 22% 51,6K 25s
   300K .......... .......... .......... .......... .......... 26% 22,9K 27s
   350K .......... .......... .......... .......... .......... 30% 36,8K 25s
   400K .......... .......... .......... .......... .......... 33% 32,1K 24s
   450K .......... .......... .......... .......... .......... 37% 51,3K 22s
   500K .......... .......... .......... .......... .......... 41% 64,2K 20s
   550K .......... .......... .......... .......... .......... 45% 51,3K 18s
   600K .......... .......... .......... .......... .......... 48% 64,4K 17s
   650K .......... .......... .......... .......... .......... 52% 63,9K 15s
   700K .......... .......... .......... .......... .......... 56% 63,9K 14s
   750K .......... .......... .......... .......... .......... 60% 84,0K 12s
   800K .......... .......... .......... .......... .......... 64% 64,0K 11s
   850K .......... .......... .......... .......... .......... 67% 84,7K 9s
   900K .......... .......... .......... .......... .......... 71% 85,0K 8s
   950K .......... .......... .......... .......... .......... 75% 63,9K 7s
  1000K .......... .......... .......... .......... .......... 79% 84,9K 6s
  1050K .......... .......... .......... .......... .......... 82%  128K 5s
  1100K .......... .......... .......... .......... .......... 86% 85,9K 3s
  1150K .......... .......... .......... .......... .......... 90% 86,2K 2s
  1200K .......... .......... .......... .......... .......... 94% 51,5K 1s
  1250K .......... .......... .......... .......... .......... 97% 42,9K 1s
  1300K .......... .......... .......                         100% 70,3K=26s

2018-12-09 13:06:59 (51,9 KB/s) - 'kplr002158047-2013098041711_llc_lc.tbl' saved [1359208/1359208]

--2018-12-09 13:07:00--  http://exoplanetarchive.ipac.caltech.edu/data/ETSS//Kepler/005/678/46/kplr002158047-2013131215648_llc.fits
Resolving exoplanetarchive.ipac.caltech.edu (exoplanetarchive.ipac.caltech.edu)... 134.4.54.147
Connecting to exoplanetarchive.ipac.caltech.edu (exoplanetarchive.ipac.caltech.edu)|134.4.54.147|:80... connected.
HTTP request sent, awaiting response... 302 Found
Location: https://exoplanetarchive.ipac.caltech.edu/data/ETSS//Kepler/005/678/46/kplr002158047-2013131215648_llc.fits [following]
--2018-12-09 13:07:00--  https://exoplanetarchive.ipac.caltech.edu/data/ETSS//Kepler/005/678/46/kplr002158047-2013131215648_llc.fits
Connecting to exoplanetarchive.ipac.caltech.edu (exoplanetarchive.ipac.caltech.edu)|134.4.54.147|:443... connected.
HTTP request sent, awaiting response... 200 OK
Length: 187200 (183K) [image/x-fits]
Saving to: 'kplr002158047-2013131215648_llc.fits'

     0K .......... .......... .......... .......... .......... 27% 43,2K 3s
    50K .......... .......... .......... .......... .......... 54%  127K 1s
   100K .......... .......... .......... .......... .......... 82%  129K 0s
   150K .......... .......... .......... ..                   100%  177K=2,1s

2018-12-09 13:07:03 (86,1 KB/s) - 'kplr002158047-2013131215648_llc.fits' saved [187200/187200]

--2018-12-09 13:07:03--  http://exoplanetarchive.ipac.caltech.edu/data/ETSS//Kepler/005/695/22/kplr002158047-2013131215648_llc_lc.tbl
Resolving exoplanetarchive.ipac.caltech.edu (exoplanetarchive.ipac.caltech.edu)... 134.4.54.147
Connecting to exoplanetarchive.ipac.caltech.edu (exoplanetarchive.ipac.caltech.edu)|134.4.54.147|:80... connected.
HTTP request sent, awaiting response... 302 Found
Location: https://exoplanetarchive.ipac.caltech.edu/data/ETSS//Kepler/005/695/22/kplr002158047-2013131215648_llc_lc.tbl [following]
--2018-12-09 13:07:04--  https://exoplanetarchive.ipac.caltech.edu/data/ETSS//Kepler/005/695/22/kplr002158047-2013131215648_llc_lc.tbl
Connecting to exoplanetarchive.ipac.caltech.edu (exoplanetarchive.ipac.caltech.edu)|134.4.54.147|:443... connected.
HTTP request sent, awaiting response... 200 OK
Length: 506684 (495K) [text/plain]
Saving to: 'kplr002158047-2013131215648_llc_lc.tbl'

     0K .......... .......... .......... .......... .......... 10% 42,9K 10s
    50K .......... .......... .......... .......... .......... 20% 85,9K 7s
   100K .......... .......... .......... .......... .......... 30%  128K 5s
   150K .......... .......... .......... .......... .......... 40%  129K 4s
   200K .......... .......... .......... .......... .......... 50%  128K 3s
   250K .......... .......... .......... .......... .......... 60%  129K 2s
   300K .......... .......... .......... .......... .......... 70%  254K 1s
   350K .......... .......... .......... .......... .......... 80%  130K 1s
   400K .......... .......... .......... .......... .......... 90%  249K 0s
   450K .......... .......... .......... .......... ....      100%  234K=4,3s

2018-12-09 13:07:09 (116 KB/s) - 'kplr002158047-2013131215648_llc_lc.tbl' saved [506684/506684]

