--2018-12-09 13:01:13--  http://exoplanetarchive.ipac.caltech.edu/data/ETSS//Kepler/005/147/96/kplr002158433-2009166043257_llc.fits
Resolving exoplanetarchive.ipac.caltech.edu (exoplanetarchive.ipac.caltech.edu)... 134.4.54.147
Connecting to exoplanetarchive.ipac.caltech.edu (exoplanetarchive.ipac.caltech.edu)|134.4.54.147|:80... connected.
HTTP request sent, awaiting response... 302 Found
Location: https://exoplanetarchive.ipac.caltech.edu/data/ETSS//Kepler/005/147/96/kplr002158433-2009166043257_llc.fits [following]
--2018-12-09 13:01:42--  https://exoplanetarchive.ipac.caltech.edu/data/ETSS//Kepler/005/147/96/kplr002158433-2009166043257_llc.fits
Connecting to exoplanetarchive.ipac.caltech.edu (exoplanetarchive.ipac.caltech.edu)|134.4.54.147|:443... connected.
HTTP request sent, awaiting response... 200 OK
Length: 192960 (188K) [image/x-fits]
Saving to: 'kplr002158433-2009166043257_llc.fits'

     0K .......... .......... .......... .......... .......... 26% 42,7K 3s
    50K .......... .......... .......... .......... .......... 53% 43,1K 2s
   100K .......... .......... .......... .......... .......... 79% 51,7K 1s
   150K .......... .......... .......... ........             100% 65,9K=3,9s

2018-12-09 13:01:47 (48,5 KB/s) - 'kplr002158433-2009166043257_llc.fits' saved [192960/192960]

--2018-12-09 13:01:47--  http://exoplanetarchive.ipac.caltech.edu/data/ETSS//Kepler/005/163/58/kplr002158433-2009166043257_llc_lc.tbl
Resolving exoplanetarchive.ipac.caltech.edu (exoplanetarchive.ipac.caltech.edu)... 134.4.54.147
Connecting to exoplanetarchive.ipac.caltech.edu (exoplanetarchive.ipac.caltech.edu)|134.4.54.147|:80... connected.
HTTP request sent, awaiting response... 302 Found
Location: https://exoplanetarchive.ipac.caltech.edu/data/ETSS//Kepler/005/163/58/kplr002158433-2009166043257_llc_lc.tbl [following]
--2018-12-09 13:01:47--  https://exoplanetarchive.ipac.caltech.edu/data/ETSS//Kepler/005/163/58/kplr002158433-2009166043257_llc_lc.tbl
Connecting to exoplanetarchive.ipac.caltech.edu (exoplanetarchive.ipac.caltech.edu)|134.4.54.147|:443... connected.
HTTP request sent, awaiting response... 200 OK
Length: 533375 (521K) [text/plain]
Saving to: 'kplr002158433-2009166043257_llc_lc.tbl'

     0K .......... .......... .......... .......... ..........  9% 42,9K 11s
    50K .......... .......... .......... .......... .......... 19% 85,7K 7s
   100K .......... .......... .......... .......... .......... 28%  242K 5s
   150K .......... .......... .......... .......... .......... 38%  132K 4s
   200K .......... .......... .......... .......... .......... 47%  236K 3s
   250K .......... .......... .......... .......... .......... 57%  245K 2s
   300K .......... .......... .......... .......... .......... 67%  257K 1s
   350K .......... .......... .......... .......... .......... 76%  131K 1s
   400K .......... .......... .......... .......... .......... 86%  257K 1s
   450K .......... .......... .......... .......... .......... 95%  256K 0s
   500K .......... ..........                                 100% 10,8M=3,7s

2018-12-09 13:01:52 (140 KB/s) - 'kplr002158433-2009166043257_llc_lc.tbl' saved [533375/533375]

--2018-12-09 13:01:52--  http://exoplanetarchive.ipac.caltech.edu/data/ETSS//Kepler/005/212/47/kplr002158433-2009259160929_llc.fits
Resolving exoplanetarchive.ipac.caltech.edu (exoplanetarchive.ipac.caltech.edu)... 134.4.54.147
Connecting to exoplanetarchive.ipac.caltech.edu (exoplanetarchive.ipac.caltech.edu)|134.4.54.147|:80... connected.
HTTP request sent, awaiting response... 302 Found
Location: https://exoplanetarchive.ipac.caltech.edu/data/ETSS//Kepler/005/212/47/kplr002158433-2009259160929_llc.fits [following]
--2018-12-09 13:01:52--  https://exoplanetarchive.ipac.caltech.edu/data/ETSS//Kepler/005/212/47/kplr002158433-2009259160929_llc.fits
Connecting to exoplanetarchive.ipac.caltech.edu (exoplanetarchive.ipac.caltech.edu)|134.4.54.147|:443... connected.
HTTP request sent, awaiting response... 200 OK
Length: 466560 (456K) [image/x-fits]
Saving to: 'kplr002158433-2009259160929_llc.fits'

     0K .......... .......... .......... .......... .......... 10% 43,0K 9s
    50K .......... .......... .......... .......... .......... 21% 85,8K 6s
   100K .......... .......... .......... .......... .......... 32%  129K 4s
   150K .......... .......... .......... .......... .......... 43%  129K 3s
   200K .......... .......... .......... .......... .......... 54%  129K 2s
   250K .......... .......... .......... .......... .......... 65%  129K 2s
   300K .......... .......... .......... .......... .......... 76%  258K 1s
   350K .......... .......... .......... .......... .......... 87%  127K 1s
   400K .......... .......... .......... .......... .......... 98%  130K 0s
   450K .....                                                 100% 36,6G=4,3s

2018-12-09 13:01:58 (107 KB/s) - 'kplr002158433-2009259160929_llc.fits' saved [466560/466560]

--2018-12-09 13:01:58--  http://exoplanetarchive.ipac.caltech.edu/data/ETSS//Kepler/005/229/11/kplr002158433-2009259160929_llc_lc.tbl
Resolving exoplanetarchive.ipac.caltech.edu (exoplanetarchive.ipac.caltech.edu)... 134.4.54.147
Connecting to exoplanetarchive.ipac.caltech.edu (exoplanetarchive.ipac.caltech.edu)|134.4.54.147|:80... connected.
HTTP request sent, awaiting response... 302 Found
Location: https://exoplanetarchive.ipac.caltech.edu/data/ETSS//Kepler/005/229/11/kplr002158433-2009259160929_llc_lc.tbl [following]
--2018-12-09 13:01:58--  https://exoplanetarchive.ipac.caltech.edu/data/ETSS//Kepler/005/229/11/kplr002158433-2009259160929_llc_lc.tbl
Connecting to exoplanetarchive.ipac.caltech.edu (exoplanetarchive.ipac.caltech.edu)|134.4.54.147|:443... connected.
HTTP request sent, awaiting response... 200 OK
Length: 1407797 (1,3M) [text/plain]
Saving to: 'kplr002158433-2009259160929_llc_lc.tbl'

     0K .......... .......... .......... .......... ..........  3% 50,5K 26s
    50K .......... .......... .......... .......... ..........  7%  133K 17s
   100K .......... .......... .......... .......... .......... 10%  128K 14s
   150K .......... .......... .......... .......... .......... 14%  239K 12s
   200K .......... .......... .......... .......... .......... 18%  232K 10s
   250K .......... .......... .......... .......... .......... 21%  137K 9s
   300K .......... .......... .......... .......... .......... 25% 4,60M 7s
   350K .......... .......... .......... .......... .......... 29%  258K 7s
   400K .......... .......... .......... .......... .......... 32%  133K 6s
   450K .......... .......... .......... .......... .......... 36% 3,51M 5s
   500K .......... .......... .......... .......... .......... 40%  264K 5s
   550K .......... .......... .......... .......... .......... 43%  268K 5s
   600K .......... .......... .......... .......... .......... 47%  260K 4s
   650K .......... .......... .......... .......... .......... 50% 5,23M 4s
   700K .......... .......... .......... .......... .......... 54%  263K 3s
   750K .......... .......... .......... .......... .......... 58%  258K 3s
   800K .......... .......... .......... .......... .......... 61%  212K 3s
   850K .......... .......... .......... .......... .......... 65%  315K 2s
   900K .......... .......... .......... .......... .......... 69%  267K 2s
   950K .......... .......... .......... .......... .......... 72% 4,44M 2s
  1000K .......... .......... .......... .......... .......... 76%  276K 2s
  1050K .......... .......... .......... .......... .......... 80% 6,71M 1s
  1100K .......... .......... .......... .......... .......... 83%  263K 1s
  1150K .......... .......... .......... .......... .......... 87%  262K 1s
  1200K .......... .......... .......... .......... .......... 90% 4,14M 1s
  1250K .......... .......... .......... .......... .......... 94%  265K 0s
  1300K .......... .......... .......... .......... .......... 98% 5,38M 0s
  1350K .......... .......... ....                            100% 22,0M=5,5s

2018-12-09 13:02:05 (251 KB/s) - 'kplr002158433-2009259160929_llc_lc.tbl' saved [1407797/1407797]

--2018-12-09 13:02:05--  http://exoplanetarchive.ipac.caltech.edu/data/ETSS//Kepler/005/245/75/kplr002158433-2009350155506_llc.fits
Resolving exoplanetarchive.ipac.caltech.edu (exoplanetarchive.ipac.caltech.edu)... 134.4.54.147
Connecting to exoplanetarchive.ipac.caltech.edu (exoplanetarchive.ipac.caltech.edu)|134.4.54.147|:80... connected.
HTTP request sent, awaiting response... 302 Found
Location: https://exoplanetarchive.ipac.caltech.edu/data/ETSS//Kepler/005/245/75/kplr002158433-2009350155506_llc.fits [following]
--2018-12-09 13:02:05--  https://exoplanetarchive.ipac.caltech.edu/data/ETSS//Kepler/005/245/75/kplr002158433-2009350155506_llc.fits
Connecting to exoplanetarchive.ipac.caltech.edu (exoplanetarchive.ipac.caltech.edu)|134.4.54.147|:443... connected.
HTTP request sent, awaiting response... 200 OK
Length: 466560 (456K) [image/x-fits]
Saving to: 'kplr002158433-2009350155506_llc.fits'

     0K .......... .......... .......... .......... .......... 10% 42,1K 10s
    50K .......... .......... .......... .......... .......... 21% 85,7K 6s
   100K .......... .......... .......... .......... .......... 32%  248K 4s
   150K .......... .......... .......... .......... .......... 43%  129K 3s
   200K .......... .......... .......... .......... .......... 54%  127K 2s
   250K .......... .......... .......... .......... .......... 65%  254K 2s
   300K .......... .......... .......... .......... .......... 76%  130K 1s
   350K .......... .......... .......... .......... .......... 87%  251K 0s
   400K .......... .......... .......... .......... .......... 98%  248K 0s
   450K .....                                                 100% 36,6G=3,7s

2018-12-09 13:02:10 (122 KB/s) - 'kplr002158433-2009350155506_llc.fits' saved [466560/466560]

--2018-12-09 13:02:10--  http://exoplanetarchive.ipac.caltech.edu/data/ETSS//Kepler/005/262/31/kplr002158433-2009350155506_llc_lc.tbl
Resolving exoplanetarchive.ipac.caltech.edu (exoplanetarchive.ipac.caltech.edu)... 134.4.54.147
Connecting to exoplanetarchive.ipac.caltech.edu (exoplanetarchive.ipac.caltech.edu)|134.4.54.147|:80... connected.
HTTP request sent, awaiting response... 302 Found
Location: https://exoplanetarchive.ipac.caltech.edu/data/ETSS//Kepler/005/262/31/kplr002158433-2009350155506_llc_lc.tbl [following]
--2018-12-09 13:02:10--  https://exoplanetarchive.ipac.caltech.edu/data/ETSS//Kepler/005/262/31/kplr002158433-2009350155506_llc_lc.tbl
Connecting to exoplanetarchive.ipac.caltech.edu (exoplanetarchive.ipac.caltech.edu)|134.4.54.147|:443... connected.
HTTP request sent, awaiting response... 200 OK
Length: 1412967 (1,3M) [text/plain]
Saving to: 'kplr002158433-2009350155506_llc_lc.tbl'

     0K .......... .......... .......... .......... ..........  3% 42,9K 31s
    50K .......... .......... .......... .......... ..........  7% 85,8K 22s
   100K .......... .......... .......... .......... .......... 10%  128K 18s
   150K .......... .......... .......... .......... .......... 14% 85,6K 16s
   200K .......... .......... .......... .......... .......... 18%  128K 14s
   250K .......... .......... .......... .......... .......... 21%  250K 12s
   300K .......... .......... .......... .......... .......... 25%  128K 11s
   350K .......... .......... .......... .......... .......... 28%  237K 10s
   400K .......... .......... .......... .......... .......... 32%  133K 9s
   450K .......... .......... .......... .......... .......... 36%  128K 8s
   500K .......... .......... .......... .......... .......... 39% 64,2K 8s
   550K .......... .......... .......... .......... .......... 43%  117K 8s
   600K .......... .......... .......... .......... .......... 47%  128K 7s
   650K .......... .......... .......... .......... .......... 50%  141K 6s
   700K .......... .......... .......... .......... .......... 54%  222K 6s
   750K .......... .......... .......... .......... .......... 57%  140K 5s
   800K .......... .......... .......... .......... .......... 61%  131K 5s
   850K .......... .......... .......... .......... .......... 65%  126K 4s
   900K .......... .......... .......... .......... .......... 68% 51,7K 4s
   950K .......... .......... .......... .......... .......... 72% 86,0K 4s
  1000K .......... .......... .......... .......... .......... 76%  126K 3s
  1050K .......... .......... .......... .......... .......... 79%  104K 3s
  1100K .......... .......... .......... .......... .......... 83%  169K 2s
  1150K .......... .......... .......... .......... .......... 86%  251K 2s
  1200K .......... .......... .......... .......... .......... 90% 85,9K 1s
  1250K .......... .......... .......... .......... .......... 94%  253K 1s
  1300K .......... .......... .......... .......... .......... 97%  127K 0s
  1350K .......... .......... .........                       100%  149K=12s

2018-12-09 13:02:24 (112 KB/s) - 'kplr002158433-2009350155506_llc_lc.tbl' saved [1412967/1412967]

--2018-12-09 13:02:24--  http://exoplanetarchive.ipac.caltech.edu/data/ETSS//Kepler/005/345/02/kplr002158433-2010078095331_llc.fits
Resolving exoplanetarchive.ipac.caltech.edu (exoplanetarchive.ipac.caltech.edu)... 134.4.54.147
Connecting to exoplanetarchive.ipac.caltech.edu (exoplanetarchive.ipac.caltech.edu)|134.4.54.147|:80... connected.
HTTP request sent, awaiting response... 302 Found
Location: https://exoplanetarchive.ipac.caltech.edu/data/ETSS//Kepler/005/345/02/kplr002158433-2010078095331_llc.fits [following]
--2018-12-09 13:02:24--  https://exoplanetarchive.ipac.caltech.edu/data/ETSS//Kepler/005/345/02/kplr002158433-2010078095331_llc.fits
Connecting to exoplanetarchive.ipac.caltech.edu (exoplanetarchive.ipac.caltech.edu)|134.4.54.147|:443... connected.
HTTP request sent, awaiting response... 200 OK
Length: 469440 (458K) [image/x-fits]
Saving to: 'kplr002158433-2010078095331_llc.fits'

     0K .......... .......... .......... .......... .......... 10% 42,0K 10s
    50K .......... .......... .......... .......... .......... 21% 84,6K 6s
   100K .......... .......... .......... .......... .......... 32%  121K 5s
   150K .......... .......... .......... .......... .......... 43%  125K 3s
   200K .......... .......... .......... .......... .......... 54%  248K 2s
   250K .......... .......... .......... .......... .......... 65%  129K 2s
   300K .......... .......... .......... .......... .......... 76%  245K 1s
   350K .......... .......... .......... .......... .......... 87%  252K 1s
   400K .......... .......... .......... .......... .......... 98%  127K 0s
   450K ........                                              100% 6,39M=4,0s

2018-12-09 13:02:29 (115 KB/s) - 'kplr002158433-2010078095331_llc.fits' saved [469440/469440]

--2018-12-09 13:02:29--  http://exoplanetarchive.ipac.caltech.edu/data/ETSS//Kepler/005/362/01/kplr002158433-2010078095331_llc_lc.tbl
Resolving exoplanetarchive.ipac.caltech.edu (exoplanetarchive.ipac.caltech.edu)... 134.4.54.147
Connecting to exoplanetarchive.ipac.caltech.edu (exoplanetarchive.ipac.caltech.edu)|134.4.54.147|:80... connected.
HTTP request sent, awaiting response... 302 Found
Location: https://exoplanetarchive.ipac.caltech.edu/data/ETSS//Kepler/005/362/01/kplr002158433-2010078095331_llc_lc.tbl [following]
--2018-12-09 13:02:30--  https://exoplanetarchive.ipac.caltech.edu/data/ETSS//Kepler/005/362/01/kplr002158433-2010078095331_llc_lc.tbl
Connecting to exoplanetarchive.ipac.caltech.edu (exoplanetarchive.ipac.caltech.edu)|134.4.54.147|:443... connected.
HTTP request sent, awaiting response... 200 OK
Length: 1421603 (1,4M) [text/plain]
Saving to: 'kplr002158433-2010078095331_llc_lc.tbl'

     0K .......... .......... .......... .......... ..........  3% 42,9K 31s
    50K .......... .......... .......... .......... ..........  7%  128K 20s
   100K .......... .......... .......... .......... .......... 10%  130K 16s
   150K .......... .......... .......... .......... .......... 14%  121K 14s
   200K .......... .......... .......... .......... .......... 18%  286K 12s
   250K .......... .......... .......... .......... .......... 21%  137K 11s
   300K .......... .......... .......... .......... .......... 25%  257K 9s
   350K .......... .......... .......... .......... .......... 28%  258K 8s
   400K .......... .......... .......... .......... .......... 32%  256K 7s
   450K .......... .......... .......... .......... .......... 36%  252K 7s
   500K .......... .......... .......... .......... .......... 39%  226K 6s
   550K .......... .......... .......... .......... .......... 43%  302K 5s
   600K .......... .......... .......... .......... .......... 46%  257K 5s
   650K .......... .......... .......... .......... .......... 50% 8,13M 4s
   700K .......... .......... .......... .......... .......... 54%  254K 4s
   750K .......... .......... .......... .......... .......... 57%  264K 3s
   800K .......... .......... .......... .......... .......... 61%  258K 3s
   850K .......... .......... .......... .......... .......... 64% 5,42M 3s
   900K .......... .......... .......... .......... .......... 68%  257K 2s
   950K .......... .......... .......... .......... .......... 72%  263K 2s
  1000K .......... .......... .......... .......... .......... 75%  258K 2s
  1050K .......... .......... .......... .......... .......... 79% 12,3M 1s
  1100K .......... .......... .......... .......... .......... 82% 7,36M 1s
  1150K .......... .......... .......... .......... .......... 86%  268K 1s
  1200K .......... .......... .......... .......... .......... 90%  259K 1s
  1250K .......... .......... .......... .......... .......... 93% 10,8M 0s
  1300K .......... .......... .......... .......... .......... 97%  261K 0s
  1350K .......... .......... .......... ........             100% 13,2M=6,0s

2018-12-09 13:02:37 (231 KB/s) - 'kplr002158433-2010078095331_llc_lc.tbl' saved [1421603/1421603]

--2018-12-09 13:02:37--  http://exoplanetarchive.ipac.caltech.edu/data/ETSS//Kepler/005/179/21/kplr002158433-2010174085026_llc.fits
Resolving exoplanetarchive.ipac.caltech.edu (exoplanetarchive.ipac.caltech.edu)... 134.4.54.147
Connecting to exoplanetarchive.ipac.caltech.edu (exoplanetarchive.ipac.caltech.edu)|134.4.54.147|:80... connected.
HTTP request sent, awaiting response... 302 Found
Location: https://exoplanetarchive.ipac.caltech.edu/data/ETSS//Kepler/005/179/21/kplr002158433-2010174085026_llc.fits [following]
--2018-12-09 13:02:37--  https://exoplanetarchive.ipac.caltech.edu/data/ETSS//Kepler/005/179/21/kplr002158433-2010174085026_llc.fits
Connecting to exoplanetarchive.ipac.caltech.edu (exoplanetarchive.ipac.caltech.edu)|134.4.54.147|:443... connected.
HTTP request sent, awaiting response... 200 OK
Length: 492480 (481K) [image/x-fits]
Saving to: 'kplr002158433-2010174085026_llc.fits'

     0K .......... .......... .......... .......... .......... 10% 42,7K 10s
    50K .......... .......... .......... .......... .......... 20% 83,7K 7s
   100K .......... .......... .......... .......... .......... 31%  127K 5s
   150K .......... .......... .......... .......... .......... 41% 62,8K 4s
   200K .......... .......... .......... .......... .......... 51% 36,6K 4s
   250K .......... .......... .......... .......... .......... 62% 86,1K 3s
   300K .......... .......... .......... .......... .......... 72% 84,9K 2s
   350K .......... .......... .......... .......... .......... 83%  127K 1s
   400K .......... .......... .......... .......... .......... 93%  126K 0s
   450K .......... .......... ..........                      100%  160K=6,5s

2018-12-09 13:02:45 (74,2 KB/s) - 'kplr002158433-2010174085026_llc.fits' saved [492480/492480]

--2018-12-09 13:02:45--  http://exoplanetarchive.ipac.caltech.edu/data/ETSS//Kepler/005/195/85/kplr002158433-2010174085026_llc_lc.tbl
Resolving exoplanetarchive.ipac.caltech.edu (exoplanetarchive.ipac.caltech.edu)... 134.4.54.147
Connecting to exoplanetarchive.ipac.caltech.edu (exoplanetarchive.ipac.caltech.edu)|134.4.54.147|:80... connected.
HTTP request sent, awaiting response... 302 Found
Location: https://exoplanetarchive.ipac.caltech.edu/data/ETSS//Kepler/005/195/85/kplr002158433-2010174085026_llc_lc.tbl [following]
--2018-12-09 13:02:45--  https://exoplanetarchive.ipac.caltech.edu/data/ETSS//Kepler/005/195/85/kplr002158433-2010174085026_llc_lc.tbl
Connecting to exoplanetarchive.ipac.caltech.edu (exoplanetarchive.ipac.caltech.edu)|134.4.54.147|:443... connected.
HTTP request sent, awaiting response... 200 OK
Length: 1497941 (1,4M) [text/plain]
Saving to: 'kplr002158433-2010174085026_llc_lc.tbl'

     0K .......... .......... .......... .......... ..........  3% 42,4K 33s
    50K .......... .......... .......... .......... ..........  6% 83,7K 24s
   100K .......... .......... .......... .......... .......... 10% 85,5K 21s
   150K .......... .......... .......... .......... .......... 13%  127K 17s
   200K .......... .......... .......... .......... .......... 17%  253K 14s
   250K .......... .......... .......... .......... .......... 20%  126K 13s
   300K .......... .......... .......... .......... .......... 23%  129K 12s
   350K .......... .......... .......... .......... .......... 27%  251K 10s
   400K .......... .......... .......... .......... .......... 30%  250K 9s
   450K .......... .......... .......... .......... .......... 34%  257K 8s
   500K .......... .......... .......... .......... .......... 37%  269K 7s
   550K .......... .......... .......... .......... .......... 41%  258K 7s
   600K .......... .......... .......... .......... .......... 44%  257K 6s
   650K .......... .......... .......... .......... .......... 47% 3,55M 5s
   700K .......... .......... .......... .......... .......... 51%  257K 5s
   750K .......... .......... .......... .......... .......... 54%  268K 4s
   800K .......... .......... .......... .......... .......... 58%  259K 4s
   850K .......... .......... .......... .......... .......... 61%  249K 4s
   900K .......... .......... .......... .......... .......... 64% 4,38M 3s
   950K .......... .......... .......... .......... .......... 68%  269K 3s
  1000K .......... .......... .......... .......... .......... 71%  260K 2s
  1050K .......... .......... .......... .......... .......... 75%  260K 2s
  1100K .......... .......... .......... .......... .......... 78% 10,0M 2s
  1150K .......... .......... .......... .......... .......... 82%  257K 1s
  1200K .......... .......... .......... .......... .......... 85%  259K 1s
  1250K .......... .......... .......... .......... .......... 88%  261K 1s
  1300K .......... .......... .......... .......... .......... 92% 5,13M 1s
  1350K .......... .......... .......... .......... .......... 95%  267K 0s
  1400K .......... .......... .......... .......... .......... 99% 6,20M 0s
  1450K .......... ..                                         100% 22,6M=7,1s

2018-12-09 13:02:53 (207 KB/s) - 'kplr002158433-2010174085026_llc_lc.tbl' saved [1497941/1497941]

--2018-12-09 13:02:53--  http://exoplanetarchive.ipac.caltech.edu/data/ETSS//Kepler/005/379/01/kplr002158433-2010265121752_llc.fits
Resolving exoplanetarchive.ipac.caltech.edu (exoplanetarchive.ipac.caltech.edu)... 134.4.54.147
Connecting to exoplanetarchive.ipac.caltech.edu (exoplanetarchive.ipac.caltech.edu)|134.4.54.147|:80... connected.
HTTP request sent, awaiting response... 302 Found
Location: https://exoplanetarchive.ipac.caltech.edu/data/ETSS//Kepler/005/379/01/kplr002158433-2010265121752_llc.fits [following]
--2018-12-09 13:02:54--  https://exoplanetarchive.ipac.caltech.edu/data/ETSS//Kepler/005/379/01/kplr002158433-2010265121752_llc.fits
Connecting to exoplanetarchive.ipac.caltech.edu (exoplanetarchive.ipac.caltech.edu)|134.4.54.147|:443... connected.
HTTP request sent, awaiting response... 200 OK
Length: 469440 (458K) [image/x-fits]
Saving to: 'kplr002158433-2010265121752_llc.fits'

     0K .......... .......... .......... .......... .......... 10% 21,3K 19s
    50K .......... .......... .......... .......... .......... 21% 42,6K 13s
   100K .......... .......... .......... .......... .......... 32% 51,7K 9s
   150K .......... .......... .......... .......... .......... 43% 51,4K 7s
   200K .......... .......... .......... .......... .......... 54% 63,8K 5s
   250K .......... .......... .......... .......... .......... 65% 51,6K 4s
   300K .......... .......... .......... .......... .......... 76% 42,7K 3s
   350K .......... .......... .......... .......... .......... 87% 49,6K 1s
   400K .......... .......... .......... .......... .......... 98% 43,7K 0s
   450K ........                                              100% 5,14M=11s

2018-12-09 13:03:06 (43,5 KB/s) - 'kplr002158433-2010265121752_llc.fits' saved [469440/469440]

--2018-12-09 13:03:06--  http://exoplanetarchive.ipac.caltech.edu/data/ETSS//Kepler/005/395/54/kplr002158433-2010265121752_llc_lc.tbl
Resolving exoplanetarchive.ipac.caltech.edu (exoplanetarchive.ipac.caltech.edu)... 134.4.54.147
Connecting to exoplanetarchive.ipac.caltech.edu (exoplanetarchive.ipac.caltech.edu)|134.4.54.147|:80... connected.
HTTP request sent, awaiting response... 302 Found
Location: https://exoplanetarchive.ipac.caltech.edu/data/ETSS//Kepler/005/395/54/kplr002158433-2010265121752_llc_lc.tbl [following]
--2018-12-09 13:03:07--  https://exoplanetarchive.ipac.caltech.edu/data/ETSS//Kepler/005/395/54/kplr002158433-2010265121752_llc_lc.tbl
Connecting to exoplanetarchive.ipac.caltech.edu (exoplanetarchive.ipac.caltech.edu)|134.4.54.147|:443... connected.
HTTP request sent, awaiting response... 200 OK
Length: 1421937 (1,4M) [text/plain]
Saving to: 'kplr002158433-2010265121752_llc_lc.tbl'

     0K .......... .......... .......... .......... ..........  3% 42,9K 31s
    50K .......... .......... .......... .......... ..........  7% 85,9K 23s
   100K .......... .......... .......... .......... .......... 10%  129K 18s
   150K .......... .......... .......... .......... .......... 14%  255K 14s
   200K .......... .......... .......... .......... .......... 18%  129K 12s
   250K .......... .......... .......... .......... .......... 21%  243K 11s
   300K .......... .......... .......... .......... .......... 25%  259K 9s
   350K .......... .......... .......... .......... .......... 28%  253K 8s
   400K .......... .......... .......... .......... .......... 32%  135K 8s
   450K .......... .......... .......... .......... .......... 36%  257K 7s
   500K .......... .......... .......... .......... .......... 39%  237K 6s
   550K .......... .......... .......... .......... .......... 43%  252K 6s
   600K .......... .......... .......... .......... .......... 46% 10,1M 5s
   650K .......... .......... .......... .......... .......... 50%  254K 4s
   700K .......... .......... .......... .......... .......... 54%  246K 4s
   750K .......... .......... .......... .......... .......... 57%  257K 4s
   800K .......... .......... .......... .......... .......... 61%  256K 3s
   850K .......... .......... .......... .......... .......... 64% 12,4M 3s
   900K .......... .......... .......... .......... .......... 68%  259K 2s
   950K .......... .......... .......... .......... .......... 72%  258K 2s
  1000K .......... .......... .......... .......... .......... 75% 8,40M 2s
  1050K .......... .......... .......... .......... .......... 79%  261K 1s
  1100K .......... .......... .......... .......... .......... 82%  257K 1s
  1150K .......... .......... .......... .......... .......... 86%  260K 1s
  1200K .......... .......... .......... .......... .......... 90%  260K 1s
  1250K .......... .......... .......... .......... .......... 93% 7,02M 0s
  1300K .......... .......... .......... .......... .......... 97%  268K 0s
  1350K .......... .......... .......... ........             100% 3,05M=6,5s

2018-12-09 13:03:14 (215 KB/s) - 'kplr002158433-2010265121752_llc_lc.tbl' saved [1421937/1421937]

--2018-12-09 13:03:14--  http://exoplanetarchive.ipac.caltech.edu/data/ETSS//Kepler/005/278/88/kplr002158433-2010355172524_llc.fits
Resolving exoplanetarchive.ipac.caltech.edu (exoplanetarchive.ipac.caltech.edu)... 134.4.54.147
Connecting to exoplanetarchive.ipac.caltech.edu (exoplanetarchive.ipac.caltech.edu)|134.4.54.147|:80... connected.
HTTP request sent, awaiting response... 302 Found
Location: https://exoplanetarchive.ipac.caltech.edu/data/ETSS//Kepler/005/278/88/kplr002158433-2010355172524_llc.fits [following]
--2018-12-09 13:03:15--  https://exoplanetarchive.ipac.caltech.edu/data/ETSS//Kepler/005/278/88/kplr002158433-2010355172524_llc.fits
Connecting to exoplanetarchive.ipac.caltech.edu (exoplanetarchive.ipac.caltech.edu)|134.4.54.147|:443... connected.
HTTP request sent, awaiting response... 200 OK
Length: 466560 (456K) [image/x-fits]
Saving to: 'kplr002158433-2010355172524_llc.fits'

     0K .......... .......... .......... .......... .......... 10% 43,0K 9s
    50K .......... .......... .......... .......... .......... 21% 85,3K 6s
   100K .......... .......... .......... .......... .......... 32%  129K 4s
   150K .......... .......... .......... .......... .......... 43%  130K 3s
   200K .......... .......... .......... .......... .......... 54%  251K 2s
   250K .......... .......... .......... .......... .......... 65%  252K 2s
   300K .......... .......... .......... .......... .......... 76%  129K 1s
   350K .......... .......... .......... .......... .......... 87%  259K 0s
   400K .......... .......... .......... .......... .......... 98%  246K 0s
   450K .....                                                 100% 36,6G=3,7s

2018-12-09 13:03:19 (123 KB/s) - 'kplr002158433-2010355172524_llc.fits' saved [466560/466560]

--2018-12-09 13:03:19--  http://exoplanetarchive.ipac.caltech.edu/data/ETSS//Kepler/005/295/22/kplr002158433-2010355172524_llc_lc.tbl
Resolving exoplanetarchive.ipac.caltech.edu (exoplanetarchive.ipac.caltech.edu)... 134.4.54.147
Connecting to exoplanetarchive.ipac.caltech.edu (exoplanetarchive.ipac.caltech.edu)|134.4.54.147|:80... connected.
HTTP request sent, awaiting response... 302 Found
Location: https://exoplanetarchive.ipac.caltech.edu/data/ETSS//Kepler/005/295/22/kplr002158433-2010355172524_llc_lc.tbl [following]
--2018-12-09 13:03:20--  https://exoplanetarchive.ipac.caltech.edu/data/ETSS//Kepler/005/295/22/kplr002158433-2010355172524_llc_lc.tbl
Connecting to exoplanetarchive.ipac.caltech.edu (exoplanetarchive.ipac.caltech.edu)|134.4.54.147|:443... connected.
HTTP request sent, awaiting response... 200 OK
Length: 1414570 (1,3M) [text/plain]
Saving to: 'kplr002158433-2010355172524_llc_lc.tbl'

     0K .......... .......... .......... .......... ..........  3% 42,6K 31s
    50K .......... .......... .......... .......... ..........  7% 85,8K 23s
   100K .......... .......... .......... .......... .......... 10%  128K 18s
   150K .......... .......... .......... .......... .......... 14%  251K 14s
   200K .......... .......... .......... .......... .......... 18%  131K 12s
   250K .......... .......... .......... .......... .......... 21%  238K 11s
   300K .......... .......... .......... .......... .......... 25%  250K 9s
   350K .......... .......... .......... .......... .......... 28%  253K 8s
   400K .......... .......... .......... .......... .......... 32%  251K 7s
   450K .......... .......... .......... .......... .......... 36%  260K 7s
   500K .......... .......... .......... .......... .......... 39%  253K 6s
   550K .......... .......... .......... .......... .......... 43%  256K 5s
   600K .......... .......... .......... .......... .......... 47% 5,64M 5s
   650K .......... .......... .......... .......... .......... 50%  130K 4s
   700K .......... .......... .......... .......... .......... 54% 85,9K 4s
   750K .......... .......... .......... .......... .......... 57%  128K 4s
   800K .......... .......... .......... .......... .......... 61% 85,5K 4s
   850K .......... .......... .......... .......... .......... 65%  127K 3s
   900K .......... .......... .......... .......... .......... 68% 85,5K 3s
   950K .......... .......... .......... .......... .......... 72% 51,1K 3s
  1000K .......... .......... .......... .......... .......... 76% 85,2K 3s
  1050K .......... .......... .......... .......... .......... 79%  124K 2s
  1100K .......... .......... .......... .......... .......... 83%  127K 2s
  1150K .......... .......... .......... .......... .......... 86%  126K 1s
  1200K .......... .......... .......... .......... .......... 90% 84,8K 1s
  1250K .......... .......... .......... .......... .......... 94%  254K 1s
  1300K .......... .......... .......... .......... .......... 97%  125K 0s
  1350K .......... .......... .......... .                    100%  171K=11s

2018-12-09 13:03:32 (124 KB/s) - 'kplr002158433-2010355172524_llc_lc.tbl' saved [1414570/1414570]

--2018-12-09 13:03:32--  http://exoplanetarchive.ipac.caltech.edu/data/ETSS//Kepler/005/412/08/kplr002158433-2011073133259_llc.fits
Resolving exoplanetarchive.ipac.caltech.edu (exoplanetarchive.ipac.caltech.edu)... 134.4.54.147
Connecting to exoplanetarchive.ipac.caltech.edu (exoplanetarchive.ipac.caltech.edu)|134.4.54.147|:80... connected.
HTTP request sent, awaiting response... 302 Found
Location: https://exoplanetarchive.ipac.caltech.edu/data/ETSS//Kepler/005/412/08/kplr002158433-2011073133259_llc.fits [following]
--2018-12-09 13:03:32--  https://exoplanetarchive.ipac.caltech.edu/data/ETSS//Kepler/005/412/08/kplr002158433-2011073133259_llc.fits
Connecting to exoplanetarchive.ipac.caltech.edu (exoplanetarchive.ipac.caltech.edu)|134.4.54.147|:443... connected.
HTTP request sent, awaiting response... 200 OK
Length: 357120 (349K) [image/x-fits]
Saving to: 'kplr002158433-2011073133259_llc.fits'

     0K .......... .......... .......... .......... .......... 14% 42,8K 7s
    50K .......... .......... .......... .......... .......... 28% 84,9K 4s
   100K .......... .......... .......... .......... .......... 43%  129K 3s
   150K .......... .......... .......... .......... .......... 57%  128K 2s
   200K .......... .......... .......... .......... .......... 71%  130K 1s
   250K .......... .......... .......... .......... .......... 86%  129K 1s
   300K .......... .......... .......... .......... ........  100%  250K=3,5s

2018-12-09 13:03:37 (99,5 KB/s) - 'kplr002158433-2011073133259_llc.fits' saved [357120/357120]

--2018-12-09 13:03:37--  http://exoplanetarchive.ipac.caltech.edu/data/ETSS//Kepler/005/428/86/kplr002158433-2011073133259_llc_lc.tbl
Resolving exoplanetarchive.ipac.caltech.edu (exoplanetarchive.ipac.caltech.edu)... 134.4.54.147
Connecting to exoplanetarchive.ipac.caltech.edu (exoplanetarchive.ipac.caltech.edu)|134.4.54.147|:80... connected.
HTTP request sent, awaiting response... 302 Found
Location: https://exoplanetarchive.ipac.caltech.edu/data/ETSS//Kepler/005/428/86/kplr002158433-2011073133259_llc_lc.tbl [following]
--2018-12-09 13:03:37--  https://exoplanetarchive.ipac.caltech.edu/data/ETSS//Kepler/005/428/86/kplr002158433-2011073133259_llc_lc.tbl
Connecting to exoplanetarchive.ipac.caltech.edu (exoplanetarchive.ipac.caltech.edu)|134.4.54.147|:443... connected.
HTTP request sent, awaiting response... 200 OK
Length: 1061640 (1,0M) [text/plain]
Saving to: 'kplr002158433-2011073133259_llc_lc.tbl'

     0K .......... .......... .......... .......... ..........  4% 43,0K 23s
    50K .......... .......... .......... .......... ..........  9% 85,9K 16s
   100K .......... .......... .......... .......... .......... 14%  127K 13s
   150K .......... .......... .......... .......... .......... 19%  249K 10s
   200K .......... .......... .......... .......... .......... 24%  129K 9s
   250K .......... .......... .......... .......... .......... 28%  259K 7s
   300K .......... .......... .......... .......... .......... 33% 84,4K 7s
   350K .......... .......... .......... .......... .......... 38% 85,3K 7s
   400K .......... .......... .......... .......... .......... 43% 63,8K 6s
   450K .......... .......... .......... .......... .......... 48%  126K 6s
   500K .......... .......... .......... .......... .......... 53%  229K 5s
   550K .......... .......... .......... .......... .......... 57%  135K 4s
   600K .......... .......... .......... .......... .......... 62%  228K 4s
   650K .......... .......... .......... .......... .......... 67%  136K 3s
   700K .......... .......... .......... .......... .......... 72%  130K 3s
   750K .......... .......... .......... .......... .......... 77%  252K 2s
   800K .......... .......... .......... .......... .......... 81%  128K 2s
   850K .......... .......... .......... .......... .......... 86%  128K 1s
   900K .......... .......... .......... .......... .......... 91%  233K 1s
   950K .......... .......... .......... .......... .......... 96%  131K 0s
  1000K .......... .......... .......... ......               100%  188K=8,6s

2018-12-09 13:03:47 (120 KB/s) - 'kplr002158433-2011073133259_llc_lc.tbl' saved [1061640/1061640]

--2018-12-09 13:03:47--  http://exoplanetarchive.ipac.caltech.edu/data/ETSS//Kepler/005/311/56/kplr002158433-2011177032512_llc.fits
Resolving exoplanetarchive.ipac.caltech.edu (exoplanetarchive.ipac.caltech.edu)... 134.4.54.147
Connecting to exoplanetarchive.ipac.caltech.edu (exoplanetarchive.ipac.caltech.edu)|134.4.54.147|:80... connected.
HTTP request sent, awaiting response... 302 Found
Location: https://exoplanetarchive.ipac.caltech.edu/data/ETSS//Kepler/005/311/56/kplr002158433-2011177032512_llc.fits [following]
--2018-12-09 13:03:48--  https://exoplanetarchive.ipac.caltech.edu/data/ETSS//Kepler/005/311/56/kplr002158433-2011177032512_llc.fits
Connecting to exoplanetarchive.ipac.caltech.edu (exoplanetarchive.ipac.caltech.edu)|134.4.54.147|:443... connected.
HTTP request sent, awaiting response... 200 OK
Length: 506880 (495K) [image/x-fits]
Saving to: 'kplr002158433-2011177032512_llc.fits'

     0K .......... .......... .......... .......... .......... 10% 35,2K 13s
    50K .......... .......... .......... .......... .......... 20% 43,1K 10s
   100K .......... .......... .......... .......... .......... 30% 51,9K 8s
   150K .......... .......... .......... .......... .......... 40% 64,1K 6s
   200K .......... .......... .......... .......... .......... 50% 64,7K 5s
   250K .......... .......... .......... .......... .......... 60% 64,5K 4s
   300K .......... .......... .......... .......... .......... 70% 85,6K 3s
   350K .......... .......... .......... .......... .......... 80% 86,2K 2s
   400K .......... .......... .......... .......... .......... 90% 52,1K 1s
   450K .......... .......... .......... .......... .....     100%  113K=8,4s

2018-12-09 13:03:57 (59,0 KB/s) - 'kplr002158433-2011177032512_llc.fits' saved [506880/506880]

--2018-12-09 13:03:57--  http://exoplanetarchive.ipac.caltech.edu/data/ETSS//Kepler/005/328/29/kplr002158433-2011177032512_llc_lc.tbl
Resolving exoplanetarchive.ipac.caltech.edu (exoplanetarchive.ipac.caltech.edu)... 134.4.54.147
Connecting to exoplanetarchive.ipac.caltech.edu (exoplanetarchive.ipac.caltech.edu)|134.4.54.147|:80... connected.
HTTP request sent, awaiting response... 302 Found
Location: https://exoplanetarchive.ipac.caltech.edu/data/ETSS//Kepler/005/328/29/kplr002158433-2011177032512_llc_lc.tbl [following]
--2018-12-09 13:03:58--  https://exoplanetarchive.ipac.caltech.edu/data/ETSS//Kepler/005/328/29/kplr002158433-2011177032512_llc_lc.tbl
Connecting to exoplanetarchive.ipac.caltech.edu (exoplanetarchive.ipac.caltech.edu)|134.4.54.147|:443... connected.
HTTP request sent, awaiting response... 200 OK
Length: 1541108 (1,5M) [text/plain]
Saving to: 'kplr002158433-2011177032512_llc_lc.tbl'

     0K .......... .......... .......... .......... ..........  3% 21,0K 69s
    50K .......... .......... .......... .......... ..........  6% 22,7K 64s
   100K .......... .......... .......... .......... ..........  9% 32,3K 55s
   150K .......... .......... .......... .......... .......... 13% 43,0K 48s
   200K .......... .......... .......... .......... .......... 16% 42,5K 43s
   250K .......... .......... .......... .......... .......... 19% 63,8K 37s
   300K .......... .......... .......... .......... .......... 23% 51,2K 34s
   350K .......... .......... .......... .......... .......... 26% 64,1K 30s
   400K .......... .......... .......... .......... .......... 29% 43,1K 29s
   450K .......... .......... .......... .......... .......... 33% 85,5K 26s
   500K .......... .......... .......... .......... .......... 36% 64,4K 24s
   550K .......... .......... .......... .......... .......... 39% 85,9K 21s
   600K .......... .......... .......... .......... .......... 43% 85,2K 19s
   650K .......... .......... .......... .......... .......... 46% 64,7K 18s
   700K .......... .......... .......... .......... .......... 49% 84,8K 16s
   750K .......... .......... .......... .......... .......... 53% 85,3K 15s
   800K .......... .......... .......... .......... .......... 56% 63,9K 13s
   850K .......... .......... .......... .......... .......... 59%  126K 12s
   900K .......... .......... .......... .......... .......... 63% 84,9K 11s
   950K .......... .......... .......... .......... .......... 66% 85,5K 10s
  1000K .......... .......... .......... .......... .......... 69% 97,6K 8s
  1050K .......... .......... .......... .......... .......... 73%  110K 7s
  1100K .......... .......... .......... .......... .......... 76% 86,2K 6s
  1150K .......... .......... .......... .......... .......... 79%  127K 5s
  1200K .......... .......... .......... .......... .......... 83% 86,0K 4s
  1250K .......... .......... .......... .......... .......... 86% 85,7K 3s
  1300K .......... .......... .......... .......... .......... 89%  127K 3s
  1350K .......... .......... .......... .......... .......... 93% 86,1K 2s
  1400K .......... .......... .......... .......... .......... 96%  130K 1s
  1450K .......... .......... .......... .......... .......... 99%  128K 0s
  1500K ....                                                  100% 15,2M=24s

2018-12-09 13:04:23 (63,1 KB/s) - 'kplr002158433-2011177032512_llc_lc.tbl' saved [1541108/1541108]

--2018-12-09 13:04:23--  http://exoplanetarchive.ipac.caltech.edu/data/ETSS//Kepler/005/445/65/kplr002158433-2011271113734_llc.fits
Resolving exoplanetarchive.ipac.caltech.edu (exoplanetarchive.ipac.caltech.edu)... 134.4.54.147
Connecting to exoplanetarchive.ipac.caltech.edu (exoplanetarchive.ipac.caltech.edu)|134.4.54.147|:80... connected.
HTTP request sent, awaiting response... 302 Found
Location: https://exoplanetarchive.ipac.caltech.edu/data/ETSS//Kepler/005/445/65/kplr002158433-2011271113734_llc.fits [following]
--2018-12-09 13:04:23--  https://exoplanetarchive.ipac.caltech.edu/data/ETSS//Kepler/005/445/65/kplr002158433-2011271113734_llc.fits
Connecting to exoplanetarchive.ipac.caltech.edu (exoplanetarchive.ipac.caltech.edu)|134.4.54.147|:443... connected.
HTTP request sent, awaiting response... 200 OK
Length: 486720 (475K) [image/x-fits]
Saving to: 'kplr002158433-2011271113734_llc.fits'

     0K .......... .......... .......... .......... .......... 10% 43,0K 10s
    50K .......... .......... .......... .......... .......... 21% 86,0K 7s
   100K .......... .......... .......... .......... .......... 31%  126K 5s
   150K .......... .......... .......... .......... .......... 42%  129K 3s
   200K .......... .......... .......... .......... .......... 52%  129K 3s
   250K .......... .......... .......... .......... .......... 63%  250K 2s
   300K .......... .......... .......... .......... .......... 73%  251K 1s
   350K .......... .......... .......... .......... .......... 84%  132K 1s
   400K .......... .......... .......... .......... .......... 94%  240K 0s
   450K .......... .......... .....                           100% 18,5M=3,9s

2018-12-09 13:04:28 (122 KB/s) - 'kplr002158433-2011271113734_llc.fits' saved [486720/486720]

--2018-12-09 13:04:28--  http://exoplanetarchive.ipac.caltech.edu/data/ETSS//Kepler/005/462/35/kplr002158433-2011271113734_llc_lc.tbl
Resolving exoplanetarchive.ipac.caltech.edu (exoplanetarchive.ipac.caltech.edu)... 134.4.54.147
Connecting to exoplanetarchive.ipac.caltech.edu (exoplanetarchive.ipac.caltech.edu)|134.4.54.147|:80... connected.
HTTP request sent, awaiting response... 302 Found
Location: https://exoplanetarchive.ipac.caltech.edu/data/ETSS//Kepler/005/462/35/kplr002158433-2011271113734_llc_lc.tbl [following]
--2018-12-09 13:04:29--  https://exoplanetarchive.ipac.caltech.edu/data/ETSS//Kepler/005/462/35/kplr002158433-2011271113734_llc_lc.tbl
Connecting to exoplanetarchive.ipac.caltech.edu (exoplanetarchive.ipac.caltech.edu)|134.4.54.147|:443... connected.
HTTP request sent, awaiting response... 200 OK
Length: 1478264 (1,4M) [text/plain]
Saving to: 'kplr002158433-2011271113734_llc_lc.tbl'

     0K .......... .......... .......... .......... ..........  3% 42,6K 33s
    50K .......... .......... .......... .......... ..........  6% 86,0K 24s
   100K .......... .......... .......... .......... .......... 10%  213K 17s
   150K .......... .......... .......... .......... .......... 13%  140K 15s
   200K .......... .......... .......... .......... .......... 17%  222K 12s
   250K .......... .......... .......... .......... .......... 20%  137K 11s
   300K .......... .......... .......... .......... .......... 24%  257K 10s
   350K .......... .......... .......... .......... .......... 27%  260K 9s
   400K .......... .......... .......... .......... .......... 31%  256K 8s
   450K .......... .......... .......... .......... .......... 34%  262K 7s
   500K .......... .......... .......... .......... .......... 38%  255K 6s
   550K .......... .......... .......... .......... .......... 41%  260K 6s
   600K .......... .......... .......... .......... .......... 45%  258K 5s
   650K .......... .......... .......... .......... .......... 48% 4,37M 5s
   700K .......... .......... .......... .......... .......... 51%  259K 4s
   750K .......... .......... .......... .......... .......... 55%  276K 4s
   800K .......... .......... .......... .......... .......... 58%  256K 3s
   850K .......... .......... .......... .......... .......... 62%  262K 3s
   900K .......... .......... .......... .......... .......... 65% 9,29M 3s
   950K .......... .......... .......... .......... .......... 69%  260K 2s
  1000K .......... .......... .......... .......... .......... 72%  263K 2s
  1050K .......... .......... .......... .......... .......... 76% 3,54M 2s
  1100K .......... .......... .......... .......... .......... 79%  269K 1s
  1150K .......... .......... .......... .......... .......... 83% 6,80M 1s
  1200K .......... .......... .......... .......... .......... 86%  258K 1s
  1250K .......... .......... .......... .......... .......... 90% 11,8M 1s
  1300K .......... .......... .......... .......... .......... 93%  264K 0s
  1350K .......... .......... .......... .......... .......... 96% 4,29M 0s
  1400K .......... .......... .......... .......... ...       100%  241K=6,2s

2018-12-09 13:04:36 (231 KB/s) - 'kplr002158433-2011271113734_llc_lc.tbl' saved [1478264/1478264]

--2018-12-09 13:04:36--  http://exoplanetarchive.ipac.caltech.edu/data/ETSS//Kepler/005/479/05/kplr002158433-2012004120508_llc.fits
Resolving exoplanetarchive.ipac.caltech.edu (exoplanetarchive.ipac.caltech.edu)... 134.4.54.147
Connecting to exoplanetarchive.ipac.caltech.edu (exoplanetarchive.ipac.caltech.edu)|134.4.54.147|:80... connected.
HTTP request sent, awaiting response... 302 Found
Location: https://exoplanetarchive.ipac.caltech.edu/data/ETSS//Kepler/005/479/05/kplr002158433-2012004120508_llc.fits [following]
--2018-12-09 13:04:37--  https://exoplanetarchive.ipac.caltech.edu/data/ETSS//Kepler/005/479/05/kplr002158433-2012004120508_llc.fits
Connecting to exoplanetarchive.ipac.caltech.edu (exoplanetarchive.ipac.caltech.edu)|134.4.54.147|:443... connected.
HTTP request sent, awaiting response... 200 OK
Length: 506880 (495K) [image/x-fits]
Saving to: 'kplr002158433-2012004120508_llc.fits'

     0K .......... .......... .......... .......... .......... 10% 42,6K 10s
    50K .......... .......... .......... .......... .......... 20% 85,2K 7s
   100K .......... .......... .......... .......... .......... 30%  125K 5s
   150K .......... .......... .......... .......... .......... 40%  128K 4s
   200K .......... .......... .......... .......... .......... 50%  129K 3s
   250K .......... .......... .......... .......... .......... 60%  129K 2s
   300K .......... .......... .......... .......... .......... 70%  253K 1s
   350K .......... .......... .......... .......... .......... 80%  130K 1s
   400K .......... .......... .......... .......... .......... 90%  253K 0s
   450K .......... .......... .......... .......... .....     100%  233K=4,3s

2018-12-09 13:04:42 (115 KB/s) - 'kplr002158433-2012004120508_llc.fits' saved [506880/506880]

--2018-12-09 13:04:42--  http://exoplanetarchive.ipac.caltech.edu/data/ETSS//Kepler/005/495/46/kplr002158433-2012004120508_llc_lc.tbl
Resolving exoplanetarchive.ipac.caltech.edu (exoplanetarchive.ipac.caltech.edu)... 134.4.54.147
Connecting to exoplanetarchive.ipac.caltech.edu (exoplanetarchive.ipac.caltech.edu)|134.4.54.147|:80... connected.
HTTP request sent, awaiting response... 302 Found
Location: https://exoplanetarchive.ipac.caltech.edu/data/ETSS//Kepler/005/495/46/kplr002158433-2012004120508_llc_lc.tbl [following]
--2018-12-09 13:04:42--  https://exoplanetarchive.ipac.caltech.edu/data/ETSS//Kepler/005/495/46/kplr002158433-2012004120508_llc_lc.tbl
Connecting to exoplanetarchive.ipac.caltech.edu (exoplanetarchive.ipac.caltech.edu)|134.4.54.147|:443... connected.
HTTP request sent, awaiting response... 200 OK
Length: 1536631 (1,5M) [text/plain]
Saving to: 'kplr002158433-2012004120508_llc_lc.tbl'

     0K .......... .......... .......... .......... ..........  3% 42,8K 34s
    50K .......... .......... .......... .......... ..........  6%  107K 23s
   100K .......... .......... .......... .......... ..........  9%  127K 18s
   150K .......... .......... .......... .......... .......... 13%  130K 16s
   200K .......... .......... .......... .......... .......... 16%  254K 13s
   250K .......... .......... .......... .......... .......... 19%  256K 11s
   300K .......... .......... .......... .......... .......... 23%  130K 10s
   350K .......... .......... .......... .......... .......... 26%  258K 9s
   400K .......... .......... .......... .......... .......... 29%  244K 8s
   450K .......... .......... .......... .......... .......... 33%  260K 8s
   500K .......... .......... .......... .......... .......... 36% 11,3M 7s
   550K .......... .......... .......... .......... .......... 39%  258K 6s
   600K .......... .......... .......... .......... .......... 43%  264K 5s
   650K .......... .......... .......... .......... .......... 46%  258K 5s
   700K .......... .......... .......... .......... .......... 49% 5,09M 4s
   750K .......... .......... .......... .......... .......... 53%  264K 4s
   800K .......... .......... .......... .......... .......... 56%  258K 4s
   850K .......... .......... .......... .......... .......... 59%  269K 3s
   900K .......... .......... .......... .......... .......... 63%  259K 3s
   950K .......... .......... .......... .......... .......... 66% 4,58M 3s
  1000K .......... .......... .......... .......... .......... 69%  268K 2s
  1050K .......... .......... .......... .......... .......... 73% 5,17M 2s
  1100K .......... .......... .......... .......... .......... 76%  266K 2s
  1150K .......... .......... .......... .......... .......... 79% 4,75M 1s
  1200K .......... .......... .......... .......... .......... 83%  255K 1s
  1250K .......... .......... .......... .......... .......... 86%  274K 1s
  1300K .......... .......... .......... .......... .......... 89% 12,4M 1s
  1350K .......... .......... .......... .......... .......... 93%  259K 0s
  1400K .......... .......... .......... .......... .......... 96% 3,96M 0s
  1450K .......... .......... .......... .......... .......... 99% 13,0M 0s
  1500K                                                       100% 4,01G=6,1s

2018-12-09 13:04:50 (245 KB/s) - 'kplr002158433-2012004120508_llc_lc.tbl' saved [1536631/1536631]

--2018-12-09 13:04:50--  http://exoplanetarchive.ipac.caltech.edu/data/ETSS//Kepler/005/511/87/kplr002158433-2012088054726_llc.fits
Resolving exoplanetarchive.ipac.caltech.edu (exoplanetarchive.ipac.caltech.edu)... 134.4.54.147
Connecting to exoplanetarchive.ipac.caltech.edu (exoplanetarchive.ipac.caltech.edu)|134.4.54.147|:80... connected.
HTTP request sent, awaiting response... 302 Found
Location: https://exoplanetarchive.ipac.caltech.edu/data/ETSS//Kepler/005/511/87/kplr002158433-2012088054726_llc.fits [following]
--2018-12-09 13:04:50--  https://exoplanetarchive.ipac.caltech.edu/data/ETSS//Kepler/005/511/87/kplr002158433-2012088054726_llc.fits
Connecting to exoplanetarchive.ipac.caltech.edu (exoplanetarchive.ipac.caltech.edu)|134.4.54.147|:443... connected.
HTTP request sent, awaiting response... 200 OK
Length: 434880 (425K) [image/x-fits]
Saving to: 'kplr002158433-2012088054726_llc.fits'

     0K .......... .......... .......... .......... .......... 11% 42,9K 9s
    50K .......... .......... .......... .......... .......... 23%  129K 5s
   100K .......... .......... .......... .......... .......... 35%  128K 4s
   150K .......... .......... .......... .......... .......... 47%  252K 2s
   200K .......... .......... .......... .......... .......... 58%  130K 2s
   250K .......... .......... .......... .......... .......... 70%  252K 1s
   300K .......... .......... .......... .......... .......... 82%  253K 1s
   350K .......... .......... .......... .......... .......... 94%  258K 0s
   400K .......... .......... ....                            100% 2,68M=3,1s

2018-12-09 13:04:54 (136 KB/s) - 'kplr002158433-2012088054726_llc.fits' saved [434880/434880]

--2018-12-09 13:04:54--  http://exoplanetarchive.ipac.caltech.edu/data/ETSS//Kepler/005/528/57/kplr002158433-2012088054726_llc_lc.tbl
Resolving exoplanetarchive.ipac.caltech.edu (exoplanetarchive.ipac.caltech.edu)... 134.4.54.147
Connecting to exoplanetarchive.ipac.caltech.edu (exoplanetarchive.ipac.caltech.edu)|134.4.54.147|:80... connected.
HTTP request sent, awaiting response... 302 Found
Location: https://exoplanetarchive.ipac.caltech.edu/data/ETSS//Kepler/005/528/57/kplr002158433-2012088054726_llc_lc.tbl [following]
--2018-12-09 13:04:55--  https://exoplanetarchive.ipac.caltech.edu/data/ETSS//Kepler/005/528/57/kplr002158433-2012088054726_llc_lc.tbl
Connecting to exoplanetarchive.ipac.caltech.edu (exoplanetarchive.ipac.caltech.edu)|134.4.54.147|:443... connected.
HTTP request sent, awaiting response... 200 OK
Length: 1308012 (1,2M) [text/plain]
Saving to: 'kplr002158433-2012088054726_llc_lc.tbl'

     0K .......... .......... .......... .......... ..........  3% 42,3K 29s
    50K .......... .......... .......... .......... ..........  7% 36,7K 30s
   100K .......... .......... .......... .......... .......... 11% 51,5K 26s
   150K .......... .......... .......... .......... .......... 15% 51,6K 24s
   200K .......... .......... .......... .......... .......... 19% 64,3K 22s
   250K .......... .......... .......... .......... .......... 23% 64,3K 20s
   300K .......... .......... .......... .......... .......... 27% 63,6K 18s
   350K .......... .......... .......... .......... .......... 31% 84,9K 16s
   400K .......... .......... .......... .......... .......... 35% 50,5K 15s
   450K .......... .......... .......... .......... .......... 39% 84,1K 14s
   500K .......... .......... .......... .......... .......... 43% 85,2K 13s
   550K .......... .......... .......... .......... .......... 46% 85,1K 11s
   600K .......... .......... .......... .......... .......... 50% 64,4K 11s
   650K .......... .......... .......... .......... .......... 54% 83,5K 10s
   700K .......... .......... .......... .......... .......... 58% 85,4K 9s
   750K .......... .......... .......... .......... .......... 62%  126K 7s
   800K .......... .......... .......... .......... .......... 66% 63,8K 7s
   850K .......... .......... .......... .......... .......... 70% 84,9K 6s
   900K .......... .......... .......... .......... .......... 74%  125K 5s
   950K .......... .......... .......... .......... .......... 78% 84,7K 4s
  1000K .......... .......... .......... .......... .......... 82% 85,3K 3s
  1050K .......... .......... .......... .......... .......... 86%  126K 3s
  1100K .......... .......... .......... .......... .......... 90%  127K 2s
  1150K .......... .......... .......... .......... .......... 93% 84,7K 1s
  1200K .......... .......... .......... .......... .......... 97% 84,7K 0s
  1250K .......... .......... .......                         100% 18,7M=17s

2018-12-09 13:05:13 (73,2 KB/s) - 'kplr002158433-2012088054726_llc_lc.tbl' saved [1308012/1308012]

--2018-12-09 13:05:13--  http://exoplanetarchive.ipac.caltech.edu/data/ETSS//Kepler/005/545/26/kplr002158433-2012179063303_llc.fits
Resolving exoplanetarchive.ipac.caltech.edu (exoplanetarchive.ipac.caltech.edu)... 134.4.54.147
Connecting to exoplanetarchive.ipac.caltech.edu (exoplanetarchive.ipac.caltech.edu)|134.4.54.147|:80... connected.
HTTP request sent, awaiting response... 302 Found
Location: https://exoplanetarchive.ipac.caltech.edu/data/ETSS//Kepler/005/545/26/kplr002158433-2012179063303_llc.fits [following]
--2018-12-09 13:05:14--  https://exoplanetarchive.ipac.caltech.edu/data/ETSS//Kepler/005/545/26/kplr002158433-2012179063303_llc.fits
Connecting to exoplanetarchive.ipac.caltech.edu (exoplanetarchive.ipac.caltech.edu)|134.4.54.147|:443... connected.
HTTP request sent, awaiting response... 200 OK
Length: 472320 (461K) [image/x-fits]
Saving to: 'kplr002158433-2012179063303_llc.fits'

     0K .......... .......... .......... .......... .......... 10% 42,9K 10s
    50K .......... .......... .......... .......... .......... 21% 85,9K 6s
   100K .......... .......... .......... .......... .......... 32%  128K 4s
   150K .......... .......... .......... .......... .......... 43%  127K 3s
   200K .......... .......... .......... .......... .......... 54%  131K 2s
   250K .......... .......... .......... .......... .......... 65%  250K 2s
   300K .......... .......... .......... .......... .......... 75%  128K 1s
   350K .......... .......... .......... .......... .......... 86%  260K 1s
   400K .......... .......... .......... .......... .......... 97%  129K 0s
   450K .......... .                                          100% 22,9M=4,1s

2018-12-09 13:05:19 (113 KB/s) - 'kplr002158433-2012179063303_llc.fits' saved [472320/472320]

--2018-12-09 13:05:19--  http://exoplanetarchive.ipac.caltech.edu/data/ETSS//Kepler/005/561/93/kplr002158433-2012179063303_llc_lc.tbl
Resolving exoplanetarchive.ipac.caltech.edu (exoplanetarchive.ipac.caltech.edu)... 134.4.54.147
Connecting to exoplanetarchive.ipac.caltech.edu (exoplanetarchive.ipac.caltech.edu)|134.4.54.147|:80... connected.
HTTP request sent, awaiting response... 302 Found
Location: https://exoplanetarchive.ipac.caltech.edu/data/ETSS//Kepler/005/561/93/kplr002158433-2012179063303_llc_lc.tbl [following]
--2018-12-09 13:05:19--  https://exoplanetarchive.ipac.caltech.edu/data/ETSS//Kepler/005/561/93/kplr002158433-2012179063303_llc_lc.tbl
Connecting to exoplanetarchive.ipac.caltech.edu (exoplanetarchive.ipac.caltech.edu)|134.4.54.147|:443... connected.
HTTP request sent, awaiting response... 200 OK
Length: 1429344 (1,4M) [text/plain]
Saving to: 'kplr002158433-2012179063303_llc_lc.tbl'

     0K .......... .......... .......... .......... ..........  3% 42,8K 31s
    50K .......... .......... .......... .......... ..........  7% 43,0K 30s
   100K .......... .......... .......... .......... .......... 10% 18,2K 42s
   150K .......... .......... .......... .......... .......... 14% 86,3K 34s
   200K .......... .......... .......... .......... .......... 17% 35,3K 32s
   250K .......... .......... .......... .......... .......... 21% 32,2K 32s
   300K .......... .......... .......... .......... .......... 25% 43,2K 29s
   350K .......... .......... .......... .......... .......... 28% 51,3K 27s
   400K .......... .......... .......... .......... .......... 32% 42,5K 25s
   450K .......... .......... .......... .......... .......... 35% 51,4K 23s
   500K .......... .......... .......... .......... .......... 39% 64,2K 21s
   550K .......... .......... .......... .......... .......... 42% 65,0K 19s
   600K .......... .......... .......... .......... .......... 46% 80,8K 17s
   650K .......... .......... .......... .......... .......... 50% 67,1K 16s
   700K .......... .......... .......... .......... .......... 53% 84,9K 14s
   750K .......... .......... .......... .......... .......... 57% 65,0K 13s
   800K .......... .......... .......... .......... .......... 60% 64,3K 12s
   850K .......... .......... .......... .......... .......... 64% 85,4K 10s
   900K .......... .......... .......... .......... .......... 68% 85,9K 9s
   950K .......... .......... .......... .......... .......... 71%  128K 8s
  1000K .......... .......... .......... .......... .......... 75% 64,6K 7s
  1050K .......... .......... .......... .......... .......... 78%  127K 6s
  1100K .......... .......... .......... .......... .......... 82% 84,3K 5s
  1150K .......... .......... .......... .......... .......... 85% 49,4K 4s
  1200K .......... .......... .......... .......... .......... 89% 44,4K 3s
  1250K .......... .......... .......... .......... .......... 93% 64,1K 2s
  1300K .......... .......... .......... .......... .......... 96% 65,0K 1s
  1350K .......... .......... .......... .......... .....     100%  118K=25s

2018-12-09 13:05:46 (55,1 KB/s) - 'kplr002158433-2012179063303_llc_lc.tbl' saved [1429344/1429344]

--2018-12-09 13:05:46--  http://exoplanetarchive.ipac.caltech.edu/data/ETSS//Kepler/005/578/61/kplr002158433-2012277125453_llc.fits
Resolving exoplanetarchive.ipac.caltech.edu (exoplanetarchive.ipac.caltech.edu)... 134.4.54.147
Connecting to exoplanetarchive.ipac.caltech.edu (exoplanetarchive.ipac.caltech.edu)|134.4.54.147|:80... connected.
HTTP request sent, awaiting response... 302 Found
Location: https://exoplanetarchive.ipac.caltech.edu/data/ETSS//Kepler/005/578/61/kplr002158433-2012277125453_llc.fits [following]
--2018-12-09 13:05:46--  https://exoplanetarchive.ipac.caltech.edu/data/ETSS//Kepler/005/578/61/kplr002158433-2012277125453_llc.fits
Connecting to exoplanetarchive.ipac.caltech.edu (exoplanetarchive.ipac.caltech.edu)|134.4.54.147|:443... connected.
HTTP request sent, awaiting response... 200 OK
Length: 506880 (495K) [image/x-fits]
Saving to: 'kplr002158433-2012277125453_llc.fits'

     0K .......... .......... .......... .......... .......... 10% 42,9K 10s
    50K .......... .......... .......... .......... .......... 20% 85,3K 7s
   100K .......... .......... .......... .......... .......... 30%  129K 5s
   150K .......... .......... .......... .......... .......... 40%  129K 4s
   200K .......... .......... .......... .......... .......... 50%  258K 3s
   250K .......... .......... .......... .......... .......... 60%  129K 2s
   300K .......... .......... .......... .......... .......... 70%  253K 1s
   350K .......... .......... .......... .......... .......... 80%  131K 1s
   400K .......... .......... .......... .......... .......... 90%  130K 0s
   450K .......... .......... .......... .......... .....     100% 2,52M=4,1s

2018-12-09 13:05:51 (121 KB/s) - 'kplr002158433-2012277125453_llc.fits' saved [506880/506880]

--2018-12-09 13:05:52--  http://exoplanetarchive.ipac.caltech.edu/data/ETSS//Kepler/005/595/31/kplr002158433-2012277125453_llc_lc.tbl
Resolving exoplanetarchive.ipac.caltech.edu (exoplanetarchive.ipac.caltech.edu)... 134.4.54.147
Connecting to exoplanetarchive.ipac.caltech.edu (exoplanetarchive.ipac.caltech.edu)|134.4.54.147|:80... connected.
HTTP request sent, awaiting response... 302 Found
Location: https://exoplanetarchive.ipac.caltech.edu/data/ETSS//Kepler/005/595/31/kplr002158433-2012277125453_llc_lc.tbl [following]
--2018-12-09 13:05:52--  https://exoplanetarchive.ipac.caltech.edu/data/ETSS//Kepler/005/595/31/kplr002158433-2012277125453_llc_lc.tbl
Connecting to exoplanetarchive.ipac.caltech.edu (exoplanetarchive.ipac.caltech.edu)|134.4.54.147|:443... connected.
HTTP request sent, awaiting response... 200 OK
Length: 1537564 (1,5M) [text/plain]
Saving to: 'kplr002158433-2012277125453_llc_lc.tbl'

     0K .......... .......... .......... .......... ..........  3% 42,4K 34s
    50K .......... .......... .......... .......... ..........  6%  106K 23s
   100K .......... .......... .......... .......... ..........  9% 99,1K 19s
   150K .......... .......... .......... .......... .......... 13%  256K 15s
   200K .......... .......... .......... .......... .......... 16%  258K 13s
   250K .......... .......... .......... .......... .......... 19%  129K 12s
   300K .......... .......... .......... .......... .......... 23%  130K 11s
   350K .......... .......... .......... .......... .......... 26%  255K 10s
   400K .......... .......... .......... .......... .......... 29%  259K 9s
   450K .......... .......... .......... .......... .......... 33%  256K 8s
   500K .......... .......... .......... .......... .......... 36%  259K 7s
   550K .......... .......... .......... .......... .......... 39% 2,69M 6s
   600K .......... .......... .......... .......... .......... 43%  254K 6s
   650K .......... .......... .......... .......... .......... 46%  280K 5s
   700K .......... .......... .......... .......... .......... 49%  251K 5s
   750K .......... .......... .......... .......... .......... 53% 2,64M 4s
   800K .......... .......... .......... .......... .......... 56%  257K 4s
   850K .......... .......... .......... .......... .......... 59%  260K 3s
   900K .......... .......... .......... .......... .......... 63%  259K 3s
   950K .......... .......... .......... .......... .......... 66% 11,4M 3s
  1000K .......... .......... .......... .......... .......... 69%  259K 2s
  1050K .......... .......... .......... .......... .......... 73%  260K 2s
  1100K .......... .......... .......... .......... .......... 76%  256K 2s
  1150K .......... .......... .......... .......... .......... 79% 21,5M 1s
  1200K .......... .......... .......... .......... .......... 83%  263K 1s
  1250K .......... .......... .......... .......... .......... 86% 4,25M 1s
  1300K .......... .......... .......... .......... .......... 89%  268K 1s
  1350K .......... .......... .......... .......... .......... 93% 3,38M 0s
  1400K .......... .......... .......... .......... .......... 96%  270K 0s
  1450K .......... .......... .......... .......... .......... 99% 7,77M 0s
  1500K .                                                     100% 9,93G=6,5s

2018-12-09 13:05:59 (232 KB/s) - 'kplr002158433-2012277125453_llc_lc.tbl' saved [1537564/1537564]

--2018-12-09 13:06:00--  http://exoplanetarchive.ipac.caltech.edu/data/ETSS//Kepler/005/612/00/kplr002158433-2013011073258_llc.fits
Resolving exoplanetarchive.ipac.caltech.edu (exoplanetarchive.ipac.caltech.edu)... 134.4.54.147
Connecting to exoplanetarchive.ipac.caltech.edu (exoplanetarchive.ipac.caltech.edu)|134.4.54.147|:80... connected.
HTTP request sent, awaiting response... 302 Found
Location: https://exoplanetarchive.ipac.caltech.edu/data/ETSS//Kepler/005/612/00/kplr002158433-2013011073258_llc.fits [following]
--2018-12-09 13:06:00--  https://exoplanetarchive.ipac.caltech.edu/data/ETSS//Kepler/005/612/00/kplr002158433-2013011073258_llc.fits
Connecting to exoplanetarchive.ipac.caltech.edu (exoplanetarchive.ipac.caltech.edu)|134.4.54.147|:443... connected.
HTTP request sent, awaiting response... 200 OK
Length: 506880 (495K) [image/x-fits]
Saving to: 'kplr002158433-2013011073258_llc.fits'

     0K .......... .......... .......... .......... .......... 10% 42,1K 11s
    50K .......... .......... .......... .......... .......... 20% 85,3K 7s
   100K .......... .......... .......... .......... .......... 30%  128K 5s
   150K .......... .......... .......... .......... .......... 40%  130K 4s
   200K .......... .......... .......... .......... .......... 50%  239K 3s
   250K .......... .......... .......... .......... .......... 60%  133K 2s
   300K .......... .......... .......... .......... .......... 70%  256K 1s
   350K .......... .......... .......... .......... .......... 80%  258K 1s
   400K .......... .......... .......... .......... .......... 90%  253K 0s
   450K .......... .......... .......... .......... .....     100%  238K=3,9s

2018-12-09 13:06:05 (127 KB/s) - 'kplr002158433-2013011073258_llc.fits' saved [506880/506880]

--2018-12-09 13:06:05--  http://exoplanetarchive.ipac.caltech.edu/data/ETSS//Kepler/005/628/48/kplr002158433-2013011073258_llc_lc.tbl
Resolving exoplanetarchive.ipac.caltech.edu (exoplanetarchive.ipac.caltech.edu)... 134.4.54.147
Connecting to exoplanetarchive.ipac.caltech.edu (exoplanetarchive.ipac.caltech.edu)|134.4.54.147|:80... connected.
HTTP request sent, awaiting response... 302 Found
Location: https://exoplanetarchive.ipac.caltech.edu/data/ETSS//Kepler/005/628/48/kplr002158433-2013011073258_llc_lc.tbl [following]
--2018-12-09 13:06:05--  https://exoplanetarchive.ipac.caltech.edu/data/ETSS//Kepler/005/628/48/kplr002158433-2013011073258_llc_lc.tbl
Connecting to exoplanetarchive.ipac.caltech.edu (exoplanetarchive.ipac.caltech.edu)|134.4.54.147|:443... connected.
HTTP request sent, awaiting response... 200 OK
Length: 1544987 (1,5M) [text/plain]
Saving to: 'kplr002158433-2013011073258_llc_lc.tbl'

     0K .......... .......... .......... .......... ..........  3% 43,0K 34s
    50K .......... .......... .......... .......... ..........  6% 86,9K 24s
   100K .......... .......... .......... .......... ..........  9%  130K 19s
   150K .......... .......... .......... .......... .......... 13%  129K 16s
   200K .......... .......... .......... .......... .......... 16%  128K 15s
   250K .......... .......... .......... .......... .......... 19%  131K 13s
   300K .......... .......... .......... .......... .......... 23%  243K 12s
   350K .......... .......... .......... .......... .......... 26%  257K 10s
   400K .......... .......... .......... .......... .......... 29%  131K 10s
   450K .......... .......... .......... .......... .......... 33% 4,08M 8s
   500K .......... .......... .......... .......... .......... 36%  132K 8s
   550K .......... .......... .......... .......... .......... 39%  257K 7s
   600K .......... .......... .......... .......... .......... 43% 8,90M 6s
   650K .......... .......... .......... .......... .......... 46%  256K 6s
   700K .......... .......... .......... .......... .......... 49%  261K 5s
   750K .......... .......... .......... .......... .......... 53% 13,7M 4s
   800K .......... .......... .......... .......... .......... 56%  130K 4s
   850K .......... .......... .......... .......... .......... 59% 6,23M 4s
   900K .......... .......... .......... .......... .......... 62%  260K 3s
   950K .......... .......... .......... .......... .......... 66%  261K 3s
  1000K .......... .......... .......... .......... .......... 69%  263K 3s
  1050K .......... .......... .......... .......... .......... 72% 12,7M 2s
  1100K .......... .......... .......... .......... .......... 76%  265K 2s
  1150K .......... .......... .......... .......... .......... 79% 4,61M 2s
  1200K .......... .......... .......... .......... .......... 82%  263K 1s
  1250K .......... .......... .......... .......... .......... 86% 4,26M 1s
  1300K .......... .......... .......... .......... .......... 89%  271K 1s
  1350K .......... .......... .......... .......... .......... 92% 5,93M 1s
  1400K .......... .......... .......... .......... .......... 96%  265K 0s
  1450K .......... .......... .......... .......... .......... 99% 5,84M 0s
  1500K ........                                              100% 21,4M=6,8s

2018-12-09 13:06:13 (222 KB/s) - 'kplr002158433-2013011073258_llc_lc.tbl' saved [1544987/1544987]

--2018-12-09 13:06:13--  http://exoplanetarchive.ipac.caltech.edu/data/ETSS//Kepler/005/644/95/kplr002158433-2013098041711_llc.fits
Resolving exoplanetarchive.ipac.caltech.edu (exoplanetarchive.ipac.caltech.edu)... 134.4.54.147
Connecting to exoplanetarchive.ipac.caltech.edu (exoplanetarchive.ipac.caltech.edu)|134.4.54.147|:80... connected.
HTTP request sent, awaiting response... 302 Found
Location: https://exoplanetarchive.ipac.caltech.edu/data/ETSS//Kepler/005/644/95/kplr002158433-2013098041711_llc.fits [following]
--2018-12-09 13:06:14--  https://exoplanetarchive.ipac.caltech.edu/data/ETSS//Kepler/005/644/95/kplr002158433-2013098041711_llc.fits
Connecting to exoplanetarchive.ipac.caltech.edu (exoplanetarchive.ipac.caltech.edu)|134.4.54.147|:443... connected.
HTTP request sent, awaiting response... 200 OK
Length: 449280 (439K) [image/x-fits]
Saving to: 'kplr002158433-2013098041711_llc.fits'

     0K .......... .......... .......... .......... .......... 11% 42,9K 9s
    50K .......... .......... .......... .......... .......... 22% 83,9K 6s
   100K .......... .......... .......... .......... .......... 34%  126K 4s
   150K .......... .......... .......... .......... .......... 45%  128K 3s
   200K .......... .......... .......... .......... .......... 56%  247K 2s
   250K .......... .......... .......... .......... .......... 68%  130K 1s
   300K .......... .......... .......... .......... .......... 79%  251K 1s
   350K .......... .......... .......... .......... .......... 91%  250K 0s
   400K .......... .......... .......... ........             100%  197K=3,7s

2018-12-09 13:06:19 (117 KB/s) - 'kplr002158433-2013098041711_llc.fits' saved [449280/449280]

--2018-12-09 13:06:19--  http://exoplanetarchive.ipac.caltech.edu/data/ETSS//Kepler/005/661/71/kplr002158433-2013098041711_llc_lc.tbl
Resolving exoplanetarchive.ipac.caltech.edu (exoplanetarchive.ipac.caltech.edu)... 134.4.54.147
Connecting to exoplanetarchive.ipac.caltech.edu (exoplanetarchive.ipac.caltech.edu)|134.4.54.147|:80... connected.
HTTP request sent, awaiting response... 302 Found
Location: https://exoplanetarchive.ipac.caltech.edu/data/ETSS//Kepler/005/661/71/kplr002158433-2013098041711_llc_lc.tbl [following]
--2018-12-09 13:06:19--  https://exoplanetarchive.ipac.caltech.edu/data/ETSS//Kepler/005/661/71/kplr002158433-2013098041711_llc_lc.tbl
Connecting to exoplanetarchive.ipac.caltech.edu (exoplanetarchive.ipac.caltech.edu)|134.4.54.147|:443... connected.
HTTP request sent, awaiting response... 200 OK
Length: 1359191 (1,3M) [text/plain]
Saving to: 'kplr002158433-2013098041711_llc_lc.tbl'

     0K .......... .......... .......... .......... ..........  3% 41,9K 30s
    50K .......... .......... .......... .......... ..........  7%  127K 19s
   100K .......... .......... .......... .......... .......... 11%  128K 16s
   150K .......... .......... .......... .......... .......... 15%  130K 13s
   200K .......... .......... .......... .......... .......... 18%  129K 12s
   250K .......... .......... .......... .......... .......... 22%  249K 10s
   300K .......... .......... .......... .......... .......... 26% 65,0K 10s
   350K .......... .......... .......... .......... .......... 30% 63,1K 10s
   400K .......... .......... .......... .......... .......... 33% 32,0K 12s
   450K .......... .......... .......... .......... .......... 37% 51,2K 12s
   500K .......... .......... .......... .......... .......... 41% 27,8K 13s
   550K .......... .......... .......... .......... .......... 45% 42,9K 12s
   600K .......... .......... .......... .......... .......... 48% 58,4K 11s
   650K .......... .......... .......... .......... .......... 52% 64,1K 10s
   700K .......... .......... .......... .......... .......... 56% 64,6K 10s
   750K .......... .......... .......... .......... .......... 60% 69,3K 9s
   800K .......... .......... .......... .......... .......... 64% 63,4K 8s
   850K .......... .......... .......... .......... .......... 67% 85,9K 7s
   900K .......... .......... .......... .......... .......... 71% 85,4K 6s
   950K .......... .......... .......... .......... .......... 75% 85,4K 5s
  1000K .......... .......... .......... .......... .......... 79% 85,3K 4s
  1050K .......... .......... .......... .......... .......... 82% 43,0K 4s
  1100K .......... .......... .......... .......... .......... 86% 64,4K 3s
  1150K .......... .......... .......... .......... .......... 90% 51,4K 2s
  1200K .......... .......... .......... .......... .......... 94% 42,8K 1s
  1250K .......... .......... .......... .......... .......... 97% 64,6K 0s
  1300K .......... .......... .......                         100%  140K=21s

2018-12-09 13:06:41 (62,2 KB/s) - 'kplr002158433-2013098041711_llc_lc.tbl' saved [1359191/1359191]

--2018-12-09 13:06:42--  http://exoplanetarchive.ipac.caltech.edu/data/ETSS//Kepler/005/678/46/kplr002158433-2013131215648_llc.fits
Resolving exoplanetarchive.ipac.caltech.edu (exoplanetarchive.ipac.caltech.edu)... 134.4.54.147
Connecting to exoplanetarchive.ipac.caltech.edu (exoplanetarchive.ipac.caltech.edu)|134.4.54.147|:80... connected.
HTTP request sent, awaiting response... 302 Found
Location: https://exoplanetarchive.ipac.caltech.edu/data/ETSS//Kepler/005/678/46/kplr002158433-2013131215648_llc.fits [following]
--2018-12-09 13:06:42--  https://exoplanetarchive.ipac.caltech.edu/data/ETSS//Kepler/005/678/46/kplr002158433-2013131215648_llc.fits
Connecting to exoplanetarchive.ipac.caltech.edu (exoplanetarchive.ipac.caltech.edu)|134.4.54.147|:443... connected.
HTTP request sent, awaiting response... 200 OK
Length: 187200 (183K) [image/x-fits]
Saving to: 'kplr002158433-2013131215648_llc.fits'

     0K .......... .......... .......... .......... .......... 27% 22,8K 6s
    50K .......... .......... .......... .......... .......... 54% 43,0K 3s
   100K .......... .......... .......... .......... .......... 82% 42,8K 1s
   150K .......... .......... .......... ..                   100% 84,9K=4,9s

2018-12-09 13:06:48 (37,3 KB/s) - 'kplr002158433-2013131215648_llc.fits' saved [187200/187200]

--2018-12-09 13:06:48--  http://exoplanetarchive.ipac.caltech.edu/data/ETSS//Kepler/005/695/22/kplr002158433-2013131215648_llc_lc.tbl
Resolving exoplanetarchive.ipac.caltech.edu (exoplanetarchive.ipac.caltech.edu)... 134.4.54.147
Connecting to exoplanetarchive.ipac.caltech.edu (exoplanetarchive.ipac.caltech.edu)|134.4.54.147|:80... connected.
HTTP request sent, awaiting response... 302 Found
Location: https://exoplanetarchive.ipac.caltech.edu/data/ETSS//Kepler/005/695/22/kplr002158433-2013131215648_llc_lc.tbl [following]
--2018-12-09 13:06:48--  https://exoplanetarchive.ipac.caltech.edu/data/ETSS//Kepler/005/695/22/kplr002158433-2013131215648_llc_lc.tbl
Connecting to exoplanetarchive.ipac.caltech.edu (exoplanetarchive.ipac.caltech.edu)|134.4.54.147|:443... connected.
HTTP request sent, awaiting response... 200 OK
Length: 506685 (495K) [text/plain]
Saving to: 'kplr002158433-2013131215648_llc_lc.tbl'

     0K .......... .......... .......... .......... .......... 10% 43,1K 10s
    50K .......... .......... .......... .......... .......... 20% 84,8K 7s
   100K .......... .......... .......... .......... .......... 30%  129K 5s
   150K .......... .......... .......... .......... .......... 40%  253K 3s
   200K .......... .......... .......... .......... .......... 50%  129K 3s
   250K .......... .......... .......... .......... .......... 60%  255K 2s
   300K .......... .......... .......... .......... .......... 70%  130K 1s
   350K .......... .......... .......... .......... .......... 80%  252K 1s
   400K .......... .......... .......... .......... .......... 90%  258K 0s
   450K .......... .......... .......... .......... ....      100% 11,2M=3,7s

2018-12-09 13:06:53 (134 KB/s) - 'kplr002158433-2013131215648_llc_lc.tbl' saved [506685/506685]

