--2018-12-09 12:30:39--  http://exoplanetarchive.ipac.caltech.edu/data/ETSS//Kepler/005/147/84/kplr001431705-2009166043257_llc.fits
Resolving exoplanetarchive.ipac.caltech.edu (exoplanetarchive.ipac.caltech.edu)... 134.4.54.147
Connecting to exoplanetarchive.ipac.caltech.edu (exoplanetarchive.ipac.caltech.edu)|134.4.54.147|:80... connected.
HTTP request sent, awaiting response... 302 Found
Location: https://exoplanetarchive.ipac.caltech.edu/data/ETSS//Kepler/005/147/84/kplr001431705-2009166043257_llc.fits [following]
--2018-12-09 12:30:40--  https://exoplanetarchive.ipac.caltech.edu/data/ETSS//Kepler/005/147/84/kplr001431705-2009166043257_llc.fits
Connecting to exoplanetarchive.ipac.caltech.edu (exoplanetarchive.ipac.caltech.edu)|134.4.54.147|:443... connected.
HTTP request sent, awaiting response... 200 OK
Length: 192960 (188K) [image/x-fits]
Saving to: 'kplr001431705-2009166043257_llc.fits'

     0K .......... .......... .......... .......... .......... 26% 42,8K 3s
    50K .......... .......... .......... .......... .......... 53% 85,9K 2s
   100K .......... .......... .......... .......... .......... 79%  130K 1s
   150K .......... .......... .......... ........             100%  195K=2,3s

2018-12-09 12:30:43 (80,7 KB/s) - 'kplr001431705-2009166043257_llc.fits' saved [192960/192960]

--2018-12-09 12:30:43--  http://exoplanetarchive.ipac.caltech.edu/data/ETSS//Kepler/005/163/46/kplr001431705-2009166043257_llc_lc.tbl
Resolving exoplanetarchive.ipac.caltech.edu (exoplanetarchive.ipac.caltech.edu)... 134.4.54.147
Connecting to exoplanetarchive.ipac.caltech.edu (exoplanetarchive.ipac.caltech.edu)|134.4.54.147|:80... connected.
HTTP request sent, awaiting response... 302 Found
Location: https://exoplanetarchive.ipac.caltech.edu/data/ETSS//Kepler/005/163/46/kplr001431705-2009166043257_llc_lc.tbl [following]
--2018-12-09 12:30:44--  https://exoplanetarchive.ipac.caltech.edu/data/ETSS//Kepler/005/163/46/kplr001431705-2009166043257_llc_lc.tbl
Connecting to exoplanetarchive.ipac.caltech.edu (exoplanetarchive.ipac.caltech.edu)|134.4.54.147|:443... connected.
HTTP request sent, awaiting response... 200 OK
Length: 533406 (521K) [text/plain]
Saving to: 'kplr001431705-2009166043257_llc_lc.tbl'

     0K .......... .......... .......... .......... ..........  9% 42,8K 11s
    50K .......... .......... .......... .......... .......... 19%  128K 7s
   100K .......... .......... .......... .......... .......... 28%  126K 5s
   150K .......... .......... .......... .......... .......... 38%  129K 4s
   200K .......... .......... .......... .......... .......... 47%  253K 3s
   250K .......... .......... .......... .......... .......... 57%  130K 2s
   300K .......... .......... .......... .......... .......... 67%  258K 2s
   350K .......... .......... .......... .......... .......... 76%  127K 1s
   400K .......... .......... .......... .......... .......... 86%  130K 1s
   450K .......... .......... .......... .......... .......... 95%  260K 0s
   500K .......... ..........                                 100% 8,88M=4,1s

2018-12-09 12:30:49 (127 KB/s) - 'kplr001431705-2009166043257_llc_lc.tbl' saved [533406/533406]

--2018-12-09 12:30:49--  http://exoplanetarchive.ipac.caltech.edu/data/ETSS//Kepler/005/212/36/kplr001431705-2009259160929_llc.fits
Resolving exoplanetarchive.ipac.caltech.edu (exoplanetarchive.ipac.caltech.edu)... 134.4.54.147
Connecting to exoplanetarchive.ipac.caltech.edu (exoplanetarchive.ipac.caltech.edu)|134.4.54.147|:80... connected.
HTTP request sent, awaiting response... 302 Found
Location: https://exoplanetarchive.ipac.caltech.edu/data/ETSS//Kepler/005/212/36/kplr001431705-2009259160929_llc.fits [following]
--2018-12-09 12:30:49--  https://exoplanetarchive.ipac.caltech.edu/data/ETSS//Kepler/005/212/36/kplr001431705-2009259160929_llc.fits
Connecting to exoplanetarchive.ipac.caltech.edu (exoplanetarchive.ipac.caltech.edu)|134.4.54.147|:443... connected.
HTTP request sent, awaiting response... 200 OK
Length: 466560 (456K) [image/x-fits]
Saving to: 'kplr001431705-2009259160929_llc.fits'

     0K .......... .......... .......... .......... .......... 10% 42,7K 10s
    50K .......... .......... .......... .......... .......... 21% 86,2K 6s
   100K .......... .......... .......... .......... .......... 32%  128K 4s
   150K .......... .......... .......... .......... .......... 43%  130K 3s
   200K .......... .......... .......... .......... .......... 54%  130K 2s
   250K .......... .......... .......... .......... .......... 65%  129K 2s
   300K .......... .......... .......... .......... .......... 76%  256K 1s
   350K .......... .......... .......... .......... .......... 87%  130K 1s
   400K .......... .......... .......... .......... .......... 98%  251K 0s
   450K .....                                                 100% 36,6G=4,1s

2018-12-09 12:30:54 (112 KB/s) - 'kplr001431705-2009259160929_llc.fits' saved [466560/466560]

--2018-12-09 12:30:54--  http://exoplanetarchive.ipac.caltech.edu/data/ETSS//Kepler/005/228/99/kplr001431705-2009259160929_llc_lc.tbl
Resolving exoplanetarchive.ipac.caltech.edu (exoplanetarchive.ipac.caltech.edu)... 134.4.54.147
Connecting to exoplanetarchive.ipac.caltech.edu (exoplanetarchive.ipac.caltech.edu)|134.4.54.147|:80... connected.
HTTP request sent, awaiting response... 302 Found
Location: https://exoplanetarchive.ipac.caltech.edu/data/ETSS//Kepler/005/228/99/kplr001431705-2009259160929_llc_lc.tbl [following]
--2018-12-09 12:30:55--  https://exoplanetarchive.ipac.caltech.edu/data/ETSS//Kepler/005/228/99/kplr001431705-2009259160929_llc_lc.tbl
Connecting to exoplanetarchive.ipac.caltech.edu (exoplanetarchive.ipac.caltech.edu)|134.4.54.147|:443... connected.
HTTP request sent, awaiting response... 200 OK
Length: 1407781 (1,3M) [text/plain]
Saving to: 'kplr001431705-2009259160929_llc_lc.tbl'

     0K .......... .......... .......... .......... ..........  3% 43,1K 31s
    50K .......... .......... .......... .......... ..........  7% 85,2K 22s
   100K .......... .......... .......... .......... .......... 10%  127K 17s
   150K .......... .......... .......... .......... .......... 14%  128K 15s
   200K .......... .......... .......... .......... .......... 18%  131K 13s
   250K .......... .......... .......... .......... .......... 21%  252K 11s
   300K .......... .......... .......... .......... .......... 25%  130K 10s
   350K .......... .......... .......... .......... .......... 29%  257K 9s
   400K .......... .......... .......... .......... .......... 32%  251K 8s
   450K .......... .......... .......... .......... .......... 36%  256K 7s
   500K .......... .......... .......... .......... .......... 40%  255K 6s
   550K .......... .......... .......... .......... .......... 43%  259K 6s
   600K .......... .......... .......... .......... .......... 47%  253K 5s
   650K .......... .......... .......... .......... .......... 50% 12,7M 5s
   700K .......... .......... .......... .......... .......... 54%  252K 4s
   750K .......... .......... .......... .......... .......... 58%  273K 4s
   800K .......... .......... .......... .......... .......... 61%  261K 3s
   850K .......... .......... .......... .......... .......... 65%  260K 3s
   900K .......... .......... .......... .......... .......... 69% 3,81M 2s
   950K .......... .......... .......... .......... .......... 72%  261K 2s
  1000K .......... .......... .......... .......... .......... 76%  273K 2s
  1050K .......... .......... .......... .......... .......... 80% 3,72M 1s
  1100K .......... .......... .......... .......... .......... 83%  269K 1s
  1150K .......... .......... .......... .......... .......... 87%  264K 1s
  1200K .......... .......... .......... .......... .......... 90% 4,10M 1s
  1250K .......... .......... .......... .......... .......... 94%  263K 0s
  1300K .......... .......... .......... .......... .......... 98% 10,5M 0s
  1350K .......... .......... ....                            100% 5,24M=6,4s

2018-12-09 12:31:02 (214 KB/s) - 'kplr001431705-2009259160929_llc_lc.tbl' saved [1407781/1407781]

--2018-12-09 12:31:02--  http://exoplanetarchive.ipac.caltech.edu/data/ETSS//Kepler/005/245/63/kplr001431705-2009350155506_llc.fits
Resolving exoplanetarchive.ipac.caltech.edu (exoplanetarchive.ipac.caltech.edu)... 134.4.54.147
Connecting to exoplanetarchive.ipac.caltech.edu (exoplanetarchive.ipac.caltech.edu)|134.4.54.147|:80... connected.
HTTP request sent, awaiting response... 302 Found
Location: https://exoplanetarchive.ipac.caltech.edu/data/ETSS//Kepler/005/245/63/kplr001431705-2009350155506_llc.fits [following]
--2018-12-09 12:31:03--  https://exoplanetarchive.ipac.caltech.edu/data/ETSS//Kepler/005/245/63/kplr001431705-2009350155506_llc.fits
Connecting to exoplanetarchive.ipac.caltech.edu (exoplanetarchive.ipac.caltech.edu)|134.4.54.147|:443... connected.
HTTP request sent, awaiting response... 200 OK
Length: 466560 (456K) [image/x-fits]
Saving to: 'kplr001431705-2009350155506_llc.fits'

     0K .......... .......... .......... .......... .......... 10% 43,0K 9s
    50K .......... .......... .......... .......... .......... 21%  107K 6s
   100K .......... .......... .......... .......... .......... 32%  129K 4s
   150K .......... .......... .......... .......... .......... 43%  160K 3s
   200K .......... .......... .......... .......... .......... 54%  129K 2s
   250K .......... .......... .......... .......... .......... 65%  108K 2s
   300K .......... .......... .......... .......... .......... 76% 85,0K 1s
   350K .......... .......... .......... .......... .......... 87%  129K 1s
   400K .......... .......... .......... .......... .......... 98%  128K 0s
   450K .....                                                 100% 36,6G=4,5s

2018-12-09 12:31:08 (100 KB/s) - 'kplr001431705-2009350155506_llc.fits' saved [466560/466560]

--2018-12-09 12:31:08--  http://exoplanetarchive.ipac.caltech.edu/data/ETSS//Kepler/005/262/19/kplr001431705-2009350155506_llc_lc.tbl
Resolving exoplanetarchive.ipac.caltech.edu (exoplanetarchive.ipac.caltech.edu)... 134.4.54.147
Connecting to exoplanetarchive.ipac.caltech.edu (exoplanetarchive.ipac.caltech.edu)|134.4.54.147|:80... connected.
HTTP request sent, awaiting response... 302 Found
Location: https://exoplanetarchive.ipac.caltech.edu/data/ETSS//Kepler/005/262/19/kplr001431705-2009350155506_llc_lc.tbl [following]
--2018-12-09 12:31:09--  https://exoplanetarchive.ipac.caltech.edu/data/ETSS//Kepler/005/262/19/kplr001431705-2009350155506_llc_lc.tbl
Connecting to exoplanetarchive.ipac.caltech.edu (exoplanetarchive.ipac.caltech.edu)|134.4.54.147|:443... connected.
HTTP request sent, awaiting response... 200 OK
Length: 1412950 (1,3M) [text/plain]
Saving to: 'kplr001431705-2009350155506_llc_lc.tbl'

     0K .......... .......... .......... .......... ..........  3% 43,3K 31s
    50K .......... .......... .......... .......... ..........  7% 86,4K 22s
   100K .......... .......... .......... .......... .......... 10%  129K 17s
   150K .......... .......... .......... .......... .......... 14%  255K 14s
   200K .......... .......... .......... .......... .......... 18%  131K 12s
   250K .......... .......... .......... .......... .......... 21%  252K 10s
   300K .......... .......... .......... .......... .......... 25%  258K 9s
   350K .......... .......... .......... .......... .......... 28%  258K 8s
   400K .......... .......... .......... .......... .......... 32%  213K 7s
   450K .......... .......... .......... .......... .......... 36%  260K 7s
   500K .......... .......... .......... .......... .......... 39%  318K 6s
   550K .......... .......... .......... .......... .......... 43%  259K 5s
   600K .......... .......... .......... .......... .......... 47%  252K 5s
   650K .......... .......... .......... .......... .......... 50% 1,40M 4s
   700K .......... .......... .......... .......... .......... 54%  307K 4s
   750K .......... .......... .......... .......... .......... 57%  262K 3s
   800K .......... .......... .......... .......... .......... 61%  256K 3s
   850K .......... .......... .......... .......... .......... 65%  265K 3s
   900K .......... .......... .......... .......... .......... 68% 12,8M 2s
   950K .......... .......... .......... .......... .......... 72%  261K 2s
  1000K .......... .......... .......... .......... .......... 76% 6,22M 2s
  1050K .......... .......... .......... .......... .......... 79%  128K 1s
  1100K .......... .......... .......... .......... .......... 83% 23,0M 1s
  1150K .......... .......... .......... .......... .......... 86%  262K 1s
  1200K .......... .......... .......... .......... .......... 90% 64,9K 1s
  1250K .......... .......... .......... .......... .......... 94%  130K 0s
  1300K .......... .......... .......... .......... .......... 97%  238K 0s
  1350K .......... .......... .........                       100%  155K=7,4s

2018-12-09 12:31:17 (187 KB/s) - 'kplr001431705-2009350155506_llc_lc.tbl' saved [1412950/1412950]

--2018-12-09 12:31:17--  http://exoplanetarchive.ipac.caltech.edu/data/ETSS//Kepler/005/344/90/kplr001431705-2010078095331_llc.fits
Resolving exoplanetarchive.ipac.caltech.edu (exoplanetarchive.ipac.caltech.edu)... 134.4.54.147
Connecting to exoplanetarchive.ipac.caltech.edu (exoplanetarchive.ipac.caltech.edu)|134.4.54.147|:80... connected.
HTTP request sent, awaiting response... 302 Found
Location: https://exoplanetarchive.ipac.caltech.edu/data/ETSS//Kepler/005/344/90/kplr001431705-2010078095331_llc.fits [following]
--2018-12-09 12:31:17--  https://exoplanetarchive.ipac.caltech.edu/data/ETSS//Kepler/005/344/90/kplr001431705-2010078095331_llc.fits
Connecting to exoplanetarchive.ipac.caltech.edu (exoplanetarchive.ipac.caltech.edu)|134.4.54.147|:443... connected.
HTTP request sent, awaiting response... 200 OK
Length: 469440 (458K) [image/x-fits]
Saving to: 'kplr001431705-2010078095331_llc.fits'

     0K .......... .......... .......... .......... .......... 10% 42,8K 10s
    50K .......... .......... .......... .......... .......... 21%  129K 6s
   100K .......... .......... .......... .......... .......... 32%  130K 4s
   150K .......... .......... .......... .......... .......... 43%  246K 3s
   200K .......... .......... .......... .......... .......... 54%  131K 2s
   250K .......... .......... .......... .......... .......... 65%  258K 1s
   300K .......... .......... .......... .......... .......... 76%  257K 1s
   350K .......... .......... .......... .......... .......... 87% 2,75M 0s
   400K .......... .......... .......... .......... .......... 98%  254K 0s
   450K ........                                              100% 27,4M=3,1s

2018-12-09 12:31:22 (147 KB/s) - 'kplr001431705-2010078095331_llc.fits' saved [469440/469440]

--2018-12-09 12:31:22--  http://exoplanetarchive.ipac.caltech.edu/data/ETSS//Kepler/005/361/89/kplr001431705-2010078095331_llc_lc.tbl
Resolving exoplanetarchive.ipac.caltech.edu (exoplanetarchive.ipac.caltech.edu)... 134.4.54.147
Connecting to exoplanetarchive.ipac.caltech.edu (exoplanetarchive.ipac.caltech.edu)|134.4.54.147|:80... connected.
HTTP request sent, awaiting response... 302 Found
Location: https://exoplanetarchive.ipac.caltech.edu/data/ETSS//Kepler/005/361/89/kplr001431705-2010078095331_llc_lc.tbl [following]
--2018-12-09 12:31:22--  https://exoplanetarchive.ipac.caltech.edu/data/ETSS//Kepler/005/361/89/kplr001431705-2010078095331_llc_lc.tbl
Connecting to exoplanetarchive.ipac.caltech.edu (exoplanetarchive.ipac.caltech.edu)|134.4.54.147|:443... connected.
HTTP request sent, awaiting response... 200 OK
Length: 1421615 (1,4M) [text/plain]
Saving to: 'kplr001431705-2010078095331_llc_lc.tbl'

     0K .......... .......... .......... .......... ..........  3% 42,9K 31s
    50K .......... .......... .......... .......... ..........  7% 86,0K 23s
   100K .......... .......... .......... .......... .......... 10%  254K 16s
   150K .......... .......... .......... .......... .......... 14%  130K 14s
   200K .......... .......... .......... .......... .......... 18%  252K 12s
   250K .......... .......... .......... .......... .......... 21%  251K 10s
   300K .......... .......... .......... .......... .......... 25%  254K 9s
   350K .......... .......... .......... .......... .......... 28%  257K 8s
   400K .......... .......... .......... .......... .......... 32%  252K 7s
   450K .......... .......... .......... .......... .......... 36%  256K 6s
   500K .......... .......... .......... .......... .......... 39%  266K 6s
   550K .......... .......... .......... .......... .......... 43%  252K 5s
   600K .......... .......... .......... .......... .......... 46% 4,82M 4s
   650K .......... .......... .......... .......... .......... 50%  266K 4s
   700K .......... .......... .......... .......... .......... 54%  255K 4s
   750K .......... .......... .......... .......... .......... 57%  262K 3s
   800K .......... .......... .......... .......... .......... 61% 3,52M 3s
   850K .......... .......... .......... .......... .......... 64%  259K 3s
   900K .......... .......... .......... .......... .......... 68%  273K 2s
   950K .......... .......... .......... .......... .......... 72% 5,09M 2s
  1000K .......... .......... .......... .......... .......... 75%  263K 2s
  1050K .......... .......... .......... .......... .......... 79% 9,74M 1s
  1100K .......... .......... .......... .......... .......... 82%  261K 1s
  1150K .......... .......... .......... .......... .......... 86% 13,4M 1s
  1200K .......... .......... .......... .......... .......... 90%  261K 1s
  1250K .......... .......... .......... .......... .......... 93% 12,5M 0s
  1300K .......... .......... .......... .......... .......... 97%  265K 0s
  1350K .......... .......... .......... ........             100% 12,6M=5,7s

2018-12-09 12:31:29 (245 KB/s) - 'kplr001431705-2010078095331_llc_lc.tbl' saved [1421615/1421615]

--2018-12-09 12:31:29--  http://exoplanetarchive.ipac.caltech.edu/data/ETSS//Kepler/005/179/09/kplr001431705-2010174085026_llc.fits
Resolving exoplanetarchive.ipac.caltech.edu (exoplanetarchive.ipac.caltech.edu)... 134.4.54.147
Connecting to exoplanetarchive.ipac.caltech.edu (exoplanetarchive.ipac.caltech.edu)|134.4.54.147|:80... connected.
HTTP request sent, awaiting response... 302 Found
Location: https://exoplanetarchive.ipac.caltech.edu/data/ETSS//Kepler/005/179/09/kplr001431705-2010174085026_llc.fits [following]
--2018-12-09 12:31:29--  https://exoplanetarchive.ipac.caltech.edu/data/ETSS//Kepler/005/179/09/kplr001431705-2010174085026_llc.fits
Connecting to exoplanetarchive.ipac.caltech.edu (exoplanetarchive.ipac.caltech.edu)|134.4.54.147|:443... connected.
HTTP request sent, awaiting response... 200 OK
Length: 492480 (481K) [image/x-fits]
Saving to: 'kplr001431705-2010174085026_llc.fits'

     0K .......... .......... .......... .......... .......... 10% 43,0K 10s
    50K .......... .......... .......... .......... .......... 20%  129K 6s
   100K .......... .......... .......... .......... .......... 31%  130K 4s
   150K .......... .......... .......... .......... .......... 41%  130K 3s
   200K .......... .......... .......... .......... .......... 51%  253K 2s
   250K .......... .......... .......... .......... .......... 62%  129K 2s
   300K .......... .......... .......... .......... .......... 72%  256K 1s
   350K .......... .......... .......... .......... .......... 83%  130K 1s
   400K .......... .......... .......... .......... .......... 93%  251K 0s
   450K .......... .......... ..........                      100% 5,04M=3,7s

2018-12-09 12:31:34 (130 KB/s) - 'kplr001431705-2010174085026_llc.fits' saved [492480/492480]

--2018-12-09 12:31:34--  http://exoplanetarchive.ipac.caltech.edu/data/ETSS//Kepler/005/195/72/kplr001431705-2010174085026_llc_lc.tbl
Resolving exoplanetarchive.ipac.caltech.edu (exoplanetarchive.ipac.caltech.edu)... 134.4.54.147
Connecting to exoplanetarchive.ipac.caltech.edu (exoplanetarchive.ipac.caltech.edu)|134.4.54.147|:80... connected.
HTTP request sent, awaiting response... 302 Found
Location: https://exoplanetarchive.ipac.caltech.edu/data/ETSS//Kepler/005/195/72/kplr001431705-2010174085026_llc_lc.tbl [following]
--2018-12-09 12:31:35--  https://exoplanetarchive.ipac.caltech.edu/data/ETSS//Kepler/005/195/72/kplr001431705-2010174085026_llc_lc.tbl
Connecting to exoplanetarchive.ipac.caltech.edu (exoplanetarchive.ipac.caltech.edu)|134.4.54.147|:443... connected.
HTTP request sent, awaiting response... 200 OK
Length: 1497971 (1,4M) [text/plain]
Saving to: 'kplr001431705-2010174085026_llc_lc.tbl'

     0K .......... .......... .......... .......... ..........  3% 42,7K 33s
    50K .......... .......... .......... .......... ..........  6%  128K 21s
   100K .......... .......... .......... .......... .......... 10%  128K 17s
   150K .......... .......... .......... .......... .......... 13%  130K 15s
   200K .......... .......... .......... .......... .......... 17%  246K 12s
   250K .......... .......... .......... .......... .......... 20%  252K 11s
   300K .......... .......... .......... .......... .......... 23%  251K 9s
   350K .......... .......... .......... .......... .......... 27%  260K 8s
   400K .......... .......... .......... .......... .......... 30%  252K 7s
   450K .......... .......... .......... .......... .......... 34%  260K 7s
   500K .......... .......... .......... .......... .......... 37%  279K 6s
   550K .......... .......... .......... .......... .......... 41%  260K 6s
   600K .......... .......... .......... .......... .......... 44% 3,27M 5s
   650K .......... .......... .......... .......... .......... 47%  275K 4s
   700K .......... .......... .......... .......... .......... 51% 2,66M 4s
   750K .......... .......... .......... .......... .......... 54%  264K 4s
   800K .......... .......... .......... .......... .......... 58%  277K 3s
   850K .......... .......... .......... .......... .......... 61% 2,92M 3s
   900K .......... .......... .......... .......... .......... 64% 6,48M 2s
   950K .......... .......... .......... .......... .......... 68%  269K 2s
  1000K .......... .......... .......... .......... .......... 71%  272K 2s
  1050K .......... .......... .......... .......... .......... 75% 3,86M 2s
  1100K .......... .......... .......... .......... .......... 78% 11,2M 1s
  1150K .......... .......... .......... .......... .......... 82%  276K 1s
  1200K .......... .......... .......... .......... .......... 85% 3,00M 1s
  1250K .......... .......... .......... .......... .......... 88%  280K 1s
  1300K .......... .......... .......... .......... .......... 92% 3,28M 0s
  1350K .......... .......... .......... .......... .......... 95% 12,1M 0s
  1400K .......... .......... .......... .......... .......... 99%  283K 0s
  1450K .......... ..                                         100% 23,7M=5,5s

2018-12-09 12:31:41 (268 KB/s) - 'kplr001431705-2010174085026_llc_lc.tbl' saved [1497971/1497971]

--2018-12-09 12:31:41--  http://exoplanetarchive.ipac.caltech.edu/data/ETSS//Kepler/005/378/88/kplr001431705-2010265121752_llc.fits
Resolving exoplanetarchive.ipac.caltech.edu (exoplanetarchive.ipac.caltech.edu)... 134.4.54.147
Connecting to exoplanetarchive.ipac.caltech.edu (exoplanetarchive.ipac.caltech.edu)|134.4.54.147|:80... connected.
HTTP request sent, awaiting response... 302 Found
Location: https://exoplanetarchive.ipac.caltech.edu/data/ETSS//Kepler/005/378/88/kplr001431705-2010265121752_llc.fits [following]
--2018-12-09 12:31:41--  https://exoplanetarchive.ipac.caltech.edu/data/ETSS//Kepler/005/378/88/kplr001431705-2010265121752_llc.fits
Connecting to exoplanetarchive.ipac.caltech.edu (exoplanetarchive.ipac.caltech.edu)|134.4.54.147|:443... connected.
HTTP request sent, awaiting response... 200 OK
Length: 469440 (458K) [image/x-fits]
Saving to: 'kplr001431705-2010265121752_llc.fits'

     0K .......... .......... .......... .......... .......... 10% 43,2K 9s
    50K .......... .......... .......... .......... .......... 21%  107K 6s
   100K .......... .......... .......... .......... .......... 32%  129K 4s
   150K .......... .......... .......... .......... .......... 43%  160K 3s
   200K .......... .......... .......... .......... .......... 54%  252K 2s
   250K .......... .......... .......... .......... .......... 65%  130K 2s
   300K .......... .......... .......... .......... .......... 76%  260K 1s
   350K .......... .......... .......... .......... .......... 87%  252K 0s
   400K .......... .......... .......... .......... .......... 98%  258K 0s
   450K ........                                              100% 14,4M=3,5s

2018-12-09 12:31:46 (131 KB/s) - 'kplr001431705-2010265121752_llc.fits' saved [469440/469440]

--2018-12-09 12:31:46--  http://exoplanetarchive.ipac.caltech.edu/data/ETSS//Kepler/005/395/41/kplr001431705-2010265121752_llc_lc.tbl
Resolving exoplanetarchive.ipac.caltech.edu (exoplanetarchive.ipac.caltech.edu)... 134.4.54.147
Connecting to exoplanetarchive.ipac.caltech.edu (exoplanetarchive.ipac.caltech.edu)|134.4.54.147|:80... connected.
HTTP request sent, awaiting response... 302 Found
Location: https://exoplanetarchive.ipac.caltech.edu/data/ETSS//Kepler/005/395/41/kplr001431705-2010265121752_llc_lc.tbl [following]
--2018-12-09 12:31:46--  https://exoplanetarchive.ipac.caltech.edu/data/ETSS//Kepler/005/395/41/kplr001431705-2010265121752_llc_lc.tbl
Connecting to exoplanetarchive.ipac.caltech.edu (exoplanetarchive.ipac.caltech.edu)|134.4.54.147|:443... connected.
HTTP request sent, awaiting response... 200 OK
Length: 1421949 (1,4M) [text/plain]
Saving to: 'kplr001431705-2010265121752_llc_lc.tbl'

     0K .......... .......... .......... .......... ..........  3% 51,8K 26s
    50K .......... .......... .......... .......... ..........  7%  129K 17s
   100K .......... .......... .......... .......... .......... 10%  226K 13s
   150K .......... .......... .......... .......... .......... 14%  130K 12s
   200K .......... .......... .......... .......... .......... 18%  130K 11s
   250K .......... .......... .......... .......... .......... 21%  258K 9s
   300K .......... .......... .......... .......... .......... 25%  256K 8s
   350K .......... .......... .......... .......... .......... 28%  251K 7s
   400K .......... .......... .......... .......... .......... 32% 65,1K 8s
   450K .......... .......... .......... .......... .......... 36%  127K 7s
   500K .......... .......... .......... .......... .......... 39%  176K 7s
   550K .......... .......... .......... .......... .......... 43%  164K 6s
   600K .......... .......... .......... .......... .......... 46%  235K 6s
   650K .......... .......... .......... .......... .......... 50%  271K 5s
   700K .......... .......... .......... .......... .......... 54%  160K 5s
   750K .......... .......... .......... .......... .......... 57%  108K 4s
   800K .......... .......... .......... .......... .......... 61% 86,6K 4s
   850K .......... .......... .......... .......... .......... 64%  134K 4s
   900K .......... .......... .......... .......... .......... 68%  129K 3s
   950K .......... .......... .......... .......... .......... 72% 85,5K 3s
  1000K .......... .......... .......... .......... .......... 75%  123K 3s
  1050K .......... .......... .......... .......... .......... 79% 66,2K 2s
  1100K .......... .......... .......... .......... .......... 82%  128K 2s
  1150K .......... .......... .......... .......... .......... 86%  121K 2s
  1200K .......... .......... .......... .......... .......... 90% 85,1K 1s
  1250K .......... .......... .......... .......... .......... 93%  128K 1s
  1300K .......... .......... .......... .......... .......... 97%  128K 0s
  1350K .......... .......... .......... ........             100%  191K=11s

2018-12-09 12:31:59 (123 KB/s) - 'kplr001431705-2010265121752_llc_lc.tbl' saved [1421949/1421949]

--2018-12-09 12:31:59--  http://exoplanetarchive.ipac.caltech.edu/data/ETSS//Kepler/005/278/75/kplr001431705-2010355172524_llc.fits
Resolving exoplanetarchive.ipac.caltech.edu (exoplanetarchive.ipac.caltech.edu)... 134.4.54.147
Connecting to exoplanetarchive.ipac.caltech.edu (exoplanetarchive.ipac.caltech.edu)|134.4.54.147|:80... connected.
HTTP request sent, awaiting response... 302 Found
Location: https://exoplanetarchive.ipac.caltech.edu/data/ETSS//Kepler/005/278/75/kplr001431705-2010355172524_llc.fits [following]
--2018-12-09 12:31:59--  https://exoplanetarchive.ipac.caltech.edu/data/ETSS//Kepler/005/278/75/kplr001431705-2010355172524_llc.fits
Connecting to exoplanetarchive.ipac.caltech.edu (exoplanetarchive.ipac.caltech.edu)|134.4.54.147|:443... connected.
HTTP request sent, awaiting response... 200 OK
Length: 466560 (456K) [image/x-fits]
Saving to: 'kplr001431705-2010355172524_llc.fits'

     0K .......... .......... .......... .......... .......... 10% 42,9K 9s
    50K .......... .......... .......... .......... .......... 21% 85,3K 6s
   100K .......... .......... .......... .......... .......... 32%  128K 4s
   150K .......... .......... .......... .......... .......... 43%  131K 3s
   200K .......... .......... .......... .......... .......... 54%  255K 2s
   250K .......... .......... .......... .......... .......... 65%  128K 2s
   300K .......... .......... .......... .......... .......... 76%  259K 1s
   350K .......... .......... .......... .......... .......... 87%  253K 0s
   400K .......... .......... .......... .......... .......... 98%  249K 0s
   450K .....                                                 100% 36,6G=3,7s

2018-12-09 12:32:04 (123 KB/s) - 'kplr001431705-2010355172524_llc.fits' saved [466560/466560]

--2018-12-09 12:32:04--  http://exoplanetarchive.ipac.caltech.edu/data/ETSS//Kepler/005/295/09/kplr001431705-2010355172524_llc_lc.tbl
Resolving exoplanetarchive.ipac.caltech.edu (exoplanetarchive.ipac.caltech.edu)... 134.4.54.147
Connecting to exoplanetarchive.ipac.caltech.edu (exoplanetarchive.ipac.caltech.edu)|134.4.54.147|:80... connected.
HTTP request sent, awaiting response... 302 Found
Location: https://exoplanetarchive.ipac.caltech.edu/data/ETSS//Kepler/005/295/09/kplr001431705-2010355172524_llc_lc.tbl [following]
--2018-12-09 12:32:04--  https://exoplanetarchive.ipac.caltech.edu/data/ETSS//Kepler/005/295/09/kplr001431705-2010355172524_llc_lc.tbl
Connecting to exoplanetarchive.ipac.caltech.edu (exoplanetarchive.ipac.caltech.edu)|134.4.54.147|:443... connected.
HTTP request sent, awaiting response... 200 OK
Length: 1414559 (1,3M) [text/plain]
Saving to: 'kplr001431705-2010355172524_llc_lc.tbl'

     0K .......... .......... .......... .......... ..........  3% 42,5K 31s
    50K .......... .......... .......... .......... ..........  7% 87,0K 22s
   100K .......... .......... .......... .......... .......... 10%  126K 18s
   150K .......... .......... .......... .......... .......... 14%  131K 15s
   200K .......... .......... .......... .......... .......... 18%  256K 12s
   250K .......... .......... .......... .......... .......... 21%  129K 11s
   300K .......... .......... .......... .......... .......... 25%  255K 10s
   350K .......... .......... .......... .......... .......... 28%  255K 9s
   400K .......... .......... .......... .......... .......... 32%  129K 8s
   450K .......... .......... .......... .......... .......... 36%  260K 7s
   500K .......... .......... .......... .......... .......... 39%  255K 6s
   550K .......... .......... .......... .......... .......... 43% 12,3M 6s
   600K .......... .......... .......... .......... .......... 47%  129K 5s
   650K .......... .......... .......... .......... .......... 50% 12,1M 5s
   700K .......... .......... .......... .......... .......... 54%  208K 4s
   750K .......... .......... .......... .......... .......... 57%  332K 4s
   800K .......... .......... .......... .......... .......... 61%  267K 3s
   850K .......... .......... .......... .......... .......... 65%  255K 3s
   900K .......... .......... .......... .......... .......... 68% 12,3M 2s
   950K .......... .......... .......... .......... .......... 72%  258K 2s
  1000K .......... .......... .......... .......... .......... 76%  253K 2s
  1050K .......... .......... .......... .......... .......... 79%  250K 2s
  1100K .......... .......... .......... .......... .......... 83% 23,3M 1s
  1150K .......... .......... .......... .......... .......... 86%  258K 1s
  1200K .......... .......... .......... .......... .......... 90%  241K 1s
  1250K .......... .......... .......... .......... .......... 94%  241K 0s
  1300K .......... .......... .......... .......... .......... 97%  283K 0s
  1350K .......... .......... .......... .                    100% 8,99M=6,8s

2018-12-09 12:32:12 (202 KB/s) - 'kplr001431705-2010355172524_llc_lc.tbl' saved [1414559/1414559]

--2018-12-09 12:32:12--  http://exoplanetarchive.ipac.caltech.edu/data/ETSS//Kepler/005/411/95/kplr001431705-2011073133259_llc.fits
Resolving exoplanetarchive.ipac.caltech.edu (exoplanetarchive.ipac.caltech.edu)... 134.4.54.147
Connecting to exoplanetarchive.ipac.caltech.edu (exoplanetarchive.ipac.caltech.edu)|134.4.54.147|:80... connected.
HTTP request sent, awaiting response... 302 Found
Location: https://exoplanetarchive.ipac.caltech.edu/data/ETSS//Kepler/005/411/95/kplr001431705-2011073133259_llc.fits [following]
--2018-12-09 12:32:13--  https://exoplanetarchive.ipac.caltech.edu/data/ETSS//Kepler/005/411/95/kplr001431705-2011073133259_llc.fits
Connecting to exoplanetarchive.ipac.caltech.edu (exoplanetarchive.ipac.caltech.edu)|134.4.54.147|:443... connected.
HTTP request sent, awaiting response... 200 OK
Length: 357120 (349K) [image/x-fits]
Saving to: 'kplr001431705-2011073133259_llc.fits'

     0K .......... .......... .......... .......... .......... 14% 43,0K 7s
    50K .......... .......... .......... .......... .......... 28% 85,3K 4s
   100K .......... .......... .......... .......... .......... 43%  129K 3s
   150K .......... .......... .......... .......... .......... 57%  132K 2s
   200K .......... .......... .......... .......... .......... 71% 84,7K 1s
   250K .......... .......... .......... .......... .......... 86% 43,4K 1s
   300K .......... .......... .......... .......... ........  100% 63,1K=5,0s

2018-12-09 12:32:19 (69,3 KB/s) - 'kplr001431705-2011073133259_llc.fits' saved [357120/357120]

--2018-12-09 12:32:19--  http://exoplanetarchive.ipac.caltech.edu/data/ETSS//Kepler/005/428/74/kplr001431705-2011073133259_llc_lc.tbl
Resolving exoplanetarchive.ipac.caltech.edu (exoplanetarchive.ipac.caltech.edu)... 134.4.54.147
Connecting to exoplanetarchive.ipac.caltech.edu (exoplanetarchive.ipac.caltech.edu)|134.4.54.147|:80... connected.
HTTP request sent, awaiting response... 302 Found
Location: https://exoplanetarchive.ipac.caltech.edu/data/ETSS//Kepler/005/428/74/kplr001431705-2011073133259_llc_lc.tbl [following]
--2018-12-09 12:32:19--  https://exoplanetarchive.ipac.caltech.edu/data/ETSS//Kepler/005/428/74/kplr001431705-2011073133259_llc_lc.tbl
Connecting to exoplanetarchive.ipac.caltech.edu (exoplanetarchive.ipac.caltech.edu)|134.4.54.147|:443... connected.
HTTP request sent, awaiting response... 200 OK
Length: 1061658 (1,0M) [text/plain]
Saving to: 'kplr001431705-2011073133259_llc_lc.tbl'

     0K .......... .......... .......... .......... ..........  4% 43,2K 23s
    50K .......... .......... .......... .......... ..........  9% 86,3K 16s
   100K .......... .......... .......... .......... .......... 14%  126K 13s
   150K .......... .......... .......... .......... .......... 19%  259K 10s
   200K .......... .......... .......... .......... .......... 24%  130K 9s
   250K .......... .......... .......... .......... .......... 28%  259K 7s
   300K .......... .......... .......... .......... .......... 33%  130K 6s
   350K .......... .......... .......... .......... .......... 38%  259K 6s
   400K .......... .......... .......... .......... .......... 43%  129K 5s
   450K .......... .......... .......... .......... .......... 48%  251K 4s
   500K .......... .......... .......... .......... .......... 53%  256K 4s
   550K .......... .......... .......... .......... .......... 57%  265K 3s
   600K .......... .......... .......... .......... .......... 62%  256K 3s
   650K .......... .......... .......... .......... .......... 67% 8,72M 2s
   700K .......... .......... .......... .......... .......... 72%  256K 2s
   750K .......... .......... .......... .......... .......... 77%  263K 1s
   800K .......... .......... .......... .......... .......... 81%  261K 1s
   850K .......... .......... .......... .......... .......... 86%  261K 1s
   900K .......... .......... .......... .......... .......... 91% 3,57M 0s
   950K .......... .......... .......... .......... .......... 96%  272K 0s
  1000K .......... .......... .......... ......               100% 12,7M=5,6s

2018-12-09 12:32:26 (184 KB/s) - 'kplr001431705-2011073133259_llc_lc.tbl' saved [1061658/1061658]

--2018-12-09 12:32:26--  http://exoplanetarchive.ipac.caltech.edu/data/ETSS//Kepler/005/311/43/kplr001431705-2011177032512_llc.fits
Resolving exoplanetarchive.ipac.caltech.edu (exoplanetarchive.ipac.caltech.edu)... 134.4.54.147
Connecting to exoplanetarchive.ipac.caltech.edu (exoplanetarchive.ipac.caltech.edu)|134.4.54.147|:80... connected.
HTTP request sent, awaiting response... 302 Found
Location: https://exoplanetarchive.ipac.caltech.edu/data/ETSS//Kepler/005/311/43/kplr001431705-2011177032512_llc.fits [following]
--2018-12-09 12:32:27--  https://exoplanetarchive.ipac.caltech.edu/data/ETSS//Kepler/005/311/43/kplr001431705-2011177032512_llc.fits
Connecting to exoplanetarchive.ipac.caltech.edu (exoplanetarchive.ipac.caltech.edu)|134.4.54.147|:443... connected.
HTTP request sent, awaiting response... 200 OK
Length: 506880 (495K) [image/x-fits]
Saving to: 'kplr001431705-2011177032512_llc.fits'

     0K .......... .......... .......... .......... .......... 10% 43,0K 10s
    50K .......... .......... .......... .......... .......... 20% 85,2K 7s
   100K .......... .......... .......... .......... .......... 30%  220K 5s
   150K .......... .......... .......... .......... .......... 40%  143K 3s
   200K .......... .......... .......... .......... .......... 50%  213K 3s
   250K .......... .......... .......... .......... .......... 60% 53,6K 2s
   300K .......... .......... .......... .......... .......... 70% 61,6K 2s
   350K .......... .......... .......... .......... .......... 80% 64,4K 1s
   400K .......... .......... .......... .......... .......... 90% 42,5K 1s
   450K .......... .......... .......... .......... .....     100%  120K=6,6s

2018-12-09 12:32:34 (74,6 KB/s) - 'kplr001431705-2011177032512_llc.fits' saved [506880/506880]

--2018-12-09 12:32:34--  http://exoplanetarchive.ipac.caltech.edu/data/ETSS//Kepler/005/328/16/kplr001431705-2011177032512_llc_lc.tbl
Resolving exoplanetarchive.ipac.caltech.edu (exoplanetarchive.ipac.caltech.edu)... 134.4.54.147
Connecting to exoplanetarchive.ipac.caltech.edu (exoplanetarchive.ipac.caltech.edu)|134.4.54.147|:80... connected.
HTTP request sent, awaiting response... 302 Found
Location: https://exoplanetarchive.ipac.caltech.edu/data/ETSS//Kepler/005/328/16/kplr001431705-2011177032512_llc_lc.tbl [following]
--2018-12-09 12:32:35--  https://exoplanetarchive.ipac.caltech.edu/data/ETSS//Kepler/005/328/16/kplr001431705-2011177032512_llc_lc.tbl
Connecting to exoplanetarchive.ipac.caltech.edu (exoplanetarchive.ipac.caltech.edu)|134.4.54.147|:443... connected.
HTTP request sent, awaiting response... 200 OK
Length: 1541088 (1,5M) [text/plain]
Saving to: 'kplr001431705-2011177032512_llc_lc.tbl'

     0K .......... .......... .......... .......... ..........  3% 42,8K 34s
    50K .......... .......... .......... .......... ..........  6%  116K 22s
   100K .......... .......... .......... .......... ..........  9%  129K 18s
   150K .......... .......... .......... .......... .......... 13%  146K 15s
   200K .......... .......... .......... .......... .......... 16%  206K 13s
   250K .......... .......... .......... .......... .......... 19%  148K 12s
   300K .......... .......... .......... .......... .......... 23%  253K 10s
   350K .......... .......... .......... .......... .......... 26%  258K 9s
   400K .......... .......... .......... .......... .......... 29%  253K 8s
   450K .......... .......... .......... .......... .......... 33% 3,02M 7s
   500K .......... .......... .......... .......... .......... 36%  266K 6s
   550K .......... .......... .......... .......... .......... 39%  271K 6s
   600K .......... .......... .......... .......... .......... 43%  256K 5s
   650K .......... .......... .......... .......... .......... 46% 4,15M 5s
   700K .......... .......... .......... .......... .......... 49%  271K 4s
   750K .......... .......... .......... .......... .......... 53%  257K 4s
   800K .......... .......... .......... .......... .......... 56%  260K 4s
   850K .......... .......... .......... .......... .......... 59%  258K 3s
   900K .......... .......... .......... .......... .......... 63% 8,78M 3s
   950K .......... .......... .......... .......... .......... 66%  259K 3s
  1000K .......... .......... .......... .......... .......... 69% 12,1M 2s
  1050K .......... .......... .......... .......... .......... 73%  258K 2s
  1100K .......... .......... .......... .......... .......... 76% 9,18M 2s
  1150K .......... .......... .......... .......... .......... 79% 17,3M 1s
  1200K .......... .......... .......... .......... .......... 83%  263K 1s
  1250K .......... .......... .......... .......... .......... 86% 6,52M 1s
  1300K .......... .......... .......... .......... .......... 89%  264K 1s
  1350K .......... .......... .......... .......... .......... 93% 6,15M 0s
  1400K .......... .......... .......... .......... .......... 96%  265K 0s
  1450K .......... .......... .......... .......... .......... 99% 11,7M 0s
  1500K ....                                                  100% 18,4M=5,9s

2018-12-09 12:32:42 (257 KB/s) - 'kplr001431705-2011177032512_llc_lc.tbl' saved [1541088/1541088]

--2018-12-09 12:32:42--  http://exoplanetarchive.ipac.caltech.edu/data/ETSS//Kepler/005/445/52/kplr001431705-2011271113734_llc.fits
Resolving exoplanetarchive.ipac.caltech.edu (exoplanetarchive.ipac.caltech.edu)... 134.4.54.147
Connecting to exoplanetarchive.ipac.caltech.edu (exoplanetarchive.ipac.caltech.edu)|134.4.54.147|:80... connected.
HTTP request sent, awaiting response... 302 Found
Location: https://exoplanetarchive.ipac.caltech.edu/data/ETSS//Kepler/005/445/52/kplr001431705-2011271113734_llc.fits [following]
--2018-12-09 12:32:42--  https://exoplanetarchive.ipac.caltech.edu/data/ETSS//Kepler/005/445/52/kplr001431705-2011271113734_llc.fits
Connecting to exoplanetarchive.ipac.caltech.edu (exoplanetarchive.ipac.caltech.edu)|134.4.54.147|:443... connected.
HTTP request sent, awaiting response... 200 OK
Length: 486720 (475K) [image/x-fits]
Saving to: 'kplr001431705-2011271113734_llc.fits'

     0K .......... .......... .......... .......... .......... 10% 43,2K 10s
    50K .......... .......... .......... .......... .......... 21%  115K 6s
   100K .......... .......... .......... .......... .......... 31%  129K 4s
   150K .......... .......... .......... .......... .......... 42%  134K 3s
   200K .......... .......... .......... .......... .......... 52%  222K 2s
   250K .......... .......... .......... .......... .......... 63%  254K 2s
   300K .......... .......... .......... .......... .......... 73%  246K 1s
   350K .......... .......... .......... .......... .......... 84%  253K 1s
   400K .......... .......... .......... .......... .......... 94%  251K 0s
   450K .......... .......... .....                           100% 6,68M=3,4s

2018-12-09 12:32:46 (141 KB/s) - 'kplr001431705-2011271113734_llc.fits' saved [486720/486720]

--2018-12-09 12:32:46--  http://exoplanetarchive.ipac.caltech.edu/data/ETSS//Kepler/005/462/22/kplr001431705-2011271113734_llc_lc.tbl
Resolving exoplanetarchive.ipac.caltech.edu (exoplanetarchive.ipac.caltech.edu)... 134.4.54.147
Connecting to exoplanetarchive.ipac.caltech.edu (exoplanetarchive.ipac.caltech.edu)|134.4.54.147|:80... connected.
HTTP request sent, awaiting response... 302 Found
Location: https://exoplanetarchive.ipac.caltech.edu/data/ETSS//Kepler/005/462/22/kplr001431705-2011271113734_llc_lc.tbl [following]
--2018-12-09 12:32:47--  https://exoplanetarchive.ipac.caltech.edu/data/ETSS//Kepler/005/462/22/kplr001431705-2011271113734_llc_lc.tbl
Connecting to exoplanetarchive.ipac.caltech.edu (exoplanetarchive.ipac.caltech.edu)|134.4.54.147|:443... connected.
HTTP request sent, awaiting response... 200 OK
Length: 1478300 (1,4M) [text/plain]
Saving to: 'kplr001431705-2011271113734_llc_lc.tbl'

     0K .......... .......... .......... .......... ..........  3% 43,0K 32s
    50K .......... .......... .......... .......... ..........  6%  106K 22s
   100K .......... .......... .......... .......... .......... 10%  162K 17s
   150K .......... .......... .......... .......... .......... 13%  130K 14s
   200K .......... .......... .......... .......... .......... 17%  255K 12s
   250K .......... .......... .......... .......... .......... 20%  252K 10s
   300K .......... .......... .......... .......... .......... 24%  254K 9s
   350K .......... .......... .......... .......... .......... 27%  256K 8s
   400K .......... .......... .......... .......... .......... 31%  255K 7s
   450K .......... .......... .......... .......... .......... 34%  255K 7s
   500K .......... .......... .......... .......... .......... 38%  254K 6s
   550K .......... .......... .......... .......... .......... 41%  260K 5s
   600K .......... .......... .......... .......... .......... 45% 9,45M 5s
   650K .......... .......... .......... .......... .......... 48%  262K 4s
   700K .......... .......... .......... .......... .......... 51%  258K 4s
   750K .......... .......... .......... .......... .......... 55%  263K 4s
   800K .......... .......... .......... .......... .......... 58%  258K 3s
   850K .......... .......... .......... .......... .......... 62% 11,0M 3s
   900K .......... .......... .......... .......... .......... 65%  264K 3s
   950K .......... .......... .......... .......... .......... 69% 8,74M 2s
  1000K .......... .......... .......... .......... .......... 72%  263K 2s
  1050K .......... .......... .......... .......... .......... 76% 5,46M 2s
  1100K .......... .......... .......... .......... .......... 79%  269K 1s
  1150K .......... .......... .......... .......... .......... 83% 5,93M 1s
  1200K .......... .......... .......... .......... .......... 86%  270K 1s
  1250K .......... .......... .......... .......... .......... 90%  261K 1s
  1300K .......... .......... .......... .......... .......... 93% 3,42M 0s
  1350K .......... .......... .......... .......... .......... 96% 11,6M 0s
  1400K .......... .......... .......... .......... ...       100%  246K=5,8s

2018-12-09 12:32:54 (247 KB/s) - 'kplr001431705-2011271113734_llc_lc.tbl' saved [1478300/1478300]

--2018-12-09 12:32:54--  http://exoplanetarchive.ipac.caltech.edu/data/ETSS//Kepler/005/478/92/kplr001431705-2012004120508_llc.fits
Resolving exoplanetarchive.ipac.caltech.edu (exoplanetarchive.ipac.caltech.edu)... 134.4.54.147
Connecting to exoplanetarchive.ipac.caltech.edu (exoplanetarchive.ipac.caltech.edu)|134.4.54.147|:80... connected.
HTTP request sent, awaiting response... 302 Found
Location: https://exoplanetarchive.ipac.caltech.edu/data/ETSS//Kepler/005/478/92/kplr001431705-2012004120508_llc.fits [following]
--2018-12-09 12:32:54--  https://exoplanetarchive.ipac.caltech.edu/data/ETSS//Kepler/005/478/92/kplr001431705-2012004120508_llc.fits
Connecting to exoplanetarchive.ipac.caltech.edu (exoplanetarchive.ipac.caltech.edu)|134.4.54.147|:443... connected.
HTTP request sent, awaiting response... 200 OK
Length: 506880 (495K) [image/x-fits]
Saving to: 'kplr001431705-2012004120508_llc.fits'

     0K .......... .......... .......... .......... .......... 10% 43,1K 10s
    50K .......... .......... .......... .......... .......... 20%  125K 6s
   100K .......... .......... .......... .......... .......... 30%  254K 4s
   150K .......... .......... .......... .......... .......... 40%  129K 3s
   200K .......... .......... .......... .......... .......... 50%  257K 2s
   250K .......... .......... .......... .......... .......... 60%  129K 2s
   300K .......... .......... .......... .......... .......... 70%  255K 1s
   350K .......... .......... .......... .......... .......... 80%  259K 1s
   400K .......... .......... .......... .......... .......... 90%  260K 0s
   450K .......... .......... .......... .......... .....     100% 15,9M=3,3s

2018-12-09 12:32:59 (149 KB/s) - 'kplr001431705-2012004120508_llc.fits' saved [506880/506880]

--2018-12-09 12:32:59--  http://exoplanetarchive.ipac.caltech.edu/data/ETSS//Kepler/005/495/33/kplr001431705-2012004120508_llc_lc.tbl
Resolving exoplanetarchive.ipac.caltech.edu (exoplanetarchive.ipac.caltech.edu)... 134.4.54.147
Connecting to exoplanetarchive.ipac.caltech.edu (exoplanetarchive.ipac.caltech.edu)|134.4.54.147|:80... connected.
HTTP request sent, awaiting response... 302 Found
Location: https://exoplanetarchive.ipac.caltech.edu/data/ETSS//Kepler/005/495/33/kplr001431705-2012004120508_llc_lc.tbl [following]
--2018-12-09 12:32:59--  https://exoplanetarchive.ipac.caltech.edu/data/ETSS//Kepler/005/495/33/kplr001431705-2012004120508_llc_lc.tbl
Connecting to exoplanetarchive.ipac.caltech.edu (exoplanetarchive.ipac.caltech.edu)|134.4.54.147|:443... connected.
HTTP request sent, awaiting response... 200 OK
Length: 1536627 (1,5M) [text/plain]
Saving to: 'kplr001431705-2012004120508_llc_lc.tbl'

     0K .......... .......... .......... .......... ..........  3% 42,6K 34s
    50K .......... .......... .......... .......... ..........  6% 85,9K 25s
   100K .......... .......... .......... .......... ..........  9%  128K 19s
   150K .......... .......... .......... .......... .......... 13%  127K 17s
   200K .......... .......... .......... .......... .......... 16%  131K 15s
   250K .......... .......... .......... .......... .......... 19%  243K 13s
   300K .......... .......... .......... .......... .......... 23%  250K 11s
   350K .......... .......... .......... .......... .......... 26%  258K 10s
   400K .......... .......... .......... .......... .......... 29%  132K 9s
   450K .......... .......... .......... .......... .......... 33% 3,27M 8s
   500K .......... .......... .......... .......... .......... 36%  261K 7s
   550K .......... .......... .......... .......... .......... 39%  271K 6s
   600K .......... .......... .......... .......... .......... 43%  259K 6s
   650K .......... .......... .......... .......... .......... 46% 3,35M 5s
   700K .......... .......... .......... .......... .......... 49%  274K 5s
   750K .......... .......... .......... .......... .......... 53%  261K 4s
   800K .......... .......... .......... .......... .......... 56%  258K 4s
   850K .......... .......... .......... .......... .......... 59%  258K 4s
   900K .......... .......... .......... .......... .......... 63% 7,02M 3s
   950K .......... .......... .......... .......... .......... 66%  262K 3s
  1000K .......... .......... .......... .......... .......... 69% 7,83M 2s
  1050K .......... .......... .......... .......... .......... 73%  253K 2s
  1100K .......... .......... .......... .......... .......... 76%  271K 2s
  1150K .......... .......... .......... .......... .......... 79% 5,59M 1s
  1200K .......... .......... .......... .......... .......... 83%  266K 1s
  1250K .......... .......... .......... .......... .......... 86% 3,87M 1s
  1300K .......... .......... .......... .......... .......... 89%  269K 1s
  1350K .......... .......... .......... .......... .......... 93% 4,00M 0s
  1400K .......... .......... .......... .......... .......... 96%  266K 0s
  1450K .......... .......... .......... .......... .......... 99% 5,24M 0s
  1500K                                                       100% 3,98G=6,5s

2018-12-09 12:33:07 (233 KB/s) - 'kplr001431705-2012004120508_llc_lc.tbl' saved [1536627/1536627]

--2018-12-09 12:33:07--  http://exoplanetarchive.ipac.caltech.edu/data/ETSS//Kepler/005/511/75/kplr001431705-2012088054726_llc.fits
Resolving exoplanetarchive.ipac.caltech.edu (exoplanetarchive.ipac.caltech.edu)... 134.4.54.147
Connecting to exoplanetarchive.ipac.caltech.edu (exoplanetarchive.ipac.caltech.edu)|134.4.54.147|:80... connected.
HTTP request sent, awaiting response... 302 Found
Location: https://exoplanetarchive.ipac.caltech.edu/data/ETSS//Kepler/005/511/75/kplr001431705-2012088054726_llc.fits [following]
--2018-12-09 12:33:07--  https://exoplanetarchive.ipac.caltech.edu/data/ETSS//Kepler/005/511/75/kplr001431705-2012088054726_llc.fits
Connecting to exoplanetarchive.ipac.caltech.edu (exoplanetarchive.ipac.caltech.edu)|134.4.54.147|:443... connected.
HTTP request sent, awaiting response... 200 OK
Length: 434880 (425K) [image/x-fits]
Saving to: 'kplr001431705-2012088054726_llc.fits'

     0K .......... .......... .......... .......... .......... 11% 42,9K 9s
    50K .......... .......... .......... .......... .......... 23%  107K 5s
   100K .......... .......... .......... .......... .......... 35%  101K 4s
   150K .......... .......... .......... .......... .......... 47%  257K 3s
   200K .......... .......... .......... .......... .......... 58%  127K 2s
   250K .......... .......... .......... .......... .......... 70%  256K 1s
   300K .......... .......... .......... .......... .......... 82%  257K 1s
   350K .......... .......... .......... .......... .......... 94%  130K 0s
   400K .......... .......... ....                            100% 14,9M=3,5s

2018-12-09 12:33:12 (122 KB/s) - 'kplr001431705-2012088054726_llc.fits' saved [434880/434880]

--2018-12-09 12:33:12--  http://exoplanetarchive.ipac.caltech.edu/data/ETSS//Kepler/005/528/44/kplr001431705-2012088054726_llc_lc.tbl
Resolving exoplanetarchive.ipac.caltech.edu (exoplanetarchive.ipac.caltech.edu)... 134.4.54.147
Connecting to exoplanetarchive.ipac.caltech.edu (exoplanetarchive.ipac.caltech.edu)|134.4.54.147|:80... connected.
HTTP request sent, awaiting response... 302 Found
Location: https://exoplanetarchive.ipac.caltech.edu/data/ETSS//Kepler/005/528/44/kplr001431705-2012088054726_llc_lc.tbl [following]
--2018-12-09 12:33:12--  https://exoplanetarchive.ipac.caltech.edu/data/ETSS//Kepler/005/528/44/kplr001431705-2012088054726_llc_lc.tbl
Connecting to exoplanetarchive.ipac.caltech.edu (exoplanetarchive.ipac.caltech.edu)|134.4.54.147|:443... connected.
HTTP request sent, awaiting response... 200 OK
Length: 1307977 (1,2M) [text/plain]
Saving to: 'kplr001431705-2012088054726_llc_lc.tbl'

     0K .......... .......... .......... .......... ..........  3% 42,7K 29s
    50K .......... .......... .......... .......... ..........  7%  107K 19s
   100K .......... .......... .......... .......... .......... 11%  129K 15s
   150K .......... .......... .......... .......... .......... 15%  162K 13s
   200K .......... .......... .......... .......... .......... 19%  254K 10s
   250K .......... .......... .......... .......... .......... 23%  255K 9s
   300K .......... .......... .......... .......... .......... 27%  254K 8s
   350K .......... .......... .......... .......... .......... 31%  256K 7s
   400K .......... .......... .......... .......... .......... 35%  252K 6s
   450K .......... .......... .......... .......... .......... 39%  260K 5s
   500K .......... .......... .......... .......... .......... 43%  255K 5s
   550K .......... .......... .......... .......... .......... 46%  259K 4s
   600K .......... .......... .......... .......... .......... 50% 5,63M 4s
   650K .......... .......... .......... .......... .......... 54%  258K 3s
   700K .......... .......... .......... .......... .......... 58%  265K 3s
   750K .......... .......... .......... .......... .......... 62%  259K 3s
   800K .......... .......... .......... .......... .......... 66% 4,22M 2s
   850K .......... .......... .......... .......... .......... 70%  266K 2s
   900K .......... .......... .......... .......... .......... 74% 5,50M 2s
   950K .......... .......... .......... .......... .......... 78%  270K 1s
  1000K .......... .......... .......... .......... .......... 82% 2,98M 1s
  1050K .......... .......... .......... .......... .......... 86%  274K 1s
  1100K .......... .......... .......... .......... .......... 90% 5,37M 1s
  1150K .......... .......... .......... .......... .......... 93%  271K 0s
  1200K .......... .......... .......... .......... .......... 97% 3,44M 0s
  1250K .......... .......... .......                         100% 24,9M=5,3s

2018-12-09 12:33:18 (242 KB/s) - 'kplr001431705-2012088054726_llc_lc.tbl' saved [1307977/1307977]

--2018-12-09 12:33:18--  http://exoplanetarchive.ipac.caltech.edu/data/ETSS//Kepler/005/545/13/kplr001431705-2012179063303_llc.fits
Resolving exoplanetarchive.ipac.caltech.edu (exoplanetarchive.ipac.caltech.edu)... 134.4.54.147
Connecting to exoplanetarchive.ipac.caltech.edu (exoplanetarchive.ipac.caltech.edu)|134.4.54.147|:80... connected.
HTTP request sent, awaiting response... 302 Found
Location: https://exoplanetarchive.ipac.caltech.edu/data/ETSS//Kepler/005/545/13/kplr001431705-2012179063303_llc.fits [following]
--2018-12-09 12:33:19--  https://exoplanetarchive.ipac.caltech.edu/data/ETSS//Kepler/005/545/13/kplr001431705-2012179063303_llc.fits
Connecting to exoplanetarchive.ipac.caltech.edu (exoplanetarchive.ipac.caltech.edu)|134.4.54.147|:443... connected.
HTTP request sent, awaiting response... 200 OK
Length: 472320 (461K) [image/x-fits]
Saving to: 'kplr001431705-2012179063303_llc.fits'

     0K .......... .......... .......... .......... .......... 10% 42,9K 10s
    50K .......... .......... .......... .......... .......... 21% 86,5K 6s
   100K .......... .......... .......... .......... .......... 32%  245K 4s
   150K .......... .......... .......... .......... .......... 43%  131K 3s
   200K .......... .......... .......... .......... .......... 54%  253K 2s
   250K .......... .......... .......... .......... .......... 65%  132K 2s
   300K .......... .......... .......... .......... .......... 75%  259K 1s
   350K .......... .......... .......... .......... .......... 86%  260K 1s
   400K .......... .......... .......... .......... .......... 97%  245K 0s
   450K .......... .                                          100% 25,4M=3,5s

2018-12-09 12:33:23 (132 KB/s) - 'kplr001431705-2012179063303_llc.fits' saved [472320/472320]

--2018-12-09 12:33:23--  http://exoplanetarchive.ipac.caltech.edu/data/ETSS//Kepler/005/561/81/kplr001431705-2012179063303_llc_lc.tbl
Resolving exoplanetarchive.ipac.caltech.edu (exoplanetarchive.ipac.caltech.edu)... 134.4.54.147
Connecting to exoplanetarchive.ipac.caltech.edu (exoplanetarchive.ipac.caltech.edu)|134.4.54.147|:80... connected.
HTTP request sent, awaiting response... 302 Found
Location: https://exoplanetarchive.ipac.caltech.edu/data/ETSS//Kepler/005/561/81/kplr001431705-2012179063303_llc_lc.tbl [following]
--2018-12-09 12:33:24--  https://exoplanetarchive.ipac.caltech.edu/data/ETSS//Kepler/005/561/81/kplr001431705-2012179063303_llc_lc.tbl
Connecting to exoplanetarchive.ipac.caltech.edu (exoplanetarchive.ipac.caltech.edu)|134.4.54.147|:443... connected.
HTTP request sent, awaiting response... 200 OK
Length: 1429358 (1,4M) [text/plain]
Saving to: 'kplr001431705-2012179063303_llc_lc.tbl'

     0K .......... .......... .......... .......... ..........  3% 43,1K 31s
    50K .......... .......... .......... .......... ..........  7% 86,7K 22s
   100K .......... .......... .......... .......... .......... 10%  211K 16s
   150K .......... .......... .......... .......... .......... 14%  145K 14s
   200K .......... .......... .......... .......... .......... 17%  211K 12s
   250K .......... .......... .......... .......... .......... 21%  259K 10s
   300K .......... .......... .......... .......... .......... 25%  251K 9s
   350K .......... .......... .......... .......... .......... 28%  255K 8s
   400K .......... .......... .......... .......... .......... 32%  151K 7s
   450K .......... .......... .......... .......... .......... 35%  815K 6s
   500K .......... .......... .......... .......... .......... 39%  262K 6s
   550K .......... .......... .......... .......... .......... 42%  361K 5s
   600K .......... .......... .......... .......... .......... 46%  863K 4s
   650K .......... .......... .......... .......... .......... 50%  262K 4s
   700K .......... .......... .......... .......... .......... 53%  261K 4s
   750K .......... .......... .......... .......... .......... 57%  355K 3s
   800K .......... .......... .......... .......... .......... 60%  258K 3s
   850K .......... .......... .......... .......... .......... 64%  880K 3s
   900K .......... .......... .......... .......... .......... 68%  258K 2s
   950K .......... .......... .......... .......... .......... 71%  372K 2s
  1000K .......... .......... .......... .......... .......... 75%  868K 2s
  1050K .......... .......... .......... .......... .......... 78%  372K 1s
  1100K .......... .......... .......... .......... .......... 82%  829K 1s
  1150K .......... .......... .......... .......... .......... 85%  382K 1s
  1200K .......... .......... .......... .......... .......... 89%  680K 1s
  1250K .......... .......... .......... .......... .......... 93%  269K 0s
  1300K .......... .......... .......... .......... .......... 96% 6,16M 0s
  1350K .......... .......... .......... .......... .....     100% 14,8M=5,7s

2018-12-09 12:33:31 (246 KB/s) - 'kplr001431705-2012179063303_llc_lc.tbl' saved [1429358/1429358]

--2018-12-09 12:33:31--  http://exoplanetarchive.ipac.caltech.edu/data/ETSS//Kepler/005/578/48/kplr001431705-2012277125453_llc.fits
Resolving exoplanetarchive.ipac.caltech.edu (exoplanetarchive.ipac.caltech.edu)... 134.4.54.147
Connecting to exoplanetarchive.ipac.caltech.edu (exoplanetarchive.ipac.caltech.edu)|134.4.54.147|:80... connected.
HTTP request sent, awaiting response... 302 Found
Location: https://exoplanetarchive.ipac.caltech.edu/data/ETSS//Kepler/005/578/48/kplr001431705-2012277125453_llc.fits [following]
--2018-12-09 12:33:31--  https://exoplanetarchive.ipac.caltech.edu/data/ETSS//Kepler/005/578/48/kplr001431705-2012277125453_llc.fits
Connecting to exoplanetarchive.ipac.caltech.edu (exoplanetarchive.ipac.caltech.edu)|134.4.54.147|:443... connected.
HTTP request sent, awaiting response... 200 OK
Length: 506880 (495K) [image/x-fits]
Saving to: 'kplr001431705-2012277125453_llc.fits'

     0K .......... .......... .......... .......... .......... 10% 42,9K 10s
    50K .......... .......... .......... .......... .......... 20% 86,9K 7s
   100K .......... .......... .......... .......... .......... 30%  128K 5s
   150K .......... .......... .......... .......... .......... 40%  257K 3s
   200K .......... .......... .......... .......... .......... 50%  130K 3s
   250K .......... .......... .......... .......... .......... 60%  259K 2s
   300K .......... .......... .......... .......... .......... 70%  130K 1s
   350K .......... .......... .......... .......... .......... 80%  258K 1s
   400K .......... .......... .......... .......... .......... 90%  130K 0s
   450K .......... .......... .......... .......... .....     100% 1013K=3,9s

2018-12-09 12:33:36 (127 KB/s) - 'kplr001431705-2012277125453_llc.fits' saved [506880/506880]

--2018-12-09 12:33:36--  http://exoplanetarchive.ipac.caltech.edu/data/ETSS//Kepler/005/595/18/kplr001431705-2012277125453_llc_lc.tbl
Resolving exoplanetarchive.ipac.caltech.edu (exoplanetarchive.ipac.caltech.edu)... 134.4.54.147
Connecting to exoplanetarchive.ipac.caltech.edu (exoplanetarchive.ipac.caltech.edu)|134.4.54.147|:80... connected.
HTTP request sent, awaiting response... 302 Found
Location: https://exoplanetarchive.ipac.caltech.edu/data/ETSS//Kepler/005/595/18/kplr001431705-2012277125453_llc_lc.tbl [following]
--2018-12-09 12:33:36--  https://exoplanetarchive.ipac.caltech.edu/data/ETSS//Kepler/005/595/18/kplr001431705-2012277125453_llc_lc.tbl
Connecting to exoplanetarchive.ipac.caltech.edu (exoplanetarchive.ipac.caltech.edu)|134.4.54.147|:443... connected.
HTTP request sent, awaiting response... 200 OK
Length: 1537553 (1,5M) [text/plain]
Saving to: 'kplr001431705-2012277125453_llc_lc.tbl'

     0K .......... .......... .......... .......... ..........  3% 42,8K 34s
    50K .......... .......... .......... .......... ..........  6% 86,5K 24s
   100K .......... .......... .......... .......... ..........  9%  205K 18s
   150K .......... .......... .......... .......... .......... 13%  148K 15s
   200K .......... .......... .......... .......... .......... 16%  204K 13s
   250K .......... .......... .......... .......... .......... 19%  259K 11s
   300K .......... .......... .......... .......... .......... 23%  254K 10s
   350K .......... .......... .......... .......... .......... 26%  130K 9s
   400K .......... .......... .......... .......... .......... 29%  257K 8s
   450K .......... .......... .......... .......... .......... 33% 7,69M 7s
   500K .......... .......... .......... .......... .......... 36%  256K 6s
   550K .......... .......... .......... .......... .......... 39%  258K 6s
   600K .......... .......... .......... .......... .......... 43%  257K 5s
   650K .......... .......... .......... .......... .......... 46% 8,88M 5s
   700K .......... .......... .......... .......... .......... 49%  257K 4s
   750K .......... .......... .......... .......... .......... 53%  256K 4s
   800K .......... .......... .......... .......... .......... 56%  262K 4s
   850K .......... .......... .......... .......... .......... 59% 5,66M 3s
   900K .......... .......... .......... .......... .......... 63%  268K 3s
   950K .......... .......... .......... .......... .......... 66% 6,63M 2s
  1000K .......... .......... .......... .......... .......... 69%  262K 2s
  1050K .......... .......... .......... .......... .......... 73% 10,3M 2s
  1100K .......... .......... .......... .......... .......... 76%  253K 2s
  1150K .......... .......... .......... .......... .......... 79% 10,2M 1s
  1200K .......... .......... .......... .......... .......... 83%  265K 1s
  1250K .......... .......... .......... .......... .......... 86%  272K 1s
  1300K .......... .......... .......... .......... .......... 89% 4,36M 1s
  1350K .......... .......... .......... .......... .......... 93%  267K 0s
  1400K .......... .......... .......... .......... .......... 96% 11,2M 0s
  1450K .......... .......... .......... .......... .......... 99% 7,34M 0s
  1500K .                                                     100% 9,86G=5,9s

2018-12-09 12:33:43 (254 KB/s) - 'kplr001431705-2012277125453_llc_lc.tbl' saved [1537553/1537553]

--2018-12-09 12:33:43--  http://exoplanetarchive.ipac.caltech.edu/data/ETSS//Kepler/005/611/88/kplr001431705-2013011073258_llc.fits
Resolving exoplanetarchive.ipac.caltech.edu (exoplanetarchive.ipac.caltech.edu)... 134.4.54.147
Connecting to exoplanetarchive.ipac.caltech.edu (exoplanetarchive.ipac.caltech.edu)|134.4.54.147|:80... connected.
HTTP request sent, awaiting response... 302 Found
Location: https://exoplanetarchive.ipac.caltech.edu/data/ETSS//Kepler/005/611/88/kplr001431705-2013011073258_llc.fits [following]
--2018-12-09 12:33:44--  https://exoplanetarchive.ipac.caltech.edu/data/ETSS//Kepler/005/611/88/kplr001431705-2013011073258_llc.fits
Connecting to exoplanetarchive.ipac.caltech.edu (exoplanetarchive.ipac.caltech.edu)|134.4.54.147|:443... connected.
HTTP request sent, awaiting response... 200 OK
Length: 506880 (495K) [image/x-fits]
Saving to: 'kplr001431705-2013011073258_llc.fits'

     0K .......... .......... .......... .......... .......... 10% 42,9K 10s
    50K .......... .......... .......... .......... .......... 20% 85,8K 7s
   100K .......... .......... .......... .......... .......... 30%  250K 4s
   150K .......... .......... .......... .......... .......... 40%  129K 3s
   200K .......... .......... .......... .......... .......... 50%  253K 2s
   250K .......... .......... .......... .......... .......... 60%  255K 2s
   300K .......... .......... .......... .......... .......... 70%  253K 1s
   350K .......... .......... .......... .......... .......... 80%  244K 1s
   400K .......... .......... .......... .......... .......... 90%  252K 0s
   450K .......... .......... .......... .......... .....     100%  249K=3,5s

2018-12-09 12:33:48 (141 KB/s) - 'kplr001431705-2013011073258_llc.fits' saved [506880/506880]

--2018-12-09 12:33:48--  http://exoplanetarchive.ipac.caltech.edu/data/ETSS//Kepler/005/628/35/kplr001431705-2013011073258_llc_lc.tbl
Resolving exoplanetarchive.ipac.caltech.edu (exoplanetarchive.ipac.caltech.edu)... 134.4.54.147
Connecting to exoplanetarchive.ipac.caltech.edu (exoplanetarchive.ipac.caltech.edu)|134.4.54.147|:80... connected.
HTTP request sent, awaiting response... 302 Found
Location: https://exoplanetarchive.ipac.caltech.edu/data/ETSS//Kepler/005/628/35/kplr001431705-2013011073258_llc_lc.tbl [following]
--2018-12-09 12:33:49--  https://exoplanetarchive.ipac.caltech.edu/data/ETSS//Kepler/005/628/35/kplr001431705-2013011073258_llc_lc.tbl
Connecting to exoplanetarchive.ipac.caltech.edu (exoplanetarchive.ipac.caltech.edu)|134.4.54.147|:443... connected.
HTTP request sent, awaiting response... 200 OK
Length: 1545003 (1,5M) [text/plain]
Saving to: 'kplr001431705-2013011073258_llc_lc.tbl'

     0K .......... .......... .......... .......... ..........  3% 42,4K 34s
    50K .......... .......... .......... .......... ..........  6% 86,1K 25s
   100K .......... .......... .......... .......... ..........  9%  130K 19s
   150K .......... .......... .......... .......... .......... 13%  258K 15s
   200K .......... .......... .......... .......... .......... 16%  130K 14s
   250K .......... .......... .......... .......... .......... 19%  255K 12s
   300K .......... .......... .......... .......... .......... 23%  130K 11s
   350K .......... .......... .......... .......... .......... 26%  257K 10s
   400K .......... .......... .......... .......... .......... 29%  259K 9s
   450K .......... .......... .......... .......... .......... 33%  130K 8s
   500K .......... .......... .......... .......... .......... 36%  257K 7s
   550K .......... .......... .......... .......... .......... 39%  256K 7s
   600K .......... .......... .......... .......... .......... 43%  259K 6s
   650K .......... .......... .......... .......... .......... 46%  128K 6s
   700K .......... .......... .......... .......... .......... 49% 86,4K 6s
   750K .......... .......... .......... .......... .......... 53% 51,7K 6s
   800K .......... .......... .......... .......... .......... 56% 64,6K 6s
   850K .......... .......... .......... .......... .......... 59%  126K 5s
   900K .......... .......... .......... .......... .......... 62%  134K 5s
   950K .......... .......... .......... .......... .......... 66%  130K 4s
  1000K .......... .......... .......... .......... .......... 69%  257K 4s
  1050K .......... .......... .......... .......... .......... 72%  130K 3s
  1100K .......... .......... .......... .......... .......... 76%  234K 3s
  1150K .......... .......... .......... .......... .......... 79%  134K 2s
  1200K .......... .......... .......... .......... .......... 82%  130K 2s
  1250K .......... .......... .......... .......... .......... 86%  243K 2s
  1300K .......... .......... .......... .......... .......... 89%  133K 1s
  1350K .......... .......... .......... .......... .......... 92%  249K 1s
  1400K .......... .......... .......... .......... .......... 96%  131K 0s
  1450K .......... .......... .......... .......... .......... 99%  250K 0s
  1500K ........                                              100% 22,9M=11s

2018-12-09 12:34:01 (132 KB/s) - 'kplr001431705-2013011073258_llc_lc.tbl' saved [1545003/1545003]

--2018-12-09 12:34:01--  http://exoplanetarchive.ipac.caltech.edu/data/ETSS//Kepler/005/644/82/kplr001431705-2013098041711_llc.fits
Resolving exoplanetarchive.ipac.caltech.edu (exoplanetarchive.ipac.caltech.edu)... 134.4.54.147
Connecting to exoplanetarchive.ipac.caltech.edu (exoplanetarchive.ipac.caltech.edu)|134.4.54.147|:80... connected.
HTTP request sent, awaiting response... 302 Found
Location: https://exoplanetarchive.ipac.caltech.edu/data/ETSS//Kepler/005/644/82/kplr001431705-2013098041711_llc.fits [following]
--2018-12-09 12:34:02--  https://exoplanetarchive.ipac.caltech.edu/data/ETSS//Kepler/005/644/82/kplr001431705-2013098041711_llc.fits
Connecting to exoplanetarchive.ipac.caltech.edu (exoplanetarchive.ipac.caltech.edu)|134.4.54.147|:443... connected.
HTTP request sent, awaiting response... 200 OK
Length: 449280 (439K) [image/x-fits]
Saving to: 'kplr001431705-2013098041711_llc.fits'

     0K .......... .......... .......... .......... .......... 11% 42,9K 9s
    50K .......... .......... .......... .......... .......... 22%  107K 6s
   100K .......... .......... .......... .......... .......... 34%  129K 4s
   150K .......... .......... .......... .......... .......... 45%  159K 3s
   200K .......... .......... .......... .......... .......... 56%  253K 2s
   250K .......... .......... .......... .......... .......... 68%  129K 1s
   300K .......... .......... .......... .......... .......... 79%  244K 1s
   350K .......... .......... .......... .......... .......... 91%  249K 0s
   400K .......... .......... .......... ........             100% 10,8M=3,3s

2018-12-09 12:34:06 (132 KB/s) - 'kplr001431705-2013098041711_llc.fits' saved [449280/449280]

--2018-12-09 12:34:06--  http://exoplanetarchive.ipac.caltech.edu/data/ETSS//Kepler/005/661/58/kplr001431705-2013098041711_llc_lc.tbl
Resolving exoplanetarchive.ipac.caltech.edu (exoplanetarchive.ipac.caltech.edu)... 134.4.54.147
Connecting to exoplanetarchive.ipac.caltech.edu (exoplanetarchive.ipac.caltech.edu)|134.4.54.147|:80... connected.
HTTP request sent, awaiting response... 302 Found
Location: https://exoplanetarchive.ipac.caltech.edu/data/ETSS//Kepler/005/661/58/kplr001431705-2013098041711_llc_lc.tbl [following]
--2018-12-09 12:34:07--  https://exoplanetarchive.ipac.caltech.edu/data/ETSS//Kepler/005/661/58/kplr001431705-2013098041711_llc_lc.tbl
Connecting to exoplanetarchive.ipac.caltech.edu (exoplanetarchive.ipac.caltech.edu)|134.4.54.147|:443... connected.
HTTP request sent, awaiting response... 200 OK
Length: 1359177 (1,3M) [text/plain]
Saving to: 'kplr001431705-2013098041711_llc_lc.tbl'

     0K .......... .......... .......... .......... ..........  3% 43,4K 29s
    50K .......... .......... .......... .......... ..........  7% 86,4K 21s
   100K .......... .......... .......... .......... .......... 11% 63,7K 20s
   150K .......... .......... .......... .......... .......... 15% 51,4K 20s
   200K .......... .......... .......... .......... .......... 18% 85,3K 18s
   250K .......... .......... .......... .......... .......... 22%  129K 15s
   300K .......... .......... .......... .......... .......... 26% 36,5K 16s
   350K .......... .......... .......... .......... .......... 30% 64,1K 15s
   400K .......... .......... .......... .......... .......... 33% 64,7K 14s
   450K .......... .......... .......... .......... .......... 37% 85,5K 13s
   500K .......... .......... .......... .......... .......... 41% 86,0K 12s
   550K .......... .......... .......... .......... .......... 45% 86,2K 11s
   600K .......... .......... .......... .......... .......... 48%  126K 10s
   650K .......... .......... .......... .......... .......... 52% 86,3K 9s
   700K .......... .......... .......... .......... .......... 56%  128K 8s
   750K .......... .......... .......... .......... .......... 60%  128K 7s
   800K .......... .......... .......... .......... .......... 64% 32,3K 7s
   850K .......... .......... .......... .......... .......... 67% 43,0K 6s
   900K .......... .......... .......... .......... .......... 71% 42,9K 6s
   950K .......... .......... .......... .......... .......... 75% 64,5K 5s
  1000K .......... .......... .......... .......... .......... 79% 51,4K 4s
  1050K .......... .......... .......... .......... .......... 82% 63,7K 4s
  1100K .......... .......... .......... .......... .......... 86% 64,0K 3s
  1150K .......... .......... .......... .......... .......... 90% 25,3K 2s
  1200K .......... .......... .......... .......... .......... 94% 36,5K 1s
  1250K .......... .......... .......... .......... .......... 97% 35,9K 0s
  1300K .......... .......... .......                         100% 46,8K=23s

2018-12-09 12:34:31 (56,7 KB/s) - 'kplr001431705-2013098041711_llc_lc.tbl' saved [1359177/1359177]

--2018-12-09 12:34:31--  http://exoplanetarchive.ipac.caltech.edu/data/ETSS//Kepler/005/678/34/kplr001431705-2013131215648_llc.fits
Resolving exoplanetarchive.ipac.caltech.edu (exoplanetarchive.ipac.caltech.edu)... 134.4.54.147
Connecting to exoplanetarchive.ipac.caltech.edu (exoplanetarchive.ipac.caltech.edu)|134.4.54.147|:80... connected.
HTTP request sent, awaiting response... 302 Found
Location: https://exoplanetarchive.ipac.caltech.edu/data/ETSS//Kepler/005/678/34/kplr001431705-2013131215648_llc.fits [following]
--2018-12-09 12:34:32--  https://exoplanetarchive.ipac.caltech.edu/data/ETSS//Kepler/005/678/34/kplr001431705-2013131215648_llc.fits
Connecting to exoplanetarchive.ipac.caltech.edu (exoplanetarchive.ipac.caltech.edu)|134.4.54.147|:443... connected.
HTTP request sent, awaiting response... 200 OK
Length: 187200 (183K) [image/x-fits]
Saving to: 'kplr001431705-2013131215648_llc.fits'

     0K .......... .......... .......... .......... .......... 27% 42,9K 3s
    50K .......... .......... .......... .......... .......... 54%  128K 1s
   100K .......... .......... .......... .......... .......... 82% 86,4K 0s
   150K .......... .......... .......... ..                   100% 4,86M=2,1s

2018-12-09 12:34:35 (85,3 KB/s) - 'kplr001431705-2013131215648_llc.fits' saved [187200/187200]

--2018-12-09 12:34:35--  http://exoplanetarchive.ipac.caltech.edu/data/ETSS//Kepler/005/695/10/kplr001431705-2013131215648_llc_lc.tbl
Resolving exoplanetarchive.ipac.caltech.edu (exoplanetarchive.ipac.caltech.edu)... 134.4.54.147
Connecting to exoplanetarchive.ipac.caltech.edu (exoplanetarchive.ipac.caltech.edu)|134.4.54.147|:80... connected.
HTTP request sent, awaiting response... 302 Found
Location: https://exoplanetarchive.ipac.caltech.edu/data/ETSS//Kepler/005/695/10/kplr001431705-2013131215648_llc_lc.tbl [following]
--2018-12-09 12:34:35--  https://exoplanetarchive.ipac.caltech.edu/data/ETSS//Kepler/005/695/10/kplr001431705-2013131215648_llc_lc.tbl
Connecting to exoplanetarchive.ipac.caltech.edu (exoplanetarchive.ipac.caltech.edu)|134.4.54.147|:443... connected.
HTTP request sent, awaiting response... 200 OK
Length: 506682 (495K) [text/plain]
Saving to: 'kplr001431705-2013131215648_llc_lc.tbl'

     0K .......... .......... .......... .......... .......... 10% 43,0K 10s
    50K .......... .......... .......... .......... .......... 20%  129K 6s
   100K .......... .......... .......... .......... .......... 30%  127K 4s
   150K .......... .......... .......... .......... .......... 40%  130K 3s
   200K .......... .......... .......... .......... .......... 50%  243K 2s
   250K .......... .......... .......... .......... .......... 60%  252K 2s
   300K .......... .......... .......... .......... .......... 70%  255K 1s
   350K .......... .......... .......... .......... .......... 80%  258K 1s
   400K .......... .......... .......... .......... .......... 90%  134K 0s
   450K .......... .......... .......... .......... ....      100% 6,10M=3,5s

2018-12-09 12:34:40 (141 KB/s) - 'kplr001431705-2013131215648_llc_lc.tbl' saved [506682/506682]

