--2018-12-09 12:31:13--  http://exoplanetarchive.ipac.caltech.edu/data/ETSS//Kepler/005/147/84/kplr001432825-2009166043257_llc.fits
Resolving exoplanetarchive.ipac.caltech.edu (exoplanetarchive.ipac.caltech.edu)... 134.4.54.147
Connecting to exoplanetarchive.ipac.caltech.edu (exoplanetarchive.ipac.caltech.edu)|134.4.54.147|:80... connected.
HTTP request sent, awaiting response... 302 Found
Location: https://exoplanetarchive.ipac.caltech.edu/data/ETSS//Kepler/005/147/84/kplr001432825-2009166043257_llc.fits [following]
--2018-12-09 12:31:13--  https://exoplanetarchive.ipac.caltech.edu/data/ETSS//Kepler/005/147/84/kplr001432825-2009166043257_llc.fits
Connecting to exoplanetarchive.ipac.caltech.edu (exoplanetarchive.ipac.caltech.edu)|134.4.54.147|:443... connected.
HTTP request sent, awaiting response... 200 OK
Length: 192960 (188K) [image/x-fits]
Saving to: 'kplr001432825-2009166043257_llc.fits'

     0K .......... .......... .......... .......... .......... 26% 42,5K 3s
    50K .......... .......... .......... .......... .......... 53% 85,2K 2s
   100K .......... .......... .......... .......... .......... 79%  127K 1s
   150K .......... .......... .......... ........             100%  197K=2,4s

2018-12-09 12:31:17 (80,1 KB/s) - 'kplr001432825-2009166043257_llc.fits' saved [192960/192960]

--2018-12-09 12:31:17--  http://exoplanetarchive.ipac.caltech.edu/data/ETSS//Kepler/005/163/47/kplr001432825-2009166043257_llc_lc.tbl
Resolving exoplanetarchive.ipac.caltech.edu (exoplanetarchive.ipac.caltech.edu)... 134.4.54.147
Connecting to exoplanetarchive.ipac.caltech.edu (exoplanetarchive.ipac.caltech.edu)|134.4.54.147|:80... connected.
HTTP request sent, awaiting response... 302 Found
Location: https://exoplanetarchive.ipac.caltech.edu/data/ETSS//Kepler/005/163/47/kplr001432825-2009166043257_llc_lc.tbl [following]
--2018-12-09 12:31:17--  https://exoplanetarchive.ipac.caltech.edu/data/ETSS//Kepler/005/163/47/kplr001432825-2009166043257_llc_lc.tbl
Connecting to exoplanetarchive.ipac.caltech.edu (exoplanetarchive.ipac.caltech.edu)|134.4.54.147|:443... connected.
HTTP request sent, awaiting response... 200 OK
Length: 533374 (521K) [text/plain]
Saving to: 'kplr001432825-2009166043257_llc_lc.tbl'

     0K .......... .......... .......... .......... ..........  9% 21,1K 22s
    50K .......... .......... .......... .......... .......... 19% 42,8K 15s
   100K .......... .......... .......... .......... .......... 28% 61,3K 11s
   150K .......... .......... .......... .......... .......... 38% 51,4K 9s
   200K .......... .......... .......... .......... .......... 47% 41,5K 7s
   250K .......... .......... .......... .......... .......... 57% 33,1K 6s
   300K .......... .......... .......... .......... .......... 67% 32,3K 5s
   350K .......... .......... .......... .......... .......... 76% 51,7K 3s
   400K .......... .......... .......... .......... .......... 86% 36,7K 2s
   450K .......... .......... .......... .......... .......... 95% 64,5K 1s
   500K .......... ..........                                 100%  108K=13s

2018-12-09 12:31:31 (40,4 KB/s) - 'kplr001432825-2009166043257_llc_lc.tbl' saved [533374/533374]

--2018-12-09 12:31:31--  http://exoplanetarchive.ipac.caltech.edu/data/ETSS//Kepler/005/212/36/kplr001432825-2009259160929_llc.fits
Resolving exoplanetarchive.ipac.caltech.edu (exoplanetarchive.ipac.caltech.edu)... 134.4.54.147
Connecting to exoplanetarchive.ipac.caltech.edu (exoplanetarchive.ipac.caltech.edu)|134.4.54.147|:80... connected.
HTTP request sent, awaiting response... 302 Found
Location: https://exoplanetarchive.ipac.caltech.edu/data/ETSS//Kepler/005/212/36/kplr001432825-2009259160929_llc.fits [following]
--2018-12-09 12:31:31--  https://exoplanetarchive.ipac.caltech.edu/data/ETSS//Kepler/005/212/36/kplr001432825-2009259160929_llc.fits
Connecting to exoplanetarchive.ipac.caltech.edu (exoplanetarchive.ipac.caltech.edu)|134.4.54.147|:443... connected.
HTTP request sent, awaiting response... 200 OK
Length: 466560 (456K) [image/x-fits]
Saving to: 'kplr001432825-2009259160929_llc.fits'

     0K .......... .......... .......... .......... .......... 10% 43,2K 9s
    50K .......... .......... .......... .......... .......... 21% 86,3K 6s
   100K .......... .......... .......... .......... .......... 32%  129K 4s
   150K .......... .......... .......... .......... .......... 43%  129K 3s
   200K .......... .......... .......... .......... .......... 54%  255K 2s
   250K .......... .......... .......... .......... .......... 65%  130K 2s
   300K .......... .......... .......... .......... .......... 76%  249K 1s
   350K .......... .......... .......... .......... .......... 87%  257K 0s
   400K .......... .......... .......... .......... .......... 98%  255K 0s
   450K .....                                                 100% 36,6G=3,7s

2018-12-09 12:31:36 (124 KB/s) - 'kplr001432825-2009259160929_llc.fits' saved [466560/466560]

--2018-12-09 12:31:36--  http://exoplanetarchive.ipac.caltech.edu/data/ETSS//Kepler/005/228/99/kplr001432825-2009259160929_llc_lc.tbl
Resolving exoplanetarchive.ipac.caltech.edu (exoplanetarchive.ipac.caltech.edu)... 134.4.54.147
Connecting to exoplanetarchive.ipac.caltech.edu (exoplanetarchive.ipac.caltech.edu)|134.4.54.147|:80... connected.
HTTP request sent, awaiting response... 302 Found
Location: https://exoplanetarchive.ipac.caltech.edu/data/ETSS//Kepler/005/228/99/kplr001432825-2009259160929_llc_lc.tbl [following]
--2018-12-09 12:31:37--  https://exoplanetarchive.ipac.caltech.edu/data/ETSS//Kepler/005/228/99/kplr001432825-2009259160929_llc_lc.tbl
Connecting to exoplanetarchive.ipac.caltech.edu (exoplanetarchive.ipac.caltech.edu)|134.4.54.147|:443... connected.
HTTP request sent, awaiting response... 200 OK
Length: 1407824 (1,3M) [text/plain]
Saving to: 'kplr001432825-2009259160929_llc_lc.tbl'

     0K .......... .......... .......... .......... ..........  3% 42,1K 32s
    50K .......... .......... .......... .......... ..........  7% 85,4K 23s
   100K .......... .......... .......... .......... .......... 10%  128K 18s
   150K .......... .......... .......... .......... .......... 14%  129K 15s
   200K .......... .......... .......... .......... .......... 18%  128K 13s
   250K .......... .......... .......... .......... .......... 21%  255K 11s
   300K .......... .......... .......... .......... .......... 25%  129K 10s
   350K .......... .......... .......... .......... .......... 29%  258K 9s
   400K .......... .......... .......... .......... .......... 32%  257K 8s
   450K .......... .......... .......... .......... .......... 36%  253K 7s
   500K .......... .......... .......... .......... .......... 40%  256K 6s
   550K .......... .......... .......... .......... .......... 43%  253K 6s
   600K .......... .......... .......... .......... .......... 47% 8,30M 5s
   650K .......... .......... .......... .......... .......... 50%  257K 5s
   700K .......... .......... .......... .......... .......... 54%  252K 4s
   750K .......... .......... .......... .......... .......... 58%  259K 4s
   800K .......... .......... .......... .......... .......... 61%  251K 3s
   850K .......... .......... .......... .......... .......... 65% 10,1M 3s
   900K .......... .......... .......... .......... .......... 69%  260K 2s
   950K .......... .......... .......... .......... .......... 72% 5,26M 2s
  1000K .......... .......... .......... .......... .......... 76%  262K 2s
  1050K .......... .......... .......... .......... .......... 80%  259K 1s
  1100K .......... .......... .......... .......... .......... 83% 8,64M 1s
  1150K .......... .......... .......... .......... .......... 87%  264K 1s
  1200K .......... .......... .......... .......... .......... 90% 6,75M 1s
  1250K .......... .......... .......... .......... .......... 94%  262K 0s
  1300K .......... .......... .......... .......... .......... 98%  262K 0s
  1350K .......... .......... ....                            100% 21,6M=6,5s

2018-12-09 12:31:44 (212 KB/s) - 'kplr001432825-2009259160929_llc_lc.tbl' saved [1407824/1407824]

--2018-12-09 12:31:44--  http://exoplanetarchive.ipac.caltech.edu/data/ETSS//Kepler/005/245/63/kplr001432825-2009350155506_llc.fits
Resolving exoplanetarchive.ipac.caltech.edu (exoplanetarchive.ipac.caltech.edu)... 134.4.54.147
Connecting to exoplanetarchive.ipac.caltech.edu (exoplanetarchive.ipac.caltech.edu)|134.4.54.147|:80... connected.
HTTP request sent, awaiting response... 302 Found
Location: https://exoplanetarchive.ipac.caltech.edu/data/ETSS//Kepler/005/245/63/kplr001432825-2009350155506_llc.fits [following]
--2018-12-09 12:31:45--  https://exoplanetarchive.ipac.caltech.edu/data/ETSS//Kepler/005/245/63/kplr001432825-2009350155506_llc.fits
Connecting to exoplanetarchive.ipac.caltech.edu (exoplanetarchive.ipac.caltech.edu)|134.4.54.147|:443... connected.
HTTP request sent, awaiting response... 200 OK
Length: 466560 (456K) [image/x-fits]
Saving to: 'kplr001432825-2009350155506_llc.fits'

     0K .......... .......... .......... .......... .......... 10% 42,4K 10s
    50K .......... .......... .......... .......... .......... 21%  108K 6s
   100K .......... .......... .......... .......... .......... 32%  129K 4s
   150K .......... .......... .......... .......... .......... 43%  155K 3s
   200K .......... .......... .......... .......... .......... 54%  258K 2s
   250K .......... .......... .......... .......... .......... 65%  192K 1s
   300K .......... .......... .......... .......... .......... 76%  151K 1s
   350K .......... .......... .......... .......... .......... 87% 84,9K 1s
   400K .......... .......... .......... .......... .......... 98% 85,8K 0s
   450K .....                                                 100% 36,6G=4,3s

2018-12-09 12:31:50 (106 KB/s) - 'kplr001432825-2009350155506_llc.fits' saved [466560/466560]

--2018-12-09 12:31:50--  http://exoplanetarchive.ipac.caltech.edu/data/ETSS//Kepler/005/262/19/kplr001432825-2009350155506_llc_lc.tbl
Resolving exoplanetarchive.ipac.caltech.edu (exoplanetarchive.ipac.caltech.edu)... 134.4.54.147
Connecting to exoplanetarchive.ipac.caltech.edu (exoplanetarchive.ipac.caltech.edu)|134.4.54.147|:80... connected.
HTTP request sent, awaiting response... 302 Found
Location: https://exoplanetarchive.ipac.caltech.edu/data/ETSS//Kepler/005/262/19/kplr001432825-2009350155506_llc_lc.tbl [following]
--2018-12-09 12:31:50--  https://exoplanetarchive.ipac.caltech.edu/data/ETSS//Kepler/005/262/19/kplr001432825-2009350155506_llc_lc.tbl
Connecting to exoplanetarchive.ipac.caltech.edu (exoplanetarchive.ipac.caltech.edu)|134.4.54.147|:443... connected.
HTTP request sent, awaiting response... 200 OK
Length: 1412964 (1,3M) [text/plain]
Saving to: 'kplr001432825-2009350155506_llc_lc.tbl'

     0K .......... .......... .......... .......... ..........  3% 43,0K 31s
    50K .......... .......... .......... .......... ..........  7%  128K 20s
   100K .......... .......... .......... .......... .......... 10% 86,7K 17s
   150K .......... .......... .......... .......... .......... 14%  254K 14s
   200K .......... .......... .......... .......... .......... 18%  130K 12s
   250K .......... .......... .......... .......... .......... 21%  129K 11s
   300K .......... .......... .......... .......... .......... 25%  260K 10s
   350K .......... .......... .......... .......... .......... 28%  252K 9s
   400K .......... .......... .......... .......... .......... 32%  241K 8s
   450K .......... .......... .......... .......... .......... 36%  257K 7s
   500K .......... .......... .......... .......... .......... 39%  283K 6s
   550K .......... .......... .......... .......... .......... 43%  262K 6s
   600K .......... .......... .......... .......... .......... 47% 1,49M 5s
   650K .......... .......... .......... .......... .......... 50%  263K 4s
   700K .......... .......... .......... .......... .......... 54%  304K 4s
   750K .......... .......... .......... .......... .......... 57% 1,52M 3s
   800K .......... .......... .......... .......... .......... 61%  264K 3s
   850K .......... .......... .......... .......... .......... 65%  259K 3s
   900K .......... .......... .......... .......... .......... 68% 3,43M 2s
   950K .......... .......... .......... .......... .......... 72%  270K 2s
  1000K .......... .......... .......... .......... .......... 76% 4,23M 2s
  1050K .......... .......... .......... .......... .......... 79%  269K 1s
  1100K .......... .......... .......... .......... .......... 83% 6,38M 1s
  1150K .......... .......... .......... .......... .......... 86%  265K 1s
  1200K .......... .......... .......... .......... .......... 90% 5,63M 1s
  1250K .......... .......... .......... .......... .......... 94%  267K 0s
  1300K .......... .......... .......... .......... .......... 97% 5,78M 0s
  1350K .......... .......... .........                       100%  159K=6,0s

2018-12-09 12:31:58 (228 KB/s) - 'kplr001432825-2009350155506_llc_lc.tbl' saved [1412964/1412964]

--2018-12-09 12:31:58--  http://exoplanetarchive.ipac.caltech.edu/data/ETSS//Kepler/005/344/90/kplr001432825-2010078095331_llc.fits
Resolving exoplanetarchive.ipac.caltech.edu (exoplanetarchive.ipac.caltech.edu)... 134.4.54.147
Connecting to exoplanetarchive.ipac.caltech.edu (exoplanetarchive.ipac.caltech.edu)|134.4.54.147|:80... connected.
HTTP request sent, awaiting response... 302 Found
Location: https://exoplanetarchive.ipac.caltech.edu/data/ETSS//Kepler/005/344/90/kplr001432825-2010078095331_llc.fits [following]
--2018-12-09 12:31:58--  https://exoplanetarchive.ipac.caltech.edu/data/ETSS//Kepler/005/344/90/kplr001432825-2010078095331_llc.fits
Connecting to exoplanetarchive.ipac.caltech.edu (exoplanetarchive.ipac.caltech.edu)|134.4.54.147|:443... connected.
HTTP request sent, awaiting response... 200 OK
Length: 469440 (458K) [image/x-fits]
Saving to: 'kplr001432825-2010078095331_llc.fits'

     0K .......... .......... .......... .......... .......... 10% 42,9K 10s
    50K .......... .......... .......... .......... .......... 21%  117K 6s
   100K .......... .......... .......... .......... .......... 32%  130K 4s
   150K .......... .......... .......... .......... .......... 43%  144K 3s
   200K .......... .......... .......... .......... .......... 54%  258K 2s
   250K .......... .......... .......... .......... .......... 65%  130K 2s
   300K .......... .......... .......... .......... .......... 76%  248K 1s
   350K .......... .......... .......... .......... .......... 87%  258K 0s
   400K .......... .......... .......... .......... .......... 98%  252K 0s
   450K ........                                              100% 15,2M=3,5s

2018-12-09 12:32:03 (131 KB/s) - 'kplr001432825-2010078095331_llc.fits' saved [469440/469440]

--2018-12-09 12:32:03--  http://exoplanetarchive.ipac.caltech.edu/data/ETSS//Kepler/005/361/89/kplr001432825-2010078095331_llc_lc.tbl
Resolving exoplanetarchive.ipac.caltech.edu (exoplanetarchive.ipac.caltech.edu)... 134.4.54.147
Connecting to exoplanetarchive.ipac.caltech.edu (exoplanetarchive.ipac.caltech.edu)|134.4.54.147|:80... connected.
HTTP request sent, awaiting response... 302 Found
Location: https://exoplanetarchive.ipac.caltech.edu/data/ETSS//Kepler/005/361/89/kplr001432825-2010078095331_llc_lc.tbl [following]
--2018-12-09 12:32:03--  https://exoplanetarchive.ipac.caltech.edu/data/ETSS//Kepler/005/361/89/kplr001432825-2010078095331_llc_lc.tbl
Connecting to exoplanetarchive.ipac.caltech.edu (exoplanetarchive.ipac.caltech.edu)|134.4.54.147|:443... connected.
HTTP request sent, awaiting response... 200 OK
Length: 1421654 (1,4M) [text/plain]
Saving to: 'kplr001432825-2010078095331_llc_lc.tbl'

     0K .......... .......... .......... .......... ..........  3% 42,5K 32s
    50K .......... .......... .......... .......... ..........  7% 85,8K 23s
   100K .......... .......... .......... .......... .......... 10%  121K 18s
   150K .......... .......... .......... .......... .......... 14%  101K 16s
   200K .......... .......... .......... .......... .......... 18%  143K 14s
   250K .......... .......... .......... .......... .......... 21%  468K 11s
   300K .......... .......... .......... .......... .......... 25%  262K 10s
   350K .......... .......... .......... .......... .......... 28%  246K 9s
   400K .......... .......... .......... .......... .......... 32%  216K 8s
   450K .......... .......... .......... .......... .......... 36%  309K 7s
   500K .......... .......... .......... .......... .......... 39%  271K 6s
   550K .......... .......... .......... .......... .......... 43% 3,26M 5s
   600K .......... .......... .......... .......... .......... 46%  239K 5s
   650K .......... .......... .......... .......... .......... 50%  278K 4s
   700K .......... .......... .......... .......... .......... 54%  282K 4s
   750K .......... .......... .......... .......... .......... 57% 2,99M 3s
   800K .......... .......... .......... .......... .......... 61%  259K 3s
   850K .......... .......... .......... .......... .......... 64%  258K 3s
   900K .......... .......... .......... .......... .......... 68%  264K 2s
   950K .......... .......... .......... .......... .......... 72% 12,8M 2s
  1000K .......... .......... .......... .......... .......... 75%  258K 2s
  1050K .......... .......... .......... .......... .......... 79% 11,4M 1s
  1100K .......... .......... .......... .......... .......... 82%  258K 1s
  1150K .......... .......... .......... .......... .......... 86%  264K 1s
  1200K .......... .......... .......... .......... .......... 90% 8,80M 1s
  1250K .......... .......... .......... .......... .......... 93%  258K 0s
  1300K .......... .......... .......... .......... .......... 97% 15,3M 0s
  1350K .......... .......... .......... ........             100%  161K=6,3s

2018-12-09 12:32:10 (220 KB/s) - 'kplr001432825-2010078095331_llc_lc.tbl' saved [1421654/1421654]

--2018-12-09 12:32:11--  http://exoplanetarchive.ipac.caltech.edu/data/ETSS//Kepler/005/179/09/kplr001432825-2010174085026_llc.fits
Resolving exoplanetarchive.ipac.caltech.edu (exoplanetarchive.ipac.caltech.edu)... 134.4.54.147
Connecting to exoplanetarchive.ipac.caltech.edu (exoplanetarchive.ipac.caltech.edu)|134.4.54.147|:80... connected.
HTTP request sent, awaiting response... 302 Found
Location: https://exoplanetarchive.ipac.caltech.edu/data/ETSS//Kepler/005/179/09/kplr001432825-2010174085026_llc.fits [following]
--2018-12-09 12:32:11--  https://exoplanetarchive.ipac.caltech.edu/data/ETSS//Kepler/005/179/09/kplr001432825-2010174085026_llc.fits
Connecting to exoplanetarchive.ipac.caltech.edu (exoplanetarchive.ipac.caltech.edu)|134.4.54.147|:443... connected.
HTTP request sent, awaiting response... 200 OK
Length: 492480 (481K) [image/x-fits]
Saving to: 'kplr001432825-2010174085026_llc.fits'

     0K .......... .......... .......... .......... .......... 10% 42,8K 10s
    50K .......... .......... .......... .......... .......... 20% 85,9K 7s
   100K .......... .......... .......... .......... .......... 31%  128K 5s
   150K .......... .......... .......... .......... .......... 41%  129K 4s
   200K .......... .......... .......... .......... .......... 51%  239K 3s
   250K .......... .......... .......... .......... .......... 62%  132K 2s
   300K .......... .......... .......... .......... .......... 72%  240K 1s
   350K .......... .......... .......... .......... .......... 83%  255K 1s
   400K .......... .......... .......... .......... .......... 93%  245K 0s
   450K .......... .......... ..........                      100% 14,2M=3,7s

2018-12-09 12:32:16 (129 KB/s) - 'kplr001432825-2010174085026_llc.fits' saved [492480/492480]

--2018-12-09 12:32:16--  http://exoplanetarchive.ipac.caltech.edu/data/ETSS//Kepler/005/195/73/kplr001432825-2010174085026_llc_lc.tbl
Resolving exoplanetarchive.ipac.caltech.edu (exoplanetarchive.ipac.caltech.edu)... 134.4.54.147
Connecting to exoplanetarchive.ipac.caltech.edu (exoplanetarchive.ipac.caltech.edu)|134.4.54.147|:80... connected.
HTTP request sent, awaiting response... 302 Found
Location: https://exoplanetarchive.ipac.caltech.edu/data/ETSS//Kepler/005/195/73/kplr001432825-2010174085026_llc_lc.tbl [following]
--2018-12-09 12:32:16--  https://exoplanetarchive.ipac.caltech.edu/data/ETSS//Kepler/005/195/73/kplr001432825-2010174085026_llc_lc.tbl
Connecting to exoplanetarchive.ipac.caltech.edu (exoplanetarchive.ipac.caltech.edu)|134.4.54.147|:443... connected.
HTTP request sent, awaiting response... 200 OK
Length: 1497971 (1,4M) [text/plain]
Saving to: 'kplr001432825-2010174085026_llc_lc.tbl'

     0K .......... .......... .......... .......... ..........  3% 42,7K 33s
    50K .......... .......... .......... .......... ..........  6% 85,3K 24s
   100K .......... .......... .......... .......... .......... 10%  126K 19s
   150K .......... .......... .......... .......... .......... 13%  129K 16s
   200K .......... .......... .......... .......... .......... 17%  252K 13s
   250K .......... .......... .......... .......... .......... 20%  251K 11s
   300K .......... .......... .......... .......... .......... 23%  131K 11s
   350K .......... .......... .......... .......... .......... 27%  253K 9s
   400K .......... .......... .......... .......... .......... 30%  254K 8s
   450K .......... .......... .......... .......... .......... 34%  261K 8s
   500K .......... .......... .......... .......... .......... 37%  256K 7s
   550K .......... .......... .......... .......... .......... 41%  253K 6s
   600K .......... .......... .......... .......... .......... 44%  267K 6s
   650K .......... .......... .......... .......... .......... 47% 3,35M 5s
   700K .......... .......... .......... .......... .......... 51%  260K 4s
   750K .......... .......... .......... .......... .......... 54%  272K 4s
   800K .......... .......... .......... .......... .......... 58%  258K 4s
   850K .......... .......... .......... .......... .......... 61%  260K 3s
   900K .......... .......... .......... .......... .......... 64% 2,03M 3s
   950K .......... .......... .......... .......... .......... 68%  284K 3s
  1000K .......... .......... .......... .......... .......... 71% 4,14M 2s
  1050K .......... .......... .......... .......... .......... 75%  275K 2s
  1100K .......... .......... .......... .......... .......... 78% 2,79M 2s
  1150K .......... .......... .......... .......... .......... 82%  277K 1s
  1200K .......... .......... .......... .......... .......... 85% 2,68M 1s
  1250K .......... .......... .......... .......... .......... 88%  282K 1s
  1300K .......... .......... .......... .......... .......... 92% 5,29M 1s
  1350K .......... .......... .......... .......... .......... 95%  260K 0s
  1400K .......... .......... .......... .......... .......... 99% 8,20M 0s
  1450K .......... ..                                         100% 26,5M=6,3s

2018-12-09 12:32:23 (234 KB/s) - 'kplr001432825-2010174085026_llc_lc.tbl' saved [1497971/1497971]

--2018-12-09 12:32:24--  http://exoplanetarchive.ipac.caltech.edu/data/ETSS//Kepler/005/378/88/kplr001432825-2010265121752_llc.fits
Resolving exoplanetarchive.ipac.caltech.edu (exoplanetarchive.ipac.caltech.edu)... 134.4.54.147
Connecting to exoplanetarchive.ipac.caltech.edu (exoplanetarchive.ipac.caltech.edu)|134.4.54.147|:80... connected.
HTTP request sent, awaiting response... 302 Found
Location: https://exoplanetarchive.ipac.caltech.edu/data/ETSS//Kepler/005/378/88/kplr001432825-2010265121752_llc.fits [following]
--2018-12-09 12:32:24--  https://exoplanetarchive.ipac.caltech.edu/data/ETSS//Kepler/005/378/88/kplr001432825-2010265121752_llc.fits
Connecting to exoplanetarchive.ipac.caltech.edu (exoplanetarchive.ipac.caltech.edu)|134.4.54.147|:443... connected.
HTTP request sent, awaiting response... 200 OK
Length: 469440 (458K) [image/x-fits]
Saving to: 'kplr001432825-2010265121752_llc.fits'

     0K .......... .......... .......... .......... .......... 10% 42,8K 10s
    50K .......... .......... .......... .......... .......... 21%  106K 6s
   100K .......... .......... .......... .......... .......... 32%  129K 4s
   150K .......... .......... .......... .......... .......... 43%  164K 3s
   200K .......... .......... .......... .......... .......... 54%  256K 2s
   250K .......... .......... .......... .......... .......... 65%  129K 2s
   300K .......... .......... .......... .......... .......... 76%  254K 1s
   350K .......... .......... .......... .......... .......... 87%  258K 0s
   400K .......... .......... .......... .......... .......... 98%  250K 0s
   450K ........                                              100% 9,06M=3,5s

2018-12-09 12:32:28 (131 KB/s) - 'kplr001432825-2010265121752_llc.fits' saved [469440/469440]

--2018-12-09 12:32:29--  http://exoplanetarchive.ipac.caltech.edu/data/ETSS//Kepler/005/395/42/kplr001432825-2010265121752_llc_lc.tbl
Resolving exoplanetarchive.ipac.caltech.edu (exoplanetarchive.ipac.caltech.edu)... 134.4.54.147
Connecting to exoplanetarchive.ipac.caltech.edu (exoplanetarchive.ipac.caltech.edu)|134.4.54.147|:80... connected.
HTTP request sent, awaiting response... 302 Found
Location: https://exoplanetarchive.ipac.caltech.edu/data/ETSS//Kepler/005/395/42/kplr001432825-2010265121752_llc_lc.tbl [following]
--2018-12-09 12:32:29--  https://exoplanetarchive.ipac.caltech.edu/data/ETSS//Kepler/005/395/42/kplr001432825-2010265121752_llc_lc.tbl
Connecting to exoplanetarchive.ipac.caltech.edu (exoplanetarchive.ipac.caltech.edu)|134.4.54.147|:443... connected.
HTTP request sent, awaiting response... 200 OK
Length: 1421990 (1,4M) [text/plain]
Saving to: 'kplr001432825-2010265121752_llc_lc.tbl'

     0K .......... .......... .......... .......... ..........  3% 42,9K 31s
    50K .......... .......... .......... .......... ..........  7% 86,2K 22s
   100K .......... .......... .......... .......... .......... 10%  129K 18s
   150K .......... .......... .......... .......... .......... 14%  129K 15s
   200K .......... .......... .......... .......... .......... 18%  249K 12s
   250K .......... .......... .......... .......... .......... 21%  129K 11s
   300K .......... .......... .......... .......... .......... 25%  242K 10s
   350K .......... .......... .......... .......... .......... 28%  269K 9s
   400K .......... .......... .......... .......... .......... 32%  132K 8s
   450K .......... .......... .......... .......... .......... 36%  247K 7s
   500K .......... .......... .......... .......... .......... 39%  258K 7s
   550K .......... .......... .......... .......... .......... 43% 13,6M 6s
   600K .......... .......... .......... .......... .......... 46%  245K 5s
   650K .......... .......... .......... .......... .......... 50%  254K 5s
   700K .......... .......... .......... .......... .......... 54%  265K 4s
   750K .......... .......... .......... .......... .......... 57% 8,40M 4s
   800K .......... .......... .......... .......... .......... 61%  257K 3s
   850K .......... .......... .......... .......... .......... 64%  258K 3s
   900K .......... .......... .......... .......... .......... 68%  266K 3s
   950K .......... .......... .......... .......... .......... 72% 4,62M 2s
  1000K .......... .......... .......... .......... .......... 75%  259K 2s
  1050K .......... .......... .......... .......... .......... 79%  260K 2s
  1100K .......... .......... .......... .......... .......... 82% 12,4M 1s
  1150K .......... .......... .......... .......... .......... 86%  265K 1s
  1200K .......... .......... .......... .......... .......... 90% 4,01M 1s
  1250K .......... .......... .......... .......... .......... 93%  268K 0s
  1300K .......... .......... .......... .......... .......... 97% 4,27M 0s
  1350K .......... .......... .......... ........             100% 13,5M=6,3s

2018-12-09 12:32:36 (222 KB/s) - 'kplr001432825-2010265121752_llc_lc.tbl' saved [1421990/1421990]

--2018-12-09 12:32:36--  http://exoplanetarchive.ipac.caltech.edu/data/ETSS//Kepler/005/278/76/kplr001432825-2010355172524_llc.fits
Resolving exoplanetarchive.ipac.caltech.edu (exoplanetarchive.ipac.caltech.edu)... 134.4.54.147
Connecting to exoplanetarchive.ipac.caltech.edu (exoplanetarchive.ipac.caltech.edu)|134.4.54.147|:80... connected.
HTTP request sent, awaiting response... 302 Found
Location: https://exoplanetarchive.ipac.caltech.edu/data/ETSS//Kepler/005/278/76/kplr001432825-2010355172524_llc.fits [following]
--2018-12-09 12:32:37--  https://exoplanetarchive.ipac.caltech.edu/data/ETSS//Kepler/005/278/76/kplr001432825-2010355172524_llc.fits
Connecting to exoplanetarchive.ipac.caltech.edu (exoplanetarchive.ipac.caltech.edu)|134.4.54.147|:443... connected.
HTTP request sent, awaiting response... 200 OK
Length: 466560 (456K) [image/x-fits]
Saving to: 'kplr001432825-2010355172524_llc.fits'

     0K .......... .......... .......... .......... .......... 10% 43,0K 9s
    50K .......... .......... .......... .......... .......... 21% 86,2K 6s
   100K .......... .......... .......... .......... .......... 32%  128K 4s
   150K .......... .......... .......... .......... .......... 43%  129K 3s
   200K .......... .......... .......... .......... .......... 54%  245K 2s
   250K .......... .......... .......... .......... .......... 65%  252K 2s
   300K .......... .......... .......... .......... .......... 76%  252K 1s
   350K .......... .......... .......... .......... .......... 87%  259K 0s
   400K .......... .......... .......... .......... .......... 98%  130K 0s
   450K .....                                                 100% 36,6G=3,7s

2018-12-09 12:32:41 (123 KB/s) - 'kplr001432825-2010355172524_llc.fits' saved [466560/466560]

--2018-12-09 12:32:42--  http://exoplanetarchive.ipac.caltech.edu/data/ETSS//Kepler/005/295/10/kplr001432825-2010355172524_llc_lc.tbl
Resolving exoplanetarchive.ipac.caltech.edu (exoplanetarchive.ipac.caltech.edu)... 134.4.54.147
Connecting to exoplanetarchive.ipac.caltech.edu (exoplanetarchive.ipac.caltech.edu)|134.4.54.147|:80... connected.
HTTP request sent, awaiting response... 302 Found
Location: https://exoplanetarchive.ipac.caltech.edu/data/ETSS//Kepler/005/295/10/kplr001432825-2010355172524_llc_lc.tbl [following]
--2018-12-09 12:32:42--  https://exoplanetarchive.ipac.caltech.edu/data/ETSS//Kepler/005/295/10/kplr001432825-2010355172524_llc_lc.tbl
Connecting to exoplanetarchive.ipac.caltech.edu (exoplanetarchive.ipac.caltech.edu)|134.4.54.147|:443... connected.
HTTP request sent, awaiting response... 200 OK
Length: 1414575 (1,3M) [text/plain]
Saving to: 'kplr001432825-2010355172524_llc_lc.tbl'

     0K .......... .......... .......... .......... ..........  3% 43,2K 31s
    50K .......... .......... .......... .......... ..........  7% 85,8K 22s
   100K .......... .......... .......... .......... .......... 10%  131K 17s
   150K .......... .......... .......... .......... .......... 14%  252K 14s
   200K .......... .......... .......... .......... .......... 18%  131K 12s
   250K .......... .......... .......... .......... .......... 21%  256K 10s
   300K .......... .......... .......... .......... .......... 25%  257K 9s
   350K .......... .......... .......... .......... .......... 28%  252K 8s
   400K .......... .......... .......... .......... .......... 32%  134K 8s
   450K .......... .......... .......... .......... .......... 36% 2,25M 7s
   500K .......... .......... .......... .......... .......... 39%  262K 6s
   550K .......... .......... .......... .......... .......... 43%  257K 5s
   600K .......... .......... .......... .......... .......... 47%  278K 5s
   650K .......... .......... .......... .......... .......... 50% 3,10M 4s
   700K .......... .......... .......... .......... .......... 54%  261K 4s
   750K .......... .......... .......... .......... .......... 57%  265K 3s
   800K .......... .......... .......... .......... .......... 61%  259K 3s
   850K .......... .......... .......... .......... .......... 65%  257K 3s
   900K .......... .......... .......... .......... .......... 68%  262K 2s
   950K .......... .......... .......... .......... .......... 72% 12,5M 2s
  1000K .......... .......... .......... .......... .......... 76%  260K 2s
  1050K .......... .......... .......... .......... .......... 79%  250K 1s
  1100K .......... .......... .......... .......... .......... 83%  275K 1s
  1150K .......... .......... .......... .......... .......... 86% 10,3M 1s
  1200K .......... .......... .......... .......... .......... 90%  259K 1s
  1250K .......... .......... .......... .......... .......... 94%  266K 0s
  1300K .......... .......... .......... .......... .......... 97% 4,39M 0s
  1350K .......... .......... .......... .                    100% 17,3M=6,2s

2018-12-09 12:32:49 (223 KB/s) - 'kplr001432825-2010355172524_llc_lc.tbl' saved [1414575/1414575]

--2018-12-09 12:32:49--  http://exoplanetarchive.ipac.caltech.edu/data/ETSS//Kepler/005/411/95/kplr001432825-2011073133259_llc.fits
Resolving exoplanetarchive.ipac.caltech.edu (exoplanetarchive.ipac.caltech.edu)... 134.4.54.147
Connecting to exoplanetarchive.ipac.caltech.edu (exoplanetarchive.ipac.caltech.edu)|134.4.54.147|:80... connected.
HTTP request sent, awaiting response... 302 Found
Location: https://exoplanetarchive.ipac.caltech.edu/data/ETSS//Kepler/005/411/95/kplr001432825-2011073133259_llc.fits [following]
--2018-12-09 12:32:50--  https://exoplanetarchive.ipac.caltech.edu/data/ETSS//Kepler/005/411/95/kplr001432825-2011073133259_llc.fits
Connecting to exoplanetarchive.ipac.caltech.edu (exoplanetarchive.ipac.caltech.edu)|134.4.54.147|:443... connected.
HTTP request sent, awaiting response... 200 OK
Length: 357120 (349K) [image/x-fits]
Saving to: 'kplr001432825-2011073133259_llc.fits'

     0K .......... .......... .......... .......... .......... 14% 42,9K 7s
    50K .......... .......... .......... .......... .......... 28% 85,8K 4s
   100K .......... .......... .......... .......... .......... 43%  129K 3s
   150K .......... .......... .......... .......... .......... 57%  126K 2s
   200K .......... .......... .......... .......... .......... 71% 64,1K 1s
   250K .......... .......... .......... .......... .......... 86% 85,8K 1s
   300K .......... .......... .......... .......... ........  100%  124K=4,3s

2018-12-09 12:32:55 (81,3 KB/s) - 'kplr001432825-2011073133259_llc.fits' saved [357120/357120]

--2018-12-09 12:32:55--  http://exoplanetarchive.ipac.caltech.edu/data/ETSS//Kepler/005/428/74/kplr001432825-2011073133259_llc_lc.tbl
Resolving exoplanetarchive.ipac.caltech.edu (exoplanetarchive.ipac.caltech.edu)... 134.4.54.147
Connecting to exoplanetarchive.ipac.caltech.edu (exoplanetarchive.ipac.caltech.edu)|134.4.54.147|:80... connected.
HTTP request sent, awaiting response... 302 Found
Location: https://exoplanetarchive.ipac.caltech.edu/data/ETSS//Kepler/005/428/74/kplr001432825-2011073133259_llc_lc.tbl [following]
--2018-12-09 12:32:55--  https://exoplanetarchive.ipac.caltech.edu/data/ETSS//Kepler/005/428/74/kplr001432825-2011073133259_llc_lc.tbl
Connecting to exoplanetarchive.ipac.caltech.edu (exoplanetarchive.ipac.caltech.edu)|134.4.54.147|:443... connected.
HTTP request sent, awaiting response... 200 OK
Length: 1061650 (1,0M) [text/plain]
Saving to: 'kplr001432825-2011073133259_llc_lc.tbl'

     0K .......... .......... .......... .......... ..........  4% 43,4K 23s
    50K .......... .......... .......... .......... ..........  9% 86,4K 16s
   100K .......... .......... .......... .......... .......... 14%  128K 13s
   150K .......... .......... .......... .......... .......... 19%  129K 11s
   200K .......... .......... .......... .......... .......... 24%  126K 9s
   250K .......... .......... .......... .......... .......... 28%  129K 8s
   300K .......... .......... .......... .......... .......... 33%  129K 7s
   350K .......... .......... .......... .......... .......... 38%  256K 6s
   400K .......... .......... .......... .......... .......... 43%  132K 6s
   450K .......... .......... .......... .......... .......... 48%  258K 5s
   500K .......... .......... .......... .......... .......... 53%  258K 4s
   550K .......... .......... .......... .......... .......... 57%  257K 4s
   600K .......... .......... .......... .......... .......... 62% 4,54M 3s
   650K .......... .......... .......... .......... .......... 67%  262K 2s
   700K .......... .......... .......... .......... .......... 72%  262K 2s
   750K .......... .......... .......... .......... .......... 77%  263K 2s
   800K .......... .......... .......... .......... .......... 81% 4,75M 1s
   850K .......... .......... .......... .......... .......... 86%  259K 1s
   900K .......... .......... .......... .......... .......... 91%  272K 1s
   950K .......... .......... .......... .......... .......... 96% 4,15M 0s
  1000K .......... .......... .......... ......               100%  198K=6,0s

2018-12-09 12:33:02 (173 KB/s) - 'kplr001432825-2011073133259_llc_lc.tbl' saved [1061650/1061650]

--2018-12-09 12:33:03--  http://exoplanetarchive.ipac.caltech.edu/data/ETSS//Kepler/005/311/43/kplr001432825-2011177032512_llc.fits
Resolving exoplanetarchive.ipac.caltech.edu (exoplanetarchive.ipac.caltech.edu)... 134.4.54.147
Connecting to exoplanetarchive.ipac.caltech.edu (exoplanetarchive.ipac.caltech.edu)|134.4.54.147|:80... connected.
HTTP request sent, awaiting response... 302 Found
Location: https://exoplanetarchive.ipac.caltech.edu/data/ETSS//Kepler/005/311/43/kplr001432825-2011177032512_llc.fits [following]
--2018-12-09 12:33:03--  https://exoplanetarchive.ipac.caltech.edu/data/ETSS//Kepler/005/311/43/kplr001432825-2011177032512_llc.fits
Connecting to exoplanetarchive.ipac.caltech.edu (exoplanetarchive.ipac.caltech.edu)|134.4.54.147|:443... connected.
HTTP request sent, awaiting response... 200 OK
Length: 506880 (495K) [image/x-fits]
Saving to: 'kplr001432825-2011177032512_llc.fits'

     0K .......... .......... .......... .......... .......... 10% 42,8K 10s
    50K .......... .......... .......... .......... .......... 20% 85,5K 7s
   100K .......... .......... .......... .......... .......... 30%  129K 5s
   150K .......... .......... .......... .......... .......... 40%  130K 4s
   200K .......... .......... .......... .......... .......... 50%  251K 3s
   250K .......... .......... .......... .......... .......... 60%  255K 2s
   300K .......... .......... .......... .......... .......... 70%  130K 1s
   350K .......... .......... .......... .......... .......... 80%  244K 1s
   400K .......... .......... .......... .......... .......... 90% 36,4K 0s
   450K .......... .......... .......... .......... .....     100% 57,5K=5,7s

2018-12-09 12:33:10 (87,4 KB/s) - 'kplr001432825-2011177032512_llc.fits' saved [506880/506880]

--2018-12-09 12:33:10--  http://exoplanetarchive.ipac.caltech.edu/data/ETSS//Kepler/005/328/17/kplr001432825-2011177032512_llc_lc.tbl
Resolving exoplanetarchive.ipac.caltech.edu (exoplanetarchive.ipac.caltech.edu)... 134.4.54.147
Connecting to exoplanetarchive.ipac.caltech.edu (exoplanetarchive.ipac.caltech.edu)|134.4.54.147|:80... connected.
HTTP request sent, awaiting response... 302 Found
Location: https://exoplanetarchive.ipac.caltech.edu/data/ETSS//Kepler/005/328/17/kplr001432825-2011177032512_llc_lc.tbl [following]
--2018-12-09 12:33:10--  https://exoplanetarchive.ipac.caltech.edu/data/ETSS//Kepler/005/328/17/kplr001432825-2011177032512_llc_lc.tbl
Connecting to exoplanetarchive.ipac.caltech.edu (exoplanetarchive.ipac.caltech.edu)|134.4.54.147|:443... connected.
HTTP request sent, awaiting response... 200 OK
Length: 1541129 (1,5M) [text/plain]
Saving to: 'kplr001432825-2011177032512_llc_lc.tbl'

     0K .......... .......... .......... .......... ..........  3% 18,2K 80s
    50K .......... .......... .......... .......... ..........  6% 32,3K 60s
   100K .......... .......... .......... .......... ..........  9% 42,8K 49s
   150K .......... .......... .......... .......... .......... 13% 51,5K 42s
   200K .......... .......... .......... .......... .......... 16% 64,0K 36s
   250K .......... .......... .......... .......... .......... 19% 64,2K 32s
   300K .......... .......... .......... .......... .......... 23% 64,8K 29s
   350K .......... .......... .......... .......... .......... 26% 32,3K 28s
   400K .......... .......... .......... .......... .......... 29% 32,3K 28s
   450K .......... .......... .......... .......... .......... 33% 51,8K 26s
   500K .......... .......... .......... .......... .......... 36% 51,7K 24s
   550K .......... .......... .......... .......... .......... 39% 64,7K 22s
   600K .......... .......... .......... .......... .......... 43% 36,9K 21s
   650K .......... .......... .......... .......... .......... 46% 36,8K 20s
   700K .......... .......... .......... .......... .......... 49% 43,1K 19s
   750K .......... .......... .......... .......... .......... 53% 64,3K 17s
   800K .......... .......... .......... .......... .......... 56% 36,6K 16s
   850K .......... .......... .......... .......... .......... 59% 63,7K 14s
   900K .......... .......... .......... .......... .......... 63% 64,8K 13s
   950K .......... .......... .......... .......... .......... 66% 64,6K 12s
  1000K .......... .......... .......... .......... .......... 69% 64,5K 10s
  1050K .......... .......... .......... .......... .......... 73% 85,4K 9s
  1100K .......... .......... .......... .......... .......... 76% 64,8K 8s
  1150K .......... .......... .......... .......... .......... 79% 86,5K 7s
  1200K .......... .......... .......... .......... .......... 83% 64,6K 5s
  1250K .......... .......... .......... .......... .......... 86%  111K 4s
  1300K .......... .......... .......... .......... .......... 89% 41,8K 3s
  1350K .......... .......... .......... .......... .......... 93% 64,5K 2s
  1400K .......... .......... .......... .......... .......... 96% 51,7K 1s
  1450K .......... .......... .......... .......... .......... 99% 64,9K 0s
  1500K .....                                                 100% 19,2M=31s

2018-12-09 12:33:42 (49,3 KB/s) - 'kplr001432825-2011177032512_llc_lc.tbl' saved [1541129/1541129]

--2018-12-09 12:33:42--  http://exoplanetarchive.ipac.caltech.edu/data/ETSS//Kepler/005/445/52/kplr001432825-2011271113734_llc.fits
Resolving exoplanetarchive.ipac.caltech.edu (exoplanetarchive.ipac.caltech.edu)... 134.4.54.147
Connecting to exoplanetarchive.ipac.caltech.edu (exoplanetarchive.ipac.caltech.edu)|134.4.54.147|:80... connected.
HTTP request sent, awaiting response... 302 Found
Location: https://exoplanetarchive.ipac.caltech.edu/data/ETSS//Kepler/005/445/52/kplr001432825-2011271113734_llc.fits [following]
--2018-12-09 12:33:42--  https://exoplanetarchive.ipac.caltech.edu/data/ETSS//Kepler/005/445/52/kplr001432825-2011271113734_llc.fits
Connecting to exoplanetarchive.ipac.caltech.edu (exoplanetarchive.ipac.caltech.edu)|134.4.54.147|:443... connected.
HTTP request sent, awaiting response... 200 OK
Length: 486720 (475K) [image/x-fits]
Saving to: 'kplr001432825-2011271113734_llc.fits'

     0K .......... .......... .......... .......... .......... 10% 42,9K 10s
    50K .......... .......... .......... .......... .......... 21% 86,3K 7s
   100K .......... .......... .......... .......... .......... 31%  129K 5s
   150K .......... .......... .......... .......... .......... 42%  130K 3s
   200K .......... .......... .......... .......... .......... 52%  250K 2s
   250K .......... .......... .......... .......... .......... 63%  131K 2s
   300K .......... .......... .......... .......... .......... 73%  255K 1s
   350K .......... .......... .......... .......... .......... 84%  259K 1s
   400K .......... .......... .......... .......... .......... 94%  253K 0s
   450K .......... .......... .....                           100%  132K=3,9s

2018-12-09 12:33:47 (123 KB/s) - 'kplr001432825-2011271113734_llc.fits' saved [486720/486720]

--2018-12-09 12:33:47--  http://exoplanetarchive.ipac.caltech.edu/data/ETSS//Kepler/005/462/22/kplr001432825-2011271113734_llc_lc.tbl
Resolving exoplanetarchive.ipac.caltech.edu (exoplanetarchive.ipac.caltech.edu)... 134.4.54.147
Connecting to exoplanetarchive.ipac.caltech.edu (exoplanetarchive.ipac.caltech.edu)|134.4.54.147|:80... connected.
HTTP request sent, awaiting response... 302 Found
Location: https://exoplanetarchive.ipac.caltech.edu/data/ETSS//Kepler/005/462/22/kplr001432825-2011271113734_llc_lc.tbl [following]
--2018-12-09 12:33:48--  https://exoplanetarchive.ipac.caltech.edu/data/ETSS//Kepler/005/462/22/kplr001432825-2011271113734_llc_lc.tbl
Connecting to exoplanetarchive.ipac.caltech.edu (exoplanetarchive.ipac.caltech.edu)|134.4.54.147|:443... connected.
HTTP request sent, awaiting response... 200 OK
Length: 1478345 (1,4M) [text/plain]
Saving to: 'kplr001432825-2011271113734_llc_lc.tbl'

     0K .......... .......... .......... .......... ..........  3% 43,3K 32s
    50K .......... .......... .......... .......... ..........  6% 85,7K 23s
   100K .......... .......... .......... .......... .......... 10%  129K 18s
   150K .......... .......... .......... .......... .......... 13%  129K 16s
   200K .......... .......... .......... .......... .......... 17%  256K 13s
   250K .......... .......... .......... .......... .......... 20%  130K 12s
   300K .......... .......... .......... .......... .......... 24%  257K 10s
   350K .......... .......... .......... .......... .......... 27%  130K 10s
   400K .......... .......... .......... .......... .......... 31%  129K 9s
   450K .......... .......... .......... .......... .......... 34%  258K 8s
   500K .......... .......... .......... .......... .......... 38%  259K 7s
   550K .......... .......... .......... .......... .......... 41%  254K 7s
   600K .......... .......... .......... .......... .......... 45%  257K 6s
   650K .......... .......... .......... .......... .......... 48% 4,36M 5s
   700K .......... .......... .......... .......... .......... 51%  254K 5s
   750K .......... .......... .......... .......... .......... 55%  276K 4s
   800K .......... .......... .......... .......... .......... 58%  257K 4s
   850K .......... .......... .......... .......... .......... 62%  263K 3s
   900K .......... .......... .......... .......... .......... 65% 3,68M 3s
   950K .......... .......... .......... .......... .......... 69%  273K 3s
  1000K .......... .......... .......... .......... .......... 72%  262K 2s
  1050K .......... .......... .......... .......... .......... 76%  260K 2s
  1100K .......... .......... .......... .......... .......... 79%  261K 2s
  1150K .......... .......... .......... .......... .......... 83% 11,9M 1s
  1200K .......... .......... .......... .......... .......... 86%  261K 1s
  1250K .......... .......... .......... .......... .......... 90%  262K 1s
  1300K .......... .......... .......... .......... .......... 93% 3,67M 0s
  1350K .......... .......... .......... .......... .......... 96%  280K 0s
  1400K .......... .......... .......... .......... ...       100% 4,18M=7,0s

2018-12-09 12:33:56 (207 KB/s) - 'kplr001432825-2011271113734_llc_lc.tbl' saved [1478345/1478345]

--2018-12-09 12:33:56--  http://exoplanetarchive.ipac.caltech.edu/data/ETSS//Kepler/005/478/92/kplr001432825-2012004120508_llc.fits
Resolving exoplanetarchive.ipac.caltech.edu (exoplanetarchive.ipac.caltech.edu)... 134.4.54.147
Connecting to exoplanetarchive.ipac.caltech.edu (exoplanetarchive.ipac.caltech.edu)|134.4.54.147|:80... connected.
HTTP request sent, awaiting response... 302 Found
Location: https://exoplanetarchive.ipac.caltech.edu/data/ETSS//Kepler/005/478/92/kplr001432825-2012004120508_llc.fits [following]
--2018-12-09 12:33:56--  https://exoplanetarchive.ipac.caltech.edu/data/ETSS//Kepler/005/478/92/kplr001432825-2012004120508_llc.fits
Connecting to exoplanetarchive.ipac.caltech.edu (exoplanetarchive.ipac.caltech.edu)|134.4.54.147|:443... connected.
HTTP request sent, awaiting response... 200 OK
Length: 506880 (495K) [image/x-fits]
Saving to: 'kplr001432825-2012004120508_llc.fits'

     0K .......... .......... .......... .......... .......... 10% 43,1K 10s
    50K .......... .......... .......... .......... .......... 20% 85,8K 7s
   100K .......... .......... .......... .......... .......... 30%  126K 5s
   150K .......... .......... .......... .......... .......... 40%  129K 4s
   200K .......... .......... .......... .......... .......... 50%  128K 3s
   250K .......... .......... .......... .......... .......... 60%  129K 2s
   300K .......... .......... .......... .......... .......... 70%  253K 1s
   350K .......... .......... .......... .......... .......... 80%  126K 1s
   400K .......... .......... .......... .......... .......... 90%  129K 0s
   450K .......... .......... .......... .......... .....     100%  231K=4,5s

2018-12-09 12:34:02 (110 KB/s) - 'kplr001432825-2012004120508_llc.fits' saved [506880/506880]

--2018-12-09 12:34:02--  http://exoplanetarchive.ipac.caltech.edu/data/ETSS//Kepler/005/495/33/kplr001432825-2012004120508_llc_lc.tbl
Resolving exoplanetarchive.ipac.caltech.edu (exoplanetarchive.ipac.caltech.edu)... 134.4.54.147
Connecting to exoplanetarchive.ipac.caltech.edu (exoplanetarchive.ipac.caltech.edu)|134.4.54.147|:80... connected.
HTTP request sent, awaiting response... 302 Found
Location: https://exoplanetarchive.ipac.caltech.edu/data/ETSS//Kepler/005/495/33/kplr001432825-2012004120508_llc_lc.tbl [following]
--2018-12-09 12:34:02--  https://exoplanetarchive.ipac.caltech.edu/data/ETSS//Kepler/005/495/33/kplr001432825-2012004120508_llc_lc.tbl
Connecting to exoplanetarchive.ipac.caltech.edu (exoplanetarchive.ipac.caltech.edu)|134.4.54.147|:443... connected.
HTTP request sent, awaiting response... 200 OK
Length: 1536630 (1,5M) [text/plain]
Saving to: 'kplr001432825-2012004120508_llc_lc.tbl'

     0K .......... .......... .......... .......... ..........  3% 43,3K 33s
    50K .......... .......... .......... .......... ..........  6% 86,7K 24s
   100K .......... .......... .......... .......... ..........  9%  210K 18s
   150K .......... .......... .......... .......... .......... 13%  129K 15s
   200K .......... .......... .......... .......... .......... 16%  252K 13s
   250K .......... .......... .......... .......... .......... 19%  141K 12s
   300K .......... .......... .......... .......... .......... 23%  279K 10s
   350K .......... .......... .......... .......... .......... 26%  216K 9s
   400K .......... .......... .......... .......... .......... 29%  312K 8s
   450K .......... .......... .......... .......... .......... 33%  258K 7s
   500K .......... .......... .......... .......... .......... 36% 1,19M 6s
   550K .......... .......... .......... .......... .......... 39%  260K 6s
   600K .......... .......... .......... .......... .......... 43%  327K 5s
   650K .......... .......... .......... .......... .......... 46% 1,18M 5s
   700K .......... .......... .......... .......... .......... 49%  262K 4s
   750K .......... .......... .......... .......... .......... 53%  260K 4s
   800K .......... .......... .......... .......... .......... 56%  314K 4s
   850K .......... .......... .......... .......... .......... 59%  893K 3s
   900K .......... .......... .......... .......... .......... 63%  367K 3s
   950K .......... .......... .......... .......... .......... 66% 1,11M 2s
  1000K .......... .......... .......... .......... .......... 69%  281K 2s
  1050K .......... .......... .......... .......... .......... 73% 2,16M 2s
  1100K .......... .......... .......... .......... .......... 76%  357K 2s
  1150K .......... .......... .......... .......... .......... 79% 1,08M 1s
  1200K .......... .......... .......... .......... .......... 83% 9,28M 1s
  1250K .......... .......... .......... .......... .......... 86%  262K 1s
  1300K .......... .......... .......... .......... .......... 89%  269K 1s
  1350K .......... .......... .......... .......... .......... 93% 11,8M 0s
  1400K .......... .......... .......... .......... .......... 96% 4,93M 0s
  1450K .......... .......... .......... .......... .......... 99%  276K 0s
  1500K                                                       100% 4,00G=5,8s

2018-12-09 12:34:09 (257 KB/s) - 'kplr001432825-2012004120508_llc_lc.tbl' saved [1536630/1536630]

--2018-12-09 12:34:09--  http://exoplanetarchive.ipac.caltech.edu/data/ETSS//Kepler/005/511/75/kplr001432825-2012088054726_llc.fits
Resolving exoplanetarchive.ipac.caltech.edu (exoplanetarchive.ipac.caltech.edu)... 134.4.54.147
Connecting to exoplanetarchive.ipac.caltech.edu (exoplanetarchive.ipac.caltech.edu)|134.4.54.147|:80... connected.
HTTP request sent, awaiting response... 302 Found
Location: https://exoplanetarchive.ipac.caltech.edu/data/ETSS//Kepler/005/511/75/kplr001432825-2012088054726_llc.fits [following]
--2018-12-09 12:34:10--  https://exoplanetarchive.ipac.caltech.edu/data/ETSS//Kepler/005/511/75/kplr001432825-2012088054726_llc.fits
Connecting to exoplanetarchive.ipac.caltech.edu (exoplanetarchive.ipac.caltech.edu)|134.4.54.147|:443... connected.
HTTP request sent, awaiting response... 200 OK
Length: 434880 (425K) [image/x-fits]
Saving to: 'kplr001432825-2012088054726_llc.fits'

     0K .......... .......... .......... .......... .......... 11% 42,8K 9s
    50K .......... .......... .......... .......... .......... 23%  127K 5s
   100K .......... .......... .......... .......... .......... 35%  128K 4s
   150K .......... .......... .......... .......... .......... 47%  129K 3s
   200K .......... .......... .......... .......... .......... 58%  254K 2s
   250K .......... .......... .......... .......... .......... 70%  128K 1s
   300K .......... .......... .......... .......... .......... 82%  252K 1s
   350K .......... .......... .......... .......... .......... 94%  258K 0s
   400K .......... .......... ....                            100%  128K=3,5s

2018-12-09 12:34:14 (121 KB/s) - 'kplr001432825-2012088054726_llc.fits' saved [434880/434880]

--2018-12-09 12:34:14--  http://exoplanetarchive.ipac.caltech.edu/data/ETSS//Kepler/005/528/44/kplr001432825-2012088054726_llc_lc.tbl
Resolving exoplanetarchive.ipac.caltech.edu (exoplanetarchive.ipac.caltech.edu)... 134.4.54.147
Connecting to exoplanetarchive.ipac.caltech.edu (exoplanetarchive.ipac.caltech.edu)|134.4.54.147|:80... connected.
HTTP request sent, awaiting response... 302 Found
Location: https://exoplanetarchive.ipac.caltech.edu/data/ETSS//Kepler/005/528/44/kplr001432825-2012088054726_llc_lc.tbl [following]
--2018-12-09 12:34:15--  https://exoplanetarchive.ipac.caltech.edu/data/ETSS//Kepler/005/528/44/kplr001432825-2012088054726_llc_lc.tbl
Connecting to exoplanetarchive.ipac.caltech.edu (exoplanetarchive.ipac.caltech.edu)|134.4.54.147|:443... connected.
HTTP request sent, awaiting response... 200 OK
Length: 1307996 (1,2M) [text/plain]
Saving to: 'kplr001432825-2012088054726_llc_lc.tbl'

     0K .......... .......... .......... .......... ..........  3% 43,0K 29s
    50K .......... .......... .......... .......... ..........  7%  117K 19s
   100K .......... .......... .......... .......... .......... 11%  130K 15s
   150K .......... .......... .......... .......... .......... 15%  138K 13s
   200K .......... .......... .......... .......... .......... 19%  226K 11s
   250K .......... .......... .......... .......... .......... 23%  259K 9s
   300K .......... .......... .......... .......... .......... 27%  260K 8s
   350K .......... .......... .......... .......... .......... 31%  258K 7s
   400K .......... .......... .......... .......... .......... 35%  253K 6s
   450K .......... .......... .......... .......... .......... 39%  256K 5s
   500K .......... .......... .......... .......... .......... 43%  296K 5s
   550K .......... .......... .......... .......... .......... 46% 1,60M 4s
   600K .......... .......... .......... .......... .......... 50%  261K 4s
   650K .......... .......... .......... .......... .......... 54%  261K 3s
   700K .......... .......... .......... .......... .......... 58% 5,14M 3s
   750K .......... .......... .......... .......... .......... 62%  264K 3s
   800K .......... .......... .......... .......... .......... 66%  262K 2s
   850K .......... .......... .......... .......... .......... 70% 6,05M 2s
   900K .......... .......... .......... .......... .......... 74%  258K 2s
   950K .......... .......... .......... .......... .......... 78% 12,6M 1s
  1000K .......... .......... .......... .......... .......... 82%  265K 1s
  1050K .......... .......... .......... .......... .......... 86% 5,60M 1s
  1100K .......... .......... .......... .......... .......... 90%  267K 1s
  1150K .......... .......... .......... .......... .......... 93% 2,31M 0s
  1200K .......... .......... .......... .......... .......... 97%  285K 0s
  1250K .......... .......... .......                         100% 22,3M=5,3s

2018-12-09 12:34:21 (242 KB/s) - 'kplr001432825-2012088054726_llc_lc.tbl' saved [1307996/1307996]

--2018-12-09 12:34:21--  http://exoplanetarchive.ipac.caltech.edu/data/ETSS//Kepler/005/545/14/kplr001432825-2012179063303_llc.fits
Resolving exoplanetarchive.ipac.caltech.edu (exoplanetarchive.ipac.caltech.edu)... 134.4.54.147
Connecting to exoplanetarchive.ipac.caltech.edu (exoplanetarchive.ipac.caltech.edu)|134.4.54.147|:80... connected.
HTTP request sent, awaiting response... 302 Found
Location: https://exoplanetarchive.ipac.caltech.edu/data/ETSS//Kepler/005/545/14/kplr001432825-2012179063303_llc.fits [following]
--2018-12-09 12:34:21--  https://exoplanetarchive.ipac.caltech.edu/data/ETSS//Kepler/005/545/14/kplr001432825-2012179063303_llc.fits
Connecting to exoplanetarchive.ipac.caltech.edu (exoplanetarchive.ipac.caltech.edu)|134.4.54.147|:443... connected.
HTTP request sent, awaiting response... 200 OK
Length: 472320 (461K) [image/x-fits]
Saving to: 'kplr001432825-2012179063303_llc.fits'

     0K .......... .......... .......... .......... .......... 10% 42,9K 10s
    50K .......... .......... .......... .......... .......... 21%  129K 6s
   100K .......... .......... .......... .......... .......... 32%  129K 4s
   150K .......... .......... .......... .......... .......... 43%  127K 3s
   200K .......... .......... .......... .......... .......... 54%  255K 2s
   250K .......... .......... .......... .......... .......... 65%  127K 2s
   300K .......... .......... .......... .......... .......... 75%  253K 1s
   350K .......... .......... .......... .......... .......... 86%  130K 1s
   400K .......... .......... .......... .......... .......... 97% 31,2K 0s
   450K .......... .                                          100% 11,9M=5,1s

2018-12-09 12:34:28 (90,2 KB/s) - 'kplr001432825-2012179063303_llc.fits' saved [472320/472320]

--2018-12-09 12:34:28--  http://exoplanetarchive.ipac.caltech.edu/data/ETSS//Kepler/005/561/81/kplr001432825-2012179063303_llc_lc.tbl
Resolving exoplanetarchive.ipac.caltech.edu (exoplanetarchive.ipac.caltech.edu)... 134.4.54.147
Connecting to exoplanetarchive.ipac.caltech.edu (exoplanetarchive.ipac.caltech.edu)|134.4.54.147|:80... connected.
HTTP request sent, awaiting response... 302 Found
Location: https://exoplanetarchive.ipac.caltech.edu/data/ETSS//Kepler/005/561/81/kplr001432825-2012179063303_llc_lc.tbl [following]
--2018-12-09 12:34:28--  https://exoplanetarchive.ipac.caltech.edu/data/ETSS//Kepler/005/561/81/kplr001432825-2012179063303_llc_lc.tbl
Connecting to exoplanetarchive.ipac.caltech.edu (exoplanetarchive.ipac.caltech.edu)|134.4.54.147|:443... connected.
HTTP request sent, awaiting response... 200 OK
Length: 1429403 (1,4M) [text/plain]
Saving to: 'kplr001432825-2012179063303_llc_lc.tbl'

     0K .......... .......... .......... .......... ..........  3% 42,9K 31s
    50K .......... .......... .......... .......... ..........  7% 85,8K 23s
   100K .......... .......... .......... .......... .......... 10%  128K 18s
   150K .......... .......... .......... .......... .......... 14%  126K 15s
   200K .......... .......... .......... .......... .......... 17%  129K 13s
   250K .......... .......... .......... .......... .......... 21%  131K 12s
   300K .......... .......... .......... .......... .......... 25%  251K 10s
   350K .......... .......... .......... .......... .......... 28%  225K 9s
   400K .......... .......... .......... .......... .......... 32%  139K 9s
   450K .......... .......... .......... .......... .......... 35%  261K 8s
   500K .......... .......... .......... .......... .......... 39%  258K 7s
   550K .......... .......... .......... .......... .......... 42%  259K 6s
   600K .......... .......... .......... .......... .......... 46%  254K 6s
   650K .......... .......... .......... .......... .......... 50%  255K 5s
   700K .......... .......... .......... .......... .......... 53%  257K 5s
   750K .......... .......... .......... .......... .......... 57% 11,1M 4s
   800K .......... .......... .......... .......... .......... 60%  130K 4s
   850K .......... .......... .......... .......... .......... 64% 12,2M 3s
   900K .......... .......... .......... .......... .......... 68%  128K 3s
   950K .......... .......... .......... .......... .......... 71% 64,1K 3s
  1000K .......... .......... .......... .......... .......... 75% 51,5K 3s
  1050K .......... .......... .......... .......... .......... 78% 51,5K 2s
  1100K .......... .......... .......... .......... .......... 82% 51,6K 2s
  1150K .......... .......... .......... .......... .......... 85% 64,4K 2s
  1200K .......... .......... .......... .......... .......... 89% 39,9K 1s
  1250K .......... .......... .......... .......... .......... 93% 54,4K 1s
  1300K .......... .......... .......... .......... .......... 96% 57,2K 0s
  1350K .......... .......... .......... .......... .....     100% 67,3K=14s

2018-12-09 12:34:43 (98,1 KB/s) - 'kplr001432825-2012179063303_llc_lc.tbl' saved [1429403/1429403]

--2018-12-09 12:34:43--  http://exoplanetarchive.ipac.caltech.edu/data/ETSS//Kepler/005/578/48/kplr001432825-2012277125453_llc.fits
Resolving exoplanetarchive.ipac.caltech.edu (exoplanetarchive.ipac.caltech.edu)... 134.4.54.147
Connecting to exoplanetarchive.ipac.caltech.edu (exoplanetarchive.ipac.caltech.edu)|134.4.54.147|:80... connected.
HTTP request sent, awaiting response... 302 Found
Location: https://exoplanetarchive.ipac.caltech.edu/data/ETSS//Kepler/005/578/48/kplr001432825-2012277125453_llc.fits [following]
--2018-12-09 12:34:44--  https://exoplanetarchive.ipac.caltech.edu/data/ETSS//Kepler/005/578/48/kplr001432825-2012277125453_llc.fits
Connecting to exoplanetarchive.ipac.caltech.edu (exoplanetarchive.ipac.caltech.edu)|134.4.54.147|:443... connected.
HTTP request sent, awaiting response... 200 OK
Length: 506880 (495K) [image/x-fits]
Saving to: 'kplr001432825-2012277125453_llc.fits'

     0K .......... .......... .......... .......... .......... 10% 43,3K 10s
    50K .......... .......... .......... .......... .......... 20% 85,2K 7s
   100K .......... .......... .......... .......... .......... 30%  127K 5s
   150K .......... .......... .......... .......... .......... 40%  128K 4s
   200K .......... .......... .......... .......... .......... 50%  247K 3s
   250K .......... .......... .......... .......... .......... 60%  130K 2s
   300K .......... .......... .......... .......... .......... 70%  256K 1s
   350K .......... .......... .......... .......... .......... 80%  252K 1s
   400K .......... .......... .......... .......... .......... 90%  131K 0s
   450K .......... .......... .......... .......... .....     100% 3,74M=3,9s

2018-12-09 12:34:49 (127 KB/s) - 'kplr001432825-2012277125453_llc.fits' saved [506880/506880]

--2018-12-09 12:34:49--  http://exoplanetarchive.ipac.caltech.edu/data/ETSS//Kepler/005/595/18/kplr001432825-2012277125453_llc_lc.tbl
Resolving exoplanetarchive.ipac.caltech.edu (exoplanetarchive.ipac.caltech.edu)... 134.4.54.147
Connecting to exoplanetarchive.ipac.caltech.edu (exoplanetarchive.ipac.caltech.edu)|134.4.54.147|:80... connected.
HTTP request sent, awaiting response... 302 Found
Location: https://exoplanetarchive.ipac.caltech.edu/data/ETSS//Kepler/005/595/18/kplr001432825-2012277125453_llc_lc.tbl [following]
--2018-12-09 12:34:49--  https://exoplanetarchive.ipac.caltech.edu/data/ETSS//Kepler/005/595/18/kplr001432825-2012277125453_llc_lc.tbl
Connecting to exoplanetarchive.ipac.caltech.edu (exoplanetarchive.ipac.caltech.edu)|134.4.54.147|:443... connected.
HTTP request sent, awaiting response... 200 OK
Length: 1537592 (1,5M) [text/plain]
Saving to: 'kplr001432825-2012277125453_llc_lc.tbl'

     0K .......... .......... .......... .......... ..........  3% 42,9K 34s
    50K .......... .......... .......... .......... ..........  6%  117K 22s
   100K .......... .......... .......... .......... ..........  9%  129K 18s
   150K .......... .......... .......... .......... .......... 13%  145K 15s
   200K .......... .......... .......... .......... .......... 16%  256K 13s
   250K .......... .......... .......... .......... .......... 19%  130K 12s
   300K .......... .......... .......... .......... .......... 23%  258K 10s
   350K .......... .......... .......... .......... .......... 26%  258K 9s
   400K .......... .......... .......... .......... .......... 29%  258K 8s
   450K .......... .......... .......... .......... .......... 33%  261K 7s
   500K .......... .......... .......... .......... .......... 36%  261K 7s
   550K .......... .......... .......... .......... .......... 39% 4,17M 6s
   600K .......... .......... .......... .......... .......... 43%  255K 5s
   650K .......... .......... .......... .......... .......... 46%  272K 5s
   700K .......... .......... .......... .......... .......... 49%  243K 4s
   750K .......... .......... .......... .......... .......... 53%  257K 4s
   800K .......... .......... .......... .......... .......... 56% 9,17M 4s
   850K .......... .......... .......... .......... .......... 59%  228K 3s
   900K .......... .......... .......... .......... .......... 63%  304K 3s
   950K .......... .......... .......... .......... .......... 66%  259K 3s
  1000K .......... .......... .......... .......... .......... 69% 11,9M 2s
  1050K .......... .......... .......... .......... .......... 73%  261K 2s
  1100K .......... .......... .......... .......... .......... 76% 11,1M 2s
  1150K .......... .......... .......... .......... .......... 79%  263K 1s
  1200K .......... .......... .......... .......... .......... 83%  250K 1s
  1250K .......... .......... .......... .......... .......... 86%  274K 1s
  1300K .......... .......... .......... .......... .......... 89% 6,90M 1s
  1350K .......... .......... .......... .......... .......... 93% 11,1M 0s
  1400K .......... .......... .......... .......... .......... 96%  269K 0s
  1450K .......... .......... .......... .......... .......... 99% 3,93M 0s
  1500K .                                                     100% 10,1G=6,2s

2018-12-09 12:34:56 (241 KB/s) - 'kplr001432825-2012277125453_llc_lc.tbl' saved [1537592/1537592]

--2018-12-09 12:34:57--  http://exoplanetarchive.ipac.caltech.edu/data/ETSS//Kepler/005/611/88/kplr001432825-2013011073258_llc.fits
Resolving exoplanetarchive.ipac.caltech.edu (exoplanetarchive.ipac.caltech.edu)... 134.4.54.147
Connecting to exoplanetarchive.ipac.caltech.edu (exoplanetarchive.ipac.caltech.edu)|134.4.54.147|:80... connected.
HTTP request sent, awaiting response... 302 Found
Location: https://exoplanetarchive.ipac.caltech.edu/data/ETSS//Kepler/005/611/88/kplr001432825-2013011073258_llc.fits [following]
--2018-12-09 12:34:57--  https://exoplanetarchive.ipac.caltech.edu/data/ETSS//Kepler/005/611/88/kplr001432825-2013011073258_llc.fits
Connecting to exoplanetarchive.ipac.caltech.edu (exoplanetarchive.ipac.caltech.edu)|134.4.54.147|:443... connected.
HTTP request sent, awaiting response... 200 OK
Length: 506880 (495K) [image/x-fits]
Saving to: 'kplr001432825-2013011073258_llc.fits'

     0K .......... .......... .......... .......... .......... 10% 42,8K 10s
    50K .......... .......... .......... .......... .......... 20% 86,1K 7s
   100K .......... .......... .......... .......... .......... 30%  128K 5s
   150K .......... .......... .......... .......... .......... 40%  129K 4s
   200K .......... .......... .......... .......... .......... 50%  132K 3s
   250K .......... .......... .......... .......... .......... 60%  242K 2s
   300K .......... .......... .......... .......... .......... 70%  254K 1s
   350K .......... .......... .......... .......... .......... 80%  260K 1s
   400K .......... .......... .......... .......... .......... 90%  253K 0s
   450K .......... .......... .......... .......... .....     100%  256K=3,9s

2018-12-09 12:35:02 (128 KB/s) - 'kplr001432825-2013011073258_llc.fits' saved [506880/506880]

--2018-12-09 12:35:02--  http://exoplanetarchive.ipac.caltech.edu/data/ETSS//Kepler/005/628/35/kplr001432825-2013011073258_llc_lc.tbl
Resolving exoplanetarchive.ipac.caltech.edu (exoplanetarchive.ipac.caltech.edu)... 134.4.54.147
Connecting to exoplanetarchive.ipac.caltech.edu (exoplanetarchive.ipac.caltech.edu)|134.4.54.147|:80... connected.
HTTP request sent, awaiting response... 302 Found
Location: https://exoplanetarchive.ipac.caltech.edu/data/ETSS//Kepler/005/628/35/kplr001432825-2013011073258_llc_lc.tbl [following]
--2018-12-09 12:35:02--  https://exoplanetarchive.ipac.caltech.edu/data/ETSS//Kepler/005/628/35/kplr001432825-2013011073258_llc_lc.tbl
Connecting to exoplanetarchive.ipac.caltech.edu (exoplanetarchive.ipac.caltech.edu)|134.4.54.147|:443... connected.
HTTP request sent, awaiting response... 200 OK
Length: 1544999 (1,5M) [text/plain]
Saving to: 'kplr001432825-2013011073258_llc_lc.tbl'

     0K .......... .......... .......... .......... ..........  3% 43,0K 34s
    50K .......... .......... .......... .......... ..........  6% 85,7K 25s
   100K .......... .......... .......... .......... ..........  9%  248K 18s
   150K .......... .......... .......... .......... .......... 13%  256K 14s
   200K .......... .......... .......... .......... .......... 16%  133K 13s
   250K .......... .......... .......... .......... .......... 19%  252K 11s
   300K .......... .......... .......... .......... .......... 23%  249K 10s
   350K .......... .......... .......... .......... .......... 26%  261K 9s
   400K .......... .......... .......... .......... .......... 29%  252K 8s
   450K .......... .......... .......... .......... .......... 33%  259K 7s
   500K .......... .......... .......... .......... .......... 36%  263K 6s
   550K .......... .......... .......... .......... .......... 39% 5,06M 6s
   600K .......... .......... .......... .......... .......... 43%  262K 5s
   650K .......... .......... .......... .......... .......... 46%  266K 5s
   700K .......... .......... .......... .......... .......... 49%  257K 4s
   750K .......... .......... .......... .......... .......... 53%  260K 4s
   800K .......... .......... .......... .......... .......... 56%  259K 4s
   850K .......... .......... .......... .......... .......... 59% 8,26M 3s
   900K .......... .......... .......... .......... .......... 62%  267K 3s
   950K .......... .......... .......... .......... .......... 66%  260K 3s
  1000K .......... .......... .......... .......... .......... 69% 3,74M 2s
  1050K .......... .......... .......... .......... .......... 72%  271K 2s
  1100K .......... .......... .......... .......... .......... 76% 13,8M 2s
  1150K .......... .......... .......... .......... .......... 79%  259K 1s
  1200K .......... .......... .......... .......... .......... 82% 5,02M 1s
  1250K .......... .......... .......... .......... .......... 86%  272K 1s
  1300K .......... .......... .......... .......... .......... 89% 3,04M 1s
  1350K .......... .......... .......... .......... .......... 92%  286K 0s
  1400K .......... .......... .......... .......... .......... 96% 2,47M 0s
  1450K .......... .......... .......... .......... .......... 99%  286K 0s
  1500K ........                                              100% 15,1M=6,0s

2018-12-09 12:35:09 (251 KB/s) - 'kplr001432825-2013011073258_llc_lc.tbl' saved [1544999/1544999]

--2018-12-09 12:35:10--  http://exoplanetarchive.ipac.caltech.edu/data/ETSS//Kepler/005/644/83/kplr001432825-2013098041711_llc.fits
Resolving exoplanetarchive.ipac.caltech.edu (exoplanetarchive.ipac.caltech.edu)... 134.4.54.147
Connecting to exoplanetarchive.ipac.caltech.edu (exoplanetarchive.ipac.caltech.edu)|134.4.54.147|:80... connected.
HTTP request sent, awaiting response... 302 Found
Location: https://exoplanetarchive.ipac.caltech.edu/data/ETSS//Kepler/005/644/83/kplr001432825-2013098041711_llc.fits [following]
--2018-12-09 12:35:10--  https://exoplanetarchive.ipac.caltech.edu/data/ETSS//Kepler/005/644/83/kplr001432825-2013098041711_llc.fits
Connecting to exoplanetarchive.ipac.caltech.edu (exoplanetarchive.ipac.caltech.edu)|134.4.54.147|:443... connected.
HTTP request sent, awaiting response... 200 OK
Length: 449280 (439K) [image/x-fits]
Saving to: 'kplr001432825-2013098041711_llc.fits'

     0K .......... .......... .......... .......... .......... 11% 43,2K 9s
    50K .......... .......... .......... .......... .......... 22%  126K 5s
   100K .......... .......... .......... .......... .......... 34%  125K 4s
   150K .......... .......... .......... .......... .......... 45%  135K 3s
   200K .......... .......... .......... .......... .......... 56%  264K 2s
   250K .......... .......... .......... .......... .......... 68%  248K 1s
   300K .......... .......... .......... .......... .......... 79%  253K 1s
   350K .......... .......... .......... .......... .......... 91%  134K 0s
   400K .......... .......... .......... ........             100% 9,60M=3,3s

2018-12-09 12:35:14 (133 KB/s) - 'kplr001432825-2013098041711_llc.fits' saved [449280/449280]

--2018-12-09 12:35:14--  http://exoplanetarchive.ipac.caltech.edu/data/ETSS//Kepler/005/661/58/kplr001432825-2013098041711_llc_lc.tbl
Resolving exoplanetarchive.ipac.caltech.edu (exoplanetarchive.ipac.caltech.edu)... 134.4.54.147
Connecting to exoplanetarchive.ipac.caltech.edu (exoplanetarchive.ipac.caltech.edu)|134.4.54.147|:80... connected.
HTTP request sent, awaiting response... 302 Found
Location: https://exoplanetarchive.ipac.caltech.edu/data/ETSS//Kepler/005/661/58/kplr001432825-2013098041711_llc_lc.tbl [following]
--2018-12-09 12:35:15--  https://exoplanetarchive.ipac.caltech.edu/data/ETSS//Kepler/005/661/58/kplr001432825-2013098041711_llc_lc.tbl
Connecting to exoplanetarchive.ipac.caltech.edu (exoplanetarchive.ipac.caltech.edu)|134.4.54.147|:443... connected.
HTTP request sent, awaiting response... 200 OK
Length: 1359192 (1,3M) [text/plain]
Saving to: 'kplr001432825-2013098041711_llc_lc.tbl'

     0K .......... .......... .......... .......... ..........  3% 43,1K 30s
    50K .......... .......... .......... .......... ..........  7% 85,2K 21s
   100K .......... .......... .......... .......... .......... 11%  129K 17s
   150K .......... .......... .......... .......... .......... 15%  253K 13s
   200K .......... .......... .......... .......... .......... 18%  131K 12s
   250K .......... .......... .......... .......... .......... 22%  245K 10s
   300K .......... .......... .......... .......... .......... 26%  261K 9s
   350K .......... .......... .......... .......... .......... 30%  260K 8s
   400K .......... .......... .......... .......... .......... 33%  250K 7s
   450K .......... .......... .......... .......... .......... 37%  259K 6s
   500K .......... .......... .......... .......... .......... 41%  261K 5s
   550K .......... .......... .......... .......... .......... 45%  258K 5s
   600K .......... .......... .......... .......... .......... 48% 8,16M 4s
   650K .......... .......... .......... .......... .......... 52%  253K 4s
   700K .......... .......... .......... .......... .......... 56%  275K 3s
   750K .......... .......... .......... .......... .......... 60% 3,36M 3s
   800K .......... .......... .......... .......... .......... 64%  252K 3s
   850K .......... .......... .......... .......... .......... 67%  259K 2s
   900K .......... .......... .......... .......... .......... 71%  260K 2s
   950K .......... .......... .......... .......... .......... 75% 12,3M 2s
  1000K .......... .......... .......... .......... .......... 79%  259K 1s
  1050K .......... .......... .......... .......... .......... 82%  262K 1s
  1100K .......... .......... .......... .......... .......... 86%  260K 1s
  1150K .......... .......... .......... .......... .......... 90% 11,0M 1s
  1200K .......... .......... .......... .......... .......... 94%  257K 0s
  1250K .......... .......... .......... .......... .......... 97% 12,5M 0s
  1300K .......... .......... .......                         100%  146K=6,0s

2018-12-09 12:35:22 (220 KB/s) - 'kplr001432825-2013098041711_llc_lc.tbl' saved [1359192/1359192]

--2018-12-09 12:35:22--  http://exoplanetarchive.ipac.caltech.edu/data/ETSS//Kepler/005/678/34/kplr001432825-2013131215648_llc.fits
Resolving exoplanetarchive.ipac.caltech.edu (exoplanetarchive.ipac.caltech.edu)... 134.4.54.147
Connecting to exoplanetarchive.ipac.caltech.edu (exoplanetarchive.ipac.caltech.edu)|134.4.54.147|:80... connected.
HTTP request sent, awaiting response... 302 Found
Location: https://exoplanetarchive.ipac.caltech.edu/data/ETSS//Kepler/005/678/34/kplr001432825-2013131215648_llc.fits [following]
--2018-12-09 12:35:22--  https://exoplanetarchive.ipac.caltech.edu/data/ETSS//Kepler/005/678/34/kplr001432825-2013131215648_llc.fits
Connecting to exoplanetarchive.ipac.caltech.edu (exoplanetarchive.ipac.caltech.edu)|134.4.54.147|:443... connected.
HTTP request sent, awaiting response... 200 OK
Length: 187200 (183K) [image/x-fits]
Saving to: 'kplr001432825-2013131215648_llc.fits'

     0K .......... .......... .......... .......... .......... 27% 42,7K 3s
    50K .......... .......... .......... .......... .......... 54% 65,1K 2s
   100K .......... .......... .......... .......... .......... 82%  124K 1s
   150K .......... .......... .......... ..                   100% 85,7K=2,7s

2018-12-09 12:35:26 (67,1 KB/s) - 'kplr001432825-2013131215648_llc.fits' saved [187200/187200]

--2018-12-09 12:35:26--  http://exoplanetarchive.ipac.caltech.edu/data/ETSS//Kepler/005/695/10/kplr001432825-2013131215648_llc_lc.tbl
Resolving exoplanetarchive.ipac.caltech.edu (exoplanetarchive.ipac.caltech.edu)... 134.4.54.147
Connecting to exoplanetarchive.ipac.caltech.edu (exoplanetarchive.ipac.caltech.edu)|134.4.54.147|:80... connected.
HTTP request sent, awaiting response... 302 Found
Location: https://exoplanetarchive.ipac.caltech.edu/data/ETSS//Kepler/005/695/10/kplr001432825-2013131215648_llc_lc.tbl [following]
--2018-12-09 12:35:27--  https://exoplanetarchive.ipac.caltech.edu/data/ETSS//Kepler/005/695/10/kplr001432825-2013131215648_llc_lc.tbl
Connecting to exoplanetarchive.ipac.caltech.edu (exoplanetarchive.ipac.caltech.edu)|134.4.54.147|:443... connected.
HTTP request sent, awaiting response... 200 OK
Length: 506681 (495K) [text/plain]
Saving to: 'kplr001432825-2013131215648_llc_lc.tbl'

     0K .......... .......... .......... .......... .......... 10% 43,1K 10s
    50K .......... .......... .......... .......... .......... 20% 86,0K 7s
   100K .......... .......... .......... .......... .......... 30%  129K 5s
   150K .......... .......... .......... .......... .......... 40%  209K 3s
   200K .......... .......... .......... .......... .......... 50%  144K 3s
   250K .......... .......... .......... .......... .......... 60%  256K 2s
   300K .......... .......... .......... .......... .......... 70%  256K 1s
   350K .......... .......... .......... .......... .......... 80%  255K 1s
   400K .......... .......... .......... .......... .......... 90%  254K 0s
   450K .......... .......... .......... .......... ....      100%  232K=3,7s

2018-12-09 12:35:31 (134 KB/s) - 'kplr001432825-2013131215648_llc_lc.tbl' saved [506681/506681]

