--2019-04-13 18:54:14--  http://exoplanetarchive.ipac.caltech.edu/data/ETSS//Kepler/005/147/82/kplr001162635-2009166043257_llc.fits
Resolving exoplanetarchive.ipac.caltech.edu (exoplanetarchive.ipac.caltech.edu)... 134.4.54.147
Connecting to exoplanetarchive.ipac.caltech.edu (exoplanetarchive.ipac.caltech.edu)|134.4.54.147|:80... connected.
HTTP request sent, awaiting response... 302 Found
Location: https://exoplanetarchive.ipac.caltech.edu/data/ETSS//Kepler/005/147/82/kplr001162635-2009166043257_llc.fits [following]
--2019-04-13 18:54:14--  https://exoplanetarchive.ipac.caltech.edu/data/ETSS//Kepler/005/147/82/kplr001162635-2009166043257_llc.fits
Connecting to exoplanetarchive.ipac.caltech.edu (exoplanetarchive.ipac.caltech.edu)|134.4.54.147|:443... connected.
HTTP request sent, awaiting response... 200 OK
Length: 192960 (188K) [image/x-fits]
Saving to: 'kplr001162635-2009166043257_llc.fits'

     0K .......... .......... .......... .......... .......... 26% 53,6K 3s
    50K .......... .......... .......... .......... .......... 53%  107K 1s
   100K .......... .......... .......... .......... .......... 79%  296K 0s
   150K .......... .......... .......... ........             100%  250K=1,7s

2019-04-13 18:54:17 (109 KB/s) - 'kplr001162635-2009166043257_llc.fits' saved [192960/192960]

--2019-04-13 18:54:17--  http://exoplanetarchive.ipac.caltech.edu/data/ETSS//Kepler/005/163/45/kplr001162635-2009166043257_llc_lc.tbl
Resolving exoplanetarchive.ipac.caltech.edu (exoplanetarchive.ipac.caltech.edu)... 134.4.54.147
Connecting to exoplanetarchive.ipac.caltech.edu (exoplanetarchive.ipac.caltech.edu)|134.4.54.147|:80... connected.
HTTP request sent, awaiting response... 302 Found
Location: https://exoplanetarchive.ipac.caltech.edu/data/ETSS//Kepler/005/163/45/kplr001162635-2009166043257_llc_lc.tbl [following]
--2019-04-13 18:54:17--  https://exoplanetarchive.ipac.caltech.edu/data/ETSS//Kepler/005/163/45/kplr001162635-2009166043257_llc_lc.tbl
Connecting to exoplanetarchive.ipac.caltech.edu (exoplanetarchive.ipac.caltech.edu)|134.4.54.147|:443... connected.
HTTP request sent, awaiting response... 200 OK
Length: 533400 (521K) [text/plain]
Saving to: 'kplr001162635-2009166043257_llc_lc.tbl'

     0K .......... .......... .......... .......... ..........  9% 56,0K 8s
    50K .......... .......... .......... .......... .......... 19%  167K 5s
   100K .......... .......... .......... .......... .......... 28%  167K 4s
   150K .......... .......... .......... .......... .......... 38%  309K 3s
   200K .......... .......... .......... .......... .......... 47%  320K 2s
   250K .......... .......... .......... .......... .......... 57%  337K 1s
   300K .......... .......... .......... .......... .......... 67%  324K 1s
   350K .......... .......... .......... .......... .......... 76%  318K 1s
   400K .......... .......... .......... .......... .......... 86% 1,87M 0s
   450K .......... .......... .......... .......... .......... 95%  330K 0s
   500K .......... ..........                                 100% 5,80M=2,5s

2019-04-13 18:54:21 (213 KB/s) - 'kplr001162635-2009166043257_llc_lc.tbl' saved [533400/533400]

--2019-04-13 18:54:21--  http://exoplanetarchive.ipac.caltech.edu/data/ETSS//Kepler/005/212/34/kplr001162635-2009259160929_llc.fits
Resolving exoplanetarchive.ipac.caltech.edu (exoplanetarchive.ipac.caltech.edu)... 134.4.54.147
Connecting to exoplanetarchive.ipac.caltech.edu (exoplanetarchive.ipac.caltech.edu)|134.4.54.147|:80... connected.
HTTP request sent, awaiting response... 302 Found
Location: https://exoplanetarchive.ipac.caltech.edu/data/ETSS//Kepler/005/212/34/kplr001162635-2009259160929_llc.fits [following]
--2019-04-13 18:54:21--  https://exoplanetarchive.ipac.caltech.edu/data/ETSS//Kepler/005/212/34/kplr001162635-2009259160929_llc.fits
Connecting to exoplanetarchive.ipac.caltech.edu (exoplanetarchive.ipac.caltech.edu)|134.4.54.147|:443... connected.
HTTP request sent, awaiting response... 200 OK
Length: 466560 (456K) [image/x-fits]
Saving to: 'kplr001162635-2009259160929_llc.fits'

     0K .......... .......... .......... .......... .......... 10% 65,4K 6s
    50K .......... .......... .......... .......... .......... 21%  162K 4s
   100K .......... .......... .......... .......... .......... 32%  305K 3s
   150K .......... .......... .......... .......... .......... 43%  312K 2s
   200K .......... .......... .......... .......... .......... 54%  321K 1s
   250K .......... .......... .......... .......... .......... 65%  325K 1s
   300K .......... .......... .......... .......... .......... 76%  168K 1s
   350K .......... .......... .......... .......... .......... 87%  311K 0s
   400K .......... .......... .......... .......... .......... 98% 3,38M 0s
   450K .....                                                 100%  107G=2,2s

2019-04-13 18:54:24 (209 KB/s) - 'kplr001162635-2009259160929_llc.fits' saved [466560/466560]

--2019-04-13 18:54:24--  http://exoplanetarchive.ipac.caltech.edu/data/ETSS//Kepler/005/228/97/kplr001162635-2009259160929_llc_lc.tbl
Resolving exoplanetarchive.ipac.caltech.edu (exoplanetarchive.ipac.caltech.edu)... 134.4.54.147
Connecting to exoplanetarchive.ipac.caltech.edu (exoplanetarchive.ipac.caltech.edu)|134.4.54.147|:80... connected.
HTTP request sent, awaiting response... 302 Found
Location: https://exoplanetarchive.ipac.caltech.edu/data/ETSS//Kepler/005/228/97/kplr001162635-2009259160929_llc_lc.tbl [following]
--2019-04-13 18:54:25--  https://exoplanetarchive.ipac.caltech.edu/data/ETSS//Kepler/005/228/97/kplr001162635-2009259160929_llc_lc.tbl
Connecting to exoplanetarchive.ipac.caltech.edu (exoplanetarchive.ipac.caltech.edu)|134.4.54.147|:443... connected.
HTTP request sent, awaiting response... 200 OK
Length: 1407793 (1,3M) [text/plain]
Saving to: 'kplr001162635-2009259160929_llc_lc.tbl'

     0K .......... .......... .......... .......... ..........  3% 65,0K 20s
    50K .......... .......... .......... .......... ..........  7%  157K 14s
   100K .......... .......... .......... .......... .......... 10%  159K 11s
   150K .......... .......... .......... .......... .......... 14%  297K 9s
   200K .......... .......... .......... .......... .......... 18%  162K 8s
   250K .......... .......... .......... .......... .......... 21%  313K 7s
   300K .......... .......... .......... .......... .......... 25%  281K 6s
   350K .......... .......... .......... .......... .......... 29% 3,19M 5s
   400K .......... .......... .......... .......... .......... 32%  290K 5s
   450K .......... .......... .......... .......... .......... 36%  318K 4s
   500K .......... .......... .......... .......... .......... 40%  323K 4s
   550K .......... .......... .......... .......... .......... 43% 1,42M 4s
   600K .......... .......... .......... .......... .......... 47%  368K 3s
   650K .......... .......... .......... .......... .......... 50%  866K 3s
   700K .......... .......... .......... .......... .......... 54%  475K 3s
   750K .......... .......... .......... .......... .......... 58% 1,61M 2s
   800K .......... .......... .......... .......... .......... 61%  673K 2s
   850K .......... .......... .......... .......... .......... 65%  508K 2s
   900K .......... .......... .......... .......... .......... 69%  743K 1s
   950K .......... .......... .......... .......... .......... 72%  469K 1s
  1000K .......... .......... .......... .......... .......... 76% 3,07M 1s
  1050K .......... .......... .......... .......... .......... 80%  790K 1s
  1100K .......... .......... .......... .......... .......... 83%  457K 1s
  1150K .......... .......... .......... .......... .......... 87%  901K 1s
  1200K .......... .......... .......... .......... .......... 90%  406K 0s
  1250K .......... .......... .......... .......... .......... 94% 2,32M 0s
  1300K .......... .......... .......... .......... .......... 98% 1,15M 0s
  1350K .......... .......... ....                            100% 4,26M=3,9s

2019-04-13 18:54:29 (356 KB/s) - 'kplr001162635-2009259160929_llc_lc.tbl' saved [1407793/1407793]

--2019-04-13 18:54:30--  http://exoplanetarchive.ipac.caltech.edu/data/ETSS//Kepler/005/245/61/kplr001162635-2009350155506_llc.fits
Resolving exoplanetarchive.ipac.caltech.edu (exoplanetarchive.ipac.caltech.edu)... 134.4.54.147
Connecting to exoplanetarchive.ipac.caltech.edu (exoplanetarchive.ipac.caltech.edu)|134.4.54.147|:80... connected.
HTTP request sent, awaiting response... 302 Found
Location: https://exoplanetarchive.ipac.caltech.edu/data/ETSS//Kepler/005/245/61/kplr001162635-2009350155506_llc.fits [following]
--2019-04-13 18:54:30--  https://exoplanetarchive.ipac.caltech.edu/data/ETSS//Kepler/005/245/61/kplr001162635-2009350155506_llc.fits
Connecting to exoplanetarchive.ipac.caltech.edu (exoplanetarchive.ipac.caltech.edu)|134.4.54.147|:443... connected.
HTTP request sent, awaiting response... 200 OK
Length: 466560 (456K) [image/x-fits]
Saving to: 'kplr001162635-2009350155506_llc.fits'

     0K .......... .......... .......... .......... .......... 10% 52,8K 8s
    50K .......... .......... .......... .......... .......... 21%  143K 5s
   100K .......... .......... .......... .......... .......... 32%  161K 3s
   150K .......... .......... .......... .......... .......... 43%  317K 2s
   200K .......... .......... .......... .......... .......... 54%  174K 2s
   250K .......... .......... .......... .......... .......... 65%  300K 1s
   300K .......... .......... .......... .......... .......... 76%  287K 1s
   350K .......... .......... .......... .......... .......... 87%  325K 0s
   400K .......... .......... .......... .......... .......... 98%  308K 0s
   450K .....                                                 100%  107G=2,7s

2019-04-13 18:54:34 (168 KB/s) - 'kplr001162635-2009350155506_llc.fits' saved [466560/466560]

--2019-04-13 18:54:34--  http://exoplanetarchive.ipac.caltech.edu/data/ETSS//Kepler/005/262/17/kplr001162635-2009350155506_llc_lc.tbl
Resolving exoplanetarchive.ipac.caltech.edu (exoplanetarchive.ipac.caltech.edu)... 134.4.54.147
Connecting to exoplanetarchive.ipac.caltech.edu (exoplanetarchive.ipac.caltech.edu)|134.4.54.147|:80... connected.
HTTP request sent, awaiting response... 302 Found
Location: https://exoplanetarchive.ipac.caltech.edu/data/ETSS//Kepler/005/262/17/kplr001162635-2009350155506_llc_lc.tbl [following]
--2019-04-13 18:54:34--  https://exoplanetarchive.ipac.caltech.edu/data/ETSS//Kepler/005/262/17/kplr001162635-2009350155506_llc_lc.tbl
Connecting to exoplanetarchive.ipac.caltech.edu (exoplanetarchive.ipac.caltech.edu)|134.4.54.147|:443... connected.
HTTP request sent, awaiting response... 200 OK
Length: 1412956 (1,3M) [text/plain]
Saving to: 'kplr001162635-2009350155506_llc_lc.tbl'

     0K .......... .......... .......... .......... ..........  3% 53,1K 25s
    50K .......... .......... .......... .......... ..........  7%  111K 18s
   100K .......... .......... .......... .......... .......... 10%  296K 13s
   150K .......... .......... .......... .......... .......... 14%  172K 11s
   200K .......... .......... .......... .......... .......... 18%  307K 9s
   250K .......... .......... .......... .......... .......... 21%  310K 8s
   300K .......... .......... .......... .......... .......... 25%  323K 7s
   350K .......... .......... .......... .......... .......... 28%  319K 6s
   400K .......... .......... .......... .......... .......... 32%  333K 5s
   450K .......... .......... .......... .......... .......... 36% 3,08M 5s
   500K .......... .......... .......... .......... .......... 39%  340K 4s
   550K .......... .......... .......... .......... .......... 43%  319K 4s
   600K .......... .......... .......... .......... .......... 47% 3,33M 3s
   650K .......... .......... .......... .......... .......... 50%  334K 3s
   700K .......... .......... .......... .......... .......... 54% 2,91M 3s
   750K .......... .......... .......... .......... .......... 57%  343K 2s
   800K .......... .......... .......... .......... .......... 61% 2,68M 2s
   850K .......... .......... .......... .......... .......... 65%  347K 2s
   900K .......... .......... .......... .......... .......... 68%  867K 2s
   950K .......... .......... .......... .......... .......... 72%  496K 1s
  1000K .......... .......... .......... .......... .......... 76% 3,09M 1s
  1050K .......... .......... .......... .......... .......... 79%  941K 1s
  1100K .......... .......... .......... .......... .......... 83%  473K 1s
  1150K .......... .......... .......... .......... .......... 86%  970K 1s
  1200K .......... .......... .......... .......... .......... 90% 2,25M 0s
  1250K .......... .......... .......... .......... .......... 94%  516K 0s
  1300K .......... .......... .......... .......... .......... 97%  970K 0s
  1350K .......... .......... .........                       100% 4,17M=4,0s

2019-04-13 18:54:39 (344 KB/s) - 'kplr001162635-2009350155506_llc_lc.tbl' saved [1412956/1412956]

--2019-04-13 18:54:39--  http://exoplanetarchive.ipac.caltech.edu/data/ETSS//Kepler/005/344/88/kplr001162635-2010078095331_llc.fits
Resolving exoplanetarchive.ipac.caltech.edu (exoplanetarchive.ipac.caltech.edu)... 134.4.54.147
Connecting to exoplanetarchive.ipac.caltech.edu (exoplanetarchive.ipac.caltech.edu)|134.4.54.147|:80... connected.
HTTP request sent, awaiting response... 302 Found
Location: https://exoplanetarchive.ipac.caltech.edu/data/ETSS//Kepler/005/344/88/kplr001162635-2010078095331_llc.fits [following]
--2019-04-13 18:54:39--  https://exoplanetarchive.ipac.caltech.edu/data/ETSS//Kepler/005/344/88/kplr001162635-2010078095331_llc.fits
Connecting to exoplanetarchive.ipac.caltech.edu (exoplanetarchive.ipac.caltech.edu)|134.4.54.147|:443... connected.
HTTP request sent, awaiting response... 200 OK
Length: 469440 (458K) [image/x-fits]
Saving to: 'kplr001162635-2010078095331_llc.fits'

     0K .......... .......... .......... .......... .......... 10% 52,5K 8s
    50K .......... .......... .......... .......... .......... 21%  105K 5s
   100K .......... .......... .......... .......... .......... 32%  147K 4s
   150K .......... .......... .......... .......... .......... 43%  282K 3s
   200K .......... .......... .......... .......... .......... 54%  162K 2s
   250K .......... .......... .......... .......... .......... 65%  283K 1s
   300K .......... .......... .......... .......... .......... 76%  275K 1s
   350K .......... .......... .......... .......... .......... 87%  288K 0s
   400K .......... .......... .......... .......... .......... 98%  295K 0s
   450K ........                                              100% 11,0M=3,0s

2019-04-13 18:54:43 (155 KB/s) - 'kplr001162635-2010078095331_llc.fits' saved [469440/469440]

--2019-04-13 18:54:43--  http://exoplanetarchive.ipac.caltech.edu/data/ETSS//Kepler/005/361/87/kplr001162635-2010078095331_llc_lc.tbl
Resolving exoplanetarchive.ipac.caltech.edu (exoplanetarchive.ipac.caltech.edu)... 134.4.54.147
Connecting to exoplanetarchive.ipac.caltech.edu (exoplanetarchive.ipac.caltech.edu)|134.4.54.147|:80... connected.
HTTP request sent, awaiting response... 302 Found
Location: https://exoplanetarchive.ipac.caltech.edu/data/ETSS//Kepler/005/361/87/kplr001162635-2010078095331_llc_lc.tbl [following]
--2019-04-13 18:54:43--  https://exoplanetarchive.ipac.caltech.edu/data/ETSS//Kepler/005/361/87/kplr001162635-2010078095331_llc_lc.tbl
Connecting to exoplanetarchive.ipac.caltech.edu (exoplanetarchive.ipac.caltech.edu)|134.4.54.147|:443... connected.
HTTP request sent, awaiting response... 200 OK
Length: 1421659 (1,4M) [text/plain]
Saving to: 'kplr001162635-2010078095331_llc_lc.tbl'

     0K .......... .......... .......... .......... ..........  3% 53,8K 25s
    50K .......... .......... .......... .......... ..........  7%  164K 16s
   100K .......... .......... .......... .......... .......... 10%  166K 13s
   150K .......... .......... .......... .......... .......... 14%  318K 10s
   200K .......... .......... .......... .......... .......... 18%  251K 9s
   250K .......... .......... .......... .......... .......... 21%  443K 7s
   300K .......... .......... .......... .......... .......... 25%  327K 6s
   350K .......... .......... .......... .......... .......... 28%  323K 6s
   400K .......... .......... .......... .......... .......... 32%  419K 5s
   450K .......... .......... .......... .......... .......... 36%  326K 5s
   500K .......... .......... .......... .......... .......... 39%  426K 4s
   550K .......... .......... .......... .......... .......... 43% 1,06M 4s
   600K .......... .......... .......... .......... .......... 46%  320K 3s
   650K .......... .......... .......... .......... .......... 50% 2,34M 3s
   700K .......... .......... .......... .......... .......... 54%  318K 3s
   750K .......... .......... .......... .......... .......... 57%  509K 2s
   800K .......... .......... .......... .......... .......... 61%  580K 2s
   850K .......... .......... .......... .......... .......... 64%  603K 2s
   900K .......... .......... .......... .......... .......... 68%  681K 2s
   950K .......... .......... .......... .......... .......... 72% 1,97M 1s
  1000K .......... .......... .......... .......... .......... 75%  363K 1s
  1050K .......... .......... .......... .......... .......... 79% 3,28M 1s
  1100K .......... .......... .......... .......... .......... 82% 2,09M 1s
  1150K .......... .......... .......... .......... .......... 86%  347K 1s
  1200K .......... .......... .......... .......... .......... 90% 1,30M 0s
  1250K .......... .......... .......... .......... .......... 93%  379K 0s
  1300K .......... .......... .......... .......... .......... 97% 3,14M 0s
  1350K .......... .......... .......... ........             100% 1,54M=4,0s

2019-04-13 18:54:48 (349 KB/s) - 'kplr001162635-2010078095331_llc_lc.tbl' saved [1421659/1421659]

--2019-04-13 18:54:48--  http://exoplanetarchive.ipac.caltech.edu/data/ETSS//Kepler/005/179/07/kplr001162635-2010174085026_llc.fits
Resolving exoplanetarchive.ipac.caltech.edu (exoplanetarchive.ipac.caltech.edu)... 134.4.54.147
Connecting to exoplanetarchive.ipac.caltech.edu (exoplanetarchive.ipac.caltech.edu)|134.4.54.147|:80... connected.
HTTP request sent, awaiting response... 302 Found
Location: https://exoplanetarchive.ipac.caltech.edu/data/ETSS//Kepler/005/179/07/kplr001162635-2010174085026_llc.fits [following]
--2019-04-13 18:54:49--  https://exoplanetarchive.ipac.caltech.edu/data/ETSS//Kepler/005/179/07/kplr001162635-2010174085026_llc.fits
Connecting to exoplanetarchive.ipac.caltech.edu (exoplanetarchive.ipac.caltech.edu)|134.4.54.147|:443... connected.
HTTP request sent, awaiting response... 200 OK
Length: 492480 (481K) [image/x-fits]
Saving to: 'kplr001162635-2010174085026_llc.fits'

     0K .......... .......... .......... .......... .......... 10% 53,6K 8s
    50K .......... .......... .......... .......... .......... 20%  155K 5s
   100K .......... .......... .......... .......... .......... 31%  155K 3s
   150K .......... .......... .......... .......... .......... 41%  284K 2s
   200K .......... .......... .......... .......... .......... 51%  154K 2s
   250K .......... .......... .......... .......... .......... 62%  299K 1s
   300K .......... .......... .......... .......... .......... 72%  273K 1s
   350K .......... .......... .......... .......... .......... 83%  293K 1s
   400K .......... .......... .......... .......... .......... 93%  297K 0s
   450K .......... .......... ..........                      100% 4,67M=2,8s

2019-04-13 18:54:52 (173 KB/s) - 'kplr001162635-2010174085026_llc.fits' saved [492480/492480]

--2019-04-13 18:54:52--  http://exoplanetarchive.ipac.caltech.edu/data/ETSS//Kepler/005/195/70/kplr001162635-2010174085026_llc_lc.tbl
Resolving exoplanetarchive.ipac.caltech.edu (exoplanetarchive.ipac.caltech.edu)... 134.4.54.147
Connecting to exoplanetarchive.ipac.caltech.edu (exoplanetarchive.ipac.caltech.edu)|134.4.54.147|:80... connected.
HTTP request sent, awaiting response... 302 Found
Location: https://exoplanetarchive.ipac.caltech.edu/data/ETSS//Kepler/005/195/70/kplr001162635-2010174085026_llc_lc.tbl [following]
--2019-04-13 18:54:53--  https://exoplanetarchive.ipac.caltech.edu/data/ETSS//Kepler/005/195/70/kplr001162635-2010174085026_llc_lc.tbl
Connecting to exoplanetarchive.ipac.caltech.edu (exoplanetarchive.ipac.caltech.edu)|134.4.54.147|:443... connected.
HTTP request sent, awaiting response... 200 OK
Length: 1497971 (1,4M) [text/plain]
Saving to: 'kplr001162635-2010174085026_llc_lc.tbl'

     0K .......... .......... .......... .......... ..........  3% 53,4K 26s
    50K .......... .......... .......... .......... ..........  6%  106K 19s
   100K .......... .......... .......... .......... .......... 10%  159K 15s
   150K .......... .......... .......... .......... .......... 13%  301K 12s
   200K .......... .......... .......... .......... .......... 17%  165K 11s
   250K .......... .......... .......... .......... .......... 20%  309K 9s
   300K .......... .......... .......... .......... .......... 23%  296K 8s
   350K .......... .......... .......... .......... .......... 27%  295K 7s
   400K .......... .......... .......... .......... .......... 30%  171K 7s
   450K .......... .......... .......... .......... .......... 34%  313K 6s
   500K .......... .......... .......... .......... .......... 37% 1,64M 5s
   550K .......... .......... .......... .......... .......... 41%  319K 5s
   600K .......... .......... .......... .......... .......... 44%  351K 4s
   650K .......... .......... .......... .......... .......... 47%  325K 4s
   700K .......... .......... .......... .......... .......... 51% 1,42M 3s
   750K .......... .......... .......... .......... .......... 54%  306K 3s
   800K .......... .......... .......... .......... .......... 58% 1,63M 3s
   850K .......... .......... .......... .......... .......... 61%  306K 3s
   900K .......... .......... .......... .......... .......... 64%  377K 2s
   950K .......... .......... .......... .......... .......... 68% 2,86M 2s
  1000K .......... .......... .......... .......... .......... 71% 1,24M 2s
  1050K .......... .......... .......... .......... .......... 75%  347K 1s
  1100K .......... .......... .......... .......... .......... 78% 3,09M 1s
  1150K .......... .......... .......... .......... .......... 82% 1,29M 1s
  1200K .......... .......... .......... .......... .......... 85%  381K 1s
  1250K .......... .......... .......... .......... .......... 88% 1,15M 1s
  1300K .......... .......... .......... .......... .......... 92%  418K 0s
  1350K .......... .......... .......... .......... .......... 95% 1021K 0s
  1400K .......... .......... .......... .......... .......... 99% 3,17M 0s
  1450K .......... ..                                         100% 4,30M=4,8s

2019-04-13 18:54:58 (307 KB/s) - 'kplr001162635-2010174085026_llc_lc.tbl' saved [1497971/1497971]

--2019-04-13 18:54:58--  http://exoplanetarchive.ipac.caltech.edu/data/ETSS//Kepler/005/378/86/kplr001162635-2010265121752_llc.fits
Resolving exoplanetarchive.ipac.caltech.edu (exoplanetarchive.ipac.caltech.edu)... 134.4.54.147
Connecting to exoplanetarchive.ipac.caltech.edu (exoplanetarchive.ipac.caltech.edu)|134.4.54.147|:80... connected.
HTTP request sent, awaiting response... 302 Found
Location: https://exoplanetarchive.ipac.caltech.edu/data/ETSS//Kepler/005/378/86/kplr001162635-2010265121752_llc.fits [following]
--2019-04-13 18:54:59--  https://exoplanetarchive.ipac.caltech.edu/data/ETSS//Kepler/005/378/86/kplr001162635-2010265121752_llc.fits
Connecting to exoplanetarchive.ipac.caltech.edu (exoplanetarchive.ipac.caltech.edu)|134.4.54.147|:443... connected.
HTTP request sent, awaiting response... 200 OK
Length: 469440 (458K) [image/x-fits]
Saving to: 'kplr001162635-2010265121752_llc.fits'

     0K .......... .......... .......... .......... .......... 10% 52,7K 8s
    50K .......... .......... .......... .......... .......... 21%  164K 4s
   100K .......... .......... .......... .......... .......... 32%  298K 3s
   150K .......... .......... .......... .......... .......... 43%  170K 2s
   200K .......... .......... .......... .......... .......... 54%  309K 2s
   250K .......... .......... .......... .......... .......... 65% 2,60M 1s
   300K .......... .......... .......... .......... .......... 76%  321K 1s
   350K .......... .......... .......... .......... .......... 87%  304K 0s
   400K .......... .......... .......... .......... .......... 98%  280K 0s
   450K ........                                              100% 10,1M=2,4s

2019-04-13 18:55:02 (191 KB/s) - 'kplr001162635-2010265121752_llc.fits' saved [469440/469440]

--2019-04-13 18:55:02--  http://exoplanetarchive.ipac.caltech.edu/data/ETSS//Kepler/005/395/39/kplr001162635-2010265121752_llc_lc.tbl
Resolving exoplanetarchive.ipac.caltech.edu (exoplanetarchive.ipac.caltech.edu)... 134.4.54.147
Connecting to exoplanetarchive.ipac.caltech.edu (exoplanetarchive.ipac.caltech.edu)|134.4.54.147|:80... connected.
HTTP request sent, awaiting response... 302 Found
Location: https://exoplanetarchive.ipac.caltech.edu/data/ETSS//Kepler/005/395/39/kplr001162635-2010265121752_llc_lc.tbl [following]
--2019-04-13 18:55:03--  https://exoplanetarchive.ipac.caltech.edu/data/ETSS//Kepler/005/395/39/kplr001162635-2010265121752_llc_lc.tbl
Connecting to exoplanetarchive.ipac.caltech.edu (exoplanetarchive.ipac.caltech.edu)|134.4.54.147|:443... connected.
HTTP request sent, awaiting response... 200 OK
Length: 1421934 (1,4M) [text/plain]
Saving to: 'kplr001162635-2010265121752_llc_lc.tbl'

     0K .......... .......... .......... .......... ..........  3% 54,3K 25s
    50K .......... .......... .......... .......... ..........  7%  107K 18s
   100K .......... .......... .......... .......... .......... 10%  162K 14s
   150K .......... .......... .......... .......... .......... 14%  317K 11s
   200K .......... .......... .......... .......... .......... 18%  246K 9s
   250K .......... .......... .......... .......... .......... 21%  319K 8s
   300K .......... .......... .......... .......... .......... 25%  207K 7s
   350K .......... .......... .......... .......... .......... 28%  798K 6s
   400K .......... .......... .......... .......... .......... 32%  273K 6s
   450K .......... .......... .......... .......... .......... 36%  280K 5s
   500K .......... .......... .......... .......... .......... 39%  461K 5s
   550K .......... .......... .......... .......... .......... 43%  324K 4s
   600K .......... .......... .......... .......... .......... 46% 1,11M 4s
   650K .......... .......... .......... .......... .......... 50%  389K 3s
   700K .......... .......... .......... .......... .......... 54%  339K 3s
   750K .......... .......... .......... .......... .......... 57% 1,80M 3s
   800K .......... .......... .......... .......... .......... 61%  332K 2s
   850K .......... .......... .......... .......... .......... 64% 1,94M 2s
   900K .......... .......... .......... .......... .......... 68%  352K 2s
   950K .......... .......... .......... .......... .......... 72% 2,56M 1s
  1000K .......... .......... .......... .......... .......... 75%  359K 1s
  1050K .......... .......... .......... .......... .......... 79%  365K 1s
  1100K .......... .......... .......... .......... .......... 82% 3,07M 1s
  1150K .......... .......... .......... .......... .......... 86% 1,98M 1s
  1200K .......... .......... .......... .......... .......... 90%  353K 0s
  1250K .......... .......... .......... .......... .......... 93% 1,82M 0s
  1300K .......... .......... .......... .......... .......... 97%  373K 0s
  1350K .......... .......... .......... ........             100% 3,86M=4,5s

2019-04-13 18:55:08 (312 KB/s) - 'kplr001162635-2010265121752_llc_lc.tbl' saved [1421934/1421934]

--2019-04-13 18:55:08--  http://exoplanetarchive.ipac.caltech.edu/data/ETSS//Kepler/005/278/73/kplr001162635-2010355172524_llc.fits
Resolving exoplanetarchive.ipac.caltech.edu (exoplanetarchive.ipac.caltech.edu)... 134.4.54.147
Connecting to exoplanetarchive.ipac.caltech.edu (exoplanetarchive.ipac.caltech.edu)|134.4.54.147|:80... connected.
HTTP request sent, awaiting response... 302 Found
Location: https://exoplanetarchive.ipac.caltech.edu/data/ETSS//Kepler/005/278/73/kplr001162635-2010355172524_llc.fits [following]
--2019-04-13 18:55:08--  https://exoplanetarchive.ipac.caltech.edu/data/ETSS//Kepler/005/278/73/kplr001162635-2010355172524_llc.fits
Connecting to exoplanetarchive.ipac.caltech.edu (exoplanetarchive.ipac.caltech.edu)|134.4.54.147|:443... connected.
HTTP request sent, awaiting response... 200 OK
Length: 466560 (456K) [image/x-fits]
Saving to: 'kplr001162635-2010355172524_llc.fits'

     0K .......... .......... .......... .......... .......... 10% 51,5K 8s
    50K .......... .......... .......... .......... .......... 21%  157K 5s
   100K .......... .......... .......... .......... .......... 32%  296K 3s
   150K .......... .......... .......... .......... .......... 43%  156K 2s
   200K .......... .......... .......... .......... .......... 54%  275K 2s
   250K .......... .......... .......... .......... .......... 65%  302K 1s
   300K .......... .......... .......... .......... .......... 76%  316K 1s
   350K .......... .......... .......... .......... .......... 87%  294K 0s
   400K .......... .......... .......... .......... .......... 98% 2,57M 0s
   450K .....                                                 100%  107G=2,5s

2019-04-13 18:55:12 (184 KB/s) - 'kplr001162635-2010355172524_llc.fits' saved [466560/466560]

--2019-04-13 18:55:12--  http://exoplanetarchive.ipac.caltech.edu/data/ETSS//Kepler/005/295/07/kplr001162635-2010355172524_llc_lc.tbl
Resolving exoplanetarchive.ipac.caltech.edu (exoplanetarchive.ipac.caltech.edu)... 134.4.54.147
Connecting to exoplanetarchive.ipac.caltech.edu (exoplanetarchive.ipac.caltech.edu)|134.4.54.147|:80... connected.
HTTP request sent, awaiting response... 302 Found
Location: https://exoplanetarchive.ipac.caltech.edu/data/ETSS//Kepler/005/295/07/kplr001162635-2010355172524_llc_lc.tbl [following]
--2019-04-13 18:55:12--  https://exoplanetarchive.ipac.caltech.edu/data/ETSS//Kepler/005/295/07/kplr001162635-2010355172524_llc_lc.tbl
Connecting to exoplanetarchive.ipac.caltech.edu (exoplanetarchive.ipac.caltech.edu)|134.4.54.147|:443... connected.
HTTP request sent, awaiting response... 200 OK
Length: 1414558 (1,3M) [text/plain]
Saving to: 'kplr001162635-2010355172524_llc_lc.tbl'

     0K .......... .......... .......... .......... ..........  3% 55,3K 24s
    50K .......... .......... .......... .......... ..........  7%  110K 17s
   100K .......... .......... .......... .......... .......... 10%  164K 14s
   150K .......... .......... .......... .......... .......... 14%  161K 12s
   200K .......... .......... .......... .......... .......... 18%  323K 10s
   250K .......... .......... .......... .......... .......... 21%  324K 8s
   300K .......... .......... .......... .......... .......... 25%  312K 7s
   350K .......... .......... .......... .......... .......... 28%  315K 6s
   400K .......... .......... .......... .......... .......... 32%  170K 6s
   450K .......... .......... .......... .......... .......... 36% 1,86M 5s
   500K .......... .......... .......... .......... .......... 39%  311K 5s
   550K .......... .......... .......... .......... .......... 43%  326K 4s
   600K .......... .......... .......... .......... .......... 47%  320K 4s
   650K .......... .......... .......... .......... .......... 50% 1,13M 3s
   700K .......... .......... .......... .......... .......... 54%  416K 3s
   750K .......... .......... .......... .......... .......... 57% 1,04M 3s
   800K .......... .......... .......... .......... .......... 61%  316K 2s
   850K .......... .......... .......... .......... .......... 65%  484K 2s
   900K .......... .......... .......... .......... .......... 68%  704K 2s
   950K .......... .......... .......... .......... .......... 72%  383K 2s
  1000K .......... .......... .......... .......... .......... 76% 1,19M 1s
  1050K .......... .......... .......... .......... .......... 79%  659K 1s
  1100K .......... .......... .......... .......... .......... 83%  712K 1s
  1150K .......... .......... .......... .......... .......... 86%  521K 1s
  1200K .......... .......... .......... .......... .......... 90%  638K 0s
  1250K .......... .......... .......... .......... .......... 94%  613K 0s
  1300K .......... .......... .......... .......... .......... 97% 3,43M 0s
  1350K .......... .......... .......... .                    100%  416K=4,6s

2019-04-13 18:55:17 (300 KB/s) - 'kplr001162635-2010355172524_llc_lc.tbl' saved [1414558/1414558]

--2019-04-13 18:55:17--  http://exoplanetarchive.ipac.caltech.edu/data/ETSS//Kepler/005/411/93/kplr001162635-2011073133259_llc.fits
Resolving exoplanetarchive.ipac.caltech.edu (exoplanetarchive.ipac.caltech.edu)... 134.4.54.147
Connecting to exoplanetarchive.ipac.caltech.edu (exoplanetarchive.ipac.caltech.edu)|134.4.54.147|:80... connected.
HTTP request sent, awaiting response... 302 Found
Location: https://exoplanetarchive.ipac.caltech.edu/data/ETSS//Kepler/005/411/93/kplr001162635-2011073133259_llc.fits [following]
--2019-04-13 18:55:18--  https://exoplanetarchive.ipac.caltech.edu/data/ETSS//Kepler/005/411/93/kplr001162635-2011073133259_llc.fits
Connecting to exoplanetarchive.ipac.caltech.edu (exoplanetarchive.ipac.caltech.edu)|134.4.54.147|:443... connected.
HTTP request sent, awaiting response... 200 OK
Length: 357120 (349K) [image/x-fits]
Saving to: 'kplr001162635-2011073133259_llc.fits'

     0K .......... .......... .......... .......... .......... 14% 54,5K 5s
    50K .......... .......... .......... .......... .......... 28%  161K 3s
   100K .......... .......... .......... .......... .......... 43%  210K 2s
   150K .......... .......... .......... .......... .......... 57%  300K 1s
   200K .......... .......... .......... .......... .......... 71%  265K 1s
   250K .......... .......... .......... .......... .......... 86%  321K 0s
   300K .......... .......... .......... .......... ........  100%  298K=2,1s

2019-04-13 18:55:21 (163 KB/s) - 'kplr001162635-2011073133259_llc.fits' saved [357120/357120]

--2019-04-13 18:55:21--  http://exoplanetarchive.ipac.caltech.edu/data/ETSS//Kepler/005/428/71/kplr001162635-2011073133259_llc_lc.tbl
Resolving exoplanetarchive.ipac.caltech.edu (exoplanetarchive.ipac.caltech.edu)... 134.4.54.147
Connecting to exoplanetarchive.ipac.caltech.edu (exoplanetarchive.ipac.caltech.edu)|134.4.54.147|:80... connected.
HTTP request sent, awaiting response... 302 Found
Location: https://exoplanetarchive.ipac.caltech.edu/data/ETSS//Kepler/005/428/71/kplr001162635-2011073133259_llc_lc.tbl [following]
--2019-04-13 18:55:21--  https://exoplanetarchive.ipac.caltech.edu/data/ETSS//Kepler/005/428/71/kplr001162635-2011073133259_llc_lc.tbl
Connecting to exoplanetarchive.ipac.caltech.edu (exoplanetarchive.ipac.caltech.edu)|134.4.54.147|:443... connected.
HTTP request sent, awaiting response... 200 OK
Length: 1061643 (1,0M) [text/plain]
Saving to: 'kplr001162635-2011073133259_llc_lc.tbl'

     0K .......... .......... .......... .......... ..........  4% 64,3K 15s
    50K .......... .......... .......... .......... ..........  9%  159K 10s
   100K .......... .......... .......... .......... .......... 14%  159K 8s
   150K .......... .......... .......... .......... .......... 19%  297K 7s
   200K .......... .......... .......... .......... .......... 24%  162K 6s
   250K .......... .......... .......... .......... .......... 28% 1,99M 5s
   300K .......... .......... .......... .......... .......... 33%  172K 4s
   350K .......... .......... .......... .......... .......... 38% 1,90M 4s
   400K .......... .......... .......... .......... .......... 43%  322K 3s
   450K .......... .......... .......... .......... .......... 48%  308K 3s
   500K .......... .......... .......... .......... .......... 53%  332K 2s
   550K .......... .......... .......... .......... .......... 57%  320K 2s
   600K .......... .......... .......... .......... .......... 62% 2,26M 2s
   650K .......... .......... .......... .......... .......... 67%  338K 1s
   700K .......... .......... .......... .......... .......... 72% 2,10M 1s
   750K .......... .......... .......... .......... .......... 77%  338K 1s
   800K .......... .......... .......... .......... .......... 81%  350K 1s
   850K .......... .......... .......... .......... .......... 86% 1,57M 1s
   900K .......... .......... .......... .......... .......... 91% 2,63M 0s
   950K .......... .......... .......... .......... .......... 96%  367K 0s
  1000K .......... .......... .......... ......               100%  894K=3,6s

2019-04-13 18:55:26 (291 KB/s) - 'kplr001162635-2011073133259_llc_lc.tbl' saved [1061643/1061643]

--2019-04-13 18:55:26--  http://exoplanetarchive.ipac.caltech.edu/data/ETSS//Kepler/005/311/41/kplr001162635-2011177032512_llc.fits
Resolving exoplanetarchive.ipac.caltech.edu (exoplanetarchive.ipac.caltech.edu)... 134.4.54.147
Connecting to exoplanetarchive.ipac.caltech.edu (exoplanetarchive.ipac.caltech.edu)|134.4.54.147|:80... connected.
HTTP request sent, awaiting response... 302 Found
Location: https://exoplanetarchive.ipac.caltech.edu/data/ETSS//Kepler/005/311/41/kplr001162635-2011177032512_llc.fits [following]
--2019-04-13 18:55:26--  https://exoplanetarchive.ipac.caltech.edu/data/ETSS//Kepler/005/311/41/kplr001162635-2011177032512_llc.fits
Connecting to exoplanetarchive.ipac.caltech.edu (exoplanetarchive.ipac.caltech.edu)|134.4.54.147|:443... connected.
HTTP request sent, awaiting response... 200 OK
Length: 506880 (495K) [image/x-fits]
Saving to: 'kplr001162635-2011177032512_llc.fits'

     0K .......... .......... .......... .......... .......... 10% 52,3K 9s
    50K .......... .......... .......... .......... .......... 20%  157K 5s
   100K .......... .......... .......... .......... .......... 30%  307K 3s
   150K .......... .......... .......... .......... .......... 40%  298K 2s
   200K .......... .......... .......... .......... .......... 50%  140K 2s
   250K .......... .......... .......... .......... .......... 60%  289K 1s
   300K .......... .......... .......... .......... .......... 70%  313K 1s
   350K .......... .......... .......... .......... .......... 80%  321K 1s
   400K .......... .......... .......... .......... .......... 90%  302K 0s
   450K .......... .......... .......... .......... .....     100% 2,62M=2,6s

2019-04-13 18:55:30 (188 KB/s) - 'kplr001162635-2011177032512_llc.fits' saved [506880/506880]

--2019-04-13 18:55:30--  http://exoplanetarchive.ipac.caltech.edu/data/ETSS//Kepler/005/328/14/kplr001162635-2011177032512_llc_lc.tbl
Resolving exoplanetarchive.ipac.caltech.edu (exoplanetarchive.ipac.caltech.edu)... 134.4.54.147
Connecting to exoplanetarchive.ipac.caltech.edu (exoplanetarchive.ipac.caltech.edu)|134.4.54.147|:80... connected.
HTTP request sent, awaiting response... 302 Found
Location: https://exoplanetarchive.ipac.caltech.edu/data/ETSS//Kepler/005/328/14/kplr001162635-2011177032512_llc_lc.tbl [following]
--2019-04-13 18:55:30--  https://exoplanetarchive.ipac.caltech.edu/data/ETSS//Kepler/005/328/14/kplr001162635-2011177032512_llc_lc.tbl
Connecting to exoplanetarchive.ipac.caltech.edu (exoplanetarchive.ipac.caltech.edu)|134.4.54.147|:443... connected.
HTTP request sent, awaiting response... 200 OK
Length: 1541115 (1,5M) [text/plain]
Saving to: 'kplr001162635-2011177032512_llc_lc.tbl'

     0K .......... .......... .......... .......... ..........  3% 55,3K 26s
    50K .......... .......... .......... .......... ..........  6%  161K 17s
   100K .......... .......... .......... .......... ..........  9%  156K 14s
   150K .......... .......... .......... .......... .......... 13%  161K 12s
   200K .......... .......... .......... .......... .......... 16%  270K 10s
   250K .......... .......... .......... .......... .......... 19%  296K 9s
   300K .......... .......... .......... .......... .......... 23%  308K 8s
   350K .......... .......... .......... .......... .......... 26%  269K 7s
   400K .......... .......... .......... .......... .......... 29%  173K 7s
   450K .......... .......... .......... .......... .......... 33% 1,44M 6s
   500K .......... .......... .......... .......... .......... 36%  352K 5s
   550K .......... .......... .......... .......... .......... 39%  325K 5s
   600K .......... .......... .......... .......... .......... 43% 1,82M 4s
   650K .......... .......... .......... .......... .......... 46%  330K 4s
   700K .......... .......... .......... .......... .......... 49%  331K 4s
   750K .......... .......... .......... .......... .......... 53% 1,14M 3s
   800K .......... .......... .......... .......... .......... 56%  390K 3s
   850K .......... .......... .......... .......... .......... 59%  972K 3s
   900K .......... .......... .......... .......... .......... 63%  451K 2s
   950K .......... .......... .......... .......... .......... 66%  914K 2s
  1000K .......... .......... .......... .......... .......... 69%  419K 2s
  1050K .......... .......... .......... .......... .......... 73% 3,26M 1s
  1100K .......... .......... .......... .......... .......... 76%  972K 1s
  1150K .......... .......... .......... .......... .......... 79%  430K 1s
  1200K .......... .......... .......... .......... .......... 83%  849K 1s
  1250K .......... .......... .......... .......... .......... 86%  457K 1s
  1300K .......... .......... .......... .......... .......... 89% 3,27M 1s
  1350K .......... .......... .......... .......... .......... 93%  828K 0s
  1400K .......... .......... .......... .......... .......... 96%  476K 0s
  1450K .......... .......... .......... .......... .......... 99%  912K 0s
  1500K ....                                                  100% 5,85M=4,6s

2019-04-13 18:55:35 (328 KB/s) - 'kplr001162635-2011177032512_llc_lc.tbl' saved [1541115/1541115]

--2019-04-13 18:55:35--  http://exoplanetarchive.ipac.caltech.edu/data/ETSS//Kepler/005/445/50/kplr001162635-2011271113734_llc.fits
Resolving exoplanetarchive.ipac.caltech.edu (exoplanetarchive.ipac.caltech.edu)... 134.4.54.147
Connecting to exoplanetarchive.ipac.caltech.edu (exoplanetarchive.ipac.caltech.edu)|134.4.54.147|:80... connected.
HTTP request sent, awaiting response... 302 Found
Location: https://exoplanetarchive.ipac.caltech.edu/data/ETSS//Kepler/005/445/50/kplr001162635-2011271113734_llc.fits [following]
--2019-04-13 18:55:36--  https://exoplanetarchive.ipac.caltech.edu/data/ETSS//Kepler/005/445/50/kplr001162635-2011271113734_llc.fits
Connecting to exoplanetarchive.ipac.caltech.edu (exoplanetarchive.ipac.caltech.edu)|134.4.54.147|:443... connected.
HTTP request sent, awaiting response... 200 OK
Length: 486720 (475K) [image/x-fits]
Saving to: 'kplr001162635-2011271113734_llc.fits'

     0K .......... .......... .......... .......... .......... 10% 52,0K 8s
    50K .......... .......... .......... .......... .......... 21%  145K 5s
   100K .......... .......... .......... .......... .......... 31%  143K 4s
   150K .......... .......... .......... .......... .......... 42%  152K 3s
   200K .......... .......... .......... .......... .......... 52%  290K 2s
   250K .......... .......... .......... .......... .......... 63%  286K 1s
   300K .......... .......... .......... .......... .......... 73%  300K 1s
   350K .......... .......... .......... .......... .......... 84%  304K 1s
   400K .......... .......... .......... .......... .......... 94%  297K 0s
   450K .......... .......... .....                           100% 6,22M=2,8s

2019-04-13 18:55:39 (168 KB/s) - 'kplr001162635-2011271113734_llc.fits' saved [486720/486720]

--2019-04-13 18:55:40--  http://exoplanetarchive.ipac.caltech.edu/data/ETSS//Kepler/005/462/20/kplr001162635-2011271113734_llc_lc.tbl
Resolving exoplanetarchive.ipac.caltech.edu (exoplanetarchive.ipac.caltech.edu)... 134.4.54.147
Connecting to exoplanetarchive.ipac.caltech.edu (exoplanetarchive.ipac.caltech.edu)|134.4.54.147|:80... connected.
HTTP request sent, awaiting response... 302 Found
Location: https://exoplanetarchive.ipac.caltech.edu/data/ETSS//Kepler/005/462/20/kplr001162635-2011271113734_llc_lc.tbl [following]
--2019-04-13 18:55:40--  https://exoplanetarchive.ipac.caltech.edu/data/ETSS//Kepler/005/462/20/kplr001162635-2011271113734_llc_lc.tbl
Connecting to exoplanetarchive.ipac.caltech.edu (exoplanetarchive.ipac.caltech.edu)|134.4.54.147|:443... connected.
HTTP request sent, awaiting response... 200 OK
Length: 1478301 (1,4M) [text/plain]
Saving to: 'kplr001162635-2011271113734_llc_lc.tbl'

     0K .......... .......... .......... .......... ..........  3% 58,8K 24s
    50K .......... .......... .......... .......... ..........  6%  151K 16s
   100K .......... .......... .......... .......... .......... 10%  174K 13s
   150K .......... .......... .......... .......... .......... 13%  279K 10s
   200K .......... .......... .......... .......... .......... 17%  322K 9s
   250K .......... .......... .......... .......... .......... 20%  319K 7s
   300K .......... .......... .......... .......... .......... 24%  318K 7s
   350K .......... .......... .......... .......... .......... 27%  325K 6s
   400K .......... .......... .......... .......... .......... 31%  256K 5s
   450K .......... .......... .......... .......... .......... 34%  545K 5s
   500K .......... .......... .......... .......... .......... 38%  694K 4s
   550K .......... .......... .......... .......... .......... 41%  312K 4s
   600K .......... .......... .......... .......... .......... 45%  539K 4s
   650K .......... .......... .......... .......... .......... 48%  396K 3s
   700K .......... .......... .......... .......... .......... 51% 1,42M 3s
   750K .......... .......... .......... .......... .......... 55%  361K 3s
   800K .......... .......... .......... .......... .......... 58%  556K 2s
   850K .......... .......... .......... .......... .......... 62%  628K 2s
   900K .......... .......... .......... .......... .......... 65% 2,02M 2s
   950K .......... .......... .......... .......... .......... 69%  346K 2s
  1000K .......... .......... .......... .......... .......... 72% 3,23M 1s
  1050K .......... .......... .......... .......... .......... 76% 2,04M 1s
  1100K .......... .......... .......... .......... .......... 79%  369K 1s
  1150K .......... .......... .......... .......... .......... 83% 1,50M 1s
  1200K .......... .......... .......... .......... .......... 86%  395K 1s
  1250K .......... .......... .......... .......... .......... 90% 1,09M 0s
  1300K .......... .......... .......... .......... .......... 93% 3,17M 0s
  1350K .......... .......... .......... .......... .......... 96%  458K 0s
  1400K .......... .......... .......... .......... ...       100%  781K=4,1s

2019-04-13 18:55:45 (354 KB/s) - 'kplr001162635-2011271113734_llc_lc.tbl' saved [1478301/1478301]

--2019-04-13 18:55:45--  http://exoplanetarchive.ipac.caltech.edu/data/ETSS//Kepler/005/478/90/kplr001162635-2012004120508_llc.fits
Resolving exoplanetarchive.ipac.caltech.edu (exoplanetarchive.ipac.caltech.edu)... 134.4.54.147
Connecting to exoplanetarchive.ipac.caltech.edu (exoplanetarchive.ipac.caltech.edu)|134.4.54.147|:80... connected.
HTTP request sent, awaiting response... 302 Found
Location: https://exoplanetarchive.ipac.caltech.edu/data/ETSS//Kepler/005/478/90/kplr001162635-2012004120508_llc.fits [following]
--2019-04-13 18:55:45--  https://exoplanetarchive.ipac.caltech.edu/data/ETSS//Kepler/005/478/90/kplr001162635-2012004120508_llc.fits
Connecting to exoplanetarchive.ipac.caltech.edu (exoplanetarchive.ipac.caltech.edu)|134.4.54.147|:443... connected.
HTTP request sent, awaiting response... 200 OK
Length: 506880 (495K) [image/x-fits]
Saving to: 'kplr001162635-2012004120508_llc.fits'

     0K .......... .......... .......... .......... .......... 10% 53,2K 8s
    50K .......... .......... .......... .......... .......... 20%  151K 5s
   100K .......... .......... .......... .......... .......... 30%  142K 4s
   150K .......... .......... .......... .......... .......... 40%  151K 3s
   200K .......... .......... .......... .......... .......... 50%  159K 2s
   250K .......... .......... .......... .......... .......... 60%  296K 2s
   300K .......... .......... .......... .......... .......... 70%  307K 1s
   350K .......... .......... .......... .......... .......... 80%  316K 1s
   400K .......... .......... .......... .......... .......... 90%  170K 0s
   450K .......... .......... .......... .......... .....     100% 1,01M=3,1s

2019-04-13 18:55:49 (160 KB/s) - 'kplr001162635-2012004120508_llc.fits' saved [506880/506880]

--2019-04-13 18:55:49--  http://exoplanetarchive.ipac.caltech.edu/data/ETSS//Kepler/005/495/31/kplr001162635-2012004120508_llc_lc.tbl
Resolving exoplanetarchive.ipac.caltech.edu (exoplanetarchive.ipac.caltech.edu)... 134.4.54.147
Connecting to exoplanetarchive.ipac.caltech.edu (exoplanetarchive.ipac.caltech.edu)|134.4.54.147|:80... connected.
HTTP request sent, awaiting response... 302 Found
Location: https://exoplanetarchive.ipac.caltech.edu/data/ETSS//Kepler/005/495/31/kplr001162635-2012004120508_llc_lc.tbl [following]
--2019-04-13 18:55:50--  https://exoplanetarchive.ipac.caltech.edu/data/ETSS//Kepler/005/495/31/kplr001162635-2012004120508_llc_lc.tbl
Connecting to exoplanetarchive.ipac.caltech.edu (exoplanetarchive.ipac.caltech.edu)|134.4.54.147|:443... connected.
HTTP request sent, awaiting response... 200 OK
Length: 1536614 (1,5M) [text/plain]
Saving to: 'kplr001162635-2012004120508_llc_lc.tbl'

     0K .......... .......... .......... .......... ..........  3% 53,9K 27s
    50K .......... .......... .......... .......... ..........  6%  159K 17s
   100K .......... .......... .......... .......... ..........  9%  155K 14s
   150K .......... .......... .......... .......... .......... 13%  302K 11s
   200K .......... .......... .......... .......... .......... 16%  161K 10s
   250K .......... .......... .......... .......... .......... 19%  306K 9s
   300K .......... .......... .......... .......... .......... 23%  303K 8s
   350K .......... .......... .......... .......... .......... 26%  319K 7s
   400K .......... .......... .......... .......... .......... 29%  300K 6s
   450K .......... .......... .......... .......... .......... 33%  325K 6s
   500K .......... .......... .......... .......... .......... 36% 2,42M 5s
   550K .......... .......... .......... .......... .......... 39%  320K 5s
   600K .......... .......... .......... .......... .......... 43%  343K 4s
   650K .......... .......... .......... .......... .......... 46% 1,96M 4s
   700K .......... .......... .......... .......... .......... 49%  345K 3s
   750K .......... .......... .......... .......... .......... 53% 1,70M 3s
   800K .......... .......... .......... .......... .......... 56%  304K 3s
   850K .......... .......... .......... .......... .......... 59%  377K 2s
   900K .......... .......... .......... .......... .......... 63% 3,35M 2s
   950K .......... .......... .......... .......... .......... 66% 1,24M 2s
  1000K .......... .......... .......... .......... .......... 69%  379K 2s
  1050K .......... .......... .......... .......... .......... 73% 1,33M 1s
  1100K .......... .......... .......... .......... .......... 76%  394K 1s
  1150K .......... .......... .......... .......... .......... 79% 3,92M 1s
  1200K .......... .......... .......... .......... .......... 83% 1,34M 1s
  1250K .......... .......... .......... .......... .......... 86%  376K 1s
  1300K .......... .......... .......... .......... .......... 89% 1,75M 0s
  1350K .......... .......... .......... .......... .......... 93%  370K 0s
  1400K .......... .......... .......... .......... .......... 96% 2,53M 0s
  1450K .......... .......... .......... .......... .......... 99% 2,20M 0s
  1500K                                                       100% 11,4G=4,4s

2019-04-13 18:55:55 (341 KB/s) - 'kplr001162635-2012004120508_llc_lc.tbl' saved [1536614/1536614]

--2019-04-13 18:55:55--  http://exoplanetarchive.ipac.caltech.edu/data/ETSS//Kepler/005/511/73/kplr001162635-2012088054726_llc.fits
Resolving exoplanetarchive.ipac.caltech.edu (exoplanetarchive.ipac.caltech.edu)... 134.4.54.147
Connecting to exoplanetarchive.ipac.caltech.edu (exoplanetarchive.ipac.caltech.edu)|134.4.54.147|:80... connected.
HTTP request sent, awaiting response... 302 Found
Location: https://exoplanetarchive.ipac.caltech.edu/data/ETSS//Kepler/005/511/73/kplr001162635-2012088054726_llc.fits [following]
--2019-04-13 18:55:55--  https://exoplanetarchive.ipac.caltech.edu/data/ETSS//Kepler/005/511/73/kplr001162635-2012088054726_llc.fits
Connecting to exoplanetarchive.ipac.caltech.edu (exoplanetarchive.ipac.caltech.edu)|134.4.54.147|:443... connected.
HTTP request sent, awaiting response... 200 OK
Length: 434880 (425K) [image/x-fits]
Saving to: 'kplr001162635-2012088054726_llc.fits'

     0K .......... .......... .......... .......... .......... 11% 51,7K 7s
    50K .......... .......... .......... .......... .......... 23%  158K 4s
   100K .......... .......... .......... .......... .......... 35%  166K 3s
   150K .......... .......... .......... .......... .......... 47%  324K 2s
   200K .......... .......... .......... .......... .......... 58%  171K 1s
   250K .......... .......... .......... .......... .......... 70%  330K 1s
   300K .......... .......... .......... .......... .......... 82%  324K 0s
   350K .......... .......... .......... .......... .......... 94%  299K 0s
   400K .......... .......... ....                            100%  166K=2,7s

2019-04-13 18:55:59 (160 KB/s) - 'kplr001162635-2012088054726_llc.fits' saved [434880/434880]

--2019-04-13 18:55:59--  http://exoplanetarchive.ipac.caltech.edu/data/ETSS//Kepler/005/528/42/kplr001162635-2012088054726_llc_lc.tbl
Resolving exoplanetarchive.ipac.caltech.edu (exoplanetarchive.ipac.caltech.edu)... 134.4.54.147
Connecting to exoplanetarchive.ipac.caltech.edu (exoplanetarchive.ipac.caltech.edu)|134.4.54.147|:80... connected.
HTTP request sent, awaiting response... 302 Found
Location: https://exoplanetarchive.ipac.caltech.edu/data/ETSS//Kepler/005/528/42/kplr001162635-2012088054726_llc_lc.tbl [following]
--2019-04-13 18:55:59--  https://exoplanetarchive.ipac.caltech.edu/data/ETSS//Kepler/005/528/42/kplr001162635-2012088054726_llc_lc.tbl
Connecting to exoplanetarchive.ipac.caltech.edu (exoplanetarchive.ipac.caltech.edu)|134.4.54.147|:443... connected.
HTTP request sent, awaiting response... 200 OK
Length: 1307981 (1,2M) [text/plain]
Saving to: 'kplr001162635-2012088054726_llc_lc.tbl'

     0K .......... .......... .......... .......... ..........  3% 52,3K 23s
    50K .......... .......... .......... .......... ..........  7%  161K 15s
   100K .......... .......... .......... .......... .......... 11%  163K 12s
   150K .......... .......... .......... .......... .......... 15%  165K 10s
   200K .......... .......... .......... .......... .......... 19%  300K 8s
   250K .......... .......... .......... .......... .......... 23%  287K 7s
   300K .......... .......... .......... .......... .......... 27%  297K 6s
   350K .......... .......... .......... .......... .......... 31%  305K 6s
   400K .......... .......... .......... .......... .......... 35%  293K 5s
   450K .......... .......... .......... .......... .......... 39%  294K 4s
   500K .......... .......... .......... .......... .......... 43%  288K 4s
   550K .......... .......... .......... .......... .......... 46%  301K 4s
   600K .......... .......... .......... .......... .......... 50%  326K 3s
   650K .......... .......... .......... .......... .......... 54% 2,71M 3s
   700K .......... .......... .......... .......... .......... 58%  344K 2s
   750K .......... .......... .......... .......... .......... 62%  369K 2s
   800K .......... .......... .......... .......... .......... 66% 1,31M 2s
   850K .......... .......... .......... .......... .......... 70%  346K 2s
   900K .......... .......... .......... .......... .......... 74% 2,33M 1s
   950K .......... .......... .......... .......... .......... 78%  342K 1s
  1000K .......... .......... .......... .......... .......... 82% 3,03M 1s
  1050K .......... .......... .......... .......... .......... 86%  342K 1s
  1100K .......... .......... .......... .......... .......... 90% 1,80M 0s
  1150K .......... .......... .......... .......... .......... 93%  382K 0s
  1200K .......... .......... .......... .......... .......... 97% 1,86M 0s
  1250K .......... .......... .......                         100% 8,14M=4,4s

2019-04-13 18:56:04 (291 KB/s) - 'kplr001162635-2012088054726_llc_lc.tbl' saved [1307981/1307981]

--2019-04-13 18:56:05--  http://exoplanetarchive.ipac.caltech.edu/data/ETSS//Kepler/005/545/11/kplr001162635-2012179063303_llc.fits
Resolving exoplanetarchive.ipac.caltech.edu (exoplanetarchive.ipac.caltech.edu)... 134.4.54.147
Connecting to exoplanetarchive.ipac.caltech.edu (exoplanetarchive.ipac.caltech.edu)|134.4.54.147|:80... connected.
HTTP request sent, awaiting response... 302 Found
Location: https://exoplanetarchive.ipac.caltech.edu/data/ETSS//Kepler/005/545/11/kplr001162635-2012179063303_llc.fits [following]
--2019-04-13 18:56:05--  https://exoplanetarchive.ipac.caltech.edu/data/ETSS//Kepler/005/545/11/kplr001162635-2012179063303_llc.fits
Connecting to exoplanetarchive.ipac.caltech.edu (exoplanetarchive.ipac.caltech.edu)|134.4.54.147|:443... connected.
HTTP request sent, awaiting response... 200 OK
Length: 472320 (461K) [image/x-fits]
Saving to: 'kplr001162635-2012179063303_llc.fits'

     0K .......... .......... .......... .......... .......... 10% 49,5K 8s
    50K .......... .......... .......... .......... .......... 21%  160K 5s
   100K .......... .......... .......... .......... .......... 32%  162K 3s
   150K .......... .......... .......... .......... .......... 43%  167K 3s
   200K .......... .......... .......... .......... .......... 54%  324K 2s
   250K .......... .......... .......... .......... .......... 65%  276K 1s
   300K .......... .......... .......... .......... .......... 75% 79,2K 1s
   350K .......... .......... .......... .......... .......... 86%  136K 1s
   400K .......... .......... .......... .......... .......... 97%  107K 0s
   450K .......... .                                          100% 2,03M=3,7s

2019-04-13 18:56:09 (123 KB/s) - 'kplr001162635-2012179063303_llc.fits' saved [472320/472320]

--2019-04-13 18:56:10--  http://exoplanetarchive.ipac.caltech.edu/data/ETSS//Kepler/005/561/79/kplr001162635-2012179063303_llc_lc.tbl
Resolving exoplanetarchive.ipac.caltech.edu (exoplanetarchive.ipac.caltech.edu)... 134.4.54.147
Connecting to exoplanetarchive.ipac.caltech.edu (exoplanetarchive.ipac.caltech.edu)|134.4.54.147|:80... connected.
HTTP request sent, awaiting response... 302 Found
Location: https://exoplanetarchive.ipac.caltech.edu/data/ETSS//Kepler/005/561/79/kplr001162635-2012179063303_llc_lc.tbl [following]
--2019-04-13 18:56:10--  https://exoplanetarchive.ipac.caltech.edu/data/ETSS//Kepler/005/561/79/kplr001162635-2012179063303_llc_lc.tbl
Connecting to exoplanetarchive.ipac.caltech.edu (exoplanetarchive.ipac.caltech.edu)|134.4.54.147|:443... connected.
HTTP request sent, awaiting response... 200 OK
Length: 1429385 (1,4M) [text/plain]
Saving to: 'kplr001162635-2012179063303_llc_lc.tbl'

     0K .......... .......... .......... .......... ..........  3% 53,0K 25s
    50K .......... .......... .......... .......... ..........  7%  156K 16s
   100K .......... .......... .......... .......... .......... 10%  290K 12s
   150K .......... .......... .......... .......... .......... 14%  167K 10s
   200K .......... .......... .......... .......... .......... 17%  308K 9s
   250K .......... .......... .......... .......... .......... 21% 1,87M 7s
   300K .......... .......... .......... .......... .......... 25%  321K 6s
   350K .......... .......... .......... .......... .......... 28%  270K 6s
   400K .......... .......... .......... .......... .......... 32%  280K 5s
   450K .......... .......... .......... .......... .......... 35%  364K 5s
   500K .......... .......... .......... .......... .......... 39%  302K 4s
   550K .......... .......... .......... .......... .......... 42% 1,14M 4s
   600K .......... .......... .......... .......... .......... 46%  361K 3s
   650K .......... .......... .......... .......... .......... 50% 1,30M 3s
   700K .......... .......... .......... .......... .......... 53%  361K 3s
   750K .......... .......... .......... .......... .......... 57% 1,10M 2s
   800K .......... .......... .......... .......... .......... 60%  347K 2s
   850K .......... .......... .......... .......... .......... 64% 1,03M 2s
   900K .......... .......... .......... .......... .......... 68% 2,95M 2s
   950K .......... .......... .......... .......... .......... 71%  393K 1s
  1000K .......... .......... .......... .......... .......... 75%  942K 1s
  1050K .......... .......... .......... .......... .......... 78%  430K 1s
  1100K .......... .......... .......... .......... .......... 82% 3,47M 1s
  1150K .......... .......... .......... .......... .......... 85% 1,03M 1s
  1200K .......... .......... .......... .......... .......... 89%  396K 0s
  1250K .......... .......... .......... .......... .......... 93%  786K 0s
  1300K .......... .......... .......... .......... .......... 96%  570K 0s
  1350K .......... .......... .......... .......... .....     100% 2,67M=4,0s

2019-04-13 18:56:15 (348 KB/s) - 'kplr001162635-2012179063303_llc_lc.tbl' saved [1429385/1429385]

--2019-04-13 18:56:15--  http://exoplanetarchive.ipac.caltech.edu/data/ETSS//Kepler/005/578/46/kplr001162635-2012277125453_llc.fits
Resolving exoplanetarchive.ipac.caltech.edu (exoplanetarchive.ipac.caltech.edu)... 134.4.54.147
Connecting to exoplanetarchive.ipac.caltech.edu (exoplanetarchive.ipac.caltech.edu)|134.4.54.147|:80... connected.
HTTP request sent, awaiting response... 302 Found
Location: https://exoplanetarchive.ipac.caltech.edu/data/ETSS//Kepler/005/578/46/kplr001162635-2012277125453_llc.fits [following]
--2019-04-13 18:56:15--  https://exoplanetarchive.ipac.caltech.edu/data/ETSS//Kepler/005/578/46/kplr001162635-2012277125453_llc.fits
Connecting to exoplanetarchive.ipac.caltech.edu (exoplanetarchive.ipac.caltech.edu)|134.4.54.147|:443... connected.
HTTP request sent, awaiting response... 200 OK
Length: 506880 (495K) [image/x-fits]
Saving to: 'kplr001162635-2012277125453_llc.fits'

     0K .......... .......... .......... .......... .......... 10% 53,7K 8s
    50K .......... .......... .......... .......... .......... 20%  165K 5s
   100K .......... .......... .......... .......... .......... 30%  296K 3s
   150K .......... .......... .......... .......... .......... 40%  170K 3s
   200K .......... .......... .......... .......... .......... 50%  319K 2s
   250K .......... .......... .......... .......... .......... 60%  332K 1s
   300K .......... .......... .......... .......... .......... 70%  297K 1s
   350K .......... .......... .......... .......... .......... 80% 1,70M 1s
   400K .......... .......... .......... .......... .......... 90%  160K 0s
   450K .......... .......... .......... .......... .....     100% 4,01M=2,5s

2019-04-13 18:56:19 (196 KB/s) - 'kplr001162635-2012277125453_llc.fits' saved [506880/506880]

--2019-04-13 18:56:19--  http://exoplanetarchive.ipac.caltech.edu/data/ETSS//Kepler/005/595/16/kplr001162635-2012277125453_llc_lc.tbl
Resolving exoplanetarchive.ipac.caltech.edu (exoplanetarchive.ipac.caltech.edu)... 134.4.54.147
Connecting to exoplanetarchive.ipac.caltech.edu (exoplanetarchive.ipac.caltech.edu)|134.4.54.147|:80... connected.
HTTP request sent, awaiting response... 302 Found
Location: https://exoplanetarchive.ipac.caltech.edu/data/ETSS//Kepler/005/595/16/kplr001162635-2012277125453_llc_lc.tbl [following]
--2019-04-13 18:56:19--  https://exoplanetarchive.ipac.caltech.edu/data/ETSS//Kepler/005/595/16/kplr001162635-2012277125453_llc_lc.tbl
Connecting to exoplanetarchive.ipac.caltech.edu (exoplanetarchive.ipac.caltech.edu)|134.4.54.147|:443... connected.
HTTP request sent, awaiting response... 200 OK
Length: 1537580 (1,5M) [text/plain]
Saving to: 'kplr001162635-2012277125453_llc_lc.tbl'

     0K .......... .......... .......... .......... ..........  3% 54,2K 27s
    50K .......... .......... .......... .......... ..........  6%  162K 17s
   100K .......... .......... .......... .......... ..........  9%  304K 13s
   150K .......... .......... .......... .......... .......... 13%  165K 11s
   200K .......... .......... .......... .......... .......... 16%  307K 9s
   250K .......... .......... .......... .......... .......... 19%  309K 8s
   300K .......... .......... .......... .......... .......... 23%  314K 7s
   350K .......... .......... .......... .......... .......... 26%  703K 6s
   400K .......... .......... .......... .......... .......... 29%  324K 6s
   450K .......... .......... .......... .......... .......... 33%  330K 5s
   500K .......... .......... .......... .......... .......... 36%  453K 5s
   550K .......... .......... .......... .......... .......... 39%  306K 4s
   600K .......... .......... .......... .......... .......... 43%  849K 4s
   650K .......... .......... .......... .......... .......... 46%  444K 3s
   700K .......... .......... .......... .......... .......... 49%  335K 3s
   750K .......... .......... .......... .......... .......... 53% 1,35M 3s
   800K .......... .......... .......... .......... .......... 56%  363K 3s
   850K .......... .......... .......... .......... .......... 59% 1,72M 2s
   900K .......... .......... .......... .......... .......... 63%  355K 2s
   950K .......... .......... .......... .......... .......... 66% 1,81M 2s
  1000K .......... .......... .......... .......... .......... 69%  382K 2s
  1050K .......... .......... .......... .......... .......... 73% 1,48M 1s
  1100K .......... .......... .......... .......... .......... 76%  400K 1s
  1150K .......... .......... .......... .......... .......... 79% 3,57M 1s
  1200K .......... .......... .......... .......... .......... 83%  944K 1s
  1250K .......... .......... .......... .......... .......... 86%  458K 1s
  1300K .......... .......... .......... .......... .......... 89%  773K 0s
  1350K .......... .......... .......... .......... .......... 93%  538K 0s
  1400K .......... .......... .......... .......... .......... 96% 3,17M 0s
  1450K .......... .......... .......... .......... .......... 99%  827K 0s
  1500K .                                                     100% 29,4G=4,2s

2019-04-13 18:56:24 (356 KB/s) - 'kplr001162635-2012277125453_llc_lc.tbl' saved [1537580/1537580]

--2019-04-13 18:56:24--  http://exoplanetarchive.ipac.caltech.edu/data/ETSS//Kepler/005/611/86/kplr001162635-2013011073258_llc.fits
Resolving exoplanetarchive.ipac.caltech.edu (exoplanetarchive.ipac.caltech.edu)... 134.4.54.147
Connecting to exoplanetarchive.ipac.caltech.edu (exoplanetarchive.ipac.caltech.edu)|134.4.54.147|:80... connected.
HTTP request sent, awaiting response... 302 Found
Location: https://exoplanetarchive.ipac.caltech.edu/data/ETSS//Kepler/005/611/86/kplr001162635-2013011073258_llc.fits [following]
--2019-04-13 18:56:25--  https://exoplanetarchive.ipac.caltech.edu/data/ETSS//Kepler/005/611/86/kplr001162635-2013011073258_llc.fits
Connecting to exoplanetarchive.ipac.caltech.edu (exoplanetarchive.ipac.caltech.edu)|134.4.54.147|:443... connected.
HTTP request sent, awaiting response... 200 OK
Length: 506880 (495K) [image/x-fits]
Saving to: 'kplr001162635-2013011073258_llc.fits'

     0K .......... .......... .......... .......... .......... 10% 51,9K 9s
    50K .......... .......... .......... .......... .......... 20%  147K 5s
   100K .......... .......... .......... .......... .......... 30%  220K 4s
   150K .......... .......... .......... .......... .......... 40%  199K 3s
   200K .......... .......... .......... .......... .......... 50%  310K 2s
   250K .......... .......... .......... .......... .......... 60%  222K 1s
   300K .......... .......... .......... .......... .......... 70%  314K 1s
   350K .......... .......... .......... .......... .......... 80%  384K 1s
   400K .......... .......... .......... .......... .......... 90%  305K 0s
   450K .......... .......... .......... .......... .....     100% 1,23M=2,7s

2019-04-13 18:56:28 (186 KB/s) - 'kplr001162635-2013011073258_llc.fits' saved [506880/506880]

--2019-04-13 18:56:28--  http://exoplanetarchive.ipac.caltech.edu/data/ETSS//Kepler/005/628/33/kplr001162635-2013011073258_llc_lc.tbl
Resolving exoplanetarchive.ipac.caltech.edu (exoplanetarchive.ipac.caltech.edu)... 134.4.54.147
Connecting to exoplanetarchive.ipac.caltech.edu (exoplanetarchive.ipac.caltech.edu)|134.4.54.147|:80... connected.
HTTP request sent, awaiting response... 302 Found
Location: https://exoplanetarchive.ipac.caltech.edu/data/ETSS//Kepler/005/628/33/kplr001162635-2013011073258_llc_lc.tbl [following]
--2019-04-13 18:56:29--  https://exoplanetarchive.ipac.caltech.edu/data/ETSS//Kepler/005/628/33/kplr001162635-2013011073258_llc_lc.tbl
Connecting to exoplanetarchive.ipac.caltech.edu (exoplanetarchive.ipac.caltech.edu)|134.4.54.147|:443... connected.
HTTP request sent, awaiting response... 200 OK
Length: 1545002 (1,5M) [text/plain]
Saving to: 'kplr001162635-2013011073258_llc_lc.tbl'

     0K .......... .......... .......... .......... ..........  3% 54,7K 27s
    50K .......... .......... .......... .......... ..........  6%  167K 17s
   100K .......... .......... .......... .......... ..........  9%  303K 12s
   150K .......... .......... .......... .......... .......... 13%  320K 10s
   200K .......... .......... .......... .......... .......... 16%  313K 9s
   250K .......... .......... .......... .......... .......... 19%  261K 8s
   300K .......... .......... .......... .......... .......... 23%  403K 7s
   350K .......... .......... .......... .......... .......... 26%  322K 6s
   400K .......... .......... .......... .......... .......... 29%  319K 5s
   450K .......... .......... .......... .......... .......... 33%  332K 5s
   500K .......... .......... .......... .......... .......... 36%  370K 5s
   550K .......... .......... .......... .......... .......... 39% 1,56M 4s
   600K .......... .......... .......... .......... .......... 43%  324K 4s
   650K .......... .......... .......... .......... .......... 46%  383K 3s
   700K .......... .......... .......... .......... .......... 49% 1,30M 3s
   750K .......... .......... .......... .......... .......... 53%  404K 3s
   800K .......... .......... .......... .......... .......... 56%  325K 3s
   850K .......... .......... .......... .......... .......... 59% 1,56M 2s
   900K .......... .......... .......... .......... .......... 62%  401K 2s
   950K .......... .......... .......... .......... .......... 66% 1,20M 2s
  1000K .......... .......... .......... .......... .......... 69%  390K 2s
  1050K .......... .......... .......... .......... .......... 72% 3,70M 1s
  1100K .......... .......... .......... .......... .......... 76% 1,11M 1s
  1150K .......... .......... .......... .......... .......... 79%  416K 1s
  1200K .......... .......... .......... .......... .......... 82% 1,06M 1s
  1250K .......... .......... .......... .......... .......... 86% 3,20M 1s
  1300K .......... .......... .......... .......... .......... 89%  430K 0s
  1350K .......... .......... .......... .......... .......... 92% 1,15M 0s
  1400K .......... .......... .......... .......... .......... 96%  444K 0s
  1450K .......... .......... .......... .......... .......... 99% 3,44M 0s
  1500K ........                                              100% 2,65M=4,1s

2019-04-13 18:56:34 (369 KB/s) - 'kplr001162635-2013011073258_llc_lc.tbl' saved [1545002/1545002]

--2019-04-13 18:56:34--  http://exoplanetarchive.ipac.caltech.edu/data/ETSS//Kepler/005/644/80/kplr001162635-2013098041711_llc.fits
Resolving exoplanetarchive.ipac.caltech.edu (exoplanetarchive.ipac.caltech.edu)... 134.4.54.147
Connecting to exoplanetarchive.ipac.caltech.edu (exoplanetarchive.ipac.caltech.edu)|134.4.54.147|:80... connected.
HTTP request sent, awaiting response... 302 Found
Location: https://exoplanetarchive.ipac.caltech.edu/data/ETSS//Kepler/005/644/80/kplr001162635-2013098041711_llc.fits [following]
--2019-04-13 18:56:34--  https://exoplanetarchive.ipac.caltech.edu/data/ETSS//Kepler/005/644/80/kplr001162635-2013098041711_llc.fits
Connecting to exoplanetarchive.ipac.caltech.edu (exoplanetarchive.ipac.caltech.edu)|134.4.54.147|:443... connected.
HTTP request sent, awaiting response... 200 OK
Length: 449280 (439K) [image/x-fits]
Saving to: 'kplr001162635-2013098041711_llc.fits'

     0K .......... .......... .......... .......... .......... 11% 66,4K 6s
    50K .......... .......... .......... .......... .......... 22%  157K 4s
   100K .......... .......... .......... .......... .......... 34%  243K 2s
   150K .......... .......... .......... .......... .......... 45%  313K 2s
   200K .......... .......... .......... .......... .......... 56%  313K 1s
   250K .......... .......... .......... .......... .......... 68%  319K 1s
   300K .......... .......... .......... .......... .......... 79%  256K 0s
   350K .......... .......... .......... .......... .......... 91%  327K 0s
   400K .......... .......... .......... ........             100% 2,83M=2,1s

2019-04-13 18:56:37 (208 KB/s) - 'kplr001162635-2013098041711_llc.fits' saved [449280/449280]

--2019-04-13 18:56:37--  http://exoplanetarchive.ipac.caltech.edu/data/ETSS//Kepler/005/661/56/kplr001162635-2013098041711_llc_lc.tbl
Resolving exoplanetarchive.ipac.caltech.edu (exoplanetarchive.ipac.caltech.edu)... 134.4.54.147
Connecting to exoplanetarchive.ipac.caltech.edu (exoplanetarchive.ipac.caltech.edu)|134.4.54.147|:80... connected.
HTTP request sent, awaiting response... 302 Found
Location: https://exoplanetarchive.ipac.caltech.edu/data/ETSS//Kepler/005/661/56/kplr001162635-2013098041711_llc_lc.tbl [following]
--2019-04-13 18:56:37--  https://exoplanetarchive.ipac.caltech.edu/data/ETSS//Kepler/005/661/56/kplr001162635-2013098041711_llc_lc.tbl
Connecting to exoplanetarchive.ipac.caltech.edu (exoplanetarchive.ipac.caltech.edu)|134.4.54.147|:443... connected.
HTTP request sent, awaiting response... 200 OK
Length: 1359176 (1,3M) [text/plain]
Saving to: 'kplr001162635-2013098041711_llc_lc.tbl'

     0K .......... .......... .......... .......... ..........  3% 61,7K 21s
    50K .......... .......... .......... .......... ..........  7%  166K 14s
   100K .......... .......... .......... .......... .......... 11%  180K 11s
   150K .......... .......... .......... .......... .......... 15%  271K 9s
   200K .......... .......... .......... .......... .......... 18%  315K 7s
   250K .......... .......... .......... .......... .......... 22%  317K 6s
   300K .......... .......... .......... .......... .......... 26%  316K 6s
   350K .......... .......... .......... .......... .......... 30%  325K 5s
   400K .......... .......... .......... .......... .......... 33%  189K 5s
   450K .......... .......... .......... .......... .......... 37% 1,06M 4s
   500K .......... .......... .......... .......... .......... 41%  407K 4s
   550K .......... .......... .......... .......... .......... 45%  332K 3s
   600K .......... .......... .......... .......... .......... 48%  906K 3s
   650K .......... .......... .......... .......... .......... 52%  331K 3s
   700K .......... .......... .......... .......... .......... 56% 2,30M 2s
   750K .......... .......... .......... .......... .......... 60%  364K 2s
   800K .......... .......... .......... .......... .......... 64%  455K 2s
   850K .......... .......... .......... .......... .......... 67%  960K 2s
   900K .......... .......... .......... .......... .......... 71%  426K 1s
   950K .......... .......... .......... .......... .......... 75%  659K 1s
  1000K .......... .......... .......... .......... .......... 79%  505K 1s
  1050K .......... .......... .......... .......... .......... 82% 2,97M 1s
  1100K .......... .......... .......... .......... .......... 86%  814K 1s
  1150K .......... .......... .......... .......... .......... 90%  482K 0s
  1200K .......... .......... .......... .......... .......... 94%  788K 0s
  1250K .......... .......... .......... .......... .......... 97%  505K 0s
  1300K .......... .......... .......                         100% 5,65M=4,0s

2019-04-13 18:56:43 (336 KB/s) - 'kplr001162635-2013098041711_llc_lc.tbl' saved [1359176/1359176]

--2019-04-13 18:56:43--  http://exoplanetarchive.ipac.caltech.edu/data/ETSS//Kepler/005/678/32/kplr001162635-2013131215648_llc.fits
Resolving exoplanetarchive.ipac.caltech.edu (exoplanetarchive.ipac.caltech.edu)... 134.4.54.147
Connecting to exoplanetarchive.ipac.caltech.edu (exoplanetarchive.ipac.caltech.edu)|134.4.54.147|:80... connected.
HTTP request sent, awaiting response... 302 Found
Location: https://exoplanetarchive.ipac.caltech.edu/data/ETSS//Kepler/005/678/32/kplr001162635-2013131215648_llc.fits [following]
--2019-04-13 18:56:43--  https://exoplanetarchive.ipac.caltech.edu/data/ETSS//Kepler/005/678/32/kplr001162635-2013131215648_llc.fits
Connecting to exoplanetarchive.ipac.caltech.edu (exoplanetarchive.ipac.caltech.edu)|134.4.54.147|:443... connected.
HTTP request sent, awaiting response... 200 OK
Length: 187200 (183K) [image/x-fits]
Saving to: 'kplr001162635-2013131215648_llc.fits'

     0K .......... .......... .......... .......... .......... 27% 52,6K 3s
    50K .......... .......... .......... .......... .......... 54%  158K 1s
   100K .......... .......... .......... .......... .......... 82%  160K 0s
   150K .......... .......... .......... ..                   100%  220K=1,7s

2019-04-13 18:56:46 (106 KB/s) - 'kplr001162635-2013131215648_llc.fits' saved [187200/187200]

--2019-04-13 18:56:46--  http://exoplanetarchive.ipac.caltech.edu/data/ETSS//Kepler/005/695/08/kplr001162635-2013131215648_llc_lc.tbl
Resolving exoplanetarchive.ipac.caltech.edu (exoplanetarchive.ipac.caltech.edu)... 134.4.54.147
Connecting to exoplanetarchive.ipac.caltech.edu (exoplanetarchive.ipac.caltech.edu)|134.4.54.147|:80... connected.
HTTP request sent, awaiting response... 302 Found
Location: https://exoplanetarchive.ipac.caltech.edu/data/ETSS//Kepler/005/695/08/kplr001162635-2013131215648_llc_lc.tbl [following]
--2019-04-13 18:56:46--  https://exoplanetarchive.ipac.caltech.edu/data/ETSS//Kepler/005/695/08/kplr001162635-2013131215648_llc_lc.tbl
Connecting to exoplanetarchive.ipac.caltech.edu (exoplanetarchive.ipac.caltech.edu)|134.4.54.147|:443... connected.
HTTP request sent, awaiting response... 200 OK
Length: 506678 (495K) [text/plain]
Saving to: 'kplr001162635-2013131215648_llc_lc.tbl'

     0K .......... .......... .......... .......... .......... 10% 52,9K 8s
    50K .......... .......... .......... .......... .......... 20%  164K 5s
   100K .......... .......... .......... .......... .......... 30%  154K 4s
   150K .......... .......... .......... .......... .......... 40%  178K 3s
   200K .......... .......... .......... .......... .......... 50%  306K 2s
   250K .......... .......... .......... .......... .......... 60%  296K 1s
   300K .......... .......... .......... .......... .......... 70%  287K 1s
   350K .......... .......... .......... .......... .......... 80%  296K 1s
   400K .......... .......... .......... .......... .......... 90%  294K 0s
   450K .......... .......... .......... .......... ....      100%  297K=2,9s

2019-04-13 18:56:50 (174 KB/s) - 'kplr001162635-2013131215648_llc_lc.tbl' saved [506678/506678]

