--2018-12-09 13:02:48--  http://exoplanetarchive.ipac.caltech.edu/data/ETSS//Kepler/005/212/52/kplr002301669-2009259160929_llc.fits
Resolving exoplanetarchive.ipac.caltech.edu (exoplanetarchive.ipac.caltech.edu)... 134.4.54.147
Connecting to exoplanetarchive.ipac.caltech.edu (exoplanetarchive.ipac.caltech.edu)|134.4.54.147|:80... connected.
HTTP request sent, awaiting response... 302 Found
Location: https://exoplanetarchive.ipac.caltech.edu/data/ETSS//Kepler/005/212/52/kplr002301669-2009259160929_llc.fits [following]
--2018-12-09 13:02:48--  https://exoplanetarchive.ipac.caltech.edu/data/ETSS//Kepler/005/212/52/kplr002301669-2009259160929_llc.fits
Connecting to exoplanetarchive.ipac.caltech.edu (exoplanetarchive.ipac.caltech.edu)|134.4.54.147|:443... connected.
HTTP request sent, awaiting response... 200 OK
Length: 466560 (456K) [image/x-fits]
Saving to: 'kplr002301669-2009259160929_llc.fits'

     0K .......... .......... .......... .......... .......... 10% 41,8K 10s
    50K .......... .......... .......... .......... .......... 21% 83,2K 6s
   100K .......... .......... .......... .......... .......... 32% 36,2K 6s
   150K .......... .......... .......... .......... .......... 43% 63,6K 5s
   200K .......... .......... .......... .......... .......... 54% 85,2K 4s
   250K .......... .......... .......... .......... .......... 65%  128K 3s
   300K .......... .......... .......... .......... .......... 76% 85,9K 2s
   350K .......... .......... .......... .......... .......... 87% 85,6K 1s
   400K .......... .......... .......... .......... .......... 98% 85,4K 0s
   450K .....                                                 100% 36,6G=6,7s

2018-12-09 13:02:56 (68,1 KB/s) - 'kplr002301669-2009259160929_llc.fits' saved [466560/466560]

--2018-12-09 13:02:56--  http://exoplanetarchive.ipac.caltech.edu/data/ETSS//Kepler/005/229/16/kplr002301669-2009259160929_llc_lc.tbl
Resolving exoplanetarchive.ipac.caltech.edu (exoplanetarchive.ipac.caltech.edu)... 134.4.54.147
Connecting to exoplanetarchive.ipac.caltech.edu (exoplanetarchive.ipac.caltech.edu)|134.4.54.147|:80... connected.
HTTP request sent, awaiting response... 302 Found
Location: https://exoplanetarchive.ipac.caltech.edu/data/ETSS//Kepler/005/229/16/kplr002301669-2009259160929_llc_lc.tbl [following]
--2018-12-09 13:02:57--  https://exoplanetarchive.ipac.caltech.edu/data/ETSS//Kepler/005/229/16/kplr002301669-2009259160929_llc_lc.tbl
Connecting to exoplanetarchive.ipac.caltech.edu (exoplanetarchive.ipac.caltech.edu)|134.4.54.147|:443... connected.
HTTP request sent, awaiting response... 200 OK
Length: 1407795 (1,3M) [text/plain]
Saving to: 'kplr002301669-2009259160929_llc_lc.tbl'

     0K .......... .......... .......... .......... ..........  3% 42,8K 31s
    50K .......... .......... .......... .......... ..........  7%  115K 20s
   100K .......... .......... .......... .......... .......... 10%  128K 16s
   150K .......... .......... .......... .......... .......... 14%  148K 14s
   200K .......... .......... .......... .......... .......... 18%  253K 11s
   250K .......... .......... .......... .......... .......... 21%  200K 10s
   300K .......... .......... .......... .......... .......... 25%  366K 9s
   350K .......... .......... .......... .......... .......... 29%  253K 8s
   400K .......... .......... .......... .......... .......... 32%  255K 7s
   450K .......... .......... .......... .......... .......... 36%  261K 6s
   500K .......... .......... .......... .......... .......... 40%  259K 6s
   550K .......... .......... .......... .......... .......... 43%  262K 5s
   600K .......... .......... .......... .......... .......... 47%  261K 5s
   650K .......... .......... .......... .......... .......... 50% 6,73M 4s
   700K .......... .......... .......... .......... .......... 54%  258K 4s
   750K .......... .......... .......... .......... .......... 58%  262K 3s
   800K .......... .......... .......... .......... .......... 61%  261K 3s
   850K .......... .......... .......... .......... .......... 65% 5,50M 2s
   900K .......... .......... .......... .......... .......... 69%  265K 2s
   950K .......... .......... .......... .......... .......... 72% 6,88M 2s
  1000K .......... .......... .......... .......... .......... 76%  262K 2s
  1050K .......... .......... .......... .......... .......... 80%  264K 1s
  1100K .......... .......... .......... .......... .......... 83% 7,37M 1s
  1150K .......... .......... .......... .......... .......... 87%  264K 1s
  1200K .......... .......... .......... .......... .......... 90% 4,89M 1s
  1250K .......... .......... .......... .......... .......... 94%  265K 0s
  1300K .......... .......... .......... .......... .......... 98% 5,94M 0s
  1350K .......... .......... ....                            100% 19,9M=5,7s

2018-12-09 13:03:03 (243 KB/s) - 'kplr002301669-2009259160929_llc_lc.tbl' saved [1407795/1407795]

--2018-12-09 13:03:03--  http://exoplanetarchive.ipac.caltech.edu/data/ETSS//Kepler/005/245/79/kplr002301669-2009350155506_llc.fits
Resolving exoplanetarchive.ipac.caltech.edu (exoplanetarchive.ipac.caltech.edu)... 134.4.54.147
Connecting to exoplanetarchive.ipac.caltech.edu (exoplanetarchive.ipac.caltech.edu)|134.4.54.147|:80... connected.
HTTP request sent, awaiting response... 302 Found
Location: https://exoplanetarchive.ipac.caltech.edu/data/ETSS//Kepler/005/245/79/kplr002301669-2009350155506_llc.fits [following]
--2018-12-09 13:03:04--  https://exoplanetarchive.ipac.caltech.edu/data/ETSS//Kepler/005/245/79/kplr002301669-2009350155506_llc.fits
Connecting to exoplanetarchive.ipac.caltech.edu (exoplanetarchive.ipac.caltech.edu)|134.4.54.147|:443... connected.
HTTP request sent, awaiting response... 200 OK
Length: 466560 (456K) [image/x-fits]
Saving to: 'kplr002301669-2009350155506_llc.fits'

     0K .......... .......... .......... .......... .......... 10% 42,4K 10s
    50K .......... .......... .......... .......... .......... 21%  131K 6s
   100K .......... .......... .......... .......... .......... 32%  128K 4s
   150K .......... .......... .......... .......... .......... 43%  255K 3s
   200K .......... .......... .......... .......... .......... 54%  131K 2s
   250K .......... .......... .......... .......... .......... 65%  249K 1s
   300K .......... .......... .......... .......... .......... 76%  255K 1s
   350K .......... .......... .......... .......... .......... 87%  257K 0s
   400K .......... .......... .......... .......... .......... 98%  256K 0s
   450K .....                                                 100% 36,6G=3,3s

2018-12-09 13:03:08 (137 KB/s) - 'kplr002301669-2009350155506_llc.fits' saved [466560/466560]

--2018-12-09 13:03:08--  http://exoplanetarchive.ipac.caltech.edu/data/ETSS//Kepler/005/262/35/kplr002301669-2009350155506_llc_lc.tbl
Resolving exoplanetarchive.ipac.caltech.edu (exoplanetarchive.ipac.caltech.edu)... 134.4.54.147
Connecting to exoplanetarchive.ipac.caltech.edu (exoplanetarchive.ipac.caltech.edu)|134.4.54.147|:80... connected.
HTTP request sent, awaiting response... 302 Found
Location: https://exoplanetarchive.ipac.caltech.edu/data/ETSS//Kepler/005/262/35/kplr002301669-2009350155506_llc_lc.tbl [following]
--2018-12-09 13:03:09--  https://exoplanetarchive.ipac.caltech.edu/data/ETSS//Kepler/005/262/35/kplr002301669-2009350155506_llc_lc.tbl
Connecting to exoplanetarchive.ipac.caltech.edu (exoplanetarchive.ipac.caltech.edu)|134.4.54.147|:443... connected.
HTTP request sent, awaiting response... 200 OK
Length: 1412933 (1,3M) [text/plain]
Saving to: 'kplr002301669-2009350155506_llc_lc.tbl'

     0K .......... .......... .......... .......... ..........  3% 42,5K 31s
    50K .......... .......... .......... .......... ..........  7%  128K 20s
   100K .......... .......... .......... .......... .......... 10%  129K 16s
   150K .......... .......... .......... .......... .......... 14%  128K 14s
   200K .......... .......... .......... .......... .......... 18%  250K 11s
   250K .......... .......... .......... .......... .......... 21%  128K 11s
   300K .......... .......... .......... .......... .......... 25%  259K 9s
   350K .......... .......... .......... .......... .......... 28%  251K 8s
   400K .......... .......... .......... .......... .......... 32%  249K 7s
   450K .......... .......... .......... .......... .......... 36%  252K 7s
   500K .......... .......... .......... .......... .......... 39%  259K 6s
   550K .......... .......... .......... .......... .......... 43%  259K 5s
   600K .......... .......... .......... .......... .......... 47% 1,23M 5s
   650K .......... .......... .......... .......... .......... 50%  320K 4s
   700K .......... .......... .......... .......... .......... 54%  254K 4s
   750K .......... .......... .......... .......... .......... 57% 3,80M 3s
   800K .......... .......... .......... .......... .......... 61%  253K 3s
   850K .......... .......... .......... .......... .......... 65%  258K 3s
   900K .......... .......... .......... .......... .......... 68%  259K 2s
   950K .......... .......... .......... .......... .......... 72% 8,20M 2s
  1000K .......... .......... .......... .......... .......... 76%  265K 2s
  1050K .......... .......... .......... .......... .......... 79% 6,26M 1s
  1100K .......... .......... .......... .......... .......... 83% 14,0M 1s
  1150K .......... .......... .......... .......... .......... 86%  259K 1s
  1200K .......... .......... .......... .......... .......... 90%  263K 1s
  1250K .......... .......... .......... .......... .......... 94% 5,07M 0s
  1300K .......... .......... .......... .......... .......... 97%  267K 0s
  1350K .......... .......... .........                       100% 15,5M=5,9s

2018-12-09 13:03:15 (234 KB/s) - 'kplr002301669-2009350155506_llc_lc.tbl' saved [1412933/1412933]

--2018-12-09 13:03:16--  http://exoplanetarchive.ipac.caltech.edu/data/ETSS//Kepler/005/345/07/kplr002301669-2010078095331_llc.fits
Resolving exoplanetarchive.ipac.caltech.edu (exoplanetarchive.ipac.caltech.edu)... 134.4.54.147
Connecting to exoplanetarchive.ipac.caltech.edu (exoplanetarchive.ipac.caltech.edu)|134.4.54.147|:80... connected.
HTTP request sent, awaiting response... 302 Found
Location: https://exoplanetarchive.ipac.caltech.edu/data/ETSS//Kepler/005/345/07/kplr002301669-2010078095331_llc.fits [following]
--2018-12-09 13:03:16--  https://exoplanetarchive.ipac.caltech.edu/data/ETSS//Kepler/005/345/07/kplr002301669-2010078095331_llc.fits
Connecting to exoplanetarchive.ipac.caltech.edu (exoplanetarchive.ipac.caltech.edu)|134.4.54.147|:443... connected.
HTTP request sent, awaiting response... 200 OK
Length: 469440 (458K) [image/x-fits]
Saving to: 'kplr002301669-2010078095331_llc.fits'

     0K .......... .......... .......... .......... .......... 10% 42,6K 10s
    50K .......... .......... .......... .......... .......... 21% 84,8K 6s
   100K .......... .......... .......... .......... .......... 32%  129K 4s
   150K .......... .......... .......... .......... .......... 43%  129K 3s
   200K .......... .......... .......... .......... .......... 54%  229K 2s
   250K .......... .......... .......... .......... .......... 65%  137K 2s
   300K .......... .......... .......... .......... .......... 76%  222K 1s
   350K .......... .......... .......... .......... .......... 87%  253K 1s
   400K .......... .......... .......... .......... .......... 98%  256K 0s
   450K ........                                              100% 23,9M=3,7s

2018-12-09 13:03:21 (123 KB/s) - 'kplr002301669-2010078095331_llc.fits' saved [469440/469440]

--2018-12-09 13:03:21--  http://exoplanetarchive.ipac.caltech.edu/data/ETSS//Kepler/005/362/06/kplr002301669-2010078095331_llc_lc.tbl
Resolving exoplanetarchive.ipac.caltech.edu (exoplanetarchive.ipac.caltech.edu)... 134.4.54.147
Connecting to exoplanetarchive.ipac.caltech.edu (exoplanetarchive.ipac.caltech.edu)|134.4.54.147|:80... connected.
HTTP request sent, awaiting response... 302 Found
Location: https://exoplanetarchive.ipac.caltech.edu/data/ETSS//Kepler/005/362/06/kplr002301669-2010078095331_llc_lc.tbl [following]
--2018-12-09 13:03:21--  https://exoplanetarchive.ipac.caltech.edu/data/ETSS//Kepler/005/362/06/kplr002301669-2010078095331_llc_lc.tbl
Connecting to exoplanetarchive.ipac.caltech.edu (exoplanetarchive.ipac.caltech.edu)|134.4.54.147|:443... connected.
HTTP request sent, awaiting response... 200 OK
Length: 1421624 (1,4M) [text/plain]
Saving to: 'kplr002301669-2010078095331_llc_lc.tbl'

     0K .......... .......... .......... .......... ..........  3% 42,5K 31s
    50K .......... .......... .......... .......... ..........  7% 85,4K 23s
   100K .......... .......... .......... .......... .......... 10%  128K 18s
   150K .......... .......... .......... .......... .......... 14%  254K 14s
   200K .......... .......... .......... .......... .......... 18%  129K 12s
   250K .......... .......... .......... .......... .......... 21%  248K 11s
   300K .......... .......... .......... .......... .......... 25%  128K 10s
   350K .......... .......... .......... .......... .......... 28%  256K 9s
   400K .......... .......... .......... .......... .......... 32%  129K 8s
   450K .......... .......... .......... .......... .......... 36%  253K 7s
   500K .......... .......... .......... .......... .......... 39%  259K 7s
   550K .......... .......... .......... .......... .......... 43%  259K 6s
   600K .......... .......... .......... .......... .......... 46%  256K 5s
   650K .......... .......... .......... .......... .......... 50%  254K 5s
   700K .......... .......... .......... .......... .......... 54% 10,4M 4s
   750K .......... .......... .......... .......... .......... 57%  259K 4s
   800K .......... .......... .......... .......... .......... 61%  258K 3s
   850K .......... .......... .......... .......... .......... 64%  261K 3s
   900K .......... .......... .......... .......... .......... 68% 5,66M 3s
   950K .......... .......... .......... .......... .......... 72%  262K 2s
  1000K .......... .......... .......... .......... .......... 75%  259K 2s
  1050K .......... .......... .......... .......... .......... 79%  260K 2s
  1100K .......... .......... .......... .......... .......... 82%  256K 1s
  1150K .......... .......... .......... .......... .......... 86% 13,6M 1s
  1200K .......... .......... .......... .......... .......... 90%  256K 1s
  1250K .......... .......... .......... .......... .......... 93%  263K 0s
  1300K .......... .......... .......... .......... .......... 97% 7,55M 0s
  1350K .......... .......... .......... ........             100%  199K=6,8s

2018-12-09 13:03:29 (203 KB/s) - 'kplr002301669-2010078095331_llc_lc.tbl' saved [1421624/1421624]

--2018-12-09 13:03:29--  http://exoplanetarchive.ipac.caltech.edu/data/ETSS//Kepler/005/179/26/kplr002301669-2010174085026_llc.fits
Resolving exoplanetarchive.ipac.caltech.edu (exoplanetarchive.ipac.caltech.edu)... 134.4.54.147
Connecting to exoplanetarchive.ipac.caltech.edu (exoplanetarchive.ipac.caltech.edu)|134.4.54.147|:80... connected.
HTTP request sent, awaiting response... 302 Found
Location: https://exoplanetarchive.ipac.caltech.edu/data/ETSS//Kepler/005/179/26/kplr002301669-2010174085026_llc.fits [following]
--2018-12-09 13:03:30--  https://exoplanetarchive.ipac.caltech.edu/data/ETSS//Kepler/005/179/26/kplr002301669-2010174085026_llc.fits
Connecting to exoplanetarchive.ipac.caltech.edu (exoplanetarchive.ipac.caltech.edu)|134.4.54.147|:443... connected.
HTTP request sent, awaiting response... 200 OK
Length: 492480 (481K) [image/x-fits]
Saving to: 'kplr002301669-2010174085026_llc.fits'

     0K .......... .......... .......... .......... .......... 10% 42,4K 10s
    50K .......... .......... .......... .......... .......... 20% 86,3K 7s
   100K .......... .......... .......... .......... .......... 31%  128K 5s
   150K .......... .......... .......... .......... .......... 41%  256K 3s
   200K .......... .......... .......... .......... .......... 51%  128K 3s
   250K .......... .......... .......... .......... .......... 62%  127K 2s
   300K .......... .......... .......... .......... .......... 72%  256K 1s
   350K .......... .......... .......... .......... .......... 83%  129K 1s
   400K .......... .......... .......... .......... .......... 93%  128K 0s
   450K .......... .......... ..........                      100% 14,8M=4,1s

2018-12-09 13:03:35 (117 KB/s) - 'kplr002301669-2010174085026_llc.fits' saved [492480/492480]

--2018-12-09 13:03:35--  http://exoplanetarchive.ipac.caltech.edu/data/ETSS//Kepler/005/195/89/kplr002301669-2010174085026_llc_lc.tbl
Resolving exoplanetarchive.ipac.caltech.edu (exoplanetarchive.ipac.caltech.edu)... 134.4.54.147
Connecting to exoplanetarchive.ipac.caltech.edu (exoplanetarchive.ipac.caltech.edu)|134.4.54.147|:80... connected.
HTTP request sent, awaiting response... 302 Found
Location: https://exoplanetarchive.ipac.caltech.edu/data/ETSS//Kepler/005/195/89/kplr002301669-2010174085026_llc_lc.tbl [following]
--2018-12-09 13:03:35--  https://exoplanetarchive.ipac.caltech.edu/data/ETSS//Kepler/005/195/89/kplr002301669-2010174085026_llc_lc.tbl
Connecting to exoplanetarchive.ipac.caltech.edu (exoplanetarchive.ipac.caltech.edu)|134.4.54.147|:443... connected.
HTTP request sent, awaiting response... 200 OK
Length: 1497941 (1,4M) [text/plain]
Saving to: 'kplr002301669-2010174085026_llc_lc.tbl'

     0K .......... .......... .......... .......... ..........  3% 42,8K 33s
    50K .......... .......... .......... .......... ..........  6% 86,1K 24s
   100K .......... .......... .......... .......... .......... 10%  128K 19s
   150K .......... .......... .......... .......... .......... 13%  127K 16s
   200K .......... .......... .......... .......... .......... 17%  127K 14s
   250K .......... .......... .......... .......... .......... 20%  130K 13s
   300K .......... .......... .......... .......... .......... 23%  235K 11s
   350K .......... .......... .......... .......... .......... 27%  135K 10s
   400K .......... .......... .......... .......... .......... 30%  127K 10s
   450K .......... .......... .......... .......... .......... 34%  258K 9s
   500K .......... .......... .......... .......... .......... 37%  258K 8s
   550K .......... .......... .......... .......... .......... 41%  254K 7s
   600K .......... .......... .......... .......... .......... 44%  254K 6s
   650K .......... .......... .......... .......... .......... 47%  259K 6s
   700K .......... .......... .......... .......... .......... 51%  256K 5s
   750K .......... .......... .......... .......... .......... 54% 4,95M 5s
   800K .......... .......... .......... .......... .......... 58%  256K 4s
   850K .......... .......... .......... .......... .......... 61%  257K 4s
   900K .......... .......... .......... .......... .......... 64%  257K 3s
   950K .......... .......... .......... .......... .......... 68% 7,14M 3s
  1000K .......... .......... .......... .......... .......... 71%  265K 2s
  1050K .......... .......... .......... .......... .......... 75%  259K 2s
  1100K .......... .......... .......... .......... .......... 78%  257K 2s
  1150K .......... .......... .......... .......... .......... 82% 5,54M 1s
  1200K .......... .......... .......... .......... .......... 85%  259K 1s
  1250K .......... .......... .......... .......... .......... 88%  268K 1s
  1300K .......... .......... .......... .......... .......... 92% 6,02M 1s
  1350K .......... .......... .......... .......... .......... 95%  267K 0s
  1400K .......... .......... .......... .......... .......... 99% 7,18M 0s
  1450K .......... ..                                         100% 1,73M=7,2s

2018-12-09 13:03:43 (202 KB/s) - 'kplr002301669-2010174085026_llc_lc.tbl' saved [1497941/1497941]

--2018-12-09 13:03:43--  http://exoplanetarchive.ipac.caltech.edu/data/ETSS//Kepler/005/379/06/kplr002301669-2010265121752_llc.fits
Resolving exoplanetarchive.ipac.caltech.edu (exoplanetarchive.ipac.caltech.edu)... 134.4.54.147
Connecting to exoplanetarchive.ipac.caltech.edu (exoplanetarchive.ipac.caltech.edu)|134.4.54.147|:80... connected.
HTTP request sent, awaiting response... 302 Found
Location: https://exoplanetarchive.ipac.caltech.edu/data/ETSS//Kepler/005/379/06/kplr002301669-2010265121752_llc.fits [following]
--2018-12-09 13:03:44--  https://exoplanetarchive.ipac.caltech.edu/data/ETSS//Kepler/005/379/06/kplr002301669-2010265121752_llc.fits
Connecting to exoplanetarchive.ipac.caltech.edu (exoplanetarchive.ipac.caltech.edu)|134.4.54.147|:443... connected.
HTTP request sent, awaiting response... 200 OK
Length: 469440 (458K) [image/x-fits]
Saving to: 'kplr002301669-2010265121752_llc.fits'

     0K .......... .......... .......... .......... .......... 10% 42,9K 10s
    50K .......... .......... .......... .......... .......... 21%  128K 6s
   100K .......... .......... .......... .......... .......... 32%  127K 4s
   150K .......... .......... .......... .......... .......... 43%  235K 3s
   200K .......... .......... .......... .......... .......... 54%  133K 2s
   250K .......... .......... .......... .......... .......... 65%  249K 1s
   300K .......... .......... .......... .......... .......... 76%  253K 1s
   350K .......... .......... .......... .......... .......... 87%  258K 0s
   400K .......... .......... .......... .......... .......... 98%  256K 0s
   450K ........                                              100% 17,2M=3,3s

2018-12-09 13:03:48 (138 KB/s) - 'kplr002301669-2010265121752_llc.fits' saved [469440/469440]

--2018-12-09 13:03:48--  http://exoplanetarchive.ipac.caltech.edu/data/ETSS//Kepler/005/395/59/kplr002301669-2010265121752_llc_lc.tbl
Resolving exoplanetarchive.ipac.caltech.edu (exoplanetarchive.ipac.caltech.edu)... 134.4.54.147
Connecting to exoplanetarchive.ipac.caltech.edu (exoplanetarchive.ipac.caltech.edu)|134.4.54.147|:80... connected.
HTTP request sent, awaiting response... 302 Found
Location: https://exoplanetarchive.ipac.caltech.edu/data/ETSS//Kepler/005/395/59/kplr002301669-2010265121752_llc_lc.tbl [following]
--2018-12-09 13:03:49--  https://exoplanetarchive.ipac.caltech.edu/data/ETSS//Kepler/005/395/59/kplr002301669-2010265121752_llc_lc.tbl
Connecting to exoplanetarchive.ipac.caltech.edu (exoplanetarchive.ipac.caltech.edu)|134.4.54.147|:443... connected.
HTTP request sent, awaiting response... 200 OK
Length: 1421948 (1,4M) [text/plain]
Saving to: 'kplr002301669-2010265121752_llc_lc.tbl'

     0K .......... .......... .......... .......... ..........  3% 43,2K 31s
    50K .......... .......... .......... .......... ..........  7% 86,0K 22s
   100K .......... .......... .......... .......... .......... 10%  128K 18s
   150K .......... .......... .......... .......... .......... 14%  128K 15s
   200K .......... .......... .......... .......... .......... 18%  130K 13s
   250K .......... .......... .......... .......... .......... 21%  121K 12s
   300K .......... .......... .......... .......... .......... 25% 49,1K 13s
   350K .......... .......... .......... .......... .......... 28% 54,0K 13s
   400K .......... .......... .......... .......... .......... 32% 46,9K 13s
   450K .......... .......... .......... .......... .......... 36% 62,5K 13s
   500K .......... .......... .......... .......... .......... 39% 62,3K 12s
   550K .......... .......... .......... .......... .......... 43% 85,8K 11s
   600K .......... .......... .......... .......... .......... 46% 64,6K 11s
   650K .......... .......... .......... .......... .......... 50% 85,8K 10s
   700K .......... .......... .......... .......... .......... 54% 86,0K 9s
   750K .......... .......... .......... .......... .......... 57% 39,0K 9s
   800K .......... .......... .......... .......... .......... 61% 32,3K 8s
   850K .......... .......... .......... .......... .......... 64% 51,3K 8s
   900K .......... .......... .......... .......... .......... 68% 85,3K 7s
   950K .......... .......... .......... .......... .......... 72% 63,7K 6s
  1000K .......... .......... .......... .......... .......... 75% 64,3K 5s
  1050K .......... .......... .......... .......... .......... 79% 31,1K 5s
  1100K .......... .......... .......... .......... .......... 82% 42,6K 4s
  1150K .......... .......... .......... .......... .......... 86% 51,6K 3s
  1200K .......... .......... .......... .......... .......... 90% 42,5K 2s
  1250K .......... .......... .......... .......... .......... 93% 63,6K 2s
  1300K .......... .......... .......... .......... .......... 97% 64,2K 1s
  1350K .......... .......... .......... ........             100% 97,2K=23s

2018-12-09 13:04:13 (59,6 KB/s) - 'kplr002301669-2010265121752_llc_lc.tbl' saved [1421948/1421948]

--2018-12-09 13:04:13--  http://exoplanetarchive.ipac.caltech.edu/data/ETSS//Kepler/005/278/93/kplr002301669-2010355172524_llc.fits
Resolving exoplanetarchive.ipac.caltech.edu (exoplanetarchive.ipac.caltech.edu)... 134.4.54.147
Connecting to exoplanetarchive.ipac.caltech.edu (exoplanetarchive.ipac.caltech.edu)|134.4.54.147|:80... connected.
HTTP request sent, awaiting response... 302 Found
Location: https://exoplanetarchive.ipac.caltech.edu/data/ETSS//Kepler/005/278/93/kplr002301669-2010355172524_llc.fits [following]
--2018-12-09 13:04:14--  https://exoplanetarchive.ipac.caltech.edu/data/ETSS//Kepler/005/278/93/kplr002301669-2010355172524_llc.fits
Connecting to exoplanetarchive.ipac.caltech.edu (exoplanetarchive.ipac.caltech.edu)|134.4.54.147|:443... connected.
HTTP request sent, awaiting response... 200 OK
Length: 466560 (456K) [image/x-fits]
Saving to: 'kplr002301669-2010355172524_llc.fits'

     0K .......... .......... .......... .......... .......... 10% 42,8K 9s
    50K .......... .......... .......... .......... .......... 21% 85,9K 6s
   100K .......... .......... .......... .......... .......... 32%  127K 4s
   150K .......... .......... .......... .......... .......... 43%  128K 3s
   200K .......... .......... .......... .......... .......... 54%  126K 2s
   250K .......... .......... .......... .......... .......... 65%  128K 2s
   300K .......... .......... .......... .......... .......... 76%  242K 1s
   350K .......... .......... .......... .......... .......... 87%  132K 1s
   400K .......... .......... .......... .......... .......... 98%  256K 0s
   450K .....                                                 100% 36,6G=4,1s

2018-12-09 13:04:19 (111 KB/s) - 'kplr002301669-2010355172524_llc.fits' saved [466560/466560]

--2018-12-09 13:04:19--  http://exoplanetarchive.ipac.caltech.edu/data/ETSS//Kepler/005/295/27/kplr002301669-2010355172524_llc_lc.tbl
Resolving exoplanetarchive.ipac.caltech.edu (exoplanetarchive.ipac.caltech.edu)... 134.4.54.147
Connecting to exoplanetarchive.ipac.caltech.edu (exoplanetarchive.ipac.caltech.edu)|134.4.54.147|:80... connected.
HTTP request sent, awaiting response... 302 Found
Location: https://exoplanetarchive.ipac.caltech.edu/data/ETSS//Kepler/005/295/27/kplr002301669-2010355172524_llc_lc.tbl [following]
--2018-12-09 13:04:19--  https://exoplanetarchive.ipac.caltech.edu/data/ETSS//Kepler/005/295/27/kplr002301669-2010355172524_llc_lc.tbl
Connecting to exoplanetarchive.ipac.caltech.edu (exoplanetarchive.ipac.caltech.edu)|134.4.54.147|:443... connected.
HTTP request sent, awaiting response... 200 OK
Length: 1414541 (1,3M) [text/plain]
Saving to: 'kplr002301669-2010355172524_llc_lc.tbl'

     0K .......... .......... .......... .......... ..........  3% 42,7K 31s
    50K .......... .......... .......... .......... ..........  7% 85,5K 22s
   100K .......... .......... .......... .......... .......... 10%  129K 18s
   150K .......... .......... .......... .......... .......... 14%  129K 15s
   200K .......... .......... .......... .......... .......... 18%  258K 12s
   250K .......... .......... .......... .......... .......... 21%  130K 11s
   300K .......... .......... .......... .......... .......... 25%  258K 10s
   350K .......... .......... .......... .......... .......... 28%  257K 9s
   400K .......... .......... .......... .......... .......... 32%  130K 8s
   450K .......... .......... .......... .......... .......... 36%  256K 7s
   500K .......... .......... .......... .......... .......... 39%  257K 6s
   550K .......... .......... .......... .......... .......... 43%  253K 6s
   600K .......... .......... .......... .......... .......... 47%  258K 5s
   650K .......... .......... .......... .......... .......... 50%  254K 5s
   700K .......... .......... .......... .......... .......... 54%  258K 4s
   750K .......... .......... .......... .......... .......... 57% 10,3M 4s
   800K .......... .......... .......... .......... .......... 61%  261K 3s
   850K .......... .......... .......... .......... .......... 65%  260K 3s
   900K .......... .......... .......... .......... .......... 68%  267K 3s
   950K .......... .......... .......... .......... .......... 72% 6,82M 2s
  1000K .......... .......... .......... .......... .......... 76%  258K 2s
  1050K .......... .......... .......... .......... .......... 79%  258K 2s
  1100K .......... .......... .......... .......... .......... 83%  256K 1s
  1150K .......... .......... .......... .......... .......... 86% 11,2M 1s
  1200K .......... .......... .......... .......... .......... 90%  128K 1s
  1250K .......... .......... .......... .......... .......... 94% 16,0M 0s
  1300K .......... .......... .......... .......... .......... 97%  267K 0s
  1350K .......... .......... .......... .                    100% 4,42M=6,8s

2018-12-09 13:04:27 (203 KB/s) - 'kplr002301669-2010355172524_llc_lc.tbl' saved [1414541/1414541]

--2018-12-09 13:04:27--  http://exoplanetarchive.ipac.caltech.edu/data/ETSS//Kepler/005/412/12/kplr002301669-2011073133259_llc.fits
Resolving exoplanetarchive.ipac.caltech.edu (exoplanetarchive.ipac.caltech.edu)... 134.4.54.147
Connecting to exoplanetarchive.ipac.caltech.edu (exoplanetarchive.ipac.caltech.edu)|134.4.54.147|:80... connected.
HTTP request sent, awaiting response... 302 Found
Location: https://exoplanetarchive.ipac.caltech.edu/data/ETSS//Kepler/005/412/12/kplr002301669-2011073133259_llc.fits [following]
--2018-12-09 13:04:28--  https://exoplanetarchive.ipac.caltech.edu/data/ETSS//Kepler/005/412/12/kplr002301669-2011073133259_llc.fits
Connecting to exoplanetarchive.ipac.caltech.edu (exoplanetarchive.ipac.caltech.edu)|134.4.54.147|:443... connected.
HTTP request sent, awaiting response... 200 OK
Length: 357120 (349K) [image/x-fits]
Saving to: 'kplr002301669-2011073133259_llc.fits'

     0K .......... .......... .......... .......... .......... 14% 42,8K 7s
    50K .......... .......... .......... .......... .......... 28%  116K 4s
   100K .......... .......... .......... .......... .......... 43%  129K 3s
   150K .......... .......... .......... .......... .......... 57%  142K 2s
   200K .......... .......... .......... .......... .......... 71%  212K 1s
   250K .......... .......... .......... .......... .......... 86%  255K 0s
   300K .......... .......... .......... .......... ........  100%  244K=3,0s

2018-12-09 13:04:32 (117 KB/s) - 'kplr002301669-2011073133259_llc.fits' saved [357120/357120]

--2018-12-09 13:04:32--  http://exoplanetarchive.ipac.caltech.edu/data/ETSS//Kepler/005/428/91/kplr002301669-2011073133259_llc_lc.tbl
Resolving exoplanetarchive.ipac.caltech.edu (exoplanetarchive.ipac.caltech.edu)... 134.4.54.147
Connecting to exoplanetarchive.ipac.caltech.edu (exoplanetarchive.ipac.caltech.edu)|134.4.54.147|:80... connected.
HTTP request sent, awaiting response... 302 Found
Location: https://exoplanetarchive.ipac.caltech.edu/data/ETSS//Kepler/005/428/91/kplr002301669-2011073133259_llc_lc.tbl [following]
--2018-12-09 13:04:32--  https://exoplanetarchive.ipac.caltech.edu/data/ETSS//Kepler/005/428/91/kplr002301669-2011073133259_llc_lc.tbl
Connecting to exoplanetarchive.ipac.caltech.edu (exoplanetarchive.ipac.caltech.edu)|134.4.54.147|:443... connected.
HTTP request sent, awaiting response... 200 OK
Length: 1061646 (1,0M) [text/plain]
Saving to: 'kplr002301669-2011073133259_llc_lc.tbl'

     0K .......... .......... .......... .......... ..........  4% 42,2K 23s
    50K .......... .......... .......... .......... ..........  9%  126K 15s
   100K .......... .......... .......... .......... .......... 14%  128K 12s
   150K .......... .......... .......... .......... .......... 19%  251K 9s
   200K .......... .......... .......... .......... .......... 24%  237K 7s
   250K .......... .......... .......... .......... .......... 28%  269K 6s
   300K .......... .......... .......... .......... .......... 33%  253K 5s
   350K .......... .......... .......... .......... .......... 38%  257K 5s
   400K .......... .......... .......... .......... .......... 43% 2,06M 4s
   450K .......... .......... .......... .......... .......... 48%  260K 3s
   500K .......... .......... .......... .......... .......... 53%  275K 3s
   550K .......... .......... .......... .......... .......... 57% 2,04M 2s
   600K .......... .......... .......... .......... .......... 62%  273K 2s
   650K .......... .......... .......... .......... .......... 67% 2,31M 2s
   700K .......... .......... .......... .......... .......... 72%  291K 1s
   750K .......... .......... .......... .......... .......... 77% 1,97M 1s
   800K .......... .......... .......... .......... .......... 81%  284K 1s
   850K .......... .......... .......... .......... .......... 86% 1,72M 1s
   900K .......... .......... .......... .......... .......... 91% 4,02M 0s
   950K .......... .......... .......... .......... .......... 96%  302K 0s
  1000K .......... .......... .......... ......               100% 1,25M=4,2s

2018-12-09 13:04:37 (247 KB/s) - 'kplr002301669-2011073133259_llc_lc.tbl' saved [1061646/1061646]

--2018-12-09 13:04:37--  http://exoplanetarchive.ipac.caltech.edu/data/ETSS//Kepler/005/311/60/kplr002301669-2011177032512_llc.fits
Resolving exoplanetarchive.ipac.caltech.edu (exoplanetarchive.ipac.caltech.edu)... 134.4.54.147
Connecting to exoplanetarchive.ipac.caltech.edu (exoplanetarchive.ipac.caltech.edu)|134.4.54.147|:80... connected.
HTTP request sent, awaiting response... 302 Found
Location: https://exoplanetarchive.ipac.caltech.edu/data/ETSS//Kepler/005/311/60/kplr002301669-2011177032512_llc.fits [following]
--2018-12-09 13:04:38--  https://exoplanetarchive.ipac.caltech.edu/data/ETSS//Kepler/005/311/60/kplr002301669-2011177032512_llc.fits
Connecting to exoplanetarchive.ipac.caltech.edu (exoplanetarchive.ipac.caltech.edu)|134.4.54.147|:443... connected.
HTTP request sent, awaiting response... 200 OK
Length: 506880 (495K) [image/x-fits]
Saving to: 'kplr002301669-2011177032512_llc.fits'

     0K .......... .......... .......... .......... .......... 10% 43,1K 10s
    50K .......... .......... .......... .......... .......... 20% 85,9K 7s
   100K .......... .......... .......... .......... .......... 30%  129K 5s
   150K .......... .......... .......... .......... .......... 40%  243K 3s
   200K .......... .......... .......... .......... .......... 50%  131K 3s
   250K .......... .......... .......... .......... .......... 60%  247K 2s
   300K .......... .......... .......... .......... .......... 70%  255K 1s
   350K .......... .......... .......... .......... .......... 80%  258K 1s
   400K .......... .......... .......... .......... .......... 90%  250K 0s
   450K .......... .......... .......... .......... .....     100%  239K=3,7s

2018-12-09 13:04:43 (134 KB/s) - 'kplr002301669-2011177032512_llc.fits' saved [506880/506880]

--2018-12-09 13:04:43--  http://exoplanetarchive.ipac.caltech.edu/data/ETSS//Kepler/005/328/33/kplr002301669-2011177032512_llc_lc.tbl
Resolving exoplanetarchive.ipac.caltech.edu (exoplanetarchive.ipac.caltech.edu)... 134.4.54.147
Connecting to exoplanetarchive.ipac.caltech.edu (exoplanetarchive.ipac.caltech.edu)|134.4.54.147|:80... connected.
HTTP request sent, awaiting response... 302 Found
Location: https://exoplanetarchive.ipac.caltech.edu/data/ETSS//Kepler/005/328/33/kplr002301669-2011177032512_llc_lc.tbl [following]
--2018-12-09 13:04:43--  https://exoplanetarchive.ipac.caltech.edu/data/ETSS//Kepler/005/328/33/kplr002301669-2011177032512_llc_lc.tbl
Connecting to exoplanetarchive.ipac.caltech.edu (exoplanetarchive.ipac.caltech.edu)|134.4.54.147|:443... connected.
HTTP request sent, awaiting response... 200 OK
Length: 1541106 (1,5M) [text/plain]
Saving to: 'kplr002301669-2011177032512_llc_lc.tbl'

     0K .......... .......... .......... .......... ..........  3% 42,4K 34s
    50K .......... .......... .......... .......... ..........  6%  128K 22s
   100K .......... .......... .......... .......... ..........  9%  129K 18s
   150K .......... .......... .......... .......... .......... 13%  131K 15s
   200K .......... .......... .......... .......... .......... 16%  256K 13s
   250K .......... .......... .......... .......... .......... 19%  127K 12s
   300K .......... .......... .......... .......... .......... 23%  259K 10s
   350K .......... .......... .......... .......... .......... 26%  257K 9s
   400K .......... .......... .......... .......... .......... 29%  130K 9s
   450K .......... .......... .......... .......... .......... 33%  260K 8s
   500K .......... .......... .......... .......... .......... 36%  251K 7s
   550K .......... .......... .......... .......... .......... 39%  261K 6s
   600K .......... .......... .......... .......... .......... 43%  257K 6s
   650K .......... .......... .......... .......... .......... 46%  258K 5s
   700K .......... .......... .......... .......... .......... 49%  259K 5s
   750K .......... .......... .......... .......... .......... 53% 14,0M 4s
   800K .......... .......... .......... .......... .......... 56%  259K 4s
   850K .......... .......... .......... .......... .......... 59%  256K 4s
   900K .......... .......... .......... .......... .......... 63%  255K 3s
   950K .......... .......... .......... .......... .......... 66%  260K 3s
  1000K .......... .......... .......... .......... .......... 69% 11,8M 2s
  1050K .......... .......... .......... .......... .......... 73%  261K 2s
  1100K .......... .......... .......... .......... .......... 76% 5,74M 2s
  1150K .......... .......... .......... .......... .......... 79%  264K 2s
  1200K .......... .......... .......... .......... .......... 83%  263K 1s
  1250K .......... .......... .......... .......... .......... 86% 10,4M 1s
  1300K .......... .......... .......... .......... .......... 89%  265K 1s
  1350K .......... .......... .......... .......... .......... 93% 6,54M 0s
  1400K .......... .......... .......... .......... .......... 96%  268K 0s
  1450K .......... .......... .......... .......... .......... 99% 4,23M 0s
  1500K ....                                                  100% 18,9M=6,6s

2018-12-09 13:04:51 (227 KB/s) - 'kplr002301669-2011177032512_llc_lc.tbl' saved [1541106/1541106]

--2018-12-09 13:04:51--  http://exoplanetarchive.ipac.caltech.edu/data/ETSS//Kepler/005/445/70/kplr002301669-2011271113734_llc.fits
Resolving exoplanetarchive.ipac.caltech.edu (exoplanetarchive.ipac.caltech.edu)... 134.4.54.147
Connecting to exoplanetarchive.ipac.caltech.edu (exoplanetarchive.ipac.caltech.edu)|134.4.54.147|:80... connected.
HTTP request sent, awaiting response... 302 Found
Location: https://exoplanetarchive.ipac.caltech.edu/data/ETSS//Kepler/005/445/70/kplr002301669-2011271113734_llc.fits [following]
--2018-12-09 13:04:51--  https://exoplanetarchive.ipac.caltech.edu/data/ETSS//Kepler/005/445/70/kplr002301669-2011271113734_llc.fits
Connecting to exoplanetarchive.ipac.caltech.edu (exoplanetarchive.ipac.caltech.edu)|134.4.54.147|:443... connected.
HTTP request sent, awaiting response... 200 OK
Length: 486720 (475K) [image/x-fits]
Saving to: 'kplr002301669-2011271113734_llc.fits'

     0K .......... .......... .......... .......... .......... 10% 42,6K 10s
    50K .......... .......... .......... .......... .......... 21% 85,0K 7s
   100K .......... .......... .......... .......... .......... 31%  126K 5s
   150K .......... .......... .......... .......... .......... 42%  128K 4s
   200K .......... .......... .......... .......... .......... 52%  126K 3s
   250K .......... .......... .......... .......... .......... 63%  129K 2s
   300K .......... .......... .......... .......... .......... 73%  258K 1s
   350K .......... .......... .......... .......... .......... 84%  129K 1s
   400K .......... .......... .......... .......... .......... 94%  257K 0s
   450K .......... .......... .....                           100% 3,27M=4,1s

2018-12-09 13:04:56 (115 KB/s) - 'kplr002301669-2011271113734_llc.fits' saved [486720/486720]

--2018-12-09 13:04:56--  http://exoplanetarchive.ipac.caltech.edu/data/ETSS//Kepler/005/462/40/kplr002301669-2011271113734_llc_lc.tbl
Resolving exoplanetarchive.ipac.caltech.edu (exoplanetarchive.ipac.caltech.edu)... 134.4.54.147
Connecting to exoplanetarchive.ipac.caltech.edu (exoplanetarchive.ipac.caltech.edu)|134.4.54.147|:80... connected.
HTTP request sent, awaiting response... 302 Found
Location: https://exoplanetarchive.ipac.caltech.edu/data/ETSS//Kepler/005/462/40/kplr002301669-2011271113734_llc_lc.tbl [following]
--2018-12-09 13:04:57--  https://exoplanetarchive.ipac.caltech.edu/data/ETSS//Kepler/005/462/40/kplr002301669-2011271113734_llc_lc.tbl
Connecting to exoplanetarchive.ipac.caltech.edu (exoplanetarchive.ipac.caltech.edu)|134.4.54.147|:443... connected.
HTTP request sent, awaiting response... 200 OK
Length: 1478314 (1,4M) [text/plain]
Saving to: 'kplr002301669-2011271113734_llc_lc.tbl'

     0K .......... .......... .......... .......... ..........  3% 42,6K 33s
    50K .......... .......... .......... .......... ..........  6% 86,4K 24s
   100K .......... .......... .......... .......... .......... 10%  216K 17s
   150K .......... .......... .......... .......... .......... 13%  138K 15s
   200K .......... .......... .......... .......... .......... 17%  129K 13s
   250K .......... .......... .......... .......... .......... 20%  250K 11s
   300K .......... .......... .......... .......... .......... 24%  255K 10s
   350K .......... .......... .......... .......... .......... 27%  128K 9s
   400K .......... .......... .......... .......... .......... 31%  256K 8s
   450K .......... .......... .......... .......... .......... 34%  255K 7s
   500K .......... .......... .......... .......... .......... 38%  256K 7s
   550K .......... .......... .......... .......... .......... 41%  258K 6s
   600K .......... .......... .......... .......... .......... 45% 10,8M 5s
   650K .......... .......... .......... .......... .......... 48%  259K 5s
   700K .......... .......... .......... .......... .......... 51%  256K 4s
   750K .......... .......... .......... .......... .......... 55%  263K 4s
   800K .......... .......... .......... .......... .......... 58%  258K 4s
   850K .......... .......... .......... .......... .......... 62% 7,49M 3s
   900K .......... .......... .......... .......... .......... 65%  260K 3s
   950K .......... .......... .......... .......... .......... 69%  255K 2s
  1000K .......... .......... .......... .......... .......... 72%  256K 2s
  1050K .......... .......... .......... .......... .......... 76% 11,5M 2s
  1100K .......... .......... .......... .......... .......... 79%  259K 1s
  1150K .......... .......... .......... .......... .......... 83% 7,50M 1s
  1200K .......... .......... .......... .......... .......... 86%  260K 1s
  1250K .......... .......... .......... .......... .......... 90%  260K 1s
  1300K .......... .......... .......... .......... .......... 93% 6,03M 0s
  1350K .......... .......... .......... .......... .......... 96%  265K 0s
  1400K .......... .......... .......... .......... ...       100% 4,57M=6,5s

2018-12-09 13:05:04 (223 KB/s) - 'kplr002301669-2011271113734_llc_lc.tbl' saved [1478314/1478314]

--2018-12-09 13:05:04--  http://exoplanetarchive.ipac.caltech.edu/data/ETSS//Kepler/005/479/09/kplr002301669-2012004120508_llc.fits
Resolving exoplanetarchive.ipac.caltech.edu (exoplanetarchive.ipac.caltech.edu)... 134.4.54.147
Connecting to exoplanetarchive.ipac.caltech.edu (exoplanetarchive.ipac.caltech.edu)|134.4.54.147|:80... connected.
HTTP request sent, awaiting response... 302 Found
Location: https://exoplanetarchive.ipac.caltech.edu/data/ETSS//Kepler/005/479/09/kplr002301669-2012004120508_llc.fits [following]
--2018-12-09 13:05:05--  https://exoplanetarchive.ipac.caltech.edu/data/ETSS//Kepler/005/479/09/kplr002301669-2012004120508_llc.fits
Connecting to exoplanetarchive.ipac.caltech.edu (exoplanetarchive.ipac.caltech.edu)|134.4.54.147|:443... connected.
HTTP request sent, awaiting response... 200 OK
Length: 506880 (495K) [image/x-fits]
Saving to: 'kplr002301669-2012004120508_llc.fits'

     0K .......... .......... .......... .......... .......... 10% 42,5K 10s
    50K .......... .......... .......... .......... .......... 20%  117K 6s
   100K .......... .......... .......... .......... .......... 30%  127K 5s
   150K .......... .......... .......... .......... .......... 40%  145K 3s
   200K .......... .......... .......... .......... .......... 50%  213K 3s
   250K .......... .......... .......... .......... .......... 60%  144K 2s
   300K .......... .......... .......... .......... .......... 70%  255K 1s
   350K .......... .......... .......... .......... .......... 80%  253K 1s
   400K .......... .......... .......... .......... .......... 90%  245K 0s
   450K .......... .......... .......... .......... .....     100%  254K=3,7s

2018-12-09 13:05:10 (134 KB/s) - 'kplr002301669-2012004120508_llc.fits' saved [506880/506880]

--2018-12-09 13:05:10--  http://exoplanetarchive.ipac.caltech.edu/data/ETSS//Kepler/005/495/51/kplr002301669-2012004120508_llc_lc.tbl
Resolving exoplanetarchive.ipac.caltech.edu (exoplanetarchive.ipac.caltech.edu)... 134.4.54.147
Connecting to exoplanetarchive.ipac.caltech.edu (exoplanetarchive.ipac.caltech.edu)|134.4.54.147|:80... connected.
HTTP request sent, awaiting response... 302 Found
Location: https://exoplanetarchive.ipac.caltech.edu/data/ETSS//Kepler/005/495/51/kplr002301669-2012004120508_llc_lc.tbl [following]
--2018-12-09 13:05:10--  https://exoplanetarchive.ipac.caltech.edu/data/ETSS//Kepler/005/495/51/kplr002301669-2012004120508_llc_lc.tbl
Connecting to exoplanetarchive.ipac.caltech.edu (exoplanetarchive.ipac.caltech.edu)|134.4.54.147|:443... connected.
HTTP request sent, awaiting response... 200 OK
Length: 1536593 (1,5M) [text/plain]
Saving to: 'kplr002301669-2012004120508_llc_lc.tbl'

     0K .......... .......... .......... .......... ..........  3% 42,7K 34s
    50K .......... .......... .......... .......... ..........  6% 85,9K 25s
   100K .......... .......... .......... .......... ..........  9%  129K 19s
   150K .......... .......... .......... .......... .......... 13%  127K 16s
   200K .......... .......... .......... .......... .......... 16%  128K 15s
   250K .......... .......... .......... .......... .......... 19%  256K 12s
   300K .......... .......... .......... .......... .......... 23%  251K 11s
   350K .......... .......... .......... .......... .......... 26%  256K 10s
   400K .......... .......... .......... .......... .......... 29%  130K 9s
   450K .......... .......... .......... .......... .......... 33%  258K 8s
   500K .......... .......... .......... .......... .......... 36%  251K 7s
   550K .......... .......... .......... .......... .......... 39%  252K 7s
   600K .......... .......... .......... .......... .......... 43%  259K 6s
   650K .......... .......... .......... .......... .......... 46% 8,98M 5s
   700K .......... .......... .......... .......... .......... 49%  256K 5s
   750K .......... .......... .......... .......... .......... 53%  258K 4s
   800K .......... .......... .......... .......... .......... 56%  253K 4s
   850K .......... .......... .......... .......... .......... 59% 5,21M 4s
   900K .......... .......... .......... .......... .......... 63%  261K 3s
   950K .......... .......... .......... .......... .......... 66%  256K 3s
  1000K .......... .......... .......... .......... .......... 69% 4,54M 2s
  1050K .......... .......... .......... .......... .......... 73%  269K 2s
  1100K .......... .......... .......... .......... .......... 76%  259K 2s
  1150K .......... .......... .......... .......... .......... 79%  239K 2s
  1200K .......... .......... .......... .......... .......... 83% 15,7M 1s
  1250K .......... .......... .......... .......... .......... 86% 88,7K 1s
  1300K .......... .......... .......... .......... .......... 89%  128K 1s
  1350K .......... .......... .......... .......... .......... 93%  121K 1s
  1400K .......... .......... .......... .......... .......... 96% 88,9K 0s
  1450K .......... .......... .......... .......... .......... 99% 84,9K 0s
  1500K                                                       100% 3,77G=8,8s

2018-12-09 13:05:20 (171 KB/s) - 'kplr002301669-2012004120508_llc_lc.tbl' saved [1536593/1536593]

--2018-12-09 13:05:20--  http://exoplanetarchive.ipac.caltech.edu/data/ETSS//Kepler/005/511/92/kplr002301669-2012088054726_llc.fits
Resolving exoplanetarchive.ipac.caltech.edu (exoplanetarchive.ipac.caltech.edu)... 134.4.54.147
Connecting to exoplanetarchive.ipac.caltech.edu (exoplanetarchive.ipac.caltech.edu)|134.4.54.147|:80... connected.
HTTP request sent, awaiting response... 302 Found
Location: https://exoplanetarchive.ipac.caltech.edu/data/ETSS//Kepler/005/511/92/kplr002301669-2012088054726_llc.fits [following]
--2018-12-09 13:05:20--  https://exoplanetarchive.ipac.caltech.edu/data/ETSS//Kepler/005/511/92/kplr002301669-2012088054726_llc.fits
Connecting to exoplanetarchive.ipac.caltech.edu (exoplanetarchive.ipac.caltech.edu)|134.4.54.147|:443... connected.
HTTP request sent, awaiting response... 200 OK
Length: 434880 (425K) [image/x-fits]
Saving to: 'kplr002301669-2012088054726_llc.fits'

     0K .......... .......... .......... .......... .......... 11% 43,1K 9s
    50K .......... .......... .......... .......... .......... 23% 86,4K 6s
   100K .......... .......... .......... .......... .......... 35%  129K 4s
   150K .......... .......... .......... .......... .......... 47%  129K 3s
   200K .......... .......... .......... .......... .......... 58%  130K 2s
   250K .......... .......... .......... .......... .......... 70%  247K 1s
   300K .......... .......... .......... .......... .......... 82%  132K 1s
   350K .......... .......... .......... .......... .......... 94%  248K 0s
   400K .......... .......... ....                            100% 8,96M=3,7s

2018-12-09 13:05:25 (115 KB/s) - 'kplr002301669-2012088054726_llc.fits' saved [434880/434880]

--2018-12-09 13:05:25--  http://exoplanetarchive.ipac.caltech.edu/data/ETSS//Kepler/005/528/62/kplr002301669-2012088054726_llc_lc.tbl
Resolving exoplanetarchive.ipac.caltech.edu (exoplanetarchive.ipac.caltech.edu)... 134.4.54.147
Connecting to exoplanetarchive.ipac.caltech.edu (exoplanetarchive.ipac.caltech.edu)|134.4.54.147|:80... connected.
HTTP request sent, awaiting response... 302 Found
Location: https://exoplanetarchive.ipac.caltech.edu/data/ETSS//Kepler/005/528/62/kplr002301669-2012088054726_llc_lc.tbl [following]
--2018-12-09 13:05:26--  https://exoplanetarchive.ipac.caltech.edu/data/ETSS//Kepler/005/528/62/kplr002301669-2012088054726_llc_lc.tbl
Connecting to exoplanetarchive.ipac.caltech.edu (exoplanetarchive.ipac.caltech.edu)|134.4.54.147|:443... connected.
HTTP request sent, awaiting response... 200 OK
Length: 1307959 (1,2M) [text/plain]
Saving to: 'kplr002301669-2012088054726_llc_lc.tbl'

     0K .......... .......... .......... .......... ..........  3% 42,7K 29s
    50K .......... .......... .......... .......... ..........  7% 86,0K 21s
   100K .......... .......... .......... .......... .......... 11%  128K 16s
   150K .......... .......... .......... .......... .......... 15%  129K 14s
   200K .......... .......... .......... .......... .......... 19%  130K 12s
   250K .......... .......... .......... .......... .......... 23%  255K 10s
   300K .......... .......... .......... .......... .......... 27%  256K 9s
   350K .......... .......... .......... .......... .......... 31%  130K 8s
   400K .......... .......... .......... .......... .......... 35%  130K 7s
   450K .......... .......... .......... .......... .......... 39%  257K 7s
   500K .......... .......... .......... .......... .......... 43%  258K 6s
   550K .......... .......... .......... .......... .......... 46%  259K 5s
   600K .......... .......... .......... .......... .......... 50% 4,32M 5s
   650K .......... .......... .......... .......... .......... 54%  255K 4s
   700K .......... .......... .......... .......... .......... 58%  267K 4s
   750K .......... .......... .......... .......... .......... 62%  255K 3s
   800K .......... .......... .......... .......... .......... 66% 7,30M 3s
   850K .......... .......... .......... .......... .......... 70%  260K 2s
   900K .......... .......... .......... .......... .......... 74%  257K 2s
   950K .......... .......... .......... .......... .......... 78%  258K 2s
  1000K .......... .......... .......... .......... .......... 82% 6,02M 1s
  1050K .......... .......... .......... .......... .......... 86%  266K 1s
  1100K .......... .......... .......... .......... .......... 90% 4,11M 1s
  1150K .......... .......... .......... .......... .......... 93%  266K 0s
  1200K .......... .......... .......... .......... .......... 97%  963K 0s
  1250K .......... .......... .......                         100%  199K=6,4s

2018-12-09 13:05:33 (199 KB/s) - 'kplr002301669-2012088054726_llc_lc.tbl' saved [1307959/1307959]

--2018-12-09 13:05:33--  http://exoplanetarchive.ipac.caltech.edu/data/ETSS//Kepler/005/545/31/kplr002301669-2012179063303_llc.fits
Resolving exoplanetarchive.ipac.caltech.edu (exoplanetarchive.ipac.caltech.edu)... 134.4.54.147
Connecting to exoplanetarchive.ipac.caltech.edu (exoplanetarchive.ipac.caltech.edu)|134.4.54.147|:80... connected.
HTTP request sent, awaiting response... 302 Found
Location: https://exoplanetarchive.ipac.caltech.edu/data/ETSS//Kepler/005/545/31/kplr002301669-2012179063303_llc.fits [following]
--2018-12-09 13:05:34--  https://exoplanetarchive.ipac.caltech.edu/data/ETSS//Kepler/005/545/31/kplr002301669-2012179063303_llc.fits
Connecting to exoplanetarchive.ipac.caltech.edu (exoplanetarchive.ipac.caltech.edu)|134.4.54.147|:443... connected.
HTTP request sent, awaiting response... 200 OK
Length: 472320 (461K) [image/x-fits]
Saving to: 'kplr002301669-2012179063303_llc.fits'

     0K .......... .......... .......... .......... .......... 10% 42,7K 10s
    50K .......... .......... .......... .......... .......... 21% 85,7K 6s
   100K .......... .......... .......... .......... .......... 32%  127K 4s
   150K .......... .......... .......... .......... .......... 43%  131K 3s
   200K .......... .......... .......... .......... .......... 54%  245K 2s
   250K .......... .......... .......... .......... .......... 65%  133K 2s
   300K .......... .......... .......... .......... .......... 75%  253K 1s
   350K .......... .......... .......... .......... .......... 86%  259K 1s
   400K .......... .......... .......... .......... .......... 97%  249K 0s
   450K .......... .                                          100% 16,4M=3,7s

2018-12-09 13:05:38 (125 KB/s) - 'kplr002301669-2012179063303_llc.fits' saved [472320/472320]

--2018-12-09 13:05:39--  http://exoplanetarchive.ipac.caltech.edu/data/ETSS//Kepler/005/561/98/kplr002301669-2012179063303_llc_lc.tbl
Resolving exoplanetarchive.ipac.caltech.edu (exoplanetarchive.ipac.caltech.edu)... 134.4.54.147
Connecting to exoplanetarchive.ipac.caltech.edu (exoplanetarchive.ipac.caltech.edu)|134.4.54.147|:80... connected.
HTTP request sent, awaiting response... 302 Found
Location: https://exoplanetarchive.ipac.caltech.edu/data/ETSS//Kepler/005/561/98/kplr002301669-2012179063303_llc_lc.tbl [following]
--2018-12-09 13:05:39--  https://exoplanetarchive.ipac.caltech.edu/data/ETSS//Kepler/005/561/98/kplr002301669-2012179063303_llc_lc.tbl
Connecting to exoplanetarchive.ipac.caltech.edu (exoplanetarchive.ipac.caltech.edu)|134.4.54.147|:443... connected.
HTTP request sent, awaiting response... 200 OK
Length: 1429370 (1,4M) [text/plain]
Saving to: 'kplr002301669-2012179063303_llc_lc.tbl'

     0K .......... .......... .......... .......... ..........  3% 43,0K 31s
    50K .......... .......... .......... .......... ..........  7% 85,9K 23s
   100K .......... .......... .......... .......... .......... 10%  128K 18s
   150K .......... .......... .......... .......... .......... 14%  129K 15s
   200K .......... .......... .......... .......... .......... 17%  126K 13s
   250K .......... .......... .......... .......... .......... 21%  256K 11s
   300K .......... .......... .......... .......... .......... 25%  129K 10s
   350K .......... .......... .......... .......... .......... 28%  253K 9s
   400K .......... .......... .......... .......... .......... 32%  249K 8s
   450K .......... .......... .......... .......... .......... 35%  268K 7s
   500K .......... .......... .......... .......... .......... 39%  255K 7s
   550K .......... .......... .......... .......... .......... 42%  257K 6s
   600K .......... .......... .......... .......... .......... 46% 2,78M 5s
   650K .......... .......... .......... .......... .......... 50%  269K 5s
   700K .......... .......... .......... .......... .......... 53%  255K 4s
   750K .......... .......... .......... .......... .......... 57% 6,59M 4s
   800K .......... .......... .......... .......... .......... 60%  258K 3s
   850K .......... .......... .......... .......... .......... 64%  266K 3s
   900K .......... .......... .......... .......... .......... 68% 6,57M 2s
   950K .......... .......... .......... .......... .......... 71%  262K 2s
  1000K .......... .......... .......... .......... .......... 75% 7,05M 2s
  1050K .......... .......... .......... .......... .......... 78%  246K 2s
  1100K .......... .......... .......... .......... .......... 82% 22,4M 1s
  1150K .......... .......... .......... .......... .......... 85%  277K 1s
  1200K .......... .......... .......... .......... .......... 89% 3,76M 1s
  1250K .......... .......... .......... .......... .......... 93%  273K 0s
  1300K .......... .......... .......... .......... .......... 96% 3,26M 0s
  1350K .......... .......... .......... .......... .....     100%  254K=6,2s

2018-12-09 13:05:46 (224 KB/s) - 'kplr002301669-2012179063303_llc_lc.tbl' saved [1429370/1429370]

--2018-12-09 13:05:46--  http://exoplanetarchive.ipac.caltech.edu/data/ETSS//Kepler/005/578/66/kplr002301669-2012277125453_llc.fits
Resolving exoplanetarchive.ipac.caltech.edu (exoplanetarchive.ipac.caltech.edu)... 134.4.54.147
Connecting to exoplanetarchive.ipac.caltech.edu (exoplanetarchive.ipac.caltech.edu)|134.4.54.147|:80... connected.
HTTP request sent, awaiting response... 302 Found
Location: https://exoplanetarchive.ipac.caltech.edu/data/ETSS//Kepler/005/578/66/kplr002301669-2012277125453_llc.fits [following]
--2018-12-09 13:05:47--  https://exoplanetarchive.ipac.caltech.edu/data/ETSS//Kepler/005/578/66/kplr002301669-2012277125453_llc.fits
Connecting to exoplanetarchive.ipac.caltech.edu (exoplanetarchive.ipac.caltech.edu)|134.4.54.147|:443... connected.
HTTP request sent, awaiting response... 200 OK
Length: 506880 (495K) [image/x-fits]
Saving to: 'kplr002301669-2012277125453_llc.fits'

     0K .......... .......... .......... .......... .......... 10% 42,7K 10s
    50K .......... .......... .......... .......... .......... 20% 86,1K 7s
   100K .......... .......... .......... .......... .......... 30%  129K 5s
   150K .......... .......... .......... .......... .......... 40%  129K 4s
   200K .......... .......... .......... .......... .......... 50%  249K 3s
   250K .......... .......... .......... .......... .......... 60%  131K 2s
   300K .......... .......... .......... .......... .......... 70%  240K 1s
   350K .......... .......... .......... .......... .......... 80%  249K 1s
   400K .......... .......... .......... .......... .......... 90%  250K 0s
   450K .......... .......... .......... .......... .....     100%  236K=3,9s

2018-12-09 13:05:52 (127 KB/s) - 'kplr002301669-2012277125453_llc.fits' saved [506880/506880]

--2018-12-09 13:05:52--  http://exoplanetarchive.ipac.caltech.edu/data/ETSS//Kepler/005/595/36/kplr002301669-2012277125453_llc_lc.tbl
Resolving exoplanetarchive.ipac.caltech.edu (exoplanetarchive.ipac.caltech.edu)... 134.4.54.147
Connecting to exoplanetarchive.ipac.caltech.edu (exoplanetarchive.ipac.caltech.edu)|134.4.54.147|:80... connected.
HTTP request sent, awaiting response... 302 Found
Location: https://exoplanetarchive.ipac.caltech.edu/data/ETSS//Kepler/005/595/36/kplr002301669-2012277125453_llc_lc.tbl [following]
--2018-12-09 13:05:52--  https://exoplanetarchive.ipac.caltech.edu/data/ETSS//Kepler/005/595/36/kplr002301669-2012277125453_llc_lc.tbl
Connecting to exoplanetarchive.ipac.caltech.edu (exoplanetarchive.ipac.caltech.edu)|134.4.54.147|:443... connected.
HTTP request sent, awaiting response... 200 OK
Length: 1537563 (1,5M) [text/plain]
Saving to: 'kplr002301669-2012277125453_llc_lc.tbl'

     0K .......... .......... .......... .......... ..........  3% 42,7K 34s
    50K .......... .......... .......... .......... ..........  6% 85,1K 25s
   100K .......... .......... .......... .......... ..........  9%  257K 18s
   150K .......... .......... .......... .......... .......... 13%  129K 15s
   200K .......... .......... .......... .......... .......... 16%  129K 14s
   250K .......... .......... .......... .......... .......... 19%  257K 12s
   300K .......... .......... .......... .......... .......... 23%  236K 10s
   350K .......... .......... .......... .......... .......... 26%  273K 9s
   400K .......... .......... .......... .......... .......... 29%  255K 8s
   450K .......... .......... .......... .......... .......... 33%  257K 7s
   500K .......... .......... .......... .......... .......... 36%  257K 7s
   550K .......... .......... .......... .......... .......... 39%  254K 6s
   600K .......... .......... .......... .......... .......... 43%  257K 6s
   650K .......... .......... .......... .......... .......... 46% 7,20M 5s
   700K .......... .......... .......... .......... .......... 49%  263K 5s
   750K .......... .......... .......... .......... .......... 53%  265K 4s
   800K .......... .......... .......... .......... .......... 56%  253K 4s
   850K .......... .......... .......... .......... .......... 59%  128K 4s
   900K .......... .......... .......... .......... .......... 63% 18,4M 3s
   950K .......... .......... .......... .......... .......... 66% 79,5K 3s
  1000K .......... .......... .......... .......... .......... 69% 92,5K 3s
  1050K .......... .......... .......... .......... .......... 73%  127K 2s
  1100K .......... .......... .......... .......... .......... 76%  209K 2s
  1150K .......... .......... .......... .......... .......... 79%  254K 2s
  1200K .......... .......... .......... .......... .......... 83%  143K 2s
  1250K .......... .......... .......... .......... .......... 86%  251K 1s
  1300K .......... .......... .......... .......... .......... 89%  210K 1s
  1350K .......... .......... .......... .......... .......... 93%  245K 1s
  1400K .......... .......... .......... .......... .......... 96%  257K 0s
  1450K .......... .......... .......... .......... .......... 99%  259K 0s
  1500K .                                                     100% 9,93G=8,6s

2018-12-09 13:06:02 (174 KB/s) - 'kplr002301669-2012277125453_llc_lc.tbl' saved [1537563/1537563]

--2018-12-09 13:06:02--  http://exoplanetarchive.ipac.caltech.edu/data/ETSS//Kepler/005/612/05/kplr002301669-2013011073258_llc.fits
Resolving exoplanetarchive.ipac.caltech.edu (exoplanetarchive.ipac.caltech.edu)... 134.4.54.147
Connecting to exoplanetarchive.ipac.caltech.edu (exoplanetarchive.ipac.caltech.edu)|134.4.54.147|:80... connected.
HTTP request sent, awaiting response... 302 Found
Location: https://exoplanetarchive.ipac.caltech.edu/data/ETSS//Kepler/005/612/05/kplr002301669-2013011073258_llc.fits [following]
--2018-12-09 13:06:02--  https://exoplanetarchive.ipac.caltech.edu/data/ETSS//Kepler/005/612/05/kplr002301669-2013011073258_llc.fits
Connecting to exoplanetarchive.ipac.caltech.edu (exoplanetarchive.ipac.caltech.edu)|134.4.54.147|:443... connected.
HTTP request sent, awaiting response... 200 OK
Length: 506880 (495K) [image/x-fits]
Saving to: 'kplr002301669-2013011073258_llc.fits'

     0K .......... .......... .......... .......... .......... 10% 42,7K 10s
    50K .......... .......... .......... .......... .......... 20% 85,9K 7s
   100K .......... .......... .......... .......... .......... 30%  129K 5s
   150K .......... .......... .......... .......... .......... 40%  127K 4s
   200K .......... .......... .......... .......... .......... 50%  129K 3s
   250K .......... .......... .......... .......... .......... 60%  249K 2s
   300K .......... .......... .......... .......... .......... 70%  128K 1s
   350K .......... .......... .......... .......... .......... 80%  263K 1s
   400K .......... .......... .......... .......... .......... 90%  241K 0s
   450K .......... .......... .......... .......... .....     100%  231K=4,1s

2018-12-09 13:06:07 (120 KB/s) - 'kplr002301669-2013011073258_llc.fits' saved [506880/506880]

--2018-12-09 13:06:08--  http://exoplanetarchive.ipac.caltech.edu/data/ETSS//Kepler/005/628/52/kplr002301669-2013011073258_llc_lc.tbl
Resolving exoplanetarchive.ipac.caltech.edu (exoplanetarchive.ipac.caltech.edu)... 134.4.54.147
Connecting to exoplanetarchive.ipac.caltech.edu (exoplanetarchive.ipac.caltech.edu)|134.4.54.147|:80... connected.
HTTP request sent, awaiting response... 302 Found
Location: https://exoplanetarchive.ipac.caltech.edu/data/ETSS//Kepler/005/628/52/kplr002301669-2013011073258_llc_lc.tbl [following]
--2018-12-09 13:06:08--  https://exoplanetarchive.ipac.caltech.edu/data/ETSS//Kepler/005/628/52/kplr002301669-2013011073258_llc_lc.tbl
Connecting to exoplanetarchive.ipac.caltech.edu (exoplanetarchive.ipac.caltech.edu)|134.4.54.147|:443... connected.
HTTP request sent, awaiting response... 200 OK
Length: 1544984 (1,5M) [text/plain]
Saving to: 'kplr002301669-2013011073258_llc_lc.tbl'

     0K .......... .......... .......... .......... ..........  3% 42,9K 34s
    50K .......... .......... .......... .......... ..........  6% 85,5K 25s
   100K .......... .......... .......... .......... ..........  9% 64,2K 23s
   150K .......... .......... .......... .......... .......... 13% 65,0K 22s
   200K .......... .......... .......... .......... .......... 16%  124K 19s
   250K .......... .......... .......... .......... .......... 19% 85,1K 17s
   300K .......... .......... .......... .......... .......... 23% 82,9K 16s
   350K .......... .......... .......... .......... .......... 26% 86,0K 15s
   400K .......... .......... .......... .......... .......... 29% 85,8K 14s
   450K .......... .......... .......... .......... .......... 33% 85,9K 13s
   500K .......... .......... .......... .......... .......... 36%  126K 12s
   550K .......... .......... .......... .......... .......... 39% 85,2K 12s
   600K .......... .......... .......... .......... .......... 43%  129K 11s
   650K .......... .......... .......... .......... .......... 46%  128K 10s
   700K .......... .......... .......... .......... .......... 49% 86,2K 9s
   750K .......... .......... .......... .......... .......... 53% 40,8K 9s
   800K .......... .......... .......... .......... .......... 56% 42,8K 9s
   850K .......... .......... .......... .......... .......... 59% 84,7K 8s
   900K .......... .......... .......... .......... .......... 62% 85,6K 7s
   950K .......... .......... .......... .......... .......... 66% 86,4K 7s
  1000K .......... .......... .......... .......... .......... 69% 86,3K 6s
  1050K .......... .......... .......... .......... .......... 72% 43,0K 6s
  1100K .......... .......... .......... .......... .......... 76% 43,0K 5s
  1150K .......... .......... .......... .......... .......... 79% 51,2K 4s
  1200K .......... .......... .......... .......... .......... 82% 42,9K 4s
  1250K .......... .......... .......... .......... .......... 86% 51,4K 3s
  1300K .......... .......... .......... .......... .......... 89% 63,7K 2s
  1350K .......... .......... .......... .......... .......... 92% 64,2K 2s
  1400K .......... .......... .......... .......... .......... 96% 28,6K 1s
  1450K .......... .......... .......... .......... .......... 99% 51,6K 0s
  1500K ........                                              100% 45,9K=24s

2018-12-09 13:06:33 (63,9 KB/s) - 'kplr002301669-2013011073258_llc_lc.tbl' saved [1544984/1544984]

--2018-12-09 13:06:33--  http://exoplanetarchive.ipac.caltech.edu/data/ETSS//Kepler/005/645/00/kplr002301669-2013098041711_llc.fits
Resolving exoplanetarchive.ipac.caltech.edu (exoplanetarchive.ipac.caltech.edu)... 134.4.54.147
Connecting to exoplanetarchive.ipac.caltech.edu (exoplanetarchive.ipac.caltech.edu)|134.4.54.147|:80... connected.
HTTP request sent, awaiting response... 302 Found
Location: https://exoplanetarchive.ipac.caltech.edu/data/ETSS//Kepler/005/645/00/kplr002301669-2013098041711_llc.fits [following]
--2018-12-09 13:06:33--  https://exoplanetarchive.ipac.caltech.edu/data/ETSS//Kepler/005/645/00/kplr002301669-2013098041711_llc.fits
Connecting to exoplanetarchive.ipac.caltech.edu (exoplanetarchive.ipac.caltech.edu)|134.4.54.147|:443... connected.
HTTP request sent, awaiting response... 200 OK
Length: 449280 (439K) [image/x-fits]
Saving to: 'kplr002301669-2013098041711_llc.fits'

     0K .......... .......... .......... .......... .......... 11% 42,7K 9s
    50K .......... .......... .......... .......... .......... 22%  129K 5s
   100K .......... .......... .......... .......... .......... 34%  129K 4s
   150K .......... .......... .......... .......... .......... 45%  244K 3s
   200K .......... .......... .......... .......... .......... 56%  129K 2s
   250K .......... .......... .......... .......... .......... 68%  131K 1s
   300K .......... .......... .......... .......... .......... 79%  258K 1s
   350K .......... .......... .......... .......... .......... 91%  258K 0s
   400K .......... .......... .......... ........             100% 4,16M=3,3s

2018-12-09 13:06:38 (132 KB/s) - 'kplr002301669-2013098041711_llc.fits' saved [449280/449280]

--2018-12-09 13:06:38--  http://exoplanetarchive.ipac.caltech.edu/data/ETSS//Kepler/005/661/75/kplr002301669-2013098041711_llc_lc.tbl
Resolving exoplanetarchive.ipac.caltech.edu (exoplanetarchive.ipac.caltech.edu)... 134.4.54.147
Connecting to exoplanetarchive.ipac.caltech.edu (exoplanetarchive.ipac.caltech.edu)|134.4.54.147|:80... connected.
HTTP request sent, awaiting response... 302 Found
Location: https://exoplanetarchive.ipac.caltech.edu/data/ETSS//Kepler/005/661/75/kplr002301669-2013098041711_llc_lc.tbl [following]
--2018-12-09 13:06:38--  https://exoplanetarchive.ipac.caltech.edu/data/ETSS//Kepler/005/661/75/kplr002301669-2013098041711_llc_lc.tbl
Connecting to exoplanetarchive.ipac.caltech.edu (exoplanetarchive.ipac.caltech.edu)|134.4.54.147|:443... connected.
HTTP request sent, awaiting response... 200 OK
Length: 1359174 (1,3M) [text/plain]
Saving to: 'kplr002301669-2013098041711_llc_lc.tbl'

     0K .......... .......... .......... .......... ..........  3% 42,8K 30s
    50K .......... .......... .......... .......... ..........  7% 86,3K 21s
   100K .......... .......... .......... .......... .......... 11%  214K 16s
   150K .......... .......... .......... .......... .......... 15%  139K 13s
   200K .......... .......... .......... .......... .......... 18%  130K 12s
   250K .......... .......... .......... .......... .......... 22%  254K 10s
   300K .......... .......... .......... .......... .......... 26%  228K 9s
   350K .......... .......... .......... .......... .......... 30%  253K 8s
   400K .......... .......... .......... .......... .......... 33%  139K 7s
   450K .......... .......... .......... .......... .......... 37%  257K 6s
   500K .......... .......... .......... .......... .......... 41%  250K 6s
   550K .......... .......... .......... .......... .......... 45% 2,00M 5s
   600K .......... .......... .......... .......... .......... 48%  256K 4s
   650K .......... .......... .......... .......... .......... 52%  298K 4s
   700K .......... .......... .......... .......... .......... 56%  259K 4s
   750K .......... .......... .......... .......... .......... 60%  260K 3s
   800K .......... .......... .......... .......... .......... 64% 8,42M 3s
   850K .......... .......... .......... .......... .......... 67%  254K 2s
   900K .......... .......... .......... .......... .......... 71%  260K 2s
   950K .......... .......... .......... .......... .......... 75%  259K 2s
  1000K .......... .......... .......... .......... .......... 79% 9,25M 1s
  1050K .......... .......... .......... .......... .......... 82%  263K 1s
  1100K .......... .......... .......... .......... .......... 86%  261K 1s
  1150K .......... .......... .......... .......... .......... 90% 7,02M 1s
  1200K .......... .......... .......... .......... .......... 94%  264K 0s
  1250K .......... .......... .......... .......... .......... 97% 5,05M 0s
  1300K .......... .......... .......                         100% 11,8M=6,1s

2018-12-09 13:06:45 (219 KB/s) - 'kplr002301669-2013098041711_llc_lc.tbl' saved [1359174/1359174]

--2018-12-09 13:06:45--  http://exoplanetarchive.ipac.caltech.edu/data/ETSS//Kepler/005/678/51/kplr002301669-2013131215648_llc.fits
Resolving exoplanetarchive.ipac.caltech.edu (exoplanetarchive.ipac.caltech.edu)... 134.4.54.147
Connecting to exoplanetarchive.ipac.caltech.edu (exoplanetarchive.ipac.caltech.edu)|134.4.54.147|:80... connected.
HTTP request sent, awaiting response... 302 Found
Location: https://exoplanetarchive.ipac.caltech.edu/data/ETSS//Kepler/005/678/51/kplr002301669-2013131215648_llc.fits [following]
--2018-12-09 13:06:46--  https://exoplanetarchive.ipac.caltech.edu/data/ETSS//Kepler/005/678/51/kplr002301669-2013131215648_llc.fits
Connecting to exoplanetarchive.ipac.caltech.edu (exoplanetarchive.ipac.caltech.edu)|134.4.54.147|:443... connected.
HTTP request sent, awaiting response... 200 OK
Length: 187200 (183K) [image/x-fits]
Saving to: 'kplr002301669-2013131215648_llc.fits'

     0K .......... .......... .......... .......... .......... 27% 43,2K 3s
    50K .......... .......... .......... .......... .......... 54% 86,0K 1s
   100K .......... .......... .......... .......... .......... 82%  129K 0s
   150K .......... .......... .......... ..                   100% 4,90M=2,1s

2018-12-09 13:06:49 (85,8 KB/s) - 'kplr002301669-2013131215648_llc.fits' saved [187200/187200]

--2018-12-09 13:06:49--  http://exoplanetarchive.ipac.caltech.edu/data/ETSS//Kepler/005/695/27/kplr002301669-2013131215648_llc_lc.tbl
Resolving exoplanetarchive.ipac.caltech.edu (exoplanetarchive.ipac.caltech.edu)... 134.4.54.147
Connecting to exoplanetarchive.ipac.caltech.edu (exoplanetarchive.ipac.caltech.edu)|134.4.54.147|:80... connected.
HTTP request sent, awaiting response... 302 Found
Location: https://exoplanetarchive.ipac.caltech.edu/data/ETSS//Kepler/005/695/27/kplr002301669-2013131215648_llc_lc.tbl [following]
--2018-12-09 13:06:49--  https://exoplanetarchive.ipac.caltech.edu/data/ETSS//Kepler/005/695/27/kplr002301669-2013131215648_llc_lc.tbl
Connecting to exoplanetarchive.ipac.caltech.edu (exoplanetarchive.ipac.caltech.edu)|134.4.54.147|:443... connected.
HTTP request sent, awaiting response... 200 OK
Length: 506677 (495K) [text/plain]
Saving to: 'kplr002301669-2013131215648_llc_lc.tbl'

     0K .......... .......... .......... .......... .......... 10% 42,5K 10s
    50K .......... .......... .......... .......... .......... 20% 84,7K 7s
   100K .......... .......... .......... .......... .......... 30%  128K 5s
   150K .......... .......... .......... .......... .......... 40%  129K 4s
   200K .......... .......... .......... .......... .......... 50%  126K 3s
   250K .......... .......... .......... .......... .......... 60%  255K 2s
   300K .......... .......... .......... .......... .......... 70%  129K 1s
   350K .......... .......... .......... .......... .......... 80%  251K 1s
   400K .......... .......... .......... .......... .......... 90%  247K 0s
   450K .......... .......... .......... .......... ....      100%  237K=4,1s

2018-12-09 13:06:55 (120 KB/s) - 'kplr002301669-2013131215648_llc_lc.tbl' saved [506677/506677]

