--2018-12-09 13:01:23--  http://exoplanetarchive.ipac.caltech.edu/data/ETSS//Kepler/005/137/37/kplr002159449-2009131105131_llc.fits
Resolving exoplanetarchive.ipac.caltech.edu (exoplanetarchive.ipac.caltech.edu)... 134.4.54.147
Connecting to exoplanetarchive.ipac.caltech.edu (exoplanetarchive.ipac.caltech.edu)|134.4.54.147|:80... connected.
HTTP request sent, awaiting response... 302 Found
Location: https://exoplanetarchive.ipac.caltech.edu/data/ETSS//Kepler/005/137/37/kplr002159449-2009131105131_llc.fits [following]
--2018-12-09 13:01:42--  https://exoplanetarchive.ipac.caltech.edu/data/ETSS//Kepler/005/137/37/kplr002159449-2009131105131_llc.fits
Connecting to exoplanetarchive.ipac.caltech.edu (exoplanetarchive.ipac.caltech.edu)|134.4.54.147|:443... connected.
HTTP request sent, awaiting response... 200 OK
Length: 77760 (76K) [image/x-fits]
Saving to: 'kplr002159449-2009131105131_llc.fits'

     0K .......... .......... .......... .......... .......... 65% 43,0K 1s
    50K .......... .......... .....                           100%  134K=1,4s

2018-12-09 13:01:44 (56,0 KB/s) - 'kplr002159449-2009131105131_llc.fits' saved [77760/77760]

--2018-12-09 13:01:44--  http://exoplanetarchive.ipac.caltech.edu/data/ETSS//Kepler/005/142/62/kplr002159449-2009131105131_llc_lc.tbl
Resolving exoplanetarchive.ipac.caltech.edu (exoplanetarchive.ipac.caltech.edu)... 134.4.54.147
Connecting to exoplanetarchive.ipac.caltech.edu (exoplanetarchive.ipac.caltech.edu)|134.4.54.147|:80... connected.
HTTP request sent, awaiting response... 302 Found
Location: https://exoplanetarchive.ipac.caltech.edu/data/ETSS//Kepler/005/142/62/kplr002159449-2009131105131_llc_lc.tbl [following]
--2018-12-09 13:01:45--  https://exoplanetarchive.ipac.caltech.edu/data/ETSS//Kepler/005/142/62/kplr002159449-2009131105131_llc_lc.tbl
Connecting to exoplanetarchive.ipac.caltech.edu (exoplanetarchive.ipac.caltech.edu)|134.4.54.147|:443... connected.
HTTP request sent, awaiting response... 200 OK
Length: 158887 (155K) [text/plain]
Saving to: 'kplr002159449-2009131105131_llc_lc.tbl'

     0K .......... .......... .......... .......... .......... 32% 43,2K 2s
    50K .......... .......... .......... .......... .......... 64% 86,0K 1s
   100K .......... .......... .......... .......... .......... 96%  131K 0s
   150K .....                                                 100% 16,0M=2,1s

2018-12-09 13:01:48 (73,2 KB/s) - 'kplr002159449-2009131105131_llc_lc.tbl' saved [158887/158887]

--2018-12-09 13:01:48--  http://exoplanetarchive.ipac.caltech.edu/data/ETSS//Kepler/005/147/96/kplr002159449-2009166043257_llc.fits
Resolving exoplanetarchive.ipac.caltech.edu (exoplanetarchive.ipac.caltech.edu)... 134.4.54.147
Connecting to exoplanetarchive.ipac.caltech.edu (exoplanetarchive.ipac.caltech.edu)|134.4.54.147|:80... connected.
HTTP request sent, awaiting response... 302 Found
Location: https://exoplanetarchive.ipac.caltech.edu/data/ETSS//Kepler/005/147/96/kplr002159449-2009166043257_llc.fits [following]
--2018-12-09 13:01:48--  https://exoplanetarchive.ipac.caltech.edu/data/ETSS//Kepler/005/147/96/kplr002159449-2009166043257_llc.fits
Connecting to exoplanetarchive.ipac.caltech.edu (exoplanetarchive.ipac.caltech.edu)|134.4.54.147|:443... connected.
HTTP request sent, awaiting response... 200 OK
Length: 192960 (188K) [image/x-fits]
Saving to: 'kplr002159449-2009166043257_llc.fits'

     0K .......... .......... .......... .......... .......... 26% 42,9K 3s
    50K .......... .......... .......... .......... .......... 53%  129K 1s
   100K .......... .......... .......... .......... .......... 79% 86,6K 1s
   150K .......... .......... .......... ........             100%  196K=2,3s

2018-12-09 13:01:51 (81,0 KB/s) - 'kplr002159449-2009166043257_llc.fits' saved [192960/192960]

--2018-12-09 13:01:52--  http://exoplanetarchive.ipac.caltech.edu/data/ETSS//Kepler/005/163/58/kplr002159449-2009166043257_llc_lc.tbl
Resolving exoplanetarchive.ipac.caltech.edu (exoplanetarchive.ipac.caltech.edu)... 134.4.54.147
Connecting to exoplanetarchive.ipac.caltech.edu (exoplanetarchive.ipac.caltech.edu)|134.4.54.147|:80... connected.
HTTP request sent, awaiting response... 302 Found
Location: https://exoplanetarchive.ipac.caltech.edu/data/ETSS//Kepler/005/163/58/kplr002159449-2009166043257_llc_lc.tbl [following]
--2018-12-09 13:01:52--  https://exoplanetarchive.ipac.caltech.edu/data/ETSS//Kepler/005/163/58/kplr002159449-2009166043257_llc_lc.tbl
Connecting to exoplanetarchive.ipac.caltech.edu (exoplanetarchive.ipac.caltech.edu)|134.4.54.147|:443... connected.
HTTP request sent, awaiting response... 200 OK
Length: 533375 (521K) [text/plain]
Saving to: 'kplr002159449-2009166043257_llc_lc.tbl'

     0K .......... .......... .......... .......... ..........  9% 42,8K 11s
    50K .......... .......... .......... .......... .......... 19% 85,4K 7s
   100K .......... .......... .......... .......... .......... 28%  125K 5s
   150K .......... .......... .......... .......... .......... 38%  125K 4s
   200K .......... .......... .......... .......... .......... 47%  252K 3s
   250K .......... .......... .......... .......... .......... 57%  139K 2s
   300K .......... .......... .......... .......... .......... 67%  226K 2s
   350K .......... .......... .......... .......... .......... 76%  248K 1s
   400K .......... .......... .......... .......... .......... 86%  140K 1s
   450K .......... .......... .......... .......... .......... 95% 1,38M 0s
   500K .......... ..........                                 100%  130K=4,1s

2018-12-09 13:01:57 (127 KB/s) - 'kplr002159449-2009166043257_llc_lc.tbl' saved [533375/533375]

--2018-12-09 13:01:57--  http://exoplanetarchive.ipac.caltech.edu/data/ETSS//Kepler/005/212/48/kplr002159449-2009259160929_llc.fits
Resolving exoplanetarchive.ipac.caltech.edu (exoplanetarchive.ipac.caltech.edu)... 134.4.54.147
Connecting to exoplanetarchive.ipac.caltech.edu (exoplanetarchive.ipac.caltech.edu)|134.4.54.147|:80... connected.
HTTP request sent, awaiting response... 302 Found
Location: https://exoplanetarchive.ipac.caltech.edu/data/ETSS//Kepler/005/212/48/kplr002159449-2009259160929_llc.fits [following]
--2018-12-09 13:01:58--  https://exoplanetarchive.ipac.caltech.edu/data/ETSS//Kepler/005/212/48/kplr002159449-2009259160929_llc.fits
Connecting to exoplanetarchive.ipac.caltech.edu (exoplanetarchive.ipac.caltech.edu)|134.4.54.147|:443... connected.
HTTP request sent, awaiting response... 200 OK
Length: 466560 (456K) [image/x-fits]
Saving to: 'kplr002159449-2009259160929_llc.fits'

     0K .......... .......... .......... .......... .......... 10% 42,3K 10s
    50K .......... .......... .......... .......... .......... 21% 85,6K 6s
   100K .......... .......... .......... .......... .......... 32%  128K 4s
   150K .......... .......... .......... .......... .......... 43%  239K 3s
   200K .......... .......... .......... .......... .......... 54%  114K 2s
   250K .......... .......... .......... .......... .......... 65%  337K 2s
   300K .......... .......... .......... .......... .......... 76%  254K 1s
   350K .......... .......... .......... .......... .......... 87%  256K 0s
   400K .......... .......... .......... .......... .......... 98%  252K 0s
   450K .....                                                 100% 36,6G=3,5s

2018-12-09 13:02:02 (129 KB/s) - 'kplr002159449-2009259160929_llc.fits' saved [466560/466560]

--2018-12-09 13:02:02--  http://exoplanetarchive.ipac.caltech.edu/data/ETSS//Kepler/005/229/11/kplr002159449-2009259160929_llc_lc.tbl
Resolving exoplanetarchive.ipac.caltech.edu (exoplanetarchive.ipac.caltech.edu)... 134.4.54.147
Connecting to exoplanetarchive.ipac.caltech.edu (exoplanetarchive.ipac.caltech.edu)|134.4.54.147|:80... connected.
HTTP request sent, awaiting response... 302 Found
Location: https://exoplanetarchive.ipac.caltech.edu/data/ETSS//Kepler/005/229/11/kplr002159449-2009259160929_llc_lc.tbl [following]
--2018-12-09 13:02:03--  https://exoplanetarchive.ipac.caltech.edu/data/ETSS//Kepler/005/229/11/kplr002159449-2009259160929_llc_lc.tbl
Connecting to exoplanetarchive.ipac.caltech.edu (exoplanetarchive.ipac.caltech.edu)|134.4.54.147|:443... connected.
HTTP request sent, awaiting response... 200 OK
Length: 1407657 (1,3M) [text/plain]
Saving to: 'kplr002159449-2009259160929_llc_lc.tbl'

     0K .......... .......... .......... .......... ..........  3% 43,2K 31s
    50K .......... .......... .......... .......... ..........  7%  129K 20s
   100K .......... .......... .......... .......... .......... 10%  128K 16s
   150K .......... .......... .......... .......... .......... 14%  248K 13s
   200K .......... .......... .......... .......... .......... 18%  253K 10s
   250K .......... .......... .......... .......... .......... 21%  131K 10s
   300K .......... .......... .......... .......... .......... 25%  256K 9s
   350K .......... .......... .......... .......... .......... 29%  259K 8s
   400K .......... .......... .......... .......... .......... 32%  253K 7s
   450K .......... .......... .......... .......... .......... 36% 2,57M 6s
   500K .......... .......... .......... .......... .......... 40%  259K 5s
   550K .......... .......... .......... .......... .......... 43%  258K 5s
   600K .......... .......... .......... .......... .......... 47%  287K 4s
   650K .......... .......... .......... .......... .......... 50% 1,95M 4s
   700K .......... .......... .......... .......... .......... 54%  261K 3s
   750K .......... .......... .......... .......... .......... 58%  284K 3s
   800K .......... .......... .......... .......... .......... 61% 2,15M 3s
   850K .......... .......... .......... .......... .......... 65%  288K 2s
   900K .......... .......... .......... .......... .......... 69% 1,99M 2s
   950K .......... .......... .......... .......... .......... 72%  291K 2s
  1000K .......... .......... .......... .......... .......... 76% 1,78M 1s
  1050K .......... .......... .......... .......... .......... 80%  298K 1s
  1100K .......... .......... .......... .......... .......... 83% 1,62M 1s
  1150K .......... .......... .......... .......... .......... 87% 12,3M 1s
  1200K .......... .......... .......... .......... .......... 90%  261K 1s
  1250K .......... .......... .......... .......... .......... 94% 9,02M 0s
  1300K .......... .......... .......... .......... .......... 98%  305K 0s
  1350K .......... .......... ....                            100% 24,3M=5,3s

2018-12-09 13:02:09 (262 KB/s) - 'kplr002159449-2009259160929_llc_lc.tbl' saved [1407657/1407657]

--2018-12-09 13:02:09--  http://exoplanetarchive.ipac.caltech.edu/data/ETSS//Kepler/005/245/75/kplr002159449-2009350155506_llc.fits
Resolving exoplanetarchive.ipac.caltech.edu (exoplanetarchive.ipac.caltech.edu)... 134.4.54.147
Connecting to exoplanetarchive.ipac.caltech.edu (exoplanetarchive.ipac.caltech.edu)|134.4.54.147|:80... connected.
HTTP request sent, awaiting response... 302 Found
Location: https://exoplanetarchive.ipac.caltech.edu/data/ETSS//Kepler/005/245/75/kplr002159449-2009350155506_llc.fits [following]
--2018-12-09 13:02:10--  https://exoplanetarchive.ipac.caltech.edu/data/ETSS//Kepler/005/245/75/kplr002159449-2009350155506_llc.fits
Connecting to exoplanetarchive.ipac.caltech.edu (exoplanetarchive.ipac.caltech.edu)|134.4.54.147|:443... connected.
HTTP request sent, awaiting response... 200 OK
Length: 466560 (456K) [image/x-fits]
Saving to: 'kplr002159449-2009350155506_llc.fits'

     0K .......... .......... .......... .......... .......... 10% 42,7K 9s
    50K .......... .......... .......... .......... .......... 21% 86,5K 6s
   100K .......... .......... .......... .......... .......... 32%  128K 4s
   150K .......... .......... .......... .......... .......... 43%  253K 3s
   200K .......... .......... .......... .......... .......... 54%  128K 2s
   250K .......... .......... .......... .......... .......... 65%  250K 2s
   300K .......... .......... .......... .......... .......... 76%  130K 1s
   350K .......... .......... .......... .......... .......... 87%  197K 0s
   400K .......... .......... .......... .......... .......... 98%  150K 0s
   450K .....                                                 100% 36,6G=3,9s

2018-12-09 13:02:15 (117 KB/s) - 'kplr002159449-2009350155506_llc.fits' saved [466560/466560]

--2018-12-09 13:02:15--  http://exoplanetarchive.ipac.caltech.edu/data/ETSS//Kepler/005/262/31/kplr002159449-2009350155506_llc_lc.tbl
Resolving exoplanetarchive.ipac.caltech.edu (exoplanetarchive.ipac.caltech.edu)... 134.4.54.147
Connecting to exoplanetarchive.ipac.caltech.edu (exoplanetarchive.ipac.caltech.edu)|134.4.54.147|:80... connected.
HTTP request sent, awaiting response... 302 Found
Location: https://exoplanetarchive.ipac.caltech.edu/data/ETSS//Kepler/005/262/31/kplr002159449-2009350155506_llc_lc.tbl [following]
--2018-12-09 13:02:15--  https://exoplanetarchive.ipac.caltech.edu/data/ETSS//Kepler/005/262/31/kplr002159449-2009350155506_llc_lc.tbl
Connecting to exoplanetarchive.ipac.caltech.edu (exoplanetarchive.ipac.caltech.edu)|134.4.54.147|:443... connected.
HTTP request sent, awaiting response... 200 OK
Length: 1412806 (1,3M) [text/plain]
Saving to: 'kplr002159449-2009350155506_llc_lc.tbl'

     0K .......... .......... .......... .......... ..........  3% 42,7K 31s
    50K .......... .......... .......... .......... ..........  7% 84,4K 23s
   100K .......... .......... .......... .......... .......... 10% 42,7K 24s
   150K .......... .......... .......... .......... .......... 14% 50,9K 23s
   200K .......... .......... .......... .......... .......... 18% 63,3K 21s
   250K .......... .......... .......... .......... .......... 21% 63,1K 20s
   300K .......... .......... .......... .......... .......... 25% 64,5K 18s
   350K .......... .......... .......... .......... .......... 28% 64,3K 17s
   400K .......... .......... .......... .......... .......... 32% 51,5K 17s
   450K .......... .......... .......... .......... .......... 36% 82,5K 15s
   500K .......... .......... .......... .......... .......... 39% 85,5K 14s
   550K .......... .......... .......... .......... .......... 43% 84,4K 13s
   600K .......... .......... .......... .......... .......... 47% 84,2K 12s
   650K .......... .......... .......... .......... .......... 50% 85,8K 11s
   700K .......... .......... .......... .......... .......... 54% 83,6K 10s
   750K .......... .......... .......... .......... .......... 57% 85,7K 9s
   800K .......... .......... .......... .......... .......... 61% 64,1K 8s
   850K .......... .......... .......... .......... .......... 65% 83,7K 7s
   900K .......... .......... .......... .......... .......... 68% 85,4K 6s
   950K .......... .......... .......... .......... .......... 72%  129K 6s
  1000K .......... .......... .......... .......... .......... 76% 85,8K 5s
  1050K .......... .......... .......... .......... .......... 79%  129K 4s
  1100K .......... .......... .......... .......... .......... 83% 85,7K 3s
  1150K .......... .......... .......... .......... .......... 86%  128K 2s
  1200K .......... .......... .......... .......... .......... 90% 84,6K 2s
  1250K .......... .......... .......... .......... .......... 94%  127K 1s
  1300K .......... .......... .......... .......... .......... 97% 85,8K 0s
  1350K .......... .......... .........                       100%  149K=18s

2018-12-09 13:02:35 (75,7 KB/s) - 'kplr002159449-2009350155506_llc_lc.tbl' saved [1412806/1412806]

--2018-12-09 13:02:35--  http://exoplanetarchive.ipac.caltech.edu/data/ETSS//Kepler/005/345/02/kplr002159449-2010078095331_llc.fits
Resolving exoplanetarchive.ipac.caltech.edu (exoplanetarchive.ipac.caltech.edu)... 134.4.54.147
Connecting to exoplanetarchive.ipac.caltech.edu (exoplanetarchive.ipac.caltech.edu)|134.4.54.147|:80... connected.
HTTP request sent, awaiting response... 302 Found
Location: https://exoplanetarchive.ipac.caltech.edu/data/ETSS//Kepler/005/345/02/kplr002159449-2010078095331_llc.fits [following]
--2018-12-09 13:02:35--  https://exoplanetarchive.ipac.caltech.edu/data/ETSS//Kepler/005/345/02/kplr002159449-2010078095331_llc.fits
Connecting to exoplanetarchive.ipac.caltech.edu (exoplanetarchive.ipac.caltech.edu)|134.4.54.147|:443... connected.
HTTP request sent, awaiting response... 200 OK
Length: 469440 (458K) [image/x-fits]
Saving to: 'kplr002159449-2010078095331_llc.fits'

     0K .......... .......... .......... .......... .......... 10% 42,5K 10s
    50K .......... .......... .......... .......... .......... 21%  127K 6s
   100K .......... .......... .......... .......... .......... 32%  127K 4s
   150K .......... .......... .......... .......... .......... 43%  129K 3s
   200K .......... .......... .......... .......... .......... 54%  248K 2s
   250K .......... .......... .......... .......... .......... 65%  128K 2s
   300K .......... .......... .......... .......... .......... 76%  249K 1s
   350K .......... .......... .......... .......... .......... 87%  256K 0s
   400K .......... .......... .......... .......... .......... 98%  130K 0s
   450K ........                                              100% 19,3M=3,7s

2018-12-09 13:02:40 (123 KB/s) - 'kplr002159449-2010078095331_llc.fits' saved [469440/469440]

--2018-12-09 13:02:40--  http://exoplanetarchive.ipac.caltech.edu/data/ETSS//Kepler/005/362/01/kplr002159449-2010078095331_llc_lc.tbl
Resolving exoplanetarchive.ipac.caltech.edu (exoplanetarchive.ipac.caltech.edu)... 134.4.54.147
Connecting to exoplanetarchive.ipac.caltech.edu (exoplanetarchive.ipac.caltech.edu)|134.4.54.147|:80... connected.
HTTP request sent, awaiting response... 302 Found
Location: https://exoplanetarchive.ipac.caltech.edu/data/ETSS//Kepler/005/362/01/kplr002159449-2010078095331_llc_lc.tbl [following]
--2018-12-09 13:02:40--  https://exoplanetarchive.ipac.caltech.edu/data/ETSS//Kepler/005/362/01/kplr002159449-2010078095331_llc_lc.tbl
Connecting to exoplanetarchive.ipac.caltech.edu (exoplanetarchive.ipac.caltech.edu)|134.4.54.147|:443... connected.
HTTP request sent, awaiting response... 200 OK
Length: 1421498 (1,4M) [text/plain]
Saving to: 'kplr002159449-2010078095331_llc_lc.tbl'

     0K .......... .......... .......... .......... ..........  3% 42,6K 31s
    50K .......... .......... .......... .......... ..........  7% 85,7K 23s
   100K .......... .......... .......... .......... .......... 10%  129K 18s
   150K .......... .......... .......... .......... .......... 14%  253K 14s
   200K .......... .......... .......... .......... .......... 18%  127K 12s
   250K .......... .......... .......... .......... .......... 21%  254K 11s
   300K .......... .......... .......... .......... .......... 25%  128K 10s
   350K .......... .......... .......... .......... .......... 28%  127K 9s
   400K .......... .......... .......... .......... .......... 32%  245K 8s
   450K .......... .......... .......... .......... .......... 36%  254K 7s
   500K .......... .......... .......... .......... .......... 39%  253K 7s
   550K .......... .......... .......... .......... .......... 43%  251K 6s
   600K .......... .......... .......... .......... .......... 46%  265K 5s
   650K .......... .......... .......... .......... .......... 50%  260K 5s
   700K .......... .......... .......... .......... .......... 54%  130K 4s
   750K .......... .......... .......... .......... .......... 57%  258K 4s
   800K .......... .......... .......... .......... .......... 61% 63,0K 4s
   850K .......... .......... .......... .......... .......... 64% 87,4K 4s
   900K .......... .......... .......... .......... .......... 68%  246K 3s
   950K .......... .......... .......... .......... .......... 72%  128K 3s
  1000K .......... .......... .......... .......... .......... 75%  256K 2s
  1050K .......... .......... .......... .......... .......... 79%  126K 2s
  1100K .......... .......... .......... .......... .......... 82% 84,7K 2s
  1150K .......... .......... .......... .......... .......... 86% 88,0K 1s
  1200K .......... .......... .......... .......... .......... 90%  123K 1s
  1250K .......... .......... .......... .......... .......... 93%  129K 1s
  1300K .......... .......... .......... .......... .......... 97%  135K 0s
  1350K .......... .......... .......... ........             100%  182K=11s

2018-12-09 13:02:52 (132 KB/s) - 'kplr002159449-2010078095331_llc_lc.tbl' saved [1421498/1421498]

--2018-12-09 13:02:52--  http://exoplanetarchive.ipac.caltech.edu/data/ETSS//Kepler/005/179/21/kplr002159449-2010174085026_llc.fits
Resolving exoplanetarchive.ipac.caltech.edu (exoplanetarchive.ipac.caltech.edu)... 134.4.54.147
Connecting to exoplanetarchive.ipac.caltech.edu (exoplanetarchive.ipac.caltech.edu)|134.4.54.147|:80... connected.
HTTP request sent, awaiting response... 302 Found
Location: https://exoplanetarchive.ipac.caltech.edu/data/ETSS//Kepler/005/179/21/kplr002159449-2010174085026_llc.fits [following]
--2018-12-09 13:02:52--  https://exoplanetarchive.ipac.caltech.edu/data/ETSS//Kepler/005/179/21/kplr002159449-2010174085026_llc.fits
Connecting to exoplanetarchive.ipac.caltech.edu (exoplanetarchive.ipac.caltech.edu)|134.4.54.147|:443... connected.
HTTP request sent, awaiting response... 200 OK
Length: 492480 (481K) [image/x-fits]
Saving to: 'kplr002159449-2010174085026_llc.fits'

     0K .......... .......... .......... .......... .......... 10% 35,4K 12s
    50K .......... .......... .......... .......... .......... 20% 37,9K 10s
   100K .......... .......... .......... .......... .......... 31% 50,5K 8s
   150K .......... .......... .......... .......... .......... 41% 62,0K 6s
   200K .......... .......... .......... .......... .......... 51% 64,2K 5s
   250K .......... .......... .......... .......... .......... 62% 67,5K 4s
   300K .......... .......... .......... .......... .......... 72% 82,5K 2s
   350K .......... .......... .......... .......... .......... 83% 85,6K 1s
   400K .......... .......... .......... .......... .......... 93% 64,4K 1s
   450K .......... .......... ..........                      100%  157K=8,2s

2018-12-09 13:03:02 (58,6 KB/s) - 'kplr002159449-2010174085026_llc.fits' saved [492480/492480]

--2018-12-09 13:03:02--  http://exoplanetarchive.ipac.caltech.edu/data/ETSS//Kepler/005/195/85/kplr002159449-2010174085026_llc_lc.tbl
Resolving exoplanetarchive.ipac.caltech.edu (exoplanetarchive.ipac.caltech.edu)... 134.4.54.147
Connecting to exoplanetarchive.ipac.caltech.edu (exoplanetarchive.ipac.caltech.edu)|134.4.54.147|:80... connected.
HTTP request sent, awaiting response... 302 Found
Location: https://exoplanetarchive.ipac.caltech.edu/data/ETSS//Kepler/005/195/85/kplr002159449-2010174085026_llc_lc.tbl [following]
--2018-12-09 13:03:02--  https://exoplanetarchive.ipac.caltech.edu/data/ETSS//Kepler/005/195/85/kplr002159449-2010174085026_llc_lc.tbl
Connecting to exoplanetarchive.ipac.caltech.edu (exoplanetarchive.ipac.caltech.edu)|134.4.54.147|:443... connected.
HTTP request sent, awaiting response... 200 OK
Length: 1497816 (1,4M) [text/plain]
Saving to: 'kplr002159449-2010174085026_llc_lc.tbl'

     0K .......... .......... .......... .......... ..........  3% 21,0K 67s
    50K .......... .......... .......... .......... ..........  6% 42,5K 48s
   100K .......... .......... .......... .......... .......... 10% 42,8K 41s
   150K .......... .......... .......... .......... .......... 13% 64,2K 35s
   200K .......... .......... .......... .......... .......... 17% 51,0K 31s
   250K .......... .......... .......... .......... .......... 20% 64,7K 28s
   300K .......... .......... .......... .......... .......... 23% 64,9K 26s
   350K .......... .......... .......... .......... .......... 27% 63,8K 23s
   400K .......... .......... .......... .......... .......... 30% 50,8K 22s
   450K .......... .......... .......... .......... .......... 34% 84,1K 20s
   500K .......... .......... .......... .......... .......... 37% 65,0K 19s
   550K .......... .......... .......... .......... .......... 41% 86,1K 17s
   600K .......... .......... .......... .......... .......... 44% 64,8K 16s
   650K .......... .......... .......... .......... .......... 47% 28,0K 16s
   700K .......... .......... .......... .......... .......... 51% 51,9K 14s
   750K .......... .......... .......... .......... .......... 54% 64,5K 13s
   800K .......... .......... .......... .......... .......... 58% 42,7K 12s
   850K .......... .......... .......... .......... .......... 61% 63,5K 11s
   900K .......... .......... .......... .......... .......... 64% 64,0K 10s
   950K .......... .......... .......... .......... .......... 68% 85,0K 9s
  1000K .......... .......... .......... .......... .......... 71% 64,7K 8s
  1050K .......... .......... .......... .......... .......... 75% 31,4K 7s
  1100K .......... .......... .......... .......... .......... 78% 42,8K 6s
  1150K .......... .......... .......... .......... .......... 82% 42,7K 5s
  1200K .......... .......... .......... .......... .......... 85% 42,9K 4s
  1250K .......... .......... .......... .......... .......... 88% 35,6K 3s
  1300K .......... .......... .......... .......... .......... 92% 51,8K 2s
  1350K .......... .......... .......... .......... .......... 95% 57,6K 1s
  1400K .......... .......... .......... .......... .......... 99% 64,1K 0s
  1450K .......... ..                                         100%  117K=29s

2018-12-09 13:03:33 (49,8 KB/s) - 'kplr002159449-2010174085026_llc_lc.tbl' saved [1497816/1497816]

--2018-12-09 13:03:33--  http://exoplanetarchive.ipac.caltech.edu/data/ETSS//Kepler/005/379/01/kplr002159449-2010265121752_llc.fits
Resolving exoplanetarchive.ipac.caltech.edu (exoplanetarchive.ipac.caltech.edu)... 134.4.54.147
Connecting to exoplanetarchive.ipac.caltech.edu (exoplanetarchive.ipac.caltech.edu)|134.4.54.147|:80... connected.
HTTP request sent, awaiting response... 302 Found
Location: https://exoplanetarchive.ipac.caltech.edu/data/ETSS//Kepler/005/379/01/kplr002159449-2010265121752_llc.fits [following]
--2018-12-09 13:03:33--  https://exoplanetarchive.ipac.caltech.edu/data/ETSS//Kepler/005/379/01/kplr002159449-2010265121752_llc.fits
Connecting to exoplanetarchive.ipac.caltech.edu (exoplanetarchive.ipac.caltech.edu)|134.4.54.147|:443... connected.
HTTP request sent, awaiting response... 200 OK
Length: 469440 (458K) [image/x-fits]
Saving to: 'kplr002159449-2010265121752_llc.fits'

     0K .......... .......... .......... .......... .......... 10% 23,4K 17s
    50K .......... .......... .......... .......... .......... 21% 36,6K 13s
   100K .......... .......... .......... .......... .......... 32% 51,1K 9s
   150K .......... .......... .......... .......... .......... 43% 51,7K 7s
   200K .......... .......... .......... .......... .......... 54% 64,4K 5s
   250K .......... .......... .......... .......... .......... 65% 51,5K 4s
   300K .......... .......... .......... .......... .......... 76% 85,7K 2s
   350K .......... .......... .......... .......... .......... 87% 63,1K 1s
   400K .......... .......... .......... .......... .......... 98% 51,5K 0s
   450K ........                                              100% 15,7M=9,5s

2018-12-09 13:03:44 (48,0 KB/s) - 'kplr002159449-2010265121752_llc.fits' saved [469440/469440]

--2018-12-09 13:03:44--  http://exoplanetarchive.ipac.caltech.edu/data/ETSS//Kepler/005/395/54/kplr002159449-2010265121752_llc_lc.tbl
Resolving exoplanetarchive.ipac.caltech.edu (exoplanetarchive.ipac.caltech.edu)... 134.4.54.147
Connecting to exoplanetarchive.ipac.caltech.edu (exoplanetarchive.ipac.caltech.edu)|134.4.54.147|:80... connected.
HTTP request sent, awaiting response... 302 Found
Location: https://exoplanetarchive.ipac.caltech.edu/data/ETSS//Kepler/005/395/54/kplr002159449-2010265121752_llc_lc.tbl [following]
--2018-12-09 13:03:44--  https://exoplanetarchive.ipac.caltech.edu/data/ETSS//Kepler/005/395/54/kplr002159449-2010265121752_llc_lc.tbl
Connecting to exoplanetarchive.ipac.caltech.edu (exoplanetarchive.ipac.caltech.edu)|134.4.54.147|:443... connected.
HTTP request sent, awaiting response... 200 OK
Length: 1421819 (1,4M) [text/plain]
Saving to: 'kplr002159449-2010265121752_llc_lc.tbl'

     0K .......... .......... .......... .......... ..........  3% 42,6K 31s
    50K .......... .......... .......... .......... ..........  7% 85,3K 23s
   100K .......... .......... .......... .......... .......... 10%  127K 18s
   150K .......... .......... .......... .......... .......... 14%  128K 15s
   200K .......... .......... .......... .......... .......... 18%  128K 13s
   250K .......... .......... .......... .......... .......... 21%  248K 11s
   300K .......... .......... .......... .......... .......... 25%  131K 10s
   350K .......... .......... .......... .......... .......... 28%  250K 9s
   400K .......... .......... .......... .......... .......... 32%  128K 9s
   450K .......... .......... .......... .......... .......... 36%  254K 8s
   500K .......... .......... .......... .......... .......... 39%  255K 7s
   550K .......... .......... .......... .......... .......... 43%  256K 6s
   600K .......... .......... .......... .......... .......... 46%  253K 6s
   650K .......... .......... .......... .......... .......... 50% 12,0M 5s
   700K .......... .......... .......... .......... .......... 54%  260K 4s
   750K .......... .......... .......... .......... .......... 57%  260K 4s
   800K .......... .......... .......... .......... .......... 61%  238K 3s
   850K .......... .......... .......... .......... .......... 64%  262K 3s
   900K .......... .......... .......... .......... .......... 68% 12,6M 3s
   950K .......... .......... .......... .......... .......... 72%  257K 2s
  1000K .......... .......... .......... .......... .......... 75%  261K 2s
  1050K .......... .......... .......... .......... .......... 79%  250K 2s
  1100K .......... .......... .......... .......... .......... 82%  260K 1s
  1150K .......... .......... .......... .......... .......... 86% 12,4M 1s
  1200K .......... .......... .......... .......... .......... 90%  260K 1s
  1250K .......... .......... .......... .......... .......... 93%  245K 0s
  1300K .......... .......... .......... .......... .......... 97%  264K 0s
  1350K .......... .......... .......... ........             100% 12,4M=7,1s

2018-12-09 13:03:52 (197 KB/s) - 'kplr002159449-2010265121752_llc_lc.tbl' saved [1421819/1421819]

--2018-12-09 13:03:52--  http://exoplanetarchive.ipac.caltech.edu/data/ETSS//Kepler/005/278/88/kplr002159449-2010355172524_llc.fits
Resolving exoplanetarchive.ipac.caltech.edu (exoplanetarchive.ipac.caltech.edu)... 134.4.54.147
Connecting to exoplanetarchive.ipac.caltech.edu (exoplanetarchive.ipac.caltech.edu)|134.4.54.147|:80... connected.
HTTP request sent, awaiting response... 302 Found
Location: https://exoplanetarchive.ipac.caltech.edu/data/ETSS//Kepler/005/278/88/kplr002159449-2010355172524_llc.fits [following]
--2018-12-09 13:03:53--  https://exoplanetarchive.ipac.caltech.edu/data/ETSS//Kepler/005/278/88/kplr002159449-2010355172524_llc.fits
Connecting to exoplanetarchive.ipac.caltech.edu (exoplanetarchive.ipac.caltech.edu)|134.4.54.147|:443... connected.
HTTP request sent, awaiting response... 200 OK
Length: 466560 (456K) [image/x-fits]
Saving to: 'kplr002159449-2010355172524_llc.fits'

     0K .......... .......... .......... .......... .......... 10% 43,0K 9s
    50K .......... .......... .......... .......... .......... 21%  114K 6s
   100K .......... .......... .......... .......... .......... 32%  128K 4s
   150K .......... .......... .......... .......... .......... 43%  125K 3s
   200K .......... .......... .......... .......... .......... 54%  128K 2s
   250K .......... .......... .......... .......... .......... 65%  242K 2s
   300K .......... .......... .......... .......... .......... 76%  117K 1s
   350K .......... .......... .......... .......... .......... 87%  127K 1s
   400K .......... .......... .......... .......... .......... 98% 42,5K 0s
   450K .....                                                 100% 36,6G=5,0s

2018-12-09 13:03:59 (91,4 KB/s) - 'kplr002159449-2010355172524_llc.fits' saved [466560/466560]

--2018-12-09 13:03:59--  http://exoplanetarchive.ipac.caltech.edu/data/ETSS//Kepler/005/295/22/kplr002159449-2010355172524_llc_lc.tbl
Resolving exoplanetarchive.ipac.caltech.edu (exoplanetarchive.ipac.caltech.edu)... 134.4.54.147
Connecting to exoplanetarchive.ipac.caltech.edu (exoplanetarchive.ipac.caltech.edu)|134.4.54.147|:80... connected.
HTTP request sent, awaiting response... 302 Found
Location: https://exoplanetarchive.ipac.caltech.edu/data/ETSS//Kepler/005/295/22/kplr002159449-2010355172524_llc_lc.tbl [following]
--2018-12-09 13:03:59--  https://exoplanetarchive.ipac.caltech.edu/data/ETSS//Kepler/005/295/22/kplr002159449-2010355172524_llc_lc.tbl
Connecting to exoplanetarchive.ipac.caltech.edu (exoplanetarchive.ipac.caltech.edu)|134.4.54.147|:443... connected.
HTTP request sent, awaiting response... 200 OK
Length: 1414416 (1,3M) [text/plain]
Saving to: 'kplr002159449-2010355172524_llc_lc.tbl'

     0K .......... .......... .......... .......... ..........  3% 42,5K 31s
    50K .......... .......... .......... .......... ..........  7% 82,9K 23s
   100K .......... .......... .......... .......... .......... 10%  126K 18s
   150K .......... .......... .......... .......... .......... 14%  128K 15s
   200K .......... .......... .......... .......... .......... 18%  129K 13s
   250K .......... .......... .......... .......... .......... 21%  247K 11s
   300K .......... .......... .......... .......... .......... 25%  131K 10s
   350K .......... .......... .......... .......... .......... 28%  253K 9s
   400K .......... .......... .......... .......... .......... 32%  250K 8s
   450K .......... .......... .......... .......... .......... 36%  252K 7s
   500K .......... .......... .......... .......... .......... 39%  262K 7s
   550K .......... .......... .......... .......... .......... 43%  264K 6s
   600K .......... .......... .......... .......... .......... 47% 2,78M 5s
   650K .......... .......... .......... .......... .......... 50%  276K 5s
   700K .......... .......... .......... .......... .......... 54%  256K 4s
   750K .......... .......... .......... .......... .......... 57% 4,98M 4s
   800K .......... .......... .......... .......... .......... 61%  258K 3s
   850K .......... .......... .......... .......... .......... 65%  261K 3s
   900K .......... .......... .......... .......... .......... 68%  254K 2s
   950K .......... .......... .......... .......... .......... 72%  263K 2s
  1000K .......... .......... .......... .......... .......... 76% 5,89M 2s
  1050K .......... .......... .......... .......... .......... 79%  261K 2s
  1100K .......... .......... .......... .......... .......... 83% 14,2M 1s
  1150K .......... .......... .......... .......... .......... 86%  253K 1s
  1200K .......... .......... .......... .......... .......... 90% 6,78M 1s
  1250K .......... .......... .......... .......... .......... 94%  268K 0s
  1300K .......... .......... .......... .......... .......... 97% 6,51M 0s
  1350K .......... .......... .......... .                    100% 12,3M=6,3s

2018-12-09 13:04:07 (219 KB/s) - 'kplr002159449-2010355172524_llc_lc.tbl' saved [1414416/1414416]

--2018-12-09 13:04:07--  http://exoplanetarchive.ipac.caltech.edu/data/ETSS//Kepler/005/412/08/kplr002159449-2011073133259_llc.fits
Resolving exoplanetarchive.ipac.caltech.edu (exoplanetarchive.ipac.caltech.edu)... 134.4.54.147
Connecting to exoplanetarchive.ipac.caltech.edu (exoplanetarchive.ipac.caltech.edu)|134.4.54.147|:80... connected.
HTTP request sent, awaiting response... 302 Found
Location: https://exoplanetarchive.ipac.caltech.edu/data/ETSS//Kepler/005/412/08/kplr002159449-2011073133259_llc.fits [following]
--2018-12-09 13:04:07--  https://exoplanetarchive.ipac.caltech.edu/data/ETSS//Kepler/005/412/08/kplr002159449-2011073133259_llc.fits
Connecting to exoplanetarchive.ipac.caltech.edu (exoplanetarchive.ipac.caltech.edu)|134.4.54.147|:443... connected.
HTTP request sent, awaiting response... 200 OK
Length: 357120 (349K) [image/x-fits]
Saving to: 'kplr002159449-2011073133259_llc.fits'

     0K .......... .......... .......... .......... .......... 14% 43,2K 7s
    50K .......... .......... .......... .......... .......... 28% 85,5K 4s
   100K .......... .......... .......... .......... .......... 43%  128K 3s
   150K .......... .......... .......... .......... .......... 57%  128K 2s
   200K .......... .......... .......... .......... .......... 71%  129K 1s
   250K .......... .......... .......... .......... .......... 86%  254K 1s
   300K .......... .......... .......... .......... ........  100%  127K=3,5s

2018-12-09 13:04:12 (99,8 KB/s) - 'kplr002159449-2011073133259_llc.fits' saved [357120/357120]

--2018-12-09 13:04:12--  http://exoplanetarchive.ipac.caltech.edu/data/ETSS//Kepler/005/428/87/kplr002159449-2011073133259_llc_lc.tbl
Resolving exoplanetarchive.ipac.caltech.edu (exoplanetarchive.ipac.caltech.edu)... 134.4.54.147
Connecting to exoplanetarchive.ipac.caltech.edu (exoplanetarchive.ipac.caltech.edu)|134.4.54.147|:80... connected.
HTTP request sent, awaiting response... 302 Found
Location: https://exoplanetarchive.ipac.caltech.edu/data/ETSS//Kepler/005/428/87/kplr002159449-2011073133259_llc_lc.tbl [following]
--2018-12-09 13:04:12--  https://exoplanetarchive.ipac.caltech.edu/data/ETSS//Kepler/005/428/87/kplr002159449-2011073133259_llc_lc.tbl
Connecting to exoplanetarchive.ipac.caltech.edu (exoplanetarchive.ipac.caltech.edu)|134.4.54.147|:443... connected.
HTTP request sent, awaiting response... 200 OK
Length: 1061497 (1,0M) [text/plain]
Saving to: 'kplr002159449-2011073133259_llc_lc.tbl'

     0K .......... .......... .......... .......... ..........  4% 42,8K 23s
    50K .......... .......... .......... .......... ..........  9% 85,8K 16s
   100K .......... .......... .......... .......... .......... 14%  126K 13s
   150K .......... .......... .......... .......... .......... 19%  132K 11s
   200K .......... .......... .......... .......... .......... 24%  240K 9s
   250K .......... .......... .......... .......... .......... 28% 85,7K 8s
   300K .......... .......... .......... .......... .......... 33% 85,4K 8s
   350K .......... .......... .......... .......... .......... 38% 85,6K 7s
   400K .......... .......... .......... .......... .......... 43%  125K 6s
   450K .......... .......... .......... .......... .......... 48%  127K 6s
   500K .......... .......... .......... .......... .......... 53%  254K 5s
   550K .......... .......... .......... .......... .......... 57%  129K 4s
   600K .......... .......... .......... .......... .......... 62%  252K 4s
   650K .......... .......... .......... .......... .......... 67%  129K 3s
   700K .......... .......... .......... .......... .......... 72%  255K 3s
   750K .......... .......... .......... .......... .......... 77%  129K 2s
   800K .......... .......... .......... .......... .......... 81% 85,3K 2s
   850K .......... .......... .......... .......... .......... 86% 86,0K 1s
   900K .......... .......... .......... .......... .......... 91% 51,3K 1s
   950K .......... .......... .......... .......... .......... 96% 86,2K 0s
  1000K .......... .......... .......... ......               100% 93,8K=10s

2018-12-09 13:04:24 (102 KB/s) - 'kplr002159449-2011073133259_llc_lc.tbl' saved [1061497/1061497]

--2018-12-09 13:04:24--  http://exoplanetarchive.ipac.caltech.edu/data/ETSS//Kepler/005/311/56/kplr002159449-2011177032512_llc.fits
Resolving exoplanetarchive.ipac.caltech.edu (exoplanetarchive.ipac.caltech.edu)... 134.4.54.147
Connecting to exoplanetarchive.ipac.caltech.edu (exoplanetarchive.ipac.caltech.edu)|134.4.54.147|:80... connected.
HTTP request sent, awaiting response... 302 Found
Location: https://exoplanetarchive.ipac.caltech.edu/data/ETSS//Kepler/005/311/56/kplr002159449-2011177032512_llc.fits [following]
--2018-12-09 13:04:24--  https://exoplanetarchive.ipac.caltech.edu/data/ETSS//Kepler/005/311/56/kplr002159449-2011177032512_llc.fits
Connecting to exoplanetarchive.ipac.caltech.edu (exoplanetarchive.ipac.caltech.edu)|134.4.54.147|:443... connected.
HTTP request sent, awaiting response... 200 OK
Length: 506880 (495K) [image/x-fits]
Saving to: 'kplr002159449-2011177032512_llc.fits'

     0K .......... .......... .......... .......... .......... 10% 43,0K 10s
    50K .......... .......... .......... .......... .......... 20% 85,8K 7s
   100K .......... .......... .......... .......... .......... 30%  128K 5s
   150K .......... .......... .......... .......... .......... 40%  257K 3s
   200K .......... .......... .......... .......... .......... 50%  129K 3s
   250K .......... .......... .......... .......... .......... 60%  255K 2s
   300K .......... .......... .......... .......... .......... 70%  129K 1s
   350K .......... .......... .......... .......... .......... 80%  255K 1s
   400K .......... .......... .......... .......... .......... 90%  128K 0s
   450K .......... .......... .......... .......... .....     100% 14,5M=3,9s

2018-12-09 13:04:29 (127 KB/s) - 'kplr002159449-2011177032512_llc.fits' saved [506880/506880]

--2018-12-09 13:04:29--  http://exoplanetarchive.ipac.caltech.edu/data/ETSS//Kepler/005/328/29/kplr002159449-2011177032512_llc_lc.tbl
Resolving exoplanetarchive.ipac.caltech.edu (exoplanetarchive.ipac.caltech.edu)... 134.4.54.147
Connecting to exoplanetarchive.ipac.caltech.edu (exoplanetarchive.ipac.caltech.edu)|134.4.54.147|:80... connected.
HTTP request sent, awaiting response... 302 Found
Location: https://exoplanetarchive.ipac.caltech.edu/data/ETSS//Kepler/005/328/29/kplr002159449-2011177032512_llc_lc.tbl [following]
--2018-12-09 13:04:29--  https://exoplanetarchive.ipac.caltech.edu/data/ETSS//Kepler/005/328/29/kplr002159449-2011177032512_llc_lc.tbl
Connecting to exoplanetarchive.ipac.caltech.edu (exoplanetarchive.ipac.caltech.edu)|134.4.54.147|:443... connected.
HTTP request sent, awaiting response... 200 OK
Length: 1540954 (1,5M) [text/plain]
Saving to: 'kplr002159449-2011177032512_llc_lc.tbl'

     0K .......... .......... .......... .......... ..........  3% 42,5K 34s
    50K .......... .......... .......... .......... ..........  6%  128K 22s
   100K .......... .......... .......... .......... ..........  9%  241K 16s
   150K .......... .......... .......... .......... .......... 13%  135K 14s
   200K .......... .......... .......... .......... .......... 16%  130K 13s
   250K .......... .......... .......... .......... .......... 19% 2,46M 10s
   300K .......... .......... .......... .......... .......... 23%  134K 10s
   350K .......... .......... .......... .......... .......... 26% 2,54M 8s
   400K .......... .......... .......... .......... .......... 29%  130K 8s
   450K .......... .......... .......... .......... .......... 33%  272K 7s
   500K .......... .......... .......... .......... .......... 36% 64,3K 7s
   550K .......... .......... .......... .......... .......... 39% 51,6K 8s
   600K .......... .......... .......... .......... .......... 43% 36,6K 9s
   650K .......... .......... .......... .......... .......... 46% 43,0K 9s
   700K .......... .......... .......... .......... .......... 49% 51,6K 9s
   750K .......... .......... .......... .......... .......... 53% 51,3K 9s
   800K .......... .......... .......... .......... .......... 56% 43,2K 8s
   850K .......... .......... .......... .......... .......... 59% 28,0K 9s
   900K .......... .......... .......... .......... .......... 63% 42,9K 8s
   950K .......... .......... .......... .......... .......... 66% 42,6K 8s
  1000K .......... .......... .......... .......... .......... 69% 62,8K 7s
  1050K .......... .......... .......... .......... .......... 73% 64,2K 6s
  1100K .......... .......... .......... .......... .......... 76% 65,1K 5s
  1150K .......... .......... .......... .......... .......... 79% 84,9K 5s
  1200K .......... .......... .......... .......... .......... 83% 36,7K 4s
  1250K .......... .......... .......... .......... .......... 86% 51,3K 3s
  1300K .......... .......... .......... .......... .......... 89% 51,7K 2s
  1350K .......... .......... .......... .......... .......... 93% 51,9K 2s
  1400K .......... .......... .......... .......... .......... 96% 51,9K 1s
  1450K .......... .......... .......... .......... .......... 99% 64,1K 0s
  1500K ....                                                  100% 19,0M=24s

2018-12-09 13:04:54 (62,8 KB/s) - 'kplr002159449-2011177032512_llc_lc.tbl' saved [1540954/1540954]

--2018-12-09 13:04:54--  http://exoplanetarchive.ipac.caltech.edu/data/ETSS//Kepler/005/445/65/kplr002159449-2011271113734_llc.fits
Resolving exoplanetarchive.ipac.caltech.edu (exoplanetarchive.ipac.caltech.edu)... 134.4.54.147
Connecting to exoplanetarchive.ipac.caltech.edu (exoplanetarchive.ipac.caltech.edu)|134.4.54.147|:80... connected.
HTTP request sent, awaiting response... 302 Found
Location: https://exoplanetarchive.ipac.caltech.edu/data/ETSS//Kepler/005/445/65/kplr002159449-2011271113734_llc.fits [following]
--2018-12-09 13:04:55--  https://exoplanetarchive.ipac.caltech.edu/data/ETSS//Kepler/005/445/65/kplr002159449-2011271113734_llc.fits
Connecting to exoplanetarchive.ipac.caltech.edu (exoplanetarchive.ipac.caltech.edu)|134.4.54.147|:443... connected.
HTTP request sent, awaiting response... 200 OK
Length: 486720 (475K) [image/x-fits]
Saving to: 'kplr002159449-2011271113734_llc.fits'

     0K .......... .......... .......... .......... .......... 10% 21,3K 20s
    50K .......... .......... .......... .......... .......... 21% 36,5K 14s
   100K .......... .......... .......... .......... .......... 31% 51,3K 10s
   150K .......... .......... .......... .......... .......... 42% 51,5K 8s
   200K .......... .......... .......... .......... .......... 52% 50,7K 6s
   250K .......... .......... .......... .......... .......... 63% 64,0K 4s
   300K .......... .......... .......... .......... .......... 73% 63,2K 3s
   350K .......... .......... .......... .......... .......... 84% 63,6K 2s
   400K .......... .......... .......... .......... .......... 94% 51,6K 1s
   450K .......... .......... .....                           100%  130K=10s

2018-12-09 13:05:06 (46,7 KB/s) - 'kplr002159449-2011271113734_llc.fits' saved [486720/486720]

--2018-12-09 13:05:06--  http://exoplanetarchive.ipac.caltech.edu/data/ETSS//Kepler/005/462/35/kplr002159449-2011271113734_llc_lc.tbl
Resolving exoplanetarchive.ipac.caltech.edu (exoplanetarchive.ipac.caltech.edu)... 134.4.54.147
Connecting to exoplanetarchive.ipac.caltech.edu (exoplanetarchive.ipac.caltech.edu)|134.4.54.147|:80... connected.
HTTP request sent, awaiting response... 302 Found
Location: https://exoplanetarchive.ipac.caltech.edu/data/ETSS//Kepler/005/462/35/kplr002159449-2011271113734_llc_lc.tbl [following]
--2018-12-09 13:05:07--  https://exoplanetarchive.ipac.caltech.edu/data/ETSS//Kepler/005/462/35/kplr002159449-2011271113734_llc_lc.tbl
Connecting to exoplanetarchive.ipac.caltech.edu (exoplanetarchive.ipac.caltech.edu)|134.4.54.147|:443... connected.
HTTP request sent, awaiting response... 200 OK
Length: 1478169 (1,4M) [text/plain]
Saving to: 'kplr002159449-2011271113734_llc_lc.tbl'

     0K .......... .......... .......... .......... ..........  3% 42,5K 33s
    50K .......... .......... .......... .......... ..........  6% 85,6K 24s
   100K .......... .......... .......... .......... .......... 10%  129K 19s
   150K .......... .......... .......... .......... .......... 13%  129K 16s
   200K .......... .......... .......... .......... .......... 17% 51,3K 17s
   250K .......... .......... .......... .......... .......... 20% 85,8K 16s
   300K .......... .......... .......... .......... .......... 24%  128K 14s
   350K .......... .......... .......... .......... .......... 27%  118K 13s
   400K .......... .......... .......... .......... .......... 31% 90,2K 12s
   450K .......... .......... .......... .......... .......... 34%  128K 11s
   500K .......... .......... .......... .......... .......... 38%  129K 10s
   550K .......... .......... .......... .......... .......... 41%  127K 9s
   600K .......... .......... .......... .......... .......... 45%  127K 9s
   650K .......... .......... .......... .......... .......... 48%  125K 8s
   700K .......... .......... .......... .......... .......... 51%  125K 7s
   750K .......... .......... .......... .......... .......... 55%  127K 7s
   800K .......... .......... .......... .......... .......... 58% 84,1K 6s
   850K .......... .......... .......... .......... .......... 62%  128K 6s
   900K .......... .......... .......... .......... .......... 65%  128K 5s
   950K .......... .......... .......... .......... .......... 69%  128K 4s
  1000K .......... .......... .......... .......... .......... 72%  127K 4s
  1050K .......... .......... .......... .......... .......... 76%  128K 3s
  1100K .......... .......... .......... .......... .......... 79% 42,4K 3s
  1150K .......... .......... .......... .......... .......... 83% 50,7K 3s
  1200K .......... .......... .......... .......... .......... 86% 64,4K 2s
  1250K .......... .......... .......... .......... .......... 90%  129K 2s
  1300K .......... .......... .......... .......... .......... 93%  128K 1s
  1350K .......... .......... .......... .......... .......... 96%  128K 0s
  1400K .......... .......... .......... .......... ...       100%  112K=15s

2018-12-09 13:05:23 (94,5 KB/s) - 'kplr002159449-2011271113734_llc_lc.tbl' saved [1478169/1478169]

--2018-12-09 13:05:23--  http://exoplanetarchive.ipac.caltech.edu/data/ETSS//Kepler/005/479/05/kplr002159449-2012004120508_llc.fits
Resolving exoplanetarchive.ipac.caltech.edu (exoplanetarchive.ipac.caltech.edu)... 134.4.54.147
Connecting to exoplanetarchive.ipac.caltech.edu (exoplanetarchive.ipac.caltech.edu)|134.4.54.147|:80... connected.
HTTP request sent, awaiting response... 302 Found
Location: https://exoplanetarchive.ipac.caltech.edu/data/ETSS//Kepler/005/479/05/kplr002159449-2012004120508_llc.fits [following]
--2018-12-09 13:05:23--  https://exoplanetarchive.ipac.caltech.edu/data/ETSS//Kepler/005/479/05/kplr002159449-2012004120508_llc.fits
Connecting to exoplanetarchive.ipac.caltech.edu (exoplanetarchive.ipac.caltech.edu)|134.4.54.147|:443... connected.
HTTP request sent, awaiting response... 200 OK
Length: 506880 (495K) [image/x-fits]
Saving to: 'kplr002159449-2012004120508_llc.fits'

     0K .......... .......... .......... .......... .......... 10% 42,8K 10s
    50K .......... .......... .......... .......... .......... 20% 85,6K 7s
   100K .......... .......... .......... .......... .......... 30%  125K 5s
   150K .......... .......... .......... .......... .......... 40% 85,2K 4s
   200K .......... .......... .......... .......... .......... 50%  250K 3s
   250K .......... .......... .......... .......... .......... 60%  126K 2s
   300K .......... .......... .......... .......... .......... 70%  251K 1s
   350K .......... .......... .......... .......... .......... 80%  251K 1s
   400K .......... .......... .......... .......... .......... 90%  134K 0s
   450K .......... .......... .......... .......... .....     100% 1,84M=4,1s

2018-12-09 13:05:29 (120 KB/s) - 'kplr002159449-2012004120508_llc.fits' saved [506880/506880]

--2018-12-09 13:05:29--  http://exoplanetarchive.ipac.caltech.edu/data/ETSS//Kepler/005/495/46/kplr002159449-2012004120508_llc_lc.tbl
Resolving exoplanetarchive.ipac.caltech.edu (exoplanetarchive.ipac.caltech.edu)... 134.4.54.147
Connecting to exoplanetarchive.ipac.caltech.edu (exoplanetarchive.ipac.caltech.edu)|134.4.54.147|:80... connected.
HTTP request sent, awaiting response... 302 Found
Location: https://exoplanetarchive.ipac.caltech.edu/data/ETSS//Kepler/005/495/46/kplr002159449-2012004120508_llc_lc.tbl [following]
--2018-12-09 13:05:29--  https://exoplanetarchive.ipac.caltech.edu/data/ETSS//Kepler/005/495/46/kplr002159449-2012004120508_llc_lc.tbl
Connecting to exoplanetarchive.ipac.caltech.edu (exoplanetarchive.ipac.caltech.edu)|134.4.54.147|:443... connected.
HTTP request sent, awaiting response... 200 OK
Length: 1536454 (1,5M) [text/plain]
Saving to: 'kplr002159449-2012004120508_llc_lc.tbl'

     0K .......... .......... .......... .......... ..........  3% 42,9K 34s
    50K .......... .......... .......... .......... ..........  6% 86,0K 24s
   100K .......... .......... .......... .......... ..........  9%  127K 19s
   150K .......... .......... .......... .......... .......... 13%  127K 16s
   200K .......... .......... .......... .......... .......... 16%  130K 15s
   250K .......... .......... .......... .......... .......... 19%  128K 13s
   300K .......... .......... .......... .......... .......... 23%  122K 12s
   350K .......... .......... .......... .......... .......... 26% 85,4K 12s
   400K .......... .......... .......... .......... .......... 29% 86,3K 11s
   450K .......... .......... .......... .......... .......... 33%  127K 11s
   500K .......... .......... .......... .......... .......... 36% 60,8K 11s
   550K .......... .......... .......... .......... .......... 39% 98,1K 10s
   600K .......... .......... .......... .......... .......... 43%  128K 9s
   650K .......... .......... .......... .......... .......... 46%  129K 8s
   700K .......... .......... .......... .......... .......... 49%  184K 8s
   750K .......... .......... .......... .......... .......... 53%  131K 7s
   800K .......... .......... .......... .......... .......... 56%  127K 6s
   850K .......... .......... .......... .......... .......... 59%  126K 6s
   900K .......... .......... .......... .......... .......... 63% 60,7K 6s
   950K .......... .......... .......... .......... .......... 66% 86,1K 5s
  1000K .......... .......... .......... .......... .......... 69%  128K 5s
  1050K .......... .......... .......... .......... .......... 73%  127K 4s
  1100K .......... .......... .......... .......... .......... 76%  126K 3s
  1150K .......... .......... .......... .......... .......... 79% 86,2K 3s
  1200K .......... .......... .......... .......... .......... 83% 85,7K 3s
  1250K .......... .......... .......... .......... .......... 86%  129K 2s
  1300K .......... .......... .......... .......... .......... 89%  130K 1s
  1350K .......... .......... .......... .......... .......... 93% 86,1K 1s
  1400K .......... .......... .......... .......... .......... 96%  129K 0s
  1450K .......... .......... .......... .......... .......... 99%  130K 0s
  1500K                                                       100% 2,88G=15s

2018-12-09 13:05:45 (102 KB/s) - 'kplr002159449-2012004120508_llc_lc.tbl' saved [1536454/1536454]

--2018-12-09 13:05:45--  http://exoplanetarchive.ipac.caltech.edu/data/ETSS//Kepler/005/511/87/kplr002159449-2012088054726_llc.fits
Resolving exoplanetarchive.ipac.caltech.edu (exoplanetarchive.ipac.caltech.edu)... 134.4.54.147
Connecting to exoplanetarchive.ipac.caltech.edu (exoplanetarchive.ipac.caltech.edu)|134.4.54.147|:80... connected.
HTTP request sent, awaiting response... 302 Found
Location: https://exoplanetarchive.ipac.caltech.edu/data/ETSS//Kepler/005/511/87/kplr002159449-2012088054726_llc.fits [following]
--2018-12-09 13:05:45--  https://exoplanetarchive.ipac.caltech.edu/data/ETSS//Kepler/005/511/87/kplr002159449-2012088054726_llc.fits
Connecting to exoplanetarchive.ipac.caltech.edu (exoplanetarchive.ipac.caltech.edu)|134.4.54.147|:443... connected.
HTTP request sent, awaiting response... 200 OK
Length: 434880 (425K) [image/x-fits]
Saving to: 'kplr002159449-2012088054726_llc.fits'

     0K .......... .......... .......... .......... .......... 11% 42,8K 9s
    50K .......... .......... .......... .......... .......... 23% 84,9K 6s
   100K .......... .......... .......... .......... .......... 35%  127K 4s
   150K .......... .......... .......... .......... .......... 47%  129K 3s
   200K .......... .......... .......... .......... .......... 58%  256K 2s
   250K .......... .......... .......... .......... .......... 70%  129K 1s
   300K .......... .......... .......... .......... .......... 82%  253K 1s
   350K .......... .......... .......... .......... .......... 94%  253K 0s
   400K .......... .......... ....                            100%  133K=3,7s

2018-12-09 13:05:50 (115 KB/s) - 'kplr002159449-2012088054726_llc.fits' saved [434880/434880]

--2018-12-09 13:05:50--  http://exoplanetarchive.ipac.caltech.edu/data/ETSS//Kepler/005/528/57/kplr002159449-2012088054726_llc_lc.tbl
Resolving exoplanetarchive.ipac.caltech.edu (exoplanetarchive.ipac.caltech.edu)... 134.4.54.147
Connecting to exoplanetarchive.ipac.caltech.edu (exoplanetarchive.ipac.caltech.edu)|134.4.54.147|:80... connected.
HTTP request sent, awaiting response... 302 Found
Location: https://exoplanetarchive.ipac.caltech.edu/data/ETSS//Kepler/005/528/57/kplr002159449-2012088054726_llc_lc.tbl [following]
--2018-12-09 13:05:51--  https://exoplanetarchive.ipac.caltech.edu/data/ETSS//Kepler/005/528/57/kplr002159449-2012088054726_llc_lc.tbl
Connecting to exoplanetarchive.ipac.caltech.edu (exoplanetarchive.ipac.caltech.edu)|134.4.54.147|:443... connected.
HTTP request sent, awaiting response... 200 OK
Length: 1307837 (1,2M) [text/plain]
Saving to: 'kplr002159449-2012088054726_llc_lc.tbl'

     0K .......... .......... .......... .......... ..........  3% 18,1K 68s
    50K .......... .......... .......... .......... ..........  7% 42,8K 46s
   100K .......... .......... .......... .......... .......... 11% 60,8K 36s
   150K .......... .......... .......... .......... .......... 15% 64,5K 30s
   200K .......... .......... .......... .......... .......... 19% 64,0K 26s
   250K .......... .......... .......... .......... .......... 23% 68,2K 23s
   300K .......... .......... .......... .......... .......... 27% 86,2K 20s
   350K .......... .......... .......... .......... .......... 31% 86,0K 18s
   400K .......... .......... .......... .......... .......... 35% 64,4K 17s
   450K .......... .......... .......... .......... .......... 39% 85,8K 15s
   500K .......... .......... .......... .......... .......... 43% 77,8K 14s
   550K .......... .......... .......... .......... .......... 46% 54,2K 13s
   600K .......... .......... .......... .......... .......... 50% 57,3K 12s
   650K .......... .......... .......... .......... .......... 54% 64,8K 11s
   700K .......... .......... .......... .......... .......... 58% 28,0K 10s
   750K .......... .......... .......... .......... .......... 62% 36,8K 10s
   800K .......... .......... .......... .......... .......... 66% 37,0K 9s
   850K .......... .......... .......... .......... .......... 70% 35,6K 8s
   900K .......... .......... .......... .......... .......... 74% 28,6K 7s
   950K .......... .......... .......... .......... .......... 78% 42,9K 6s
  1000K .......... .......... .......... .......... .......... 82% 36,6K 5s
  1050K .......... .......... .......... .......... .......... 86% 35,7K 4s
  1100K .......... .......... .......... .......... .......... 90% 43,1K 3s
  1150K .......... .......... .......... .......... .......... 93% 43,3K 2s
  1200K .......... .......... .......... .......... .......... 97% 36,8K 1s
  1250K .......... .......... .......                         100%  140K=28s

2018-12-09 13:06:20 (45,2 KB/s) - 'kplr002159449-2012088054726_llc_lc.tbl' saved [1307837/1307837]

--2018-12-09 13:06:20--  http://exoplanetarchive.ipac.caltech.edu/data/ETSS//Kepler/005/545/26/kplr002159449-2012179063303_llc.fits
Resolving exoplanetarchive.ipac.caltech.edu (exoplanetarchive.ipac.caltech.edu)... 134.4.54.147
Connecting to exoplanetarchive.ipac.caltech.edu (exoplanetarchive.ipac.caltech.edu)|134.4.54.147|:80... connected.
HTTP request sent, awaiting response... 302 Found
Location: https://exoplanetarchive.ipac.caltech.edu/data/ETSS//Kepler/005/545/26/kplr002159449-2012179063303_llc.fits [following]
--2018-12-09 13:06:20--  https://exoplanetarchive.ipac.caltech.edu/data/ETSS//Kepler/005/545/26/kplr002159449-2012179063303_llc.fits
Connecting to exoplanetarchive.ipac.caltech.edu (exoplanetarchive.ipac.caltech.edu)|134.4.54.147|:443... connected.
HTTP request sent, awaiting response... 200 OK
Length: 472320 (461K) [image/x-fits]
Saving to: 'kplr002159449-2012179063303_llc.fits'

     0K .......... .......... .......... .......... .......... 10% 42,5K 10s
    50K .......... .......... .......... .......... .......... 21% 85,4K 6s
   100K .......... .......... .......... .......... .......... 32%  126K 4s
   150K .......... .......... .......... .......... .......... 43% 85,7K 4s
   200K .......... .......... .......... .......... .......... 54%  249K 2s
   250K .......... .......... .......... .......... .......... 65%  128K 2s
   300K .......... .......... .......... .......... .......... 75%  252K 1s
   350K .......... .......... .......... .......... .......... 86%  250K 1s
   400K .......... .......... .......... .......... .......... 97%  129K 0s
   450K .......... .                                          100% 18,2M=4,1s

2018-12-09 13:06:26 (112 KB/s) - 'kplr002159449-2012179063303_llc.fits' saved [472320/472320]

--2018-12-09 13:06:26--  http://exoplanetarchive.ipac.caltech.edu/data/ETSS//Kepler/005/561/93/kplr002159449-2012179063303_llc_lc.tbl
Resolving exoplanetarchive.ipac.caltech.edu (exoplanetarchive.ipac.caltech.edu)... 134.4.54.147
Connecting to exoplanetarchive.ipac.caltech.edu (exoplanetarchive.ipac.caltech.edu)|134.4.54.147|:80... connected.
HTTP request sent, awaiting response... 302 Found
Location: https://exoplanetarchive.ipac.caltech.edu/data/ETSS//Kepler/005/561/93/kplr002159449-2012179063303_llc_lc.tbl [following]
--2018-12-09 13:06:26--  https://exoplanetarchive.ipac.caltech.edu/data/ETSS//Kepler/005/561/93/kplr002159449-2012179063303_llc_lc.tbl
Connecting to exoplanetarchive.ipac.caltech.edu (exoplanetarchive.ipac.caltech.edu)|134.4.54.147|:443... connected.
HTTP request sent, awaiting response... 200 OK
Length: 1429229 (1,4M) [text/plain]
Saving to: 'kplr002159449-2012179063303_llc_lc.tbl'

     0K .......... .......... .......... .......... ..........  3% 20,9K 64s
    50K .......... .......... .......... .......... ..........  7% 42,4K 46s
   100K .......... .......... .......... .......... .......... 10% 51,5K 38s
   150K .......... .......... .......... .......... .......... 14% 51,1K 33s
   200K .......... .......... .......... .......... .......... 17% 51,1K 30s
   250K .......... .......... .......... .......... .......... 21% 64,3K 27s
   300K .......... .......... .......... .......... .......... 25% 64,4K 24s
   350K .......... .......... .......... .......... .......... 28% 64,0K 22s
   400K .......... .......... .......... .......... .......... 32% 42,9K 21s
   450K .......... .......... .......... .......... .......... 35% 32,1K 21s
   500K .......... .......... .......... .......... .......... 39% 51,2K 19s
   550K .......... .......... .......... .......... .......... 42% 42,6K 18s
   600K .......... .......... .......... .......... .......... 46% 63,9K 17s
   650K .......... .......... .......... .......... .......... 50% 51,1K 15s
   700K .......... .......... .......... .......... .......... 53% 63,4K 14s
   750K .......... .......... .......... .......... .......... 57% 51,4K 13s
   800K .......... .......... .......... .......... .......... 60% 22,9K 12s
   850K .......... .......... .......... .......... .......... 64% 43,1K 11s
   900K .......... .......... .......... .......... .......... 68% 62,8K 10s
   950K .......... .......... .......... .......... .......... 71% 51,1K 9s
  1000K .......... .......... .......... .......... .......... 75% 64,2K 8s
  1050K .......... .......... .......... .......... .......... 78% 85,5K 6s
  1100K .......... .......... .......... .......... .......... 82% 64,6K 5s
  1150K .......... .......... .......... .......... .......... 85% 84,9K 4s
  1200K .......... .......... .......... .......... .......... 89% 51,7K 3s
  1250K .......... .......... .......... .......... .......... 93% 85,9K 2s
  1300K .......... .......... .......... .......... .......... 96% 85,4K 1s
  1350K .......... .......... .......... .......... .....     100%  115K=28s

2018-12-09 13:06:55 (50,6 KB/s) - 'kplr002159449-2012179063303_llc_lc.tbl' saved [1429229/1429229]

--2018-12-09 13:06:55--  http://exoplanetarchive.ipac.caltech.edu/data/ETSS//Kepler/005/578/61/kplr002159449-2012277125453_llc.fits
Resolving exoplanetarchive.ipac.caltech.edu (exoplanetarchive.ipac.caltech.edu)... 134.4.54.147
Connecting to exoplanetarchive.ipac.caltech.edu (exoplanetarchive.ipac.caltech.edu)|134.4.54.147|:80... connected.
HTTP request sent, awaiting response... 302 Found
Location: https://exoplanetarchive.ipac.caltech.edu/data/ETSS//Kepler/005/578/61/kplr002159449-2012277125453_llc.fits [following]
--2018-12-09 13:06:55--  https://exoplanetarchive.ipac.caltech.edu/data/ETSS//Kepler/005/578/61/kplr002159449-2012277125453_llc.fits
Connecting to exoplanetarchive.ipac.caltech.edu (exoplanetarchive.ipac.caltech.edu)|134.4.54.147|:443... connected.
HTTP request sent, awaiting response... 200 OK
Length: 506880 (495K) [image/x-fits]
Saving to: 'kplr002159449-2012277125453_llc.fits'

     0K .......... .......... .......... .......... .......... 10% 43,2K 10s
    50K .......... .......... .......... .......... .......... 20%  127K 6s
   100K .......... .......... .......... .......... .......... 30%  129K 4s
   150K .......... .......... .......... .......... .......... 40%  129K 3s
   200K .......... .......... .......... .......... .......... 50%  128K 3s
   250K .......... .......... .......... .......... .......... 60%  252K 2s
   300K .......... .......... .......... .......... .......... 70%  128K 1s
   350K .......... .......... .......... .......... .......... 80%  251K 1s
   400K .......... .......... .......... .......... .......... 90%  253K 0s
   450K .......... .......... .......... .......... .....     100%  229K=3,9s

2018-12-09 13:07:00 (127 KB/s) - 'kplr002159449-2012277125453_llc.fits' saved [506880/506880]

--2018-12-09 13:07:00--  http://exoplanetarchive.ipac.caltech.edu/data/ETSS//Kepler/005/595/31/kplr002159449-2012277125453_llc_lc.tbl
Resolving exoplanetarchive.ipac.caltech.edu (exoplanetarchive.ipac.caltech.edu)... 134.4.54.147
Connecting to exoplanetarchive.ipac.caltech.edu (exoplanetarchive.ipac.caltech.edu)|134.4.54.147|:80... connected.
HTTP request sent, awaiting response... 302 Found
Location: https://exoplanetarchive.ipac.caltech.edu/data/ETSS//Kepler/005/595/31/kplr002159449-2012277125453_llc_lc.tbl [following]
--2018-12-09 13:07:01--  https://exoplanetarchive.ipac.caltech.edu/data/ETSS//Kepler/005/595/31/kplr002159449-2012277125453_llc_lc.tbl
Connecting to exoplanetarchive.ipac.caltech.edu (exoplanetarchive.ipac.caltech.edu)|134.4.54.147|:443... connected.
HTTP request sent, awaiting response... 200 OK
Length: 1537441 (1,5M) [text/plain]
Saving to: 'kplr002159449-2012277125453_llc_lc.tbl'

     0K .......... .......... .......... .......... ..........  3% 42,8K 34s
    50K .......... .......... .......... .......... ..........  6% 85,9K 25s
   100K .......... .......... .......... .......... ..........  9%  127K 19s
   150K .......... .......... .......... .......... .......... 13%  127K 17s
   200K .......... .......... .......... .......... .......... 16%  250K 14s
   250K .......... .......... .......... .......... .......... 19%  131K 12s
   300K .......... .......... .......... .......... .......... 23%  241K 11s
   350K .......... .......... .......... .......... .......... 26%  260K 10s
   400K .......... .......... .......... .......... .......... 29%  127K 9s
   450K .......... .......... .......... .......... .......... 33%  258K 8s
   500K .......... .......... .......... .......... .......... 36%  258K 7s
   550K .......... .......... .......... .......... .......... 39%  259K 7s
   600K .......... .......... .......... .......... .......... 43%  258K 6s
   650K .......... .......... .......... .......... .......... 46% 7,86M 5s
   700K .......... .......... .......... .......... .......... 49%  258K 5s
   750K .......... .......... .......... .......... .......... 53%  260K 4s
   800K .......... .......... .......... .......... .......... 56%  259K 4s
   850K .......... .......... .......... .......... .......... 59%  262K 4s
   900K .......... .......... .......... .......... .......... 63% 3,88M 3s
   950K .......... .......... .......... .......... .......... 66%  259K 3s
  1000K .......... .......... .......... .......... .......... 69%  259K 3s
  1050K .......... .......... .......... .......... .......... 73% 10,4M 2s
  1100K .......... .......... .......... .......... .......... 76%  259K 2s
  1150K .......... .......... .......... .......... .......... 79% 10,7M 2s
  1200K .......... .......... .......... .......... .......... 83%  254K 1s
  1250K .......... .......... .......... .......... .......... 86%  265K 1s
  1300K .......... .......... .......... .......... .......... 89% 7,69M 1s
  1350K .......... .......... .......... .......... .......... 93%  264K 0s
  1400K .......... .......... .......... .......... .......... 96% 4,56M 0s
  1450K .......... .......... .......... .......... .......... 99% 11,9M 0s
  1500K .                                                     100% 9,15G=6,7s

2018-12-09 13:07:08 (225 KB/s) - 'kplr002159449-2012277125453_llc_lc.tbl' saved [1537441/1537441]

--2018-12-09 13:07:08--  http://exoplanetarchive.ipac.caltech.edu/data/ETSS//Kepler/005/612/00/kplr002159449-2013011073258_llc.fits
Resolving exoplanetarchive.ipac.caltech.edu (exoplanetarchive.ipac.caltech.edu)... 134.4.54.147
Connecting to exoplanetarchive.ipac.caltech.edu (exoplanetarchive.ipac.caltech.edu)|134.4.54.147|:80... connected.
HTTP request sent, awaiting response... 302 Found
Location: https://exoplanetarchive.ipac.caltech.edu/data/ETSS//Kepler/005/612/00/kplr002159449-2013011073258_llc.fits [following]
--2018-12-09 13:07:09--  https://exoplanetarchive.ipac.caltech.edu/data/ETSS//Kepler/005/612/00/kplr002159449-2013011073258_llc.fits
Connecting to exoplanetarchive.ipac.caltech.edu (exoplanetarchive.ipac.caltech.edu)|134.4.54.147|:443... connected.
HTTP request sent, awaiting response... 200 OK
Length: 506880 (495K) [image/x-fits]
Saving to: 'kplr002159449-2013011073258_llc.fits'

     0K .......... .......... .......... .......... .......... 10% 43,2K 10s
    50K .......... .......... .......... .......... .......... 20% 85,7K 7s
   100K .......... .......... .......... .......... .......... 30%  129K 5s
   150K .......... .......... .......... .......... .......... 40%  257K 3s
   200K .......... .......... .......... .......... .......... 50%  129K 3s
   250K .......... .......... .......... .......... .......... 60%  251K 2s
   300K .......... .......... .......... .......... .......... 70%  127K 1s
   350K .......... .......... .......... .......... .......... 80%  258K 1s
   400K .......... .......... .......... .......... .......... 90%  252K 0s
   450K .......... .......... .......... .......... .....     100%  233K=3,9s

2018-12-09 13:07:14 (127 KB/s) - 'kplr002159449-2013011073258_llc.fits' saved [506880/506880]

--2018-12-09 13:07:14--  http://exoplanetarchive.ipac.caltech.edu/data/ETSS//Kepler/005/628/48/kplr002159449-2013011073258_llc_lc.tbl
Resolving exoplanetarchive.ipac.caltech.edu (exoplanetarchive.ipac.caltech.edu)... 134.4.54.147
Connecting to exoplanetarchive.ipac.caltech.edu (exoplanetarchive.ipac.caltech.edu)|134.4.54.147|:80... connected.
HTTP request sent, awaiting response... 302 Found
Location: https://exoplanetarchive.ipac.caltech.edu/data/ETSS//Kepler/005/628/48/kplr002159449-2013011073258_llc_lc.tbl [following]
--2018-12-09 13:07:14--  https://exoplanetarchive.ipac.caltech.edu/data/ETSS//Kepler/005/628/48/kplr002159449-2013011073258_llc_lc.tbl
Connecting to exoplanetarchive.ipac.caltech.edu (exoplanetarchive.ipac.caltech.edu)|134.4.54.147|:443... connected.
HTTP request sent, awaiting response... 200 OK
Length: 1544831 (1,5M) [text/plain]
Saving to: 'kplr002159449-2013011073258_llc_lc.tbl'

     0K .......... .......... .......... .......... ..........  3% 43,0K 34s
    50K .......... .......... .......... .......... ..........  6% 85,6K 25s
   100K .......... .......... .......... .......... ..........  9%  249K 18s
   150K .......... .......... .......... .......... .......... 13%  129K 15s
   200K .......... .......... .......... .......... .......... 16%  129K 14s
   250K .......... .......... .......... .......... .......... 19%  246K 12s
   300K .......... .......... .......... .......... .......... 23%  252K 10s
   350K .......... .......... .......... .......... .......... 26%  257K 9s
   400K .......... .......... .......... .......... .......... 29%  217K 8s
   450K .......... .......... .......... .......... .......... 33%  259K 8s
   500K .......... .......... .......... .......... .......... 36%  252K 7s
   550K .......... .......... .......... .......... .......... 39%  129K 7s
   600K .......... .......... .......... .......... .......... 43%  125K 6s
   650K .......... .......... .......... .......... .......... 46%  129K 6s
   700K .......... .......... .......... .......... .......... 49%  146K 6s
   750K .......... .......... .......... .......... .......... 53%  206K 5s
   800K .......... .......... .......... .......... .......... 56%  125K 5s
   850K .......... .......... .......... .......... .......... 59%  129K 4s
   900K .......... .......... .......... .......... .......... 62% 95,7K 4s
   950K .......... .......... .......... .......... .......... 66%  109K 4s
  1000K .......... .......... .......... .......... .......... 69%  156K 3s
  1050K .......... .......... .......... .......... .......... 72%  257K 3s
  1100K .......... .......... .......... .......... .......... 76%  129K 3s
  1150K .......... .......... .......... .......... .......... 79%  257K 2s
  1200K .......... .......... .......... .......... .......... 82%  246K 2s
  1250K .......... .......... .......... .......... .......... 86%  254K 1s
  1300K .......... .......... .......... .......... .......... 89%  130K 1s
  1350K .......... .......... .......... .......... .......... 92%  255K 1s
  1400K .......... .......... .......... .......... .......... 96%  126K 0s
  1450K .......... .......... .......... .......... .......... 99% 60,9K 0s
  1500K ........                                              100% 44,7K=11s

2018-12-09 13:07:26 (138 KB/s) - 'kplr002159449-2013011073258_llc_lc.tbl' saved [1544831/1544831]

--2018-12-09 13:07:26--  http://exoplanetarchive.ipac.caltech.edu/data/ETSS//Kepler/005/644/95/kplr002159449-2013098041711_llc.fits
Resolving exoplanetarchive.ipac.caltech.edu (exoplanetarchive.ipac.caltech.edu)... 134.4.54.147
Connecting to exoplanetarchive.ipac.caltech.edu (exoplanetarchive.ipac.caltech.edu)|134.4.54.147|:80... connected.
HTTP request sent, awaiting response... 302 Found
Location: https://exoplanetarchive.ipac.caltech.edu/data/ETSS//Kepler/005/644/95/kplr002159449-2013098041711_llc.fits [following]
--2018-12-09 13:07:27--  https://exoplanetarchive.ipac.caltech.edu/data/ETSS//Kepler/005/644/95/kplr002159449-2013098041711_llc.fits
Connecting to exoplanetarchive.ipac.caltech.edu (exoplanetarchive.ipac.caltech.edu)|134.4.54.147|:443... connected.
HTTP request sent, awaiting response... 200 OK
Length: 449280 (439K) [image/x-fits]
Saving to: 'kplr002159449-2013098041711_llc.fits'

     0K .......... .......... .......... .......... .......... 11% 42,9K 9s
    50K .......... .......... .......... .......... .......... 22% 85,7K 6s
   100K .......... .......... .......... .......... .......... 34%  127K 4s
   150K .......... .......... .......... .......... .......... 45%  128K 3s
   200K .......... .......... .......... .......... .......... 56%  129K 2s
   250K .......... .......... .......... .......... .......... 68%  129K 2s
   300K .......... .......... .......... .......... .......... 79%  252K 1s
   350K .......... .......... .......... .......... .......... 91%  258K 0s
   400K .......... .......... .......... ........             100%  199K=3,9s

2018-12-09 13:07:32 (113 KB/s) - 'kplr002159449-2013098041711_llc.fits' saved [449280/449280]

--2018-12-09 13:07:32--  http://exoplanetarchive.ipac.caltech.edu/data/ETSS//Kepler/005/661/71/kplr002159449-2013098041711_llc_lc.tbl
Resolving exoplanetarchive.ipac.caltech.edu (exoplanetarchive.ipac.caltech.edu)... 134.4.54.147
Connecting to exoplanetarchive.ipac.caltech.edu (exoplanetarchive.ipac.caltech.edu)|134.4.54.147|:80... connected.
HTTP request sent, awaiting response... 302 Found
Location: https://exoplanetarchive.ipac.caltech.edu/data/ETSS//Kepler/005/661/71/kplr002159449-2013098041711_llc_lc.tbl [following]
--2018-12-09 13:07:32--  https://exoplanetarchive.ipac.caltech.edu/data/ETSS//Kepler/005/661/71/kplr002159449-2013098041711_llc_lc.tbl
Connecting to exoplanetarchive.ipac.caltech.edu (exoplanetarchive.ipac.caltech.edu)|134.4.54.147|:443... connected.
HTTP request sent, awaiting response... 200 OK
Length: 1359011 (1,3M) [text/plain]
Saving to: 'kplr002159449-2013098041711_llc_lc.tbl'

     0K .......... .......... .......... .......... ..........  3% 43,2K 30s
    50K .......... .......... .......... .......... ..........  7% 86,0K 21s
   100K .......... .......... .......... .......... .......... 11%  127K 17s
   150K .......... .......... .......... .......... .......... 15%  130K 14s
   200K .......... .......... .......... .......... .......... 18%  129K 13s
   250K .......... .......... .......... .......... .......... 22%  130K 11s
   300K .......... .......... .......... .......... .......... 26%  129K 10s
   350K .......... .......... .......... .......... .......... 30%  256K 9s
   400K .......... .......... .......... .......... .......... 33%  244K 8s
   450K .......... .......... .......... .......... .......... 37%  257K 7s
   500K .......... .......... .......... .......... .......... 41%  250K 6s
   550K .......... .......... .......... .......... .......... 45%  259K 6s
   600K .......... .......... .......... .......... .......... 48%  257K 5s
   650K .......... .......... .......... .......... .......... 52%  258K 5s
   700K .......... .......... .......... .......... .......... 56%  261K 4s
   750K .......... .......... .......... .......... .......... 60% 13,8M 3s
   800K .......... .......... .......... .......... .......... 64%  257K 3s
   850K .......... .......... .......... .......... .......... 67%  258K 3s
   900K .......... .......... .......... .......... .......... 71%  255K 2s
   950K .......... .......... .......... .......... .......... 75%  260K 2s
  1000K .......... .......... .......... .......... .......... 79% 11,3M 2s
  1050K .......... .......... .......... .......... .......... 82%  259K 1s
  1100K .......... .......... .......... .......... .......... 86%  257K 1s
  1150K .......... .......... .......... .......... .......... 90%  261K 1s
  1200K .......... .......... .......... .......... .......... 94%  261K 0s
  1250K .......... .......... .......... .......... .......... 97% 4,78M 0s
  1300K .......... .......... .......                         100%  148K=7,0s

2018-12-09 13:07:40 (190 KB/s) - 'kplr002159449-2013098041711_llc_lc.tbl' saved [1359011/1359011]

--2018-12-09 13:07:40--  http://exoplanetarchive.ipac.caltech.edu/data/ETSS//Kepler/005/678/46/kplr002159449-2013131215648_llc.fits
Resolving exoplanetarchive.ipac.caltech.edu (exoplanetarchive.ipac.caltech.edu)... 134.4.54.147
Connecting to exoplanetarchive.ipac.caltech.edu (exoplanetarchive.ipac.caltech.edu)|134.4.54.147|:80... connected.
HTTP request sent, awaiting response... 302 Found
Location: https://exoplanetarchive.ipac.caltech.edu/data/ETSS//Kepler/005/678/46/kplr002159449-2013131215648_llc.fits [following]
--2018-12-09 13:07:40--  https://exoplanetarchive.ipac.caltech.edu/data/ETSS//Kepler/005/678/46/kplr002159449-2013131215648_llc.fits
Connecting to exoplanetarchive.ipac.caltech.edu (exoplanetarchive.ipac.caltech.edu)|134.4.54.147|:443... connected.
HTTP request sent, awaiting response... 200 OK
Length: 187200 (183K) [image/x-fits]
Saving to: 'kplr002159449-2013131215648_llc.fits'

     0K .......... .......... .......... .......... .......... 27% 42,7K 3s
    50K .......... .......... .......... .......... .......... 54% 86,3K 1s
   100K .......... .......... .......... .......... .......... 82%  245K 0s
   150K .......... .......... .......... ..                   100%  169K=2,2s

2018-12-09 13:07:44 (85,0 KB/s) - 'kplr002159449-2013131215648_llc.fits' saved [187200/187200]

--2018-12-09 13:07:44--  http://exoplanetarchive.ipac.caltech.edu/data/ETSS//Kepler/005/695/22/kplr002159449-2013131215648_llc_lc.tbl
Resolving exoplanetarchive.ipac.caltech.edu (exoplanetarchive.ipac.caltech.edu)... 134.4.54.147
Connecting to exoplanetarchive.ipac.caltech.edu (exoplanetarchive.ipac.caltech.edu)|134.4.54.147|:80... connected.
HTTP request sent, awaiting response... 302 Found
Location: https://exoplanetarchive.ipac.caltech.edu/data/ETSS//Kepler/005/695/22/kplr002159449-2013131215648_llc_lc.tbl [following]
--2018-12-09 13:07:44--  https://exoplanetarchive.ipac.caltech.edu/data/ETSS//Kepler/005/695/22/kplr002159449-2013131215648_llc_lc.tbl
Connecting to exoplanetarchive.ipac.caltech.edu (exoplanetarchive.ipac.caltech.edu)|134.4.54.147|:443... connected.
HTTP request sent, awaiting response... 200 OK
Length: 506683 (495K) [text/plain]
Saving to: 'kplr002159449-2013131215648_llc_lc.tbl'

     0K .......... .......... .......... .......... .......... 10% 43,0K 10s
    50K .......... .......... .......... .......... .......... 20% 85,4K 7s
   100K .......... .......... .......... .......... .......... 30%  129K 5s
   150K .......... .......... .......... .......... .......... 40%  128K 4s
   200K .......... .......... .......... .......... .......... 50% 36,4K 4s
   250K .......... .......... .......... .......... .......... 60% 51,9K 3s
   300K .......... .......... .......... .......... .......... 70% 42,5K 2s
   350K .......... .......... .......... .......... .......... 80% 32,3K 2s
   400K .......... .......... .......... .......... .......... 90% 26,0K 1s
   450K .......... .......... .......... .......... ....      100% 77,3K=10s

2018-12-09 13:07:55 (49,0 KB/s) - 'kplr002159449-2013131215648_llc_lc.tbl' saved [506683/506683]

