--2019-03-11 23:52:09--  http://exoplanetarchive.ipac.caltech.edu/data/ETSS//Kepler/005/147/83/kplr001164102-2009166043257_llc.fits
Resolving exoplanetarchive.ipac.caltech.edu (exoplanetarchive.ipac.caltech.edu)... 134.4.54.147
Connecting to exoplanetarchive.ipac.caltech.edu (exoplanetarchive.ipac.caltech.edu)|134.4.54.147|:80... connected.
HTTP request sent, awaiting response... 302 Found
Location: https://exoplanetarchive.ipac.caltech.edu/data/ETSS//Kepler/005/147/83/kplr001164102-2009166043257_llc.fits [following]
--2019-03-11 23:52:09--  https://exoplanetarchive.ipac.caltech.edu/data/ETSS//Kepler/005/147/83/kplr001164102-2009166043257_llc.fits
Connecting to exoplanetarchive.ipac.caltech.edu (exoplanetarchive.ipac.caltech.edu)|134.4.54.147|:443... connected.
HTTP request sent, awaiting response... 200 OK
Length: 192960 (188K) [image/x-fits]
Saving to: 'kplr001164102-2009166043257_llc.fits'

     0K .......... .......... .......... .......... .......... 26% 56,7K 2s
    50K .......... .......... .......... .......... .......... 53%  136K 1s
   100K .......... .......... .......... .......... .......... 79%  172K 0s
   150K .......... .......... .......... ........             100%  260K=1,7s

2019-03-11 23:52:11 (112 KB/s) - 'kplr001164102-2009166043257_llc.fits' saved [192960/192960]

--2019-03-11 23:52:12--  http://exoplanetarchive.ipac.caltech.edu/data/ETSS//Kepler/005/163/45/kplr001164102-2009166043257_llc_lc.tbl
Resolving exoplanetarchive.ipac.caltech.edu (exoplanetarchive.ipac.caltech.edu)... 134.4.54.147
Connecting to exoplanetarchive.ipac.caltech.edu (exoplanetarchive.ipac.caltech.edu)|134.4.54.147|:80... connected.
HTTP request sent, awaiting response... 302 Found
Location: https://exoplanetarchive.ipac.caltech.edu/data/ETSS//Kepler/005/163/45/kplr001164102-2009166043257_llc_lc.tbl [following]
--2019-03-11 23:52:12--  https://exoplanetarchive.ipac.caltech.edu/data/ETSS//Kepler/005/163/45/kplr001164102-2009166043257_llc_lc.tbl
Connecting to exoplanetarchive.ipac.caltech.edu (exoplanetarchive.ipac.caltech.edu)|134.4.54.147|:443... connected.
HTTP request sent, awaiting response... 200 OK
Length: 533373 (521K) [text/plain]
Saving to: 'kplr001164102-2009166043257_llc_lc.tbl'

     0K .......... .......... .......... .......... ..........  9% 58,8K 8s
    50K .......... .......... .......... .......... .......... 19%  137K 5s
   100K .......... .......... .......... .......... .......... 28%  176K 4s
   150K .......... .......... .......... .......... .......... 38%  245K 3s
   200K .......... .......... .......... .......... .......... 47%  225K 2s
   250K .......... .......... .......... .......... .......... 57%  343K 2s
   300K .......... .......... .......... .......... .......... 67%  350K 1s
   350K .......... .......... .......... .......... .......... 76%  350K 1s
   400K .......... .......... .......... .......... .......... 86%  242K 0s
   450K .......... .......... .......... .......... .......... 95%  617K 0s
   500K .......... ..........                                 100%  318K=2,7s

2019-03-11 23:52:15 (192 KB/s) - 'kplr001164102-2009166043257_llc_lc.tbl' saved [533373/533373]

--2019-03-11 23:52:15--  http://exoplanetarchive.ipac.caltech.edu/data/ETSS//Kepler/005/212/34/kplr001164102-2009259160929_llc.fits
Resolving exoplanetarchive.ipac.caltech.edu (exoplanetarchive.ipac.caltech.edu)... 134.4.54.147
Connecting to exoplanetarchive.ipac.caltech.edu (exoplanetarchive.ipac.caltech.edu)|134.4.54.147|:80... connected.
HTTP request sent, awaiting response... 302 Found
Location: https://exoplanetarchive.ipac.caltech.edu/data/ETSS//Kepler/005/212/34/kplr001164102-2009259160929_llc.fits [following]
--2019-03-11 23:52:16--  https://exoplanetarchive.ipac.caltech.edu/data/ETSS//Kepler/005/212/34/kplr001164102-2009259160929_llc.fits
Connecting to exoplanetarchive.ipac.caltech.edu (exoplanetarchive.ipac.caltech.edu)|134.4.54.147|:443... connected.
HTTP request sent, awaiting response... 200 OK
Length: 466560 (456K) [image/x-fits]
Saving to: 'kplr001164102-2009259160929_llc.fits'

     0K .......... .......... .......... .......... .......... 10% 68,2K 6s
    50K .......... .......... .......... .......... .......... 21%  171K 4s
   100K .......... .......... .......... .......... .......... 32%  315K 2s
   150K .......... .......... .......... .......... .......... 43%  321K 2s
   200K .......... .......... .......... .......... .......... 54%  172K 1s
   250K .......... .......... .......... .......... .......... 65%  337K 1s
   300K .......... .......... .......... .......... .......... 76%  342K 1s
   350K .......... .......... .......... .......... .......... 87% 3,24M 0s
   400K .......... .......... .......... .......... .......... 98%  331K 0s
   450K .....                                                 100%  107G=2,1s

2019-03-11 23:52:19 (218 KB/s) - 'kplr001164102-2009259160929_llc.fits' saved [466560/466560]

--2019-03-11 23:52:19--  http://exoplanetarchive.ipac.caltech.edu/data/ETSS//Kepler/005/228/98/kplr001164102-2009259160929_llc_lc.tbl
Resolving exoplanetarchive.ipac.caltech.edu (exoplanetarchive.ipac.caltech.edu)... 134.4.54.147
Connecting to exoplanetarchive.ipac.caltech.edu (exoplanetarchive.ipac.caltech.edu)|134.4.54.147|:80... connected.
HTTP request sent, awaiting response... 302 Found
Location: https://exoplanetarchive.ipac.caltech.edu/data/ETSS//Kepler/005/228/98/kplr001164102-2009259160929_llc_lc.tbl [following]
--2019-03-11 23:52:19--  https://exoplanetarchive.ipac.caltech.edu/data/ETSS//Kepler/005/228/98/kplr001164102-2009259160929_llc_lc.tbl
Connecting to exoplanetarchive.ipac.caltech.edu (exoplanetarchive.ipac.caltech.edu)|134.4.54.147|:443... connected.
HTTP request sent, awaiting response... 200 OK
Length: 1407780 (1,3M) [text/plain]
Saving to: 'kplr001164102-2009259160929_llc_lc.tbl'

     0K .......... .......... .......... .......... ..........  3% 67,2K 20s
    50K .......... .......... .......... .......... ..........  7%  175K 13s
   100K .......... .......... .......... .......... .......... 10%  301K 10s
   150K .......... .......... .......... .......... .......... 14%  181K 9s
   200K .......... .......... .......... .......... .......... 18%  338K 7s
   250K .......... .......... .......... .......... .......... 21%  328K 6s
   300K .......... .......... .......... .......... .......... 25%  325K 6s
   350K .......... .......... .......... .......... .......... 29%  329K 5s
   400K .......... .......... .......... .......... .......... 32%  341K 5s
   450K .......... .......... .......... .......... .......... 36%  342K 4s
   500K .......... .......... .......... .......... .......... 40%  350K 4s
   550K .......... .......... .......... .......... .......... 43%  343K 3s
   600K .......... .......... .......... .......... .......... 47% 3,61M 3s
   650K .......... .......... .......... .......... .......... 50%  344K 3s
   700K .......... .......... .......... .......... .......... 54% 4,35M 2s
   750K .......... .......... .......... .......... .......... 58%  346K 2s
   800K .......... .......... .......... .......... .......... 61%  344K 2s
   850K .......... .......... .......... .......... .......... 65% 3,94M 2s
   900K .......... .......... .......... .......... .......... 69% 3,44M 1s
   950K .......... .......... .......... .......... .......... 72%  363K 1s
  1000K .......... .......... .......... .......... .......... 76% 3,09M 1s
  1050K .......... .......... .......... .......... .......... 80%  364K 1s
  1100K .......... .......... .......... .......... .......... 83% 4,18M 1s
  1150K .......... .......... .......... .......... .......... 87% 4,38M 1s
  1200K .......... .......... .......... .......... .......... 90%  354K 0s
  1250K .......... .......... .......... .......... .......... 94% 4,04M 0s
  1300K .......... .......... .......... .......... .......... 98%  381K 0s
  1350K .......... .......... ....                            100% 5,15M=3,7s

2019-03-11 23:52:23 (367 KB/s) - 'kplr001164102-2009259160929_llc_lc.tbl' saved [1407780/1407780]

--2019-03-11 23:52:24--  http://exoplanetarchive.ipac.caltech.edu/data/ETSS//Kepler/005/245/61/kplr001164102-2009350155506_llc.fits
Resolving exoplanetarchive.ipac.caltech.edu (exoplanetarchive.ipac.caltech.edu)... 134.4.54.147
Connecting to exoplanetarchive.ipac.caltech.edu (exoplanetarchive.ipac.caltech.edu)|134.4.54.147|:80... connected.
HTTP request sent, awaiting response... 302 Found
Location: https://exoplanetarchive.ipac.caltech.edu/data/ETSS//Kepler/005/245/61/kplr001164102-2009350155506_llc.fits [following]
--2019-03-11 23:52:24--  https://exoplanetarchive.ipac.caltech.edu/data/ETSS//Kepler/005/245/61/kplr001164102-2009350155506_llc.fits
Connecting to exoplanetarchive.ipac.caltech.edu (exoplanetarchive.ipac.caltech.edu)|134.4.54.147|:443... connected.
HTTP request sent, awaiting response... 200 OK
Length: 466560 (456K) [image/x-fits]
Saving to: 'kplr001164102-2009350155506_llc.fits'

     0K .......... .......... .......... .......... .......... 10% 58,2K 7s
    50K .......... .......... .......... .......... .......... 21%  116K 5s
   100K .......... .......... .......... .......... .......... 32%  173K 3s
   150K .......... .......... .......... .......... .......... 43%  169K 2s
   200K .......... .......... .......... .......... .......... 54%  338K 2s
   250K .......... .......... .......... .......... .......... 65%  341K 1s
   300K .......... .......... .......... .......... .......... 76%  176K 1s
   350K .......... .......... .......... .......... .......... 87%  338K 0s
   400K .......... .......... .......... .......... .......... 98%  335K 0s
   450K .....                                                 100%  107G=2,7s

2019-03-11 23:52:27 (166 KB/s) - 'kplr001164102-2009350155506_llc.fits' saved [466560/466560]

--2019-03-11 23:52:27--  http://exoplanetarchive.ipac.caltech.edu/data/ETSS//Kepler/005/262/17/kplr001164102-2009350155506_llc_lc.tbl
Resolving exoplanetarchive.ipac.caltech.edu (exoplanetarchive.ipac.caltech.edu)... 134.4.54.147
Connecting to exoplanetarchive.ipac.caltech.edu (exoplanetarchive.ipac.caltech.edu)|134.4.54.147|:80... connected.
HTTP request sent, awaiting response... 302 Found
Location: https://exoplanetarchive.ipac.caltech.edu/data/ETSS//Kepler/005/262/17/kplr001164102-2009350155506_llc_lc.tbl [following]
--2019-03-11 23:52:28--  https://exoplanetarchive.ipac.caltech.edu/data/ETSS//Kepler/005/262/17/kplr001164102-2009350155506_llc_lc.tbl
Connecting to exoplanetarchive.ipac.caltech.edu (exoplanetarchive.ipac.caltech.edu)|134.4.54.147|:443... connected.
HTTP request sent, awaiting response... 200 OK
Length: 1412961 (1,3M) [text/plain]
Saving to: 'kplr001164102-2009350155506_llc_lc.tbl'

     0K .......... .......... .......... .......... ..........  3% 57,3K 23s
    50K .......... .......... .......... .......... ..........  7%  115K 17s
   100K .......... .......... .......... .......... .......... 10%  174K 13s
   150K .......... .......... .......... .......... .......... 14%  174K 11s
   200K .......... .......... .......... .......... .......... 18%  174K 10s
   250K .......... .......... .......... .......... .......... 21%  174K 9s
   300K .......... .......... .......... .......... .......... 25%  341K 8s
   350K .......... .......... .......... .......... .......... 28%  348K 7s
   400K .......... .......... .......... .......... .......... 32%  173K 6s
   450K .......... .......... .......... .......... .......... 36%  338K 6s
   500K .......... .......... .......... .......... .......... 39%  349K 5s
   550K .......... .......... .......... .......... .......... 43%  310K 5s
   600K .......... .......... .......... .......... .......... 47%  385K 4s
   650K .......... .......... .......... .......... .......... 50%  261K 4s
   700K .......... .......... .......... .......... .......... 54%  499K 3s
   750K .......... .......... .......... .......... .......... 57%  348K 3s
   800K .......... .......... .......... .......... .......... 61%  327K 3s
   850K .......... .......... .......... .......... .......... 65% 9,39M 2s
   900K .......... .......... .......... .......... .......... 68%  350K 2s
   950K .......... .......... .......... .......... .......... 72%  306K 2s
  1000K .......... .......... .......... .......... .......... 76%  405K 1s
  1050K .......... .......... .......... .......... .......... 79% 4,76M 1s
  1100K .......... .......... .......... .......... .......... 83%  358K 1s
  1150K .......... .......... .......... .......... .......... 86% 2,96M 1s
  1200K .......... .......... .......... .......... .......... 90%  379K 1s
  1250K .......... .......... .......... .......... .......... 94%  360K 0s
  1300K .......... .......... .......... .......... .......... 97% 3,11M 0s
  1350K .......... .......... .........                       100% 2,51M=5,1s

2019-03-11 23:52:34 (270 KB/s) - 'kplr001164102-2009350155506_llc_lc.tbl' saved [1412961/1412961]

--2019-03-11 23:52:34--  http://exoplanetarchive.ipac.caltech.edu/data/ETSS//Kepler/005/344/88/kplr001164102-2010078095331_llc.fits
Resolving exoplanetarchive.ipac.caltech.edu (exoplanetarchive.ipac.caltech.edu)... 134.4.54.147
Connecting to exoplanetarchive.ipac.caltech.edu (exoplanetarchive.ipac.caltech.edu)|134.4.54.147|:80... connected.
HTTP request sent, awaiting response... 302 Found
Location: https://exoplanetarchive.ipac.caltech.edu/data/ETSS//Kepler/005/344/88/kplr001164102-2010078095331_llc.fits [following]
--2019-03-11 23:52:34--  https://exoplanetarchive.ipac.caltech.edu/data/ETSS//Kepler/005/344/88/kplr001164102-2010078095331_llc.fits
Connecting to exoplanetarchive.ipac.caltech.edu (exoplanetarchive.ipac.caltech.edu)|134.4.54.147|:443... connected.
HTTP request sent, awaiting response... 200 OK
Length: 469440 (458K) [image/x-fits]
Saving to: 'kplr001164102-2010078095331_llc.fits'

     0K .......... .......... .......... .......... .......... 10% 58,4K 7s
    50K .......... .......... .......... .......... .......... 21%  114K 5s
   100K .......... .......... .......... .......... .......... 32%  157K 3s
   150K .......... .......... .......... .......... .......... 43%  194K 2s
   200K .......... .......... .......... .......... .......... 54%  161K 2s
   250K .......... .......... .......... .......... .......... 65%  421K 1s
   300K .......... .......... .......... .......... .......... 76%  345K 1s
   350K .......... .......... .......... .......... .......... 87%  341K 0s
   400K .......... .......... .......... .......... .......... 98%  175K 0s
   450K ........                                              100%  324K=2,9s

2019-03-11 23:52:38 (158 KB/s) - 'kplr001164102-2010078095331_llc.fits' saved [469440/469440]

--2019-03-11 23:52:38--  http://exoplanetarchive.ipac.caltech.edu/data/ETSS//Kepler/005/361/87/kplr001164102-2010078095331_llc_lc.tbl
Resolving exoplanetarchive.ipac.caltech.edu (exoplanetarchive.ipac.caltech.edu)... 134.4.54.147
Connecting to exoplanetarchive.ipac.caltech.edu (exoplanetarchive.ipac.caltech.edu)|134.4.54.147|:80... connected.
HTTP request sent, awaiting response... 302 Found
Location: https://exoplanetarchive.ipac.caltech.edu/data/ETSS//Kepler/005/361/87/kplr001164102-2010078095331_llc_lc.tbl [following]
--2019-03-11 23:52:38--  https://exoplanetarchive.ipac.caltech.edu/data/ETSS//Kepler/005/361/87/kplr001164102-2010078095331_llc_lc.tbl
Connecting to exoplanetarchive.ipac.caltech.edu (exoplanetarchive.ipac.caltech.edu)|134.4.54.147|:443... connected.
HTTP request sent, awaiting response... 200 OK
Length: 1421631 (1,4M) [text/plain]
Saving to: 'kplr001164102-2010078095331_llc_lc.tbl'

     0K .......... .......... .......... .......... ..........  3% 56,5K 24s
    50K .......... .......... .......... .......... ..........  7%  168K 15s
   100K .......... .......... .......... .......... .......... 10%  322K 11s
   150K .......... .......... .......... .......... .......... 14%  327K 9s
   200K .......... .......... .......... .......... .......... 18%  321K 7s
   250K .......... .......... .......... .......... .......... 21%  325K 7s
   300K .......... .......... .......... .......... .......... 25%  322K 6s
   350K .......... .......... .......... .......... .......... 28%  342K 5s
   400K .......... .......... .......... .......... .......... 32%  250K 5s
   450K .......... .......... .......... .......... .......... 36%  458K 4s
   500K .......... .......... .......... .......... .......... 39% 2,21M 4s
   550K .......... .......... .......... .......... .......... 43%  356K 3s
   600K .......... .......... .......... .......... .......... 46% 1,83M 3s
   650K .......... .......... .......... .......... .......... 50%  387K 3s
   700K .......... .......... .......... .......... .......... 54% 1,38M 2s
   750K .......... .......... .......... .......... .......... 57%  409K 2s
   800K .......... .......... .......... .......... .......... 61% 1,13M 2s
   850K .......... .......... .......... .......... .......... 64%  414K 2s
   900K .......... .......... .......... .......... .......... 68% 3,26M 1s
   950K .......... .......... .......... .......... .......... 72% 1,58M 1s
  1000K .......... .......... .......... .......... .......... 75%  313K 1s
  1050K .......... .......... .......... .......... .......... 79% 5,53M 1s
  1100K .......... .......... .......... .......... .......... 82% 27,2M 1s
  1150K .......... .......... .......... .......... .......... 86%  395K 1s
  1200K .......... .......... .......... .......... .......... 90% 1,97M 0s
  1250K .......... .......... .......... .......... .......... 93%  382K 0s
  1300K .......... .......... .......... .......... .......... 97% 2,31M 0s
  1350K .......... .......... .......... ........             100% 2,78M=3,6s

2019-03-11 23:52:43 (387 KB/s) - 'kplr001164102-2010078095331_llc_lc.tbl' saved [1421631/1421631]

--2019-03-11 23:52:43--  http://exoplanetarchive.ipac.caltech.edu/data/ETSS//Kepler/005/179/07/kplr001164102-2010174085026_llc.fits
Resolving exoplanetarchive.ipac.caltech.edu (exoplanetarchive.ipac.caltech.edu)... 134.4.54.147
Connecting to exoplanetarchive.ipac.caltech.edu (exoplanetarchive.ipac.caltech.edu)|134.4.54.147|:80... connected.
HTTP request sent, awaiting response... 302 Found
Location: https://exoplanetarchive.ipac.caltech.edu/data/ETSS//Kepler/005/179/07/kplr001164102-2010174085026_llc.fits [following]
--2019-03-11 23:52:43--  https://exoplanetarchive.ipac.caltech.edu/data/ETSS//Kepler/005/179/07/kplr001164102-2010174085026_llc.fits
Connecting to exoplanetarchive.ipac.caltech.edu (exoplanetarchive.ipac.caltech.edu)|134.4.54.147|:443... connected.
HTTP request sent, awaiting response... 200 OK
Length: 492480 (481K) [image/x-fits]
Saving to: 'kplr001164102-2010174085026_llc.fits'

     0K .......... .......... .......... .......... .......... 10% 61,6K 7s
    50K .......... .......... .......... .......... .......... 20%  162K 4s
   100K .......... .......... .......... .......... .......... 31%  181K 3s
   150K .......... .......... .......... .......... .......... 41%  324K 2s
   200K .......... .......... .......... .......... .......... 51%  280K 2s
   250K .......... .......... .......... .......... .......... 62%  376K 1s
   300K .......... .......... .......... .......... .......... 72%  327K 1s
   350K .......... .......... .......... .......... .......... 83% 1,31M 0s
   400K .......... .......... .......... .......... .......... 93%  320K 0s
   450K .......... .......... ..........                      100%  263K=2,3s

2019-03-11 23:52:46 (207 KB/s) - 'kplr001164102-2010174085026_llc.fits' saved [492480/492480]

--2019-03-11 23:52:46--  http://exoplanetarchive.ipac.caltech.edu/data/ETSS//Kepler/005/195/71/kplr001164102-2010174085026_llc_lc.tbl
Resolving exoplanetarchive.ipac.caltech.edu (exoplanetarchive.ipac.caltech.edu)... 134.4.54.147
Connecting to exoplanetarchive.ipac.caltech.edu (exoplanetarchive.ipac.caltech.edu)|134.4.54.147|:80... connected.
HTTP request sent, awaiting response... 302 Found
Location: https://exoplanetarchive.ipac.caltech.edu/data/ETSS//Kepler/005/195/71/kplr001164102-2010174085026_llc_lc.tbl [following]
--2019-03-11 23:52:46--  https://exoplanetarchive.ipac.caltech.edu/data/ETSS//Kepler/005/195/71/kplr001164102-2010174085026_llc_lc.tbl
Connecting to exoplanetarchive.ipac.caltech.edu (exoplanetarchive.ipac.caltech.edu)|134.4.54.147|:443... connected.
HTTP request sent, awaiting response... 200 OK
Length: 1497967 (1,4M) [text/plain]
Saving to: 'kplr001164102-2010174085026_llc_lc.tbl'

     0K .......... .......... .......... .......... ..........  3% 57,6K 25s
    50K .......... .......... .......... .......... ..........  6%  113K 18s
   100K .......... .......... .......... .......... .......... 10%  172K 14s
   150K .......... .......... .......... .......... .......... 13%  171K 12s
   200K .......... .......... .......... .......... .......... 17%  339K 10s
   250K .......... .......... .......... .......... .......... 20%  337K 8s
   300K .......... .......... .......... .......... .......... 23%  341K 7s
   350K .......... .......... .......... .......... .......... 27%  348K 7s
   400K .......... .......... .......... .......... .......... 30%  172K 6s
   450K .......... .......... .......... .......... .......... 34%  343K 6s
   500K .......... .......... .......... .......... .......... 37%  344K 5s
   550K .......... .......... .......... .......... .......... 41% 9,87M 4s
   600K .......... .......... .......... .......... .......... 44%  345K 4s
   650K .......... .......... .......... .......... .......... 47%  347K 4s
   700K .......... .......... .......... .......... .......... 51%  345K 3s
   750K .......... .......... .......... .......... .......... 54% 7,37M 3s
   800K .......... .......... .......... .......... .......... 58%  338K 3s
   850K .......... .......... .......... .......... .......... 61%  355K 2s
   900K .......... .......... .......... .......... .......... 64%  350K 2s
   950K .......... .......... .......... .......... .......... 68%  345K 2s
  1000K .......... .......... .......... .......... .......... 71%  346K 2s
  1050K .......... .......... .......... .......... .......... 75% 11,2M 1s
  1100K .......... .......... .......... .......... .......... 78%  346K 1s
  1150K .......... .......... .......... .......... .......... 82%  336K 1s
  1200K .......... .......... .......... .......... .......... 85% 5,33M 1s
  1250K .......... .......... .......... .......... .......... 88%  364K 1s
  1300K .......... .......... .......... .......... .......... 92% 7,90M 0s
  1350K .......... .......... .......... .......... .......... 95%  342K 0s
  1400K .......... .......... .......... .......... .......... 99% 7,42M 0s
  1450K .......... ..                                         100% 22,6M=4,8s

2019-03-11 23:52:52 (303 KB/s) - 'kplr001164102-2010174085026_llc_lc.tbl' saved [1497967/1497967]

--2019-03-11 23:52:52--  http://exoplanetarchive.ipac.caltech.edu/data/ETSS//Kepler/005/378/86/kplr001164102-2010265121752_llc.fits
Resolving exoplanetarchive.ipac.caltech.edu (exoplanetarchive.ipac.caltech.edu)... 134.4.54.147
Connecting to exoplanetarchive.ipac.caltech.edu (exoplanetarchive.ipac.caltech.edu)|134.4.54.147|:80... connected.
HTTP request sent, awaiting response... 302 Found
Location: https://exoplanetarchive.ipac.caltech.edu/data/ETSS//Kepler/005/378/86/kplr001164102-2010265121752_llc.fits [following]
--2019-03-11 23:52:52--  https://exoplanetarchive.ipac.caltech.edu/data/ETSS//Kepler/005/378/86/kplr001164102-2010265121752_llc.fits
Connecting to exoplanetarchive.ipac.caltech.edu (exoplanetarchive.ipac.caltech.edu)|134.4.54.147|:443... connected.
HTTP request sent, awaiting response... 200 OK
Length: 469440 (458K) [image/x-fits]
Saving to: 'kplr001164102-2010265121752_llc.fits'

     0K .......... .......... .......... .......... .......... 10% 57,7K 7s
    50K .......... .......... .......... .......... .......... 21%  166K 4s
   100K .......... .......... .......... .......... .......... 32%  174K 3s
   150K .......... .......... .......... .......... .......... 43%  175K 2s
   200K .......... .......... .......... .......... .......... 54%  336K 2s
   250K .......... .......... .......... .......... .......... 65%  333K 1s
   300K .......... .......... .......... .......... .......... 76%  181K 1s
   350K .......... .......... .......... .......... .......... 87%  349K 0s
   400K .......... .......... .......... .......... .......... 98%  336K 0s
   450K ........                                              100% 12,1M=2,6s

2019-03-11 23:52:56 (176 KB/s) - 'kplr001164102-2010265121752_llc.fits' saved [469440/469440]

--2019-03-11 23:52:56--  http://exoplanetarchive.ipac.caltech.edu/data/ETSS//Kepler/005/395/39/kplr001164102-2010265121752_llc_lc.tbl
Resolving exoplanetarchive.ipac.caltech.edu (exoplanetarchive.ipac.caltech.edu)... 134.4.54.147
Connecting to exoplanetarchive.ipac.caltech.edu (exoplanetarchive.ipac.caltech.edu)|134.4.54.147|:80... connected.
HTTP request sent, awaiting response... 302 Found
Location: https://exoplanetarchive.ipac.caltech.edu/data/ETSS//Kepler/005/395/39/kplr001164102-2010265121752_llc_lc.tbl [following]
--2019-03-11 23:52:56--  https://exoplanetarchive.ipac.caltech.edu/data/ETSS//Kepler/005/395/39/kplr001164102-2010265121752_llc_lc.tbl
Connecting to exoplanetarchive.ipac.caltech.edu (exoplanetarchive.ipac.caltech.edu)|134.4.54.147|:443... connected.
HTTP request sent, awaiting response... 200 OK
Length: 1421961 (1,4M) [text/plain]
Saving to: 'kplr001164102-2010265121752_llc_lc.tbl'

     0K .......... .......... .......... .......... ..........  3% 67,9K 20s
    50K .......... .......... .......... .......... ..........  7%  166K 13s
   100K .......... .......... .......... .......... .......... 10%  316K 10s
   150K .......... .......... .......... .......... .......... 14%  177K 9s
   200K .......... .......... .......... .......... .......... 18% 1,88M 7s
   250K .......... .......... .......... .......... .......... 21%  330K 6s
   300K .......... .......... .......... .......... .......... 25%  336K 5s
   350K .......... .......... .......... .......... .......... 28%  330K 5s
   400K .......... .......... .......... .......... .......... 32%  310K 4s
   450K .......... .......... .......... .......... .......... 36%  378K 4s
   500K .......... .......... .......... .......... .......... 39% 1,82M 3s
   550K .......... .......... .......... .......... .......... 43%  363K 3s
   600K .......... .......... .......... .......... .......... 46% 2,27M 3s
   650K .......... .......... .......... .......... .......... 50%  362K 3s
   700K .......... .......... .......... .......... .......... 54% 2,20M 2s
   750K .......... .......... .......... .......... .......... 57%  376K 2s
   800K .......... .......... .......... .......... .......... 61% 1,33M 2s
   850K .......... .......... .......... .......... .......... 64% 2,82M 2s
   900K .......... .......... .......... .......... .......... 68%  388K 1s
   950K .......... .......... .......... .......... .......... 72% 1,73M 1s
  1000K .......... .......... .......... .......... .......... 75%  394K 1s
  1050K .......... .......... .......... .......... .......... 79% 3,36M 1s
  1100K .......... .......... .......... .......... .......... 82% 1,26M 1s
  1150K .......... .......... .......... .......... .......... 86%  396K 1s
  1200K .......... .......... .......... .......... .......... 90%  985K 0s
  1250K .......... .......... .......... .......... .......... 93%  395K 0s
  1300K .......... .......... .......... .......... .......... 97% 2,09M 0s
  1350K .......... .......... .......... ........             100% 1,42M=3,5s

2019-03-11 23:53:01 (400 KB/s) - 'kplr001164102-2010265121752_llc_lc.tbl' saved [1421961/1421961]

--2019-03-11 23:53:01--  http://exoplanetarchive.ipac.caltech.edu/data/ETSS//Kepler/005/278/74/kplr001164102-2010355172524_llc.fits
Resolving exoplanetarchive.ipac.caltech.edu (exoplanetarchive.ipac.caltech.edu)... 134.4.54.147
Connecting to exoplanetarchive.ipac.caltech.edu (exoplanetarchive.ipac.caltech.edu)|134.4.54.147|:80... connected.
HTTP request sent, awaiting response... 302 Found
Location: https://exoplanetarchive.ipac.caltech.edu/data/ETSS//Kepler/005/278/74/kplr001164102-2010355172524_llc.fits [following]
--2019-03-11 23:53:01--  https://exoplanetarchive.ipac.caltech.edu/data/ETSS//Kepler/005/278/74/kplr001164102-2010355172524_llc.fits
Connecting to exoplanetarchive.ipac.caltech.edu (exoplanetarchive.ipac.caltech.edu)|134.4.54.147|:443... connected.
HTTP request sent, awaiting response... 200 OK
Length: 466560 (456K) [image/x-fits]
Saving to: 'kplr001164102-2010355172524_llc.fits'

     0K .......... .......... .......... .......... .......... 10% 54,9K 7s
    50K .......... .......... .......... .......... .......... 21%  167K 4s
   100K .......... .......... .......... .......... .......... 32%  170K 3s
   150K .......... .......... .......... .......... .......... 43%  166K 2s
   200K .......... .......... .......... .......... .......... 54%  308K 2s
   250K .......... .......... .......... .......... .......... 65%  171K 1s
   300K .......... .......... .......... .......... .......... 76%  320K 1s
   350K .......... .......... .......... .......... .......... 87%  317K 0s
   400K .......... .......... .......... .......... .......... 98%  319K 0s
   450K .....                                                 100%  107G=2,7s

2019-03-11 23:53:04 (167 KB/s) - 'kplr001164102-2010355172524_llc.fits' saved [466560/466560]

--2019-03-11 23:53:05--  http://exoplanetarchive.ipac.caltech.edu/data/ETSS//Kepler/005/295/08/kplr001164102-2010355172524_llc_lc.tbl
Resolving exoplanetarchive.ipac.caltech.edu (exoplanetarchive.ipac.caltech.edu)... 134.4.54.147
Connecting to exoplanetarchive.ipac.caltech.edu (exoplanetarchive.ipac.caltech.edu)|134.4.54.147|:80... connected.
HTTP request sent, awaiting response... 302 Found
Location: https://exoplanetarchive.ipac.caltech.edu/data/ETSS//Kepler/005/295/08/kplr001164102-2010355172524_llc_lc.tbl [following]
--2019-03-11 23:53:05--  https://exoplanetarchive.ipac.caltech.edu/data/ETSS//Kepler/005/295/08/kplr001164102-2010355172524_llc_lc.tbl
Connecting to exoplanetarchive.ipac.caltech.edu (exoplanetarchive.ipac.caltech.edu)|134.4.54.147|:443... connected.
HTTP request sent, awaiting response... 200 OK
Length: 1414558 (1,3M) [text/plain]
Saving to: 'kplr001164102-2010355172524_llc_lc.tbl'

     0K .......... .......... .......... .......... ..........  3% 61,5K 22s
    50K .......... .......... .......... .......... ..........  7%  161K 14s
   100K .......... .......... .......... .......... .......... 10%  306K 11s
   150K .......... .......... .......... .......... .......... 14%  189K 9s
   200K .......... .......... .......... .......... .......... 18%  311K 8s
   250K .......... .......... .......... .......... .......... 21%  324K 7s
   300K .......... .......... .......... .......... .......... 25%  963K 6s
   350K .......... .......... .......... .......... .......... 28%  309K 5s
   400K .......... .......... .......... .......... .......... 32%  407K 5s
   450K .......... .......... .......... .......... .......... 36%  316K 4s
   500K .......... .......... .......... .......... .......... 39%  916K 4s
   550K .......... .......... .......... .......... .......... 43%  436K 3s
   600K .......... .......... .......... .......... .......... 47%  319K 3s
   650K .......... .......... .......... .......... .......... 50% 3,24M 3s
   700K .......... .......... .......... .......... .......... 54% 1,14M 2s
   750K .......... .......... .......... .......... .......... 57%  391K 2s
   800K .......... .......... .......... .......... .......... 61%  330K 2s
   850K .......... .......... .......... .......... .......... 65% 1,92M 2s
   900K .......... .......... .......... .......... .......... 68% 2,65M 1s
   950K .......... .......... .......... .......... .......... 72%  366K 1s
  1000K .......... .......... .......... .......... .......... 76% 1,41M 1s
  1050K .......... .......... .......... .......... .......... 79%  393K 1s
  1100K .......... .......... .......... .......... .......... 83% 1,42M 1s
  1150K .......... .......... .......... .......... .......... 86% 2,72M 1s
  1200K .......... .......... .......... .......... .......... 90%  406K 0s
  1250K .......... .......... .......... .......... .......... 94% 1,27M 0s
  1300K .......... .......... .......... .......... .......... 97%  416K 0s
  1350K .......... .......... .......... .                    100% 4,89M=3,7s

2019-03-11 23:53:09 (373 KB/s) - 'kplr001164102-2010355172524_llc_lc.tbl' saved [1414558/1414558]

--2019-03-11 23:53:09--  http://exoplanetarchive.ipac.caltech.edu/data/ETSS//Kepler/005/411/93/kplr001164102-2011073133259_llc.fits
Resolving exoplanetarchive.ipac.caltech.edu (exoplanetarchive.ipac.caltech.edu)... 134.4.54.147
Connecting to exoplanetarchive.ipac.caltech.edu (exoplanetarchive.ipac.caltech.edu)|134.4.54.147|:80... connected.
HTTP request sent, awaiting response... 302 Found
Location: https://exoplanetarchive.ipac.caltech.edu/data/ETSS//Kepler/005/411/93/kplr001164102-2011073133259_llc.fits [following]
--2019-03-11 23:53:10--  https://exoplanetarchive.ipac.caltech.edu/data/ETSS//Kepler/005/411/93/kplr001164102-2011073133259_llc.fits
Connecting to exoplanetarchive.ipac.caltech.edu (exoplanetarchive.ipac.caltech.edu)|134.4.54.147|:443... connected.
HTTP request sent, awaiting response... 200 OK
Length: 357120 (349K) [image/x-fits]
Saving to: 'kplr001164102-2011073133259_llc.fits'

     0K .......... .......... .......... .......... .......... 14% 58,0K 5s
    50K .......... .......... .......... .......... .......... 28%  118K 3s
   100K .......... .......... .......... .......... .......... 43%  172K 2s
   150K .......... .......... .......... .......... .......... 57%  334K 1s
   200K .......... .......... .......... .......... .......... 71%  182K 1s
   250K .......... .......... .......... .......... .......... 86%  352K 0s
   300K .......... .......... .......... .......... ........  100%  340K=2,3s

2019-03-11 23:53:13 (153 KB/s) - 'kplr001164102-2011073133259_llc.fits' saved [357120/357120]

--2019-03-11 23:53:13--  http://exoplanetarchive.ipac.caltech.edu/data/ETSS//Kepler/005/428/72/kplr001164102-2011073133259_llc_lc.tbl
Resolving exoplanetarchive.ipac.caltech.edu (exoplanetarchive.ipac.caltech.edu)... 134.4.54.147
Connecting to exoplanetarchive.ipac.caltech.edu (exoplanetarchive.ipac.caltech.edu)|134.4.54.147|:80... connected.
HTTP request sent, awaiting response... 302 Found
Location: https://exoplanetarchive.ipac.caltech.edu/data/ETSS//Kepler/005/428/72/kplr001164102-2011073133259_llc_lc.tbl [following]
--2019-03-11 23:53:13--  https://exoplanetarchive.ipac.caltech.edu/data/ETSS//Kepler/005/428/72/kplr001164102-2011073133259_llc_lc.tbl
Connecting to exoplanetarchive.ipac.caltech.edu (exoplanetarchive.ipac.caltech.edu)|134.4.54.147|:443... connected.
HTTP request sent, awaiting response... 200 OK
Length: 1061643 (1,0M) [text/plain]
Saving to: 'kplr001164102-2011073133259_llc_lc.tbl'

     0K .......... .......... .......... .......... ..........  4% 53,8K 18s
    50K .......... .......... .......... .......... ..........  9%  109K 13s
   100K .......... .......... .......... .......... .......... 14%  160K 10s
   150K .......... .......... .......... .......... .......... 19%  324K 8s
   200K .......... .......... .......... .......... .......... 24%  161K 7s
   250K .......... .......... .......... .......... .......... 28%  326K 6s
   300K .......... .......... .......... .......... .......... 33%  303K 5s
   350K .......... .......... .......... .......... .......... 38%  325K 4s
   400K .......... .......... .......... .......... .......... 43%  320K 4s
   450K .......... .......... .......... .......... .......... 48%  330K 3s
   500K .......... .......... .......... .......... .......... 53%  316K 3s
   550K .......... .......... .......... .......... .......... 57%  313K 2s
   600K .......... .......... .......... .......... .......... 62%  320K 2s
   650K .......... .......... .......... .......... .......... 67%  333K 2s
   700K .......... .......... .......... .......... .......... 72% 4,24M 1s
   750K .......... .......... .......... .......... .......... 77%  322K 1s
   800K .......... .......... .......... .......... .......... 81%  327K 1s
   850K .......... .......... .......... .......... .......... 86%  326K 1s
   900K .......... .......... .......... .......... .......... 91%  314K 0s
   950K .......... .......... .......... .......... .......... 96% 26,7M 0s
  1000K .......... .......... .......... ......               100%  238K=4,4s

2019-03-11 23:53:18 (238 KB/s) - 'kplr001164102-2011073133259_llc_lc.tbl' saved [1061643/1061643]

--2019-03-11 23:53:18--  http://exoplanetarchive.ipac.caltech.edu/data/ETSS//Kepler/005/311/41/kplr001164102-2011177032512_llc.fits
Resolving exoplanetarchive.ipac.caltech.edu (exoplanetarchive.ipac.caltech.edu)... 134.4.54.147
Connecting to exoplanetarchive.ipac.caltech.edu (exoplanetarchive.ipac.caltech.edu)|134.4.54.147|:80... connected.
HTTP request sent, awaiting response... 302 Found
Location: https://exoplanetarchive.ipac.caltech.edu/data/ETSS//Kepler/005/311/41/kplr001164102-2011177032512_llc.fits [following]
--2019-03-11 23:53:19--  https://exoplanetarchive.ipac.caltech.edu/data/ETSS//Kepler/005/311/41/kplr001164102-2011177032512_llc.fits
Connecting to exoplanetarchive.ipac.caltech.edu (exoplanetarchive.ipac.caltech.edu)|134.4.54.147|:443... connected.
HTTP request sent, awaiting response... 200 OK
Length: 506880 (495K) [image/x-fits]
Saving to: 'kplr001164102-2011177032512_llc.fits'

     0K .......... .......... .......... .......... .......... 10% 51,3K 9s
    50K .......... .......... .......... .......... .......... 20%  109K 6s
   100K .......... .......... .......... .......... .......... 30%  163K 4s
   150K .......... .......... .......... .......... .......... 40%  298K 3s
   200K .......... .......... .......... .......... .......... 50%  170K 2s
   250K .......... .......... .......... .......... .......... 60%  314K 2s
   300K .......... .......... .......... .......... .......... 70%  310K 1s
   350K .......... .......... .......... .......... .......... 80%  331K 1s
   400K .......... .......... .......... .......... .......... 90%  268K 0s
   450K .......... .......... .......... .......... .....     100%  377K=3,0s

2019-03-11 23:53:23 (166 KB/s) - 'kplr001164102-2011177032512_llc.fits' saved [506880/506880]

--2019-03-11 23:53:23--  http://exoplanetarchive.ipac.caltech.edu/data/ETSS//Kepler/005/328/15/kplr001164102-2011177032512_llc_lc.tbl
Resolving exoplanetarchive.ipac.caltech.edu (exoplanetarchive.ipac.caltech.edu)... 134.4.54.147
Connecting to exoplanetarchive.ipac.caltech.edu (exoplanetarchive.ipac.caltech.edu)|134.4.54.147|:80... connected.
HTTP request sent, awaiting response... 302 Found
Location: https://exoplanetarchive.ipac.caltech.edu/data/ETSS//Kepler/005/328/15/kplr001164102-2011177032512_llc_lc.tbl [following]
--2019-03-11 23:53:23--  https://exoplanetarchive.ipac.caltech.edu/data/ETSS//Kepler/005/328/15/kplr001164102-2011177032512_llc_lc.tbl
Connecting to exoplanetarchive.ipac.caltech.edu (exoplanetarchive.ipac.caltech.edu)|134.4.54.147|:443... connected.
HTTP request sent, awaiting response... 200 OK
Length: 1541118 (1,5M) [text/plain]
Saving to: 'kplr001164102-2011177032512_llc_lc.tbl'

     0K .......... .......... .......... .......... ..........  3% 68,4K 21s
    50K .......... .......... .......... .......... ..........  6%  115K 16s
   100K .......... .......... .......... .......... ..........  9%  300K 12s
   150K .......... .......... .......... .......... .......... 13%  318K 10s
   200K .......... .......... .......... .......... .......... 16%  330K 8s
   250K .......... .......... .......... .......... .......... 19%  329K 7s
   300K .......... .......... .......... .......... .......... 23%  335K 6s
   350K .......... .......... .......... .......... .......... 26%  324K 6s
   400K .......... .......... .......... .......... .......... 29%  321K 5s
   450K .......... .......... .......... .......... .......... 33%  356K 5s
   500K .......... .......... .......... .......... .......... 36%  337K 4s
   550K .......... .......... .......... .......... .......... 39% 2,50M 4s
   600K .......... .......... .......... .......... .......... 43%  358K 4s
   650K .......... .......... .......... .......... .......... 46% 2,13M 3s
   700K .......... .......... .......... .......... .......... 49%  335K 3s
   750K .......... .......... .......... .......... .......... 53%  385K 3s
   800K .......... .......... .......... .......... .......... 56% 1,48M 2s
   850K .......... .......... .......... .......... .......... 59%  388K 2s
   900K .......... .......... .......... .......... .......... 63% 5,48M 2s
   950K .......... .......... .......... .......... .......... 66% 1,91M 2s
  1000K .......... .......... .......... .......... .......... 69%  372K 1s
  1050K .......... .......... .......... .......... .......... 73% 2,24M 1s
  1100K .......... .......... .......... .......... .......... 76% 3,75M 1s
  1150K .......... .......... .......... .......... .......... 79%  367K 1s
  1200K .......... .......... .......... .......... .......... 83% 1,96M 1s
  1250K .......... .......... .......... .......... .......... 86%  371K 1s
  1300K .......... .......... .......... .......... .......... 89% 3,07M 0s
  1350K .......... .......... .......... .......... .......... 93% 3,71M 0s
  1400K .......... .......... .......... .......... .......... 96%  381K 0s
  1450K .......... .......... .......... .......... .......... 99% 2,31M 0s
  1500K ....                                                  100% 7,44M=3,8s

2019-03-11 23:53:28 (391 KB/s) - 'kplr001164102-2011177032512_llc_lc.tbl' saved [1541118/1541118]

--2019-03-11 23:53:28--  http://exoplanetarchive.ipac.caltech.edu/data/ETSS//Kepler/005/445/50/kplr001164102-2011271113734_llc.fits
Resolving exoplanetarchive.ipac.caltech.edu (exoplanetarchive.ipac.caltech.edu)... 134.4.54.147
Connecting to exoplanetarchive.ipac.caltech.edu (exoplanetarchive.ipac.caltech.edu)|134.4.54.147|:80... connected.
HTTP request sent, awaiting response... 302 Found
Location: https://exoplanetarchive.ipac.caltech.edu/data/ETSS//Kepler/005/445/50/kplr001164102-2011271113734_llc.fits [following]
--2019-03-11 23:53:28--  https://exoplanetarchive.ipac.caltech.edu/data/ETSS//Kepler/005/445/50/kplr001164102-2011271113734_llc.fits
Connecting to exoplanetarchive.ipac.caltech.edu (exoplanetarchive.ipac.caltech.edu)|134.4.54.147|:443... connected.
HTTP request sent, awaiting response... 200 OK
Length: 486720 (475K) [image/x-fits]
Saving to: 'kplr001164102-2011271113734_llc.fits'

     0K .......... .......... .......... .......... .......... 10% 70,3K 6s
    50K .......... .......... .......... .......... .......... 21%  171K 4s
   100K .......... .......... .......... .......... .......... 31%  178K 3s
   150K .......... .......... .......... .......... .......... 42%  318K 2s
   200K .......... .......... .......... .......... .......... 52%  336K 1s
   250K .......... .......... .......... .......... .......... 63%  167K 1s
   300K .......... .......... .......... .......... .......... 73% 2,00M 1s
   350K .......... .......... .......... .......... .......... 84%  365K 0s
   400K .......... .......... .......... .......... .......... 94%  331K 0s
   450K .......... .......... .....                           100%  192K=2,3s

2019-03-11 23:53:31 (204 KB/s) - 'kplr001164102-2011271113734_llc.fits' saved [486720/486720]

--2019-03-11 23:53:31--  http://exoplanetarchive.ipac.caltech.edu/data/ETSS//Kepler/005/462/20/kplr001164102-2011271113734_llc_lc.tbl
Resolving exoplanetarchive.ipac.caltech.edu (exoplanetarchive.ipac.caltech.edu)... 134.4.54.147
Connecting to exoplanetarchive.ipac.caltech.edu (exoplanetarchive.ipac.caltech.edu)|134.4.54.147|:80... connected.
HTTP request sent, awaiting response... 302 Found
Location: https://exoplanetarchive.ipac.caltech.edu/data/ETSS//Kepler/005/462/20/kplr001164102-2011271113734_llc_lc.tbl [following]
--2019-03-11 23:53:31--  https://exoplanetarchive.ipac.caltech.edu/data/ETSS//Kepler/005/462/20/kplr001164102-2011271113734_llc_lc.tbl
Connecting to exoplanetarchive.ipac.caltech.edu (exoplanetarchive.ipac.caltech.edu)|134.4.54.147|:443... connected.
HTTP request sent, awaiting response... 200 OK
Length: 1478317 (1,4M) [text/plain]
Saving to: 'kplr001164102-2011271113734_llc_lc.tbl'

     0K .......... .......... .......... .......... ..........  3% 64,0K 22s
    50K .......... .......... .......... .......... ..........  6%  164K 15s
   100K .......... .......... .......... .......... .......... 10%  323K 11s
   150K .......... .......... .......... .......... .......... 13%  161K 10s
   200K .......... .......... .......... .......... .......... 17%  313K 8s
   250K .......... .......... .......... .......... .......... 20%  326K 7s
   300K .......... .......... .......... .......... .......... 24%  330K 6s
   350K .......... .......... .......... .......... .......... 27%  310K 6s
   400K .......... .......... .......... .......... .......... 31%  341K 5s
   450K .......... .......... .......... .......... .......... 34%  348K 5s
   500K .......... .......... .......... .......... .......... 38%  330K 4s
   550K .......... .......... .......... .......... .......... 41%  353K 4s
   600K .......... .......... .......... .......... .......... 45% 3,47M 3s
   650K .......... .......... .......... .......... .......... 48%  347K 3s
   700K .......... .......... .......... .......... .......... 51% 3,64M 3s
   750K .......... .......... .......... .......... .......... 55%  348K 2s
   800K .......... .......... .......... .......... .......... 58%  361K 2s
   850K .......... .......... .......... .......... .......... 62% 2,32M 2s
   900K .......... .......... .......... .......... .......... 65%  381K 2s
   950K .......... .......... .......... .......... .......... 69% 2,45M 2s
  1000K .......... .......... .......... .......... .......... 72%  381K 1s
  1050K .......... .......... .......... .......... .......... 76% 4,09M 1s
  1100K .......... .......... .......... .......... .......... 79% 2,50M 1s
  1150K .......... .......... .......... .......... .......... 83%  383K 1s
  1200K .......... .......... .......... .......... .......... 86% 2,15M 1s
  1250K .......... .......... .......... .......... .......... 90%  402K 0s
  1300K .......... .......... .......... .......... .......... 93% 3,27M 0s
  1350K .......... .......... .......... .......... .......... 96% 3,05M 0s
  1400K .......... .......... .......... .......... ...       100% 4,81M=3,9s

2019-03-11 23:53:36 (373 KB/s) - 'kplr001164102-2011271113734_llc_lc.tbl' saved [1478317/1478317]

--2019-03-11 23:53:36--  http://exoplanetarchive.ipac.caltech.edu/data/ETSS//Kepler/005/478/90/kplr001164102-2012004120508_llc.fits
Resolving exoplanetarchive.ipac.caltech.edu (exoplanetarchive.ipac.caltech.edu)... 134.4.54.147
Connecting to exoplanetarchive.ipac.caltech.edu (exoplanetarchive.ipac.caltech.edu)|134.4.54.147|:80... connected.
HTTP request sent, awaiting response... 302 Found
Location: https://exoplanetarchive.ipac.caltech.edu/data/ETSS//Kepler/005/478/90/kplr001164102-2012004120508_llc.fits [following]
--2019-03-11 23:53:37--  https://exoplanetarchive.ipac.caltech.edu/data/ETSS//Kepler/005/478/90/kplr001164102-2012004120508_llc.fits
Connecting to exoplanetarchive.ipac.caltech.edu (exoplanetarchive.ipac.caltech.edu)|134.4.54.147|:443... connected.
HTTP request sent, awaiting response... 200 OK
Length: 506880 (495K) [image/x-fits]
Saving to: 'kplr001164102-2012004120508_llc.fits'

     0K .......... .......... .......... .......... .......... 10% 56,8K 8s
    50K .......... .......... .......... .......... .......... 20%  113K 5s
   100K .......... .......... .......... .......... .......... 30%  175K 4s
   150K .......... .......... .......... .......... .......... 40%  264K 3s
   200K .......... .......... .......... .......... .......... 50%  196K 2s
   250K .......... .......... .......... .......... .......... 60%  337K 1s
   300K .......... .......... .......... .......... .......... 70%  287K 1s
   350K .......... .......... .......... .......... .......... 80%  347K 1s
   400K .......... .......... .......... .......... .......... 90%  335K 0s
   450K .......... .......... .......... .......... .....     100%  307K=2,8s

2019-03-11 23:53:40 (176 KB/s) - 'kplr001164102-2012004120508_llc.fits' saved [506880/506880]

--2019-03-11 23:53:40--  http://exoplanetarchive.ipac.caltech.edu/data/ETSS//Kepler/005/495/31/kplr001164102-2012004120508_llc_lc.tbl
Resolving exoplanetarchive.ipac.caltech.edu (exoplanetarchive.ipac.caltech.edu)... 134.4.54.147
Connecting to exoplanetarchive.ipac.caltech.edu (exoplanetarchive.ipac.caltech.edu)|134.4.54.147|:80... connected.
HTTP request sent, awaiting response... 302 Found
Location: https://exoplanetarchive.ipac.caltech.edu/data/ETSS//Kepler/005/495/31/kplr001164102-2012004120508_llc_lc.tbl [following]
--2019-03-11 23:53:41--  https://exoplanetarchive.ipac.caltech.edu/data/ETSS//Kepler/005/495/31/kplr001164102-2012004120508_llc_lc.tbl
Connecting to exoplanetarchive.ipac.caltech.edu (exoplanetarchive.ipac.caltech.edu)|134.4.54.147|:443... connected.
HTTP request sent, awaiting response... 200 OK
Length: 1536622 (1,5M) [text/plain]
Saving to: 'kplr001164102-2012004120508_llc_lc.tbl'

     0K .......... .......... .......... .......... ..........  3% 57,0K 25s
    50K .......... .......... .......... .......... ..........  6%  112K 19s
   100K .......... .......... .......... .......... ..........  9%  167K 15s
   150K .......... .......... .......... .......... .......... 13%  327K 12s
   200K .......... .......... .......... .......... .......... 16%  167K 10s
   250K .......... .......... .......... .......... .......... 19%  315K 9s
   300K .......... .......... .......... .......... .......... 23%  172K 8s
   350K .......... .......... .......... .......... .......... 26%  337K 7s
   400K .......... .......... .......... .......... .......... 29%  168K 7s
   450K .......... .......... .......... .......... .......... 33% 11,9M 6s
   500K .......... .......... .......... .......... .......... 36%  339K 5s
   550K .......... .......... .......... .......... .......... 39%  348K 5s
   600K .......... .......... .......... .......... .......... 43%  290K 4s
   650K .......... .......... .......... .......... .......... 46%  365K 4s
   700K .......... .......... .......... .......... .......... 49%  344K 4s
   750K .......... .......... .......... .......... .......... 53% 1,51M 3s
   800K .......... .......... .......... .......... .......... 56%  345K 3s
   850K .......... .......... .......... .......... .......... 59%  416K 3s
   900K .......... .......... .......... .......... .......... 63%  350K 2s
   950K .......... .......... .......... .......... .......... 66%  329K 2s
  1000K .......... .......... .......... .......... .......... 69% 7,69M 2s
  1050K .......... .......... .......... .......... .......... 73%  367K 2s
  1100K .......... .......... .......... .......... .......... 76% 4,31M 1s
  1150K .......... .......... .......... .......... .......... 79%  370K 1s
  1200K .......... .......... .......... .......... .......... 83% 4,06M 1s
  1250K .......... .......... .......... .......... .......... 86%  353K 1s
  1300K .......... .......... .......... .......... .......... 89% 3,77M 1s
  1350K .......... .......... .......... .......... .......... 93%  387K 0s
  1400K .......... .......... .......... .......... .......... 96% 2,26M 0s
  1450K .......... .......... .......... .......... .......... 99%  394K 0s
  1500K                                                       100% 11,6G=5,0s

2019-03-11 23:53:46 (297 KB/s) - 'kplr001164102-2012004120508_llc_lc.tbl' saved [1536622/1536622]

--2019-03-11 23:53:46--  http://exoplanetarchive.ipac.caltech.edu/data/ETSS//Kepler/005/511/73/kplr001164102-2012088054726_llc.fits
Resolving exoplanetarchive.ipac.caltech.edu (exoplanetarchive.ipac.caltech.edu)... 134.4.54.147
Connecting to exoplanetarchive.ipac.caltech.edu (exoplanetarchive.ipac.caltech.edu)|134.4.54.147|:80... connected.
HTTP request sent, awaiting response... 302 Found
Location: https://exoplanetarchive.ipac.caltech.edu/data/ETSS//Kepler/005/511/73/kplr001164102-2012088054726_llc.fits [following]
--2019-03-11 23:53:47--  https://exoplanetarchive.ipac.caltech.edu/data/ETSS//Kepler/005/511/73/kplr001164102-2012088054726_llc.fits
Connecting to exoplanetarchive.ipac.caltech.edu (exoplanetarchive.ipac.caltech.edu)|134.4.54.147|:443... connected.
HTTP request sent, awaiting response... 200 OK
Length: 434880 (425K) [image/x-fits]
Saving to: 'kplr001164102-2012088054726_llc.fits'

     0K .......... .......... .......... .......... .......... 11% 54,5K 7s
    50K .......... .......... .......... .......... .......... 23%  163K 4s
   100K .......... .......... .......... .......... .......... 35%  309K 3s
   150K .......... .......... .......... .......... .......... 47%  311K 2s
   200K .......... .......... .......... .......... .......... 58%  317K 1s
   250K .......... .......... .......... .......... .......... 70%  325K 1s
   300K .......... .......... .......... .......... .......... 82% 3,48M 0s
   350K .......... .......... .......... .......... .......... 94%  320K 0s
   400K .......... .......... ....                            100%  173K=2,2s

2019-03-11 23:53:50 (196 KB/s) - 'kplr001164102-2012088054726_llc.fits' saved [434880/434880]

--2019-03-11 23:53:50--  http://exoplanetarchive.ipac.caltech.edu/data/ETSS//Kepler/005/528/42/kplr001164102-2012088054726_llc_lc.tbl
Resolving exoplanetarchive.ipac.caltech.edu (exoplanetarchive.ipac.caltech.edu)... 134.4.54.147
Connecting to exoplanetarchive.ipac.caltech.edu (exoplanetarchive.ipac.caltech.edu)|134.4.54.147|:80... connected.
HTTP request sent, awaiting response... 302 Found
Location: https://exoplanetarchive.ipac.caltech.edu/data/ETSS//Kepler/005/528/42/kplr001164102-2012088054726_llc_lc.tbl [following]
--2019-03-11 23:53:50--  https://exoplanetarchive.ipac.caltech.edu/data/ETSS//Kepler/005/528/42/kplr001164102-2012088054726_llc_lc.tbl
Connecting to exoplanetarchive.ipac.caltech.edu (exoplanetarchive.ipac.caltech.edu)|134.4.54.147|:443... connected.
HTTP request sent, awaiting response... 200 OK
Length: 1307967 (1,2M) [text/plain]
Saving to: 'kplr001164102-2012088054726_llc_lc.tbl'

     0K .......... .......... .......... .......... ..........  3% 68,3K 18s
    50K .......... .......... .......... .......... ..........  7%  164K 12s
   100K .......... .......... .......... .......... .......... 11%  315K 9s
   150K .......... .......... .......... .......... .......... 15%  177K 8s
   200K .......... .......... .......... .......... .......... 19%  321K 7s
   250K .......... .......... .......... .......... .......... 23%  345K 6s
   300K .......... .......... .......... .......... .......... 27%  338K 5s
   350K .......... .......... .......... .......... .......... 31%  343K 5s
   400K .......... .......... .......... .......... .......... 35%  332K 4s
   450K .......... .......... .......... .......... .......... 39%  351K 4s
   500K .......... .......... .......... .......... .......... 43% 3,03M 3s
   550K .......... .......... .......... .......... .......... 46%  346K 3s
   600K .......... .......... .......... .......... .......... 50%  370K 3s
   650K .......... .......... .......... .......... .......... 54% 2,38M 2s
   700K .......... .......... .......... .......... .......... 58%  373K 2s
   750K .......... .......... .......... .......... .......... 62%  368K 2s
   800K .......... .......... .......... .......... .......... 66% 1,61M 1s
   850K .......... .......... .......... .......... .......... 70%  361K 1s
   900K .......... .......... .......... .......... .......... 74% 3,10M 1s
   950K .......... .......... .......... .......... .......... 78%  419K 1s
  1000K .......... .......... .......... .......... .......... 82% 1,51M 1s
  1050K .......... .......... .......... .......... .......... 86%  418K 1s
  1100K .......... .......... .......... .......... .......... 90% 1,53M 0s
  1150K .......... .......... .......... .......... .......... 93% 3,82M 0s
  1200K .......... .......... .......... .......... .......... 97%  417K 0s
  1250K .......... .......... .......                         100% 8,43M=3,6s

2019-03-11 23:53:55 (357 KB/s) - 'kplr001164102-2012088054726_llc_lc.tbl' saved [1307967/1307967]

--2019-03-11 23:53:55--  http://exoplanetarchive.ipac.caltech.edu/data/ETSS//Kepler/005/545/12/kplr001164102-2012179063303_llc.fits
Resolving exoplanetarchive.ipac.caltech.edu (exoplanetarchive.ipac.caltech.edu)... 134.4.54.147
Connecting to exoplanetarchive.ipac.caltech.edu (exoplanetarchive.ipac.caltech.edu)|134.4.54.147|:80... connected.
HTTP request sent, awaiting response... 302 Found
Location: https://exoplanetarchive.ipac.caltech.edu/data/ETSS//Kepler/005/545/12/kplr001164102-2012179063303_llc.fits [following]
--2019-03-11 23:53:55--  https://exoplanetarchive.ipac.caltech.edu/data/ETSS//Kepler/005/545/12/kplr001164102-2012179063303_llc.fits
Connecting to exoplanetarchive.ipac.caltech.edu (exoplanetarchive.ipac.caltech.edu)|134.4.54.147|:443... connected.
HTTP request sent, awaiting response... 200 OK
Length: 472320 (461K) [image/x-fits]
Saving to: 'kplr001164102-2012179063303_llc.fits'

     0K .......... .......... .......... .......... .......... 10% 66,5K 6s
    50K .......... .......... .......... .......... .......... 21%  171K 4s
   100K .......... .......... .......... .......... .......... 32%  310K 3s
   150K .......... .......... .......... .......... .......... 43%  171K 2s
   200K .......... .......... .......... .......... .......... 54%  319K 1s
   250K .......... .......... .......... .......... .......... 65%  326K 1s
   300K .......... .......... .......... .......... .......... 75% 1,90M 1s
   350K .......... .......... .......... .......... .......... 86%  316K 0s
   400K .......... .......... .......... .......... .......... 97%  182K 0s
   450K .......... .                                          100% 18,1M=2,3s

2019-03-11 23:53:58 (203 KB/s) - 'kplr001164102-2012179063303_llc.fits' saved [472320/472320]

--2019-03-11 23:53:58--  http://exoplanetarchive.ipac.caltech.edu/data/ETSS//Kepler/005/561/79/kplr001164102-2012179063303_llc_lc.tbl
Resolving exoplanetarchive.ipac.caltech.edu (exoplanetarchive.ipac.caltech.edu)... 134.4.54.147
Connecting to exoplanetarchive.ipac.caltech.edu (exoplanetarchive.ipac.caltech.edu)|134.4.54.147|:80... connected.
HTTP request sent, awaiting response... 302 Found
Location: https://exoplanetarchive.ipac.caltech.edu/data/ETSS//Kepler/005/561/79/kplr001164102-2012179063303_llc_lc.tbl [following]
--2019-03-11 23:53:58--  https://exoplanetarchive.ipac.caltech.edu/data/ETSS//Kepler/005/561/79/kplr001164102-2012179063303_llc_lc.tbl
Connecting to exoplanetarchive.ipac.caltech.edu (exoplanetarchive.ipac.caltech.edu)|134.4.54.147|:443... connected.
HTTP request sent, awaiting response... 200 OK
Length: 1429390 (1,4M) [text/plain]
Saving to: 'kplr001164102-2012179063303_llc_lc.tbl'

     0K .......... .......... .......... .......... ..........  3% 69,3K 19s
    50K .......... .......... .......... .......... ..........  7%  154K 14s
   100K .......... .......... .......... .......... .......... 10%  196K 11s
   150K .......... .......... .......... .......... .......... 14%  322K 9s
   200K .......... .......... .......... .......... .......... 17%  334K 7s
   250K .......... .......... .......... .......... .......... 21%  339K 6s
   300K .......... .......... .......... .......... .......... 25%  342K 6s
   350K .......... .......... .......... .......... .......... 28%  345K 5s
   400K .......... .......... .......... .......... .......... 32%  341K 5s
   450K .......... .......... .......... .......... .......... 35% 2,93M 4s
   500K .......... .......... .......... .......... .......... 39%  347K 4s
   550K .......... .......... .......... .......... .......... 42%  374K 3s
   600K .......... .......... .......... .......... .......... 46% 2,50M 3s
   650K .......... .......... .......... .......... .......... 50%  390K 3s
   700K .......... .......... .......... .......... .......... 53% 1,98M 2s
   750K .......... .......... .......... .......... .......... 57%  391K 2s
   800K .......... .......... .......... .......... .......... 60% 1,63M 2s
   850K .......... .......... .......... .......... .......... 64%  394K 2s
   900K .......... .......... .......... .......... .......... 68% 2,55M 1s
   950K .......... .......... .......... .......... .......... 71%  398K 1s
  1000K .......... .......... .......... .......... .......... 75% 2,16M 1s
  1050K .......... .......... .......... .......... .......... 78%  398K 1s
  1100K .......... .......... .......... .......... .......... 82% 2,44M 1s
  1150K .......... .......... .......... .......... .......... 85% 3,71M 1s
  1200K .......... .......... .......... .......... .......... 89%  391K 0s
  1250K .......... .......... .......... .......... .......... 93% 3,39M 0s
  1300K .......... .......... .......... .......... .......... 96%  411K 0s
  1350K .......... .......... .......... .......... .....     100% 4,31M=3,5s

2019-03-11 23:54:03 (394 KB/s) - 'kplr001164102-2012179063303_llc_lc.tbl' saved [1429390/1429390]

--2019-03-11 23:54:03--  http://exoplanetarchive.ipac.caltech.edu/data/ETSS//Kepler/005/578/46/kplr001164102-2012277125453_llc.fits
Resolving exoplanetarchive.ipac.caltech.edu (exoplanetarchive.ipac.caltech.edu)... 134.4.54.147
Connecting to exoplanetarchive.ipac.caltech.edu (exoplanetarchive.ipac.caltech.edu)|134.4.54.147|:80... connected.
HTTP request sent, awaiting response... 302 Found
Location: https://exoplanetarchive.ipac.caltech.edu/data/ETSS//Kepler/005/578/46/kplr001164102-2012277125453_llc.fits [following]
--2019-03-11 23:54:03--  https://exoplanetarchive.ipac.caltech.edu/data/ETSS//Kepler/005/578/46/kplr001164102-2012277125453_llc.fits
Connecting to exoplanetarchive.ipac.caltech.edu (exoplanetarchive.ipac.caltech.edu)|134.4.54.147|:443... connected.
HTTP request sent, awaiting response... 200 OK
Length: 506880 (495K) [image/x-fits]
Saving to: 'kplr001164102-2012277125453_llc.fits'

     0K .......... .......... .......... .......... .......... 10% 58,0K 8s
    50K .......... .......... .......... .......... .......... 20%  118K 5s
   100K .......... .......... .......... .......... .......... 30%  330K 3s
   150K .......... .......... .......... .......... .......... 40%  182K 3s
   200K .......... .......... .......... .......... .......... 50%  347K 2s
   250K .......... .......... .......... .......... .......... 60%  333K 1s
   300K .......... .......... .......... .......... .......... 70%  344K 1s
   350K .......... .......... .......... .......... .......... 80%  379K 1s
   400K .......... .......... .......... .......... .......... 90%  178K 0s
   450K .......... .......... .......... .......... .....     100% 11,3M=2,6s

2019-03-11 23:54:06 (193 KB/s) - 'kplr001164102-2012277125453_llc.fits' saved [506880/506880]

--2019-03-11 23:54:06--  http://exoplanetarchive.ipac.caltech.edu/data/ETSS//Kepler/005/595/16/kplr001164102-2012277125453_llc_lc.tbl
Resolving exoplanetarchive.ipac.caltech.edu (exoplanetarchive.ipac.caltech.edu)... 134.4.54.147
Connecting to exoplanetarchive.ipac.caltech.edu (exoplanetarchive.ipac.caltech.edu)|134.4.54.147|:80... connected.
HTTP request sent, awaiting response... 302 Found
Location: https://exoplanetarchive.ipac.caltech.edu/data/ETSS//Kepler/005/595/16/kplr001164102-2012277125453_llc_lc.tbl [following]
--2019-03-11 23:54:10--  https://exoplanetarchive.ipac.caltech.edu/data/ETSS//Kepler/005/595/16/kplr001164102-2012277125453_llc_lc.tbl
Connecting to exoplanetarchive.ipac.caltech.edu (exoplanetarchive.ipac.caltech.edu)|134.4.54.147|:443... connected.
HTTP request sent, awaiting response... 200 OK
Length: 1537549 (1,5M) [text/plain]
Saving to: 'kplr001164102-2012277125453_llc_lc.tbl'

     0K .......... .......... .......... .......... ..........  3% 67,0K 22s
    50K .......... .......... .......... .......... ..........  6%  165K 15s
   100K .......... .......... .......... .......... ..........  9%  167K 12s
   150K .......... .......... .......... .......... .......... 13%  338K 10s
   200K .......... .......... .......... .......... .......... 16%  329K 8s
   250K .......... .......... .......... .......... .......... 19%  175K 8s
   300K .......... .......... .......... .......... .......... 23% 5,58M 6s
   350K .......... .......... .......... .......... .......... 26%  343K 6s
   400K .......... .......... .......... .......... .......... 29%  171K 6s
   450K .......... .......... .......... .......... .......... 33% 11,3M 5s
   500K .......... .......... .......... .......... .......... 36%  345K 4s
   550K .......... .......... .......... .......... .......... 39%  335K 4s
   600K .......... .......... .......... .......... .......... 43%  340K 4s
   650K .......... .......... .......... .......... .......... 46%  342K 3s
   700K .......... .......... .......... .......... .......... 49%  340K 3s
   750K .......... .......... .......... .......... .......... 53% 11,2M 3s
   800K .......... .......... .......... .......... .......... 56%  328K 3s
   850K .......... .......... .......... .......... .......... 59%  355K 2s
   900K .......... .......... .......... .......... .......... 63%  325K 2s
   950K .......... .......... .......... .......... .......... 66%  343K 2s
  1000K .......... .......... .......... .......... .......... 69% 11,7M 2s
  1050K .......... .......... .......... .......... .......... 73%  339K 1s
  1100K .......... .......... .......... .......... .......... 76%  342K 1s
  1150K .......... .......... .......... .......... .......... 79% 7,49M 1s
  1200K .......... .......... .......... .......... .......... 83%  346K 1s
  1250K .......... .......... .......... .......... .......... 86% 4,47M 1s
  1300K .......... .......... .......... .......... .......... 89%  332K 0s
  1350K .......... .......... .......... .......... .......... 93% 20,2M 0s
  1400K .......... .......... .......... .......... .......... 96%  378K 0s
  1450K .......... .......... .......... .......... .......... 99% 4,99M 0s
  1500K .                                                     100% 28,9G=4,5s

2019-03-11 23:54:15 (336 KB/s) - 'kplr001164102-2012277125453_llc_lc.tbl' saved [1537549/1537549]

--2019-03-11 23:54:15--  http://exoplanetarchive.ipac.caltech.edu/data/ETSS//Kepler/005/611/86/kplr001164102-2013011073258_llc.fits
Resolving exoplanetarchive.ipac.caltech.edu (exoplanetarchive.ipac.caltech.edu)... 134.4.54.147
Connecting to exoplanetarchive.ipac.caltech.edu (exoplanetarchive.ipac.caltech.edu)|134.4.54.147|:80... connected.
HTTP request sent, awaiting response... 302 Found
Location: https://exoplanetarchive.ipac.caltech.edu/data/ETSS//Kepler/005/611/86/kplr001164102-2013011073258_llc.fits [following]
--2019-03-11 23:54:15--  https://exoplanetarchive.ipac.caltech.edu/data/ETSS//Kepler/005/611/86/kplr001164102-2013011073258_llc.fits
Connecting to exoplanetarchive.ipac.caltech.edu (exoplanetarchive.ipac.caltech.edu)|134.4.54.147|:443... connected.
HTTP request sent, awaiting response... 200 OK
Length: 506880 (495K) [image/x-fits]
Saving to: 'kplr001164102-2013011073258_llc.fits'

     0K .......... .......... .......... .......... .......... 10% 65,1K 7s
    50K .......... .......... .......... .......... .......... 20%  110K 5s
   100K .......... .......... .......... .......... .......... 30%  163K 4s
   150K .......... .......... .......... .......... .......... 40%  313K 2s
   200K .......... .......... .......... .......... .......... 50%  167K 2s
   250K .......... .......... .......... .......... .......... 60%  326K 1s
   300K .......... .......... .......... .......... .......... 70%  331K 1s
   350K .......... .......... .......... .......... .......... 80%  322K 1s
   400K .......... .......... .......... .......... .......... 90% 2,16M 0s
   450K .......... .......... .......... .......... .....     100%  328K=2,6s

2019-03-11 23:54:19 (190 KB/s) - 'kplr001164102-2013011073258_llc.fits' saved [506880/506880]

--2019-03-11 23:54:19--  http://exoplanetarchive.ipac.caltech.edu/data/ETSS//Kepler/005/628/33/kplr001164102-2013011073258_llc_lc.tbl
Resolving exoplanetarchive.ipac.caltech.edu (exoplanetarchive.ipac.caltech.edu)... 134.4.54.147
Connecting to exoplanetarchive.ipac.caltech.edu (exoplanetarchive.ipac.caltech.edu)|134.4.54.147|:80... connected.
HTTP request sent, awaiting response... 302 Found
Location: https://exoplanetarchive.ipac.caltech.edu/data/ETSS//Kepler/005/628/33/kplr001164102-2013011073258_llc_lc.tbl [following]
--2019-03-11 23:54:19--  https://exoplanetarchive.ipac.caltech.edu/data/ETSS//Kepler/005/628/33/kplr001164102-2013011073258_llc_lc.tbl
Connecting to exoplanetarchive.ipac.caltech.edu (exoplanetarchive.ipac.caltech.edu)|134.4.54.147|:443... connected.
HTTP request sent, awaiting response... 200 OK
Length: 1544999 (1,5M) [text/plain]
Saving to: 'kplr001164102-2013011073258_llc_lc.tbl'

     0K .......... .......... .......... .......... ..........  3% 56,4K 26s
    50K .......... .......... .......... .......... ..........  6%  168K 17s
   100K .......... .......... .......... .......... ..........  9%  167K 13s
   150K .......... .......... .......... .......... .......... 13%  307K 11s
   200K .......... .......... .......... .......... .......... 16%  168K 10s
   250K .......... .......... .......... .......... .......... 19%  979K 8s
   300K .......... .......... .......... .......... .......... 23%  425K 7s
   350K .......... .......... .......... .......... .......... 26%  330K 6s
   400K .......... .......... .......... .......... .......... 29%  329K 6s
   450K .......... .......... .......... .......... .......... 33%  336K 5s
   500K .......... .......... .......... .......... .......... 36%  363K 5s
   550K .......... .......... .......... .......... .......... 39%  346K 4s
   600K .......... .......... .......... .......... .......... 43% 2,89M 4s
   650K .......... .......... .......... .......... .......... 46%  357K 3s
   700K .......... .......... .......... .......... .......... 49% 3,14M 3s
   750K .......... .......... .......... .......... .......... 53%  347K 3s
   800K .......... .......... .......... .......... .......... 56%  345K 3s
   850K .......... .......... .......... .......... .......... 59% 3,06M 2s
   900K .......... .......... .......... .......... .......... 62%  370K 2s
   950K .......... .......... .......... .......... .......... 66% 3,15M 2s
  1000K .......... .......... .......... .......... .......... 69%  896K 2s
  1050K .......... .......... .......... .......... .......... 72%  506K 1s
  1100K .......... .......... .......... .......... .......... 76%  973K 1s
  1150K .......... .......... .......... .......... .......... 79% 3,51M 1s
  1200K .......... .......... .......... .......... .......... 82%  510K 1s
  1250K .......... .......... .......... .......... .......... 86%  982K 1s
  1300K .......... .......... .......... .......... .......... 89%  539K 0s
  1350K .......... .......... .......... .......... .......... 92% 3,55M 0s
  1400K .......... .......... .......... .......... .......... 96% 1024K 0s
  1450K .......... .......... .......... .......... .......... 99%  554K 0s
  1500K ........                                              100% 3,48M=4,1s

2019-03-11 23:54:24 (369 KB/s) - 'kplr001164102-2013011073258_llc_lc.tbl' saved [1544999/1544999]

--2019-03-11 23:54:24--  http://exoplanetarchive.ipac.caltech.edu/data/ETSS//Kepler/005/644/81/kplr001164102-2013098041711_llc.fits
Resolving exoplanetarchive.ipac.caltech.edu (exoplanetarchive.ipac.caltech.edu)... 134.4.54.147
Connecting to exoplanetarchive.ipac.caltech.edu (exoplanetarchive.ipac.caltech.edu)|134.4.54.147|:80... connected.
HTTP request sent, awaiting response... 302 Found
Location: https://exoplanetarchive.ipac.caltech.edu/data/ETSS//Kepler/005/644/81/kplr001164102-2013098041711_llc.fits [following]
--2019-03-11 23:54:24--  https://exoplanetarchive.ipac.caltech.edu/data/ETSS//Kepler/005/644/81/kplr001164102-2013098041711_llc.fits
Connecting to exoplanetarchive.ipac.caltech.edu (exoplanetarchive.ipac.caltech.edu)|134.4.54.147|:443... connected.
HTTP request sent, awaiting response... 200 OK
Length: 449280 (439K) [image/x-fits]
Saving to: 'kplr001164102-2013098041711_llc.fits'

     0K .......... .......... .......... .......... .......... 11% 67,5K 6s
    50K .......... .......... .......... .......... .......... 22%  168K 4s
   100K .......... .......... .......... .......... .......... 34%  168K 3s
   150K .......... .......... .......... .......... .......... 45%  259K 2s
   200K .......... .......... .......... .......... .......... 56%  333K 1s
   250K .......... .......... .......... .......... .......... 68%  330K 1s
   300K .......... .......... .......... .......... .......... 79%  343K 1s
   350K .......... .......... .......... .......... .......... 91%  488K 0s
   400K .......... .......... .......... ........             100%  657K=2,1s

2019-03-11 23:54:27 (205 KB/s) - 'kplr001164102-2013098041711_llc.fits' saved [449280/449280]

--2019-03-11 23:54:27--  http://exoplanetarchive.ipac.caltech.edu/data/ETSS//Kepler/005/661/56/kplr001164102-2013098041711_llc_lc.tbl
Resolving exoplanetarchive.ipac.caltech.edu (exoplanetarchive.ipac.caltech.edu)... 134.4.54.147
Connecting to exoplanetarchive.ipac.caltech.edu (exoplanetarchive.ipac.caltech.edu)|134.4.54.147|:80... connected.
HTTP request sent, awaiting response... 302 Found
Location: https://exoplanetarchive.ipac.caltech.edu/data/ETSS//Kepler/005/661/56/kplr001164102-2013098041711_llc_lc.tbl [following]
--2019-03-11 23:54:28--  https://exoplanetarchive.ipac.caltech.edu/data/ETSS//Kepler/005/661/56/kplr001164102-2013098041711_llc_lc.tbl
Connecting to exoplanetarchive.ipac.caltech.edu (exoplanetarchive.ipac.caltech.edu)|134.4.54.147|:443... connected.
HTTP request sent, awaiting response... 200 OK
Length: 1359189 (1,3M) [text/plain]
Saving to: 'kplr001164102-2013098041711_llc_lc.tbl'

     0K .......... .......... .......... .......... ..........  3% 57,3K 22s
    50K .......... .......... .......... .......... ..........  7%  171K 14s
   100K .......... .......... .......... .......... .......... 11%  171K 11s
   150K .......... .......... .......... .......... .......... 15%  334K 9s
   200K .......... .......... .......... .......... .......... 18%  171K 8s
   250K .......... .......... .......... .......... .......... 22%  340K 7s
   300K .......... .......... .......... .......... .......... 26%  325K 6s
   350K .......... .......... .......... .......... .......... 30%  176K 6s
   400K .......... .......... .......... .......... .......... 33%  334K 5s
   450K .......... .......... .......... .......... .......... 37%  346K 5s
   500K .......... .......... .......... .......... .......... 41%  346K 4s
   550K .......... .......... .......... .......... .......... 45%  343K 4s
   600K .......... .......... .......... .......... .......... 48%  334K 3s
   650K .......... .......... .......... .......... .......... 52%  345K 3s
   700K .......... .......... .......... .......... .......... 56% 11,6M 3s
   750K .......... .......... .......... .......... .......... 60%  346K 2s
   800K .......... .......... .......... .......... .......... 64%  345K 2s
   850K .......... .......... .......... .......... .......... 67%  349K 2s
   900K .......... .......... .......... .......... .......... 71%  346K 2s
   950K .......... .......... .......... .......... .......... 75% 12,0M 1s
  1000K .......... .......... .......... .......... .......... 79%  345K 1s
  1050K .......... .......... .......... .......... .......... 82%  341K 1s
  1100K .......... .......... .......... .......... .......... 86%  345K 1s
  1150K .......... .......... .......... .......... .......... 90% 13,7M 0s
  1200K .......... .......... .......... .......... .......... 94%  336K 0s
  1250K .......... .......... .......... .......... .......... 97%  351K 0s
  1300K .......... .......... .......                         100% 18,3M=4,7s

2019-03-11 23:54:33 (283 KB/s) - 'kplr001164102-2013098041711_llc_lc.tbl' saved [1359189/1359189]

--2019-03-11 23:54:33--  http://exoplanetarchive.ipac.caltech.edu/data/ETSS//Kepler/005/678/32/kplr001164102-2013131215648_llc.fits
Resolving exoplanetarchive.ipac.caltech.edu (exoplanetarchive.ipac.caltech.edu)... 134.4.54.147
Connecting to exoplanetarchive.ipac.caltech.edu (exoplanetarchive.ipac.caltech.edu)|134.4.54.147|:80... connected.
HTTP request sent, awaiting response... 302 Found
Location: https://exoplanetarchive.ipac.caltech.edu/data/ETSS//Kepler/005/678/32/kplr001164102-2013131215648_llc.fits [following]
--2019-03-11 23:54:34--  https://exoplanetarchive.ipac.caltech.edu/data/ETSS//Kepler/005/678/32/kplr001164102-2013131215648_llc.fits
Connecting to exoplanetarchive.ipac.caltech.edu (exoplanetarchive.ipac.caltech.edu)|134.4.54.147|:443... connected.
HTTP request sent, awaiting response... 200 OK
Length: 187200 (183K) [image/x-fits]
Saving to: 'kplr001164102-2013131215648_llc.fits'

     0K .......... .......... .......... .......... .......... 27% 55,3K 2s
    50K .......... .......... .......... .......... .......... 54%  146K 1s
   100K .......... .......... .......... .......... .......... 82%  164K 0s
   150K .......... .......... .......... ..                   100%  303K=1,7s

2019-03-11 23:54:36 (110 KB/s) - 'kplr001164102-2013131215648_llc.fits' saved [187200/187200]

--2019-03-11 23:54:36--  http://exoplanetarchive.ipac.caltech.edu/data/ETSS//Kepler/005/695/08/kplr001164102-2013131215648_llc_lc.tbl
Resolving exoplanetarchive.ipac.caltech.edu (exoplanetarchive.ipac.caltech.edu)... 134.4.54.147
Connecting to exoplanetarchive.ipac.caltech.edu (exoplanetarchive.ipac.caltech.edu)|134.4.54.147|:80... connected.
HTTP request sent, awaiting response... 302 Found
Location: https://exoplanetarchive.ipac.caltech.edu/data/ETSS//Kepler/005/695/08/kplr001164102-2013131215648_llc_lc.tbl [following]
--2019-03-11 23:54:37--  https://exoplanetarchive.ipac.caltech.edu/data/ETSS//Kepler/005/695/08/kplr001164102-2013131215648_llc_lc.tbl
Connecting to exoplanetarchive.ipac.caltech.edu (exoplanetarchive.ipac.caltech.edu)|134.4.54.147|:443... connected.
HTTP request sent, awaiting response... 200 OK
Length: 506677 (495K) [text/plain]
Saving to: 'kplr001164102-2013131215648_llc_lc.tbl'

     0K .......... .......... .......... .......... .......... 10% 67,5K 7s
    50K .......... .......... .......... .......... .......... 20%  168K 4s
   100K .......... .......... .......... .......... .......... 30%  325K 3s
   150K .......... .......... .......... .......... .......... 40%  256K 2s
   200K .......... .......... .......... .......... .......... 50%  333K 2s
   250K .......... .......... .......... .......... .......... 60%  339K 1s
   300K .......... .......... .......... .......... .......... 70% 3,30M 1s
   350K .......... .......... .......... .......... .......... 80%  337K 0s
   400K .......... .......... .......... .......... .......... 90%  339K 0s
   450K .......... .......... .......... .......... ....      100%  322K=2,1s

2019-03-11 23:54:39 (232 KB/s) - 'kplr001164102-2013131215648_llc_lc.tbl' saved [506677/506677]

