--2018-12-09 13:01:47--  http://exoplanetarchive.ipac.caltech.edu/data/ETSS//Kepler/005/147/96/kplr002161393-2009166043257_llc.fits
Resolving exoplanetarchive.ipac.caltech.edu (exoplanetarchive.ipac.caltech.edu)... 134.4.54.147
Connecting to exoplanetarchive.ipac.caltech.edu (exoplanetarchive.ipac.caltech.edu)|134.4.54.147|:80... connected.
HTTP request sent, awaiting response... 302 Found
Location: https://exoplanetarchive.ipac.caltech.edu/data/ETSS//Kepler/005/147/96/kplr002161393-2009166043257_llc.fits [following]
--2018-12-09 13:01:48--  https://exoplanetarchive.ipac.caltech.edu/data/ETSS//Kepler/005/147/96/kplr002161393-2009166043257_llc.fits
Connecting to exoplanetarchive.ipac.caltech.edu (exoplanetarchive.ipac.caltech.edu)|134.4.54.147|:443... connected.
HTTP request sent, awaiting response... 200 OK
Length: 192960 (188K) [image/x-fits]
Saving to: 'kplr002161393-2009166043257_llc.fits'

     0K .......... .......... .......... .......... .......... 26% 42,9K 3s
    50K .......... .......... .......... .......... .......... 53% 84,7K 2s
   100K .......... .......... .......... .......... .......... 79%  243K 1s
   150K .......... .......... .......... ........             100%  101K=2,3s

2018-12-09 13:01:51 (80,5 KB/s) - 'kplr002161393-2009166043257_llc.fits' saved [192960/192960]

--2018-12-09 13:01:51--  http://exoplanetarchive.ipac.caltech.edu/data/ETSS//Kepler/005/163/58/kplr002161393-2009166043257_llc_lc.tbl
Resolving exoplanetarchive.ipac.caltech.edu (exoplanetarchive.ipac.caltech.edu)... 134.4.54.147
Connecting to exoplanetarchive.ipac.caltech.edu (exoplanetarchive.ipac.caltech.edu)|134.4.54.147|:80... connected.
HTTP request sent, awaiting response... 302 Found
Location: https://exoplanetarchive.ipac.caltech.edu/data/ETSS//Kepler/005/163/58/kplr002161393-2009166043257_llc_lc.tbl [following]
--2018-12-09 13:01:52--  https://exoplanetarchive.ipac.caltech.edu/data/ETSS//Kepler/005/163/58/kplr002161393-2009166043257_llc_lc.tbl
Connecting to exoplanetarchive.ipac.caltech.edu (exoplanetarchive.ipac.caltech.edu)|134.4.54.147|:443... connected.
HTTP request sent, awaiting response... 200 OK
Length: 533403 (521K) [text/plain]
Saving to: 'kplr002161393-2009166043257_llc_lc.tbl'

     0K .......... .......... .......... .......... ..........  9% 42,7K 11s
    50K .......... .......... .......... .......... .......... 19%  125K 7s
   100K .......... .......... .......... .......... .......... 28%  128K 5s
   150K .......... .......... .......... .......... .......... 38%  129K 4s
   200K .......... .......... .......... .......... .......... 47%  127K 3s
   250K .......... .......... .......... .......... .......... 57%  252K 2s
   300K .......... .......... .......... .......... .......... 67%  128K 2s
   350K .......... .......... .......... .......... .......... 76%  257K 1s
   400K .......... .......... .......... .......... .......... 86%  130K 1s
   450K .......... .......... .......... .......... .......... 95%  259K 0s
   500K .......... ..........                                 100% 14,3M=4,1s

2018-12-09 13:01:57 (127 KB/s) - 'kplr002161393-2009166043257_llc_lc.tbl' saved [533403/533403]

--2018-12-09 13:01:57--  http://exoplanetarchive.ipac.caltech.edu/data/ETSS//Kepler/005/212/48/kplr002161393-2009259160929_llc.fits
Resolving exoplanetarchive.ipac.caltech.edu (exoplanetarchive.ipac.caltech.edu)... 134.4.54.147
Connecting to exoplanetarchive.ipac.caltech.edu (exoplanetarchive.ipac.caltech.edu)|134.4.54.147|:80... connected.
HTTP request sent, awaiting response... 302 Found
Location: https://exoplanetarchive.ipac.caltech.edu/data/ETSS//Kepler/005/212/48/kplr002161393-2009259160929_llc.fits [following]
--2018-12-09 13:01:57--  https://exoplanetarchive.ipac.caltech.edu/data/ETSS//Kepler/005/212/48/kplr002161393-2009259160929_llc.fits
Connecting to exoplanetarchive.ipac.caltech.edu (exoplanetarchive.ipac.caltech.edu)|134.4.54.147|:443... connected.
HTTP request sent, awaiting response... 200 OK
Length: 466560 (456K) [image/x-fits]
Saving to: 'kplr002161393-2009259160929_llc.fits'

     0K .......... .......... .......... .......... .......... 10% 43,2K 9s
    50K .......... .......... .......... .......... .......... 21%  117K 6s
   100K .......... .......... .......... .......... .......... 32%  129K 4s
   150K .......... .......... .......... .......... .......... 43%  139K 3s
   200K .......... .......... .......... .......... .......... 54%  258K 2s
   250K .......... .......... .......... .......... .......... 65%  125K 2s
   300K .......... .......... .......... .......... .......... 76%  275K 1s
   350K .......... .......... .......... .......... .......... 87%  260K 0s
   400K .......... .......... .......... .......... .......... 98%  250K 0s
   450K .....                                                 100% 36,6G=3,5s

2018-12-09 13:02:02 (130 KB/s) - 'kplr002161393-2009259160929_llc.fits' saved [466560/466560]

--2018-12-09 13:02:02--  http://exoplanetarchive.ipac.caltech.edu/data/ETSS//Kepler/005/229/11/kplr002161393-2009259160929_llc_lc.tbl
Resolving exoplanetarchive.ipac.caltech.edu (exoplanetarchive.ipac.caltech.edu)... 134.4.54.147
Connecting to exoplanetarchive.ipac.caltech.edu (exoplanetarchive.ipac.caltech.edu)|134.4.54.147|:80... connected.
HTTP request sent, awaiting response... 302 Found
Location: https://exoplanetarchive.ipac.caltech.edu/data/ETSS//Kepler/005/229/11/kplr002161393-2009259160929_llc_lc.tbl [following]
--2018-12-09 13:02:03--  https://exoplanetarchive.ipac.caltech.edu/data/ETSS//Kepler/005/229/11/kplr002161393-2009259160929_llc_lc.tbl
Connecting to exoplanetarchive.ipac.caltech.edu (exoplanetarchive.ipac.caltech.edu)|134.4.54.147|:443... connected.
HTTP request sent, awaiting response... 200 OK
Length: 1407799 (1,3M) [text/plain]
Saving to: 'kplr002161393-2009259160929_llc_lc.tbl'

     0K .......... .......... .......... .......... ..........  3% 43,4K 31s
    50K .......... .......... .......... .......... ..........  7% 85,8K 22s
   100K .......... .......... .......... .......... .......... 10%  127K 17s
   150K .......... .......... .......... .......... .......... 14%  127K 15s
   200K .......... .......... .......... .......... .......... 18%  254K 12s
   250K .......... .......... .......... .......... .......... 21%  131K 11s
   300K .......... .......... .......... .......... .......... 25%  255K 10s
   350K .......... .......... .......... .......... .......... 29%  249K 9s
   400K .......... .......... .......... .......... .......... 32%  266K 8s
   450K .......... .......... .......... .......... .......... 36%  259K 7s
   500K .......... .......... .......... .......... .......... 40%  255K 6s
   550K .......... .......... .......... .......... .......... 43%  259K 6s
   600K .......... .......... .......... .......... .......... 47% 4,21M 5s
   650K .......... .......... .......... .......... .......... 50%  246K 4s
   700K .......... .......... .......... .......... .......... 54%  276K 4s
   750K .......... .......... .......... .......... .......... 58%  272K 3s
   800K .......... .......... .......... .......... .......... 61%  259K 3s
   850K .......... .......... .......... .......... .......... 65% 2,88M 3s
   900K .......... .......... .......... .......... .......... 69%  263K 2s
   950K .......... .......... .......... .......... .......... 72%  266K 2s
  1000K .......... .......... .......... .......... .......... 76%  268K 2s
  1050K .......... .......... .......... .......... .......... 80% 4,27M 1s
  1100K .......... .......... .......... .......... .......... 83%  266K 1s
  1150K .......... .......... .......... .......... .......... 87% 8,93M 1s
  1200K .......... .......... .......... .......... .......... 90%  267K 1s
  1250K .......... .......... .......... .......... .......... 94% 5,35M 0s
  1300K .......... .......... .......... .......... .......... 98%  267K 0s
  1350K .......... .......... ....                            100% 7,67M=6,2s

2018-12-09 13:02:10 (221 KB/s) - 'kplr002161393-2009259160929_llc_lc.tbl' saved [1407799/1407799]

--2018-12-09 13:02:10--  http://exoplanetarchive.ipac.caltech.edu/data/ETSS//Kepler/005/245/75/kplr002161393-2009350155506_llc.fits
Resolving exoplanetarchive.ipac.caltech.edu (exoplanetarchive.ipac.caltech.edu)... 134.4.54.147
Connecting to exoplanetarchive.ipac.caltech.edu (exoplanetarchive.ipac.caltech.edu)|134.4.54.147|:80... connected.
HTTP request sent, awaiting response... 302 Found
Location: https://exoplanetarchive.ipac.caltech.edu/data/ETSS//Kepler/005/245/75/kplr002161393-2009350155506_llc.fits [following]
--2018-12-09 13:02:10--  https://exoplanetarchive.ipac.caltech.edu/data/ETSS//Kepler/005/245/75/kplr002161393-2009350155506_llc.fits
Connecting to exoplanetarchive.ipac.caltech.edu (exoplanetarchive.ipac.caltech.edu)|134.4.54.147|:443... connected.
HTTP request sent, awaiting response... 200 OK
Length: 466560 (456K) [image/x-fits]
Saving to: 'kplr002161393-2009350155506_llc.fits'

     0K .......... .......... .......... .......... .......... 10% 50,9K 8s
    50K .......... .......... .......... .......... .......... 21%  116K 5s
   100K .......... .......... .......... .......... .......... 32%  144K 4s
   150K .......... .......... .......... .......... .......... 43%  130K 3s
   200K .......... .......... .......... .......... .......... 54% 42,6K 3s
   250K .......... .......... .......... .......... .......... 65% 64,6K 2s
   300K .......... .......... .......... .......... .......... 76%  128K 1s
   350K .......... .......... .......... .......... .......... 87%  129K 1s
   400K .......... .......... .......... .......... .......... 98%  127K 0s
   450K .....                                                 100% 36,6G=5,3s

2018-12-09 13:02:17 (86,6 KB/s) - 'kplr002161393-2009350155506_llc.fits' saved [466560/466560]

--2018-12-09 13:02:17--  http://exoplanetarchive.ipac.caltech.edu/data/ETSS//Kepler/005/262/31/kplr002161393-2009350155506_llc_lc.tbl
Resolving exoplanetarchive.ipac.caltech.edu (exoplanetarchive.ipac.caltech.edu)... 134.4.54.147
Connecting to exoplanetarchive.ipac.caltech.edu (exoplanetarchive.ipac.caltech.edu)|134.4.54.147|:80... connected.
HTTP request sent, awaiting response... 302 Found
Location: https://exoplanetarchive.ipac.caltech.edu/data/ETSS//Kepler/005/262/31/kplr002161393-2009350155506_llc_lc.tbl [following]
--2018-12-09 13:02:17--  https://exoplanetarchive.ipac.caltech.edu/data/ETSS//Kepler/005/262/31/kplr002161393-2009350155506_llc_lc.tbl
Connecting to exoplanetarchive.ipac.caltech.edu (exoplanetarchive.ipac.caltech.edu)|134.4.54.147|:443... connected.
HTTP request sent, awaiting response... 200 OK
Length: 1412959 (1,3M) [text/plain]
Saving to: 'kplr002161393-2009350155506_llc_lc.tbl'

     0K .......... .......... .......... .......... ..........  3% 42,8K 31s
    50K .......... .......... .......... .......... ..........  7% 85,7K 22s
   100K .......... .......... .......... .......... .......... 10%  128K 18s
   150K .......... .......... .......... .......... .......... 14%  127K 15s
   200K .......... .......... .......... .......... .......... 18%  129K 13s
   250K .......... .......... .......... .......... .......... 21%  128K 12s
   300K .......... .......... .......... .......... .......... 25%  186K 11s
   350K .......... .......... .......... .......... .......... 28%  158K 10s
   400K .......... .......... .......... .......... .......... 32%  263K 8s
   450K .......... .......... .......... .......... .......... 36%  257K 8s
   500K .......... .......... .......... .......... .......... 39%  255K 7s
   550K .......... .......... .......... .......... .......... 43%  258K 6s
   600K .......... .......... .......... .......... .......... 47%  259K 5s
   650K .......... .......... .......... .......... .......... 50% 1,93M 5s
   700K .......... .......... .......... .......... .......... 54%  290K 4s
   750K .......... .......... .......... .......... .......... 57%  255K 4s
   800K .......... .......... .......... .......... .......... 61%  257K 3s
   850K .......... .......... .......... .......... .......... 65% 3,20M 3s
   900K .......... .......... .......... .......... .......... 68%  254K 3s
   950K .......... .......... .......... .......... .......... 72%  275K 2s
  1000K .......... .......... .......... .......... .......... 76% 2,20M 2s
  1050K .......... .......... .......... .......... .......... 79%  268K 2s
  1100K .......... .......... .......... .......... .......... 83%  248K 1s
  1150K .......... .......... .......... .......... .......... 86% 6,25M 1s
  1200K .......... .......... .......... .......... .......... 90% 98,8K 1s
  1250K .......... .......... .......... .......... .......... 94% 3,28M 0s
  1300K .......... .......... .......... .......... .......... 97%  671K 0s
  1350K .......... .......... .........                       100% 5,08M=6,9s

2018-12-09 13:02:25 (201 KB/s) - 'kplr002161393-2009350155506_llc_lc.tbl' saved [1412959/1412959]

--2018-12-09 13:02:25--  http://exoplanetarchive.ipac.caltech.edu/data/ETSS//Kepler/005/345/02/kplr002161393-2010078095331_llc.fits
Resolving exoplanetarchive.ipac.caltech.edu (exoplanetarchive.ipac.caltech.edu)... 134.4.54.147
Connecting to exoplanetarchive.ipac.caltech.edu (exoplanetarchive.ipac.caltech.edu)|134.4.54.147|:80... connected.
HTTP request sent, awaiting response... 302 Found
Location: https://exoplanetarchive.ipac.caltech.edu/data/ETSS//Kepler/005/345/02/kplr002161393-2010078095331_llc.fits [following]
--2018-12-09 13:02:25--  https://exoplanetarchive.ipac.caltech.edu/data/ETSS//Kepler/005/345/02/kplr002161393-2010078095331_llc.fits
Connecting to exoplanetarchive.ipac.caltech.edu (exoplanetarchive.ipac.caltech.edu)|134.4.54.147|:443... connected.
HTTP request sent, awaiting response... 200 OK
Length: 469440 (458K) [image/x-fits]
Saving to: 'kplr002161393-2010078095331_llc.fits'

     0K .......... .......... .......... .......... .......... 10% 42,6K 10s
    50K .......... .......... .......... .......... .......... 21%  114K 6s
   100K .......... .......... .......... .......... .......... 32%  127K 4s
   150K .......... .......... .......... .......... .......... 43%  148K 3s
   200K .......... .......... .......... .......... .......... 54%  257K 2s
   250K .......... .......... .......... .......... .......... 65%  128K 2s
   300K .......... .......... .......... .......... .......... 76%  255K 1s
   350K .......... .......... .......... .......... .......... 87%  257K 0s
   400K .......... .......... .......... .......... .......... 98%  255K 0s
   450K ........                                              100% 13,2M=3,5s

2018-12-09 13:02:30 (130 KB/s) - 'kplr002161393-2010078095331_llc.fits' saved [469440/469440]

--2018-12-09 13:02:30--  http://exoplanetarchive.ipac.caltech.edu/data/ETSS//Kepler/005/362/01/kplr002161393-2010078095331_llc_lc.tbl
Resolving exoplanetarchive.ipac.caltech.edu (exoplanetarchive.ipac.caltech.edu)... 134.4.54.147
Connecting to exoplanetarchive.ipac.caltech.edu (exoplanetarchive.ipac.caltech.edu)|134.4.54.147|:80... connected.
HTTP request sent, awaiting response... 302 Found
Location: https://exoplanetarchive.ipac.caltech.edu/data/ETSS//Kepler/005/362/01/kplr002161393-2010078095331_llc_lc.tbl [following]
--2018-12-09 13:02:31--  https://exoplanetarchive.ipac.caltech.edu/data/ETSS//Kepler/005/362/01/kplr002161393-2010078095331_llc_lc.tbl
Connecting to exoplanetarchive.ipac.caltech.edu (exoplanetarchive.ipac.caltech.edu)|134.4.54.147|:443... connected.
HTTP request sent, awaiting response... 200 OK
Length: 1421609 (1,4M) [text/plain]
Saving to: 'kplr002161393-2010078095331_llc_lc.tbl'

     0K .......... .......... .......... .......... ..........  3% 42,9K 31s
    50K .......... .......... .......... .......... ..........  7%  125K 20s
   100K .......... .......... .......... .......... .......... 10%  129K 16s
   150K .......... .......... .......... .......... .......... 14%  129K 14s
   200K .......... .......... .......... .......... .......... 18%  129K 12s
   250K .......... .......... .......... .......... .......... 21%  256K 11s
   300K .......... .......... .......... .......... .......... 25%  128K 10s
   350K .......... .......... .......... .......... .......... 28%  256K 9s
   400K .......... .......... .......... .......... .......... 32%  128K 8s
   450K .......... .......... .......... .......... .......... 36%  253K 7s
   500K .......... .......... .......... .......... .......... 39%  255K 7s
   550K .......... .......... .......... .......... .......... 43%  255K 6s
   600K .......... .......... .......... .......... .......... 46%  262K 5s
   650K .......... .......... .......... .......... .......... 50%  251K 5s
   700K .......... .......... .......... .......... .......... 54%  252K 4s
   750K .......... .......... .......... .......... .......... 57% 8,63M 4s
   800K .......... .......... .......... .......... .......... 61%  132K 3s
   850K .......... .......... .......... .......... .......... 64% 11,3M 3s
   900K .......... .......... .......... .......... .......... 68%  261K 3s
   950K .......... .......... .......... .......... .......... 72%  262K 2s
  1000K .......... .......... .......... .......... .......... 75% 4,12M 2s
  1050K .......... .......... .......... .......... .......... 79%  273K 2s
  1100K .......... .......... .......... .......... .......... 82%  261K 1s
  1150K .......... .......... .......... .......... .......... 86% 3,97M 1s
  1200K .......... .......... .......... .......... .......... 90%  259K 1s
  1250K .......... .......... .......... .......... .......... 93%  275K 0s
  1300K .......... .......... .......... .......... .......... 97%  129K 0s
  1350K .......... .......... .......... ........             100% 16,0M=7,0s

2018-12-09 13:02:39 (198 KB/s) - 'kplr002161393-2010078095331_llc_lc.tbl' saved [1421609/1421609]

--2018-12-09 13:02:39--  http://exoplanetarchive.ipac.caltech.edu/data/ETSS//Kepler/005/179/22/kplr002161393-2010174085026_llc.fits
Resolving exoplanetarchive.ipac.caltech.edu (exoplanetarchive.ipac.caltech.edu)... 134.4.54.147
Connecting to exoplanetarchive.ipac.caltech.edu (exoplanetarchive.ipac.caltech.edu)|134.4.54.147|:80... connected.
HTTP request sent, awaiting response... 302 Found
Location: https://exoplanetarchive.ipac.caltech.edu/data/ETSS//Kepler/005/179/22/kplr002161393-2010174085026_llc.fits [following]
--2018-12-09 13:02:39--  https://exoplanetarchive.ipac.caltech.edu/data/ETSS//Kepler/005/179/22/kplr002161393-2010174085026_llc.fits
Connecting to exoplanetarchive.ipac.caltech.edu (exoplanetarchive.ipac.caltech.edu)|134.4.54.147|:443... connected.
HTTP request sent, awaiting response... 200 OK
Length: 492480 (481K) [image/x-fits]
Saving to: 'kplr002161393-2010174085026_llc.fits'

     0K .......... .......... .......... .......... .......... 10% 43,2K 10s
    50K .......... .......... .......... .......... .......... 20%  107K 6s
   100K .......... .......... .......... .......... .......... 31%  129K 4s
   150K .......... .......... .......... .......... .......... 41%  167K 3s
   200K .......... .......... .......... .......... .......... 51%  176K 2s
   250K .......... .......... .......... .......... .......... 62%  169K 2s
   300K .......... .......... .......... .......... .......... 72%  259K 1s
   350K .......... .......... .......... .......... .......... 83%  248K 1s
   400K .......... .......... .......... .......... .......... 93%  130K 0s
   450K .......... .......... ..........                      100% 14,2M=3,7s

2018-12-09 13:02:44 (131 KB/s) - 'kplr002161393-2010174085026_llc.fits' saved [492480/492480]

--2018-12-09 13:02:44--  http://exoplanetarchive.ipac.caltech.edu/data/ETSS//Kepler/005/195/85/kplr002161393-2010174085026_llc_lc.tbl
Resolving exoplanetarchive.ipac.caltech.edu (exoplanetarchive.ipac.caltech.edu)... 134.4.54.147
Connecting to exoplanetarchive.ipac.caltech.edu (exoplanetarchive.ipac.caltech.edu)|134.4.54.147|:80... connected.
HTTP request sent, awaiting response... 302 Found
Location: https://exoplanetarchive.ipac.caltech.edu/data/ETSS//Kepler/005/195/85/kplr002161393-2010174085026_llc_lc.tbl [following]
--2018-12-09 13:02:44--  https://exoplanetarchive.ipac.caltech.edu/data/ETSS//Kepler/005/195/85/kplr002161393-2010174085026_llc_lc.tbl
Connecting to exoplanetarchive.ipac.caltech.edu (exoplanetarchive.ipac.caltech.edu)|134.4.54.147|:443... connected.
HTTP request sent, awaiting response... 200 OK
Length: 1497943 (1,4M) [text/plain]
Saving to: 'kplr002161393-2010174085026_llc_lc.tbl'

     0K .......... .......... .......... .......... ..........  3% 42,8K 33s
    50K .......... .......... .......... .......... ..........  6% 85,7K 24s
   100K .......... .......... .......... .......... .......... 10%  125K 19s
   150K .......... .......... .......... .......... .......... 13%  129K 16s
   200K .......... .......... .......... .......... .......... 17%  128K 14s
   250K .......... .......... .......... .......... .......... 20%  252K 12s
   300K .......... .......... .......... .......... .......... 23%  129K 11s
   350K .......... .......... .......... .......... .......... 27%  256K 10s
   400K .......... .......... .......... .......... .......... 30%  129K 9s
   450K .......... .......... .......... .......... .......... 34%  256K 8s
   500K .......... .......... .......... .......... .......... 37%  256K 7s
   550K .......... .......... .......... .......... .......... 41%  259K 7s
   600K .......... .......... .......... .......... .......... 44%  256K 6s
   650K .......... .......... .......... .......... .......... 47% 4,19M 5s
   700K .......... .......... .......... .......... .......... 51%  265K 5s
   750K .......... .......... .......... .......... .......... 54%  256K 4s
   800K .......... .......... .......... .......... .......... 58%  253K 4s
   850K .......... .......... .......... .......... .......... 61% 6,61M 3s
   900K .......... .......... .......... .......... .......... 64%  258K 3s
   950K .......... .......... .......... .......... .......... 68%  265K 3s
  1000K .......... .......... .......... .......... .......... 71% 3,73M 2s
  1050K .......... .......... .......... .......... .......... 75%  263K 2s
  1100K .......... .......... .......... .......... .......... 78% 12,7M 2s
  1150K .......... .......... .......... .......... .......... 82%  256K 1s
  1200K .......... .......... .......... .......... .......... 85%  254K 1s
  1250K .......... .......... .......... .......... .......... 88% 3,85M 1s
  1300K .......... .......... .......... .......... .......... 92%  276K 1s
  1350K .......... .......... .......... .......... .......... 95% 11,7M 0s
  1400K .......... .......... .......... .......... .......... 99%  269K 0s
  1450K .......... ..                                         100% 4,78M=6,8s

2018-12-09 13:02:52 (214 KB/s) - 'kplr002161393-2010174085026_llc_lc.tbl' saved [1497943/1497943]

--2018-12-09 13:02:52--  http://exoplanetarchive.ipac.caltech.edu/data/ETSS//Kepler/005/379/01/kplr002161393-2010265121752_llc.fits
Resolving exoplanetarchive.ipac.caltech.edu (exoplanetarchive.ipac.caltech.edu)... 134.4.54.147
Connecting to exoplanetarchive.ipac.caltech.edu (exoplanetarchive.ipac.caltech.edu)|134.4.54.147|:80... connected.
HTTP request sent, awaiting response... 302 Found
Location: https://exoplanetarchive.ipac.caltech.edu/data/ETSS//Kepler/005/379/01/kplr002161393-2010265121752_llc.fits [following]
--2018-12-09 13:02:53--  https://exoplanetarchive.ipac.caltech.edu/data/ETSS//Kepler/005/379/01/kplr002161393-2010265121752_llc.fits
Connecting to exoplanetarchive.ipac.caltech.edu (exoplanetarchive.ipac.caltech.edu)|134.4.54.147|:443... connected.
HTTP request sent, awaiting response... 200 OK
Length: 469440 (458K) [image/x-fits]
Saving to: 'kplr002161393-2010265121752_llc.fits'

     0K .......... .......... .......... .......... .......... 10% 42,5K 10s
    50K .......... .......... .......... .......... .......... 21%  128K 6s
   100K .......... .......... .......... .......... .......... 32%  127K 4s
   150K .......... .......... .......... .......... .......... 43%  126K 3s
   200K .......... .......... .......... .......... .......... 54%  249K 2s
   250K .......... .......... .......... .......... .......... 65%  130K 2s
   300K .......... .......... .......... .......... .......... 76%  248K 1s
   350K .......... .......... .......... .......... .......... 87% 65,4K 1s
   400K .......... .......... .......... .......... .......... 98% 50,8K 0s
   450K ........                                              100% 17,6M=4,9s

2018-12-09 13:02:59 (93,6 KB/s) - 'kplr002161393-2010265121752_llc.fits' saved [469440/469440]

--2018-12-09 13:02:59--  http://exoplanetarchive.ipac.caltech.edu/data/ETSS//Kepler/005/395/55/kplr002161393-2010265121752_llc_lc.tbl
Resolving exoplanetarchive.ipac.caltech.edu (exoplanetarchive.ipac.caltech.edu)... 134.4.54.147
Connecting to exoplanetarchive.ipac.caltech.edu (exoplanetarchive.ipac.caltech.edu)|134.4.54.147|:80... connected.
HTTP request sent, awaiting response... 302 Found
Location: https://exoplanetarchive.ipac.caltech.edu/data/ETSS//Kepler/005/395/55/kplr002161393-2010265121752_llc_lc.tbl [following]
--2018-12-09 13:02:59--  https://exoplanetarchive.ipac.caltech.edu/data/ETSS//Kepler/005/395/55/kplr002161393-2010265121752_llc_lc.tbl
Connecting to exoplanetarchive.ipac.caltech.edu (exoplanetarchive.ipac.caltech.edu)|134.4.54.147|:443... connected.
HTTP request sent, awaiting response... 200 OK
Length: 1421977 (1,4M) [text/plain]
Saving to: 'kplr002161393-2010265121752_llc_lc.tbl'

     0K .......... .......... .......... .......... ..........  3% 42,2K 32s
    50K .......... .......... .......... .......... ..........  7% 86,5K 23s
   100K .......... .......... .......... .......... .......... 10%  129K 18s
   150K .......... .......... .......... .......... .......... 14%  129K 15s
   200K .......... .......... .......... .......... .......... 18%  128K 13s
   250K .......... .......... .......... .......... .......... 21%  127K 12s
   300K .......... .......... .......... .......... .......... 25%  128K 11s
   350K .......... .......... .......... .......... .......... 28%  250K 10s
   400K .......... .......... .......... .......... .......... 32%  130K 9s
   450K .......... .......... .......... .......... .......... 36%  252K 8s
   500K .......... .......... .......... .......... .......... 39%  259K 7s
   550K .......... .......... .......... .......... .......... 43%  255K 6s
   600K .......... .......... .......... .......... .......... 46%  259K 6s
   650K .......... .......... .......... .......... .......... 50% 6,96M 5s
   700K .......... .......... .......... .......... .......... 54%  257K 4s
   750K .......... .......... .......... .......... .......... 57%  248K 4s
   800K .......... .......... .......... .......... .......... 61%  279K 4s
   850K .......... .......... .......... .......... .......... 64%  242K 3s
   900K .......... .......... .......... .......... .......... 68%  265K 3s
   950K .......... .......... .......... .......... .......... 72% 13,7M 2s
  1000K .......... .......... .......... .......... .......... 75%  251K 2s
  1050K .......... .......... .......... .......... .......... 79%  260K 2s
  1100K .......... .......... .......... .......... .......... 82%  254K 1s
  1150K .......... .......... .......... .......... .......... 86% 12,7M 1s
  1200K .......... .......... .......... .......... .......... 90%  255K 1s
  1250K .......... .......... .......... .......... .......... 93%  265K 0s
  1300K .......... .......... .......... .......... .......... 97% 7,98M 0s
  1350K .......... .......... .......... ........             100%  206K=7,2s

2018-12-09 13:03:07 (192 KB/s) - 'kplr002161393-2010265121752_llc_lc.tbl' saved [1421977/1421977]

--2018-12-09 13:03:07--  http://exoplanetarchive.ipac.caltech.edu/data/ETSS//Kepler/005/278/89/kplr002161393-2010355172524_llc.fits
Resolving exoplanetarchive.ipac.caltech.edu (exoplanetarchive.ipac.caltech.edu)... 134.4.54.147
Connecting to exoplanetarchive.ipac.caltech.edu (exoplanetarchive.ipac.caltech.edu)|134.4.54.147|:80... connected.
HTTP request sent, awaiting response... 302 Found
Location: https://exoplanetarchive.ipac.caltech.edu/data/ETSS//Kepler/005/278/89/kplr002161393-2010355172524_llc.fits [following]
--2018-12-09 13:03:08--  https://exoplanetarchive.ipac.caltech.edu/data/ETSS//Kepler/005/278/89/kplr002161393-2010355172524_llc.fits
Connecting to exoplanetarchive.ipac.caltech.edu (exoplanetarchive.ipac.caltech.edu)|134.4.54.147|:443... connected.
HTTP request sent, awaiting response... 200 OK
Length: 466560 (456K) [image/x-fits]
Saving to: 'kplr002161393-2010355172524_llc.fits'

     0K .......... .......... .......... .......... .......... 10% 42,5K 10s
    50K .......... .......... .......... .......... .......... 21% 86,0K 6s
   100K .......... .......... .......... .......... .......... 32%  127K 4s
   150K .......... .......... .......... .......... .......... 43%  128K 3s
   200K .......... .......... .......... .......... .......... 54%  125K 2s
   250K .......... .......... .......... .......... .......... 65%  262K 2s
   300K .......... .......... .......... .......... .......... 76%  257K 1s
   350K .......... .......... .......... .......... .......... 87%  128K 1s
   400K .......... .......... .......... .......... .......... 98%  257K 0s
   450K .....                                                 100% 36,6G=3,9s

2018-12-09 13:03:13 (116 KB/s) - 'kplr002161393-2010355172524_llc.fits' saved [466560/466560]

--2018-12-09 13:03:13--  http://exoplanetarchive.ipac.caltech.edu/data/ETSS//Kepler/005/295/23/kplr002161393-2010355172524_llc_lc.tbl
Resolving exoplanetarchive.ipac.caltech.edu (exoplanetarchive.ipac.caltech.edu)... 134.4.54.147
Connecting to exoplanetarchive.ipac.caltech.edu (exoplanetarchive.ipac.caltech.edu)|134.4.54.147|:80... connected.
HTTP request sent, awaiting response... 302 Found
Location: https://exoplanetarchive.ipac.caltech.edu/data/ETSS//Kepler/005/295/23/kplr002161393-2010355172524_llc_lc.tbl [following]
--2018-12-09 13:03:13--  https://exoplanetarchive.ipac.caltech.edu/data/ETSS//Kepler/005/295/23/kplr002161393-2010355172524_llc_lc.tbl
Connecting to exoplanetarchive.ipac.caltech.edu (exoplanetarchive.ipac.caltech.edu)|134.4.54.147|:443... connected.
HTTP request sent, awaiting response... 200 OK
Length: 1414572 (1,3M) [text/plain]
Saving to: 'kplr002161393-2010355172524_llc_lc.tbl'

     0K .......... .......... .......... .......... ..........  3% 42,6K 31s
    50K .......... .......... .......... .......... ..........  7% 84,7K 23s
   100K .......... .......... .......... .......... .......... 10%  129K 18s
   150K .......... .......... .......... .......... .......... 14%  251K 14s
   200K .......... .......... .......... .......... .......... 18%  128K 12s
   250K .......... .......... .......... .......... .......... 21%  250K 11s
   300K .......... .......... .......... .......... .......... 25%  128K 10s
   350K .......... .......... .......... .......... .......... 28%  255K 9s
   400K .......... .......... .......... .......... .......... 32%  126K 8s
   450K .......... .......... .......... .......... .......... 36%  252K 7s
   500K .......... .......... .......... .......... .......... 39%  258K 7s
   550K .......... .......... .......... .......... .......... 43%  255K 6s
   600K .......... .......... .......... .......... .......... 47%  128K 6s
   650K .......... .......... .......... .......... .......... 50%  128K 5s
   700K .......... .......... .......... .......... .......... 54% 64,1K 5s
   750K .......... .......... .......... .......... .......... 57%  129K 5s
   800K .......... .......... .......... .......... .......... 61% 86,0K 4s
   850K .......... .......... .......... .......... .......... 65%  246K 4s
   900K .......... .......... .......... .......... .......... 68%  129K 3s
   950K .......... .......... .......... .......... .......... 72%  205K 3s
  1000K .......... .......... .......... .......... .......... 76%  144K 3s
  1050K .......... .......... .......... .......... .......... 79%  259K 2s
  1100K .......... .......... .......... .......... .......... 83%  257K 2s
  1150K .......... .......... .......... .......... .......... 86%  252K 1s
  1200K .......... .......... .......... .......... .......... 90% 43,1K 1s
  1250K .......... .......... .......... .......... .......... 94%  127K 1s
  1300K .......... .......... .......... .......... .......... 97%  127K 0s
  1350K .......... .......... .......... .                    100% 9,43M=11s

2018-12-09 13:03:25 (128 KB/s) - 'kplr002161393-2010355172524_llc_lc.tbl' saved [1414572/1414572]

--2018-12-09 13:03:25--  http://exoplanetarchive.ipac.caltech.edu/data/ETSS//Kepler/005/412/08/kplr002161393-2011073133259_llc.fits
Resolving exoplanetarchive.ipac.caltech.edu (exoplanetarchive.ipac.caltech.edu)... 134.4.54.147
Connecting to exoplanetarchive.ipac.caltech.edu (exoplanetarchive.ipac.caltech.edu)|134.4.54.147|:80... connected.
HTTP request sent, awaiting response... 302 Found
Location: https://exoplanetarchive.ipac.caltech.edu/data/ETSS//Kepler/005/412/08/kplr002161393-2011073133259_llc.fits [following]
--2018-12-09 13:03:26--  https://exoplanetarchive.ipac.caltech.edu/data/ETSS//Kepler/005/412/08/kplr002161393-2011073133259_llc.fits
Connecting to exoplanetarchive.ipac.caltech.edu (exoplanetarchive.ipac.caltech.edu)|134.4.54.147|:443... connected.
HTTP request sent, awaiting response... 200 OK
Length: 357120 (349K) [image/x-fits]
Saving to: 'kplr002161393-2011073133259_llc.fits'

     0K .......... .......... .......... .......... .......... 14% 42,3K 7s
    50K .......... .......... .......... .......... .......... 28% 84,7K 4s
   100K .......... .......... .......... .......... .......... 43%  129K 3s
   150K .......... .......... .......... .......... .......... 57%  129K 2s
   200K .......... .......... .......... .......... .......... 71%  128K 1s
   250K .......... .......... .......... .......... .......... 86%  128K 1s
   300K .......... .......... .......... .......... ........  100%  249K=3,5s

2018-12-09 13:03:30 (98,9 KB/s) - 'kplr002161393-2011073133259_llc.fits' saved [357120/357120]

--2018-12-09 13:03:30--  http://exoplanetarchive.ipac.caltech.edu/data/ETSS//Kepler/005/428/87/kplr002161393-2011073133259_llc_lc.tbl
Resolving exoplanetarchive.ipac.caltech.edu (exoplanetarchive.ipac.caltech.edu)... 134.4.54.147
Connecting to exoplanetarchive.ipac.caltech.edu (exoplanetarchive.ipac.caltech.edu)|134.4.54.147|:80... connected.
HTTP request sent, awaiting response... 302 Found
Location: https://exoplanetarchive.ipac.caltech.edu/data/ETSS//Kepler/005/428/87/kplr002161393-2011073133259_llc_lc.tbl [following]
--2018-12-09 13:03:31--  https://exoplanetarchive.ipac.caltech.edu/data/ETSS//Kepler/005/428/87/kplr002161393-2011073133259_llc_lc.tbl
Connecting to exoplanetarchive.ipac.caltech.edu (exoplanetarchive.ipac.caltech.edu)|134.4.54.147|:443... connected.
HTTP request sent, awaiting response... 200 OK
Length: 1061657 (1,0M) [text/plain]
Saving to: 'kplr002161393-2011073133259_llc_lc.tbl'

     0K .......... .......... .......... .......... ..........  4% 42,6K 23s
    50K .......... .......... .......... .......... ..........  9% 85,6K 16s
   100K .......... .......... .......... .......... .......... 14%  129K 13s
   150K .......... .......... .......... .......... .......... 19% 85,0K 11s
   200K .......... .......... .......... .......... .......... 24% 64,5K 11s
   250K .......... .......... .......... .......... .......... 28% 61,4K 11s
   300K .......... .......... .......... .......... .......... 33% 92,3K 10s
   350K .......... .......... .......... .......... .......... 38%  129K 8s
   400K .......... .......... .......... .......... .......... 43% 85,8K 8s
   450K .......... .......... .......... .......... .......... 48%  127K 7s
   500K .......... .......... .......... .......... .......... 53%  127K 6s
   550K .......... .......... .......... .......... .......... 57%  129K 5s
   600K .......... .......... .......... .......... .......... 62%  127K 4s
   650K .......... .......... .......... .......... .......... 67%  130K 4s
   700K .......... .......... .......... .......... .......... 72%  126K 3s
   750K .......... .......... .......... .......... .......... 77%  129K 3s
   800K .......... .......... .......... .......... .......... 81% 86,3K 2s
   850K .......... .......... .......... .......... .......... 86%  128K 1s
   900K .......... .......... .......... .......... .......... 91%  130K 1s
   950K .......... .......... .......... .......... .......... 96%  130K 0s
  1000K .......... .......... .......... ......               100%  187K=11s

2018-12-09 13:03:42 (98,6 KB/s) - 'kplr002161393-2011073133259_llc_lc.tbl' saved [1061657/1061657]

--2018-12-09 13:03:42--  http://exoplanetarchive.ipac.caltech.edu/data/ETSS//Kepler/005/311/56/kplr002161393-2011177032512_llc.fits
Resolving exoplanetarchive.ipac.caltech.edu (exoplanetarchive.ipac.caltech.edu)... 134.4.54.147
Connecting to exoplanetarchive.ipac.caltech.edu (exoplanetarchive.ipac.caltech.edu)|134.4.54.147|:80... connected.
HTTP request sent, awaiting response... 302 Found
Location: https://exoplanetarchive.ipac.caltech.edu/data/ETSS//Kepler/005/311/56/kplr002161393-2011177032512_llc.fits [following]
--2018-12-09 13:03:43--  https://exoplanetarchive.ipac.caltech.edu/data/ETSS//Kepler/005/311/56/kplr002161393-2011177032512_llc.fits
Connecting to exoplanetarchive.ipac.caltech.edu (exoplanetarchive.ipac.caltech.edu)|134.4.54.147|:443... connected.
HTTP request sent, awaiting response... 200 OK
Length: 506880 (495K) [image/x-fits]
Saving to: 'kplr002161393-2011177032512_llc.fits'

     0K .......... .......... .......... .......... .......... 10% 42,8K 10s
    50K .......... .......... .......... .......... .......... 20% 85,4K 7s
   100K .......... .......... .......... .......... .......... 30%  130K 5s
   150K .......... .......... .......... .......... .......... 40%  129K 4s
   200K .......... .......... .......... .......... .......... 50%  243K 3s
   250K .......... .......... .......... .......... .......... 60%  251K 2s
   300K .......... .......... .......... .......... .......... 70%  253K 1s
   350K .......... .......... .......... .......... .......... 80%  261K 1s
   400K .......... .......... .......... .......... .......... 90%  128K 0s
   450K .......... .......... .......... .......... .....     100% 13,1M=3,7s

2018-12-09 13:03:47 (133 KB/s) - 'kplr002161393-2011177032512_llc.fits' saved [506880/506880]

--2018-12-09 13:03:48--  http://exoplanetarchive.ipac.caltech.edu/data/ETSS//Kepler/005/328/29/kplr002161393-2011177032512_llc_lc.tbl
Resolving exoplanetarchive.ipac.caltech.edu (exoplanetarchive.ipac.caltech.edu)... 134.4.54.147
Connecting to exoplanetarchive.ipac.caltech.edu (exoplanetarchive.ipac.caltech.edu)|134.4.54.147|:80... connected.
HTTP request sent, awaiting response... 302 Found
Location: https://exoplanetarchive.ipac.caltech.edu/data/ETSS//Kepler/005/328/29/kplr002161393-2011177032512_llc_lc.tbl [following]
--2018-12-09 13:03:48--  https://exoplanetarchive.ipac.caltech.edu/data/ETSS//Kepler/005/328/29/kplr002161393-2011177032512_llc_lc.tbl
Connecting to exoplanetarchive.ipac.caltech.edu (exoplanetarchive.ipac.caltech.edu)|134.4.54.147|:443... connected.
HTTP request sent, awaiting response... 200 OK
Length: 1541088 (1,5M) [text/plain]
Saving to: 'kplr002161393-2011177032512_llc_lc.tbl'

     0K .......... .......... .......... .......... ..........  3% 42,1K 35s
    50K .......... .......... .......... .......... ..........  6% 85,2K 25s
   100K .......... .......... .......... .......... ..........  9%  126K 20s
   150K .......... .......... .......... .......... .......... 13%  126K 17s
   200K .......... .......... .......... .......... .......... 16%  126K 15s
   250K .......... .......... .......... .......... .......... 19%  240K 13s
   300K .......... .......... .......... .......... .......... 23%  126K 12s
   350K .......... .......... .......... .......... .......... 26%  236K 10s
   400K .......... .......... .......... .......... .......... 29%  258K 9s
   450K .......... .......... .......... .......... .......... 33% 85,2K 9s
   500K .......... .......... .......... .......... .......... 36% 15,0M 8s
   550K .......... .......... .......... .......... .......... 39% 42,6K 9s
   600K .......... .......... .......... .......... .......... 43% 62,5K 9s
   650K .......... .......... .......... .......... .......... 46%  125K 8s
   700K .......... .......... .......... .......... .......... 49%  126K 7s
   750K .......... .......... .......... .......... .......... 53%  126K 7s
   800K .......... .......... .......... .......... .......... 56%  117K 6s
   850K .......... .......... .......... .......... .......... 59%  126K 6s
   900K .......... .......... .......... .......... .......... 63% 84,5K 5s
   950K .......... .......... .......... .......... .......... 66% 63,5K 5s
  1000K .......... .......... .......... .......... .......... 69%  126K 4s
  1050K .......... .......... .......... .......... .......... 73%  128K 4s
  1100K .......... .......... .......... .......... .......... 76%  190K 3s
  1150K .......... .......... .......... .......... .......... 79% 84,2K 3s
  1200K .......... .......... .......... .......... .......... 83% 54,2K 3s
  1250K .......... .......... .......... .......... .......... 86%  127K 2s
  1300K .......... .......... .......... .......... .......... 89%  127K 2s
  1350K .......... .......... .......... .......... .......... 93%  147K 1s
  1400K .......... .......... .......... .......... .......... 96%  129K 1s
  1450K .......... .......... .......... .......... .......... 99%  127K 0s
  1500K ....                                                  100% 16,9M=14s

2018-12-09 13:04:03 (104 KB/s) - 'kplr002161393-2011177032512_llc_lc.tbl' saved [1541088/1541088]

--2018-12-09 13:04:04--  http://exoplanetarchive.ipac.caltech.edu/data/ETSS//Kepler/005/445/66/kplr002161393-2011271113734_llc.fits
Resolving exoplanetarchive.ipac.caltech.edu (exoplanetarchive.ipac.caltech.edu)... 134.4.54.147
Connecting to exoplanetarchive.ipac.caltech.edu (exoplanetarchive.ipac.caltech.edu)|134.4.54.147|:80... connected.
HTTP request sent, awaiting response... 302 Found
Location: https://exoplanetarchive.ipac.caltech.edu/data/ETSS//Kepler/005/445/66/kplr002161393-2011271113734_llc.fits [following]
--2018-12-09 13:04:04--  https://exoplanetarchive.ipac.caltech.edu/data/ETSS//Kepler/005/445/66/kplr002161393-2011271113734_llc.fits
Connecting to exoplanetarchive.ipac.caltech.edu (exoplanetarchive.ipac.caltech.edu)|134.4.54.147|:443... connected.
HTTP request sent, awaiting response... 200 OK
Length: 486720 (475K) [image/x-fits]
Saving to: 'kplr002161393-2011271113734_llc.fits'

     0K .......... .......... .......... .......... .......... 10% 43,0K 10s
    50K .......... .......... .......... .......... .......... 21% 85,7K 7s
   100K .......... .......... .......... .......... .......... 31%  127K 5s
   150K .......... .......... .......... .......... .......... 42% 86,5K 4s
   200K .......... .......... .......... .......... .......... 52%  243K 3s
   250K .......... .......... .......... .......... .......... 63%  251K 2s
   300K .......... .......... .......... .......... .......... 73%  128K 1s
   350K .......... .......... .......... .......... .......... 84%  258K 1s
   400K .......... .......... .......... .......... .......... 94%  249K 0s
   450K .......... .......... .....                           100% 15,0M=3,9s

2018-12-09 13:04:09 (122 KB/s) - 'kplr002161393-2011271113734_llc.fits' saved [486720/486720]

--2018-12-09 13:04:09--  http://exoplanetarchive.ipac.caltech.edu/data/ETSS//Kepler/005/462/35/kplr002161393-2011271113734_llc_lc.tbl
Resolving exoplanetarchive.ipac.caltech.edu (exoplanetarchive.ipac.caltech.edu)... 134.4.54.147
Connecting to exoplanetarchive.ipac.caltech.edu (exoplanetarchive.ipac.caltech.edu)|134.4.54.147|:80... connected.
HTTP request sent, awaiting response... 302 Found
Location: https://exoplanetarchive.ipac.caltech.edu/data/ETSS//Kepler/005/462/35/kplr002161393-2011271113734_llc_lc.tbl [following]
--2018-12-09 13:04:10--  https://exoplanetarchive.ipac.caltech.edu/data/ETSS//Kepler/005/462/35/kplr002161393-2011271113734_llc_lc.tbl
Connecting to exoplanetarchive.ipac.caltech.edu (exoplanetarchive.ipac.caltech.edu)|134.4.54.147|:443... connected.
HTTP request sent, awaiting response... 200 OK
Length: 1478330 (1,4M) [text/plain]
Saving to: 'kplr002161393-2011271113734_llc_lc.tbl'

     0K .......... .......... .......... .......... ..........  3% 42,8K 33s
    50K .......... .......... .......... .......... ..........  6% 86,2K 23s
   100K .......... .......... .......... .......... .......... 10%  127K 18s
   150K .......... .......... .......... .......... .......... 13%  244K 15s
   200K .......... .......... .......... .......... .......... 17%  132K 13s
   250K .......... .......... .......... .......... .......... 20%  253K 11s
   300K .......... .......... .......... .......... .......... 24%  237K 10s
   350K .......... .......... .......... .......... .......... 27%  263K 9s
   400K .......... .......... .......... .......... .......... 31%  247K 8s
   450K .......... .......... .......... .......... .......... 34%  259K 7s
   500K .......... .......... .......... .......... .......... 38%  264K 6s
   550K .......... .......... .......... .......... .......... 41%  277K 6s
   600K .......... .......... .......... .......... .......... 45%  262K 5s
   650K .......... .......... .......... .......... .......... 48% 3,32M 5s
   700K .......... .......... .......... .......... .......... 51%  270K 4s
   750K .......... .......... .......... .......... .......... 55% 1,95M 4s
   800K .......... .......... .......... .......... .......... 58%  278K 3s
   850K .......... .......... .......... .......... .......... 62% 1,93M 3s
   900K .......... .......... .......... .......... .......... 65%  290K 3s
   950K .......... .......... .......... .......... .......... 69% 3,30M 2s
  1000K .......... .......... .......... .......... .......... 72% 2,05M 2s
  1050K .......... .......... .......... .......... .......... 76%  292K 2s
  1100K .......... .......... .......... .......... .......... 79% 1,97M 1s
  1150K .......... .......... .......... .......... .......... 83% 3,47M 1s
  1200K .......... .......... .......... .......... .......... 86%  286K 1s
  1250K .......... .......... .......... .......... .......... 90% 2,57M 1s
  1300K .......... .......... .......... .......... .......... 93%  292K 0s
  1350K .......... .......... .......... .......... .......... 96% 2,88M 0s
  1400K .......... .......... .......... .......... ...       100% 4,60M=5,5s

2018-12-09 13:04:16 (261 KB/s) - 'kplr002161393-2011271113734_llc_lc.tbl' saved [1478330/1478330]

--2018-12-09 13:04:16--  http://exoplanetarchive.ipac.caltech.edu/data/ETSS//Kepler/005/479/05/kplr002161393-2012004120508_llc.fits
Resolving exoplanetarchive.ipac.caltech.edu (exoplanetarchive.ipac.caltech.edu)... 134.4.54.147
Connecting to exoplanetarchive.ipac.caltech.edu (exoplanetarchive.ipac.caltech.edu)|134.4.54.147|:80... connected.
HTTP request sent, awaiting response... 302 Found
Location: https://exoplanetarchive.ipac.caltech.edu/data/ETSS//Kepler/005/479/05/kplr002161393-2012004120508_llc.fits [following]
--2018-12-09 13:04:17--  https://exoplanetarchive.ipac.caltech.edu/data/ETSS//Kepler/005/479/05/kplr002161393-2012004120508_llc.fits
Connecting to exoplanetarchive.ipac.caltech.edu (exoplanetarchive.ipac.caltech.edu)|134.4.54.147|:443... connected.
HTTP request sent, awaiting response... 200 OK
Length: 506880 (495K) [image/x-fits]
Saving to: 'kplr002161393-2012004120508_llc.fits'

     0K .......... .......... .......... .......... .......... 10% 42,8K 10s
    50K .......... .......... .......... .......... .......... 20% 86,2K 7s
   100K .......... .......... .......... .......... .......... 30%  129K 5s
   150K .......... .......... .......... .......... .......... 40%  128K 4s
   200K .......... .......... .......... .......... .......... 50%  127K 3s
   250K .......... .......... .......... .......... .......... 60%  257K 2s
   300K .......... .......... .......... .......... .......... 70%  242K 1s
   350K .......... .......... .......... .......... .......... 80%  128K 1s
   400K .......... .......... .......... .......... .......... 90%  250K 0s
   450K .......... .......... .......... .......... .....     100%  231K=4,1s

2018-12-09 13:04:22 (121 KB/s) - 'kplr002161393-2012004120508_llc.fits' saved [506880/506880]

--2018-12-09 13:04:22--  http://exoplanetarchive.ipac.caltech.edu/data/ETSS//Kepler/005/495/47/kplr002161393-2012004120508_llc_lc.tbl
Resolving exoplanetarchive.ipac.caltech.edu (exoplanetarchive.ipac.caltech.edu)... 134.4.54.147
Connecting to exoplanetarchive.ipac.caltech.edu (exoplanetarchive.ipac.caltech.edu)|134.4.54.147|:80... connected.
HTTP request sent, awaiting response... 302 Found
Location: https://exoplanetarchive.ipac.caltech.edu/data/ETSS//Kepler/005/495/47/kplr002161393-2012004120508_llc_lc.tbl [following]
--2018-12-09 13:04:22--  https://exoplanetarchive.ipac.caltech.edu/data/ETSS//Kepler/005/495/47/kplr002161393-2012004120508_llc_lc.tbl
Connecting to exoplanetarchive.ipac.caltech.edu (exoplanetarchive.ipac.caltech.edu)|134.4.54.147|:443... connected.
HTTP request sent, awaiting response... 200 OK
Length: 1536624 (1,5M) [text/plain]
Saving to: 'kplr002161393-2012004120508_llc_lc.tbl'

     0K .......... .......... .......... .......... ..........  3% 43,2K 34s
    50K .......... .......... .......... .......... ..........  6% 85,8K 24s
   100K .......... .......... .......... .......... ..........  9%  129K 19s
   150K .......... .......... .......... .......... .......... 13%  130K 16s
   200K .......... .......... .......... .......... .......... 16%  129K 15s
   250K .......... .......... .......... .......... .......... 19%  129K 13s
   300K .......... .......... .......... .......... .......... 23%  251K 11s
   350K .......... .......... .......... .......... .......... 26%  130K 11s
   400K .......... .......... .......... .......... .......... 29%  254K 9s
   450K .......... .......... .......... .......... .......... 33%  254K 9s
   500K .......... .......... .......... .......... .......... 36%  254K 8s
   550K .......... .......... .......... .......... .......... 39%  257K 7s
   600K .......... .......... .......... .......... .......... 43%  257K 6s
   650K .......... .......... .......... .......... .......... 46%  267K 6s
   700K .......... .......... .......... .......... .......... 49%  261K 5s
   750K .......... .......... .......... .......... .......... 53% 4,12M 5s
   800K .......... .......... .......... .......... .......... 56%  254K 4s
   850K .......... .......... .......... .......... .......... 59%  279K 4s
   900K .......... .......... .......... .......... .......... 63% 2,32M 3s
   950K .......... .......... .......... .......... .......... 66%  262K 3s
  1000K .......... .......... .......... .......... .......... 69%  261K 3s
  1050K .......... .......... .......... .......... .......... 73% 4,26M 2s
  1100K .......... .......... .......... .......... .......... 76%  272K 2s
  1150K .......... .......... .......... .......... .......... 79% 3,09M 2s
  1200K .......... .......... .......... .......... .......... 83%  272K 1s
  1250K .......... .......... .......... .......... .......... 86%  262K 1s
  1300K .......... .......... .......... .......... .......... 89% 3,59M 1s
  1350K .......... .......... .......... .......... .......... 93%  270K 0s
  1400K .......... .......... .......... .......... .......... 96% 10,8M 0s
  1450K .......... .......... .......... .......... .......... 99% 3,87M 0s
  1500K                                                       100% 3,96G=6,8s

2018-12-09 13:04:30 (220 KB/s) - 'kplr002161393-2012004120508_llc_lc.tbl' saved [1536624/1536624]

--2018-12-09 13:04:30--  http://exoplanetarchive.ipac.caltech.edu/data/ETSS//Kepler/005/511/88/kplr002161393-2012088054726_llc.fits
Resolving exoplanetarchive.ipac.caltech.edu (exoplanetarchive.ipac.caltech.edu)... 134.4.54.147
Connecting to exoplanetarchive.ipac.caltech.edu (exoplanetarchive.ipac.caltech.edu)|134.4.54.147|:80... connected.
HTTP request sent, awaiting response... 302 Found
Location: https://exoplanetarchive.ipac.caltech.edu/data/ETSS//Kepler/005/511/88/kplr002161393-2012088054726_llc.fits [following]
--2018-12-09 13:04:31--  https://exoplanetarchive.ipac.caltech.edu/data/ETSS//Kepler/005/511/88/kplr002161393-2012088054726_llc.fits
Connecting to exoplanetarchive.ipac.caltech.edu (exoplanetarchive.ipac.caltech.edu)|134.4.54.147|:443... connected.
HTTP request sent, awaiting response... 200 OK
Length: 434880 (425K) [image/x-fits]
Saving to: 'kplr002161393-2012088054726_llc.fits'

     0K .......... .......... .......... .......... .......... 11% 42,9K 9s
    50K .......... .......... .......... .......... .......... 23% 86,0K 6s
   100K .......... .......... .......... .......... .......... 35%  129K 4s
   150K .......... .......... .......... .......... .......... 47% 86,2K 3s
   200K .......... .......... .......... .......... .......... 58%  250K 2s
   250K .......... .......... .......... .......... .......... 70%  128K 1s
   300K .......... .......... .......... .......... .......... 82%  252K 1s
   350K .......... .......... .......... .......... .......... 94%  130K 0s
   400K .......... .......... ....                            100% 3,75M=3,9s

2018-12-09 13:04:36 (109 KB/s) - 'kplr002161393-2012088054726_llc.fits' saved [434880/434880]

--2018-12-09 13:04:36--  http://exoplanetarchive.ipac.caltech.edu/data/ETSS//Kepler/005/528/57/kplr002161393-2012088054726_llc_lc.tbl
Resolving exoplanetarchive.ipac.caltech.edu (exoplanetarchive.ipac.caltech.edu)... 134.4.54.147
Connecting to exoplanetarchive.ipac.caltech.edu (exoplanetarchive.ipac.caltech.edu)|134.4.54.147|:80... connected.
HTTP request sent, awaiting response... 302 Found
Location: https://exoplanetarchive.ipac.caltech.edu/data/ETSS//Kepler/005/528/57/kplr002161393-2012088054726_llc_lc.tbl [following]
--2018-12-09 13:04:36--  https://exoplanetarchive.ipac.caltech.edu/data/ETSS//Kepler/005/528/57/kplr002161393-2012088054726_llc_lc.tbl
Connecting to exoplanetarchive.ipac.caltech.edu (exoplanetarchive.ipac.caltech.edu)|134.4.54.147|:443... connected.
HTTP request sent, awaiting response... 200 OK
Length: 1307964 (1,2M) [text/plain]
Saving to: 'kplr002161393-2012088054726_llc_lc.tbl'

     0K .......... .......... .......... .......... ..........  3% 42,6K 29s
    50K .......... .......... .......... .......... ..........  7%  115K 19s
   100K .......... .......... .......... .......... .......... 11%  129K 15s
   150K .......... .......... .......... .......... .......... 15%  139K 13s
   200K .......... .......... .......... .......... .......... 19%  224K 11s
   250K .......... .......... .......... .......... .......... 23%  251K 9s
   300K .......... .......... .......... .......... .......... 27%  254K 8s
   350K .......... .......... .......... .......... .......... 31%  251K 7s
   400K .......... .......... .......... .......... .......... 35%  250K 6s
   450K .......... .......... .......... .......... .......... 39%  252K 6s
   500K .......... .......... .......... .......... .......... 43%  252K 5s
   550K .......... .......... .......... .......... .......... 46%  253K 4s
   600K .......... .......... .......... .......... .......... 50%  284K 4s
   650K .......... .......... .......... .......... .......... 54% 1,94M 3s
   700K .......... .......... .......... .......... .......... 58%  255K 3s
   750K .......... .......... .......... .......... .......... 62%  288K 3s
   800K .......... .......... .......... .......... .......... 66%  257K 2s
   850K .......... .......... .......... .......... .......... 70%  263K 2s
   900K .......... .......... .......... .......... .......... 74% 3,66M 2s
   950K .......... .......... .......... .......... .......... 78%  271K 1s
  1000K .......... .......... .......... .......... .......... 82% 3,99M 1s
  1050K .......... .......... .......... .......... .......... 86%  268K 1s
  1100K .......... .......... .......... .......... .......... 90%  259K 1s
  1150K .......... .......... .......... .......... .......... 93% 12,3M 0s
  1200K .......... .......... .......... .......... .......... 97%  253K 0s
  1250K .......... .......... .......                         100% 22,6M=5,7s

2018-12-09 13:04:43 (223 KB/s) - 'kplr002161393-2012088054726_llc_lc.tbl' saved [1307964/1307964]

--2018-12-09 13:04:43--  http://exoplanetarchive.ipac.caltech.edu/data/ETSS//Kepler/005/545/26/kplr002161393-2012179063303_llc.fits
Resolving exoplanetarchive.ipac.caltech.edu (exoplanetarchive.ipac.caltech.edu)... 134.4.54.147
Connecting to exoplanetarchive.ipac.caltech.edu (exoplanetarchive.ipac.caltech.edu)|134.4.54.147|:80... connected.
HTTP request sent, awaiting response... 302 Found
Location: https://exoplanetarchive.ipac.caltech.edu/data/ETSS//Kepler/005/545/26/kplr002161393-2012179063303_llc.fits [following]
--2018-12-09 13:04:43--  https://exoplanetarchive.ipac.caltech.edu/data/ETSS//Kepler/005/545/26/kplr002161393-2012179063303_llc.fits
Connecting to exoplanetarchive.ipac.caltech.edu (exoplanetarchive.ipac.caltech.edu)|134.4.54.147|:443... connected.
HTTP request sent, awaiting response... 200 OK
Length: 472320 (461K) [image/x-fits]
Saving to: 'kplr002161393-2012179063303_llc.fits'

     0K .......... .......... .......... .......... .......... 10% 42,8K 10s
    50K .......... .......... .......... .......... .......... 21%  127K 6s
   100K .......... .......... .......... .......... .......... 32%  128K 4s
   150K .......... .......... .......... .......... .......... 43%  128K 3s
   200K .......... .......... .......... .......... .......... 54%  256K 2s
   250K .......... .......... .......... .......... .......... 65%  130K 2s
   300K .......... .......... .......... .......... .......... 75%  257K 1s
   350K .......... .......... .......... .......... .......... 86%  257K 1s
   400K .......... .......... .......... .......... .......... 97%  130K 0s
   450K .......... .                                          100% 23,3M=3,7s

2018-12-09 13:04:48 (125 KB/s) - 'kplr002161393-2012179063303_llc.fits' saved [472320/472320]

--2018-12-09 13:04:48--  http://exoplanetarchive.ipac.caltech.edu/data/ETSS//Kepler/005/561/93/kplr002161393-2012179063303_llc_lc.tbl
Resolving exoplanetarchive.ipac.caltech.edu (exoplanetarchive.ipac.caltech.edu)... 134.4.54.147
Connecting to exoplanetarchive.ipac.caltech.edu (exoplanetarchive.ipac.caltech.edu)|134.4.54.147|:80... connected.
HTTP request sent, awaiting response... 302 Found
Location: https://exoplanetarchive.ipac.caltech.edu/data/ETSS//Kepler/005/561/93/kplr002161393-2012179063303_llc_lc.tbl [following]
--2018-12-09 13:04:49--  https://exoplanetarchive.ipac.caltech.edu/data/ETSS//Kepler/005/561/93/kplr002161393-2012179063303_llc_lc.tbl
Connecting to exoplanetarchive.ipac.caltech.edu (exoplanetarchive.ipac.caltech.edu)|134.4.54.147|:443... connected.
HTTP request sent, awaiting response... 200 OK
Length: 1429357 (1,4M) [text/plain]
Saving to: 'kplr002161393-2012179063303_llc_lc.tbl'

     0K .......... .......... .......... .......... ..........  3% 43,0K 31s
    50K .......... .......... .......... .......... ..........  7%  128K 20s
   100K .......... .......... .......... .......... .......... 10%  129K 16s
   150K .......... .......... .......... .......... .......... 14% 85,8K 15s
   200K .......... .......... .......... .......... .......... 17% 51,6K 16s
   250K .......... .......... .......... .......... .......... 21% 64,9K 16s
   300K .......... .......... .......... .......... .......... 25% 86,8K 14s
   350K .......... .......... .......... .......... .......... 28%  129K 13s
   400K .......... .......... .......... .......... .......... 32% 84,7K 12s
   450K .......... .......... .......... .......... .......... 35%  255K 11s
   500K .......... .......... .......... .......... .......... 39%  129K 10s
   550K .......... .......... .......... .......... .......... 42%  129K 9s
   600K .......... .......... .......... .......... .......... 46%  130K 8s
   650K .......... .......... .......... .......... .......... 50%  128K 8s
   700K .......... .......... .......... .......... .......... 53%  130K 7s
   750K .......... .......... .......... .......... .......... 57%  129K 6s
   800K .......... .......... .......... .......... .......... 60%  125K 6s
   850K .......... .......... .......... .......... .......... 64%  134K 5s
   900K .......... .......... .......... .......... .......... 68%  232K 4s
   950K .......... .......... .......... .......... .......... 71%  130K 4s
  1000K .......... .......... .......... .......... .......... 75%  129K 3s
  1050K .......... .......... .......... .......... .......... 78%  134K 3s
  1100K .......... .......... .......... .......... .......... 82%  131K 2s
  1150K .......... .......... .......... .......... .......... 85%  242K 2s
  1200K .......... .......... .......... .......... .......... 89%  129K 1s
  1250K .......... .......... .......... .......... .......... 93%  129K 1s
  1300K .......... .......... .......... .......... .......... 96%  130K 0s
  1350K .......... .......... .......... .......... .....     100%  233K=12s

2018-12-09 13:05:02 (112 KB/s) - 'kplr002161393-2012179063303_llc_lc.tbl' saved [1429357/1429357]

--2018-12-09 13:05:02--  http://exoplanetarchive.ipac.caltech.edu/data/ETSS//Kepler/005/578/61/kplr002161393-2012277125453_llc.fits
Resolving exoplanetarchive.ipac.caltech.edu (exoplanetarchive.ipac.caltech.edu)... 134.4.54.147
Connecting to exoplanetarchive.ipac.caltech.edu (exoplanetarchive.ipac.caltech.edu)|134.4.54.147|:80... connected.
HTTP request sent, awaiting response... 302 Found
Location: https://exoplanetarchive.ipac.caltech.edu/data/ETSS//Kepler/005/578/61/kplr002161393-2012277125453_llc.fits [following]
--2018-12-09 13:05:03--  https://exoplanetarchive.ipac.caltech.edu/data/ETSS//Kepler/005/578/61/kplr002161393-2012277125453_llc.fits
Connecting to exoplanetarchive.ipac.caltech.edu (exoplanetarchive.ipac.caltech.edu)|134.4.54.147|:443... connected.
HTTP request sent, awaiting response... 200 OK
Length: 506880 (495K) [image/x-fits]
Saving to: 'kplr002161393-2012277125453_llc.fits'

     0K .......... .......... .......... .......... .......... 10% 42,4K 11s
    50K .......... .......... .......... .......... .......... 20% 85,4K 7s
   100K .......... .......... .......... .......... .......... 30%  128K 5s
   150K .......... .......... .......... .......... .......... 40%  129K 4s
   200K .......... .......... .......... .......... .......... 50%  253K 3s
   250K .......... .......... .......... .......... .......... 60%  129K 2s
   300K .......... .......... .......... .......... .......... 70%  247K 1s
   350K .......... .......... .......... .......... .......... 80%  254K 1s
   400K .......... .......... .......... .......... .......... 90%  131K 0s
   450K .......... .......... .......... .......... .....     100% 4,15M=3,9s

2018-12-09 13:05:07 (126 KB/s) - 'kplr002161393-2012277125453_llc.fits' saved [506880/506880]

--2018-12-09 13:05:08--  http://exoplanetarchive.ipac.caltech.edu/data/ETSS//Kepler/005/595/31/kplr002161393-2012277125453_llc_lc.tbl
Resolving exoplanetarchive.ipac.caltech.edu (exoplanetarchive.ipac.caltech.edu)... 134.4.54.147
Connecting to exoplanetarchive.ipac.caltech.edu (exoplanetarchive.ipac.caltech.edu)|134.4.54.147|:80... connected.
HTTP request sent, awaiting response... 302 Found
Location: https://exoplanetarchive.ipac.caltech.edu/data/ETSS//Kepler/005/595/31/kplr002161393-2012277125453_llc_lc.tbl [following]
--2018-12-09 13:05:08--  https://exoplanetarchive.ipac.caltech.edu/data/ETSS//Kepler/005/595/31/kplr002161393-2012277125453_llc_lc.tbl
Connecting to exoplanetarchive.ipac.caltech.edu (exoplanetarchive.ipac.caltech.edu)|134.4.54.147|:443... connected.
HTTP request sent, awaiting response... 200 OK
Length: 1537578 (1,5M) [text/plain]
Saving to: 'kplr002161393-2012277125453_llc_lc.tbl'

     0K .......... .......... .......... .......... ..........  3% 42,4K 34s
    50K .......... .......... .......... .......... ..........  6% 86,0K 25s
   100K .......... .......... .......... .......... ..........  9%  128K 19s
   150K .......... .......... .......... .......... .......... 13%  130K 17s
   200K .......... .......... .......... .......... .......... 16%  221K 14s
   250K .......... .......... .......... .......... .......... 19%  260K 12s
   300K .......... .......... .......... .......... .......... 23%  136K 11s
   350K .......... .......... .......... .......... .......... 26%  253K 10s
   400K .......... .......... .......... .......... .......... 29%  252K 9s
   450K .......... .......... .......... .......... .......... 33%  255K 8s
   500K .......... .......... .......... .......... .......... 36%  258K 7s
   550K .......... .......... .......... .......... .......... 39% 2,11M 6s
   600K .......... .......... .......... .......... .......... 43%  256K 6s
   650K .......... .......... .......... .......... .......... 46%  284K 5s
   700K .......... .......... .......... .......... .......... 49%  261K 5s
   750K .......... .......... .......... .......... .......... 53% 1,69M 4s
   800K .......... .......... .......... .......... .......... 56%  261K 4s
   850K .......... .......... .......... .......... .......... 59%  286K 3s
   900K .......... .......... .......... .......... .......... 63%  249K 3s
   950K .......... .......... .......... .......... .......... 66% 10,9M 3s
  1000K .......... .......... .......... .......... .......... 69%  254K 2s
  1050K .......... .......... .......... .......... .......... 73%  259K 2s
  1100K .......... .......... .......... .......... .......... 76% 5,47M 2s
  1150K .......... .......... .......... .......... .......... 79%  265K 1s
  1200K .......... .......... .......... .......... .......... 83%  257K 1s
  1250K .......... .......... .......... .......... .......... 86% 7,15M 1s
  1300K .......... .......... .......... .......... .......... 89% 4,89M 1s
  1350K .......... .......... .......... .......... .......... 93%  246K 0s
  1400K .......... .......... .......... .......... .......... 96%  294K 0s
  1450K .......... .......... .......... .......... .......... 99% 3,05M 0s
  1500K .                                                     100% 10,0G=6,5s

2018-12-09 13:05:16 (232 KB/s) - 'kplr002161393-2012277125453_llc_lc.tbl' saved [1537578/1537578]

--2018-12-09 13:05:16--  http://exoplanetarchive.ipac.caltech.edu/data/ETSS//Kepler/005/612/01/kplr002161393-2013011073258_llc.fits
Resolving exoplanetarchive.ipac.caltech.edu (exoplanetarchive.ipac.caltech.edu)... 134.4.54.147
Connecting to exoplanetarchive.ipac.caltech.edu (exoplanetarchive.ipac.caltech.edu)|134.4.54.147|:80... connected.
HTTP request sent, awaiting response... 302 Found
Location: https://exoplanetarchive.ipac.caltech.edu/data/ETSS//Kepler/005/612/01/kplr002161393-2013011073258_llc.fits [following]
--2018-12-09 13:05:16--  https://exoplanetarchive.ipac.caltech.edu/data/ETSS//Kepler/005/612/01/kplr002161393-2013011073258_llc.fits
Connecting to exoplanetarchive.ipac.caltech.edu (exoplanetarchive.ipac.caltech.edu)|134.4.54.147|:443... connected.
HTTP request sent, awaiting response... 200 OK
Length: 506880 (495K) [image/x-fits]
Saving to: 'kplr002161393-2013011073258_llc.fits'

     0K .......... .......... .......... .......... .......... 10% 43,0K 10s
    50K .......... .......... .......... .......... .......... 20% 84,9K 7s
   100K .......... .......... .......... .......... .......... 30% 78,6K 5s
   150K .......... .......... .......... .......... .......... 40% 63,3K 5s
   200K .......... .......... .......... .......... .......... 50% 91,7K 4s
   250K .......... .......... .......... .......... .......... 60%  127K 3s
   300K .......... .......... .......... .......... .......... 70%  128K 2s
   350K .......... .......... .......... .......... .......... 80%  128K 1s
   400K .......... .......... .......... .......... .......... 90% 85,8K 1s
   450K .......... .......... .......... .......... .....     100%  116K=5,9s

2018-12-09 13:05:23 (84,3 KB/s) - 'kplr002161393-2013011073258_llc.fits' saved [506880/506880]

--2018-12-09 13:05:23--  http://exoplanetarchive.ipac.caltech.edu/data/ETSS//Kepler/005/628/48/kplr002161393-2013011073258_llc_lc.tbl
Resolving exoplanetarchive.ipac.caltech.edu (exoplanetarchive.ipac.caltech.edu)... 134.4.54.147
Connecting to exoplanetarchive.ipac.caltech.edu (exoplanetarchive.ipac.caltech.edu)|134.4.54.147|:80... connected.
HTTP request sent, awaiting response... 302 Found
Location: https://exoplanetarchive.ipac.caltech.edu/data/ETSS//Kepler/005/628/48/kplr002161393-2013011073258_llc_lc.tbl [following]
--2018-12-09 13:05:23--  https://exoplanetarchive.ipac.caltech.edu/data/ETSS//Kepler/005/628/48/kplr002161393-2013011073258_llc_lc.tbl
Connecting to exoplanetarchive.ipac.caltech.edu (exoplanetarchive.ipac.caltech.edu)|134.4.54.147|:443... connected.
HTTP request sent, awaiting response... 200 OK
Length: 1544986 (1,5M) [text/plain]
Saving to: 'kplr002161393-2013011073258_llc_lc.tbl'

     0K .......... .......... .......... .......... ..........  3% 42,7K 34s
    50K .......... .......... .......... .......... ..........  6%  112K 23s
   100K .......... .......... .......... .......... ..........  9%  147K 18s
   150K .......... .......... .......... .......... .......... 13%  127K 15s
   200K .......... .......... .......... .......... .......... 16%  127K 14s
   250K .......... .......... .......... .......... .......... 19%  256K 12s
   300K .......... .......... .......... .......... .......... 23%  244K 10s
   350K .......... .......... .......... .......... .......... 26%  258K 9s
   400K .......... .......... .......... .......... .......... 29%  185K 8s
   450K .......... .......... .......... .......... .......... 33%  401K 8s
   500K .......... .......... .......... .......... .......... 36%  259K 7s
   550K .......... .......... .......... .......... .......... 39%  618K 6s
   600K .......... .......... .......... .......... .......... 43%  264K 6s
   650K .......... .......... .......... .......... .......... 46%  400K 5s
   700K .......... .......... .......... .......... .......... 49%  683K 4s
   750K .......... .......... .......... .......... .......... 53%  260K 4s
   800K .......... .......... .......... .......... .......... 56%  257K 4s
   850K .......... .......... .......... .......... .......... 59%  261K 3s
   900K .......... .......... .......... .......... .......... 62% 11,5M 3s
   950K .......... .......... .......... .......... .......... 66%  261K 3s
  1000K .......... .......... .......... .......... .......... 69% 6,16M 2s
  1050K .......... .......... .......... .......... .......... 72%  261K 2s
  1100K .......... .......... .......... .......... .......... 76% 7,85M 2s
  1150K .......... .......... .......... .......... .......... 79%  266K 1s
  1200K .......... .......... .......... .......... .......... 82% 3,91M 1s
  1250K .......... .......... .......... .......... .......... 86%  274K 1s
  1300K .......... .......... .......... .......... .......... 89% 3,71M 1s
  1350K .......... .......... .......... .......... .......... 92%  273K 0s
  1400K .......... .......... .......... .......... .......... 96% 4,04M 0s
  1450K .......... .......... .......... .......... .......... 99% 11,6M 0s
  1500K ........                                              100% 11,7M=6,0s

2018-12-09 13:05:31 (253 KB/s) - 'kplr002161393-2013011073258_llc_lc.tbl' saved [1544986/1544986]

--2018-12-09 13:05:31--  http://exoplanetarchive.ipac.caltech.edu/data/ETSS//Kepler/005/644/95/kplr002161393-2013098041711_llc.fits
Resolving exoplanetarchive.ipac.caltech.edu (exoplanetarchive.ipac.caltech.edu)... 134.4.54.147
Connecting to exoplanetarchive.ipac.caltech.edu (exoplanetarchive.ipac.caltech.edu)|134.4.54.147|:80... connected.
HTTP request sent, awaiting response... 302 Found
Location: https://exoplanetarchive.ipac.caltech.edu/data/ETSS//Kepler/005/644/95/kplr002161393-2013098041711_llc.fits [following]
--2018-12-09 13:05:31--  https://exoplanetarchive.ipac.caltech.edu/data/ETSS//Kepler/005/644/95/kplr002161393-2013098041711_llc.fits
Connecting to exoplanetarchive.ipac.caltech.edu (exoplanetarchive.ipac.caltech.edu)|134.4.54.147|:443... connected.
HTTP request sent, awaiting response... 200 OK
Length: 449280 (439K) [image/x-fits]
Saving to: 'kplr002161393-2013098041711_llc.fits'

     0K .......... .......... .......... .......... .......... 11% 25,6K 15s
    50K .......... .......... .......... .......... .......... 22% 43,1K 11s
   100K .......... .......... .......... .......... .......... 34% 63,1K 8s
   150K .......... .......... .......... .......... .......... 45% 51,5K 6s
   200K .......... .......... .......... .......... .......... 56% 64,6K 4s
   250K .......... .......... .......... .......... .......... 68% 36,7K 3s
   300K .......... .......... .......... .......... .......... 79% 49,3K 2s
   350K .......... .......... .......... .......... .......... 91% 53,5K 1s
   400K .......... .......... .......... ........             100% 66,9K=9,5s

2018-12-09 13:05:42 (46,0 KB/s) - 'kplr002161393-2013098041711_llc.fits' saved [449280/449280]

--2018-12-09 13:05:42--  http://exoplanetarchive.ipac.caltech.edu/data/ETSS//Kepler/005/661/71/kplr002161393-2013098041711_llc_lc.tbl
Resolving exoplanetarchive.ipac.caltech.edu (exoplanetarchive.ipac.caltech.edu)... 134.4.54.147
Connecting to exoplanetarchive.ipac.caltech.edu (exoplanetarchive.ipac.caltech.edu)|134.4.54.147|:80... connected.
HTTP request sent, awaiting response... 302 Found
Location: https://exoplanetarchive.ipac.caltech.edu/data/ETSS//Kepler/005/661/71/kplr002161393-2013098041711_llc_lc.tbl [following]
--2018-12-09 13:05:42--  https://exoplanetarchive.ipac.caltech.edu/data/ETSS//Kepler/005/661/71/kplr002161393-2013098041711_llc_lc.tbl
Connecting to exoplanetarchive.ipac.caltech.edu (exoplanetarchive.ipac.caltech.edu)|134.4.54.147|:443... connected.
HTTP request sent, awaiting response... 200 OK
Length: 1359192 (1,3M) [text/plain]
Saving to: 'kplr002161393-2013098041711_llc_lc.tbl'

     0K .......... .......... .......... .......... ..........  3% 50,3K 25s
    50K .......... .......... .......... .......... ..........  7%  127K 17s
   100K .......... .......... .......... .......... .......... 11%  127K 14s
   150K .......... .......... .......... .......... .......... 15%  248K 11s
   200K .......... .......... .......... .......... .......... 18%  137K 10s
   250K .......... .......... .......... .......... .......... 22%  225K 9s
   300K .......... .......... .......... .......... .......... 26%  255K 8s
   350K .......... .......... .......... .......... .......... 30%  252K 7s
   400K .......... .......... .......... .......... .......... 33%  252K 6s
   450K .......... .......... .......... .......... .......... 37%  260K 6s
   500K .......... .......... .......... .......... .......... 41%  310K 5s
   550K .......... .......... .......... .......... .......... 45% 1,42M 4s
   600K .......... .......... .......... .......... .......... 48%  260K 4s
   650K .......... .......... .......... .......... .......... 52%  306K 4s
   700K .......... .......... .......... .......... .......... 56%  261K 3s
   750K .......... .......... .......... .......... .......... 60% 1,47M 3s
   800K .......... .......... .......... .......... .......... 64%  294K 2s
   850K .......... .......... .......... .......... .......... 67% 1,47M 2s
   900K .......... .......... .......... .......... .......... 71%  308K 2s
   950K .......... .......... .......... .......... .......... 75% 1,43M 1s
  1000K .......... .......... .......... .......... .......... 79%  301K 1s
  1050K .......... .......... .......... .......... .......... 82% 1,82M 1s
  1100K .......... .......... .......... .......... .......... 86% 4,02M 1s
  1150K .......... .......... .......... .......... .......... 90%  272K 1s
  1200K .......... .......... .......... .......... .......... 94% 4,45M 0s
  1250K .......... .......... .......... .......... .......... 97%  269K 0s
  1300K .......... .......... .......                         100% 20,9M=5,1s

2018-12-09 13:05:48 (259 KB/s) - 'kplr002161393-2013098041711_llc_lc.tbl' saved [1359192/1359192]

--2018-12-09 13:05:49--  http://exoplanetarchive.ipac.caltech.edu/data/ETSS//Kepler/005/678/47/kplr002161393-2013131215648_llc.fits
Resolving exoplanetarchive.ipac.caltech.edu (exoplanetarchive.ipac.caltech.edu)... 134.4.54.147
Connecting to exoplanetarchive.ipac.caltech.edu (exoplanetarchive.ipac.caltech.edu)|134.4.54.147|:80... connected.
HTTP request sent, awaiting response... 302 Found
Location: https://exoplanetarchive.ipac.caltech.edu/data/ETSS//Kepler/005/678/47/kplr002161393-2013131215648_llc.fits [following]
--2018-12-09 13:05:49--  https://exoplanetarchive.ipac.caltech.edu/data/ETSS//Kepler/005/678/47/kplr002161393-2013131215648_llc.fits
Connecting to exoplanetarchive.ipac.caltech.edu (exoplanetarchive.ipac.caltech.edu)|134.4.54.147|:443... connected.
HTTP request sent, awaiting response... 200 OK
Length: 187200 (183K) [image/x-fits]
Saving to: 'kplr002161393-2013131215648_llc.fits'

     0K .......... .......... .......... .......... .......... 27% 43,1K 3s
    50K .......... .......... .......... .......... .......... 54% 86,4K 1s
   100K .......... .......... .......... .......... .......... 82%  125K 0s
   150K .......... .......... .......... ..                   100%  182K=2,3s

2018-12-09 13:05:52 (78,8 KB/s) - 'kplr002161393-2013131215648_llc.fits' saved [187200/187200]

--2018-12-09 13:05:52--  http://exoplanetarchive.ipac.caltech.edu/data/ETSS//Kepler/005/695/22/kplr002161393-2013131215648_llc_lc.tbl
Resolving exoplanetarchive.ipac.caltech.edu (exoplanetarchive.ipac.caltech.edu)... 134.4.54.147
Connecting to exoplanetarchive.ipac.caltech.edu (exoplanetarchive.ipac.caltech.edu)|134.4.54.147|:80... connected.
HTTP request sent, awaiting response... 302 Found
Location: https://exoplanetarchive.ipac.caltech.edu/data/ETSS//Kepler/005/695/22/kplr002161393-2013131215648_llc_lc.tbl [following]
--2018-12-09 13:05:53--  https://exoplanetarchive.ipac.caltech.edu/data/ETSS//Kepler/005/695/22/kplr002161393-2013131215648_llc_lc.tbl
Connecting to exoplanetarchive.ipac.caltech.edu (exoplanetarchive.ipac.caltech.edu)|134.4.54.147|:443... connected.
HTTP request sent, awaiting response... 200 OK
Length: 506681 (495K) [text/plain]
Saving to: 'kplr002161393-2013131215648_llc_lc.tbl'

     0K .......... .......... .......... .......... .......... 10% 42,7K 10s
    50K .......... .......... .......... .......... .......... 20% 85,7K 7s
   100K .......... .......... .......... .......... .......... 30%  128K 5s
   150K .......... .......... .......... .......... .......... 40%  130K 4s
   200K .......... .......... .......... .......... .......... 50%  247K 3s
   250K .......... .......... .......... .......... .......... 60%  128K 2s
   300K .......... .......... .......... .......... .......... 70%  255K 1s
   350K .......... .......... .......... .......... .......... 80%  127K 1s
   400K .......... .......... .......... .......... .......... 90%  252K 0s
   450K .......... .......... .......... .......... ....      100%  231K=4,1s

2018-12-09 13:05:58 (121 KB/s) - 'kplr002161393-2013131215648_llc_lc.tbl' saved [506681/506681]

