--2018-12-09 13:01:33--  http://exoplanetarchive.ipac.caltech.edu/data/ETSS//Kepler/005/137/37/kplr002160910-2009131105131_llc.fits
Resolving exoplanetarchive.ipac.caltech.edu (exoplanetarchive.ipac.caltech.edu)... 134.4.54.147
Connecting to exoplanetarchive.ipac.caltech.edu (exoplanetarchive.ipac.caltech.edu)|134.4.54.147|:80... connected.
HTTP request sent, awaiting response... 302 Found
Location: https://exoplanetarchive.ipac.caltech.edu/data/ETSS//Kepler/005/137/37/kplr002160910-2009131105131_llc.fits [following]
--2018-12-09 13:01:44--  https://exoplanetarchive.ipac.caltech.edu/data/ETSS//Kepler/005/137/37/kplr002160910-2009131105131_llc.fits
Connecting to exoplanetarchive.ipac.caltech.edu (exoplanetarchive.ipac.caltech.edu)|134.4.54.147|:443... connected.
HTTP request sent, awaiting response... 200 OK
Length: 77760 (76K) [image/x-fits]
Saving to: 'kplr002160910-2009131105131_llc.fits'

     0K .......... .......... .......... .......... .......... 65% 43,0K 1s
    50K .......... .......... .....                           100%  131K=1,4s

2018-12-09 13:01:47 (55,8 KB/s) - 'kplr002160910-2009131105131_llc.fits' saved [77760/77760]

--2018-12-09 13:01:47--  http://exoplanetarchive.ipac.caltech.edu/data/ETSS//Kepler/005/142/63/kplr002160910-2009131105131_llc_lc.tbl
Resolving exoplanetarchive.ipac.caltech.edu (exoplanetarchive.ipac.caltech.edu)... 134.4.54.147
Connecting to exoplanetarchive.ipac.caltech.edu (exoplanetarchive.ipac.caltech.edu)|134.4.54.147|:80... connected.
HTTP request sent, awaiting response... 302 Found
Location: https://exoplanetarchive.ipac.caltech.edu/data/ETSS//Kepler/005/142/63/kplr002160910-2009131105131_llc_lc.tbl [following]
--2018-12-09 13:01:47--  https://exoplanetarchive.ipac.caltech.edu/data/ETSS//Kepler/005/142/63/kplr002160910-2009131105131_llc_lc.tbl
Connecting to exoplanetarchive.ipac.caltech.edu (exoplanetarchive.ipac.caltech.edu)|134.4.54.147|:443... connected.
HTTP request sent, awaiting response... 200 OK
Length: 158913 (155K) [text/plain]
Saving to: 'kplr002160910-2009131105131_llc_lc.tbl'

     0K .......... .......... .......... .......... .......... 32% 42,8K 2s
    50K .......... .......... .......... .......... .......... 64% 85,3K 1s
   100K .......... .......... .......... .......... .......... 96%  246K 0s
   150K .....                                                 100% 10,2M=2,0s

2018-12-09 13:01:50 (79,3 KB/s) - 'kplr002160910-2009131105131_llc_lc.tbl' saved [158913/158913]

--2018-12-09 13:01:50--  http://exoplanetarchive.ipac.caltech.edu/data/ETSS//Kepler/005/147/96/kplr002160910-2009166043257_llc.fits
Resolving exoplanetarchive.ipac.caltech.edu (exoplanetarchive.ipac.caltech.edu)... 134.4.54.147
Connecting to exoplanetarchive.ipac.caltech.edu (exoplanetarchive.ipac.caltech.edu)|134.4.54.147|:80... connected.
HTTP request sent, awaiting response... 302 Found
Location: https://exoplanetarchive.ipac.caltech.edu/data/ETSS//Kepler/005/147/96/kplr002160910-2009166043257_llc.fits [following]
--2018-12-09 13:01:51--  https://exoplanetarchive.ipac.caltech.edu/data/ETSS//Kepler/005/147/96/kplr002160910-2009166043257_llc.fits
Connecting to exoplanetarchive.ipac.caltech.edu (exoplanetarchive.ipac.caltech.edu)|134.4.54.147|:443... connected.
HTTP request sent, awaiting response... 200 OK
Length: 192960 (188K) [image/x-fits]
Saving to: 'kplr002160910-2009166043257_llc.fits'

     0K .......... .......... .......... .......... .......... 26% 43,1K 3s
    50K .......... .......... .......... .......... .......... 53% 86,1K 2s
   100K .......... .......... .......... .......... .......... 79%  127K 1s
   150K .......... .......... .......... ........             100%  193K=2,3s

2018-12-09 13:01:54 (80,7 KB/s) - 'kplr002160910-2009166043257_llc.fits' saved [192960/192960]

--2018-12-09 13:01:54--  http://exoplanetarchive.ipac.caltech.edu/data/ETSS//Kepler/005/163/58/kplr002160910-2009166043257_llc_lc.tbl
Resolving exoplanetarchive.ipac.caltech.edu (exoplanetarchive.ipac.caltech.edu)... 134.4.54.147
Connecting to exoplanetarchive.ipac.caltech.edu (exoplanetarchive.ipac.caltech.edu)|134.4.54.147|:80... connected.
HTTP request sent, awaiting response... 302 Found
Location: https://exoplanetarchive.ipac.caltech.edu/data/ETSS//Kepler/005/163/58/kplr002160910-2009166043257_llc_lc.tbl [following]
--2018-12-09 13:01:54--  https://exoplanetarchive.ipac.caltech.edu/data/ETSS//Kepler/005/163/58/kplr002160910-2009166043257_llc_lc.tbl
Connecting to exoplanetarchive.ipac.caltech.edu (exoplanetarchive.ipac.caltech.edu)|134.4.54.147|:443... connected.
HTTP request sent, awaiting response... 200 OK
Length: 533403 (521K) [text/plain]
Saving to: 'kplr002160910-2009166043257_llc_lc.tbl'

     0K .......... .......... .......... .......... ..........  9% 42,8K 11s
    50K .......... .......... .......... .......... .......... 19%  126K 7s
   100K .......... .......... .......... .......... .......... 28%  128K 5s
   150K .......... .......... .......... .......... .......... 38%  130K 4s
   200K .......... .......... .......... .......... .......... 47%  127K 3s
   250K .......... .......... .......... .......... .......... 57%  251K 2s
   300K .......... .......... .......... .......... .......... 67%  252K 2s
   350K .......... .......... .......... .......... .......... 76%  248K 1s
   400K .......... .......... .......... .......... .......... 86%  262K 1s
   450K .......... .......... .......... .......... .......... 95%  255K 0s
   500K .......... ..........                                 100% 7,71M=3,7s

2018-12-09 13:01:59 (140 KB/s) - 'kplr002160910-2009166043257_llc_lc.tbl' saved [533403/533403]

--2018-12-09 13:01:59--  http://exoplanetarchive.ipac.caltech.edu/data/ETSS//Kepler/005/212/48/kplr002160910-2009259160929_llc.fits
Resolving exoplanetarchive.ipac.caltech.edu (exoplanetarchive.ipac.caltech.edu)... 134.4.54.147
Connecting to exoplanetarchive.ipac.caltech.edu (exoplanetarchive.ipac.caltech.edu)|134.4.54.147|:80... connected.
HTTP request sent, awaiting response... 302 Found
Location: https://exoplanetarchive.ipac.caltech.edu/data/ETSS//Kepler/005/212/48/kplr002160910-2009259160929_llc.fits [following]
--2018-12-09 13:02:00--  https://exoplanetarchive.ipac.caltech.edu/data/ETSS//Kepler/005/212/48/kplr002160910-2009259160929_llc.fits
Connecting to exoplanetarchive.ipac.caltech.edu (exoplanetarchive.ipac.caltech.edu)|134.4.54.147|:443... connected.
HTTP request sent, awaiting response... 200 OK
Length: 466560 (456K) [image/x-fits]
Saving to: 'kplr002160910-2009259160929_llc.fits'

     0K .......... .......... .......... .......... .......... 10% 42,5K 10s
    50K .......... .......... .......... .......... .......... 21%  129K 6s
   100K .......... .......... .......... .......... .......... 32%  128K 4s
   150K .......... .......... .......... .......... .......... 43%  126K 3s
   200K .......... .......... .......... .......... .......... 54%  249K 2s
   250K .......... .......... .......... .......... .......... 65%  245K 1s
   300K .......... .......... .......... .......... .......... 76%  130K 1s
   350K .......... .......... .......... .......... .......... 87%  259K 0s
   400K .......... .......... .......... .......... .......... 98%  130K 0s
   450K .....                                                 100% 36,6G=3,7s

2018-12-09 13:02:04 (122 KB/s) - 'kplr002160910-2009259160929_llc.fits' saved [466560/466560]

--2018-12-09 13:02:04--  http://exoplanetarchive.ipac.caltech.edu/data/ETSS//Kepler/005/229/11/kplr002160910-2009259160929_llc_lc.tbl
Resolving exoplanetarchive.ipac.caltech.edu (exoplanetarchive.ipac.caltech.edu)... 134.4.54.147
Connecting to exoplanetarchive.ipac.caltech.edu (exoplanetarchive.ipac.caltech.edu)|134.4.54.147|:80... connected.
HTTP request sent, awaiting response... 302 Found
Location: https://exoplanetarchive.ipac.caltech.edu/data/ETSS//Kepler/005/229/11/kplr002160910-2009259160929_llc_lc.tbl [following]
--2018-12-09 13:02:05--  https://exoplanetarchive.ipac.caltech.edu/data/ETSS//Kepler/005/229/11/kplr002160910-2009259160929_llc_lc.tbl
Connecting to exoplanetarchive.ipac.caltech.edu (exoplanetarchive.ipac.caltech.edu)|134.4.54.147|:443... connected.
HTTP request sent, awaiting response... 200 OK
Length: 1407821 (1,3M) [text/plain]
Saving to: 'kplr002160910-2009259160929_llc_lc.tbl'

     0K .......... .......... .......... .......... ..........  3% 42,3K 31s
    50K .......... .......... .......... .......... ..........  7% 84,9K 23s
   100K .......... .......... .......... .......... .......... 10%  129K 18s
   150K .......... .......... .......... .......... .......... 14%  128K 15s
   200K .......... .......... .......... .......... .......... 18%  125K 13s
   250K .......... .......... .......... .......... .......... 21%  253K 11s
   300K .......... .......... .......... .......... .......... 25%  129K 10s
   350K .......... .......... .......... .......... .......... 29%  254K 9s
   400K .......... .......... .......... .......... .......... 32%  128K 8s
   450K .......... .......... .......... .......... .......... 36%  250K 8s
   500K .......... .......... .......... .......... .......... 40%  259K 7s
   550K .......... .......... .......... .......... .......... 43%  252K 6s
   600K .......... .......... .......... .......... .......... 47%  254K 5s
   650K .......... .......... .......... .......... .......... 50%  256K 5s
   700K .......... .......... .......... .......... .......... 54%  255K 4s
   750K .......... .......... .......... .......... .......... 58% 11,6M 4s
   800K .......... .......... .......... .......... .......... 61%  255K 3s
   850K .......... .......... .......... .......... .......... 65%  127K 3s
   900K .......... .......... .......... .......... .......... 69%  254K 3s
   950K .......... .......... .......... .......... .......... 72%  129K 2s
  1000K .......... .......... .......... .......... .......... 76%  255K 2s
  1050K .......... .......... .......... .......... .......... 80%  256K 2s
  1100K .......... .......... .......... .......... .......... 83%  252K 1s
  1150K .......... .......... .......... .......... .......... 87% 3,14M 1s
  1200K .......... .......... .......... .......... .......... 90%  252K 1s
  1250K .......... .......... .......... .......... .......... 94%  252K 0s
  1300K .......... .......... .......... .......... .......... 98%  286K 0s
  1350K .......... .......... ....                            100%  982K=7,7s

2018-12-09 13:02:14 (179 KB/s) - 'kplr002160910-2009259160929_llc_lc.tbl' saved [1407821/1407821]

--2018-12-09 13:02:14--  http://exoplanetarchive.ipac.caltech.edu/data/ETSS//Kepler/005/245/75/kplr002160910-2009350155506_llc.fits
Resolving exoplanetarchive.ipac.caltech.edu (exoplanetarchive.ipac.caltech.edu)... 134.4.54.147
Connecting to exoplanetarchive.ipac.caltech.edu (exoplanetarchive.ipac.caltech.edu)|134.4.54.147|:80... connected.
HTTP request sent, awaiting response... 302 Found
Location: https://exoplanetarchive.ipac.caltech.edu/data/ETSS//Kepler/005/245/75/kplr002160910-2009350155506_llc.fits [following]
--2018-12-09 13:02:14--  https://exoplanetarchive.ipac.caltech.edu/data/ETSS//Kepler/005/245/75/kplr002160910-2009350155506_llc.fits
Connecting to exoplanetarchive.ipac.caltech.edu (exoplanetarchive.ipac.caltech.edu)|134.4.54.147|:443... connected.
HTTP request sent, awaiting response... 200 OK
Length: 466560 (456K) [image/x-fits]
Saving to: 'kplr002160910-2009350155506_llc.fits'

     0K .......... .......... .......... .......... .......... 10% 42,8K 9s
    50K .......... .......... .......... .......... .......... 21% 84,7K 6s
   100K .......... .......... .......... .......... .......... 32%  214K 4s
   150K .......... .......... .......... .......... .......... 43%  149K 3s
   200K .......... .......... .......... .......... .......... 54%  203K 2s
   250K .......... .......... .......... .......... .......... 65%  149K 2s
   300K .......... .......... .......... .......... .......... 76%  259K 1s
   350K .......... .......... .......... .......... .......... 87%  250K 0s
   400K .......... .......... .......... .......... .......... 98%  261K 0s
   450K .....                                                 100% 36,6G=3,5s

2018-12-09 13:02:19 (130 KB/s) - 'kplr002160910-2009350155506_llc.fits' saved [466560/466560]

--2018-12-09 13:02:19--  http://exoplanetarchive.ipac.caltech.edu/data/ETSS//Kepler/005/262/31/kplr002160910-2009350155506_llc_lc.tbl
Resolving exoplanetarchive.ipac.caltech.edu (exoplanetarchive.ipac.caltech.edu)... 134.4.54.147
Connecting to exoplanetarchive.ipac.caltech.edu (exoplanetarchive.ipac.caltech.edu)|134.4.54.147|:80... connected.
HTTP request sent, awaiting response... 302 Found
Location: https://exoplanetarchive.ipac.caltech.edu/data/ETSS//Kepler/005/262/31/kplr002160910-2009350155506_llc_lc.tbl [following]
--2018-12-09 13:02:19--  https://exoplanetarchive.ipac.caltech.edu/data/ETSS//Kepler/005/262/31/kplr002160910-2009350155506_llc_lc.tbl
Connecting to exoplanetarchive.ipac.caltech.edu (exoplanetarchive.ipac.caltech.edu)|134.4.54.147|:443... connected.
HTTP request sent, awaiting response... 200 OK
Length: 1412963 (1,3M) [text/plain]
Saving to: 'kplr002160910-2009350155506_llc_lc.tbl'

     0K .......... .......... .......... .......... ..........  3% 42,3K 31s
    50K .......... .......... .......... .......... ..........  7% 83,8K 23s
   100K .......... .......... .......... .......... .......... 10%  260K 16s
   150K .......... .......... .......... .......... .......... 14%  125K 14s
   200K .......... .......... .......... .......... .......... 18%  128K 12s
   250K .......... .......... .......... .......... .......... 21%  250K 11s
   300K .......... .......... .......... .......... .......... 25%  125K 10s
   350K .......... .......... .......... .......... .......... 28%  255K 9s
   400K .......... .......... .......... .......... .......... 32%  125K 8s
   450K .......... .......... .......... .......... .......... 36%  256K 7s
   500K .......... .......... .......... .......... .......... 39%  243K 7s
   550K .......... .......... .......... .......... .......... 43%  155K 6s
   600K .......... .......... .......... .......... .......... 47%  778K 5s
   650K .......... .......... .......... .......... .......... 50%  258K 5s
   700K .......... .......... .......... .......... .......... 54%  252K 4s
   750K .......... .......... .......... .......... .......... 57%  253K 4s
   800K .......... .......... .......... .......... .......... 61%  259K 3s
   850K .......... .......... .......... .......... .......... 65% 10,3M 3s
   900K .......... .......... .......... .......... .......... 68%  253K 3s
   950K .......... .......... .......... .......... .......... 72%  126K 2s
  1000K .......... .......... .......... .......... .......... 76% 41,7K 2s
  1050K .......... .......... .......... .......... .......... 79% 63,4K 2s
  1100K .......... .......... .......... .......... .......... 83%  127K 2s
  1150K .......... .......... .......... .......... .......... 86%  127K 1s
  1200K .......... .......... .......... .......... .......... 90% 87,1K 1s
  1250K .......... .......... .......... .......... .......... 94%  248K 1s
  1300K .......... .......... .......... .......... .......... 97%  129K 0s
  1350K .......... .......... .........                       100% 11,6M=10s

2018-12-09 13:02:30 (137 KB/s) - 'kplr002160910-2009350155506_llc_lc.tbl' saved [1412963/1412963]

--2018-12-09 13:02:30--  http://exoplanetarchive.ipac.caltech.edu/data/ETSS//Kepler/005/345/02/kplr002160910-2010078095331_llc.fits
Resolving exoplanetarchive.ipac.caltech.edu (exoplanetarchive.ipac.caltech.edu)... 134.4.54.147
Connecting to exoplanetarchive.ipac.caltech.edu (exoplanetarchive.ipac.caltech.edu)|134.4.54.147|:80... connected.
HTTP request sent, awaiting response... 302 Found
Location: https://exoplanetarchive.ipac.caltech.edu/data/ETSS//Kepler/005/345/02/kplr002160910-2010078095331_llc.fits [following]
--2018-12-09 13:02:31--  https://exoplanetarchive.ipac.caltech.edu/data/ETSS//Kepler/005/345/02/kplr002160910-2010078095331_llc.fits
Connecting to exoplanetarchive.ipac.caltech.edu (exoplanetarchive.ipac.caltech.edu)|134.4.54.147|:443... connected.
HTTP request sent, awaiting response... 200 OK
Length: 469440 (458K) [image/x-fits]
Saving to: 'kplr002160910-2010078095331_llc.fits'

     0K .......... .......... .......... .......... .......... 10% 42,9K 10s
    50K .......... .......... .......... .......... .......... 21% 84,7K 6s
   100K .......... .......... .......... .......... .......... 32%  249K 4s
   150K .......... .......... .......... .......... .......... 43%  127K 3s
   200K .......... .......... .......... .......... .......... 54%  251K 2s
   250K .......... .......... .......... .......... .......... 65%  220K 1s
   300K .......... .......... .......... .......... .......... 76%  145K 1s
   350K .......... .......... .......... .......... .......... 87%  717K 0s
   400K .......... .......... .......... .......... .......... 98%  254K 0s
   450K ........                                              100% 13,6M=3,4s

2018-12-09 13:02:35 (135 KB/s) - 'kplr002160910-2010078095331_llc.fits' saved [469440/469440]

--2018-12-09 13:02:35--  http://exoplanetarchive.ipac.caltech.edu/data/ETSS//Kepler/005/362/01/kplr002160910-2010078095331_llc_lc.tbl
Resolving exoplanetarchive.ipac.caltech.edu (exoplanetarchive.ipac.caltech.edu)... 134.4.54.147
Connecting to exoplanetarchive.ipac.caltech.edu (exoplanetarchive.ipac.caltech.edu)|134.4.54.147|:80... connected.
HTTP request sent, awaiting response... 302 Found
Location: https://exoplanetarchive.ipac.caltech.edu/data/ETSS//Kepler/005/362/01/kplr002160910-2010078095331_llc_lc.tbl [following]
--2018-12-09 13:02:36--  https://exoplanetarchive.ipac.caltech.edu/data/ETSS//Kepler/005/362/01/kplr002160910-2010078095331_llc_lc.tbl
Connecting to exoplanetarchive.ipac.caltech.edu (exoplanetarchive.ipac.caltech.edu)|134.4.54.147|:443... connected.
HTTP request sent, awaiting response... 200 OK
Length: 1421660 (1,4M) [text/plain]
Saving to: 'kplr002160910-2010078095331_llc_lc.tbl'

     0K .......... .......... .......... .......... ..........  3% 42,4K 32s
    50K .......... .......... .......... .......... ..........  7% 84,7K 23s
   100K .......... .......... .......... .......... .......... 10% 42,8K 24s
   150K .......... .......... .......... .......... .......... 14% 51,2K 23s
   200K .......... .......... .......... .......... .......... 18% 51,4K 22s
   250K .......... .......... .......... .......... .......... 21% 84,6K 20s
   300K .......... .......... .......... .......... .......... 25% 64,2K 19s
   350K .......... .......... .......... .......... .......... 28% 64,2K 17s
   400K .......... .......... .......... .......... .......... 32% 63,8K 16s
   450K .......... .......... .......... .......... .......... 36% 85,4K 15s
   500K .......... .......... .......... .......... .......... 39% 85,3K 14s
   550K .......... .......... .......... .......... .......... 43% 85,9K 13s
   600K .......... .......... .......... .......... .......... 46%  119K 11s
   650K .......... .......... .......... .......... .......... 50% 90,4K 10s
   700K .......... .......... .......... .......... .......... 54% 85,9K 9s
   750K .......... .......... .......... .......... .......... 57%  127K 8s
   800K .......... .......... .......... .......... .......... 61% 64,6K 8s
   850K .......... .......... .......... .......... .......... 64%  127K 7s
   900K .......... .......... .......... .......... .......... 68% 85,6K 6s
   950K .......... .......... .......... .......... .......... 72% 50,3K 6s
  1000K .......... .......... .......... .......... .......... 75% 50,8K 5s
  1050K .......... .......... .......... .......... .......... 79% 84,2K 4s
  1100K .......... .......... .......... .......... .......... 82% 85,6K 3s
  1150K .......... .......... .......... .......... .......... 86% 85,9K 3s
  1200K .......... .......... .......... .......... .......... 90% 62,4K 2s
  1250K .......... .......... .......... .......... .......... 93% 88,8K 1s
  1300K .......... .......... .......... .......... .......... 97% 63,1K 1s
  1350K .......... .......... .......... ........             100% 60,1K=20s

2018-12-09 13:02:57 (70,1 KB/s) - 'kplr002160910-2010078095331_llc_lc.tbl' saved [1421660/1421660]

--2018-12-09 13:02:57--  http://exoplanetarchive.ipac.caltech.edu/data/ETSS//Kepler/005/179/22/kplr002160910-2010174085026_llc.fits
Resolving exoplanetarchive.ipac.caltech.edu (exoplanetarchive.ipac.caltech.edu)... 134.4.54.147
Connecting to exoplanetarchive.ipac.caltech.edu (exoplanetarchive.ipac.caltech.edu)|134.4.54.147|:80... connected.
HTTP request sent, awaiting response... 302 Found
Location: https://exoplanetarchive.ipac.caltech.edu/data/ETSS//Kepler/005/179/22/kplr002160910-2010174085026_llc.fits [following]
--2018-12-09 13:02:57--  https://exoplanetarchive.ipac.caltech.edu/data/ETSS//Kepler/005/179/22/kplr002160910-2010174085026_llc.fits
Connecting to exoplanetarchive.ipac.caltech.edu (exoplanetarchive.ipac.caltech.edu)|134.4.54.147|:443... connected.
HTTP request sent, awaiting response... 200 OK
Length: 492480 (481K) [image/x-fits]
Saving to: 'kplr002160910-2010174085026_llc.fits'

     0K .......... .......... .......... .......... .......... 10% 42,7K 10s
    50K .......... .......... .......... .......... .......... 20% 84,2K 7s
   100K .......... .......... .......... .......... .......... 31%  127K 5s
   150K .......... .......... .......... .......... .......... 41%  126K 4s
   200K .......... .......... .......... .......... .......... 51%  261K 3s
   250K .......... .......... .......... .......... .......... 62%  128K 2s
   300K .......... .......... .......... .......... .......... 72%  256K 1s
   350K .......... .......... .......... .......... .......... 83%  129K 1s
   400K .......... .......... .......... .......... .......... 93%  254K 0s
   450K .......... .......... ..........                      100%  161K=4,1s

2018-12-09 13:03:02 (117 KB/s) - 'kplr002160910-2010174085026_llc.fits' saved [492480/492480]

--2018-12-09 13:03:02--  http://exoplanetarchive.ipac.caltech.edu/data/ETSS//Kepler/005/195/85/kplr002160910-2010174085026_llc_lc.tbl
Resolving exoplanetarchive.ipac.caltech.edu (exoplanetarchive.ipac.caltech.edu)... 134.4.54.147
Connecting to exoplanetarchive.ipac.caltech.edu (exoplanetarchive.ipac.caltech.edu)|134.4.54.147|:80... connected.
HTTP request sent, awaiting response... 302 Found
Location: https://exoplanetarchive.ipac.caltech.edu/data/ETSS//Kepler/005/195/85/kplr002160910-2010174085026_llc_lc.tbl [following]
--2018-12-09 13:03:03--  https://exoplanetarchive.ipac.caltech.edu/data/ETSS//Kepler/005/195/85/kplr002160910-2010174085026_llc_lc.tbl
Connecting to exoplanetarchive.ipac.caltech.edu (exoplanetarchive.ipac.caltech.edu)|134.4.54.147|:443... connected.
HTTP request sent, awaiting response... 200 OK
Length: 1497986 (1,4M) [text/plain]
Saving to: 'kplr002160910-2010174085026_llc_lc.tbl'

     0K .......... .......... .......... .......... ..........  3% 43,0K 33s
    50K .......... .......... .......... .......... ..........  6% 85,3K 24s
   100K .......... .......... .......... .......... .......... 10%  127K 19s
   150K .......... .......... .......... .......... .......... 13%  130K 16s
   200K .......... .......... .......... .......... .......... 17%  128K 14s
   250K .......... .......... .......... .......... .......... 20%  254K 12s
   300K .......... .......... .......... .......... .......... 23%  252K 11s
   350K .......... .......... .......... .......... .......... 27%  130K 10s
   400K .......... .......... .......... .......... .......... 30%  251K 9s
   450K .......... .......... .......... .......... .......... 34%  252K 8s
   500K .......... .......... .......... .......... .......... 37%  256K 7s
   550K .......... .......... .......... .......... .......... 41%  265K 6s
   600K .......... .......... .......... .......... .......... 44%  255K 6s
   650K .......... .......... .......... .......... .......... 47% 6,73M 5s
   700K .......... .......... .......... .......... .......... 51%  259K 5s
   750K .......... .......... .......... .......... .......... 54%  256K 4s
   800K .......... .......... .......... .......... .......... 58%  259K 4s
   850K .......... .......... .......... .......... .......... 61% 5,23M 3s
   900K .......... .......... .......... .......... .......... 64%  264K 3s
   950K .......... .......... .......... .......... .......... 68%  255K 3s
  1000K .......... .......... .......... .......... .......... 71% 9,68M 2s
  1050K .......... .......... .......... .......... .......... 75%  260K 2s
  1100K .......... .......... .......... .......... .......... 78%  259K 2s
  1150K .......... .......... .......... .......... .......... 82%  259K 1s
  1200K .......... .......... .......... .......... .......... 85% 8,45M 1s
  1250K .......... .......... .......... .......... .......... 88%  264K 1s
  1300K .......... .......... .......... .......... .......... 92% 11,9M 1s
  1350K .......... .......... .......... .......... .......... 95%  260K 0s
  1400K .......... .......... .......... .......... .......... 99% 10,8M 0s
  1450K .......... ..                                         100% 15,5M=6,6s

2018-12-09 13:03:10 (220 KB/s) - 'kplr002160910-2010174085026_llc_lc.tbl' saved [1497986/1497986]

--2018-12-09 13:03:11--  http://exoplanetarchive.ipac.caltech.edu/data/ETSS//Kepler/005/379/01/kplr002160910-2010265121752_llc.fits
Resolving exoplanetarchive.ipac.caltech.edu (exoplanetarchive.ipac.caltech.edu)... 134.4.54.147
Connecting to exoplanetarchive.ipac.caltech.edu (exoplanetarchive.ipac.caltech.edu)|134.4.54.147|:80... connected.
HTTP request sent, awaiting response... 302 Found
Location: https://exoplanetarchive.ipac.caltech.edu/data/ETSS//Kepler/005/379/01/kplr002160910-2010265121752_llc.fits [following]
--2018-12-09 13:03:11--  https://exoplanetarchive.ipac.caltech.edu/data/ETSS//Kepler/005/379/01/kplr002160910-2010265121752_llc.fits
Connecting to exoplanetarchive.ipac.caltech.edu (exoplanetarchive.ipac.caltech.edu)|134.4.54.147|:443... connected.
HTTP request sent, awaiting response... 200 OK
Length: 469440 (458K) [image/x-fits]
Saving to: 'kplr002160910-2010265121752_llc.fits'

     0K .......... .......... .......... .......... .......... 10% 42,9K 10s
    50K .......... .......... .......... .......... .......... 21% 85,8K 6s
   100K .......... .......... .......... .......... .......... 32%  129K 4s
   150K .......... .......... .......... .......... .......... 43%  130K 3s
   200K .......... .......... .......... .......... .......... 54%  129K 2s
   250K .......... .......... .......... .......... .......... 65%  252K 2s
   300K .......... .......... .......... .......... .......... 76%  131K 1s
   350K .......... .......... .......... .......... .......... 87%  253K 1s
   400K .......... .......... .......... .......... .......... 98%  254K 0s
   450K ........                                              100% 24,7M=3,9s

2018-12-09 13:03:16 (118 KB/s) - 'kplr002160910-2010265121752_llc.fits' saved [469440/469440]

--2018-12-09 13:03:16--  http://exoplanetarchive.ipac.caltech.edu/data/ETSS//Kepler/005/395/55/kplr002160910-2010265121752_llc_lc.tbl
Resolving exoplanetarchive.ipac.caltech.edu (exoplanetarchive.ipac.caltech.edu)... 134.4.54.147
Connecting to exoplanetarchive.ipac.caltech.edu (exoplanetarchive.ipac.caltech.edu)|134.4.54.147|:80... connected.
HTTP request sent, awaiting response... 302 Found
Location: https://exoplanetarchive.ipac.caltech.edu/data/ETSS//Kepler/005/395/55/kplr002160910-2010265121752_llc_lc.tbl [following]
--2018-12-09 13:03:17--  https://exoplanetarchive.ipac.caltech.edu/data/ETSS//Kepler/005/395/55/kplr002160910-2010265121752_llc_lc.tbl
Connecting to exoplanetarchive.ipac.caltech.edu (exoplanetarchive.ipac.caltech.edu)|134.4.54.147|:443... connected.
HTTP request sent, awaiting response... 200 OK
Length: 1421980 (1,4M) [text/plain]
Saving to: 'kplr002160910-2010265121752_llc_lc.tbl'

     0K .......... .......... .......... .......... ..........  3% 43,1K 31s
    50K .......... .......... .......... .......... ..........  7% 85,7K 22s
   100K .......... .......... .......... .......... .......... 10%  126K 18s
   150K .......... .......... .......... .......... .......... 14%  253K 14s
   200K .......... .......... .......... .......... .......... 18%  130K 12s
   250K .......... .......... .......... .......... .......... 21%  130K 11s
   300K .......... .......... .......... .......... .......... 25%  255K 10s
   350K .......... .......... .......... .......... .......... 28%  129K 9s
   400K .......... .......... .......... .......... .......... 32%  248K 8s
   450K .......... .......... .......... .......... .......... 36%  254K 7s
   500K .......... .......... .......... .......... .......... 39%  260K 7s
   550K .......... .......... .......... .......... .......... 43%  257K 6s
   600K .......... .......... .......... .......... .......... 46% 3,25M 5s
   650K .......... .......... .......... .......... .......... 50%  265K 5s
   700K .......... .......... .......... .......... .......... 54%  266K 4s
   750K .......... .......... .......... .......... .......... 57%  259K 4s
   800K .......... .......... .......... .......... .......... 61%  255K 3s
   850K .......... .......... .......... .......... .......... 64% 6,81M 3s
   900K .......... .......... .......... .......... .......... 68%  259K 3s
   950K .......... .......... .......... .......... .......... 72%  271K 2s
  1000K .......... .......... .......... .......... .......... 75% 4,19M 2s
  1050K .......... .......... .......... .......... .......... 79%  264K 2s
  1100K .......... .......... .......... .......... .......... 82%  262K 1s
  1150K .......... .......... .......... .......... .......... 86% 4,67M 1s
  1200K .......... .......... .......... .......... .......... 90%  267K 1s
  1250K .......... .......... .......... .......... .......... 93%  262K 0s
  1300K .......... .......... .......... .......... .......... 97% 9,84M 0s
  1350K .......... .......... .......... ........             100% 1,97M=6,4s

2018-12-09 13:03:24 (215 KB/s) - 'kplr002160910-2010265121752_llc_lc.tbl' saved [1421980/1421980]

--2018-12-09 13:03:24--  http://exoplanetarchive.ipac.caltech.edu/data/ETSS//Kepler/005/278/89/kplr002160910-2010355172524_llc.fits
Resolving exoplanetarchive.ipac.caltech.edu (exoplanetarchive.ipac.caltech.edu)... 134.4.54.147
Connecting to exoplanetarchive.ipac.caltech.edu (exoplanetarchive.ipac.caltech.edu)|134.4.54.147|:80... connected.
HTTP request sent, awaiting response... 302 Found
Location: https://exoplanetarchive.ipac.caltech.edu/data/ETSS//Kepler/005/278/89/kplr002160910-2010355172524_llc.fits [following]
--2018-12-09 13:03:25--  https://exoplanetarchive.ipac.caltech.edu/data/ETSS//Kepler/005/278/89/kplr002160910-2010355172524_llc.fits
Connecting to exoplanetarchive.ipac.caltech.edu (exoplanetarchive.ipac.caltech.edu)|134.4.54.147|:443... connected.
HTTP request sent, awaiting response... 200 OK
Length: 466560 (456K) [image/x-fits]
Saving to: 'kplr002160910-2010355172524_llc.fits'

     0K .......... .......... .......... .......... .......... 10% 42,9K 9s
    50K .......... .......... .......... .......... .......... 21% 86,1K 6s
   100K .......... .......... .......... .......... .......... 32%  130K 4s
   150K .......... .......... .......... .......... .......... 43%  127K 3s
   200K .......... .......... .......... .......... .......... 54%  131K 2s
   250K .......... .......... .......... .......... .......... 65%  258K 2s
   300K .......... .......... .......... .......... .......... 76%  128K 1s
   350K .......... .......... .......... .......... .......... 87%  258K 1s
   400K .......... .......... .......... .......... .......... 98%  128K 0s
   450K .....                                                 100% 36,6G=4,1s

2018-12-09 13:03:30 (112 KB/s) - 'kplr002160910-2010355172524_llc.fits' saved [466560/466560]

--2018-12-09 13:03:30--  http://exoplanetarchive.ipac.caltech.edu/data/ETSS//Kepler/005/295/22/kplr002160910-2010355172524_llc_lc.tbl
Resolving exoplanetarchive.ipac.caltech.edu (exoplanetarchive.ipac.caltech.edu)... 134.4.54.147
Connecting to exoplanetarchive.ipac.caltech.edu (exoplanetarchive.ipac.caltech.edu)|134.4.54.147|:80... connected.
HTTP request sent, awaiting response... 302 Found
Location: https://exoplanetarchive.ipac.caltech.edu/data/ETSS//Kepler/005/295/22/kplr002160910-2010355172524_llc_lc.tbl [following]
--2018-12-09 13:03:30--  https://exoplanetarchive.ipac.caltech.edu/data/ETSS//Kepler/005/295/22/kplr002160910-2010355172524_llc_lc.tbl
Connecting to exoplanetarchive.ipac.caltech.edu (exoplanetarchive.ipac.caltech.edu)|134.4.54.147|:443... connected.
HTTP request sent, awaiting response... 200 OK
Length: 1414557 (1,3M) [text/plain]
Saving to: 'kplr002160910-2010355172524_llc_lc.tbl'

     0K .......... .......... .......... .......... ..........  3% 42,8K 31s
    50K .......... .......... .......... .......... ..........  7% 86,2K 22s
   100K .......... .......... .......... .......... .......... 10%  129K 18s
   150K .......... .......... .......... .......... .......... 14%  251K 14s
   200K .......... .......... .......... .......... .......... 18%  125K 12s
   250K .......... .......... .......... .......... .......... 21%  262K 11s
   300K .......... .......... .......... .......... .......... 25%  130K 10s
   350K .......... .......... .......... .......... .......... 28%  130K 9s
   400K .......... .......... .......... .......... .......... 32%  129K 8s
   450K .......... .......... .......... .......... .......... 36%  257K 8s
   500K .......... .......... .......... .......... .......... 39%  250K 7s
   550K .......... .......... .......... .......... .......... 43%  250K 6s
   600K .......... .......... .......... .......... .......... 47%  260K 5s
   650K .......... .......... .......... .......... .......... 50%  260K 5s
   700K .......... .......... .......... .......... .......... 54%  257K 4s
   750K .......... .......... .......... .......... .......... 57%  253K 4s
   800K .......... .......... .......... .......... .......... 61%  258K 4s
   850K .......... .......... .......... .......... .......... 65% 6,32M 3s
   900K .......... .......... .......... .......... .......... 68%  261K 3s
   950K .......... .......... .......... .......... .......... 72%  254K 2s
  1000K .......... .......... .......... .......... .......... 76%  259K 2s
  1050K .......... .......... .......... .......... .......... 79%  262K 2s
  1100K .......... .......... .......... .......... .......... 83% 6,35M 1s
  1150K .......... .......... .......... .......... .......... 86%  265K 1s
  1200K .......... .......... .......... .......... .......... 90%  260K 1s
  1250K .......... .......... .......... .......... .......... 94% 11,2M 0s
  1300K .......... .......... .......... .......... .......... 97%  257K 0s
  1350K .......... .......... .......... .                    100% 12,4M=7,0s

2018-12-09 13:03:38 (197 KB/s) - 'kplr002160910-2010355172524_llc_lc.tbl' saved [1414557/1414557]

--2018-12-09 13:03:38--  http://exoplanetarchive.ipac.caltech.edu/data/ETSS//Kepler/005/412/08/kplr002160910-2011073133259_llc.fits
Resolving exoplanetarchive.ipac.caltech.edu (exoplanetarchive.ipac.caltech.edu)... 134.4.54.147
Connecting to exoplanetarchive.ipac.caltech.edu (exoplanetarchive.ipac.caltech.edu)|134.4.54.147|:80... connected.
HTTP request sent, awaiting response... 302 Found
Location: https://exoplanetarchive.ipac.caltech.edu/data/ETSS//Kepler/005/412/08/kplr002160910-2011073133259_llc.fits [following]
--2018-12-09 13:03:39--  https://exoplanetarchive.ipac.caltech.edu/data/ETSS//Kepler/005/412/08/kplr002160910-2011073133259_llc.fits
Connecting to exoplanetarchive.ipac.caltech.edu (exoplanetarchive.ipac.caltech.edu)|134.4.54.147|:443... connected.
HTTP request sent, awaiting response... 200 OK
Length: 357120 (349K) [image/x-fits]
Saving to: 'kplr002160910-2011073133259_llc.fits'

     0K .......... .......... .......... .......... .......... 14% 42,7K 7s
    50K .......... .......... .......... .......... .......... 28% 86,0K 4s
   100K .......... .......... .......... .......... .......... 43%  127K 3s
   150K .......... .......... .......... .......... .......... 57%  126K 2s
   200K .......... .......... .......... .......... .......... 71%  130K 1s
   250K .......... .......... .......... .......... .......... 86%  128K 1s
   300K .......... .......... .......... .......... ........  100%  243K=3,5s

2018-12-09 13:03:43 (99,1 KB/s) - 'kplr002160910-2011073133259_llc.fits' saved [357120/357120]

--2018-12-09 13:03:43--  http://exoplanetarchive.ipac.caltech.edu/data/ETSS//Kepler/005/428/87/kplr002160910-2011073133259_llc_lc.tbl
Resolving exoplanetarchive.ipac.caltech.edu (exoplanetarchive.ipac.caltech.edu)... 134.4.54.147
Connecting to exoplanetarchive.ipac.caltech.edu (exoplanetarchive.ipac.caltech.edu)|134.4.54.147|:80... connected.
HTTP request sent, awaiting response... 302 Found
Location: https://exoplanetarchive.ipac.caltech.edu/data/ETSS//Kepler/005/428/87/kplr002160910-2011073133259_llc_lc.tbl [following]
--2018-12-09 13:03:44--  https://exoplanetarchive.ipac.caltech.edu/data/ETSS//Kepler/005/428/87/kplr002160910-2011073133259_llc_lc.tbl
Connecting to exoplanetarchive.ipac.caltech.edu (exoplanetarchive.ipac.caltech.edu)|134.4.54.147|:443... connected.
HTTP request sent, awaiting response... 200 OK
Length: 1061646 (1,0M) [text/plain]
Saving to: 'kplr002160910-2011073133259_llc_lc.tbl'

     0K .......... .......... .......... .......... ..........  4% 43,2K 23s
    50K .......... .......... .......... .......... ..........  9% 86,3K 16s
   100K .......... .......... .......... .......... .......... 14%  129K 13s
   150K .......... .......... .......... .......... .......... 19%  126K 11s
   200K .......... .......... .......... .......... .......... 24%  130K 9s
   250K .......... .......... .......... .......... .......... 28%  259K 8s
   300K .......... .......... .......... .......... .......... 33%  126K 7s
   350K .......... .......... .......... .......... .......... 38%  253K 6s
   400K .......... .......... .......... .......... .......... 43%  129K 5s
   450K .......... .......... .......... .......... .......... 48%  258K 5s
   500K .......... .......... .......... .......... .......... 53%  248K 4s
   550K .......... .......... .......... .......... .......... 57%  259K 3s
   600K .......... .......... .......... .......... .......... 62%  249K 3s
   650K .......... .......... .......... .......... .......... 67%  259K 2s
   700K .......... .......... .......... .......... .......... 72%  259K 2s
   750K .......... .......... .......... .......... .......... 77%  260K 2s
   800K .......... .......... .......... .......... .......... 81%  257K 1s
   850K .......... .......... .......... .......... .......... 86%  223K 1s
   900K .......... .......... .......... .......... .......... 91% 18,1M 1s
   950K .......... .......... .......... .......... .......... 96%  263K 0s
  1000K .......... .......... .......... ......               100%  192K=6,3s

2018-12-09 13:03:51 (166 KB/s) - 'kplr002160910-2011073133259_llc_lc.tbl' saved [1061646/1061646]

--2018-12-09 13:03:51--  http://exoplanetarchive.ipac.caltech.edu/data/ETSS//Kepler/005/311/56/kplr002160910-2011177032512_llc.fits
Resolving exoplanetarchive.ipac.caltech.edu (exoplanetarchive.ipac.caltech.edu)... 134.4.54.147
Connecting to exoplanetarchive.ipac.caltech.edu (exoplanetarchive.ipac.caltech.edu)|134.4.54.147|:80... connected.
HTTP request sent, awaiting response... 302 Found
Location: https://exoplanetarchive.ipac.caltech.edu/data/ETSS//Kepler/005/311/56/kplr002160910-2011177032512_llc.fits [following]
--2018-12-09 13:03:52--  https://exoplanetarchive.ipac.caltech.edu/data/ETSS//Kepler/005/311/56/kplr002160910-2011177032512_llc.fits
Connecting to exoplanetarchive.ipac.caltech.edu (exoplanetarchive.ipac.caltech.edu)|134.4.54.147|:443... connected.
HTTP request sent, awaiting response... 200 OK
Length: 506880 (495K) [image/x-fits]
Saving to: 'kplr002160910-2011177032512_llc.fits'

     0K .......... .......... .......... .......... .......... 10% 43,3K 10s
    50K .......... .......... .......... .......... .......... 20% 85,2K 7s
   100K .......... .......... .......... .......... .......... 30%  127K 5s
   150K .......... .......... .......... .......... .......... 40%  127K 4s
   200K .......... .......... .......... .......... .......... 50%  126K 3s
   250K .......... .......... .......... .......... .......... 60%  130K 2s
   300K .......... .......... .......... .......... .......... 70%  129K 2s
   350K .......... .......... .......... .......... .......... 80% 60,7K 1s
   400K .......... .......... .......... .......... .......... 90% 61,7K 1s
   450K .......... .......... .......... .......... .....     100%  112K=5,7s

2018-12-09 13:03:59 (86,3 KB/s) - 'kplr002160910-2011177032512_llc.fits' saved [506880/506880]

--2018-12-09 13:03:59--  http://exoplanetarchive.ipac.caltech.edu/data/ETSS//Kepler/005/328/29/kplr002160910-2011177032512_llc_lc.tbl
Resolving exoplanetarchive.ipac.caltech.edu (exoplanetarchive.ipac.caltech.edu)... 134.4.54.147
Connecting to exoplanetarchive.ipac.caltech.edu (exoplanetarchive.ipac.caltech.edu)|134.4.54.147|:80... connected.
HTTP request sent, awaiting response... 302 Found
Location: https://exoplanetarchive.ipac.caltech.edu/data/ETSS//Kepler/005/328/29/kplr002160910-2011177032512_llc_lc.tbl [following]
--2018-12-09 13:04:00--  https://exoplanetarchive.ipac.caltech.edu/data/ETSS//Kepler/005/328/29/kplr002160910-2011177032512_llc_lc.tbl
Connecting to exoplanetarchive.ipac.caltech.edu (exoplanetarchive.ipac.caltech.edu)|134.4.54.147|:443... connected.
HTTP request sent, awaiting response... 200 OK
Length: 1541132 (1,5M) [text/plain]
Saving to: 'kplr002160910-2011177032512_llc_lc.tbl'

     0K .......... .......... .......... .......... ..........  3% 42,6K 34s
    50K .......... .......... .......... .......... ..........  6%  117K 23s
   100K .......... .......... .......... .......... ..........  9% 93,1K 19s
   150K .......... .......... .......... .......... .......... 13%  256K 15s
   200K .......... .......... .......... .......... .......... 16%  128K 14s
   250K .......... .......... .......... .......... .......... 19%  251K 12s
   300K .......... .......... .......... .......... .......... 23%  130K 11s
   350K .......... .......... .......... .......... .......... 26%  254K 10s
   400K .......... .......... .......... .......... .......... 29%  260K 9s
   450K .......... .......... .......... .......... .......... 33%  261K 8s
   500K .......... .......... .......... .......... .......... 36%  257K 7s
   550K .......... .......... .......... .......... .......... 39%  886K 6s
   600K .......... .......... .......... .......... .......... 43%  347K 6s
   650K .......... .......... .......... .......... .......... 46%  906K 5s
   700K .......... .......... .......... .......... .......... 49%  262K 5s
   750K .......... .......... .......... .......... .......... 53%  261K 4s
   800K .......... .......... .......... .......... .......... 56%  254K 4s
   850K .......... .......... .......... .......... .......... 59%  261K 3s
   900K .......... .......... .......... .......... .......... 63% 8,42M 3s
   950K .......... .......... .......... .......... .......... 66%  262K 3s
  1000K .......... .......... .......... .......... .......... 69%  262K 2s
  1050K .......... .......... .......... .......... .......... 73% 5,06M 2s
  1100K .......... .......... .......... .......... .......... 76%  273K 2s
  1150K .......... .......... .......... .......... .......... 79% 4,28M 1s
  1200K .......... .......... .......... .......... .......... 83%  248K 1s
  1250K .......... .......... .......... .......... .......... 86%  277K 1s
  1300K .......... .......... .......... .......... .......... 89% 9,74M 1s
  1350K .......... .......... .......... .......... .......... 93%  268K 0s
  1400K .......... .......... .......... .......... .......... 96% 4,97M 0s
  1450K .......... .......... .......... .......... .......... 99%  266K 0s
  1500K .....                                                 100% 17,0M=6,5s

2018-12-09 13:04:07 (232 KB/s) - 'kplr002160910-2011177032512_llc_lc.tbl' saved [1541132/1541132]

--2018-12-09 13:04:07--  http://exoplanetarchive.ipac.caltech.edu/data/ETSS//Kepler/005/445/66/kplr002160910-2011271113734_llc.fits
Resolving exoplanetarchive.ipac.caltech.edu (exoplanetarchive.ipac.caltech.edu)... 134.4.54.147
Connecting to exoplanetarchive.ipac.caltech.edu (exoplanetarchive.ipac.caltech.edu)|134.4.54.147|:80... connected.
HTTP request sent, awaiting response... 302 Found
Location: https://exoplanetarchive.ipac.caltech.edu/data/ETSS//Kepler/005/445/66/kplr002160910-2011271113734_llc.fits [following]
--2018-12-09 13:04:08--  https://exoplanetarchive.ipac.caltech.edu/data/ETSS//Kepler/005/445/66/kplr002160910-2011271113734_llc.fits
Connecting to exoplanetarchive.ipac.caltech.edu (exoplanetarchive.ipac.caltech.edu)|134.4.54.147|:443... connected.
HTTP request sent, awaiting response... 200 OK
Length: 486720 (475K) [image/x-fits]
Saving to: 'kplr002160910-2011271113734_llc.fits'

     0K .......... .......... .......... .......... .......... 10% 31,9K 13s
    50K .......... .......... .......... .......... .......... 21% 35,6K 11s
   100K .......... .......... .......... .......... .......... 31% 51,3K 9s
   150K .......... .......... .......... .......... .......... 42% 51,2K 7s
   200K .......... .......... .......... .......... .......... 52% 35,4K 6s
   250K .......... .......... .......... .......... .......... 63% 40,0K 4s
   300K .......... .......... .......... .......... .......... 73% 45,4K 3s
   350K .......... .......... .......... .......... .......... 84% 63,4K 2s
   400K .......... .......... .......... .......... .......... 94% 48,4K 1s
   450K .......... .......... .....                           100%  172K=11s

2018-12-09 13:04:19 (44,6 KB/s) - 'kplr002160910-2011271113734_llc.fits' saved [486720/486720]

--2018-12-09 13:04:19--  http://exoplanetarchive.ipac.caltech.edu/data/ETSS//Kepler/005/462/35/kplr002160910-2011271113734_llc_lc.tbl
Resolving exoplanetarchive.ipac.caltech.edu (exoplanetarchive.ipac.caltech.edu)... 134.4.54.147
Connecting to exoplanetarchive.ipac.caltech.edu (exoplanetarchive.ipac.caltech.edu)|134.4.54.147|:80... connected.
HTTP request sent, awaiting response... 302 Found
Location: https://exoplanetarchive.ipac.caltech.edu/data/ETSS//Kepler/005/462/35/kplr002160910-2011271113734_llc_lc.tbl [following]
--2018-12-09 13:04:20--  https://exoplanetarchive.ipac.caltech.edu/data/ETSS//Kepler/005/462/35/kplr002160910-2011271113734_llc_lc.tbl
Connecting to exoplanetarchive.ipac.caltech.edu (exoplanetarchive.ipac.caltech.edu)|134.4.54.147|:443... connected.
HTTP request sent, awaiting response... 200 OK
Length: 1478331 (1,4M) [text/plain]
Saving to: 'kplr002160910-2011271113734_llc_lc.tbl'

     0K .......... .......... .......... .......... ..........  3% 43,0K 32s
    50K .......... .......... .......... .......... ..........  6% 86,0K 23s
   100K .......... .......... .......... .......... .......... 10%  127K 18s
   150K .......... .......... .......... .......... .......... 13%  248K 15s
   200K .......... .......... .......... .......... .......... 17%  126K 13s
   250K .......... .......... .......... .......... .......... 20%  127K 12s
   300K .......... .......... .......... .......... .......... 24%  255K 10s
   350K .......... .......... .......... .......... .......... 27%  129K 10s
   400K .......... .......... .......... .......... .......... 31%  129K 9s
   450K .......... .......... .......... .......... .......... 34%  251K 8s
   500K .......... .......... .......... .......... .......... 38%  255K 7s
   550K .......... .......... .......... .......... .......... 41%  254K 7s
   600K .......... .......... .......... .......... .......... 45%  249K 6s
   650K .......... .......... .......... .......... .......... 48%  259K 5s
   700K .......... .......... .......... .......... .......... 51% 64,3K 5s
   750K .......... .......... .......... .......... .......... 55%  117K 5s
   800K .......... .......... .......... .......... .......... 58%  125K 5s
   850K .......... .......... .......... .......... .......... 62%  132K 4s
   900K .......... .......... .......... .......... .......... 65%  235K 4s
   950K .......... .......... .......... .......... .......... 69%  251K 3s
  1000K .......... .......... .......... .......... .......... 72%  252K 3s
  1050K .......... .......... .......... .......... .......... 76%  251K 2s
  1100K .......... .......... .......... .......... .......... 79%  249K 2s
  1150K .......... .......... .......... .......... .......... 83%  258K 2s
  1200K .......... .......... .......... .......... .......... 86%  128K 1s
  1250K .......... .......... .......... .......... .......... 90%  255K 1s
  1300K .......... .......... .......... .......... .......... 93%  251K 1s
  1350K .......... .......... .......... .......... .......... 96%  255K 0s
  1400K .......... .......... .......... .......... ...       100%  221K=9,5s

2018-12-09 13:04:30 (153 KB/s) - 'kplr002160910-2011271113734_llc_lc.tbl' saved [1478331/1478331]

--2018-12-09 13:04:30--  http://exoplanetarchive.ipac.caltech.edu/data/ETSS//Kepler/005/479/05/kplr002160910-2012004120508_llc.fits
Resolving exoplanetarchive.ipac.caltech.edu (exoplanetarchive.ipac.caltech.edu)... 134.4.54.147
Connecting to exoplanetarchive.ipac.caltech.edu (exoplanetarchive.ipac.caltech.edu)|134.4.54.147|:80... connected.
HTTP request sent, awaiting response... 302 Found
Location: https://exoplanetarchive.ipac.caltech.edu/data/ETSS//Kepler/005/479/05/kplr002160910-2012004120508_llc.fits [following]
--2018-12-09 13:04:31--  https://exoplanetarchive.ipac.caltech.edu/data/ETSS//Kepler/005/479/05/kplr002160910-2012004120508_llc.fits
Connecting to exoplanetarchive.ipac.caltech.edu (exoplanetarchive.ipac.caltech.edu)|134.4.54.147|:443... connected.
HTTP request sent, awaiting response... 200 OK
Length: 506880 (495K) [image/x-fits]
Saving to: 'kplr002160910-2012004120508_llc.fits'

     0K .......... .......... .......... .......... .......... 10% 42,8K 10s
    50K .......... .......... .......... .......... .......... 20% 85,6K 7s
   100K .......... .......... .......... .......... .......... 30%  128K 5s
   150K .......... .......... .......... .......... .......... 40%  128K 4s
   200K .......... .......... .......... .......... .......... 50%  125K 3s
   250K .......... .......... .......... .......... .......... 60%  130K 2s
   300K .......... .......... .......... .......... .......... 70%  259K 1s
   350K .......... .......... .......... .......... .......... 80%  129K 1s
   400K .......... .......... .......... .......... .......... 90%  129K 0s
   450K .......... .......... .......... .......... .....     100%  232K=4,5s

2018-12-09 13:04:36 (110 KB/s) - 'kplr002160910-2012004120508_llc.fits' saved [506880/506880]

--2018-12-09 13:04:37--  http://exoplanetarchive.ipac.caltech.edu/data/ETSS//Kepler/005/495/46/kplr002160910-2012004120508_llc_lc.tbl
Resolving exoplanetarchive.ipac.caltech.edu (exoplanetarchive.ipac.caltech.edu)... 134.4.54.147
Connecting to exoplanetarchive.ipac.caltech.edu (exoplanetarchive.ipac.caltech.edu)|134.4.54.147|:80... connected.
HTTP request sent, awaiting response... 302 Found
Location: https://exoplanetarchive.ipac.caltech.edu/data/ETSS//Kepler/005/495/46/kplr002160910-2012004120508_llc_lc.tbl [following]
--2018-12-09 13:04:37--  https://exoplanetarchive.ipac.caltech.edu/data/ETSS//Kepler/005/495/46/kplr002160910-2012004120508_llc_lc.tbl
Connecting to exoplanetarchive.ipac.caltech.edu (exoplanetarchive.ipac.caltech.edu)|134.4.54.147|:443... connected.
HTTP request sent, awaiting response... 200 OK
Length: 1536624 (1,5M) [text/plain]
Saving to: 'kplr002160910-2012004120508_llc_lc.tbl'

     0K .......... .......... .......... .......... ..........  3% 42,7K 34s
    50K .......... .......... .......... .......... ..........  6% 85,7K 25s
   100K .......... .......... .......... .......... ..........  9%  127K 19s
   150K .......... .......... .......... .......... .......... 13%  129K 17s
   200K .......... .......... .......... .......... .......... 16%  128K 15s
   250K .......... .......... .......... .......... .......... 19%  130K 13s
   300K .......... .......... .......... .......... .......... 23%  250K 12s
   350K .......... .......... .......... .......... .......... 26%  251K 10s
   400K .......... .......... .......... .......... .......... 29%  129K 10s
   450K .......... .......... .......... .......... .......... 33%  254K 9s
   500K .......... .......... .......... .......... .......... 36%  272K 8s
   550K .......... .......... .......... .......... .......... 39%  257K 7s
   600K .......... .......... .......... .......... .......... 43%  256K 6s
   650K .......... .......... .......... .......... .......... 46%  259K 6s
   700K .......... .......... .......... .......... .......... 49% 4,23M 5s
   750K .......... .......... .......... .......... .......... 53%  270K 5s
   800K .......... .......... .......... .......... .......... 56%  251K 4s
   850K .......... .......... .......... .......... .......... 59%  128K 4s
   900K .......... .......... .......... .......... .......... 63%  126K 4s
   950K .......... .......... .......... .......... .......... 66% 64,8K 4s
  1000K .......... .......... .......... .......... .......... 69%  129K 3s
  1050K .......... .......... .......... .......... .......... 73%  236K 3s
  1100K .......... .......... .......... .......... .......... 76%  127K 2s
  1150K .......... .......... .......... .......... .......... 79%  253K 2s
  1200K .......... .......... .......... .......... .......... 83%  129K 2s
  1250K .......... .......... .......... .......... .......... 86%  243K 1s
  1300K .......... .......... .......... .......... .......... 89%  267K 1s
  1350K .......... .......... .......... .......... .......... 93%  253K 1s
  1400K .......... .......... .......... .......... .......... 96%  254K 0s
  1450K .......... .......... .......... .......... .......... 99%  253K 0s
  1500K                                                       100% 3,96G=9,6s

2018-12-09 13:04:48 (157 KB/s) - 'kplr002160910-2012004120508_llc_lc.tbl' saved [1536624/1536624]

--2018-12-09 13:04:48--  http://exoplanetarchive.ipac.caltech.edu/data/ETSS//Kepler/005/511/88/kplr002160910-2012088054726_llc.fits
Resolving exoplanetarchive.ipac.caltech.edu (exoplanetarchive.ipac.caltech.edu)... 134.4.54.147
Connecting to exoplanetarchive.ipac.caltech.edu (exoplanetarchive.ipac.caltech.edu)|134.4.54.147|:80... connected.
HTTP request sent, awaiting response... 302 Found
Location: https://exoplanetarchive.ipac.caltech.edu/data/ETSS//Kepler/005/511/88/kplr002160910-2012088054726_llc.fits [following]
--2018-12-09 13:04:48--  https://exoplanetarchive.ipac.caltech.edu/data/ETSS//Kepler/005/511/88/kplr002160910-2012088054726_llc.fits
Connecting to exoplanetarchive.ipac.caltech.edu (exoplanetarchive.ipac.caltech.edu)|134.4.54.147|:443... connected.
HTTP request sent, awaiting response... 200 OK
Length: 434880 (425K) [image/x-fits]
Saving to: 'kplr002160910-2012088054726_llc.fits'

     0K .......... .......... .......... .......... .......... 11% 42,9K 9s
    50K .......... .......... .......... .......... .......... 23% 85,1K 6s
   100K .......... .......... .......... .......... .......... 35%  128K 4s
   150K .......... .......... .......... .......... .......... 47%  256K 3s
   200K .......... .......... .......... .......... .......... 58%  129K 2s
   250K .......... .......... .......... .......... .......... 70%  254K 1s
   300K .......... .......... .......... .......... .......... 82%  130K 1s
   350K .......... .......... .......... .......... .......... 94%  254K 0s
   400K .......... .......... ....                            100%  129K=3,7s

2018-12-09 13:04:53 (115 KB/s) - 'kplr002160910-2012088054726_llc.fits' saved [434880/434880]

--2018-12-09 13:04:53--  http://exoplanetarchive.ipac.caltech.edu/data/ETSS//Kepler/005/528/57/kplr002160910-2012088054726_llc_lc.tbl
Resolving exoplanetarchive.ipac.caltech.edu (exoplanetarchive.ipac.caltech.edu)... 134.4.54.147
Connecting to exoplanetarchive.ipac.caltech.edu (exoplanetarchive.ipac.caltech.edu)|134.4.54.147|:80... connected.
HTTP request sent, awaiting response... 302 Found
Location: https://exoplanetarchive.ipac.caltech.edu/data/ETSS//Kepler/005/528/57/kplr002160910-2012088054726_llc_lc.tbl [following]
--2018-12-09 13:04:53--  https://exoplanetarchive.ipac.caltech.edu/data/ETSS//Kepler/005/528/57/kplr002160910-2012088054726_llc_lc.tbl
Connecting to exoplanetarchive.ipac.caltech.edu (exoplanetarchive.ipac.caltech.edu)|134.4.54.147|:443... connected.
HTTP request sent, awaiting response... 200 OK
Length: 1307979 (1,2M) [text/plain]
Saving to: 'kplr002160910-2012088054726_llc_lc.tbl'

     0K .......... .......... .......... .......... ..........  3% 43,1K 28s
    50K .......... .......... .......... .......... ..........  7% 51,3K 25s
   100K .......... .......... .......... .......... .......... 11% 42,8K 25s
   150K .......... .......... .......... .......... .......... 15% 63,7K 22s
   200K .......... .......... .......... .......... .......... 19% 63,3K 20s
   250K .......... .......... .......... .......... .......... 23% 64,3K 18s
   300K .......... .......... .......... .......... .......... 27% 64,0K 17s
   350K .......... .......... .......... .......... .......... 31% 63,7K 16s
   400K .......... .......... .......... .......... .......... 35% 28,4K 17s
   450K .......... .......... .......... .......... .......... 39% 42,2K 16s
   500K .......... .......... .......... .......... .......... 43% 51,9K 15s
   550K .......... .......... .......... .......... .......... 46% 51,4K 14s
   600K .......... .......... .......... .......... .......... 50% 64,0K 12s
   650K .......... .......... .......... .......... .......... 54% 64,3K 11s
   700K .......... .......... .......... .......... .......... 58% 64,3K 10s
   750K .......... .......... .......... .......... .......... 62% 85,3K 9s
   800K .......... .......... .......... .......... .......... 66% 51,6K 8s
   850K .......... .......... .......... .......... .......... 70% 36,6K 7s
   900K .......... .......... .......... .......... .......... 74% 36,4K 6s
   950K .......... .......... .......... .......... .......... 78% 42,4K 6s
  1000K .......... .......... .......... .......... .......... 82% 49,7K 5s
  1050K .......... .......... .......... .......... .......... 86% 64,6K 3s
  1100K .......... .......... .......... .......... .......... 90% 50,9K 3s
  1150K .......... .......... .......... .......... .......... 93% 63,5K 2s
  1200K .......... .......... .......... .......... .......... 97% 51,3K 1s
  1250K .......... .......... .......                         100%  136K=25s

2018-12-09 13:05:19 (51,8 KB/s) - 'kplr002160910-2012088054726_llc_lc.tbl' saved [1307979/1307979]

--2018-12-09 13:05:19--  http://exoplanetarchive.ipac.caltech.edu/data/ETSS//Kepler/005/545/26/kplr002160910-2012179063303_llc.fits
Resolving exoplanetarchive.ipac.caltech.edu (exoplanetarchive.ipac.caltech.edu)... 134.4.54.147
Connecting to exoplanetarchive.ipac.caltech.edu (exoplanetarchive.ipac.caltech.edu)|134.4.54.147|:80... connected.
HTTP request sent, awaiting response... 302 Found
Location: https://exoplanetarchive.ipac.caltech.edu/data/ETSS//Kepler/005/545/26/kplr002160910-2012179063303_llc.fits [following]
--2018-12-09 13:05:20--  https://exoplanetarchive.ipac.caltech.edu/data/ETSS//Kepler/005/545/26/kplr002160910-2012179063303_llc.fits
Connecting to exoplanetarchive.ipac.caltech.edu (exoplanetarchive.ipac.caltech.edu)|134.4.54.147|:443... connected.
HTTP request sent, awaiting response... 200 OK
Length: 472320 (461K) [image/x-fits]
Saving to: 'kplr002160910-2012179063303_llc.fits'

     0K .......... .......... .......... .......... .......... 10% 43,1K 10s
    50K .......... .......... .......... .......... .......... 21% 84,5K 6s
   100K .......... .......... .......... .......... .......... 32%  127K 4s
   150K .......... .......... .......... .......... .......... 43%  128K 3s
   200K .......... .......... .......... .......... .......... 54%  127K 2s
   250K .......... .......... .......... .......... .......... 65%  129K 2s
   300K .......... .......... .......... .......... .......... 75%  252K 1s
   350K .......... .......... .......... .......... .......... 86%  132K 1s
   400K .......... .......... .......... .......... .......... 97%  248K 0s
   450K .......... .                                          100% 22,1M=4,1s

2018-12-09 13:05:25 (113 KB/s) - 'kplr002160910-2012179063303_llc.fits' saved [472320/472320]

--2018-12-09 13:05:25--  http://exoplanetarchive.ipac.caltech.edu/data/ETSS//Kepler/005/561/93/kplr002160910-2012179063303_llc_lc.tbl
Resolving exoplanetarchive.ipac.caltech.edu (exoplanetarchive.ipac.caltech.edu)... 134.4.54.147
Connecting to exoplanetarchive.ipac.caltech.edu (exoplanetarchive.ipac.caltech.edu)|134.4.54.147|:80... connected.
HTTP request sent, awaiting response... 302 Found
Location: https://exoplanetarchive.ipac.caltech.edu/data/ETSS//Kepler/005/561/93/kplr002160910-2012179063303_llc_lc.tbl [following]
--2018-12-09 13:05:25--  https://exoplanetarchive.ipac.caltech.edu/data/ETSS//Kepler/005/561/93/kplr002160910-2012179063303_llc_lc.tbl
Connecting to exoplanetarchive.ipac.caltech.edu (exoplanetarchive.ipac.caltech.edu)|134.4.54.147|:443... connected.
HTTP request sent, awaiting response... 200 OK
Length: 1429403 (1,4M) [text/plain]
Saving to: 'kplr002160910-2012179063303_llc_lc.tbl'

     0K .......... .......... .......... .......... ..........  3% 42,0K 32s
    50K .......... .......... .......... .......... ..........  7%  106K 22s
   100K .......... .......... .......... .......... .......... 10%  127K 17s
   150K .......... .......... .......... .......... .......... 14%  164K 14s
   200K .......... .......... .......... .......... .......... 17%  253K 12s
   250K .......... .......... .......... .......... .......... 21%  126K 11s
   300K .......... .......... .......... .......... .......... 25% 25,6K 15s
   350K .......... .......... .......... .......... .......... 28% 40,0K 15s
   400K .......... .......... .......... .......... .......... 32% 38,6K 16s
   450K .......... .......... .......... .......... .......... 35% 63,0K 15s
   500K .......... .......... .......... .......... .......... 39% 63,6K 14s
   550K .......... .......... .......... .......... .......... 42% 65,2K 13s
   600K .......... .......... .......... .......... .......... 46% 85,5K 12s
   650K .......... .......... .......... .......... .......... 50% 63,4K 11s
   700K .......... .......... .......... .......... .......... 53% 85,9K 10s
   750K .......... .......... .......... .......... .......... 57% 86,1K 9s
   800K .......... .......... .......... .......... .......... 60% 82,3K 8s
   850K .......... .......... .......... .......... .......... 64% 88,1K 7s
   900K .......... .......... .......... .......... .......... 68% 31,0K 7s
   950K .......... .......... .......... .......... .......... 71% 42,8K 6s
  1000K .......... .......... .......... .......... .......... 75% 27,8K 6s
  1050K .......... .......... .......... .......... .......... 78% 36,5K 5s
  1100K .......... .......... .......... .......... .......... 82% 42,0K 4s
  1150K .......... .......... .......... .......... .......... 85% 51,3K 4s
  1200K .......... .......... .......... .......... .......... 89% 25,5K 3s
  1250K .......... .......... .......... .......... .......... 93% 36,3K 2s
  1300K .......... .......... .......... .......... .......... 96% 51,4K 1s
  1350K .......... .......... .......... .......... .....     100% 58,7K=27s

2018-12-09 13:05:53 (52,2 KB/s) - 'kplr002160910-2012179063303_llc_lc.tbl' saved [1429403/1429403]

--2018-12-09 13:05:53--  http://exoplanetarchive.ipac.caltech.edu/data/ETSS//Kepler/005/578/61/kplr002160910-2012277125453_llc.fits
Resolving exoplanetarchive.ipac.caltech.edu (exoplanetarchive.ipac.caltech.edu)... 134.4.54.147
Connecting to exoplanetarchive.ipac.caltech.edu (exoplanetarchive.ipac.caltech.edu)|134.4.54.147|:80... connected.
HTTP request sent, awaiting response... 302 Found
Location: https://exoplanetarchive.ipac.caltech.edu/data/ETSS//Kepler/005/578/61/kplr002160910-2012277125453_llc.fits [following]
--2018-12-09 13:05:53--  https://exoplanetarchive.ipac.caltech.edu/data/ETSS//Kepler/005/578/61/kplr002160910-2012277125453_llc.fits
Connecting to exoplanetarchive.ipac.caltech.edu (exoplanetarchive.ipac.caltech.edu)|134.4.54.147|:443... connected.
HTTP request sent, awaiting response... 200 OK
Length: 506880 (495K) [image/x-fits]
Saving to: 'kplr002160910-2012277125453_llc.fits'

     0K .......... .......... .......... .......... .......... 10% 42,9K 10s
    50K .......... .......... .......... .......... .......... 20% 86,5K 7s
   100K .......... .......... .......... .......... .......... 30%  129K 5s
   150K .......... .......... .......... .......... .......... 40%  129K 4s
   200K .......... .......... .......... .......... .......... 50%  130K 3s
   250K .......... .......... .......... .......... .......... 60%  129K 2s
   300K .......... .......... .......... .......... .......... 70%  248K 1s
   350K .......... .......... .......... .......... .......... 80%  130K 1s
   400K .......... .......... .......... .......... .......... 90%  130K 0s
   450K .......... .......... .......... .......... .....     100%  234K=4,5s

2018-12-09 13:05:59 (111 KB/s) - 'kplr002160910-2012277125453_llc.fits' saved [506880/506880]

--2018-12-09 13:05:59--  http://exoplanetarchive.ipac.caltech.edu/data/ETSS//Kepler/005/595/31/kplr002160910-2012277125453_llc_lc.tbl
Resolving exoplanetarchive.ipac.caltech.edu (exoplanetarchive.ipac.caltech.edu)... 134.4.54.147
Connecting to exoplanetarchive.ipac.caltech.edu (exoplanetarchive.ipac.caltech.edu)|134.4.54.147|:80... connected.
HTTP request sent, awaiting response... 302 Found
Location: https://exoplanetarchive.ipac.caltech.edu/data/ETSS//Kepler/005/595/31/kplr002160910-2012277125453_llc_lc.tbl [following]
--2018-12-09 13:05:59--  https://exoplanetarchive.ipac.caltech.edu/data/ETSS//Kepler/005/595/31/kplr002160910-2012277125453_llc_lc.tbl
Connecting to exoplanetarchive.ipac.caltech.edu (exoplanetarchive.ipac.caltech.edu)|134.4.54.147|:443... connected.
HTTP request sent, awaiting response... 200 OK
Length: 1537591 (1,5M) [text/plain]
Saving to: 'kplr002160910-2012277125453_llc_lc.tbl'

     0K .......... .......... .......... .......... ..........  3% 42,5K 34s
    50K .......... .......... .......... .......... ..........  6% 85,2K 25s
   100K .......... .......... .......... .......... ..........  9%  126K 19s
   150K .......... .......... .......... .......... .......... 13%  127K 17s
   200K .......... .......... .......... .......... .......... 16%  127K 15s
   250K .......... .......... .......... .......... .......... 19%  129K 13s
   300K .......... .......... .......... .......... .......... 23%  253K 12s
   350K .......... .......... .......... .......... .......... 26%  251K 10s
   400K .......... .......... .......... .......... .......... 29%  254K 9s
   450K .......... .......... .......... .......... .......... 33%  255K 8s
   500K .......... .......... .......... .......... .......... 36%  255K 7s
   550K .......... .......... .......... .......... .......... 39%  264K 7s
   600K .......... .......... .......... .......... .......... 43% 4,04M 6s
   650K .......... .......... .......... .......... .......... 46%  129K 6s
   700K .......... .......... .......... .......... .......... 49%  128K 5s
   750K .......... .......... .......... .......... .......... 53% 84,0K 5s
   800K .......... .......... .......... .......... .......... 56% 87,8K 5s
   850K .......... .......... .......... .......... .......... 59%  128K 5s
   900K .......... .......... .......... .......... .......... 63%  253K 4s
   950K .......... .......... .......... .......... .......... 66%  234K 4s
  1000K .......... .......... .......... .......... .......... 69%  258K 3s
  1050K .......... .......... .......... .......... .......... 73%  253K 3s
  1100K .......... .......... .......... .......... .......... 76%  259K 2s
  1150K .......... .......... .......... .......... .......... 79%  252K 2s
  1200K .......... .......... .......... .......... .......... 83%  254K 2s
  1250K .......... .......... .......... .......... .......... 86%  268K 1s
  1300K .......... .......... .......... .......... .......... 89%  236K 1s
  1350K .......... .......... .......... .......... .......... 93% 64,1K 1s
  1400K .......... .......... .......... .......... .......... 96% 51,0K 0s
  1450K .......... .......... .......... .......... .......... 99%  128K 0s
  1500K .                                                     100% 10,1G=11s

2018-12-09 13:06:11 (139 KB/s) - 'kplr002160910-2012277125453_llc_lc.tbl' saved [1537591/1537591]

--2018-12-09 13:06:11--  http://exoplanetarchive.ipac.caltech.edu/data/ETSS//Kepler/005/612/01/kplr002160910-2013011073258_llc.fits
Resolving exoplanetarchive.ipac.caltech.edu (exoplanetarchive.ipac.caltech.edu)... 134.4.54.147
Connecting to exoplanetarchive.ipac.caltech.edu (exoplanetarchive.ipac.caltech.edu)|134.4.54.147|:80... connected.
HTTP request sent, awaiting response... 302 Found
Location: https://exoplanetarchive.ipac.caltech.edu/data/ETSS//Kepler/005/612/01/kplr002160910-2013011073258_llc.fits [following]
--2018-12-09 13:06:12--  https://exoplanetarchive.ipac.caltech.edu/data/ETSS//Kepler/005/612/01/kplr002160910-2013011073258_llc.fits
Connecting to exoplanetarchive.ipac.caltech.edu (exoplanetarchive.ipac.caltech.edu)|134.4.54.147|:443... connected.
HTTP request sent, awaiting response... 200 OK
Length: 506880 (495K) [image/x-fits]
Saving to: 'kplr002160910-2013011073258_llc.fits'

     0K .......... .......... .......... .......... .......... 10% 20,9K 21s
    50K .......... .......... .......... .......... .......... 20% 43,0K 14s
   100K .......... .......... .......... .......... .......... 30% 42,9K 11s
   150K .......... .......... .......... .......... .......... 40% 64,4K 8s
   200K .......... .......... .......... .......... .......... 50% 51,3K 6s
   250K .......... .......... .......... .......... .......... 60% 25,2K 5s
   300K .......... .......... .......... .......... .......... 70% 42,6K 4s
   350K .......... .......... .......... .......... .......... 80% 35,5K 3s
   400K .......... .......... .......... .......... .......... 90% 32,2K 1s
   450K .......... .......... .......... .......... .....     100% 76,8K=13s

2018-12-09 13:06:26 (37,6 KB/s) - 'kplr002160910-2013011073258_llc.fits' saved [506880/506880]

--2018-12-09 13:06:26--  http://exoplanetarchive.ipac.caltech.edu/data/ETSS//Kepler/005/628/48/kplr002160910-2013011073258_llc_lc.tbl
Resolving exoplanetarchive.ipac.caltech.edu (exoplanetarchive.ipac.caltech.edu)... 134.4.54.147
Connecting to exoplanetarchive.ipac.caltech.edu (exoplanetarchive.ipac.caltech.edu)|134.4.54.147|:80... connected.
HTTP request sent, awaiting response... 302 Found
Location: https://exoplanetarchive.ipac.caltech.edu/data/ETSS//Kepler/005/628/48/kplr002160910-2013011073258_llc_lc.tbl [following]
--2018-12-09 13:06:26--  https://exoplanetarchive.ipac.caltech.edu/data/ETSS//Kepler/005/628/48/kplr002160910-2013011073258_llc_lc.tbl
Connecting to exoplanetarchive.ipac.caltech.edu (exoplanetarchive.ipac.caltech.edu)|134.4.54.147|:443... connected.
HTTP request sent, awaiting response... 200 OK
Length: 1545000 (1,5M) [text/plain]
Saving to: 'kplr002160910-2013011073258_llc_lc.tbl'

     0K .......... .......... .......... .......... ..........  3% 43,0K 34s
    50K .......... .......... .......... .......... ..........  6% 85,3K 25s
   100K .......... .......... .......... .......... ..........  9%  128K 19s
   150K .......... .......... .......... .......... .......... 13%  253K 15s
   200K .......... .......... .......... .......... .......... 16%  130K 14s
   250K .......... .......... .......... .......... .......... 19%  259K 12s
   300K .......... .......... .......... .......... .......... 23%  129K 11s
   350K .......... .......... .......... .......... .......... 26%  249K 10s
   400K .......... .......... .......... .......... .......... 29%  258K 9s
   450K .......... .......... .......... .......... .......... 33%  256K 8s
   500K .......... .......... .......... .......... .......... 36% 4,52M 7s
   550K .......... .......... .......... .......... .......... 39%  259K 6s
   600K .......... .......... .......... .......... .......... 43%  272K 6s
   650K .......... .......... .......... .......... .......... 46%  259K 5s
   700K .......... .......... .......... .......... .......... 49% 2,59M 5s
   750K .......... .......... .......... .......... .......... 53%  256K 4s
   800K .......... .......... .......... .......... .......... 56%  258K 4s
   850K .......... .......... .......... .......... .......... 59% 7,06M 3s
   900K .......... .......... .......... .......... .......... 62%  261K 3s
   950K .......... .......... .......... .......... .......... 66%  257K 3s
  1000K .......... .......... .......... .......... .......... 69% 5,97M 2s
  1050K .......... .......... .......... .......... .......... 72%  269K 2s
  1100K .......... .......... .......... .......... .......... 76% 6,06M 2s
  1150K .......... .......... .......... .......... .......... 79%  265K 1s
  1200K .......... .......... .......... .......... .......... 82% 5,46M 1s
  1250K .......... .......... .......... .......... .......... 86%  262K 1s
  1300K .......... .......... .......... .......... .......... 89% 5,04M 1s
  1350K .......... .......... .......... .......... .......... 92%  266K 0s
  1400K .......... .......... .......... .......... .......... 96% 5,05M 0s
  1450K .......... .......... .......... .......... .......... 99%  271K 0s
  1500K ........                                              100% 19,9M=6,3s

2018-12-09 13:06:34 (241 KB/s) - 'kplr002160910-2013011073258_llc_lc.tbl' saved [1545000/1545000]

--2018-12-09 13:06:34--  http://exoplanetarchive.ipac.caltech.edu/data/ETSS//Kepler/005/644/95/kplr002160910-2013098041711_llc.fits
Resolving exoplanetarchive.ipac.caltech.edu (exoplanetarchive.ipac.caltech.edu)... 134.4.54.147
Connecting to exoplanetarchive.ipac.caltech.edu (exoplanetarchive.ipac.caltech.edu)|134.4.54.147|:80... connected.
HTTP request sent, awaiting response... 302 Found
Location: https://exoplanetarchive.ipac.caltech.edu/data/ETSS//Kepler/005/644/95/kplr002160910-2013098041711_llc.fits [following]
--2018-12-09 13:06:34--  https://exoplanetarchive.ipac.caltech.edu/data/ETSS//Kepler/005/644/95/kplr002160910-2013098041711_llc.fits
Connecting to exoplanetarchive.ipac.caltech.edu (exoplanetarchive.ipac.caltech.edu)|134.4.54.147|:443... connected.
HTTP request sent, awaiting response... 200 OK
Length: 449280 (439K) [image/x-fits]
Saving to: 'kplr002160910-2013098041711_llc.fits'

     0K .......... .......... .......... .......... .......... 11% 42,5K 9s
    50K .......... .......... .......... .......... .......... 22%  128K 5s
   100K .......... .......... .......... .......... .......... 34%  128K 4s
   150K .......... .......... .......... .......... .......... 45%  128K 3s
   200K .......... .......... .......... .......... .......... 56%  129K 2s
   250K .......... .......... .......... .......... .......... 68%  256K 1s
   300K .......... .......... .......... .......... .......... 79%  128K 1s
   350K .......... .......... .......... .......... .......... 91%  253K 0s
   400K .......... .......... .......... ........             100% 11,0M=3,5s

2018-12-09 13:06:39 (125 KB/s) - 'kplr002160910-2013098041711_llc.fits' saved [449280/449280]

--2018-12-09 13:06:39--  http://exoplanetarchive.ipac.caltech.edu/data/ETSS//Kepler/005/661/71/kplr002160910-2013098041711_llc_lc.tbl
Resolving exoplanetarchive.ipac.caltech.edu (exoplanetarchive.ipac.caltech.edu)... 134.4.54.147
Connecting to exoplanetarchive.ipac.caltech.edu (exoplanetarchive.ipac.caltech.edu)|134.4.54.147|:80... connected.
HTTP request sent, awaiting response... 302 Found
Location: https://exoplanetarchive.ipac.caltech.edu/data/ETSS//Kepler/005/661/71/kplr002160910-2013098041711_llc_lc.tbl [following]
--2018-12-09 13:06:39--  https://exoplanetarchive.ipac.caltech.edu/data/ETSS//Kepler/005/661/71/kplr002160910-2013098041711_llc_lc.tbl
Connecting to exoplanetarchive.ipac.caltech.edu (exoplanetarchive.ipac.caltech.edu)|134.4.54.147|:443... connected.
HTTP request sent, awaiting response... 200 OK
Length: 1359179 (1,3M) [text/plain]
Saving to: 'kplr002160910-2013098041711_llc_lc.tbl'

     0K .......... .......... .......... .......... ..........  3% 41,9K 30s
    50K .......... .......... .......... .......... ..........  7% 85,1K 22s
   100K .......... .......... .......... .......... .......... 11%  126K 17s
   150K .......... .......... .......... .......... .......... 15%  126K 14s
   200K .......... .......... .......... .......... .......... 18%  252K 12s
   250K .......... .......... .......... .......... .......... 22%  126K 11s
   300K .......... .......... .......... .......... .......... 26%  252K 9s
   350K .......... .......... .......... .......... .......... 30%  129K 9s
   400K .......... .......... .......... .......... .......... 33%  128K 8s
   450K .......... .......... .......... .......... .......... 37%  129K 7s
   500K .......... .......... .......... .......... .......... 41%  251K 7s
   550K .......... .......... .......... .......... .......... 45% 11,2M 6s
   600K .......... .......... .......... .......... .......... 48%  257K 5s
   650K .......... .......... .......... .......... .......... 52%  257K 5s
   700K .......... .......... .......... .......... .......... 56%  257K 4s
   750K .......... .......... .......... .......... .......... 60%  261K 4s
   800K .......... .......... .......... .......... .......... 64%  254K 3s
   850K .......... .......... .......... .......... .......... 67%  257K 3s
   900K .......... .......... .......... .......... .......... 71%  258K 2s
   950K .......... .......... .......... .......... .......... 75% 9,41M 2s
  1000K .......... .......... .......... .......... .......... 79%  261K 2s
  1050K .......... .......... .......... .......... .......... 82%  256K 1s
  1100K .......... .......... .......... .......... .......... 86% 9,71M 1s
  1150K .......... .......... .......... .......... .......... 90%  256K 1s
  1200K .......... .......... .......... .......... .......... 94%  254K 0s
  1250K .......... .......... .......... .......... .......... 97%  260K 0s
  1300K .......... .......... .......                         100% 12,4M=7,1s

2018-12-09 13:06:47 (188 KB/s) - 'kplr002160910-2013098041711_llc_lc.tbl' saved [1359179/1359179]

--2018-12-09 13:06:48--  http://exoplanetarchive.ipac.caltech.edu/data/ETSS//Kepler/005/678/47/kplr002160910-2013131215648_llc.fits
Resolving exoplanetarchive.ipac.caltech.edu (exoplanetarchive.ipac.caltech.edu)... 134.4.54.147
Connecting to exoplanetarchive.ipac.caltech.edu (exoplanetarchive.ipac.caltech.edu)|134.4.54.147|:80... connected.
HTTP request sent, awaiting response... 302 Found
Location: https://exoplanetarchive.ipac.caltech.edu/data/ETSS//Kepler/005/678/47/kplr002160910-2013131215648_llc.fits [following]
--2018-12-09 13:06:48--  https://exoplanetarchive.ipac.caltech.edu/data/ETSS//Kepler/005/678/47/kplr002160910-2013131215648_llc.fits
Connecting to exoplanetarchive.ipac.caltech.edu (exoplanetarchive.ipac.caltech.edu)|134.4.54.147|:443... connected.
HTTP request sent, awaiting response... 200 OK
Length: 187200 (183K) [image/x-fits]
Saving to: 'kplr002160910-2013131215648_llc.fits'

     0K .......... .......... .......... .......... .......... 27% 43,0K 3s
    50K .......... .......... .......... .......... .......... 54% 86,4K 1s
   100K .......... .......... .......... .......... .......... 82%  205K 0s
   150K .......... .......... .......... ..                   100%  178K=2,2s

2018-12-09 13:06:51 (84,2 KB/s) - 'kplr002160910-2013131215648_llc.fits' saved [187200/187200]

--2018-12-09 13:06:51--  http://exoplanetarchive.ipac.caltech.edu/data/ETSS//Kepler/005/695/22/kplr002160910-2013131215648_llc_lc.tbl
Resolving exoplanetarchive.ipac.caltech.edu (exoplanetarchive.ipac.caltech.edu)... 134.4.54.147
Connecting to exoplanetarchive.ipac.caltech.edu (exoplanetarchive.ipac.caltech.edu)|134.4.54.147|:80... connected.
HTTP request sent, awaiting response... 302 Found
Location: https://exoplanetarchive.ipac.caltech.edu/data/ETSS//Kepler/005/695/22/kplr002160910-2013131215648_llc_lc.tbl [following]
--2018-12-09 13:06:52--  https://exoplanetarchive.ipac.caltech.edu/data/ETSS//Kepler/005/695/22/kplr002160910-2013131215648_llc_lc.tbl
Connecting to exoplanetarchive.ipac.caltech.edu (exoplanetarchive.ipac.caltech.edu)|134.4.54.147|:443... connected.
HTTP request sent, awaiting response... 200 OK
Length: 506680 (495K) [text/plain]
Saving to: 'kplr002160910-2013131215648_llc_lc.tbl'

     0K .......... .......... .......... .......... .......... 10% 43,0K 10s
    50K .......... .......... .......... .......... .......... 20% 85,5K 7s
   100K .......... .......... .......... .......... .......... 30%  128K 5s
   150K .......... .......... .......... .......... .......... 40%  128K 4s
   200K .......... .......... .......... .......... .......... 50%  131K 3s
   250K .......... .......... .......... .......... .......... 60%  256K 2s
   300K .......... .......... .......... .......... .......... 70%  248K 1s
   350K .......... .......... .......... .......... .......... 80%  269K 1s
   400K .......... .......... .......... .......... .......... 90%  247K 0s
   450K .......... .......... .......... .......... ....      100%  249K=3,9s

2018-12-09 13:06:57 (128 KB/s) - 'kplr002160910-2013131215648_llc_lc.tbl' saved [506680/506680]

