--2018-12-09 13:02:55--  http://exoplanetarchive.ipac.caltech.edu/data/ETSS//Kepler/005/148/00/kplr002301691-2009166043257_llc.fits
Resolving exoplanetarchive.ipac.caltech.edu (exoplanetarchive.ipac.caltech.edu)... 134.4.54.147
Connecting to exoplanetarchive.ipac.caltech.edu (exoplanetarchive.ipac.caltech.edu)|134.4.54.147|:80... connected.
HTTP request sent, awaiting response... 302 Found
Location: https://exoplanetarchive.ipac.caltech.edu/data/ETSS//Kepler/005/148/00/kplr002301691-2009166043257_llc.fits [following]
--2018-12-09 13:02:55--  https://exoplanetarchive.ipac.caltech.edu/data/ETSS//Kepler/005/148/00/kplr002301691-2009166043257_llc.fits
Connecting to exoplanetarchive.ipac.caltech.edu (exoplanetarchive.ipac.caltech.edu)|134.4.54.147|:443... connected.
HTTP request sent, awaiting response... 200 OK
Length: 192960 (188K) [image/x-fits]
Saving to: 'kplr002301691-2009166043257_llc.fits'

     0K .......... .......... .......... .......... .......... 26% 42,1K 3s
    50K .......... .......... .......... .......... .......... 53% 85,0K 2s
   100K .......... .......... .......... .......... .......... 79%  128K 1s
   150K .......... .......... .......... ........             100% 99,7K=2,6s

2018-12-09 13:02:59 (73,9 KB/s) - 'kplr002301691-2009166043257_llc.fits' saved [192960/192960]

--2018-12-09 13:02:59--  http://exoplanetarchive.ipac.caltech.edu/data/ETSS//Kepler/005/163/62/kplr002301691-2009166043257_llc_lc.tbl
Resolving exoplanetarchive.ipac.caltech.edu (exoplanetarchive.ipac.caltech.edu)... 134.4.54.147
Connecting to exoplanetarchive.ipac.caltech.edu (exoplanetarchive.ipac.caltech.edu)|134.4.54.147|:80... connected.
HTTP request sent, awaiting response... 302 Found
Location: https://exoplanetarchive.ipac.caltech.edu/data/ETSS//Kepler/005/163/62/kplr002301691-2009166043257_llc_lc.tbl [following]
--2018-12-09 13:02:59--  https://exoplanetarchive.ipac.caltech.edu/data/ETSS//Kepler/005/163/62/kplr002301691-2009166043257_llc_lc.tbl
Connecting to exoplanetarchive.ipac.caltech.edu (exoplanetarchive.ipac.caltech.edu)|134.4.54.147|:443... connected.
HTTP request sent, awaiting response... 200 OK
Length: 533399 (521K) [text/plain]
Saving to: 'kplr002301691-2009166043257_llc_lc.tbl'

     0K .......... .......... .......... .......... ..........  9% 42,7K 11s
    50K .......... .......... .......... .......... .......... 19%  125K 7s
   100K .......... .......... .......... .......... .......... 28%  236K 4s
   150K .......... .......... .......... .......... .......... 38%  134K 3s
   200K .......... .......... .......... .......... .......... 47%  237K 3s
   250K .......... .......... .......... .......... .......... 57%  250K 2s
   300K .......... .......... .......... .......... .......... 67%  257K 1s
   350K .......... .......... .......... .......... .......... 76%  132K 1s
   400K .......... .......... .......... .......... .......... 86%  252K 1s
   450K .......... .......... .......... .......... .......... 95%  128K 0s
   500K .......... ..........                                 100% 15,9M=3,7s

2018-12-09 13:03:04 (140 KB/s) - 'kplr002301691-2009166043257_llc_lc.tbl' saved [533399/533399]

--2018-12-09 13:03:04--  http://exoplanetarchive.ipac.caltech.edu/data/ETSS//Kepler/005/212/52/kplr002301691-2009259160929_llc.fits
Resolving exoplanetarchive.ipac.caltech.edu (exoplanetarchive.ipac.caltech.edu)... 134.4.54.147
Connecting to exoplanetarchive.ipac.caltech.edu (exoplanetarchive.ipac.caltech.edu)|134.4.54.147|:80... connected.
HTTP request sent, awaiting response... 302 Found
Location: https://exoplanetarchive.ipac.caltech.edu/data/ETSS//Kepler/005/212/52/kplr002301691-2009259160929_llc.fits [following]
--2018-12-09 13:03:04--  https://exoplanetarchive.ipac.caltech.edu/data/ETSS//Kepler/005/212/52/kplr002301691-2009259160929_llc.fits
Connecting to exoplanetarchive.ipac.caltech.edu (exoplanetarchive.ipac.caltech.edu)|134.4.54.147|:443... connected.
HTTP request sent, awaiting response... 200 OK
Length: 466560 (456K) [image/x-fits]
Saving to: 'kplr002301691-2009259160929_llc.fits'

     0K .......... .......... .......... .......... .......... 10% 42,8K 9s
    50K .......... .......... .......... .......... .......... 21% 85,1K 6s
   100K .......... .......... .......... .......... .......... 32%  125K 4s
   150K .......... .......... .......... .......... .......... 43%  128K 3s
   200K .......... .......... .......... .......... .......... 54%  128K 2s
   250K .......... .......... .......... .......... .......... 65%  129K 2s
   300K .......... .......... .......... .......... .......... 76%  253K 1s
   350K .......... .......... .......... .......... .......... 87%  129K 1s
   400K .......... .......... .......... .......... .......... 98%  249K 0s
   450K .....                                                 100% 36,6G=4,1s

2018-12-09 13:03:10 (111 KB/s) - 'kplr002301691-2009259160929_llc.fits' saved [466560/466560]

--2018-12-09 13:03:10--  http://exoplanetarchive.ipac.caltech.edu/data/ETSS//Kepler/005/229/16/kplr002301691-2009259160929_llc_lc.tbl
Resolving exoplanetarchive.ipac.caltech.edu (exoplanetarchive.ipac.caltech.edu)... 134.4.54.147
Connecting to exoplanetarchive.ipac.caltech.edu (exoplanetarchive.ipac.caltech.edu)|134.4.54.147|:80... connected.
HTTP request sent, awaiting response... 302 Found
Location: https://exoplanetarchive.ipac.caltech.edu/data/ETSS//Kepler/005/229/16/kplr002301691-2009259160929_llc_lc.tbl [following]
--2018-12-09 13:03:10--  https://exoplanetarchive.ipac.caltech.edu/data/ETSS//Kepler/005/229/16/kplr002301691-2009259160929_llc_lc.tbl
Connecting to exoplanetarchive.ipac.caltech.edu (exoplanetarchive.ipac.caltech.edu)|134.4.54.147|:443... connected.
HTTP request sent, awaiting response... 200 OK
Length: 1407824 (1,3M) [text/plain]
Saving to: 'kplr002301691-2009259160929_llc_lc.tbl'

     0K .......... .......... .......... .......... ..........  3% 42,3K 31s
    50K .......... .......... .......... .......... ..........  7% 85,8K 22s
   100K .......... .......... .......... .......... .......... 10%  129K 18s
   150K .......... .......... .......... .......... .......... 14% 36,7K 21s
   200K .......... .......... .......... .......... .......... 18% 85,6K 18s
   250K .......... .......... .......... .......... .......... 21% 86,1K 17s
   300K .......... .......... .......... .......... .......... 25% 85,2K 15s
   350K .......... .......... .......... .......... .......... 29%  128K 14s
   400K .......... .......... .......... .......... .......... 32% 85,3K 13s
   450K .......... .......... .......... .......... .......... 36%  128K 12s
   500K .......... .......... .......... .......... .......... 40% 85,2K 11s
   550K .......... .......... .......... .......... .......... 43%  126K 10s
   600K .......... .......... .......... .......... .......... 47%  129K 9s
   650K .......... .......... .......... .......... .......... 50% 85,6K 8s
   700K .......... .......... .......... .......... .......... 54%  127K 7s
   750K .......... .......... .......... .......... .......... 58%  129K 7s
   800K .......... .......... .......... .......... .......... 61% 85,8K 6s
   850K .......... .......... .......... .......... .......... 65% 85,4K 6s
   900K .......... .......... .......... .......... .......... 69%  126K 5s
   950K .......... .......... .......... .......... .......... 72%  128K 4s
  1000K .......... .......... .......... .......... .......... 76%  127K 4s
  1050K .......... .......... .......... .......... .......... 80%  128K 3s
  1100K .......... .......... .......... .......... .......... 83%  129K 2s
  1150K .......... .......... .......... .......... .......... 87% 84,8K 2s
  1200K .......... .......... .......... .......... .......... 90% 86,2K 1s
  1250K .......... .......... .......... .......... .......... 94%  129K 1s
  1300K .......... .......... .......... .......... .......... 98%  129K 0s
  1350K .......... .......... ....                            100%  128K=15s

2018-12-09 13:03:26 (93,9 KB/s) - 'kplr002301691-2009259160929_llc_lc.tbl' saved [1407824/1407824]

--2018-12-09 13:03:26--  http://exoplanetarchive.ipac.caltech.edu/data/ETSS//Kepler/005/245/79/kplr002301691-2009350155506_llc.fits
Resolving exoplanetarchive.ipac.caltech.edu (exoplanetarchive.ipac.caltech.edu)... 134.4.54.147
Connecting to exoplanetarchive.ipac.caltech.edu (exoplanetarchive.ipac.caltech.edu)|134.4.54.147|:80... connected.
HTTP request sent, awaiting response... 302 Found
Location: https://exoplanetarchive.ipac.caltech.edu/data/ETSS//Kepler/005/245/79/kplr002301691-2009350155506_llc.fits [following]
--2018-12-09 13:03:26--  https://exoplanetarchive.ipac.caltech.edu/data/ETSS//Kepler/005/245/79/kplr002301691-2009350155506_llc.fits
Connecting to exoplanetarchive.ipac.caltech.edu (exoplanetarchive.ipac.caltech.edu)|134.4.54.147|:443... connected.
HTTP request sent, awaiting response... 200 OK
Length: 466560 (456K) [image/x-fits]
Saving to: 'kplr002301691-2009350155506_llc.fits'

     0K .......... .......... .......... .......... .......... 10% 43,0K 9s
    50K .......... .......... .......... .......... .......... 21%  127K 6s
   100K .......... .......... .......... .......... .......... 32%  129K 4s
   150K .......... .......... .......... .......... .......... 43%  251K 3s
   200K .......... .......... .......... .......... .......... 54%  130K 2s
   250K .......... .......... .......... .......... .......... 65%  249K 1s
   300K .......... .......... .......... .......... .......... 76%  127K 1s
   350K .......... .......... .......... .......... .......... 87%  254K 0s
   400K .......... .......... .......... .......... .......... 98%  258K 0s
   450K .....                                                 100% 36,6G=3,5s

2018-12-09 13:03:31 (130 KB/s) - 'kplr002301691-2009350155506_llc.fits' saved [466560/466560]

--2018-12-09 13:03:31--  http://exoplanetarchive.ipac.caltech.edu/data/ETSS//Kepler/005/262/35/kplr002301691-2009350155506_llc_lc.tbl
Resolving exoplanetarchive.ipac.caltech.edu (exoplanetarchive.ipac.caltech.edu)... 134.4.54.147
Connecting to exoplanetarchive.ipac.caltech.edu (exoplanetarchive.ipac.caltech.edu)|134.4.54.147|:80... connected.
HTTP request sent, awaiting response... 302 Found
Location: https://exoplanetarchive.ipac.caltech.edu/data/ETSS//Kepler/005/262/35/kplr002301691-2009350155506_llc_lc.tbl [following]
--2018-12-09 13:03:31--  https://exoplanetarchive.ipac.caltech.edu/data/ETSS//Kepler/005/262/35/kplr002301691-2009350155506_llc_lc.tbl
Connecting to exoplanetarchive.ipac.caltech.edu (exoplanetarchive.ipac.caltech.edu)|134.4.54.147|:443... connected.
HTTP request sent, awaiting response... 200 OK
Length: 1412962 (1,3M) [text/plain]
Saving to: 'kplr002301691-2009350155506_llc_lc.tbl'

     0K .......... .......... .......... .......... ..........  3% 42,7K 31s
    50K .......... .......... .......... .......... ..........  7% 85,2K 23s
   100K .......... .......... .......... .......... .......... 10%  128K 18s
   150K .......... .......... .......... .......... .......... 14%  129K 15s
   200K .......... .......... .......... .......... .......... 18%  129K 13s
   250K .......... .......... .......... .......... .......... 21%  245K 11s
   300K .......... .......... .......... .......... .......... 25%  133K 10s
   350K .......... .......... .......... .......... .......... 28%  252K 9s
   400K .......... .......... .......... .......... .......... 32%  237K 8s
   450K .......... .......... .......... .......... .......... 36%  251K 7s
   500K .......... .......... .......... .......... .......... 39% 6,99M 6s
   550K .......... .......... .......... .......... .......... 43%  247K 6s
   600K .......... .......... .......... .......... .......... 47%  278K 5s
   650K .......... .......... .......... .......... .......... 50% 2,28M 4s
   700K .......... .......... .......... .......... .......... 54%  257K 4s
   750K .......... .......... .......... .......... .......... 57%  282K 4s
   800K .......... .......... .......... .......... .......... 61%  258K 3s
   850K .......... .......... .......... .......... .......... 65%  260K 3s
   900K .......... .......... .......... .......... .......... 68%  259K 2s
   950K .......... .......... .......... .......... .......... 72% 12,4M 2s
  1000K .......... .......... .......... .......... .......... 76%  264K 2s
  1050K .......... .......... .......... .......... .......... 79% 4,32M 1s
  1100K .......... .......... .......... .......... .......... 83%  264K 1s
  1150K .......... .......... .......... .......... .......... 86% 10,1M 1s
  1200K .......... .......... .......... .......... .......... 90%  263K 1s
  1250K .......... .......... .......... .......... .......... 94% 6,03M 0s
  1300K .......... .......... .......... .......... .......... 97%  269K 0s
  1350K .......... .......... .........                       100% 11,6M=6,3s

2018-12-09 13:03:39 (220 KB/s) - 'kplr002301691-2009350155506_llc_lc.tbl' saved [1412962/1412962]

--2018-12-09 13:03:39--  http://exoplanetarchive.ipac.caltech.edu/data/ETSS//Kepler/005/345/07/kplr002301691-2010078095331_llc.fits
Resolving exoplanetarchive.ipac.caltech.edu (exoplanetarchive.ipac.caltech.edu)... 134.4.54.147
Connecting to exoplanetarchive.ipac.caltech.edu (exoplanetarchive.ipac.caltech.edu)|134.4.54.147|:80... connected.
HTTP request sent, awaiting response... 302 Found
Location: https://exoplanetarchive.ipac.caltech.edu/data/ETSS//Kepler/005/345/07/kplr002301691-2010078095331_llc.fits [following]
--2018-12-09 13:03:39--  https://exoplanetarchive.ipac.caltech.edu/data/ETSS//Kepler/005/345/07/kplr002301691-2010078095331_llc.fits
Connecting to exoplanetarchive.ipac.caltech.edu (exoplanetarchive.ipac.caltech.edu)|134.4.54.147|:443... connected.
HTTP request sent, awaiting response... 200 OK
Length: 469440 (458K) [image/x-fits]
Saving to: 'kplr002301691-2010078095331_llc.fits'

     0K .......... .......... .......... .......... .......... 10% 43,0K 9s
    50K .......... .......... .......... .......... .......... 21% 84,1K 6s
   100K .......... .......... .......... .......... .......... 32%  128K 4s
   150K .......... .......... .......... .......... .......... 43%  129K 3s
   200K .......... .......... .......... .......... .......... 54%  129K 2s
   250K .......... .......... .......... .......... .......... 65%  252K 2s
   300K .......... .......... .......... .......... .......... 76%  247K 1s
   350K .......... .......... .......... .......... .......... 87%  247K 1s
   400K .......... .......... .......... .......... .......... 98%  254K 0s
   450K ........                                              100% 23,2M=3,7s

2018-12-09 13:03:44 (123 KB/s) - 'kplr002301691-2010078095331_llc.fits' saved [469440/469440]

--2018-12-09 13:03:44--  http://exoplanetarchive.ipac.caltech.edu/data/ETSS//Kepler/005/362/06/kplr002301691-2010078095331_llc_lc.tbl
Resolving exoplanetarchive.ipac.caltech.edu (exoplanetarchive.ipac.caltech.edu)... 134.4.54.147
Connecting to exoplanetarchive.ipac.caltech.edu (exoplanetarchive.ipac.caltech.edu)|134.4.54.147|:80... connected.
HTTP request sent, awaiting response... 302 Found
Location: https://exoplanetarchive.ipac.caltech.edu/data/ETSS//Kepler/005/362/06/kplr002301691-2010078095331_llc_lc.tbl [following]
--2018-12-09 13:03:44--  https://exoplanetarchive.ipac.caltech.edu/data/ETSS//Kepler/005/362/06/kplr002301691-2010078095331_llc_lc.tbl
Connecting to exoplanetarchive.ipac.caltech.edu (exoplanetarchive.ipac.caltech.edu)|134.4.54.147|:443... connected.
HTTP request sent, awaiting response... 200 OK
Length: 1421639 (1,4M) [text/plain]
Saving to: 'kplr002301691-2010078095331_llc_lc.tbl'

     0K .......... .......... .......... .......... ..........  3% 42,7K 31s
    50K .......... .......... .......... .......... ..........  7% 85,7K 23s
   100K .......... .......... .......... .......... .......... 10%  206K 16s
   150K .......... .......... .......... .......... .......... 14%  146K 14s
   200K .......... .......... .......... .......... .......... 18%  206K 12s
   250K .......... .......... .......... .......... .......... 21%  258K 10s
   300K .......... .......... .......... .......... .......... 25%  130K 9s
   350K .......... .......... .......... .......... .......... 28%  258K 8s
   400K .......... .......... .......... .......... .......... 32%  130K 8s
   450K .......... .......... .......... .......... .......... 36% 13,2M 7s
   500K .......... .......... .......... .......... .......... 39%  255K 6s
   550K .......... .......... .......... .......... .......... 43%  251K 5s
   600K .......... .......... .......... .......... .......... 46%  260K 5s
   650K .......... .......... .......... .......... .......... 50%  262K 4s
   700K .......... .......... .......... .......... .......... 54% 3,31M 4s
   750K .......... .......... .......... .......... .......... 57%  262K 3s
   800K .......... .......... .......... .......... .......... 61%  262K 3s
   850K .......... .......... .......... .......... .......... 64%  260K 3s
   900K .......... .......... .......... .......... .......... 68% 12,1M 2s
   950K .......... .......... .......... .......... .......... 72%  259K 2s
  1000K .......... .......... .......... .......... .......... 75%  263K 2s
  1050K .......... .......... .......... .......... .......... 79%  259K 1s
  1100K .......... .......... .......... .......... .......... 82%  254K 1s
  1150K .......... .......... .......... .......... .......... 86% 3,79M 1s
  1200K .......... .......... .......... .......... .......... 90%  272K 1s
  1250K .......... .......... .......... .......... .......... 93%  254K 0s
  1300K .......... .......... .......... .......... .......... 97% 12,3M 0s
  1350K .......... .......... .......... ........             100%  197K=6,5s

2018-12-09 13:03:52 (214 KB/s) - 'kplr002301691-2010078095331_llc_lc.tbl' saved [1421639/1421639]

--2018-12-09 13:03:52--  http://exoplanetarchive.ipac.caltech.edu/data/ETSS//Kepler/005/179/26/kplr002301691-2010174085026_llc.fits
Resolving exoplanetarchive.ipac.caltech.edu (exoplanetarchive.ipac.caltech.edu)... 134.4.54.147
Connecting to exoplanetarchive.ipac.caltech.edu (exoplanetarchive.ipac.caltech.edu)|134.4.54.147|:80... connected.
HTTP request sent, awaiting response... 302 Found
Location: https://exoplanetarchive.ipac.caltech.edu/data/ETSS//Kepler/005/179/26/kplr002301691-2010174085026_llc.fits [following]
--2018-12-09 13:03:53--  https://exoplanetarchive.ipac.caltech.edu/data/ETSS//Kepler/005/179/26/kplr002301691-2010174085026_llc.fits
Connecting to exoplanetarchive.ipac.caltech.edu (exoplanetarchive.ipac.caltech.edu)|134.4.54.147|:443... connected.
HTTP request sent, awaiting response... 200 OK
Length: 492480 (481K) [image/x-fits]
Saving to: 'kplr002301691-2010174085026_llc.fits'

     0K .......... .......... .......... .......... .......... 10% 41,9K 10s
    50K .......... .......... .......... .......... .......... 20% 85,7K 7s
   100K .......... .......... .......... .......... .......... 31%  129K 5s
   150K .......... .......... .......... .......... .......... 41%  122K 4s
   200K .......... .......... .......... .......... .......... 51%  129K 3s
   250K .......... .......... .......... .......... .......... 62%  130K 2s
   300K .......... .......... .......... .......... .......... 72%  128K 1s
   350K .......... .......... .......... .......... .......... 83% 36,0K 1s
   400K .......... .......... .......... .......... .......... 93% 63,5K 0s
   450K .......... .......... ..........                      100%  157K=6,1s

2018-12-09 13:04:00 (78,7 KB/s) - 'kplr002301691-2010174085026_llc.fits' saved [492480/492480]

--2018-12-09 13:04:01--  http://exoplanetarchive.ipac.caltech.edu/data/ETSS//Kepler/005/195/89/kplr002301691-2010174085026_llc_lc.tbl
Resolving exoplanetarchive.ipac.caltech.edu (exoplanetarchive.ipac.caltech.edu)... 134.4.54.147
Connecting to exoplanetarchive.ipac.caltech.edu (exoplanetarchive.ipac.caltech.edu)|134.4.54.147|:80... connected.
HTTP request sent, awaiting response... 302 Found
Location: https://exoplanetarchive.ipac.caltech.edu/data/ETSS//Kepler/005/195/89/kplr002301691-2010174085026_llc_lc.tbl [following]
--2018-12-09 13:04:01--  https://exoplanetarchive.ipac.caltech.edu/data/ETSS//Kepler/005/195/89/kplr002301691-2010174085026_llc_lc.tbl
Connecting to exoplanetarchive.ipac.caltech.edu (exoplanetarchive.ipac.caltech.edu)|134.4.54.147|:443... connected.
HTTP request sent, awaiting response... 200 OK
Length: 1497982 (1,4M) [text/plain]
Saving to: 'kplr002301691-2010174085026_llc_lc.tbl'

     0K .......... .......... .......... .......... ..........  3% 42,7K 33s
    50K .......... .......... .......... .......... ..........  6% 86,1K 24s
   100K .......... .......... .......... .......... .......... 10%  130K 19s
   150K .......... .......... .......... .......... .......... 13%  129K 16s
   200K .......... .......... .......... .......... .......... 17%  129K 14s
   250K .......... .......... .......... .......... .......... 20%  253K 12s
   300K .......... .......... .......... .......... .......... 23%  130K 11s
   350K .......... .......... .......... .......... .......... 27%  255K 10s
   400K .......... .......... .......... .......... .......... 30%  128K 9s
   450K .......... .......... .......... .......... .......... 34%  256K 8s
   500K .......... .......... .......... .......... .......... 37%  251K 7s
   550K .......... .......... .......... .......... .......... 41%  247K 7s
   600K .......... .......... .......... .......... .......... 44%  269K 6s
   650K .......... .......... .......... .......... .......... 47%  258K 6s
   700K .......... .......... .......... .......... .......... 51% 9,68M 5s
   750K .......... .......... .......... .......... .......... 54%  254K 4s
   800K .......... .......... .......... .......... .......... 58%  256K 4s
   850K .......... .......... .......... .......... .......... 61%  253K 4s
   900K .......... .......... .......... .......... .......... 64%  266K 3s
   950K .......... .......... .......... .......... .......... 68% 4,06M 3s
  1000K .......... .......... .......... .......... .......... 71%  254K 2s
  1050K .......... .......... .......... .......... .......... 75%  278K 2s
  1100K .......... .......... .......... .......... .......... 78%  255K 2s
  1150K .......... .......... .......... .......... .......... 82% 8,97M 1s
  1200K .......... .......... .......... .......... .......... 85%  259K 1s
  1250K .......... .......... .......... .......... .......... 88%  262K 1s
  1300K .......... .......... .......... .......... .......... 92% 6,10M 1s
  1350K .......... .......... .......... .......... .......... 95%  262K 0s
  1400K .......... .......... .......... .......... .......... 99% 10,4M 0s
  1450K .......... ..                                         100% 23,4M=7,0s

2018-12-09 13:04:09 (208 KB/s) - 'kplr002301691-2010174085026_llc_lc.tbl' saved [1497982/1497982]

--2018-12-09 13:04:09--  http://exoplanetarchive.ipac.caltech.edu/data/ETSS//Kepler/005/379/06/kplr002301691-2010265121752_llc.fits
Resolving exoplanetarchive.ipac.caltech.edu (exoplanetarchive.ipac.caltech.edu)... 134.4.54.147
Connecting to exoplanetarchive.ipac.caltech.edu (exoplanetarchive.ipac.caltech.edu)|134.4.54.147|:80... connected.
HTTP request sent, awaiting response... 302 Found
Location: https://exoplanetarchive.ipac.caltech.edu/data/ETSS//Kepler/005/379/06/kplr002301691-2010265121752_llc.fits [following]
--2018-12-09 13:04:10--  https://exoplanetarchive.ipac.caltech.edu/data/ETSS//Kepler/005/379/06/kplr002301691-2010265121752_llc.fits
Connecting to exoplanetarchive.ipac.caltech.edu (exoplanetarchive.ipac.caltech.edu)|134.4.54.147|:443... connected.
HTTP request sent, awaiting response... 200 OK
Length: 469440 (458K) [image/x-fits]
Saving to: 'kplr002301691-2010265121752_llc.fits'

     0K .......... .......... .......... .......... .......... 10% 42,7K 10s
    50K .......... .......... .......... .......... .......... 21% 86,5K 6s
   100K .......... .......... .......... .......... .......... 32%  129K 4s
   150K .......... .......... .......... .......... .......... 43%  129K 3s
   200K .......... .......... .......... .......... .......... 54%  129K 2s
   250K .......... .......... .......... .......... .......... 65%  257K 2s
   300K .......... .......... .......... .......... .......... 76%  128K 1s
   350K .......... .......... .......... .......... .......... 87% 51,6K 1s
   400K .......... .......... .......... .......... .......... 98% 80,9K 0s
   450K ........                                              100% 14,4M=5,1s

2018-12-09 13:04:16 (90,2 KB/s) - 'kplr002301691-2010265121752_llc.fits' saved [469440/469440]

--2018-12-09 13:04:16--  http://exoplanetarchive.ipac.caltech.edu/data/ETSS//Kepler/005/395/59/kplr002301691-2010265121752_llc_lc.tbl
Resolving exoplanetarchive.ipac.caltech.edu (exoplanetarchive.ipac.caltech.edu)... 134.4.54.147
Connecting to exoplanetarchive.ipac.caltech.edu (exoplanetarchive.ipac.caltech.edu)|134.4.54.147|:80... connected.
HTTP request sent, awaiting response... 302 Found
Location: https://exoplanetarchive.ipac.caltech.edu/data/ETSS//Kepler/005/395/59/kplr002301691-2010265121752_llc_lc.tbl [following]
--2018-12-09 13:04:16--  https://exoplanetarchive.ipac.caltech.edu/data/ETSS//Kepler/005/395/59/kplr002301691-2010265121752_llc_lc.tbl
Connecting to exoplanetarchive.ipac.caltech.edu (exoplanetarchive.ipac.caltech.edu)|134.4.54.147|:443... connected.
HTTP request sent, awaiting response... 200 OK
Length: 1421991 (1,4M) [text/plain]
Saving to: 'kplr002301691-2010265121752_llc_lc.tbl'

     0K .......... .......... .......... .......... ..........  3% 42,7K 31s
    50K .......... .......... .......... .......... ..........  7% 86,3K 23s
   100K .......... .......... .......... .......... .......... 10%  205K 16s
   150K .......... .......... .......... .......... .......... 14%  146K 14s
   200K .......... .......... .......... .......... .......... 18%  129K 12s
   250K .......... .......... .......... .......... .......... 21%  255K 11s
   300K .......... .......... .......... .......... .......... 25%  129K 10s
   350K .......... .......... .......... .......... .......... 28%  263K 9s
   400K .......... .......... .......... .......... .......... 32%  128K 8s
   450K .......... .......... .......... .......... .......... 36%  256K 7s
   500K .......... .......... .......... .......... .......... 39%  259K 7s
   550K .......... .......... .......... .......... .......... 43%  255K 6s
   600K .......... .......... .......... .......... .......... 46%  259K 5s
   650K .......... .......... .......... .......... .......... 50% 11,3M 5s
   700K .......... .......... .......... .......... .......... 54%  260K 4s
   750K .......... .......... .......... .......... .......... 57%  258K 4s
   800K .......... .......... .......... .......... .......... 61%  258K 3s
   850K .......... .......... .......... .......... .......... 64%  264K 3s
   900K .......... .......... .......... .......... .......... 68% 3,08M 3s
   950K .......... .......... .......... .......... .......... 72%  262K 2s
  1000K .......... .......... .......... .......... .......... 75%  277K 2s
  1050K .......... .......... .......... .......... .......... 79%  259K 2s
  1100K .......... .......... .......... .......... .......... 82% 4,27M 1s
  1150K .......... .......... .......... .......... .......... 86%  271K 1s
  1200K .......... .......... .......... .......... .......... 90%  262K 1s
  1250K .......... .......... .......... .......... .......... 93% 5,80M 0s
  1300K .......... .......... .......... .......... .......... 97%  271K 0s
  1350K .......... .......... .......... ........             100% 3,53M=6,6s

2018-12-09 13:04:24 (210 KB/s) - 'kplr002301691-2010265121752_llc_lc.tbl' saved [1421991/1421991]

--2018-12-09 13:04:24--  http://exoplanetarchive.ipac.caltech.edu/data/ETSS//Kepler/005/278/93/kplr002301691-2010355172524_llc.fits
Resolving exoplanetarchive.ipac.caltech.edu (exoplanetarchive.ipac.caltech.edu)... 134.4.54.147
Connecting to exoplanetarchive.ipac.caltech.edu (exoplanetarchive.ipac.caltech.edu)|134.4.54.147|:80... connected.
HTTP request sent, awaiting response... 302 Found
Location: https://exoplanetarchive.ipac.caltech.edu/data/ETSS//Kepler/005/278/93/kplr002301691-2010355172524_llc.fits [following]
--2018-12-09 13:04:25--  https://exoplanetarchive.ipac.caltech.edu/data/ETSS//Kepler/005/278/93/kplr002301691-2010355172524_llc.fits
Connecting to exoplanetarchive.ipac.caltech.edu (exoplanetarchive.ipac.caltech.edu)|134.4.54.147|:443... connected.
HTTP request sent, awaiting response... 200 OK
Length: 466560 (456K) [image/x-fits]
Saving to: 'kplr002301691-2010355172524_llc.fits'

     0K .......... .......... .......... .......... .......... 10% 43,1K 9s
    50K .......... .......... .......... .......... .......... 21% 85,6K 6s
   100K .......... .......... .......... .......... .......... 32%  209K 4s
   150K .......... .......... .......... .......... .......... 43%  144K 3s
   200K .......... .......... .......... .......... .......... 54%  130K 2s
   250K .......... .......... .......... .......... .......... 65%  255K 2s
   300K .......... .......... .......... .......... .......... 76%  181K 1s
   350K .......... .......... .......... .......... .......... 87%  252K 0s
   400K .......... .......... .......... .......... .......... 98%  260K 0s
   450K .....                                                 100% 36,6G=3,6s

2018-12-09 13:04:29 (127 KB/s) - 'kplr002301691-2010355172524_llc.fits' saved [466560/466560]

--2018-12-09 13:04:29--  http://exoplanetarchive.ipac.caltech.edu/data/ETSS//Kepler/005/295/27/kplr002301691-2010355172524_llc_lc.tbl
Resolving exoplanetarchive.ipac.caltech.edu (exoplanetarchive.ipac.caltech.edu)... 134.4.54.147
Connecting to exoplanetarchive.ipac.caltech.edu (exoplanetarchive.ipac.caltech.edu)|134.4.54.147|:80... connected.
HTTP request sent, awaiting response... 302 Found
Location: https://exoplanetarchive.ipac.caltech.edu/data/ETSS//Kepler/005/295/27/kplr002301691-2010355172524_llc_lc.tbl [following]
--2018-12-09 13:04:30--  https://exoplanetarchive.ipac.caltech.edu/data/ETSS//Kepler/005/295/27/kplr002301691-2010355172524_llc_lc.tbl
Connecting to exoplanetarchive.ipac.caltech.edu (exoplanetarchive.ipac.caltech.edu)|134.4.54.147|:443... connected.
HTTP request sent, awaiting response... 200 OK
Length: 1414584 (1,3M) [text/plain]
Saving to: 'kplr002301691-2010355172524_llc_lc.tbl'

     0K .......... .......... .......... .......... ..........  3% 42,7K 31s
    50K .......... .......... .......... .......... ..........  7% 85,8K 22s
   100K .......... .......... .......... .......... .......... 10%  129K 18s
   150K .......... .......... .......... .......... .......... 14%  247K 14s
   200K .......... .......... .......... .......... .......... 18%  131K 12s
   250K .......... .......... .......... .......... .......... 21%  252K 11s
   300K .......... .......... .......... .......... .......... 25%  245K 9s
   350K .......... .......... .......... .......... .......... 28%  260K 8s
   400K .......... .......... .......... .......... .......... 32%  249K 7s
   450K .......... .......... .......... .......... .......... 36%  268K 7s
   500K .......... .......... .......... .......... .......... 39%  249K 6s
   550K .......... .......... .......... .......... .......... 43%  255K 5s
   600K .......... .......... .......... .......... .......... 47% 4,29M 5s
   650K .......... .......... .......... .......... .......... 50%  256K 4s
   700K .......... .......... .......... .......... .......... 54%  272K 4s
   750K .......... .......... .......... .......... .......... 57% 3,61M 3s
   800K .......... .......... .......... .......... .......... 61%  260K 3s
   850K .......... .......... .......... .......... .......... 65%  129K 3s
   900K .......... .......... .......... .......... .......... 68% 7,92M 2s
   950K .......... .......... .......... .......... .......... 72% 36,7K 2s
  1000K .......... .......... .......... .......... .......... 76% 85,6K 2s
  1050K .......... .......... .......... .......... .......... 79% 86,2K 2s
  1100K .......... .......... .......... .......... .......... 83%  240K 2s
  1150K .......... .......... .......... .......... .......... 86%  133K 1s
  1200K .......... .......... .......... .......... .......... 90%  126K 1s
  1250K .......... .......... .......... .......... .......... 94% 61,0K 1s
  1300K .......... .......... .......... .......... .......... 97%  129K 0s
  1350K .......... .......... .......... .                    100%  164K=10s

2018-12-09 13:04:41 (138 KB/s) - 'kplr002301691-2010355172524_llc_lc.tbl' saved [1414584/1414584]

--2018-12-09 13:04:41--  http://exoplanetarchive.ipac.caltech.edu/data/ETSS//Kepler/005/412/12/kplr002301691-2011073133259_llc.fits
Resolving exoplanetarchive.ipac.caltech.edu (exoplanetarchive.ipac.caltech.edu)... 134.4.54.147
Connecting to exoplanetarchive.ipac.caltech.edu (exoplanetarchive.ipac.caltech.edu)|134.4.54.147|:80... connected.
HTTP request sent, awaiting response... 302 Found
Location: https://exoplanetarchive.ipac.caltech.edu/data/ETSS//Kepler/005/412/12/kplr002301691-2011073133259_llc.fits [following]
--2018-12-09 13:04:41--  https://exoplanetarchive.ipac.caltech.edu/data/ETSS//Kepler/005/412/12/kplr002301691-2011073133259_llc.fits
Connecting to exoplanetarchive.ipac.caltech.edu (exoplanetarchive.ipac.caltech.edu)|134.4.54.147|:443... connected.
HTTP request sent, awaiting response... 200 OK
Length: 357120 (349K) [image/x-fits]
Saving to: 'kplr002301691-2011073133259_llc.fits'

     0K .......... .......... .......... .......... .......... 14% 42,1K 7s
    50K .......... .......... .......... .......... .......... 28% 85,2K 4s
   100K .......... .......... .......... .......... .......... 43%  129K 3s
   150K .......... .......... .......... .......... .......... 57%  128K 2s
   200K .......... .......... .......... .......... .......... 71%  125K 1s
   250K .......... .......... .......... .......... .......... 86%  258K 1s
   300K .......... .......... .......... .......... ........  100%  125K=3,5s

2018-12-09 13:04:46 (98,6 KB/s) - 'kplr002301691-2011073133259_llc.fits' saved [357120/357120]

--2018-12-09 13:04:46--  http://exoplanetarchive.ipac.caltech.edu/data/ETSS//Kepler/005/428/91/kplr002301691-2011073133259_llc_lc.tbl
Resolving exoplanetarchive.ipac.caltech.edu (exoplanetarchive.ipac.caltech.edu)... 134.4.54.147
Connecting to exoplanetarchive.ipac.caltech.edu (exoplanetarchive.ipac.caltech.edu)|134.4.54.147|:80... connected.
HTTP request sent, awaiting response... 302 Found
Location: https://exoplanetarchive.ipac.caltech.edu/data/ETSS//Kepler/005/428/91/kplr002301691-2011073133259_llc_lc.tbl [following]
--2018-12-09 13:04:46--  https://exoplanetarchive.ipac.caltech.edu/data/ETSS//Kepler/005/428/91/kplr002301691-2011073133259_llc_lc.tbl
Connecting to exoplanetarchive.ipac.caltech.edu (exoplanetarchive.ipac.caltech.edu)|134.4.54.147|:443... connected.
HTTP request sent, awaiting response... 200 OK
Length: 1061605 (1,0M) [text/plain]
Saving to: 'kplr002301691-2011073133259_llc_lc.tbl'

     0K .......... .......... .......... .......... ..........  4% 42,7K 23s
    50K .......... .......... .......... .......... ..........  9%  127K 15s
   100K .......... .......... .......... .......... .......... 14%  129K 12s
   150K .......... .......... .......... .......... .......... 19%  255K 9s
   200K .......... .......... .......... .......... .......... 24%  128K 8s
   250K .......... .......... .......... .......... .......... 28%  253K 7s
   300K .......... .......... .......... .......... .......... 33%  254K 6s
   350K .......... .......... .......... .......... .......... 38%  129K 5s
   400K .......... .......... .......... .......... .......... 43%  250K 5s
   450K .......... .......... .......... .......... .......... 48%  257K 4s
   500K .......... .......... .......... .......... .......... 53%  257K 3s
   550K .......... .......... .......... .......... .......... 57%  257K 3s
   600K .......... .......... .......... .......... .......... 62%  253K 3s
   650K .......... .......... .......... .......... .......... 67%  252K 2s
   700K .......... .......... .......... .......... .......... 72%  259K 2s
   750K .......... .......... .......... .......... .......... 77%  261K 1s
   800K .......... .......... .......... .......... .......... 81%  257K 1s
   850K .......... .......... .......... .......... .......... 86%  260K 1s
   900K .......... .......... .......... .......... .......... 91%  255K 0s
   950K .......... .......... .......... .......... .......... 96% 9,50M 0s
  1000K .......... .......... .......... ......               100%  190K=5,7s

2018-12-09 13:04:53 (183 KB/s) - 'kplr002301691-2011073133259_llc_lc.tbl' saved [1061605/1061605]

--2018-12-09 13:04:53--  http://exoplanetarchive.ipac.caltech.edu/data/ETSS//Kepler/005/311/60/kplr002301691-2011177032512_llc.fits
Resolving exoplanetarchive.ipac.caltech.edu (exoplanetarchive.ipac.caltech.edu)... 134.4.54.147
Connecting to exoplanetarchive.ipac.caltech.edu (exoplanetarchive.ipac.caltech.edu)|134.4.54.147|:80... connected.
HTTP request sent, awaiting response... 302 Found
Location: https://exoplanetarchive.ipac.caltech.edu/data/ETSS//Kepler/005/311/60/kplr002301691-2011177032512_llc.fits [following]
--2018-12-09 13:04:53--  https://exoplanetarchive.ipac.caltech.edu/data/ETSS//Kepler/005/311/60/kplr002301691-2011177032512_llc.fits
Connecting to exoplanetarchive.ipac.caltech.edu (exoplanetarchive.ipac.caltech.edu)|134.4.54.147|:443... connected.
HTTP request sent, awaiting response... 200 OK
Length: 506880 (495K) [image/x-fits]
Saving to: 'kplr002301691-2011177032512_llc.fits'

     0K .......... .......... .......... .......... .......... 10% 42,5K 10s
    50K .......... .......... .......... .......... .......... 20% 85,3K 7s
   100K .......... .......... .......... .......... .......... 30%  126K 5s
   150K .......... .......... .......... .......... .......... 40%  130K 4s
   200K .......... .......... .......... .......... .......... 50%  254K 3s
   250K .......... .......... .......... .......... .......... 60%  128K 2s
   300K .......... .......... .......... .......... .......... 70%  256K 1s
   350K .......... .......... .......... .......... .......... 80%  259K 1s
   400K .......... .......... .......... .......... .......... 90%  242K 0s
   450K .......... .......... .......... .......... .....     100% 15,6M=3,7s

2018-12-09 13:04:58 (133 KB/s) - 'kplr002301691-2011177032512_llc.fits' saved [506880/506880]

--2018-12-09 13:04:58--  http://exoplanetarchive.ipac.caltech.edu/data/ETSS//Kepler/005/328/33/kplr002301691-2011177032512_llc_lc.tbl
Resolving exoplanetarchive.ipac.caltech.edu (exoplanetarchive.ipac.caltech.edu)... 134.4.54.147
Connecting to exoplanetarchive.ipac.caltech.edu (exoplanetarchive.ipac.caltech.edu)|134.4.54.147|:80... connected.
HTTP request sent, awaiting response... 302 Found
Location: https://exoplanetarchive.ipac.caltech.edu/data/ETSS//Kepler/005/328/33/kplr002301691-2011177032512_llc_lc.tbl [following]
--2018-12-09 13:04:59--  https://exoplanetarchive.ipac.caltech.edu/data/ETSS//Kepler/005/328/33/kplr002301691-2011177032512_llc_lc.tbl
Connecting to exoplanetarchive.ipac.caltech.edu (exoplanetarchive.ipac.caltech.edu)|134.4.54.147|:443... connected.
HTTP request sent, awaiting response... 200 OK
Length: 1541115 (1,5M) [text/plain]
Saving to: 'kplr002301691-2011177032512_llc_lc.tbl'

     0K .......... .......... .......... .......... ..........  3% 42,5K 34s
    50K .......... .......... .......... .......... ..........  6%  127K 22s
   100K .......... .......... .......... .......... ..........  9%  129K 18s
   150K .......... .......... .......... .......... .......... 13%  129K 15s
   200K .......... .......... .......... .......... .......... 16%  240K 13s
   250K .......... .......... .......... .......... .......... 19%  245K 11s
   300K .......... .......... .......... .......... .......... 23%  262K 10s
   350K .......... .......... .......... .......... .......... 26%  254K 9s
   400K .......... .......... .......... .......... .......... 29%  257K 8s
   450K .......... .......... .......... .......... .......... 33%  256K 7s
   500K .......... .......... .......... .......... .......... 36%  259K 6s
   550K .......... .......... .......... .......... .......... 39%  263K 6s
   600K .......... .......... .......... .......... .......... 43% 2,23M 5s
   650K .......... .......... .......... .......... .......... 46%  259K 5s
   700K .......... .......... .......... .......... .......... 49%  263K 4s
   750K .......... .......... .......... .......... .......... 53% 3,15M 4s
   800K .......... .......... .......... .......... .......... 56%  258K 3s
   850K .......... .......... .......... .......... .......... 59% 3,43M 3s
   900K .......... .......... .......... .......... .......... 63%  266K 3s
   950K .......... .......... .......... .......... .......... 66%  269K 2s
  1000K .......... .......... .......... .......... .......... 69% 3,41M 2s
  1050K .......... .......... .......... .......... .......... 73% 3,43M 2s
  1100K .......... .......... .......... .......... .......... 76%  282K 2s
  1150K .......... .......... .......... .......... .......... 79% 2,75M 1s
  1200K .......... .......... .......... .......... .......... 83%  272K 1s
  1250K .......... .......... .......... .......... .......... 86% 3,39M 1s
  1300K .......... .......... .......... .......... .......... 89% 3,82M 1s
  1350K .......... .......... .......... .......... .......... 93%  278K 0s
  1400K .......... .......... .......... .......... .......... 96% 3,57M 0s
  1450K .......... .......... .......... .......... .......... 99% 4,07M 0s
  1500K ....                                                  100% 14,9M=5,6s

2018-12-09 13:05:05 (271 KB/s) - 'kplr002301691-2011177032512_llc_lc.tbl' saved [1541115/1541115]

--2018-12-09 13:05:05--  http://exoplanetarchive.ipac.caltech.edu/data/ETSS//Kepler/005/445/70/kplr002301691-2011271113734_llc.fits
Resolving exoplanetarchive.ipac.caltech.edu (exoplanetarchive.ipac.caltech.edu)... 134.4.54.147
Connecting to exoplanetarchive.ipac.caltech.edu (exoplanetarchive.ipac.caltech.edu)|134.4.54.147|:80... connected.
HTTP request sent, awaiting response... 302 Found
Location: https://exoplanetarchive.ipac.caltech.edu/data/ETSS//Kepler/005/445/70/kplr002301691-2011271113734_llc.fits [following]
--2018-12-09 13:05:06--  https://exoplanetarchive.ipac.caltech.edu/data/ETSS//Kepler/005/445/70/kplr002301691-2011271113734_llc.fits
Connecting to exoplanetarchive.ipac.caltech.edu (exoplanetarchive.ipac.caltech.edu)|134.4.54.147|:443... connected.
HTTP request sent, awaiting response... 200 OK
Length: 486720 (475K) [image/x-fits]
Saving to: 'kplr002301691-2011271113734_llc.fits'

     0K .......... .......... .......... .......... .......... 10% 42,5K 10s
    50K .......... .......... .......... .......... .......... 21% 85,6K 7s
   100K .......... .......... .......... .......... .......... 31% 42,3K 6s
   150K .......... .......... .......... .......... .......... 42% 51,0K 5s
   200K .......... .......... .......... .......... .......... 52% 85,0K 4s
   250K .......... .......... .......... .......... .......... 63% 84,8K 3s
   300K .......... .......... .......... .......... .......... 73% 48,9K 2s
   350K .......... .......... .......... .......... .......... 84% 51,6K 1s
   400K .......... .......... .......... .......... .......... 94% 51,7K 0s
   450K .......... .......... .....                           100%  129K=8,3s

2018-12-09 13:05:15 (57,6 KB/s) - 'kplr002301691-2011271113734_llc.fits' saved [486720/486720]

--2018-12-09 13:05:15--  http://exoplanetarchive.ipac.caltech.edu/data/ETSS//Kepler/005/462/40/kplr002301691-2011271113734_llc_lc.tbl
Resolving exoplanetarchive.ipac.caltech.edu (exoplanetarchive.ipac.caltech.edu)... 134.4.54.147
Connecting to exoplanetarchive.ipac.caltech.edu (exoplanetarchive.ipac.caltech.edu)|134.4.54.147|:80... connected.
HTTP request sent, awaiting response... 302 Found
Location: https://exoplanetarchive.ipac.caltech.edu/data/ETSS//Kepler/005/462/40/kplr002301691-2011271113734_llc_lc.tbl [following]
--2018-12-09 13:05:16--  https://exoplanetarchive.ipac.caltech.edu/data/ETSS//Kepler/005/462/40/kplr002301691-2011271113734_llc_lc.tbl
Connecting to exoplanetarchive.ipac.caltech.edu (exoplanetarchive.ipac.caltech.edu)|134.4.54.147|:443... connected.
HTTP request sent, awaiting response... 200 OK
Length: 1478324 (1,4M) [text/plain]
Saving to: 'kplr002301691-2011271113734_llc_lc.tbl'

     0K .......... .......... .......... .......... ..........  3% 42,6K 33s
    50K .......... .......... .......... .......... ..........  6%  128K 21s
   100K .......... .......... .......... .......... .......... 10%  248K 15s
   150K .......... .......... .......... .......... .......... 13%  125K 13s
   200K .......... .......... .......... .......... .......... 17%  259K 11s
   250K .......... .......... .......... .......... .......... 20%  131K 10s
   300K .......... .......... .......... .......... .......... 24%  252K 9s
   350K .......... .......... .......... .......... .......... 27%  250K 8s
   400K .......... .......... .......... .......... .......... 31%  134K 8s
   450K .......... .......... .......... .......... .......... 34%  259K 7s
   500K .......... .......... .......... .......... .......... 38%  258K 6s
   550K .......... .......... .......... .......... .......... 41%  259K 6s
   600K .......... .......... .......... .......... .......... 45%  258K 5s
   650K .......... .......... .......... .......... .......... 48% 9,20M 5s
   700K .......... .......... .......... .......... .......... 51%  236K 4s
   750K .......... .......... .......... .......... .......... 55%  262K 4s
   800K .......... .......... .......... .......... .......... 58%  262K 3s
   850K .......... .......... .......... .......... .......... 62% 4,50M 3s
   900K .......... .......... .......... .......... .......... 65%  267K 3s
   950K .......... .......... .......... .......... .......... 69%  265K 2s
  1000K .......... .......... .......... .......... .......... 72%  247K 2s
  1050K .......... .......... .......... .......... .......... 76%  261K 2s
  1100K .......... .......... .......... .......... .......... 79% 4,92M 1s
  1150K .......... .......... .......... .......... .......... 83%  282K 1s
  1200K .......... .......... .......... .......... .......... 86%  258K 1s
  1250K .......... .......... .......... .......... .......... 90% 11,3M 1s
  1300K .......... .......... .......... .......... .......... 93%  261K 0s
  1350K .......... .......... .......... .......... .......... 96% 6,23M 0s
  1400K .......... .......... .......... .......... ...       100% 11,3M=6,3s

2018-12-09 13:05:23 (231 KB/s) - 'kplr002301691-2011271113734_llc_lc.tbl' saved [1478324/1478324]

--2018-12-09 13:05:23--  http://exoplanetarchive.ipac.caltech.edu/data/ETSS//Kepler/005/479/09/kplr002301691-2012004120508_llc.fits
Resolving exoplanetarchive.ipac.caltech.edu (exoplanetarchive.ipac.caltech.edu)... 134.4.54.147
Connecting to exoplanetarchive.ipac.caltech.edu (exoplanetarchive.ipac.caltech.edu)|134.4.54.147|:80... connected.
HTTP request sent, awaiting response... 302 Found
Location: https://exoplanetarchive.ipac.caltech.edu/data/ETSS//Kepler/005/479/09/kplr002301691-2012004120508_llc.fits [following]
--2018-12-09 13:05:23--  https://exoplanetarchive.ipac.caltech.edu/data/ETSS//Kepler/005/479/09/kplr002301691-2012004120508_llc.fits
Connecting to exoplanetarchive.ipac.caltech.edu (exoplanetarchive.ipac.caltech.edu)|134.4.54.147|:443... connected.
HTTP request sent, awaiting response... 200 OK
Length: 506880 (495K) [image/x-fits]
Saving to: 'kplr002301691-2012004120508_llc.fits'

     0K .......... .......... .......... .......... .......... 10% 24,7K 18s
    50K .......... .......... .......... .......... .......... 20% 41,0K 13s
   100K .......... .......... .......... .......... .......... 30% 56,2K 10s
   150K .......... .......... .......... .......... .......... 40% 57,7K 7s
   200K .......... .......... .......... .......... .......... 50% 72,8K 6s
   250K .......... .......... .......... .......... .......... 60% 74,1K 4s
   300K .......... .......... .......... .......... .......... 70% 72,9K 3s
   350K .......... .......... .......... .......... .......... 80% 44,8K 2s
   400K .......... .......... .......... .......... .......... 90% 39,6K 1s
   450K .......... .......... .......... .......... .....     100% 77,0K=10s

2018-12-09 13:05:34 (49,5 KB/s) - 'kplr002301691-2012004120508_llc.fits' saved [506880/506880]

--2018-12-09 13:05:35--  http://exoplanetarchive.ipac.caltech.edu/data/ETSS//Kepler/005/495/51/kplr002301691-2012004120508_llc_lc.tbl
Resolving exoplanetarchive.ipac.caltech.edu (exoplanetarchive.ipac.caltech.edu)... 134.4.54.147
Connecting to exoplanetarchive.ipac.caltech.edu (exoplanetarchive.ipac.caltech.edu)|134.4.54.147|:80... connected.
HTTP request sent, awaiting response... 302 Found
Location: https://exoplanetarchive.ipac.caltech.edu/data/ETSS//Kepler/005/495/51/kplr002301691-2012004120508_llc_lc.tbl [following]
--2018-12-09 13:05:35--  https://exoplanetarchive.ipac.caltech.edu/data/ETSS//Kepler/005/495/51/kplr002301691-2012004120508_llc_lc.tbl
Connecting to exoplanetarchive.ipac.caltech.edu (exoplanetarchive.ipac.caltech.edu)|134.4.54.147|:443... connected.
HTTP request sent, awaiting response... 200 OK
Length: 1536577 (1,5M) [text/plain]
Saving to: 'kplr002301691-2012004120508_llc_lc.tbl'

     0K .......... .......... .......... .......... ..........  3% 42,9K 34s
    50K .......... .......... .......... .......... ..........  6% 85,2K 25s
   100K .......... .......... .......... .......... ..........  9%  207K 18s
   150K .......... .......... .......... .......... .......... 13%  144K 15s
   200K .......... .......... .......... .......... .......... 16%  255K 13s
   250K .......... .......... .......... .......... .......... 19%  128K 12s
   300K .......... .......... .......... .......... .......... 23%  251K 10s
   350K .......... .......... .......... .......... .......... 26%  259K 9s
   400K .......... .......... .......... .......... .......... 29%  255K 8s
   450K .......... .......... .......... .......... .......... 33%  260K 7s
   500K .......... .......... .......... .......... .......... 36%  253K 7s
   550K .......... .......... .......... .......... .......... 39%  260K 6s
   600K .......... .......... .......... .......... .......... 43% 3,37M 5s
   650K .......... .......... .......... .......... .......... 46%  266K 5s
   700K .......... .......... .......... .......... .......... 49%  263K 4s
   750K .......... .......... .......... .......... .......... 53%  253K 4s
   800K .......... .......... .......... .......... .......... 56%  257K 4s
   850K .......... .......... .......... .......... .......... 59% 7,95M 3s
   900K .......... .......... .......... .......... .......... 63%  257K 3s
   950K .......... .......... .......... .......... .......... 66% 5,25M 3s
  1000K .......... .......... .......... .......... .......... 69%  264K 2s
  1050K .......... .......... .......... .......... .......... 73% 5,16M 2s
  1100K .......... .......... .......... .......... .......... 76%  265K 2s
  1150K .......... .......... .......... .......... .......... 79% 3,87M 1s
  1200K .......... .......... .......... .......... .......... 83%  254K 1s
  1250K .......... .......... .......... .......... .......... 86%  281K 1s
  1300K .......... .......... .......... .......... .......... 89% 3,04M 1s
  1350K .......... .......... .......... .......... .......... 93% 4,74M 0s
  1400K .......... .......... .......... .......... .......... 96%  295K 0s
  1450K .......... .......... .......... .......... .......... 99% 1,90M 0s
  1500K                                                       100% 3,66G=6,1s

2018-12-09 13:05:42 (246 KB/s) - 'kplr002301691-2012004120508_llc_lc.tbl' saved [1536577/1536577]

--2018-12-09 13:05:42--  http://exoplanetarchive.ipac.caltech.edu/data/ETSS//Kepler/005/511/92/kplr002301691-2012088054726_llc.fits
Resolving exoplanetarchive.ipac.caltech.edu (exoplanetarchive.ipac.caltech.edu)... 134.4.54.147
Connecting to exoplanetarchive.ipac.caltech.edu (exoplanetarchive.ipac.caltech.edu)|134.4.54.147|:80... connected.
HTTP request sent, awaiting response... 302 Found
Location: https://exoplanetarchive.ipac.caltech.edu/data/ETSS//Kepler/005/511/92/kplr002301691-2012088054726_llc.fits [following]
--2018-12-09 13:05:43--  https://exoplanetarchive.ipac.caltech.edu/data/ETSS//Kepler/005/511/92/kplr002301691-2012088054726_llc.fits
Connecting to exoplanetarchive.ipac.caltech.edu (exoplanetarchive.ipac.caltech.edu)|134.4.54.147|:443... connected.
HTTP request sent, awaiting response... 200 OK
Length: 434880 (425K) [image/x-fits]
Saving to: 'kplr002301691-2012088054726_llc.fits'

     0K .......... .......... .......... .......... .......... 11% 51,2K 7s
    50K .......... .......... .......... .......... .......... 23%  127K 4s
   100K .......... .......... .......... .......... .......... 35%  249K 3s
   150K .......... .......... .......... .......... .......... 47%  132K 2s
   200K .......... .......... .......... .......... .......... 58%  237K 2s
   250K .......... .......... .......... .......... .......... 70%  132K 1s
   300K .......... .......... .......... .......... .......... 82%  255K 1s
   350K .......... .......... .......... .......... .......... 94%  254K 0s
   400K .......... .......... ....                            100% 10,9M=2,9s

2018-12-09 13:05:47 (145 KB/s) - 'kplr002301691-2012088054726_llc.fits' saved [434880/434880]

--2018-12-09 13:05:47--  http://exoplanetarchive.ipac.caltech.edu/data/ETSS//Kepler/005/528/62/kplr002301691-2012088054726_llc_lc.tbl
Resolving exoplanetarchive.ipac.caltech.edu (exoplanetarchive.ipac.caltech.edu)... 134.4.54.147
Connecting to exoplanetarchive.ipac.caltech.edu (exoplanetarchive.ipac.caltech.edu)|134.4.54.147|:80... connected.
HTTP request sent, awaiting response... 302 Found
Location: https://exoplanetarchive.ipac.caltech.edu/data/ETSS//Kepler/005/528/62/kplr002301691-2012088054726_llc_lc.tbl [following]
--2018-12-09 13:05:47--  https://exoplanetarchive.ipac.caltech.edu/data/ETSS//Kepler/005/528/62/kplr002301691-2012088054726_llc_lc.tbl
Connecting to exoplanetarchive.ipac.caltech.edu (exoplanetarchive.ipac.caltech.edu)|134.4.54.147|:443... connected.
HTTP request sent, awaiting response... 200 OK
Length: 1307966 (1,2M) [text/plain]
Saving to: 'kplr002301691-2012088054726_llc_lc.tbl'

     0K .......... .......... .......... .......... ..........  3% 42,8K 29s
    50K .......... .......... .......... .......... ..........  7% 86,6K 21s
   100K .......... .......... .......... .......... .......... 11%  130K 16s
   150K .......... .......... .......... .......... .......... 15% 42,9K 18s
   200K .......... .......... .......... .......... .......... 19% 64,5K 17s
   250K .......... .......... .......... .......... .......... 23% 86,1K 15s
   300K .......... .......... .......... .......... .......... 27% 86,2K 14s
   350K .......... .......... .......... .......... .......... 31%  129K 12s
   400K .......... .......... .......... .......... .......... 35% 86,0K 11s
   450K .......... .......... .......... .......... .......... 39%  129K 10s
   500K .......... .......... .......... .......... .......... 43%  129K 9s
   550K .......... .......... .......... .......... .......... 46%  126K 8s
   600K .......... .......... .......... .......... .......... 50%  128K 7s
   650K .......... .......... .......... .......... .......... 54% 85,8K 7s
   700K .......... .......... .......... .......... .......... 58%  129K 6s
   750K .......... .......... .......... .......... .......... 62%  127K 5s
   800K .......... .......... .......... .......... .......... 66% 86,6K 5s
   850K .......... .......... .......... .......... .......... 70%  128K 4s
   900K .......... .......... .......... .......... .......... 74%  128K 4s
   950K .......... .......... .......... .......... .......... 78% 36,7K 3s
  1000K .......... .......... .......... .......... .......... 82% 51,7K 3s
  1050K .......... .......... .......... .......... .......... 86% 64,2K 2s
  1100K .......... .......... .......... .......... .......... 90% 63,5K 2s
  1150K .......... .......... .......... .......... .......... 93% 64,1K 1s
  1200K .......... .......... .......... .......... .......... 97% 43,1K 0s
  1250K .......... .......... .......                         100%  672K=16s

2018-12-09 13:06:04 (78,1 KB/s) - 'kplr002301691-2012088054726_llc_lc.tbl' saved [1307966/1307966]

--2018-12-09 13:06:04--  http://exoplanetarchive.ipac.caltech.edu/data/ETSS//Kepler/005/545/31/kplr002301691-2012179063303_llc.fits
Resolving exoplanetarchive.ipac.caltech.edu (exoplanetarchive.ipac.caltech.edu)... 134.4.54.147
Connecting to exoplanetarchive.ipac.caltech.edu (exoplanetarchive.ipac.caltech.edu)|134.4.54.147|:80... connected.
HTTP request sent, awaiting response... 302 Found
Location: https://exoplanetarchive.ipac.caltech.edu/data/ETSS//Kepler/005/545/31/kplr002301691-2012179063303_llc.fits [following]
--2018-12-09 13:06:05--  https://exoplanetarchive.ipac.caltech.edu/data/ETSS//Kepler/005/545/31/kplr002301691-2012179063303_llc.fits
Connecting to exoplanetarchive.ipac.caltech.edu (exoplanetarchive.ipac.caltech.edu)|134.4.54.147|:443... connected.
HTTP request sent, awaiting response... 200 OK
Length: 472320 (461K) [image/x-fits]
Saving to: 'kplr002301691-2012179063303_llc.fits'

     0K .......... .......... .......... .......... .......... 10% 42,8K 10s
    50K .......... .......... .......... .......... .......... 21% 86,0K 6s
   100K .......... .......... .......... .......... .......... 32%  128K 4s
   150K .......... .......... .......... .......... .......... 43%  129K 3s
   200K .......... .......... .......... .......... .......... 54%  129K 2s
   250K .......... .......... .......... .......... .......... 65%  241K 2s
   300K .......... .......... .......... .......... .......... 75%  253K 1s
   350K .......... .......... .......... .......... .......... 86%  253K 1s
   400K .......... .......... .......... .......... .......... 97%  131K 0s
   450K .......... .                                          100% 21,3M=3,9s

2018-12-09 13:06:10 (118 KB/s) - 'kplr002301691-2012179063303_llc.fits' saved [472320/472320]

--2018-12-09 13:06:10--  http://exoplanetarchive.ipac.caltech.edu/data/ETSS//Kepler/005/561/98/kplr002301691-2012179063303_llc_lc.tbl
Resolving exoplanetarchive.ipac.caltech.edu (exoplanetarchive.ipac.caltech.edu)... 134.4.54.147
Connecting to exoplanetarchive.ipac.caltech.edu (exoplanetarchive.ipac.caltech.edu)|134.4.54.147|:80... connected.
HTTP request sent, awaiting response... 302 Found
Location: https://exoplanetarchive.ipac.caltech.edu/data/ETSS//Kepler/005/561/98/kplr002301691-2012179063303_llc_lc.tbl [following]
--2018-12-09 13:06:10--  https://exoplanetarchive.ipac.caltech.edu/data/ETSS//Kepler/005/561/98/kplr002301691-2012179063303_llc_lc.tbl
Connecting to exoplanetarchive.ipac.caltech.edu (exoplanetarchive.ipac.caltech.edu)|134.4.54.147|:443... connected.
HTTP request sent, awaiting response... 200 OK
Length: 1429356 (1,4M) [text/plain]
Saving to: 'kplr002301691-2012179063303_llc_lc.tbl'

     0K .......... .......... .......... .......... ..........  3% 43,1K 31s
    50K .......... .......... .......... .......... ..........  7% 85,7K 23s
   100K .......... .......... .......... .......... .......... 10%  128K 18s
   150K .......... .......... .......... .......... .......... 14%  127K 15s
   200K .......... .......... .......... .......... .......... 17%  128K 13s
   250K .......... .......... .......... .......... .......... 21%  130K 12s
   300K .......... .......... .......... .......... .......... 25%  129K 11s
   350K .......... .......... .......... .......... .......... 28%  256K 10s
   400K .......... .......... .......... .......... .......... 32%  130K 9s
   450K .......... .......... .......... .......... .......... 35%  254K 8s
   500K .......... .......... .......... .......... .......... 39%  128K 7s
   550K .......... .......... .......... .......... .......... 42%  249K 7s
   600K .......... .......... .......... .......... .......... 46%  258K 6s
   650K .......... .......... .......... .......... .......... 50%  259K 5s
   700K .......... .......... .......... .......... .......... 53%  258K 5s
   750K .......... .......... .......... .......... .......... 57%  260K 4s
   800K .......... .......... .......... .......... .......... 60%  259K 4s
   850K .......... .......... .......... .......... .......... 64% 6,18M 3s
   900K .......... .......... .......... .......... .......... 68%  257K 3s
   950K .......... .......... .......... .......... .......... 71%  267K 3s
  1000K .......... .......... .......... .......... .......... 75%  263K 2s
  1050K .......... .......... .......... .......... .......... 78% 4,34M 2s
  1100K .......... .......... .......... .......... .......... 82%  266K 1s
  1150K .......... .......... .......... .......... .......... 85% 4,87M 1s
  1200K .......... .......... .......... .......... .......... 89%  264K 1s
  1250K .......... .......... .......... .......... .......... 93%  270K 1s
  1300K .......... .......... .......... .......... .......... 96% 2,51M 0s
  1350K .......... .......... .......... .......... .....     100% 14,3M=7,2s

2018-12-09 13:06:19 (194 KB/s) - 'kplr002301691-2012179063303_llc_lc.tbl' saved [1429356/1429356]

--2018-12-09 13:06:19--  http://exoplanetarchive.ipac.caltech.edu/data/ETSS//Kepler/005/578/66/kplr002301691-2012277125453_llc.fits
Resolving exoplanetarchive.ipac.caltech.edu (exoplanetarchive.ipac.caltech.edu)... 134.4.54.147
Connecting to exoplanetarchive.ipac.caltech.edu (exoplanetarchive.ipac.caltech.edu)|134.4.54.147|:80... connected.
HTTP request sent, awaiting response... 302 Found
Location: https://exoplanetarchive.ipac.caltech.edu/data/ETSS//Kepler/005/578/66/kplr002301691-2012277125453_llc.fits [following]
--2018-12-09 13:06:19--  https://exoplanetarchive.ipac.caltech.edu/data/ETSS//Kepler/005/578/66/kplr002301691-2012277125453_llc.fits
Connecting to exoplanetarchive.ipac.caltech.edu (exoplanetarchive.ipac.caltech.edu)|134.4.54.147|:443... connected.
HTTP request sent, awaiting response... 200 OK
Length: 506880 (495K) [image/x-fits]
Saving to: 'kplr002301691-2012277125453_llc.fits'

     0K .......... .......... .......... .......... .......... 10% 42,9K 10s
    50K .......... .......... .......... .......... .......... 20% 86,0K 7s
   100K .......... .......... .......... .......... .......... 30%  128K 5s
   150K .......... .......... .......... .......... .......... 40% 85,6K 4s
   200K .......... .......... .......... .......... .......... 50%  129K 3s
   250K .......... .......... .......... .......... .......... 60%  251K 2s
   300K .......... .......... .......... .......... .......... 70%  129K 2s
   350K .......... .......... .......... .......... .......... 80%  249K 1s
   400K .......... .......... .......... .......... .......... 90%  242K 0s
   450K .......... .......... .......... .......... .....     100%  234K=4,3s

2018-12-09 13:06:24 (115 KB/s) - 'kplr002301691-2012277125453_llc.fits' saved [506880/506880]

--2018-12-09 13:06:24--  http://exoplanetarchive.ipac.caltech.edu/data/ETSS//Kepler/005/595/36/kplr002301691-2012277125453_llc_lc.tbl
Resolving exoplanetarchive.ipac.caltech.edu (exoplanetarchive.ipac.caltech.edu)... 134.4.54.147
Connecting to exoplanetarchive.ipac.caltech.edu (exoplanetarchive.ipac.caltech.edu)|134.4.54.147|:80... connected.
HTTP request sent, awaiting response... 302 Found
Location: https://exoplanetarchive.ipac.caltech.edu/data/ETSS//Kepler/005/595/36/kplr002301691-2012277125453_llc_lc.tbl [following]
--2018-12-09 13:06:25--  https://exoplanetarchive.ipac.caltech.edu/data/ETSS//Kepler/005/595/36/kplr002301691-2012277125453_llc_lc.tbl
Connecting to exoplanetarchive.ipac.caltech.edu (exoplanetarchive.ipac.caltech.edu)|134.4.54.147|:443... connected.
HTTP request sent, awaiting response... 200 OK
Length: 1537592 (1,5M) [text/plain]
Saving to: 'kplr002301691-2012277125453_llc_lc.tbl'

     0K .......... .......... .......... .......... ..........  3% 43,1K 34s
    50K .......... .......... .......... .......... ..........  6%  129K 22s
   100K .......... .......... .......... .......... ..........  9%  128K 17s
   150K .......... .......... .......... .......... .......... 13%  130K 15s
   200K .......... .......... .......... .......... .......... 16%  242K 13s
   250K .......... .......... .......... .......... .......... 19%  133K 12s
   300K .......... .......... .......... .......... .......... 23%  258K 10s
   350K .......... .......... .......... .......... .......... 26%  252K 9s
   400K .......... .......... .......... .......... .......... 29%  130K 9s
   450K .......... .......... .......... .......... .......... 33% 11,1M 7s
   500K .......... .......... .......... .......... .......... 36%  248K 7s
   550K .......... .......... .......... .......... .......... 39%  259K 6s
   600K .......... .......... .......... .......... .......... 43%  259K 6s
   650K .......... .......... .......... .......... .......... 46%  256K 5s
   700K .......... .......... .......... .......... .......... 49% 10,4M 4s
   750K .......... .......... .......... .......... .......... 53%  258K 4s
   800K .......... .......... .......... .......... .......... 56%  262K 4s
   850K .......... .......... .......... .......... .......... 59%  260K 3s
   900K .......... .......... .......... .......... .......... 63%  259K 3s
   950K .......... .......... .......... .......... .......... 66% 9,05M 3s
  1000K .......... .......... .......... .......... .......... 69%  258K 2s
  1050K .......... .......... .......... .......... .......... 73%  256K 2s
  1100K .......... .......... .......... .......... .......... 76%  261K 2s
  1150K .......... .......... .......... .......... .......... 79% 13,2M 1s
  1200K .......... .......... .......... .......... .......... 83%  259K 1s
  1250K .......... .......... .......... .......... .......... 86% 6,55M 1s
  1300K .......... .......... .......... .......... .......... 89%  269K 1s
  1350K .......... .......... .......... .......... .......... 93% 5,44M 0s
  1400K .......... .......... .......... .......... .......... 96%  258K 0s
  1450K .......... .......... .......... .......... .......... 99% 12,9M 0s
  1500K .                                                     100% 10,1G=6,4s

2018-12-09 13:06:32 (234 KB/s) - 'kplr002301691-2012277125453_llc_lc.tbl' saved [1537592/1537592]

--2018-12-09 13:06:32--  http://exoplanetarchive.ipac.caltech.edu/data/ETSS//Kepler/005/612/05/kplr002301691-2013011073258_llc.fits
Resolving exoplanetarchive.ipac.caltech.edu (exoplanetarchive.ipac.caltech.edu)... 134.4.54.147
Connecting to exoplanetarchive.ipac.caltech.edu (exoplanetarchive.ipac.caltech.edu)|134.4.54.147|:80... connected.
HTTP request sent, awaiting response... 302 Found
Location: https://exoplanetarchive.ipac.caltech.edu/data/ETSS//Kepler/005/612/05/kplr002301691-2013011073258_llc.fits [following]
--2018-12-09 13:06:33--  https://exoplanetarchive.ipac.caltech.edu/data/ETSS//Kepler/005/612/05/kplr002301691-2013011073258_llc.fits
Connecting to exoplanetarchive.ipac.caltech.edu (exoplanetarchive.ipac.caltech.edu)|134.4.54.147|:443... connected.
HTTP request sent, awaiting response... 200 OK
Length: 506880 (495K) [image/x-fits]
Saving to: 'kplr002301691-2013011073258_llc.fits'

     0K .......... .......... .......... .......... .......... 10% 42,6K 10s
    50K .......... .......... .......... .......... .......... 20% 86,0K 7s
   100K .......... .......... .......... .......... .......... 30%  128K 5s
   150K .......... .......... .......... .......... .......... 40%  251K 3s
   200K .......... .......... .......... .......... .......... 50%  129K 3s
   250K .......... .......... .......... .......... .......... 60%  258K 2s
   300K .......... .......... .......... .......... .......... 70%  127K 1s
   350K .......... .......... .......... .......... .......... 80%  259K 1s
   400K .......... .......... .......... .......... .......... 90%  255K 0s
   450K .......... .......... .......... .......... .....     100%  233K=3,9s

2018-12-09 13:06:38 (127 KB/s) - 'kplr002301691-2013011073258_llc.fits' saved [506880/506880]

--2018-12-09 13:06:38--  http://exoplanetarchive.ipac.caltech.edu/data/ETSS//Kepler/005/628/53/kplr002301691-2013011073258_llc_lc.tbl
Resolving exoplanetarchive.ipac.caltech.edu (exoplanetarchive.ipac.caltech.edu)... 134.4.54.147
Connecting to exoplanetarchive.ipac.caltech.edu (exoplanetarchive.ipac.caltech.edu)|134.4.54.147|:80... connected.
HTTP request sent, awaiting response... 302 Found
Location: https://exoplanetarchive.ipac.caltech.edu/data/ETSS//Kepler/005/628/53/kplr002301691-2013011073258_llc_lc.tbl [following]
--2018-12-09 13:06:38--  https://exoplanetarchive.ipac.caltech.edu/data/ETSS//Kepler/005/628/53/kplr002301691-2013011073258_llc_lc.tbl
Connecting to exoplanetarchive.ipac.caltech.edu (exoplanetarchive.ipac.caltech.edu)|134.4.54.147|:443... connected.
HTTP request sent, awaiting response... 200 OK
Length: 1545002 (1,5M) [text/plain]
Saving to: 'kplr002301691-2013011073258_llc_lc.tbl'

     0K .......... .......... .......... .......... ..........  3% 42,7K 34s
    50K .......... .......... .......... .......... ..........  6%  129K 22s
   100K .......... .......... .......... .......... ..........  9%  129K 18s
   150K .......... .......... .......... .......... .......... 13%  128K 15s
   200K .......... .......... .......... .......... .......... 16%  250K 13s
   250K .......... .......... .......... .......... .......... 19%  130K 12s
   300K .......... .......... .......... .......... .......... 23%  256K 10s
   350K .......... .......... .......... .......... .......... 26%  127K 10s
   400K .......... .......... .......... .......... .......... 29%  256K 9s
   450K .......... .......... .......... .......... .......... 33%  129K 8s
   500K .......... .......... .......... .......... .......... 36%  258K 7s
   550K .......... .......... .......... .......... .......... 39%  257K 7s
   600K .......... .......... .......... .......... .......... 43%  255K 6s
   650K .......... .......... .......... .......... .......... 46%  260K 6s
   700K .......... .......... .......... .......... .......... 49% 4,78M 5s
   750K .......... .......... .......... .......... .......... 53%  255K 4s
   800K .......... .......... .......... .......... .......... 56%  257K 4s
   850K .......... .......... .......... .......... .......... 59%  269K 4s
   900K .......... .......... .......... .......... .......... 62%  259K 3s
   950K .......... .......... .......... .......... .......... 66%  257K 3s
  1000K .......... .......... .......... .......... .......... 69% 7,47M 3s
  1050K .......... .......... .......... .......... .......... 72%  251K 2s
  1100K .......... .......... .......... .......... .......... 76%  257K 2s
  1150K .......... .......... .......... .......... .......... 79%  262K 2s
  1200K .......... .......... .......... .......... .......... 82%  257K 1s
  1250K .......... .......... .......... .......... .......... 86% 10,8M 1s
  1300K .......... .......... .......... .......... .......... 89%  260K 1s
  1350K .......... .......... .......... .......... .......... 92% 10,5M 1s
  1400K .......... .......... .......... .......... .......... 96%  260K 0s
  1450K .......... .......... .......... .......... .......... 99% 8,68M 0s
  1500K ........                                              100% 1,04M=7,0s

2018-12-09 13:06:46 (214 KB/s) - 'kplr002301691-2013011073258_llc_lc.tbl' saved [1545002/1545002]

--2018-12-09 13:06:46--  http://exoplanetarchive.ipac.caltech.edu/data/ETSS//Kepler/005/645/00/kplr002301691-2013098041711_llc.fits
Resolving exoplanetarchive.ipac.caltech.edu (exoplanetarchive.ipac.caltech.edu)... 134.4.54.147
Connecting to exoplanetarchive.ipac.caltech.edu (exoplanetarchive.ipac.caltech.edu)|134.4.54.147|:80... connected.
HTTP request sent, awaiting response... 302 Found
Location: https://exoplanetarchive.ipac.caltech.edu/data/ETSS//Kepler/005/645/00/kplr002301691-2013098041711_llc.fits [following]
--2018-12-09 13:06:47--  https://exoplanetarchive.ipac.caltech.edu/data/ETSS//Kepler/005/645/00/kplr002301691-2013098041711_llc.fits
Connecting to exoplanetarchive.ipac.caltech.edu (exoplanetarchive.ipac.caltech.edu)|134.4.54.147|:443... connected.
HTTP request sent, awaiting response... 200 OK
Length: 449280 (439K) [image/x-fits]
Saving to: 'kplr002301691-2013098041711_llc.fits'

     0K .......... .......... .......... .......... .......... 11% 23,2K 17s
    50K .......... .......... .......... .......... .......... 22% 32,5K 13s
   100K .......... .......... .......... .......... .......... 34% 27,9K 11s
   150K .......... .......... .......... .......... .......... 45% 42,9K 8s
   200K .......... .......... .......... .......... .......... 56% 43,3K 6s
   250K .......... .......... .......... .......... .......... 68% 51,8K 4s
   300K .......... .......... .......... .......... .......... 79% 65,1K 2s
   350K .......... .......... .......... .......... .......... 91% 51,7K 1s
   400K .......... .......... .......... ........             100% 67,0K=11s

2018-12-09 13:06:59 (39,6 KB/s) - 'kplr002301691-2013098041711_llc.fits' saved [449280/449280]

--2018-12-09 13:06:59--  http://exoplanetarchive.ipac.caltech.edu/data/ETSS//Kepler/005/661/75/kplr002301691-2013098041711_llc_lc.tbl
Resolving exoplanetarchive.ipac.caltech.edu (exoplanetarchive.ipac.caltech.edu)... 134.4.54.147
Connecting to exoplanetarchive.ipac.caltech.edu (exoplanetarchive.ipac.caltech.edu)|134.4.54.147|:80... connected.
HTTP request sent, awaiting response... 302 Found
Location: https://exoplanetarchive.ipac.caltech.edu/data/ETSS//Kepler/005/661/75/kplr002301691-2013098041711_llc_lc.tbl [following]
--2018-12-09 13:06:59--  https://exoplanetarchive.ipac.caltech.edu/data/ETSS//Kepler/005/661/75/kplr002301691-2013098041711_llc_lc.tbl
Connecting to exoplanetarchive.ipac.caltech.edu (exoplanetarchive.ipac.caltech.edu)|134.4.54.147|:443... connected.
HTTP request sent, awaiting response... 200 OK
Length: 1359191 (1,3M) [text/plain]
Saving to: 'kplr002301691-2013098041711_llc_lc.tbl'

     0K .......... .......... .......... .......... ..........  3% 35,8K 36s
    50K .......... .......... .......... .......... ..........  7% 51,5K 29s
   100K .......... .......... .......... .......... .......... 11% 63,6K 25s
   150K .......... .......... .......... .......... .......... 15% 64,9K 22s
   200K .......... .......... .......... .......... .......... 18% 69,4K 20s
   250K .......... .......... .......... .......... .......... 22% 57,8K 19s
   300K .......... .......... .......... .......... .......... 26% 28,7K 20s
   350K .......... .......... .......... .......... .......... 30% 32,3K 20s
   400K .......... .......... .......... .......... .......... 33% 32,4K 20s
   450K .......... .......... .......... .......... .......... 37% 51,4K 19s
   500K .......... .......... .......... .......... .......... 41% 51,4K 17s
   550K .......... .......... .......... .......... .......... 45% 64,5K 16s
   600K .......... .......... .......... .......... .......... 48% 51,3K 15s
   650K .......... .......... .......... .......... .......... 52% 84,9K 13s
   700K .......... .......... .......... .......... .......... 56% 64,4K 12s
   750K .......... .......... .......... .......... .......... 60% 64,3K 11s
   800K .......... .......... .......... .......... .......... 64% 51,6K 10s
   850K .......... .......... .......... .......... .......... 67% 86,4K 8s
   900K .......... .......... .......... .......... .......... 71% 85,4K 7s
   950K .......... .......... .......... .......... .......... 75% 86,2K 6s
  1000K .......... .......... .......... .......... .......... 79% 86,2K 5s
  1050K .......... .......... .......... .......... .......... 82% 85,8K 4s
  1100K .......... .......... .......... .......... .......... 86%  127K 3s
  1150K .......... .......... .......... .......... .......... 90% 86,6K 2s
  1200K .......... .......... .......... .......... .......... 94% 63,5K 1s
  1250K .......... .......... .......... .......... .......... 97%  128K 0s
  1300K .......... .......... .......                         100%  142K=22s

2018-12-09 13:07:23 (59,3 KB/s) - 'kplr002301691-2013098041711_llc_lc.tbl' saved [1359191/1359191]

--2018-12-09 13:07:23--  http://exoplanetarchive.ipac.caltech.edu/data/ETSS//Kepler/005/678/51/kplr002301691-2013131215648_llc.fits
Resolving exoplanetarchive.ipac.caltech.edu (exoplanetarchive.ipac.caltech.edu)... 134.4.54.147
Connecting to exoplanetarchive.ipac.caltech.edu (exoplanetarchive.ipac.caltech.edu)|134.4.54.147|:80... connected.
HTTP request sent, awaiting response... 302 Found
Location: https://exoplanetarchive.ipac.caltech.edu/data/ETSS//Kepler/005/678/51/kplr002301691-2013131215648_llc.fits [following]
--2018-12-09 13:07:23--  https://exoplanetarchive.ipac.caltech.edu/data/ETSS//Kepler/005/678/51/kplr002301691-2013131215648_llc.fits
Connecting to exoplanetarchive.ipac.caltech.edu (exoplanetarchive.ipac.caltech.edu)|134.4.54.147|:443... connected.
HTTP request sent, awaiting response... 200 OK
Length: 187200 (183K) [image/x-fits]
Saving to: 'kplr002301691-2013131215648_llc.fits'

     0K .......... .......... .......... .......... .......... 27% 42,6K 3s
    50K .......... .......... .......... .......... .......... 54% 85,6K 1s
   100K .......... .......... .......... .......... .......... 82%  127K 0s
   150K .......... .......... .......... ..                   100%  170K=2,3s

2018-12-09 13:07:27 (78,0 KB/s) - 'kplr002301691-2013131215648_llc.fits' saved [187200/187200]

--2018-12-09 13:07:27--  http://exoplanetarchive.ipac.caltech.edu/data/ETSS//Kepler/005/695/27/kplr002301691-2013131215648_llc_lc.tbl
Resolving exoplanetarchive.ipac.caltech.edu (exoplanetarchive.ipac.caltech.edu)... 134.4.54.147
Connecting to exoplanetarchive.ipac.caltech.edu (exoplanetarchive.ipac.caltech.edu)|134.4.54.147|:80... connected.
HTTP request sent, awaiting response... 302 Found
Location: https://exoplanetarchive.ipac.caltech.edu/data/ETSS//Kepler/005/695/27/kplr002301691-2013131215648_llc_lc.tbl [following]
--2018-12-09 13:07:27--  https://exoplanetarchive.ipac.caltech.edu/data/ETSS//Kepler/005/695/27/kplr002301691-2013131215648_llc_lc.tbl
Connecting to exoplanetarchive.ipac.caltech.edu (exoplanetarchive.ipac.caltech.edu)|134.4.54.147|:443... connected.
HTTP request sent, awaiting response... 200 OK
Length: 506679 (495K) [text/plain]
Saving to: 'kplr002301691-2013131215648_llc_lc.tbl'

     0K .......... .......... .......... .......... .......... 10% 42,7K 10s
    50K .......... .......... .......... .......... .......... 20% 86,0K 7s
   100K .......... .......... .......... .......... .......... 30%  128K 5s
   150K .......... .......... .......... .......... .......... 40%  250K 3s
   200K .......... .......... .......... .......... .......... 50%  129K 3s
   250K .......... .......... .......... .......... .......... 60%  249K 2s
   300K .......... .......... .......... .......... .......... 70%  128K 1s
   350K .......... .......... .......... .......... .......... 80%  250K 1s
   400K .......... .......... .......... .......... .......... 90%  129K 0s
   450K .......... .......... .......... .......... ....      100%  230K=4,1s

2018-12-09 13:07:32 (121 KB/s) - 'kplr002301691-2013131215648_llc_lc.tbl' saved [506679/506679]

