--2018-12-09 13:03:00--  http://exoplanetarchive.ipac.caltech.edu/data/ETSS//Kepler/005/148/00/kplr002301985-2009166043257_llc.fits
Resolving exoplanetarchive.ipac.caltech.edu (exoplanetarchive.ipac.caltech.edu)... 134.4.54.147
Connecting to exoplanetarchive.ipac.caltech.edu (exoplanetarchive.ipac.caltech.edu)|134.4.54.147|:80... connected.
HTTP request sent, awaiting response... 302 Found
Location: https://exoplanetarchive.ipac.caltech.edu/data/ETSS//Kepler/005/148/00/kplr002301985-2009166043257_llc.fits [following]
--2018-12-09 13:03:00--  https://exoplanetarchive.ipac.caltech.edu/data/ETSS//Kepler/005/148/00/kplr002301985-2009166043257_llc.fits
Connecting to exoplanetarchive.ipac.caltech.edu (exoplanetarchive.ipac.caltech.edu)|134.4.54.147|:443... connected.
HTTP request sent, awaiting response... 200 OK
Length: 192960 (188K) [image/x-fits]
Saving to: 'kplr002301985-2009166043257_llc.fits'

     0K .......... .......... .......... .......... .......... 26% 41,9K 3s
    50K .......... .......... .......... .......... .......... 53% 84,3K 2s
   100K .......... .......... .......... .......... .......... 79%  126K 1s
   150K .......... .......... .......... ........             100% 2,88M=2,2s

2018-12-09 13:03:04 (85,9 KB/s) - 'kplr002301985-2009166043257_llc.fits' saved [192960/192960]

--2018-12-09 13:03:04--  http://exoplanetarchive.ipac.caltech.edu/data/ETSS//Kepler/005/163/62/kplr002301985-2009166043257_llc_lc.tbl
Resolving exoplanetarchive.ipac.caltech.edu (exoplanetarchive.ipac.caltech.edu)... 134.4.54.147
Connecting to exoplanetarchive.ipac.caltech.edu (exoplanetarchive.ipac.caltech.edu)|134.4.54.147|:80... connected.
HTTP request sent, awaiting response... 302 Found
Location: https://exoplanetarchive.ipac.caltech.edu/data/ETSS//Kepler/005/163/62/kplr002301985-2009166043257_llc_lc.tbl [following]
--2018-12-09 13:03:04--  https://exoplanetarchive.ipac.caltech.edu/data/ETSS//Kepler/005/163/62/kplr002301985-2009166043257_llc_lc.tbl
Connecting to exoplanetarchive.ipac.caltech.edu (exoplanetarchive.ipac.caltech.edu)|134.4.54.147|:443... connected.
HTTP request sent, awaiting response... 200 OK
Length: 533376 (521K) [text/plain]
Saving to: 'kplr002301985-2009166043257_llc_lc.tbl'

     0K .......... .......... .......... .......... ..........  9% 42,7K 11s
    50K .......... .......... .......... .......... .......... 19% 85,3K 7s
   100K .......... .......... .......... .......... .......... 28%  205K 5s
   150K .......... .......... .......... .......... .......... 38%  144K 4s
   200K .......... .......... .......... .......... .......... 47%  250K 3s
   250K .......... .......... .......... .......... .......... 57%  132K 2s
   300K .......... .......... .......... .......... .......... 67%  251K 2s
   350K .......... .......... .......... .......... .......... 76%  257K 1s
   400K .......... .......... .......... .......... .......... 86%  257K 1s
   450K .......... .......... .......... .......... .......... 95%  261K 0s
   500K .......... ..........                                 100% 17,6M=3,7s

2018-12-09 13:03:09 (140 KB/s) - 'kplr002301985-2009166043257_llc_lc.tbl' saved [533376/533376]

--2018-12-09 13:03:09--  http://exoplanetarchive.ipac.caltech.edu/data/ETSS//Kepler/005/212/52/kplr002301985-2009259160929_llc.fits
Resolving exoplanetarchive.ipac.caltech.edu (exoplanetarchive.ipac.caltech.edu)... 134.4.54.147
Connecting to exoplanetarchive.ipac.caltech.edu (exoplanetarchive.ipac.caltech.edu)|134.4.54.147|:80... connected.
HTTP request sent, awaiting response... 302 Found
Location: https://exoplanetarchive.ipac.caltech.edu/data/ETSS//Kepler/005/212/52/kplr002301985-2009259160929_llc.fits [following]
--2018-12-09 13:03:10--  https://exoplanetarchive.ipac.caltech.edu/data/ETSS//Kepler/005/212/52/kplr002301985-2009259160929_llc.fits
Connecting to exoplanetarchive.ipac.caltech.edu (exoplanetarchive.ipac.caltech.edu)|134.4.54.147|:443... connected.
HTTP request sent, awaiting response... 200 OK
Length: 466560 (456K) [image/x-fits]
Saving to: 'kplr002301985-2009259160929_llc.fits'

     0K .......... .......... .......... .......... .......... 10% 42,6K 10s
    50K .......... .......... .......... .......... .......... 21%  127K 6s
   100K .......... .......... .......... .......... .......... 32%  127K 4s
   150K .......... .......... .......... .......... .......... 43%  243K 3s
   200K .......... .......... .......... .......... .......... 54%  132K 2s
   250K .......... .......... .......... .......... .......... 65%  233K 1s
   300K .......... .......... .......... .......... .......... 76%  276K 1s
   350K .......... .......... .......... .......... .......... 87%  254K 0s
   400K .......... .......... .......... .......... .......... 98%  251K 0s
   450K .....                                                 100% 36,6G=3,3s

2018-12-09 13:03:14 (137 KB/s) - 'kplr002301985-2009259160929_llc.fits' saved [466560/466560]

--2018-12-09 13:03:14--  http://exoplanetarchive.ipac.caltech.edu/data/ETSS//Kepler/005/229/16/kplr002301985-2009259160929_llc_lc.tbl
Resolving exoplanetarchive.ipac.caltech.edu (exoplanetarchive.ipac.caltech.edu)... 134.4.54.147
Connecting to exoplanetarchive.ipac.caltech.edu (exoplanetarchive.ipac.caltech.edu)|134.4.54.147|:80... connected.
HTTP request sent, awaiting response... 302 Found
Location: https://exoplanetarchive.ipac.caltech.edu/data/ETSS//Kepler/005/229/16/kplr002301985-2009259160929_llc_lc.tbl [following]
--2018-12-09 13:03:15--  https://exoplanetarchive.ipac.caltech.edu/data/ETSS//Kepler/005/229/16/kplr002301985-2009259160929_llc_lc.tbl
Connecting to exoplanetarchive.ipac.caltech.edu (exoplanetarchive.ipac.caltech.edu)|134.4.54.147|:443... connected.
HTTP request sent, awaiting response... 200 OK
Length: 1407800 (1,3M) [text/plain]
Saving to: 'kplr002301985-2009259160929_llc_lc.tbl'

     0K .......... .......... .......... .......... ..........  3% 42,9K 31s
    50K .......... .......... .......... .......... ..........  7% 85,5K 22s
   100K .......... .......... .......... .......... .......... 10%  129K 17s
   150K .......... .......... .......... .......... .......... 14%  251K 14s
   200K .......... .......... .......... .......... .......... 18%  131K 12s
   250K .......... .......... .......... .......... .......... 21%  257K 10s
   300K .......... .......... .......... .......... .......... 25%  128K 10s
   350K .......... .......... .......... .......... .......... 29%  257K 9s
   400K .......... .......... .......... .......... .......... 32%  129K 8s
   450K .......... .......... .......... .......... .......... 36%  254K 7s
   500K .......... .......... .......... .......... .......... 40%  257K 6s
   550K .......... .......... .......... .......... .......... 43%  255K 6s
   600K .......... .......... .......... .......... .......... 47% 9,98M 5s
   650K .......... .......... .......... .......... .......... 50%  253K 5s
   700K .......... .......... .......... .......... .......... 54%  254K 4s
   750K .......... .......... .......... .......... .......... 58%  258K 4s
   800K .......... .......... .......... .......... .......... 61%  255K 3s
   850K .......... .......... .......... .......... .......... 65%  251K 3s
   900K .......... .......... .......... .......... .......... 69%  261K 3s
   950K .......... .......... .......... .......... .......... 72% 4,28M 2s
  1000K .......... .......... .......... .......... .......... 76%  255K 2s
  1050K .......... .......... .......... .......... .......... 80%  273K 2s
  1100K .......... .......... .......... .......... .......... 83%  259K 1s
  1150K .......... .......... .......... .......... .......... 87%  259K 1s
  1200K .......... .......... .......... .......... .......... 90% 9,97M 1s
  1250K .......... .......... .......... .......... .......... 94%  263K 0s
  1300K .......... .......... .......... .......... .......... 98% 9,37M 0s
  1350K .......... .......... ....                            100%  131K=6,8s

2018-12-09 13:03:22 (201 KB/s) - 'kplr002301985-2009259160929_llc_lc.tbl' saved [1407800/1407800]

--2018-12-09 13:03:23--  http://exoplanetarchive.ipac.caltech.edu/data/ETSS//Kepler/005/245/79/kplr002301985-2009350155506_llc.fits
Resolving exoplanetarchive.ipac.caltech.edu (exoplanetarchive.ipac.caltech.edu)... 134.4.54.147
Connecting to exoplanetarchive.ipac.caltech.edu (exoplanetarchive.ipac.caltech.edu)|134.4.54.147|:80... connected.
HTTP request sent, awaiting response... 302 Found
Location: https://exoplanetarchive.ipac.caltech.edu/data/ETSS//Kepler/005/245/79/kplr002301985-2009350155506_llc.fits [following]
--2018-12-09 13:03:23--  https://exoplanetarchive.ipac.caltech.edu/data/ETSS//Kepler/005/245/79/kplr002301985-2009350155506_llc.fits
Connecting to exoplanetarchive.ipac.caltech.edu (exoplanetarchive.ipac.caltech.edu)|134.4.54.147|:443... connected.
HTTP request sent, awaiting response... 200 OK
Length: 466560 (456K) [image/x-fits]
Saving to: 'kplr002301985-2009350155506_llc.fits'

     0K .......... .......... .......... .......... .......... 10% 42,6K 10s
    50K .......... .......... .......... .......... .......... 21% 85,5K 6s
   100K .......... .......... .......... .......... .......... 32%  128K 4s
   150K .......... .......... .......... .......... .......... 43%  129K 3s
   200K .......... .......... .......... .......... .......... 54%  257K 2s
   250K .......... .......... .......... .......... .......... 65%  128K 2s
   300K .......... .......... .......... .......... .......... 76%  253K 1s
   350K .......... .......... .......... .......... .......... 87%  250K 0s
   400K .......... .......... .......... .......... .......... 98%  256K 0s
   450K .....                                                 100% 36,6G=3,7s

2018-12-09 13:03:28 (123 KB/s) - 'kplr002301985-2009350155506_llc.fits' saved [466560/466560]

--2018-12-09 13:03:28--  http://exoplanetarchive.ipac.caltech.edu/data/ETSS//Kepler/005/262/35/kplr002301985-2009350155506_llc_lc.tbl
Resolving exoplanetarchive.ipac.caltech.edu (exoplanetarchive.ipac.caltech.edu)... 134.4.54.147
Connecting to exoplanetarchive.ipac.caltech.edu (exoplanetarchive.ipac.caltech.edu)|134.4.54.147|:80... connected.
HTTP request sent, awaiting response... 302 Found
Location: https://exoplanetarchive.ipac.caltech.edu/data/ETSS//Kepler/005/262/35/kplr002301985-2009350155506_llc_lc.tbl [following]
--2018-12-09 13:03:28--  https://exoplanetarchive.ipac.caltech.edu/data/ETSS//Kepler/005/262/35/kplr002301985-2009350155506_llc_lc.tbl
Connecting to exoplanetarchive.ipac.caltech.edu (exoplanetarchive.ipac.caltech.edu)|134.4.54.147|:443... connected.
HTTP request sent, awaiting response... 200 OK
Length: 1412939 (1,3M) [text/plain]
Saving to: 'kplr002301985-2009350155506_llc_lc.tbl'

     0K .......... .......... .......... .......... ..........  3% 42,8K 31s
    50K .......... .......... .......... .......... ..........  7% 83,7K 23s
   100K .......... .......... .......... .......... .......... 10%  128K 18s
   150K .......... .......... .......... .......... .......... 14%  127K 15s
   200K .......... .......... .......... .......... .......... 18%  128K 13s
   250K .......... .......... .......... .......... .......... 21%  128K 12s
   300K .......... .......... .......... .......... .......... 25%  259K 10s
   350K .......... .......... .......... .......... .......... 28%  252K 9s
   400K .......... .......... .......... .......... .......... 32%  129K 8s
   450K .......... .......... .......... .......... .......... 36%  252K 8s
   500K .......... .......... .......... .......... .......... 39%  254K 7s
   550K .......... .......... .......... .......... .......... 43%  257K 6s
   600K .......... .......... .......... .......... .......... 47%  254K 5s
   650K .......... .......... .......... .......... .......... 50%  258K 5s
   700K .......... .......... .......... .......... .......... 54% 12,8M 4s
   750K .......... .......... .......... .......... .......... 57%  256K 4s
   800K .......... .......... .......... .......... .......... 61%  255K 3s
   850K .......... .......... .......... .......... .......... 65%  263K 3s
   900K .......... .......... .......... .......... .......... 68% 4,23M 3s
   950K .......... .......... .......... .......... .......... 72%  263K 2s
  1000K .......... .......... .......... .......... .......... 76%  260K 2s
  1050K .......... .......... .......... .......... .......... 79% 10,6M 2s
  1100K .......... .......... .......... .......... .......... 83%  260K 1s
  1150K .......... .......... .......... .......... .......... 86% 5,18M 1s
  1200K .......... .......... .......... .......... .......... 90%  267K 1s
  1250K .......... .......... .......... .......... .......... 94%  266K 0s
  1300K .......... .......... .......... .......... .......... 97% 3,93M 0s
  1350K .......... .......... .........                       100% 6,68M=6,7s

2018-12-09 13:03:36 (207 KB/s) - 'kplr002301985-2009350155506_llc_lc.tbl' saved [1412939/1412939]

--2018-12-09 13:03:36--  http://exoplanetarchive.ipac.caltech.edu/data/ETSS//Kepler/005/345/07/kplr002301985-2010078095331_llc.fits
Resolving exoplanetarchive.ipac.caltech.edu (exoplanetarchive.ipac.caltech.edu)... 134.4.54.147
Connecting to exoplanetarchive.ipac.caltech.edu (exoplanetarchive.ipac.caltech.edu)|134.4.54.147|:80... connected.
HTTP request sent, awaiting response... 302 Found
Location: https://exoplanetarchive.ipac.caltech.edu/data/ETSS//Kepler/005/345/07/kplr002301985-2010078095331_llc.fits [following]
--2018-12-09 13:03:36--  https://exoplanetarchive.ipac.caltech.edu/data/ETSS//Kepler/005/345/07/kplr002301985-2010078095331_llc.fits
Connecting to exoplanetarchive.ipac.caltech.edu (exoplanetarchive.ipac.caltech.edu)|134.4.54.147|:443... connected.
HTTP request sent, awaiting response... 200 OK
Length: 469440 (458K) [image/x-fits]
Saving to: 'kplr002301985-2010078095331_llc.fits'

     0K .......... .......... .......... .......... .......... 10% 42,5K 10s
    50K .......... .......... .......... .......... .......... 21% 86,6K 6s
   100K .......... .......... .......... .......... .......... 32%  129K 4s
   150K .......... .......... .......... .......... .......... 43%  252K 3s
   200K .......... .......... .......... .......... .......... 54%  128K 2s
   250K .......... .......... .......... .......... .......... 65%  255K 2s
   300K .......... .......... .......... .......... .......... 76%  130K 1s
   350K .......... .......... .......... .......... .......... 87%  250K 1s
   400K .......... .......... .......... .......... .......... 98%  128K 0s
   450K ........                                              100% 17,7M=3,9s

2018-12-09 13:03:41 (117 KB/s) - 'kplr002301985-2010078095331_llc.fits' saved [469440/469440]

--2018-12-09 13:03:41--  http://exoplanetarchive.ipac.caltech.edu/data/ETSS//Kepler/005/362/06/kplr002301985-2010078095331_llc_lc.tbl
Resolving exoplanetarchive.ipac.caltech.edu (exoplanetarchive.ipac.caltech.edu)... 134.4.54.147
Connecting to exoplanetarchive.ipac.caltech.edu (exoplanetarchive.ipac.caltech.edu)|134.4.54.147|:80... connected.
HTTP request sent, awaiting response... 302 Found
Location: https://exoplanetarchive.ipac.caltech.edu/data/ETSS//Kepler/005/362/06/kplr002301985-2010078095331_llc_lc.tbl [following]
--2018-12-09 13:03:42--  https://exoplanetarchive.ipac.caltech.edu/data/ETSS//Kepler/005/362/06/kplr002301985-2010078095331_llc_lc.tbl
Connecting to exoplanetarchive.ipac.caltech.edu (exoplanetarchive.ipac.caltech.edu)|134.4.54.147|:443... connected.
HTTP request sent, awaiting response... 200 OK
Length: 1421627 (1,4M) [text/plain]
Saving to: 'kplr002301985-2010078095331_llc_lc.tbl'

     0K .......... .......... .......... .......... ..........  3% 42,6K 31s
    50K .......... .......... .......... .......... ..........  7% 85,6K 23s
   100K .......... .......... .......... .......... .......... 10%  127K 18s
   150K .......... .......... .......... .......... .......... 14%  129K 15s
   200K .......... .......... .......... .......... .......... 18%  129K 13s
   250K .......... .......... .......... .......... .......... 21%  249K 11s
   300K .......... .......... .......... .......... .......... 25%  127K 10s
   350K .......... .......... .......... .......... .......... 28%  250K 9s
   400K .......... .......... .......... .......... .......... 32%  130K 9s
   450K .......... .......... .......... .......... .......... 36%  260K 8s
   500K .......... .......... .......... .......... .......... 39%  259K 7s
   550K .......... .......... .......... .......... .......... 43%  259K 6s
   600K .......... .......... .......... .......... .......... 46% 2,00M 5s
   650K .......... .......... .......... .......... .......... 50%  261K 5s
   700K .......... .......... .......... .......... .......... 54%  258K 4s
   750K .......... .......... .......... .......... .......... 57%  282K 4s
   800K .......... .......... .......... .......... .......... 61%  257K 3s
   850K .......... .......... .......... .......... .......... 64% 2,92M 3s
   900K .......... .......... .......... .......... .......... 68%  262K 3s
   950K .......... .......... .......... .......... .......... 72%  272K 2s
  1000K .......... .......... .......... .......... .......... 75%  259K 2s
  1050K .......... .......... .......... .......... .......... 79% 4,00M 2s
  1100K .......... .......... .......... .......... .......... 82%  264K 1s
  1150K .......... .......... .......... .......... .......... 86%  260K 1s
  1200K .......... .......... .......... .......... .......... 90% 3,32M 1s
  1250K .......... .......... .......... .......... .......... 93%  269K 0s
  1300K .......... .......... .......... .......... .......... 97% 6,95M 0s
  1350K .......... .......... .......... ........             100% 12,1M=6,7s

2018-12-09 13:03:49 (209 KB/s) - 'kplr002301985-2010078095331_llc_lc.tbl' saved [1421627/1421627]

--2018-12-09 13:03:50--  http://exoplanetarchive.ipac.caltech.edu/data/ETSS//Kepler/005/179/26/kplr002301985-2010174085026_llc.fits
Resolving exoplanetarchive.ipac.caltech.edu (exoplanetarchive.ipac.caltech.edu)... 134.4.54.147
Connecting to exoplanetarchive.ipac.caltech.edu (exoplanetarchive.ipac.caltech.edu)|134.4.54.147|:80... connected.
HTTP request sent, awaiting response... 302 Found
Location: https://exoplanetarchive.ipac.caltech.edu/data/ETSS//Kepler/005/179/26/kplr002301985-2010174085026_llc.fits [following]
--2018-12-09 13:03:50--  https://exoplanetarchive.ipac.caltech.edu/data/ETSS//Kepler/005/179/26/kplr002301985-2010174085026_llc.fits
Connecting to exoplanetarchive.ipac.caltech.edu (exoplanetarchive.ipac.caltech.edu)|134.4.54.147|:443... connected.
HTTP request sent, awaiting response... 200 OK
Length: 492480 (481K) [image/x-fits]
Saving to: 'kplr002301985-2010174085026_llc.fits'

     0K .......... .......... .......... .......... .......... 10% 42,8K 10s
    50K .......... .......... .......... .......... .......... 20% 85,9K 7s
   100K .......... .......... .......... .......... .......... 31%  127K 5s
   150K .......... .......... .......... .......... .......... 41%  126K 4s
   200K .......... .......... .......... .......... .......... 51%  130K 3s
   250K .......... .......... .......... .......... .......... 62%  129K 2s
   300K .......... .......... .......... .......... .......... 72%  256K 1s
   350K .......... .......... .......... .......... .......... 83%  128K 1s
   400K .......... .......... .......... .......... .......... 93%  129K 0s
   450K .......... .......... ..........                      100% 11,8M=4,3s

2018-12-09 13:03:55 (112 KB/s) - 'kplr002301985-2010174085026_llc.fits' saved [492480/492480]

--2018-12-09 13:03:55--  http://exoplanetarchive.ipac.caltech.edu/data/ETSS//Kepler/005/195/89/kplr002301985-2010174085026_llc_lc.tbl
Resolving exoplanetarchive.ipac.caltech.edu (exoplanetarchive.ipac.caltech.edu)... 134.4.54.147
Connecting to exoplanetarchive.ipac.caltech.edu (exoplanetarchive.ipac.caltech.edu)|134.4.54.147|:80... connected.
HTTP request sent, awaiting response... 302 Found
Location: https://exoplanetarchive.ipac.caltech.edu/data/ETSS//Kepler/005/195/89/kplr002301985-2010174085026_llc_lc.tbl [following]
--2018-12-09 13:03:56--  https://exoplanetarchive.ipac.caltech.edu/data/ETSS//Kepler/005/195/89/kplr002301985-2010174085026_llc_lc.tbl
Connecting to exoplanetarchive.ipac.caltech.edu (exoplanetarchive.ipac.caltech.edu)|134.4.54.147|:443... connected.
HTTP request sent, awaiting response... 200 OK
Length: 1497938 (1,4M) [text/plain]
Saving to: 'kplr002301985-2010174085026_llc_lc.tbl'

     0K .......... .......... .......... .......... ..........  3% 41,2K 34s
    50K .......... .......... .......... .......... ..........  6% 84,8K 25s
   100K .......... .......... .......... .......... .......... 10%  127K 19s
   150K .......... .......... .......... .......... .......... 13%  126K 16s
   200K .......... .......... .......... .......... .......... 17%  128K 14s
   250K .......... .......... .......... .......... .......... 20%  128K 13s
   300K .......... .......... .......... .......... .......... 23%  127K 12s
   350K .......... .......... .......... .......... .......... 27%  253K 11s
   400K .......... .......... .......... .......... .......... 30%  126K 10s
   450K .......... .......... .......... .......... .......... 34%  128K 9s
   500K .......... .......... .......... .......... .......... 37%  258K 8s
   550K .......... .......... .......... .......... .......... 41%  253K 7s
   600K .......... .......... .......... .......... .......... 44%  252K 7s
   650K .......... .......... .......... .......... .......... 47%  260K 6s
   700K .......... .......... .......... .......... .......... 51% 9,50M 5s
   750K .......... .......... .......... .......... .......... 54%  255K 5s
   800K .......... .......... .......... .......... .......... 58%  252K 4s
   850K .......... .......... .......... .......... .......... 61%  257K 4s
   900K .......... .......... .......... .......... .......... 64%  260K 3s
   950K .......... .......... .......... .......... .......... 68% 4,64M 3s
  1000K .......... .......... .......... .......... .......... 71%  129K 3s
  1050K .......... .......... .......... .......... .......... 75%  257K 2s
  1100K .......... .......... .......... .......... .......... 78% 42,7K 2s
  1150K .......... .......... .......... .......... .......... 82% 64,1K 2s
  1200K .......... .......... .......... .......... .......... 85% 86,3K 2s
  1250K .......... .......... .......... .......... .......... 88%  129K 1s
  1300K .......... .......... .......... .......... .......... 92%  252K 1s
  1350K .......... .......... .......... .......... .......... 95%  130K 0s
  1400K .......... .......... .......... .......... .......... 99%  257K 0s
  1450K .......... ..                                         100% 23,5M=11s

2018-12-09 13:04:07 (138 KB/s) - 'kplr002301985-2010174085026_llc_lc.tbl' saved [1497938/1497938]

--2018-12-09 13:04:07--  http://exoplanetarchive.ipac.caltech.edu/data/ETSS//Kepler/005/379/06/kplr002301985-2010265121752_llc.fits
Resolving exoplanetarchive.ipac.caltech.edu (exoplanetarchive.ipac.caltech.edu)... 134.4.54.147
Connecting to exoplanetarchive.ipac.caltech.edu (exoplanetarchive.ipac.caltech.edu)|134.4.54.147|:80... connected.
HTTP request sent, awaiting response... 302 Found
Location: https://exoplanetarchive.ipac.caltech.edu/data/ETSS//Kepler/005/379/06/kplr002301985-2010265121752_llc.fits [following]
--2018-12-09 13:04:08--  https://exoplanetarchive.ipac.caltech.edu/data/ETSS//Kepler/005/379/06/kplr002301985-2010265121752_llc.fits
Connecting to exoplanetarchive.ipac.caltech.edu (exoplanetarchive.ipac.caltech.edu)|134.4.54.147|:443... connected.
HTTP request sent, awaiting response... 200 OK
Length: 469440 (458K) [image/x-fits]
Saving to: 'kplr002301985-2010265121752_llc.fits'

     0K .......... .......... .......... .......... .......... 10% 42,7K 10s
    50K .......... .......... .......... .......... .......... 21% 86,1K 6s
   100K .......... .......... .......... .......... .......... 32%  128K 4s
   150K .......... .......... .......... .......... .......... 43%  129K 3s
   200K .......... .......... .......... .......... .......... 54%  253K 2s
   250K .......... .......... .......... .......... .......... 65%  130K 2s
   300K .......... .......... .......... .......... .......... 76%  249K 1s
   350K .......... .......... .......... .......... .......... 87%  256K 1s
   400K .......... .......... .......... .......... .......... 98%  252K 0s
   450K ........                                              100% 16,3M=3,7s

2018-12-09 13:04:13 (124 KB/s) - 'kplr002301985-2010265121752_llc.fits' saved [469440/469440]

--2018-12-09 13:04:13--  http://exoplanetarchive.ipac.caltech.edu/data/ETSS//Kepler/005/395/59/kplr002301985-2010265121752_llc_lc.tbl
Resolving exoplanetarchive.ipac.caltech.edu (exoplanetarchive.ipac.caltech.edu)... 134.4.54.147
Connecting to exoplanetarchive.ipac.caltech.edu (exoplanetarchive.ipac.caltech.edu)|134.4.54.147|:80... connected.
HTTP request sent, awaiting response... 302 Found
Location: https://exoplanetarchive.ipac.caltech.edu/data/ETSS//Kepler/005/395/59/kplr002301985-2010265121752_llc_lc.tbl [following]
--2018-12-09 13:04:13--  https://exoplanetarchive.ipac.caltech.edu/data/ETSS//Kepler/005/395/59/kplr002301985-2010265121752_llc_lc.tbl
Connecting to exoplanetarchive.ipac.caltech.edu (exoplanetarchive.ipac.caltech.edu)|134.4.54.147|:443... connected.
HTTP request sent, awaiting response... 200 OK
Length: 1421975 (1,4M) [text/plain]
Saving to: 'kplr002301985-2010265121752_llc_lc.tbl'

     0K .......... .......... .......... .......... ..........  3% 42,9K 31s
    50K .......... .......... .......... .......... ..........  7% 85,0K 23s
   100K .......... .......... .......... .......... .......... 10%  126K 18s
   150K .......... .......... .......... .......... .......... 14%  127K 15s
   200K .......... .......... .......... .......... .......... 18% 51,4K 16s
   250K .......... .......... .......... .......... .......... 21% 63,8K 16s
   300K .......... .......... .......... .......... .......... 25% 22,9K 19s
   350K .......... .......... .......... .......... .......... 28% 32,2K 20s
   400K .......... .......... .......... .......... .......... 32% 36,9K 20s
   450K .......... .......... .......... .......... .......... 36% 51,1K 18s
   500K .......... .......... .......... .......... .......... 39% 31,1K 18s
   550K .......... .......... .......... .......... .......... 43% 31,9K 18s
   600K .......... .......... .......... .......... .......... 46% 42,1K 17s
   650K .......... .......... .......... .......... .......... 50% 51,1K 15s
   700K .......... .......... .......... .......... .......... 54% 28,4K 15s
   750K .......... .......... .......... .......... .......... 57% 36,2K 14s
   800K .......... .......... .......... .......... .......... 61% 36,4K 13s
   850K .......... .......... .......... .......... .......... 64% 51,4K 12s
   900K .......... .......... .......... .......... .......... 68% 51,0K 10s
   950K .......... .......... .......... .......... .......... 72% 63,4K 9s
  1000K .......... .......... .......... .......... .......... 75% 51,2K 8s
  1050K .......... .......... .......... .......... .......... 79% 64,0K 6s
  1100K .......... .......... .......... .......... .......... 82% 85,0K 5s
  1150K .......... .......... .......... .......... .......... 86% 64,5K 4s
  1200K .......... .......... .......... .......... .......... 90% 64,7K 3s
  1250K .......... .......... .......... .......... .......... 93% 85,0K 2s
  1300K .......... .......... .......... .......... .......... 97% 85,6K 1s
  1350K .......... .......... .......... ........             100% 99,2K=28s

2018-12-09 13:04:43 (48,8 KB/s) - 'kplr002301985-2010265121752_llc_lc.tbl' saved [1421975/1421975]

--2018-12-09 13:04:43--  http://exoplanetarchive.ipac.caltech.edu/data/ETSS//Kepler/005/278/93/kplr002301985-2010355172524_llc.fits
Resolving exoplanetarchive.ipac.caltech.edu (exoplanetarchive.ipac.caltech.edu)... 134.4.54.147
Connecting to exoplanetarchive.ipac.caltech.edu (exoplanetarchive.ipac.caltech.edu)|134.4.54.147|:80... connected.
HTTP request sent, awaiting response... 302 Found
Location: https://exoplanetarchive.ipac.caltech.edu/data/ETSS//Kepler/005/278/93/kplr002301985-2010355172524_llc.fits [following]
--2018-12-09 13:04:43--  https://exoplanetarchive.ipac.caltech.edu/data/ETSS//Kepler/005/278/93/kplr002301985-2010355172524_llc.fits
Connecting to exoplanetarchive.ipac.caltech.edu (exoplanetarchive.ipac.caltech.edu)|134.4.54.147|:443... connected.
HTTP request sent, awaiting response... 200 OK
Length: 466560 (456K) [image/x-fits]
Saving to: 'kplr002301985-2010355172524_llc.fits'

     0K .......... .......... .......... .......... .......... 10% 36,6K 11s
    50K .......... .......... .......... .......... .......... 21% 32,2K 10s
   100K .......... .......... .......... .......... .......... 32% 42,9K 8s
   150K .......... .......... .......... .......... .......... 43% 36,9K 7s
   200K .......... .......... .......... .......... .......... 54% 25,0K 6s
   250K .......... .......... .......... .......... .......... 65% 32,1K 5s
   300K .......... .......... .......... .......... .......... 76% 42,9K 3s
   350K .......... .......... .......... .......... .......... 87% 51,8K 2s
   400K .......... .......... .......... .......... .......... 98% 37,0K 0s
   450K .....                                                 100% 36,6G=12s

2018-12-09 13:04:57 (36,5 KB/s) - 'kplr002301985-2010355172524_llc.fits' saved [466560/466560]

--2018-12-09 13:04:57--  http://exoplanetarchive.ipac.caltech.edu/data/ETSS//Kepler/005/295/27/kplr002301985-2010355172524_llc_lc.tbl
Resolving exoplanetarchive.ipac.caltech.edu (exoplanetarchive.ipac.caltech.edu)... 134.4.54.147
Connecting to exoplanetarchive.ipac.caltech.edu (exoplanetarchive.ipac.caltech.edu)|134.4.54.147|:80... connected.
HTTP request sent, awaiting response... 302 Found
Location: https://exoplanetarchive.ipac.caltech.edu/data/ETSS//Kepler/005/295/27/kplr002301985-2010355172524_llc_lc.tbl [following]
--2018-12-09 13:04:57--  https://exoplanetarchive.ipac.caltech.edu/data/ETSS//Kepler/005/295/27/kplr002301985-2010355172524_llc_lc.tbl
Connecting to exoplanetarchive.ipac.caltech.edu (exoplanetarchive.ipac.caltech.edu)|134.4.54.147|:443... connected.
HTTP request sent, awaiting response... 200 OK
Length: 1414572 (1,3M) [text/plain]
Saving to: 'kplr002301985-2010355172524_llc_lc.tbl'

     0K .......... .......... .......... .......... ..........  3% 42,4K 31s
    50K .......... .......... .......... .......... ..........  7%  114K 21s
   100K .......... .......... .......... .......... .......... 10%  144K 16s
   150K .......... .......... .......... .......... .......... 14%  128K 14s
   200K .......... .......... .......... .......... .......... 18%  252K 12s
   250K .......... .......... .......... .......... .......... 21%  203K 10s
   300K .......... .......... .......... .......... .......... 25%  256K 9s
   350K .......... .......... .......... .......... .......... 28%  248K 8s
   400K .......... .......... .......... .......... .......... 32%  254K 7s
   450K .......... .......... .......... .......... .......... 36%  355K 6s
   500K .......... .......... .......... .......... .......... 39%  258K 6s
   550K .......... .......... .......... .......... .......... 43%  852K 5s
   600K .......... .......... .......... .......... .......... 47%  259K 4s
   650K .......... .......... .......... .......... .......... 50%  336K 4s
   700K .......... .......... .......... .......... .......... 54%  257K 4s
   750K .......... .......... .......... .......... .......... 57% 11,1M 3s
   800K .......... .......... .......... .......... .......... 61%  256K 3s
   850K .......... .......... .......... .......... .......... 65%  259K 3s
   900K .......... .......... .......... .......... .......... 68%  258K 2s
   950K .......... .......... .......... .......... .......... 72% 10,0M 2s
  1000K .......... .......... .......... .......... .......... 76%  257K 2s
  1050K .......... .......... .......... .......... .......... 79% 9,83M 1s
  1100K .......... .......... .......... .......... .......... 83%  262K 1s
  1150K .......... .......... .......... .......... .......... 86% 9,74M 1s
  1200K .......... .......... .......... .......... .......... 90%  259K 1s
  1250K .......... .......... .......... .......... .......... 94% 12,3M 0s
  1300K .......... .......... .......... .......... .......... 97%  261K 0s
  1350K .......... .......... .......... .                    100% 7,73M=5,7s

2018-12-09 13:05:04 (242 KB/s) - 'kplr002301985-2010355172524_llc_lc.tbl' saved [1414572/1414572]

--2018-12-09 13:05:04--  http://exoplanetarchive.ipac.caltech.edu/data/ETSS//Kepler/005/412/12/kplr002301985-2011073133259_llc.fits
Resolving exoplanetarchive.ipac.caltech.edu (exoplanetarchive.ipac.caltech.edu)... 134.4.54.147
Connecting to exoplanetarchive.ipac.caltech.edu (exoplanetarchive.ipac.caltech.edu)|134.4.54.147|:80... connected.
HTTP request sent, awaiting response... 302 Found
Location: https://exoplanetarchive.ipac.caltech.edu/data/ETSS//Kepler/005/412/12/kplr002301985-2011073133259_llc.fits [following]
--2018-12-09 13:05:04--  https://exoplanetarchive.ipac.caltech.edu/data/ETSS//Kepler/005/412/12/kplr002301985-2011073133259_llc.fits
Connecting to exoplanetarchive.ipac.caltech.edu (exoplanetarchive.ipac.caltech.edu)|134.4.54.147|:443... connected.
HTTP request sent, awaiting response... 200 OK
Length: 357120 (349K) [image/x-fits]
Saving to: 'kplr002301985-2011073133259_llc.fits'

     0K .......... .......... .......... .......... .......... 14% 42,5K 7s
    50K .......... .......... .......... .......... .......... 28% 85,3K 4s
   100K .......... .......... .......... .......... .......... 43%  128K 3s
   150K .......... .......... .......... .......... .......... 57%  247K 2s
   200K .......... .......... .......... .......... .......... 71%  130K 1s
   250K .......... .......... .......... .......... .......... 86%  249K 0s
   300K .......... .......... .......... .......... ........  100%  249K=3,1s

2018-12-09 13:05:08 (111 KB/s) - 'kplr002301985-2011073133259_llc.fits' saved [357120/357120]

--2018-12-09 13:05:09--  http://exoplanetarchive.ipac.caltech.edu/data/ETSS//Kepler/005/428/91/kplr002301985-2011073133259_llc_lc.tbl
Resolving exoplanetarchive.ipac.caltech.edu (exoplanetarchive.ipac.caltech.edu)... 134.4.54.147
Connecting to exoplanetarchive.ipac.caltech.edu (exoplanetarchive.ipac.caltech.edu)|134.4.54.147|:80... connected.
HTTP request sent, awaiting response... 302 Found
Location: https://exoplanetarchive.ipac.caltech.edu/data/ETSS//Kepler/005/428/91/kplr002301985-2011073133259_llc_lc.tbl [following]
--2018-12-09 13:05:09--  https://exoplanetarchive.ipac.caltech.edu/data/ETSS//Kepler/005/428/91/kplr002301985-2011073133259_llc_lc.tbl
Connecting to exoplanetarchive.ipac.caltech.edu (exoplanetarchive.ipac.caltech.edu)|134.4.54.147|:443... connected.
HTTP request sent, awaiting response... 200 OK
Length: 1061649 (1,0M) [text/plain]
Saving to: 'kplr002301985-2011073133259_llc_lc.tbl'

     0K .......... .......... .......... .......... ..........  4% 42,9K 23s
    50K .......... .......... .......... .......... ..........  9%  115K 15s
   100K .......... .......... .......... .......... .......... 14% 92,4K 13s
   150K .......... .......... .......... .......... .......... 19% 37,1K 15s
   200K .......... .......... .......... .......... .......... 24% 85,4K 13s
   250K .......... .......... .......... .......... .......... 28%  131K 11s
   300K .......... .......... .......... .......... .......... 33%  129K 10s
   350K .......... .......... .......... .......... .......... 38%  122K 8s
   400K .......... .......... .......... .......... .......... 43% 87,4K 8s
   450K .......... .......... .......... .......... .......... 48%  127K 7s
   500K .......... .......... .......... .......... .......... 53%  128K 6s
   550K .......... .......... .......... .......... .......... 57%  129K 5s
   600K .......... .......... .......... .......... .......... 62%  128K 4s
   650K .......... .......... .......... .......... .......... 67%  129K 4s
   700K .......... .......... .......... .......... .......... 72% 86,0K 3s
   750K .......... .......... .......... .......... .......... 77%  128K 3s
   800K .......... .......... .......... .......... .......... 81%  128K 2s
   850K .......... .......... .......... .......... .......... 86%  132K 1s
   900K .......... .......... .......... .......... .......... 91%  129K 1s
   950K .......... .......... .......... .......... .......... 96%  129K 0s
  1000K .......... .......... .......... ......               100%  190K=10s

2018-12-09 13:05:21 (98,8 KB/s) - 'kplr002301985-2011073133259_llc_lc.tbl' saved [1061649/1061649]

--2018-12-09 13:05:21--  http://exoplanetarchive.ipac.caltech.edu/data/ETSS//Kepler/005/311/60/kplr002301985-2011177032512_llc.fits
Resolving exoplanetarchive.ipac.caltech.edu (exoplanetarchive.ipac.caltech.edu)... 134.4.54.147
Connecting to exoplanetarchive.ipac.caltech.edu (exoplanetarchive.ipac.caltech.edu)|134.4.54.147|:80... connected.
HTTP request sent, awaiting response... 302 Found
Location: https://exoplanetarchive.ipac.caltech.edu/data/ETSS//Kepler/005/311/60/kplr002301985-2011177032512_llc.fits [following]
--2018-12-09 13:05:21--  https://exoplanetarchive.ipac.caltech.edu/data/ETSS//Kepler/005/311/60/kplr002301985-2011177032512_llc.fits
Connecting to exoplanetarchive.ipac.caltech.edu (exoplanetarchive.ipac.caltech.edu)|134.4.54.147|:443... connected.
HTTP request sent, awaiting response... 200 OK
Length: 506880 (495K) [image/x-fits]
Saving to: 'kplr002301985-2011177032512_llc.fits'

     0K .......... .......... .......... .......... .......... 10% 43,1K 10s
    50K .......... .......... .......... .......... .......... 20% 85,3K 7s
   100K .......... .......... .......... .......... .......... 30%  128K 5s
   150K .......... .......... .......... .......... .......... 40%  130K 4s
   200K .......... .......... .......... .......... .......... 50%  129K 3s
   250K .......... .......... .......... .......... .......... 60%  127K 2s
   300K .......... .......... .......... .......... .......... 70% 87,3K 2s
   350K .......... .......... .......... .......... .......... 80% 48,7K 1s
   400K .......... .......... .......... .......... .......... 90% 36,6K 1s
   450K .......... .......... .......... .......... .....     100% 76,8K=6,9s

2018-12-09 13:05:29 (72,2 KB/s) - 'kplr002301985-2011177032512_llc.fits' saved [506880/506880]

--2018-12-09 13:05:29--  http://exoplanetarchive.ipac.caltech.edu/data/ETSS//Kepler/005/328/33/kplr002301985-2011177032512_llc_lc.tbl
Resolving exoplanetarchive.ipac.caltech.edu (exoplanetarchive.ipac.caltech.edu)... 134.4.54.147
Connecting to exoplanetarchive.ipac.caltech.edu (exoplanetarchive.ipac.caltech.edu)|134.4.54.147|:80... connected.
HTTP request sent, awaiting response... 302 Found
Location: https://exoplanetarchive.ipac.caltech.edu/data/ETSS//Kepler/005/328/33/kplr002301985-2011177032512_llc_lc.tbl [following]
--2018-12-09 13:05:29--  https://exoplanetarchive.ipac.caltech.edu/data/ETSS//Kepler/005/328/33/kplr002301985-2011177032512_llc_lc.tbl
Connecting to exoplanetarchive.ipac.caltech.edu (exoplanetarchive.ipac.caltech.edu)|134.4.54.147|:443... connected.
HTTP request sent, awaiting response... 200 OK
Length: 1541106 (1,5M) [text/plain]
Saving to: 'kplr002301985-2011177032512_llc_lc.tbl'

     0K .......... .......... .......... .......... ..........  3% 36,6K 40s
    50K .......... .......... .......... .......... ..........  6% 36,4K 38s
   100K .......... .......... .......... .......... ..........  9% 51,4K 34s
   150K .......... .......... .......... .......... .......... 13% 51,0K 31s
   200K .......... .......... .......... .......... .......... 16% 25,0K 34s
   250K .......... .......... .......... .......... .......... 19% 42,8K 32s
   300K .......... .......... .......... .......... .......... 23% 43,0K 30s
   350K .......... .......... .......... .......... .......... 26% 51,5K 28s
   400K .......... .......... .......... .......... .......... 29% 51,4K 26s
   450K .......... .......... .......... .......... .......... 33% 64,2K 24s
   500K .......... .......... .......... .......... .......... 36% 64,3K 22s
   550K .......... .......... .......... .......... .......... 39% 63,9K 20s
   600K .......... .......... .......... .......... .......... 43% 63,5K 19s
   650K .......... .......... .......... .......... .......... 46% 85,7K 17s
   700K .......... .......... .......... .......... .......... 49% 85,4K 15s
   750K .......... .......... .......... .......... .......... 53% 63,3K 14s
   800K .......... .......... .......... .......... .......... 56% 63,6K 13s
   850K .......... .......... .......... .......... .......... 59% 84,7K 12s
   900K .......... .......... .......... .......... .......... 63%  126K 10s
   950K .......... .......... .......... .......... .......... 66% 49,3K 10s
  1000K .......... .......... .......... .......... .......... 69% 51,1K 9s
  1050K .......... .......... .......... .......... .......... 73% 64,3K 8s
  1100K .......... .......... .......... .......... .......... 76% 51,6K 7s
  1150K .......... .......... .......... .......... .......... 79% 28,1K 6s
  1200K .......... .......... .......... .......... .......... 83% 34,8K 5s
  1250K .......... .......... .......... .......... .......... 86% 54,9K 4s
  1300K .......... .......... .......... .......... .......... 89% 70,5K 3s
  1350K .......... .......... .......... .......... .......... 93% 75,7K 2s
  1400K .......... .......... .......... .......... .......... 96% 84,3K 1s
  1450K .......... .......... .......... .......... .......... 99% 84,9K 0s
  1500K ....                                                  100% 45,7K=28s

2018-12-09 13:05:59 (53,1 KB/s) - 'kplr002301985-2011177032512_llc_lc.tbl' saved [1541106/1541106]

--2018-12-09 13:05:59--  http://exoplanetarchive.ipac.caltech.edu/data/ETSS//Kepler/005/445/70/kplr002301985-2011271113734_llc.fits
Resolving exoplanetarchive.ipac.caltech.edu (exoplanetarchive.ipac.caltech.edu)... 134.4.54.147
Connecting to exoplanetarchive.ipac.caltech.edu (exoplanetarchive.ipac.caltech.edu)|134.4.54.147|:80... connected.
HTTP request sent, awaiting response... 302 Found
Location: https://exoplanetarchive.ipac.caltech.edu/data/ETSS//Kepler/005/445/70/kplr002301985-2011271113734_llc.fits [following]
--2018-12-09 13:05:59--  https://exoplanetarchive.ipac.caltech.edu/data/ETSS//Kepler/005/445/70/kplr002301985-2011271113734_llc.fits
Connecting to exoplanetarchive.ipac.caltech.edu (exoplanetarchive.ipac.caltech.edu)|134.4.54.147|:443... connected.
HTTP request sent, awaiting response... 200 OK
Length: 486720 (475K) [image/x-fits]
Saving to: 'kplr002301985-2011271113734_llc.fits'

     0K .......... .......... .......... .......... .......... 10% 42,4K 10s
    50K .......... .......... .......... .......... .......... 21% 84,3K 7s
   100K .......... .......... .......... .......... .......... 31%  127K 5s
   150K .......... .......... .......... .......... .......... 42%  129K 4s
   200K .......... .......... .......... .......... .......... 52%  126K 3s
   250K .......... .......... .......... .......... .......... 63%  254K 2s
   300K .......... .......... .......... .......... .......... 73%  127K 1s
   350K .......... .......... .......... .......... .......... 84%  255K 1s
   400K .......... .......... .......... .......... .......... 94%  250K 0s
   450K .......... .......... .....                           100% 13,8M=3,9s

2018-12-09 13:06:04 (121 KB/s) - 'kplr002301985-2011271113734_llc.fits' saved [486720/486720]

--2018-12-09 13:06:04--  http://exoplanetarchive.ipac.caltech.edu/data/ETSS//Kepler/005/462/40/kplr002301985-2011271113734_llc_lc.tbl
Resolving exoplanetarchive.ipac.caltech.edu (exoplanetarchive.ipac.caltech.edu)... 134.4.54.147
Connecting to exoplanetarchive.ipac.caltech.edu (exoplanetarchive.ipac.caltech.edu)|134.4.54.147|:80... connected.
HTTP request sent, awaiting response... 302 Found
Location: https://exoplanetarchive.ipac.caltech.edu/data/ETSS//Kepler/005/462/40/kplr002301985-2011271113734_llc_lc.tbl [following]
--2018-12-09 13:06:05--  https://exoplanetarchive.ipac.caltech.edu/data/ETSS//Kepler/005/462/40/kplr002301985-2011271113734_llc_lc.tbl
Connecting to exoplanetarchive.ipac.caltech.edu (exoplanetarchive.ipac.caltech.edu)|134.4.54.147|:443... connected.
HTTP request sent, awaiting response... 200 OK
Length: 1478332 (1,4M) [text/plain]
Saving to: 'kplr002301985-2011271113734_llc_lc.tbl'

     0K .......... .......... .......... .......... ..........  3% 42,8K 33s
    50K .......... .......... .......... .......... ..........  6% 85,3K 24s
   100K .......... .......... .......... .......... .......... 10%  128K 19s
   150K .......... .......... .......... .......... .......... 13% 85,9K 17s
   200K .......... .......... .......... .......... .......... 17%  251K 14s
   250K .......... .......... .......... .......... .......... 20%  128K 13s
   300K .......... .......... .......... .......... .......... 24% 31,5K 15s
   350K .......... .......... .......... .......... .......... 27% 51,6K 15s
   400K .......... .......... .......... .......... .......... 31% 85,6K 14s
   450K .......... .......... .......... .......... .......... 34%  129K 13s
   500K .......... .......... .......... .......... .......... 38%  129K 12s
   550K .......... .......... .......... .......... .......... 41%  127K 11s
   600K .......... .......... .......... .......... .......... 45% 85,9K 10s
   650K .......... .......... .......... .......... .......... 48% 64,3K 10s
   700K .......... .......... .......... .......... .......... 51%  116K 9s
   750K .......... .......... .......... .......... .......... 55% 93,6K 8s
   800K .......... .......... .......... .......... .......... 58% 86,4K 7s
   850K .......... .......... .......... .......... .......... 62%  127K 7s
   900K .......... .......... .......... .......... .......... 65%  116K 6s
   950K .......... .......... .......... .......... .......... 69% 51,9K 5s
  1000K .......... .......... .......... .......... .......... 72% 37,8K 5s
  1050K .......... .......... .......... .......... .......... 76% 58,9K 5s
  1100K .......... .......... .......... .......... .......... 79% 51,4K 4s
  1150K .......... .......... .......... .......... .......... 83% 64,0K 3s
  1200K .......... .......... .......... .......... .......... 86% 51,1K 3s
  1250K .......... .......... .......... .......... .......... 90% 64,6K 2s
  1300K .......... .......... .......... .......... .......... 93% 85,9K 1s
  1350K .......... .......... .......... .......... .......... 96% 64,5K 1s
  1400K .......... .......... .......... .......... ...       100%  112K=20s

2018-12-09 13:06:25 (73,1 KB/s) - 'kplr002301985-2011271113734_llc_lc.tbl' saved [1478332/1478332]

--2018-12-09 13:06:26--  http://exoplanetarchive.ipac.caltech.edu/data/ETSS//Kepler/005/479/09/kplr002301985-2012004120508_llc.fits
Resolving exoplanetarchive.ipac.caltech.edu (exoplanetarchive.ipac.caltech.edu)... 134.4.54.147
Connecting to exoplanetarchive.ipac.caltech.edu (exoplanetarchive.ipac.caltech.edu)|134.4.54.147|:80... connected.
HTTP request sent, awaiting response... 302 Found
Location: https://exoplanetarchive.ipac.caltech.edu/data/ETSS//Kepler/005/479/09/kplr002301985-2012004120508_llc.fits [following]
--2018-12-09 13:06:26--  https://exoplanetarchive.ipac.caltech.edu/data/ETSS//Kepler/005/479/09/kplr002301985-2012004120508_llc.fits
Connecting to exoplanetarchive.ipac.caltech.edu (exoplanetarchive.ipac.caltech.edu)|134.4.54.147|:443... connected.
HTTP request sent, awaiting response... 200 OK
Length: 506880 (495K) [image/x-fits]
Saving to: 'kplr002301985-2012004120508_llc.fits'

     0K .......... .......... .......... .......... .......... 10% 43,2K 10s
    50K .......... .......... .......... .......... .......... 20% 86,0K 7s
   100K .......... .......... .......... .......... .......... 30%  126K 5s
   150K .......... .......... .......... .......... .......... 40%  130K 4s
   200K .......... .......... .......... .......... .......... 50%  248K 3s
   250K .......... .......... .......... .......... .......... 60%  131K 2s
   300K .......... .......... .......... .......... .......... 70%  257K 1s
   350K .......... .......... .......... .......... .......... 80%  130K 1s
   400K .......... .......... .......... .......... .......... 90%  253K 0s
   450K .......... .......... .......... .......... .....     100% 8,52M=3,9s

2018-12-09 13:06:31 (127 KB/s) - 'kplr002301985-2012004120508_llc.fits' saved [506880/506880]

--2018-12-09 13:06:31--  http://exoplanetarchive.ipac.caltech.edu/data/ETSS//Kepler/005/495/51/kplr002301985-2012004120508_llc_lc.tbl
Resolving exoplanetarchive.ipac.caltech.edu (exoplanetarchive.ipac.caltech.edu)... 134.4.54.147
Connecting to exoplanetarchive.ipac.caltech.edu (exoplanetarchive.ipac.caltech.edu)|134.4.54.147|:80... connected.
HTTP request sent, awaiting response... 302 Found
Location: https://exoplanetarchive.ipac.caltech.edu/data/ETSS//Kepler/005/495/51/kplr002301985-2012004120508_llc_lc.tbl [following]
--2018-12-09 13:06:31--  https://exoplanetarchive.ipac.caltech.edu/data/ETSS//Kepler/005/495/51/kplr002301985-2012004120508_llc_lc.tbl
Connecting to exoplanetarchive.ipac.caltech.edu (exoplanetarchive.ipac.caltech.edu)|134.4.54.147|:443... connected.
HTTP request sent, awaiting response... 200 OK
Length: 1536603 (1,5M) [text/plain]
Saving to: 'kplr002301985-2012004120508_llc_lc.tbl'

     0K .......... .......... .......... .......... ..........  3% 42,6K 34s
    50K .......... .......... .......... .......... ..........  6% 86,2K 25s
   100K .......... .......... .......... .......... ..........  9%  208K 18s
   150K .......... .......... .......... .......... .......... 13%  146K 15s
   200K .......... .......... .......... .......... .......... 16%  205K 13s
   250K .......... .......... .......... .......... .......... 19%  253K 11s
   300K .......... .......... .......... .......... .......... 23%  265K 10s
   350K .......... .......... .......... .......... .......... 26%  257K 9s
   400K .......... .......... .......... .......... .......... 29%  258K 8s
   450K .......... .......... .......... .......... .......... 33%  256K 7s
   500K .......... .......... .......... .......... .......... 36%  255K 6s
   550K .......... .......... .......... .......... .......... 39%  256K 6s
   600K .......... .......... .......... .......... .......... 43% 10,8M 5s
   650K .......... .......... .......... .......... .......... 46%  260K 5s
   700K .......... .......... .......... .......... .......... 49%  262K 4s
   750K .......... .......... .......... .......... .......... 53%  260K 4s
   800K .......... .......... .......... .......... .......... 56% 5,80M 3s
   850K .......... .......... .......... .......... .......... 59%  263K 3s
   900K .......... .......... .......... .......... .......... 63% 4,72M 3s
   950K .......... .......... .......... .......... .......... 66%  268K 2s
  1000K .......... .......... .......... .......... .......... 69%  234K 2s
  1050K .......... .......... .......... .......... .......... 73% 12,5M 2s
  1100K .......... .......... .......... .......... .......... 76% 13,8M 2s
  1150K .......... .......... .......... .......... .......... 79%  291K 1s
  1200K .......... .......... .......... .......... .......... 83% 9,21M 1s
  1250K .......... .......... .......... .......... .......... 86%  268K 1s
  1300K .......... .......... .......... .......... .......... 89% 5,51M 1s
  1350K .......... .......... .......... .......... .......... 93%  263K 0s
  1400K .......... .......... .......... .......... .......... 96% 5,98M 0s
  1450K .......... .......... .......... .......... .......... 99% 14,6M 0s
  1500K                                                       100% 3,83G=5,7s

2018-12-09 13:06:38 (263 KB/s) - 'kplr002301985-2012004120508_llc_lc.tbl' saved [1536603/1536603]

--2018-12-09 13:06:38--  http://exoplanetarchive.ipac.caltech.edu/data/ETSS//Kepler/005/511/92/kplr002301985-2012088054726_llc.fits
Resolving exoplanetarchive.ipac.caltech.edu (exoplanetarchive.ipac.caltech.edu)... 134.4.54.147
Connecting to exoplanetarchive.ipac.caltech.edu (exoplanetarchive.ipac.caltech.edu)|134.4.54.147|:80... connected.
HTTP request sent, awaiting response... 302 Found
Location: https://exoplanetarchive.ipac.caltech.edu/data/ETSS//Kepler/005/511/92/kplr002301985-2012088054726_llc.fits [following]
--2018-12-09 13:06:39--  https://exoplanetarchive.ipac.caltech.edu/data/ETSS//Kepler/005/511/92/kplr002301985-2012088054726_llc.fits
Connecting to exoplanetarchive.ipac.caltech.edu (exoplanetarchive.ipac.caltech.edu)|134.4.54.147|:443... connected.
HTTP request sent, awaiting response... 200 OK
Length: 434880 (425K) [image/x-fits]
Saving to: 'kplr002301985-2012088054726_llc.fits'

     0K .......... .......... .......... .......... .......... 11% 42,9K 9s
    50K .......... .......... .......... .......... .......... 23% 85,8K 6s
   100K .......... .......... .......... .......... .......... 35%  127K 4s
   150K .......... .......... .......... .......... .......... 47%  252K 3s
   200K .......... .......... .......... .......... .......... 58%  130K 2s
   250K .......... .......... .......... .......... .......... 70%  251K 1s
   300K .......... .......... .......... .......... .......... 82%  127K 1s
   350K .......... .......... .......... .......... .......... 94%  250K 0s
   400K .......... .......... ....                            100%  128K=3,7s

2018-12-09 13:06:43 (115 KB/s) - 'kplr002301985-2012088054726_llc.fits' saved [434880/434880]

--2018-12-09 13:06:43--  http://exoplanetarchive.ipac.caltech.edu/data/ETSS//Kepler/005/528/62/kplr002301985-2012088054726_llc_lc.tbl
Resolving exoplanetarchive.ipac.caltech.edu (exoplanetarchive.ipac.caltech.edu)... 134.4.54.147
Connecting to exoplanetarchive.ipac.caltech.edu (exoplanetarchive.ipac.caltech.edu)|134.4.54.147|:80... connected.
HTTP request sent, awaiting response... 302 Found
Location: https://exoplanetarchive.ipac.caltech.edu/data/ETSS//Kepler/005/528/62/kplr002301985-2012088054726_llc_lc.tbl [following]
--2018-12-09 13:06:44--  https://exoplanetarchive.ipac.caltech.edu/data/ETSS//Kepler/005/528/62/kplr002301985-2012088054726_llc_lc.tbl
Connecting to exoplanetarchive.ipac.caltech.edu (exoplanetarchive.ipac.caltech.edu)|134.4.54.147|:443... connected.
HTTP request sent, awaiting response... 200 OK
Length: 1307979 (1,2M) [text/plain]
Saving to: 'kplr002301985-2012088054726_llc_lc.tbl'

     0K .......... .......... .......... .......... ..........  3% 42,6K 29s
    50K .......... .......... .......... .......... ..........  7% 85,8K 21s
   100K .......... .......... .......... .......... .......... 11%  129K 16s
   150K .......... .......... .......... .......... .......... 15%  129K 14s
   200K .......... .......... .......... .......... .......... 19%  127K 12s
   250K .......... .......... .......... .......... .......... 23%  128K 11s
   300K .......... .......... .......... .......... .......... 27%  130K 10s
   350K .......... .......... .......... .......... .......... 31%  259K 9s
   400K .......... .......... .......... .......... .......... 35%  129K 8s
   450K .......... .......... .......... .......... .......... 39%  129K 7s
   500K .......... .......... .......... .......... .......... 43%  255K 6s
   550K .......... .......... .......... .......... .......... 46%  254K 6s
   600K .......... .......... .......... .......... .......... 50%  258K 5s
   650K .......... .......... .......... .......... .......... 54%  254K 4s
   700K .......... .......... .......... .......... .......... 58%  256K 4s
   750K .......... .......... .......... .......... .......... 62%  253K 3s
   800K .......... .......... .......... .......... .......... 66%  255K 3s
   850K .......... .......... .......... .......... .......... 70% 7,08M 3s
   900K .......... .......... .......... .......... .......... 74%  256K 2s
   950K .......... .......... .......... .......... .......... 78%  253K 2s
  1000K .......... .......... .......... .......... .......... 82%  253K 1s
  1050K .......... .......... .......... .......... .......... 86%  262K 1s
  1100K .......... .......... .......... .......... .......... 90% 9,20M 1s
  1150K .......... .......... .......... .......... .......... 93%  262K 0s
  1200K .......... .......... .......... .......... .......... 97%  258K 0s
  1250K .......... .......... .......                         100% 4,45M=7,2s

2018-12-09 13:06:52 (177 KB/s) - 'kplr002301985-2012088054726_llc_lc.tbl' saved [1307979/1307979]

--2018-12-09 13:06:52--  http://exoplanetarchive.ipac.caltech.edu/data/ETSS//Kepler/005/545/31/kplr002301985-2012179063303_llc.fits
Resolving exoplanetarchive.ipac.caltech.edu (exoplanetarchive.ipac.caltech.edu)... 134.4.54.147
Connecting to exoplanetarchive.ipac.caltech.edu (exoplanetarchive.ipac.caltech.edu)|134.4.54.147|:80... connected.
HTTP request sent, awaiting response... 302 Found
Location: https://exoplanetarchive.ipac.caltech.edu/data/ETSS//Kepler/005/545/31/kplr002301985-2012179063303_llc.fits [following]
--2018-12-09 13:06:53--  https://exoplanetarchive.ipac.caltech.edu/data/ETSS//Kepler/005/545/31/kplr002301985-2012179063303_llc.fits
Connecting to exoplanetarchive.ipac.caltech.edu (exoplanetarchive.ipac.caltech.edu)|134.4.54.147|:443... connected.
HTTP request sent, awaiting response... 200 OK
Length: 472320 (461K) [image/x-fits]
Saving to: 'kplr002301985-2012179063303_llc.fits'

     0K .......... .......... .......... .......... .......... 10% 42,6K 10s
    50K .......... .......... .......... .......... .......... 21%  106K 6s
   100K .......... .......... .......... .......... .......... 32%  153K 4s
   150K .......... .......... .......... .......... .......... 43%  130K 3s
   200K .......... .......... .......... .......... .......... 54%  255K 2s
   250K .......... .......... .......... .......... .......... 65%  129K 2s
   300K .......... .......... .......... .......... .......... 75%  256K 1s
   350K .......... .......... .......... .......... .......... 86%  250K 1s
   400K .......... .......... .......... .......... .......... 97%  131K 0s
   450K .......... .                                          100% 21,9M=3,7s

2018-12-09 13:06:57 (124 KB/s) - 'kplr002301985-2012179063303_llc.fits' saved [472320/472320]

--2018-12-09 13:06:57--  http://exoplanetarchive.ipac.caltech.edu/data/ETSS//Kepler/005/561/98/kplr002301985-2012179063303_llc_lc.tbl
Resolving exoplanetarchive.ipac.caltech.edu (exoplanetarchive.ipac.caltech.edu)... 134.4.54.147
Connecting to exoplanetarchive.ipac.caltech.edu (exoplanetarchive.ipac.caltech.edu)|134.4.54.147|:80... connected.
HTTP request sent, awaiting response... 302 Found
Location: https://exoplanetarchive.ipac.caltech.edu/data/ETSS//Kepler/005/561/98/kplr002301985-2012179063303_llc_lc.tbl [following]
--2018-12-09 13:06:58--  https://exoplanetarchive.ipac.caltech.edu/data/ETSS//Kepler/005/561/98/kplr002301985-2012179063303_llc_lc.tbl
Connecting to exoplanetarchive.ipac.caltech.edu (exoplanetarchive.ipac.caltech.edu)|134.4.54.147|:443... connected.
HTTP request sent, awaiting response... 200 OK
Length: 1429377 (1,4M) [text/plain]
Saving to: 'kplr002301985-2012179063303_llc_lc.tbl'

     0K .......... .......... .......... .......... ..........  3% 42,5K 32s
    50K .......... .......... .......... .......... ..........  7% 85,1K 23s
   100K .......... .......... .......... .......... .......... 10%  127K 18s
   150K .......... .......... .......... .......... .......... 14%  128K 15s
   200K .......... .......... .......... .......... .......... 17%  128K 13s
   250K .......... .......... .......... .......... .......... 21%  130K 12s
   300K .......... .......... .......... .......... .......... 25%  253K 11s
   350K .......... .......... .......... .......... .......... 28%  249K 9s
   400K .......... .......... .......... .......... .......... 32%  129K 9s
   450K .......... .......... .......... .......... .......... 35%  257K 8s
   500K .......... .......... .......... .......... .......... 39%  256K 7s
   550K .......... .......... .......... .......... .......... 42%  260K 6s
   600K .......... .......... .......... .......... .......... 46%  259K 6s
   650K .......... .......... .......... .......... .......... 50%  254K 5s
   700K .......... .......... .......... .......... .......... 53%  252K 5s
   750K .......... .......... .......... .......... .......... 57%  250K 4s
   800K .......... .......... .......... .......... .......... 60%  256K 4s
   850K .......... .......... .......... .......... .......... 64% 7,36M 3s
   900K .......... .......... .......... .......... .......... 68%  254K 3s
   950K .......... .......... .......... .......... .......... 71%  270K 2s
  1000K .......... .......... .......... .......... .......... 75%  259K 2s
  1050K .......... .......... .......... .......... .......... 78% 4,15M 2s
  1100K .......... .......... .......... .......... .......... 82%  270K 1s
  1150K .......... .......... .......... .......... .......... 85%  262K 1s
  1200K .......... .......... .......... .......... .......... 89%  258K 1s
  1250K .......... .......... .......... .......... .......... 93% 5,77M 1s
  1300K .......... .......... .......... .......... .......... 96%  269K 0s
  1350K .......... .......... .......... .......... .....     100% 3,55M=7,0s

2018-12-09 13:07:06 (198 KB/s) - 'kplr002301985-2012179063303_llc_lc.tbl' saved [1429377/1429377]

--2018-12-09 13:07:06--  http://exoplanetarchive.ipac.caltech.edu/data/ETSS//Kepler/005/578/66/kplr002301985-2012277125453_llc.fits
Resolving exoplanetarchive.ipac.caltech.edu (exoplanetarchive.ipac.caltech.edu)... 134.4.54.147
Connecting to exoplanetarchive.ipac.caltech.edu (exoplanetarchive.ipac.caltech.edu)|134.4.54.147|:80... connected.
HTTP request sent, awaiting response... 302 Found
Location: https://exoplanetarchive.ipac.caltech.edu/data/ETSS//Kepler/005/578/66/kplr002301985-2012277125453_llc.fits [following]
--2018-12-09 13:07:06--  https://exoplanetarchive.ipac.caltech.edu/data/ETSS//Kepler/005/578/66/kplr002301985-2012277125453_llc.fits
Connecting to exoplanetarchive.ipac.caltech.edu (exoplanetarchive.ipac.caltech.edu)|134.4.54.147|:443... connected.
HTTP request sent, awaiting response... 200 OK
Length: 506880 (495K) [image/x-fits]
Saving to: 'kplr002301985-2012277125453_llc.fits'

     0K .......... .......... .......... .......... .......... 10% 43,0K 10s
    50K .......... .......... .......... .......... .......... 20% 85,6K 7s
   100K .......... .......... .......... .......... .......... 30%  128K 5s
   150K .......... .......... .......... .......... .......... 40%  255K 3s
   200K .......... .......... .......... .......... .......... 50%  223K 3s
   250K .......... .......... .......... .......... .......... 60%  139K 2s
   300K .......... .......... .......... .......... .......... 70%  259K 1s
   350K .......... .......... .......... .......... .......... 80%  254K 1s
   400K .......... .......... .......... .......... .......... 90%  259K 0s
   450K .......... .......... .......... .......... .....     100%  230K=3,7s

2018-12-09 13:07:11 (134 KB/s) - 'kplr002301985-2012277125453_llc.fits' saved [506880/506880]

--2018-12-09 13:07:11--  http://exoplanetarchive.ipac.caltech.edu/data/ETSS//Kepler/005/595/36/kplr002301985-2012277125453_llc_lc.tbl
Resolving exoplanetarchive.ipac.caltech.edu (exoplanetarchive.ipac.caltech.edu)... 134.4.54.147
Connecting to exoplanetarchive.ipac.caltech.edu (exoplanetarchive.ipac.caltech.edu)|134.4.54.147|:80... connected.
HTTP request sent, awaiting response... 302 Found
Location: https://exoplanetarchive.ipac.caltech.edu/data/ETSS//Kepler/005/595/36/kplr002301985-2012277125453_llc_lc.tbl [following]
--2018-12-09 13:07:11--  https://exoplanetarchive.ipac.caltech.edu/data/ETSS//Kepler/005/595/36/kplr002301985-2012277125453_llc_lc.tbl
Connecting to exoplanetarchive.ipac.caltech.edu (exoplanetarchive.ipac.caltech.edu)|134.4.54.147|:443... connected.
HTTP request sent, awaiting response... 200 OK
Length: 1537566 (1,5M) [text/plain]
Saving to: 'kplr002301985-2012277125453_llc_lc.tbl'

     0K .......... .......... .......... .......... ..........  3% 43,2K 34s
    50K .......... .......... .......... .......... ..........  6% 86,0K 24s
   100K .......... .......... .......... .......... ..........  9%  127K 19s
   150K .......... .......... .......... .......... .......... 13%  130K 16s
   200K .......... .......... .......... .......... .......... 16%  251K 14s
   250K .......... .......... .......... .......... .......... 19%  253K 12s
   300K .......... .......... .......... .......... .......... 23%  131K 11s
   350K .......... .......... .......... .......... .......... 26%  255K 10s
   400K .......... .......... .......... .......... .......... 29%  255K 9s
   450K .......... .......... .......... .......... .......... 33%  250K 8s
   500K .......... .......... .......... .......... .......... 36%  276K 7s
   550K .......... .......... .......... .......... .......... 39% 2,16M 6s
   600K .......... .......... .......... .......... .......... 43%  261K 6s
   650K .......... .......... .......... .......... .......... 46%  291K 5s
   700K .......... .......... .......... .......... .......... 49%  261K 5s
   750K .......... .......... .......... .......... .......... 53% 2,13M 4s
   800K .......... .......... .......... .......... .......... 56%  285K 4s
   850K .......... .......... .......... .......... .......... 59% 2,28M 3s
   900K .......... .......... .......... .......... .......... 63%  286K 3s
   950K .......... .......... .......... .......... .......... 66% 2,55M 3s
  1000K .......... .......... .......... .......... .......... 69%  283K 2s
  1050K .......... .......... .......... .......... .......... 73% 2,66M 2s
  1100K .......... .......... .......... .......... .......... 76%  279K 2s
  1150K .......... .......... .......... .......... .......... 79% 3,21M 1s
  1200K .......... .......... .......... .......... .......... 83% 10,8M 1s
  1250K .......... .......... .......... .......... .......... 86%  259K 1s
  1300K .......... .......... .......... .......... .......... 89% 1,17M 1s
  1350K .......... .......... .......... .......... .......... 93%  338K 0s
  1400K .......... .......... .......... .......... .......... 96% 4,42M 0s
  1450K .......... .......... .......... .......... .......... 99% 1,21M 0s
  1500K .                                                     100% 9,95G=5,9s

2018-12-09 13:07:18 (255 KB/s) - 'kplr002301985-2012277125453_llc_lc.tbl' saved [1537566/1537566]

--2018-12-09 13:07:18--  http://exoplanetarchive.ipac.caltech.edu/data/ETSS//Kepler/005/612/05/kplr002301985-2013011073258_llc.fits
Resolving exoplanetarchive.ipac.caltech.edu (exoplanetarchive.ipac.caltech.edu)... 134.4.54.147
Connecting to exoplanetarchive.ipac.caltech.edu (exoplanetarchive.ipac.caltech.edu)|134.4.54.147|:80... connected.
HTTP request sent, awaiting response... 302 Found
Location: https://exoplanetarchive.ipac.caltech.edu/data/ETSS//Kepler/005/612/05/kplr002301985-2013011073258_llc.fits [following]
--2018-12-09 13:07:19--  https://exoplanetarchive.ipac.caltech.edu/data/ETSS//Kepler/005/612/05/kplr002301985-2013011073258_llc.fits
Connecting to exoplanetarchive.ipac.caltech.edu (exoplanetarchive.ipac.caltech.edu)|134.4.54.147|:443... connected.
HTTP request sent, awaiting response... 200 OK
Length: 506880 (495K) [image/x-fits]
Saving to: 'kplr002301985-2013011073258_llc.fits'

     0K .......... .......... .......... .......... .......... 10% 43,1K 10s
    50K .......... .......... .......... .......... .......... 20%  129K 6s
   100K .......... .......... .......... .......... .......... 30%  128K 4s
   150K .......... .......... .......... .......... .......... 40%  130K 3s
   200K .......... .......... .......... .......... .......... 50%  256K 2s
   250K .......... .......... .......... .......... .......... 60%  255K 2s
   300K .......... .......... .......... .......... .......... 70%  131K 1s
   350K .......... .......... .......... .......... .......... 80%  260K 1s
   400K .......... .......... .......... .......... .......... 90%  251K 0s
   450K .......... .......... .......... .......... .....     100%  233K=3,7s

2018-12-09 13:07:24 (134 KB/s) - 'kplr002301985-2013011073258_llc.fits' saved [506880/506880]

--2018-12-09 13:07:24--  http://exoplanetarchive.ipac.caltech.edu/data/ETSS//Kepler/005/628/53/kplr002301985-2013011073258_llc_lc.tbl
Resolving exoplanetarchive.ipac.caltech.edu (exoplanetarchive.ipac.caltech.edu)... 134.4.54.147
Connecting to exoplanetarchive.ipac.caltech.edu (exoplanetarchive.ipac.caltech.edu)|134.4.54.147|:80... connected.
HTTP request sent, awaiting response... 302 Found
Location: https://exoplanetarchive.ipac.caltech.edu/data/ETSS//Kepler/005/628/53/kplr002301985-2013011073258_llc_lc.tbl [following]
--2018-12-09 13:07:24--  https://exoplanetarchive.ipac.caltech.edu/data/ETSS//Kepler/005/628/53/kplr002301985-2013011073258_llc_lc.tbl
Connecting to exoplanetarchive.ipac.caltech.edu (exoplanetarchive.ipac.caltech.edu)|134.4.54.147|:443... connected.
HTTP request sent, awaiting response... 200 OK
Length: 1544948 (1,5M) [text/plain]
Saving to: 'kplr002301985-2013011073258_llc_lc.tbl'

     0K .......... .......... .......... .......... ..........  3% 42,6K 34s
    50K .......... .......... .......... .......... ..........  6% 85,2K 25s
   100K .......... .......... .......... .......... ..........  9%  126K 20s
   150K .......... .......... .......... .......... .......... 13% 85,6K 18s
   200K .......... .......... .......... .......... .......... 16%  250K 15s
   250K .......... .......... .......... .......... .......... 19%  128K 13s
   300K .......... .......... .......... .......... .......... 23%  255K 12s
   350K .......... .......... .......... .......... .......... 26%  127K 11s
   400K .......... .......... .......... .......... .......... 29%  129K 10s
   450K .......... .......... .......... .......... .......... 33%  256K 9s
   500K .......... .......... .......... .......... .......... 36%  256K 8s
   550K .......... .......... .......... .......... .......... 39%  256K 7s
   600K .......... .......... .......... .......... .......... 43%  254K 7s
   650K .......... .......... .......... .......... .......... 46%  256K 6s
   700K .......... .......... .......... .......... .......... 49%  259K 6s
   750K .......... .......... .......... .......... .......... 53%  257K 5s
   800K .......... .......... .......... .......... .......... 56%  127K 5s
   850K .......... .......... .......... .......... .......... 59%  258K 4s
   900K .......... .......... .......... .......... .......... 62% 11,3M 4s
   950K .......... .......... .......... .......... .......... 66%  259K 3s
  1000K .......... .......... .......... .......... .......... 69%  255K 3s
  1050K .......... .......... .......... .......... .......... 72%  263K 3s
  1100K .......... .......... .......... .......... .......... 76%  258K 2s
  1150K .......... .......... .......... .......... .......... 79% 11,2M 2s
  1200K .......... .......... .......... .......... .......... 82%  251K 1s
  1250K .......... .......... .......... .......... .......... 86%  262K 1s
  1300K .......... .......... .......... .......... .......... 89%  258K 1s
  1350K .......... .......... .......... .......... .......... 92%  263K 1s
  1400K .......... .......... .......... .......... .......... 96% 9,51M 0s
  1450K .......... .......... .......... .......... .......... 99%  260K 0s
  1500K ........                                              100% 25,5M=8,0s

2018-12-09 13:07:33 (188 KB/s) - 'kplr002301985-2013011073258_llc_lc.tbl' saved [1544948/1544948]

--2018-12-09 13:07:33--  http://exoplanetarchive.ipac.caltech.edu/data/ETSS//Kepler/005/645/00/kplr002301985-2013098041711_llc.fits
Resolving exoplanetarchive.ipac.caltech.edu (exoplanetarchive.ipac.caltech.edu)... 134.4.54.147
Connecting to exoplanetarchive.ipac.caltech.edu (exoplanetarchive.ipac.caltech.edu)|134.4.54.147|:80... connected.
HTTP request sent, awaiting response... 302 Found
Location: https://exoplanetarchive.ipac.caltech.edu/data/ETSS//Kepler/005/645/00/kplr002301985-2013098041711_llc.fits [following]
--2018-12-09 13:07:34--  https://exoplanetarchive.ipac.caltech.edu/data/ETSS//Kepler/005/645/00/kplr002301985-2013098041711_llc.fits
Connecting to exoplanetarchive.ipac.caltech.edu (exoplanetarchive.ipac.caltech.edu)|134.4.54.147|:443... connected.
HTTP request sent, awaiting response... 200 OK
Length: 449280 (439K) [image/x-fits]
Saving to: 'kplr002301985-2013098041711_llc.fits'

     0K .......... .......... .......... .......... .......... 11% 42,6K 9s
    50K .......... .......... .......... .......... .......... 22% 85,8K 6s
   100K .......... .......... .......... .......... .......... 34%  128K 4s
   150K .......... .......... .......... .......... .......... 45%  129K 3s
   200K .......... .......... .......... .......... .......... 56%  125K 2s
   250K .......... .......... .......... .......... .......... 68%  130K 2s
   300K .......... .......... .......... .......... .......... 79%  130K 1s
   350K .......... .......... .......... .......... .......... 91%  256K 0s
   400K .......... .......... .......... ........             100%  200K=4,1s

2018-12-09 13:07:39 (107 KB/s) - 'kplr002301985-2013098041711_llc.fits' saved [449280/449280]

--2018-12-09 13:07:39--  http://exoplanetarchive.ipac.caltech.edu/data/ETSS//Kepler/005/661/75/kplr002301985-2013098041711_llc_lc.tbl
Resolving exoplanetarchive.ipac.caltech.edu (exoplanetarchive.ipac.caltech.edu)... 134.4.54.147
Connecting to exoplanetarchive.ipac.caltech.edu (exoplanetarchive.ipac.caltech.edu)|134.4.54.147|:80... connected.
HTTP request sent, awaiting response... 302 Found
Location: https://exoplanetarchive.ipac.caltech.edu/data/ETSS//Kepler/005/661/75/kplr002301985-2013098041711_llc_lc.tbl [following]
--2018-12-09 13:07:39--  https://exoplanetarchive.ipac.caltech.edu/data/ETSS//Kepler/005/661/75/kplr002301985-2013098041711_llc_lc.tbl
Connecting to exoplanetarchive.ipac.caltech.edu (exoplanetarchive.ipac.caltech.edu)|134.4.54.147|:443... connected.
HTTP request sent, awaiting response... 200 OK
Length: 1359174 (1,3M) [text/plain]
Saving to: 'kplr002301985-2013098041711_llc_lc.tbl'

     0K .......... .......... .......... .......... ..........  3% 42,6K 30s
    50K .......... .......... .......... .......... ..........  7%  114K 20s
   100K .......... .......... .......... .......... .......... 11%  127K 16s
   150K .......... .......... .......... .......... .......... 15%  251K 12s
   200K .......... .......... .......... .......... .......... 18%  130K 11s
   250K .......... .......... .......... .......... .......... 22%  254K 10s
   300K .......... .......... .......... .......... .......... 26%  260K 8s
   350K .......... .......... .......... .......... .......... 30%  256K 7s
   400K .......... .......... .......... .......... .......... 33%  257K 7s
   450K .......... .......... .......... .......... .......... 37%  259K 6s
   500K .......... .......... .......... .......... .......... 41%  259K 5s
   550K .......... .......... .......... .......... .......... 45%  256K 5s
   600K .......... .......... .......... .......... .......... 48% 4,28M 4s
   650K .......... .......... .......... .......... .......... 52%  274K 4s
   700K .......... .......... .......... .......... .......... 56%  261K 3s
   750K .......... .......... .......... .......... .......... 60%  248K 3s
   800K .......... .......... .......... .......... .......... 64%  258K 3s
   850K .......... .......... .......... .......... .......... 67% 12,2M 2s
   900K .......... .......... .......... .......... .......... 71%  261K 2s
   950K .......... .......... .......... .......... .......... 75%  260K 2s
  1000K .......... .......... .......... .......... .......... 79%  260K 1s
  1050K .......... .......... .......... .......... .......... 82% 4,39M 1s
  1100K .......... .......... .......... .......... .......... 86%  271K 1s
  1150K .......... .......... .......... .......... .......... 90% 10,7M 1s
  1200K .......... .......... .......... .......... .......... 94%  261K 0s
  1250K .......... .......... .......... .......... .......... 97% 3,98M 0s
  1300K .......... .......... .......                         100% 12,6M=5,7s

2018-12-09 13:07:46 (232 KB/s) - 'kplr002301985-2013098041711_llc_lc.tbl' saved [1359174/1359174]

--2018-12-09 13:07:46--  http://exoplanetarchive.ipac.caltech.edu/data/ETSS//Kepler/005/678/51/kplr002301985-2013131215648_llc.fits
Resolving exoplanetarchive.ipac.caltech.edu (exoplanetarchive.ipac.caltech.edu)... 134.4.54.147
Connecting to exoplanetarchive.ipac.caltech.edu (exoplanetarchive.ipac.caltech.edu)|134.4.54.147|:80... connected.
HTTP request sent, awaiting response... 302 Found
Location: https://exoplanetarchive.ipac.caltech.edu/data/ETSS//Kepler/005/678/51/kplr002301985-2013131215648_llc.fits [following]
--2018-12-09 13:07:46--  https://exoplanetarchive.ipac.caltech.edu/data/ETSS//Kepler/005/678/51/kplr002301985-2013131215648_llc.fits
Connecting to exoplanetarchive.ipac.caltech.edu (exoplanetarchive.ipac.caltech.edu)|134.4.54.147|:443... connected.
HTTP request sent, awaiting response... 200 OK
Length: 187200 (183K) [image/x-fits]
Saving to: 'kplr002301985-2013131215648_llc.fits'

     0K .......... .......... .......... .......... .......... 27% 42,4K 3s
    50K .......... .......... .......... .......... .......... 54%  108K 1s
   100K .......... .......... .......... .......... .......... 82%  129K 0s
   150K .......... .......... .......... ..                   100%  281K=2,1s

2018-12-09 13:07:49 (85,1 KB/s) - 'kplr002301985-2013131215648_llc.fits' saved [187200/187200]

--2018-12-09 13:07:50--  http://exoplanetarchive.ipac.caltech.edu/data/ETSS//Kepler/005/695/27/kplr002301985-2013131215648_llc_lc.tbl
Resolving exoplanetarchive.ipac.caltech.edu (exoplanetarchive.ipac.caltech.edu)... 134.4.54.147
Connecting to exoplanetarchive.ipac.caltech.edu (exoplanetarchive.ipac.caltech.edu)|134.4.54.147|:80... connected.
HTTP request sent, awaiting response... 302 Found
Location: https://exoplanetarchive.ipac.caltech.edu/data/ETSS//Kepler/005/695/27/kplr002301985-2013131215648_llc_lc.tbl [following]
--2018-12-09 13:07:50--  https://exoplanetarchive.ipac.caltech.edu/data/ETSS//Kepler/005/695/27/kplr002301985-2013131215648_llc_lc.tbl
Connecting to exoplanetarchive.ipac.caltech.edu (exoplanetarchive.ipac.caltech.edu)|134.4.54.147|:443... connected.
HTTP request sent, awaiting response... 200 OK
Length: 506682 (495K) [text/plain]
Saving to: 'kplr002301985-2013131215648_llc_lc.tbl'

     0K .......... .......... .......... .......... .......... 10% 42,8K 10s
    50K .......... .......... .......... .......... .......... 20%  128K 6s
   100K .......... .......... .......... .......... .......... 30%  128K 4s
   150K .......... .......... .......... .......... .......... 40%  129K 3s
   200K .......... .......... .......... .......... .......... 50%  248K 2s
   250K .......... .......... .......... .......... .......... 60%  129K 2s
   300K .......... .......... .......... .......... .......... 70%  129K 1s
   350K .......... .......... .......... .......... .......... 80%  257K 1s
   400K .......... .......... .......... .......... .......... 90%  128K 0s
   450K .......... .......... .......... .......... ....      100%  224K=4,1s

2018-12-09 13:07:55 (121 KB/s) - 'kplr002301985-2013131215648_llc_lc.tbl' saved [506682/506682]

