--2019-04-14 14:18:06--  http://exoplanetarchive.ipac.caltech.edu/data/ETSS//Kepler/005/344/87/kplr001026474-2010078095331_llc.fits
Resolving exoplanetarchive.ipac.caltech.edu (exoplanetarchive.ipac.caltech.edu)... 134.4.54.147
Connecting to exoplanetarchive.ipac.caltech.edu (exoplanetarchive.ipac.caltech.edu)|134.4.54.147|:80... connected.
HTTP request sent, awaiting response... 302 Found
Location: https://exoplanetarchive.ipac.caltech.edu/data/ETSS//Kepler/005/344/87/kplr001026474-2010078095331_llc.fits [following]
--2019-04-14 14:18:07--  https://exoplanetarchive.ipac.caltech.edu/data/ETSS//Kepler/005/344/87/kplr001026474-2010078095331_llc.fits
Connecting to exoplanetarchive.ipac.caltech.edu (exoplanetarchive.ipac.caltech.edu)|134.4.54.147|:443... connected.
HTTP request sent, awaiting response... 200 OK
Length: 469440 (458K) [image/x-fits]
Saving to: 'kplr001026474-2010078095331_llc.fits'

     0K .......... .......... .......... .......... .......... 10% 47,5K 9s
    50K .......... .......... .......... .......... .......... 21%  136K 5s
   100K .......... .......... .......... .......... .......... 32%  130K 4s
   150K .......... .......... .......... .......... .......... 43%  255K 3s
   200K .......... .......... .......... .......... .......... 54%  221K 2s
   250K .......... .......... .......... .......... .......... 65%  346K 1s
   300K .......... .......... .......... .......... .......... 76%  266K 1s
   350K .......... .......... .......... .......... .......... 87%  501K 0s
   400K .......... .......... .......... .......... .......... 98%  237K 0s
   450K ........                                              100% 2,33M=2,9s

2019-04-14 14:18:11 (160 KB/s) - 'kplr001026474-2010078095331_llc.fits' saved [469440/469440]

--2019-04-14 14:18:11--  http://exoplanetarchive.ipac.caltech.edu/data/ETSS//Kepler/005/361/86/kplr001026474-2010078095331_llc_lc.tbl
Resolving exoplanetarchive.ipac.caltech.edu (exoplanetarchive.ipac.caltech.edu)... 134.4.54.147
Connecting to exoplanetarchive.ipac.caltech.edu (exoplanetarchive.ipac.caltech.edu)|134.4.54.147|:80... connected.
HTTP request sent, awaiting response... 302 Found
Location: https://exoplanetarchive.ipac.caltech.edu/data/ETSS//Kepler/005/361/86/kplr001026474-2010078095331_llc_lc.tbl [following]
--2019-04-14 14:18:11--  https://exoplanetarchive.ipac.caltech.edu/data/ETSS//Kepler/005/361/86/kplr001026474-2010078095331_llc_lc.tbl
Connecting to exoplanetarchive.ipac.caltech.edu (exoplanetarchive.ipac.caltech.edu)|134.4.54.147|:443... connected.
HTTP request sent, awaiting response... 200 OK
Length: 1421639 (1,4M) [text/plain]
Saving to: 'kplr001026474-2010078095331_llc_lc.tbl'

     0K .......... .......... .......... .......... ..........  3% 52,8K 25s
    50K .......... .......... .......... .......... ..........  7%  158K 16s
   100K .......... .......... .......... .......... .......... 10%  170K 13s
   150K .......... .......... .......... .......... .......... 14%  306K 10s
   200K .......... .......... .......... .......... .......... 18%  292K 9s
   250K .......... .......... .......... .......... .......... 21%  317K 7s
   300K .......... .......... .......... .......... .......... 25%  344K 7s
   350K .......... .......... .......... .......... .......... 28%  309K 6s
   400K .......... .......... .......... .......... .......... 32%  170K 6s
   450K .......... .......... .......... .......... .......... 36% 2,02M 5s
   500K .......... .......... .......... .......... .......... 39%  334K 4s
   550K .......... .......... .......... .......... .......... 43% 1,80M 4s
   600K .......... .......... .......... .......... .......... 46%  316K 3s
   650K .......... .......... .......... .......... .......... 50%  339K 3s
   700K .......... .......... .......... .......... .......... 54% 1,90M 3s
   750K .......... .......... .......... .......... .......... 57%  353K 2s
   800K .......... .......... .......... .......... .......... 61% 1,36M 2s
   850K .......... .......... .......... .......... .......... 64%  400K 2s
   900K .......... .......... .......... .......... .......... 68% 1,44M 2s
   950K .......... .......... .......... .......... .......... 72%  414K 1s
  1000K .......... .......... .......... .......... .......... 75% 1,04M 1s
  1050K .......... .......... .......... .......... .......... 79% 2,22M 1s
  1100K .......... .......... .......... .......... .......... 82%  466K 1s
  1150K .......... .......... .......... .......... .......... 86%  843K 1s
  1200K .......... .......... .......... .......... .......... 90%  453K 0s
  1250K .......... .......... .......... .......... .......... 93%  827K 0s
  1300K .......... .......... .......... .......... .......... 97% 2,05M 0s
  1350K .......... .......... .......... ........             100%  474K=4,2s

2019-04-14 14:18:16 (334 KB/s) - 'kplr001026474-2010078095331_llc_lc.tbl' saved [1421639/1421639]

--2019-04-14 14:18:16--  http://exoplanetarchive.ipac.caltech.edu/data/ETSS//Kepler/005/179/06/kplr001026474-2010174085026_llc.fits
Resolving exoplanetarchive.ipac.caltech.edu (exoplanetarchive.ipac.caltech.edu)... 134.4.54.147
Connecting to exoplanetarchive.ipac.caltech.edu (exoplanetarchive.ipac.caltech.edu)|134.4.54.147|:80... connected.
HTTP request sent, awaiting response... 302 Found
Location: https://exoplanetarchive.ipac.caltech.edu/data/ETSS//Kepler/005/179/06/kplr001026474-2010174085026_llc.fits [following]
--2019-04-14 14:18:17--  https://exoplanetarchive.ipac.caltech.edu/data/ETSS//Kepler/005/179/06/kplr001026474-2010174085026_llc.fits
Connecting to exoplanetarchive.ipac.caltech.edu (exoplanetarchive.ipac.caltech.edu)|134.4.54.147|:443... connected.
HTTP request sent, awaiting response... 200 OK
Length: 492480 (481K) [image/x-fits]
Saving to: 'kplr001026474-2010174085026_llc.fits'

     0K .......... .......... .......... .......... .......... 10% 54,1K 8s
    50K .......... .......... .......... .......... .......... 20%  284K 4s
   100K .......... .......... .......... .......... .......... 31%  160K 3s
   150K .......... .......... .......... .......... .......... 41%  295K 2s
   200K .......... .......... .......... .......... .......... 51%  288K 2s
   250K .......... .......... .......... .......... .......... 62%  296K 1s
   300K .......... .......... .......... .......... .......... 72%  310K 1s
   350K .......... .......... .......... .......... .......... 83%  403K 0s
   400K .......... .......... .......... .......... .......... 93%  314K 0s
   450K .......... .......... ..........                      100% 3,40M=2,4s

2019-04-14 14:18:20 (202 KB/s) - 'kplr001026474-2010174085026_llc.fits' saved [492480/492480]

--2019-04-14 14:18:20--  http://exoplanetarchive.ipac.caltech.edu/data/ETSS//Kepler/005/195/70/kplr001026474-2010174085026_llc_lc.tbl
Resolving exoplanetarchive.ipac.caltech.edu (exoplanetarchive.ipac.caltech.edu)... 134.4.54.147
Connecting to exoplanetarchive.ipac.caltech.edu (exoplanetarchive.ipac.caltech.edu)|134.4.54.147|:80... connected.
HTTP request sent, awaiting response... 302 Found
Location: https://exoplanetarchive.ipac.caltech.edu/data/ETSS//Kepler/005/195/70/kplr001026474-2010174085026_llc_lc.tbl [following]
--2019-04-14 14:18:20--  https://exoplanetarchive.ipac.caltech.edu/data/ETSS//Kepler/005/195/70/kplr001026474-2010174085026_llc_lc.tbl
Connecting to exoplanetarchive.ipac.caltech.edu (exoplanetarchive.ipac.caltech.edu)|134.4.54.147|:443... connected.
HTTP request sent, awaiting response... 200 OK
Length: 1497902 (1,4M) [text/plain]
Saving to: 'kplr001026474-2010174085026_llc_lc.tbl'

     0K .......... .......... .......... .......... ..........  3% 63,8K 22s
    50K .......... .......... .......... .......... ..........  6%  308K 13s
   100K .......... .......... .......... .......... .......... 10%  164K 11s
   150K .......... .......... .......... .......... .......... 13%  312K 9s
   200K .......... .......... .......... .......... .......... 17%  316K 8s
   250K .......... .......... .......... .......... .......... 20%  319K 7s
   300K .......... .......... .......... .......... .......... 23%  273K 6s
   350K .......... .......... .......... .......... .......... 27% 6,54M 5s
   400K .......... .......... .......... .......... .......... 30%  179K 5s
   450K .......... .......... .......... .......... .......... 34%  269K 5s
   500K .......... .......... .......... .......... .......... 37%  157K 4s
   550K .......... .......... .......... .......... .......... 41%  311K 4s
   600K .......... .......... .......... .......... .......... 44%  309K 4s
   650K .......... .......... .......... .......... .......... 47%  332K 3s
   700K .......... .......... .......... .......... .......... 51%  321K 3s
   750K .......... .......... .......... .......... .......... 54%  319K 3s
   800K .......... .......... .......... .......... .......... 58%  294K 3s
   850K .......... .......... .......... .......... .......... 61%  310K 2s
   900K .......... .......... .......... .......... .......... 64% 2,37M 2s
   950K .......... .......... .......... .......... .......... 68%  321K 2s
  1000K .......... .......... .......... .......... .......... 71%  317K 2s
  1050K .......... .......... .......... .......... .......... 75%  333K 1s
  1100K .......... .......... .......... .......... .......... 78%  324K 1s
  1150K .......... .......... .......... .......... .......... 82% 2,21M 1s
  1200K .......... .......... .......... .......... .......... 85%  308K 1s
  1250K .......... .......... .......... .......... .......... 88%  320K 1s
  1300K .......... .......... .......... .......... .......... 92%  314K 0s
  1350K .......... .......... .......... .......... .......... 95%  313K 0s
  1400K .......... .......... .......... .......... .......... 99% 2,25M 0s
  1450K .......... ..                                         100%  100K=5,3s

2019-04-14 14:18:27 (278 KB/s) - 'kplr001026474-2010174085026_llc_lc.tbl' saved [1497902/1497902]

--2019-04-14 14:18:27--  http://exoplanetarchive.ipac.caltech.edu/data/ETSS//Kepler/005/378/85/kplr001026474-2010265121752_llc.fits
Resolving exoplanetarchive.ipac.caltech.edu (exoplanetarchive.ipac.caltech.edu)... 134.4.54.147
Connecting to exoplanetarchive.ipac.caltech.edu (exoplanetarchive.ipac.caltech.edu)|134.4.54.147|:80... connected.
HTTP request sent, awaiting response... 302 Found
Location: https://exoplanetarchive.ipac.caltech.edu/data/ETSS//Kepler/005/378/85/kplr001026474-2010265121752_llc.fits [following]
--2019-04-14 14:18:27--  https://exoplanetarchive.ipac.caltech.edu/data/ETSS//Kepler/005/378/85/kplr001026474-2010265121752_llc.fits
Connecting to exoplanetarchive.ipac.caltech.edu (exoplanetarchive.ipac.caltech.edu)|134.4.54.147|:443... connected.
HTTP request sent, awaiting response... 200 OK
Length: 469440 (458K) [image/x-fits]
Saving to: 'kplr001026474-2010265121752_llc.fits'

     0K .......... .......... .......... .......... .......... 10% 65,9K 6s
    50K .......... .......... .......... .......... .......... 21%  292K 3s
   100K .......... .......... .......... .......... .......... 32%  179K 2s
   150K .......... .......... .......... .......... .......... 43%  319K 2s
   200K .......... .......... .......... .......... .......... 54%  307K 1s
   250K .......... .......... .......... .......... .......... 65%  331K 1s
   300K .......... .......... .......... .......... .......... 76% 2,21M 1s
   350K .......... .......... .......... .......... .......... 87%  331K 0s
   400K .......... .......... .......... .......... .......... 98%  326K 0s
   450K ........                                              100% 6,69M=2,0s

2019-04-14 14:18:30 (228 KB/s) - 'kplr001026474-2010265121752_llc.fits' saved [469440/469440]

--2019-04-14 14:18:30--  http://exoplanetarchive.ipac.caltech.edu/data/ETSS//Kepler/005/395/38/kplr001026474-2010265121752_llc_lc.tbl
Resolving exoplanetarchive.ipac.caltech.edu (exoplanetarchive.ipac.caltech.edu)... 134.4.54.147
Connecting to exoplanetarchive.ipac.caltech.edu (exoplanetarchive.ipac.caltech.edu)|134.4.54.147|:80... connected.
HTTP request sent, awaiting response... 302 Found
Location: https://exoplanetarchive.ipac.caltech.edu/data/ETSS//Kepler/005/395/38/kplr001026474-2010265121752_llc_lc.tbl [following]
--2019-04-14 14:18:30--  https://exoplanetarchive.ipac.caltech.edu/data/ETSS//Kepler/005/395/38/kplr001026474-2010265121752_llc_lc.tbl
Connecting to exoplanetarchive.ipac.caltech.edu (exoplanetarchive.ipac.caltech.edu)|134.4.54.147|:443... connected.
HTTP request sent, awaiting response... 200 OK
Length: 1421956 (1,4M) [text/plain]
Saving to: 'kplr001026474-2010265121752_llc_lc.tbl'

     0K .......... .......... .......... .......... ..........  3% 76,6K 17s
    50K .......... .......... .......... .......... ..........  7%  150K 13s
   100K .......... .......... .......... .......... .......... 10%  287K 10s
   150K .......... .......... .......... .......... .......... 14%  169K 9s
   200K .......... .......... .......... .......... .......... 18%  304K 7s
   250K .......... .......... .......... .......... .......... 21%  296K 6s
   300K .......... .......... .......... .......... .......... 25%  314K 6s
   350K .......... .......... .......... .......... .......... 28% 2,14M 5s
   400K .......... .......... .......... .......... .......... 32%  295K 4s
   450K .......... .......... .......... .......... .......... 36%  332K 4s
   500K .......... .......... .......... .......... .......... 39%  304K 4s
   550K .......... .......... .......... .......... .......... 43%  314K 3s
   600K .......... .......... .......... .......... .......... 46% 2,26M 3s
   650K .......... .......... .......... .......... .......... 50%  303K 3s
   700K .......... .......... .......... .......... .......... 54% 1,81M 2s
   750K .......... .......... .......... .......... .......... 57%  354K 2s
   800K .......... .......... .......... .......... .......... 61% 1000K 2s
   850K .......... .......... .......... .......... .......... 64%  382K 2s
   900K .......... .......... .......... .......... .......... 68% 1,10M 1s
   950K .......... .......... .......... .......... .......... 72% 2,39M 1s
  1000K .......... .......... .......... .......... .......... 75%  398K 1s
  1050K .......... .......... .......... .......... .......... 79% 1,06M 1s
  1100K .......... .......... .......... .......... .......... 82% 2,49M 1s
  1150K .......... .......... .......... .......... .......... 86%  426K 1s
  1200K .......... .......... .......... .......... .......... 90%  863K 0s
  1250K .......... .......... .......... .......... .......... 93%  445K 0s
  1300K .......... .......... .......... .......... .......... 97%  985K 0s
  1350K .......... .......... .......... ........             100% 3,16M=3,8s

2019-04-14 14:18:35 (370 KB/s) - 'kplr001026474-2010265121752_llc_lc.tbl' saved [1421956/1421956]

--2019-04-14 14:18:35--  http://exoplanetarchive.ipac.caltech.edu/data/ETSS//Kepler/005/278/73/kplr001026474-2010355172524_llc.fits
Resolving exoplanetarchive.ipac.caltech.edu (exoplanetarchive.ipac.caltech.edu)... 134.4.54.147
Connecting to exoplanetarchive.ipac.caltech.edu (exoplanetarchive.ipac.caltech.edu)|134.4.54.147|:80... connected.
HTTP request sent, awaiting response... 302 Found
Location: https://exoplanetarchive.ipac.caltech.edu/data/ETSS//Kepler/005/278/73/kplr001026474-2010355172524_llc.fits [following]
--2019-04-14 14:18:35--  https://exoplanetarchive.ipac.caltech.edu/data/ETSS//Kepler/005/278/73/kplr001026474-2010355172524_llc.fits
Connecting to exoplanetarchive.ipac.caltech.edu (exoplanetarchive.ipac.caltech.edu)|134.4.54.147|:443... connected.
HTTP request sent, awaiting response... 200 OK
Length: 466560 (456K) [image/x-fits]
Saving to: 'kplr001026474-2010355172524_llc.fits'

     0K .......... .......... .......... .......... .......... 10% 52,5K 8s
    50K .......... .......... .......... .......... .......... 21%  282K 4s
   100K .......... .......... .......... .......... .......... 32%  164K 3s
   150K .......... .......... .......... .......... .......... 43%  296K 2s
   200K .......... .......... .......... .......... .......... 54%  300K 1s
   250K .......... .......... .......... .......... .......... 65%  308K 1s
   300K .......... .......... .......... .......... .......... 76%  308K 1s
   350K .......... .......... .......... .......... .......... 87% 1,58M 0s
   400K .......... .......... .......... .......... .......... 98%  299K 0s
   450K .....                                                 100%  107G=2,3s

2019-04-14 14:18:39 (199 KB/s) - 'kplr001026474-2010355172524_llc.fits' saved [466560/466560]

--2019-04-14 14:18:39--  http://exoplanetarchive.ipac.caltech.edu/data/ETSS//Kepler/005/295/06/kplr001026474-2010355172524_llc_lc.tbl
Resolving exoplanetarchive.ipac.caltech.edu (exoplanetarchive.ipac.caltech.edu)... 134.4.54.147
Connecting to exoplanetarchive.ipac.caltech.edu (exoplanetarchive.ipac.caltech.edu)|134.4.54.147|:80... connected.
HTTP request sent, awaiting response... 302 Found
Location: https://exoplanetarchive.ipac.caltech.edu/data/ETSS//Kepler/005/295/06/kplr001026474-2010355172524_llc_lc.tbl [following]
--2019-04-14 14:18:39--  https://exoplanetarchive.ipac.caltech.edu/data/ETSS//Kepler/005/295/06/kplr001026474-2010355172524_llc_lc.tbl
Connecting to exoplanetarchive.ipac.caltech.edu (exoplanetarchive.ipac.caltech.edu)|134.4.54.147|:443... connected.
HTTP request sent, awaiting response... 200 OK
Length: 1414553 (1,3M) [text/plain]
Saving to: 'kplr001026474-2010355172524_llc_lc.tbl'

     0K .......... .......... .......... .......... ..........  3% 56,2K 24s
    50K .......... .......... .......... .......... ..........  7%  296K 14s
   100K .......... .......... .......... .......... .......... 10%  165K 11s
   150K .......... .......... .......... .......... .......... 14%  320K 9s
   200K .......... .......... .......... .......... .......... 18%  299K 8s
   250K .......... .......... .......... .......... .......... 21%  318K 7s
   300K .......... .......... .......... .......... .......... 25%  361K 6s
   350K .......... .......... .......... .......... .......... 28%  312K 5s
   400K .......... .......... .......... .......... .......... 32%  306K 5s
   450K .......... .......... .......... .......... .......... 36%  318K 4s
   500K .......... .......... .......... .......... .......... 39% 1,97M 4s
   550K .......... .......... .......... .......... .......... 43%  343K 3s
   600K .......... .......... .......... .......... .......... 47%  315K 3s
   650K .......... .......... .......... .......... .......... 50%  327K 3s
   700K .......... .......... .......... .......... .......... 54% 2,00M 2s
   750K .......... .......... .......... .......... .......... 57%  353K 2s
   800K .......... .......... .......... .......... .......... 61% 1,13M 2s
   850K .......... .......... .......... .......... .......... 65%  407K 2s
   900K .......... .......... .......... .......... .......... 68% 1,05M 2s
   950K .......... .......... .......... .......... .......... 72%  426K 1s
  1000K .......... .......... .......... .......... .......... 76% 1,04M 1s
  1050K .......... .......... .......... .......... .......... 79% 2,19M 1s
  1100K .......... .......... .......... .......... .......... 83%  453K 1s
  1150K .......... .......... .......... .......... .......... 86%  983K 1s
  1200K .......... .......... .......... .......... .......... 90%  447K 0s
  1250K .......... .......... .......... .......... .......... 94% 2,53M 0s
  1300K .......... .......... .......... .......... .......... 97%  918K 0s
  1350K .......... .......... .......... .                    100% 3,74M=3,9s

2019-04-14 14:18:44 (358 KB/s) - 'kplr001026474-2010355172524_llc_lc.tbl' saved [1414553/1414553]

--2019-04-14 14:18:44--  http://exoplanetarchive.ipac.caltech.edu/data/ETSS//Kepler/005/411/92/kplr001026474-2011073133259_llc.fits
Resolving exoplanetarchive.ipac.caltech.edu (exoplanetarchive.ipac.caltech.edu)... 134.4.54.147
Connecting to exoplanetarchive.ipac.caltech.edu (exoplanetarchive.ipac.caltech.edu)|134.4.54.147|:80... connected.
HTTP request sent, awaiting response... 302 Found
Location: https://exoplanetarchive.ipac.caltech.edu/data/ETSS//Kepler/005/411/92/kplr001026474-2011073133259_llc.fits [following]
--2019-04-14 14:18:44--  https://exoplanetarchive.ipac.caltech.edu/data/ETSS//Kepler/005/411/92/kplr001026474-2011073133259_llc.fits
Connecting to exoplanetarchive.ipac.caltech.edu (exoplanetarchive.ipac.caltech.edu)|134.4.54.147|:443... connected.
HTTP request sent, awaiting response... 200 OK
Length: 357120 (349K) [image/x-fits]
Saving to: 'kplr001026474-2011073133259_llc.fits'

     0K .......... .......... .......... .......... .......... 14% 62,5K 5s
    50K .......... .......... .......... .......... .......... 28%  288K 2s
   100K .......... .......... .......... .......... .......... 43%  162K 2s
   150K .......... .......... .......... .......... .......... 57%  302K 1s
   200K .......... .......... .......... .......... .......... 71%  301K 1s
   250K .......... .......... .......... .......... .......... 86%  326K 0s
   300K .......... .......... .......... .......... ........  100%  309K=1,9s

2019-04-14 14:18:47 (181 KB/s) - 'kplr001026474-2011073133259_llc.fits' saved [357120/357120]

--2019-04-14 14:18:47--  http://exoplanetarchive.ipac.caltech.edu/data/ETSS//Kepler/005/428/71/kplr001026474-2011073133259_llc_lc.tbl
Resolving exoplanetarchive.ipac.caltech.edu (exoplanetarchive.ipac.caltech.edu)... 134.4.54.147
Connecting to exoplanetarchive.ipac.caltech.edu (exoplanetarchive.ipac.caltech.edu)|134.4.54.147|:80... connected.
HTTP request sent, awaiting response... 302 Found
Location: https://exoplanetarchive.ipac.caltech.edu/data/ETSS//Kepler/005/428/71/kplr001026474-2011073133259_llc_lc.tbl [following]
--2019-04-14 14:18:47--  https://exoplanetarchive.ipac.caltech.edu/data/ETSS//Kepler/005/428/71/kplr001026474-2011073133259_llc_lc.tbl
Connecting to exoplanetarchive.ipac.caltech.edu (exoplanetarchive.ipac.caltech.edu)|134.4.54.147|:443... connected.
HTTP request sent, awaiting response... 200 OK
Length: 1061641 (1,0M) [text/plain]
Saving to: 'kplr001026474-2011073133259_llc_lc.tbl'

     0K .......... .......... .......... .......... ..........  4% 66,1K 15s
    50K .......... .......... .......... .......... ..........  9%  161K 10s
   100K .......... .......... .......... .......... .......... 14%  155K 8s
   150K .......... .......... .......... .......... .......... 19%  295K 7s
   200K .......... .......... .......... .......... .......... 24%  292K 5s
   250K .......... .......... .......... .......... .......... 28%  307K 5s
   300K .......... .......... .......... .......... .......... 33%  300K 4s
   350K .......... .......... .......... .......... .......... 38%  325K 4s
   400K .......... .......... .......... .......... .......... 43%  297K 3s
   450K .......... .......... .......... .......... .......... 48%  400K 3s
   500K .......... .......... .......... .......... .......... 53%  315K 2s
   550K .......... .......... .......... .......... .......... 57%  921K 2s
   600K .......... .......... .......... .......... .......... 62%  398K 2s
   650K .......... .......... .......... .......... .......... 67% 1,10M 1s
   700K .......... .......... .......... .......... .......... 72%  328K 1s
   750K .......... .......... .......... .......... .......... 77%  418K 1s
   800K .......... .......... .......... .......... .......... 81%  915K 1s
   850K .......... .......... .......... .......... .......... 86%  419K 1s
   900K .......... .......... .......... .......... .......... 91% 1,23M 0s
   950K .......... .......... .......... .......... .......... 96%  416K 0s
  1000K .......... .......... .......... ......               100% 2,91M=3,5s

2019-04-14 14:18:52 (296 KB/s) - 'kplr001026474-2011073133259_llc_lc.tbl' saved [1061641/1061641]

--2019-04-14 14:18:52--  http://exoplanetarchive.ipac.caltech.edu/data/ETSS//Kepler/005/311/40/kplr001026474-2011177032512_llc.fits
Resolving exoplanetarchive.ipac.caltech.edu (exoplanetarchive.ipac.caltech.edu)... 134.4.54.147
Connecting to exoplanetarchive.ipac.caltech.edu (exoplanetarchive.ipac.caltech.edu)|134.4.54.147|:80... connected.
HTTP request sent, awaiting response... 302 Found
Location: https://exoplanetarchive.ipac.caltech.edu/data/ETSS//Kepler/005/311/40/kplr001026474-2011177032512_llc.fits [following]
--2019-04-14 14:18:52--  https://exoplanetarchive.ipac.caltech.edu/data/ETSS//Kepler/005/311/40/kplr001026474-2011177032512_llc.fits
Connecting to exoplanetarchive.ipac.caltech.edu (exoplanetarchive.ipac.caltech.edu)|134.4.54.147|:443... connected.
HTTP request sent, awaiting response... 200 OK
Length: 506880 (495K) [image/x-fits]
Saving to: 'kplr001026474-2011177032512_llc.fits'

     0K .......... .......... .......... .......... .......... 10% 64,9K 7s
    50K .......... .......... .......... .......... .......... 20%  170K 4s
   100K .......... .......... .......... .......... .......... 30%  272K 3s
   150K .......... .......... .......... .......... .......... 40%  318K 2s
   200K .......... .......... .......... .......... .......... 50%  316K 2s
   250K .......... .......... .......... .......... .......... 60%  329K 1s
   300K .......... .......... .......... .......... .......... 70%  352K 1s
   350K .......... .......... .......... .......... .......... 80%  319K 0s
   400K .......... .......... .......... .......... .......... 90%  319K 0s
   450K .......... .......... .......... .......... .....     100% 1,18M=2,2s

2019-04-14 14:18:55 (224 KB/s) - 'kplr001026474-2011177032512_llc.fits' saved [506880/506880]

--2019-04-14 14:18:55--  http://exoplanetarchive.ipac.caltech.edu/data/ETSS//Kepler/005/328/14/kplr001026474-2011177032512_llc_lc.tbl
Resolving exoplanetarchive.ipac.caltech.edu (exoplanetarchive.ipac.caltech.edu)... 134.4.54.147
Connecting to exoplanetarchive.ipac.caltech.edu (exoplanetarchive.ipac.caltech.edu)|134.4.54.147|:80... connected.
HTTP request sent, awaiting response... 302 Found
Location: https://exoplanetarchive.ipac.caltech.edu/data/ETSS//Kepler/005/328/14/kplr001026474-2011177032512_llc_lc.tbl [following]
--2019-04-14 14:18:56--  https://exoplanetarchive.ipac.caltech.edu/data/ETSS//Kepler/005/328/14/kplr001026474-2011177032512_llc_lc.tbl
Connecting to exoplanetarchive.ipac.caltech.edu (exoplanetarchive.ipac.caltech.edu)|134.4.54.147|:443... connected.
HTTP request sent, awaiting response... 200 OK
Length: 1540951 (1,5M) [text/plain]
Saving to: 'kplr001026474-2011177032512_llc_lc.tbl'

     0K .......... .......... .......... .......... ..........  3% 64,5K 23s
    50K .......... .......... .......... .......... ..........  6%  163K 15s
   100K .......... .......... .......... .......... ..........  9%  294K 11s
   150K .......... .......... .......... .......... .......... 13%  313K 9s
   200K .......... .......... .......... .......... .......... 16%  310K 8s
   250K .......... .......... .......... .......... .......... 19%  168K 8s
   300K .......... .......... .......... .......... .......... 23%  311K 7s
   350K .......... .......... .......... .......... .......... 26%  294K 6s
   400K .......... .......... .......... .......... .......... 29%  295K 6s
   450K .......... .......... .......... .......... .......... 33% 1,75M 5s
   500K .......... .......... .......... .......... .......... 36%  339K 4s
   550K .......... .......... .......... .......... .......... 39%  319K 4s
   600K .......... .......... .......... .......... .......... 43%  325K 4s
   650K .......... .......... .......... .......... .......... 46% 2,79M 3s
   700K .......... .......... .......... .......... .......... 49%  312K 3s
   750K .......... .......... .......... .......... .......... 53% 2,21M 3s
   800K .......... .......... .......... .......... .......... 56%  302K 2s
   850K .......... .......... .......... .......... .......... 59%  393K 2s
   900K .......... .......... .......... .......... .......... 63% 1,14M 2s
   950K .......... .......... .......... .......... .......... 66% 2,49M 2s
  1000K .......... .......... .......... .......... .......... 69%  432K 2s
  1050K .......... .......... .......... .......... .......... 73%  957K 1s
  1100K .......... .......... .......... .......... .......... 76% 2,76M 1s
  1150K .......... .......... .......... .......... .......... 79%  462K 1s
  1200K .......... .......... .......... .......... .......... 83%  790K 1s
  1250K .......... .......... .......... .......... .......... 86%  465K 1s
  1300K .......... .......... .......... .......... .......... 89%  832K 0s
  1350K .......... .......... .......... .......... .......... 93%  509K 0s
  1400K .......... .......... .......... .......... .......... 96% 2,76M 0s
  1450K .......... .......... .......... .......... .......... 99%  746K 0s
  1500K ....                                                  100% 8,33M=4,1s

2019-04-14 14:19:01 (365 KB/s) - 'kplr001026474-2011177032512_llc_lc.tbl' saved [1540951/1540951]

--2019-04-14 14:19:01--  http://exoplanetarchive.ipac.caltech.edu/data/ETSS//Kepler/005/445/49/kplr001026474-2011271113734_llc.fits
Resolving exoplanetarchive.ipac.caltech.edu (exoplanetarchive.ipac.caltech.edu)... 134.4.54.147
Connecting to exoplanetarchive.ipac.caltech.edu (exoplanetarchive.ipac.caltech.edu)|134.4.54.147|:80... connected.
HTTP request sent, awaiting response... 302 Found
Location: https://exoplanetarchive.ipac.caltech.edu/data/ETSS//Kepler/005/445/49/kplr001026474-2011271113734_llc.fits [following]
--2019-04-14 14:19:01--  https://exoplanetarchive.ipac.caltech.edu/data/ETSS//Kepler/005/445/49/kplr001026474-2011271113734_llc.fits
Connecting to exoplanetarchive.ipac.caltech.edu (exoplanetarchive.ipac.caltech.edu)|134.4.54.147|:443... connected.
HTTP request sent, awaiting response... 200 OK
Length: 486720 (475K) [image/x-fits]
Saving to: 'kplr001026474-2011271113734_llc.fits'

     0K .......... .......... .......... .......... .......... 10% 64,3K 7s
    50K .......... .......... .......... .......... .......... 21%  277K 4s
   100K .......... .......... .......... .......... .......... 31%  177K 3s
   150K .......... .......... .......... .......... .......... 42%  303K 2s
   200K .......... .......... .......... .......... .......... 52%  304K 1s
   250K .......... .......... .......... .......... .......... 63%  313K 1s
   300K .......... .......... .......... .......... .......... 73% 1,25M 1s
   350K .......... .......... .......... .......... .......... 84%  323K 0s
   400K .......... .......... .......... .......... .......... 94%  306K 0s
   450K .......... .......... .....                           100% 5,36M=2,1s

2019-04-14 14:19:04 (227 KB/s) - 'kplr001026474-2011271113734_llc.fits' saved [486720/486720]

--2019-04-14 14:19:04--  http://exoplanetarchive.ipac.caltech.edu/data/ETSS//Kepler/005/462/19/kplr001026474-2011271113734_llc_lc.tbl
Resolving exoplanetarchive.ipac.caltech.edu (exoplanetarchive.ipac.caltech.edu)... 134.4.54.147
Connecting to exoplanetarchive.ipac.caltech.edu (exoplanetarchive.ipac.caltech.edu)|134.4.54.147|:80... connected.
HTTP request sent, awaiting response... 302 Found
Location: https://exoplanetarchive.ipac.caltech.edu/data/ETSS//Kepler/005/462/19/kplr001026474-2011271113734_llc_lc.tbl [following]
--2019-04-14 14:19:05--  https://exoplanetarchive.ipac.caltech.edu/data/ETSS//Kepler/005/462/19/kplr001026474-2011271113734_llc_lc.tbl
Connecting to exoplanetarchive.ipac.caltech.edu (exoplanetarchive.ipac.caltech.edu)|134.4.54.147|:443... connected.
HTTP request sent, awaiting response... 200 OK
Length: 1478315 (1,4M) [text/plain]
Saving to: 'kplr001026474-2011271113734_llc_lc.tbl'

     0K .......... .......... .......... .......... ..........  3% 54,6K 26s
    50K .......... .......... .......... .......... ..........  6%  162K 16s
   100K .......... .......... .......... .......... .......... 10%  248K 12s
   150K .......... .......... .......... .......... .......... 13%  317K 10s
   200K .......... .......... .......... .......... .......... 17%  186K 9s
   250K .......... .......... .......... .......... .......... 20%  326K 8s
   300K .......... .......... .......... .......... .......... 24%  322K 7s
   350K .......... .......... .......... .......... .......... 27%  319K 6s
   400K .......... .......... .......... .......... .......... 31% 1,81M 5s
   450K .......... .......... .......... .......... .......... 34%  316K 5s
   500K .......... .......... .......... .......... .......... 38%  338K 4s
   550K .......... .......... .......... .......... .......... 41%  319K 4s
   600K .......... .......... .......... .......... .......... 45% 1,75M 3s
   650K .......... .......... .......... .......... .......... 48%  336K 3s
   700K .......... .......... .......... .......... .......... 51% 1,92M 3s
   750K .......... .......... .......... .......... .......... 55%  333K 3s
   800K .......... .......... .......... .......... .......... 58%  362K 2s
   850K .......... .......... .......... .......... .......... 62% 1,52M 2s
   900K .......... .......... .......... .......... .......... 65% 2,96M 2s
   950K .......... .......... .......... .......... .......... 69%  370K 2s
  1000K .......... .......... .......... .......... .......... 72% 1,70M 1s
  1050K .......... .......... .......... .......... .......... 76%  350K 1s
  1100K .......... .......... .......... .......... .......... 79% 2,85M 1s
  1150K .......... .......... .......... .......... .......... 83% 1,83M 1s
  1200K .......... .......... .......... .......... .......... 86%  347K 1s
  1250K .......... .......... .......... .......... .......... 90% 1,71M 0s
  1300K .......... .......... .......... .......... .......... 93%  378K 0s
  1350K .......... .......... .......... .......... .......... 96% 1,62M 0s
  1400K .......... .......... .......... .......... ...       100% 2,75M=4,0s

2019-04-14 14:19:09 (357 KB/s) - 'kplr001026474-2011271113734_llc_lc.tbl' saved [1478315/1478315]

--2019-04-14 14:19:10--  http://exoplanetarchive.ipac.caltech.edu/data/ETSS//Kepler/005/478/89/kplr001026474-2012004120508_llc.fits
Resolving exoplanetarchive.ipac.caltech.edu (exoplanetarchive.ipac.caltech.edu)... 134.4.54.147
Connecting to exoplanetarchive.ipac.caltech.edu (exoplanetarchive.ipac.caltech.edu)|134.4.54.147|:80... connected.
HTTP request sent, awaiting response... 302 Found
Location: https://exoplanetarchive.ipac.caltech.edu/data/ETSS//Kepler/005/478/89/kplr001026474-2012004120508_llc.fits [following]
--2019-04-14 14:19:10--  https://exoplanetarchive.ipac.caltech.edu/data/ETSS//Kepler/005/478/89/kplr001026474-2012004120508_llc.fits
Connecting to exoplanetarchive.ipac.caltech.edu (exoplanetarchive.ipac.caltech.edu)|134.4.54.147|:443... connected.
HTTP request sent, awaiting response... 200 OK
Length: 506880 (495K) [image/x-fits]
Saving to: 'kplr001026474-2012004120508_llc.fits'

     0K .......... .......... .......... .......... .......... 10% 54,9K 8s
    50K .......... .......... .......... .......... .......... 20%  165K 5s
   100K .......... .......... .......... .......... .......... 30%  219K 3s
   150K .......... .......... .......... .......... .......... 40%  191K 3s
   200K .......... .......... .......... .......... .......... 50%  251K 2s
   250K .......... .......... .......... .......... .......... 60%  331K 1s
   300K .......... .......... .......... .......... .......... 70%  311K 1s
   350K .......... .......... .......... .......... .......... 80% 2,45M 1s
   400K .......... .......... .......... .......... .......... 90%  317K 0s
   450K .......... .......... .......... .......... .....     100%  323K=2,5s

2019-04-14 14:19:13 (195 KB/s) - 'kplr001026474-2012004120508_llc.fits' saved [506880/506880]

--2019-04-14 14:19:13--  http://exoplanetarchive.ipac.caltech.edu/data/ETSS//Kepler/005/495/30/kplr001026474-2012004120508_llc_lc.tbl
Resolving exoplanetarchive.ipac.caltech.edu (exoplanetarchive.ipac.caltech.edu)... 134.4.54.147
Connecting to exoplanetarchive.ipac.caltech.edu (exoplanetarchive.ipac.caltech.edu)|134.4.54.147|:80... connected.
HTTP request sent, awaiting response... 302 Found
Location: https://exoplanetarchive.ipac.caltech.edu/data/ETSS//Kepler/005/495/30/kplr001026474-2012004120508_llc_lc.tbl [following]
--2019-04-14 14:19:14--  https://exoplanetarchive.ipac.caltech.edu/data/ETSS//Kepler/005/495/30/kplr001026474-2012004120508_llc_lc.tbl
Connecting to exoplanetarchive.ipac.caltech.edu (exoplanetarchive.ipac.caltech.edu)|134.4.54.147|:443... connected.
HTTP request sent, awaiting response... 200 OK
Length: 1536600 (1,5M) [text/plain]
Saving to: 'kplr001026474-2012004120508_llc_lc.tbl'

     0K .......... .......... .......... .......... ..........  3% 54,5K 27s
    50K .......... .......... .......... .......... ..........  6%  297K 15s
   100K .......... .......... .......... .......... ..........  9%  167K 12s
   150K .......... .......... .......... .......... .......... 13%  314K 10s
   200K .......... .......... .......... .......... .......... 16%  310K 9s
   250K .......... .......... .......... .......... .......... 19%  319K 7s
   300K .......... .......... .......... .......... .......... 23%  340K 7s
   350K .......... .......... .......... .......... .......... 26%  307K 6s
   400K .......... .......... .......... .......... .......... 29%  301K 5s
   450K .......... .......... .......... .......... .......... 33%  353K 5s
   500K .......... .......... .......... .......... .......... 36% 1,57M 4s
   550K .......... .......... .......... .......... .......... 39%  329K 4s
   600K .......... .......... .......... .......... .......... 43%  322K 4s
   650K .......... .......... .......... .......... .......... 46% 2,20M 3s
   700K .......... .......... .......... .......... .......... 49%  340K 3s
   750K .......... .......... .......... .......... .......... 53% 2,59M 3s
   800K .......... .......... .......... .......... .......... 56%  324K 2s
   850K .......... .......... .......... .......... .......... 59%  370K 2s
   900K .......... .......... .......... .......... .......... 63% 1,53M 2s
   950K .......... .......... .......... .......... .......... 66% 2,81M 2s
  1000K .......... .......... .......... .......... .......... 69%  359K 1s
  1050K .......... .......... .......... .......... .......... 73% 1,98M 1s
  1100K .......... .......... .......... .......... .......... 76%  353K 1s
  1150K .......... .......... .......... .......... .......... 79% 3,01M 1s
  1200K .......... .......... .......... .......... .......... 83% 1,61M 1s
  1250K .......... .......... .......... .......... .......... 86%  361K 1s
  1300K .......... .......... .......... .......... .......... 89% 1,82M 0s
  1350K .......... .......... .......... .......... .......... 93%  385K 0s
  1400K .......... .......... .......... .......... .......... 96% 1,54M 0s
  1450K .......... .......... .......... .......... .......... 99% 3,41M 0s
  1500K                                                       100% 11,2G=4,0s

2019-04-14 14:19:19 (372 KB/s) - 'kplr001026474-2012004120508_llc_lc.tbl' saved [1536600/1536600]

--2019-04-14 14:19:19--  http://exoplanetarchive.ipac.caltech.edu/data/ETSS//Kepler/005/511/72/kplr001026474-2012088054726_llc.fits
Resolving exoplanetarchive.ipac.caltech.edu (exoplanetarchive.ipac.caltech.edu)... 134.4.54.147
Connecting to exoplanetarchive.ipac.caltech.edu (exoplanetarchive.ipac.caltech.edu)|134.4.54.147|:80... connected.
HTTP request sent, awaiting response... 302 Found
Location: https://exoplanetarchive.ipac.caltech.edu/data/ETSS//Kepler/005/511/72/kplr001026474-2012088054726_llc.fits [following]
--2019-04-14 14:19:19--  https://exoplanetarchive.ipac.caltech.edu/data/ETSS//Kepler/005/511/72/kplr001026474-2012088054726_llc.fits
Connecting to exoplanetarchive.ipac.caltech.edu (exoplanetarchive.ipac.caltech.edu)|134.4.54.147|:443... connected.
HTTP request sent, awaiting response... 200 OK
Length: 434880 (425K) [image/x-fits]
Saving to: 'kplr001026474-2012088054726_llc.fits'

     0K .......... .......... .......... .......... .......... 11% 55,1K 7s
    50K .......... .......... .......... .......... .......... 23%  167K 4s
   100K .......... .......... .......... .......... .......... 35%  169K 3s
   150K .......... .......... .......... .......... .......... 47%  320K 2s
   200K .......... .......... .......... .......... .......... 58%  173K 1s
   250K .......... .......... .......... .......... .......... 70%  341K 1s
   300K .......... .......... .......... .......... .......... 82%  328K 0s
   350K .......... .......... .......... .......... .......... 94%  339K 0s
   400K .......... .......... ....                            100% 1,39M=2,4s

2019-04-14 14:19:22 (176 KB/s) - 'kplr001026474-2012088054726_llc.fits' saved [434880/434880]

--2019-04-14 14:19:22--  http://exoplanetarchive.ipac.caltech.edu/data/ETSS//Kepler/005/528/41/kplr001026474-2012088054726_llc_lc.tbl
Resolving exoplanetarchive.ipac.caltech.edu (exoplanetarchive.ipac.caltech.edu)... 134.4.54.147
Connecting to exoplanetarchive.ipac.caltech.edu (exoplanetarchive.ipac.caltech.edu)|134.4.54.147|:80... connected.
HTTP request sent, awaiting response... 302 Found
Location: https://exoplanetarchive.ipac.caltech.edu/data/ETSS//Kepler/005/528/41/kplr001026474-2012088054726_llc_lc.tbl [following]
--2019-04-14 14:19:23--  https://exoplanetarchive.ipac.caltech.edu/data/ETSS//Kepler/005/528/41/kplr001026474-2012088054726_llc_lc.tbl
Connecting to exoplanetarchive.ipac.caltech.edu (exoplanetarchive.ipac.caltech.edu)|134.4.54.147|:443... connected.
HTTP request sent, awaiting response... 200 OK
Length: 1307975 (1,2M) [text/plain]
Saving to: 'kplr001026474-2012088054726_llc_lc.tbl'

     0K .......... .......... .......... .......... ..........  3% 63,0K 19s
    50K .......... .......... .......... .......... ..........  7%  159K 13s
   100K .......... .......... .......... .......... .......... 11%  275K 10s
   150K .......... .......... .......... .......... .......... 15%  172K 9s
   200K .......... .......... .......... .......... .......... 19%  310K 7s
   250K .......... .......... .......... .......... .......... 23%  318K 6s
   300K .......... .......... .......... .......... .......... 27%  277K 6s
   350K .......... .......... .......... .......... .......... 31%  307K 5s
   400K .......... .......... .......... .......... .......... 35%  303K 4s
   450K .......... .......... .......... .......... .......... 39% 2,43M 4s
   500K .......... .......... .......... .......... .......... 43%  313K 3s
   550K .......... .......... .......... .......... .......... 46%  328K 3s
   600K .......... .......... .......... .......... .......... 50%  312K 3s
   650K .......... .......... .......... .......... .......... 54% 2,21M 2s
   700K .......... .......... .......... .......... .......... 58%  316K 2s
   750K .......... .......... .......... .......... .......... 62%  320K 2s
   800K .......... .......... .......... .......... .......... 66% 1,68M 2s
   850K .......... .......... .......... .......... .......... 70%  312K 1s
   900K .......... .......... .......... .......... .......... 74% 2,31M 1s
   950K .......... .......... .......... .......... .......... 78%  334K 1s
  1000K .......... .......... .......... .......... .......... 82% 2,27M 1s
  1050K .......... .......... .......... .......... .......... 86%  340K 1s
  1100K .......... .......... .......... .......... .......... 90% 1,81M 0s
  1150K .......... .......... .......... .......... .......... 93%  359K 0s
  1200K .......... .......... .......... .......... .......... 97% 1,79M 0s
  1250K .......... .......... .......                         100% 1,91M=4,0s

2019-04-14 14:19:28 (322 KB/s) - 'kplr001026474-2012088054726_llc_lc.tbl' saved [1307975/1307975]

--2019-04-14 14:19:28--  http://exoplanetarchive.ipac.caltech.edu/data/ETSS//Kepler/005/545/11/kplr001026474-2012179063303_llc.fits
Resolving exoplanetarchive.ipac.caltech.edu (exoplanetarchive.ipac.caltech.edu)... 134.4.54.147
Connecting to exoplanetarchive.ipac.caltech.edu (exoplanetarchive.ipac.caltech.edu)|134.4.54.147|:80... connected.
HTTP request sent, awaiting response... 302 Found
Location: https://exoplanetarchive.ipac.caltech.edu/data/ETSS//Kepler/005/545/11/kplr001026474-2012179063303_llc.fits [following]
--2019-04-14 14:19:28--  https://exoplanetarchive.ipac.caltech.edu/data/ETSS//Kepler/005/545/11/kplr001026474-2012179063303_llc.fits
Connecting to exoplanetarchive.ipac.caltech.edu (exoplanetarchive.ipac.caltech.edu)|134.4.54.147|:443... connected.
HTTP request sent, awaiting response... 200 OK
Length: 472320 (461K) [image/x-fits]
Saving to: 'kplr001026474-2012179063303_llc.fits'

     0K .......... .......... .......... .......... .......... 10% 65,6K 6s
    50K .......... .......... .......... .......... .......... 21%  161K 4s
   100K .......... .......... .......... .......... .......... 32%  170K 3s
   150K .......... .......... .......... .......... .......... 43%  305K 2s
   200K .......... .......... .......... .......... .......... 54%  317K 1s
   250K .......... .......... .......... .......... .......... 65%  322K 1s
   300K .......... .......... .......... .......... .......... 75%  320K 1s
   350K .......... .......... .......... .......... .......... 86% 1,85M 0s
   400K .......... .......... .......... .......... .......... 97%  318K 0s
   450K .......... .                                          100% 21,1M=2,2s

2019-04-14 14:19:31 (211 KB/s) - 'kplr001026474-2012179063303_llc.fits' saved [472320/472320]

--2019-04-14 14:19:31--  http://exoplanetarchive.ipac.caltech.edu/data/ETSS//Kepler/005/561/78/kplr001026474-2012179063303_llc_lc.tbl
Resolving exoplanetarchive.ipac.caltech.edu (exoplanetarchive.ipac.caltech.edu)... 134.4.54.147
Connecting to exoplanetarchive.ipac.caltech.edu (exoplanetarchive.ipac.caltech.edu)|134.4.54.147|:80... connected.
HTTP request sent, awaiting response... 302 Found
Location: https://exoplanetarchive.ipac.caltech.edu/data/ETSS//Kepler/005/561/78/kplr001026474-2012179063303_llc_lc.tbl [following]
--2019-04-14 14:19:31--  https://exoplanetarchive.ipac.caltech.edu/data/ETSS//Kepler/005/561/78/kplr001026474-2012179063303_llc_lc.tbl
Connecting to exoplanetarchive.ipac.caltech.edu (exoplanetarchive.ipac.caltech.edu)|134.4.54.147|:443... connected.
HTTP request sent, awaiting response... 200 OK
Length: 1429175 (1,4M) [text/plain]
Saving to: 'kplr001026474-2012179063303_llc_lc.tbl'

     0K .......... .......... .......... .......... ..........  3% 54,2K 25s
    50K .......... .......... .......... .......... ..........  7%  111K 18s
   100K .......... .......... .......... .......... .......... 10%  166K 14s
   150K .......... .......... .......... .......... .......... 14%  164K 12s
   200K .......... .......... .......... .......... .......... 17%  319K 10s
   250K .......... .......... .......... .......... .......... 21%  322K 8s
   300K .......... .......... .......... .......... .......... 25%  325K 7s
   350K .......... .......... .......... .......... .......... 28%  325K 6s
   400K .......... .......... .......... .......... .......... 32%  164K 6s
   450K .......... .......... .......... .......... .......... 35%  337K 5s
   500K .......... .......... .......... .......... .......... 39% 5,22M 5s
   550K .......... .......... .......... .......... .......... 42%  331K 4s
   600K .......... .......... .......... .......... .......... 46%  320K 4s
   650K .......... .......... .......... .......... .......... 50%  349K 3s
   700K .......... .......... .......... .......... .......... 53% 6,97M 3s
   750K .......... .......... .......... .......... .......... 57%  327K 3s
   800K .......... .......... .......... .......... .......... 60%  336K 2s
   850K .......... .......... .......... .......... .......... 64%  357K 2s
   900K .......... .......... .......... .......... .......... 68% 3,94M 2s
   950K .......... .......... .......... .......... .......... 71%  332K 2s
  1000K .......... .......... .......... .......... .......... 75%  327K 1s
  1050K .......... .......... .......... .......... .......... 78% 3,92M 1s
  1100K .......... .......... .......... .......... .......... 82%  365K 1s
  1150K .......... .......... .......... .......... .......... 85% 6,75M 1s
  1200K .......... .......... .......... .......... .......... 89%  341K 1s
  1250K .......... .......... .......... .......... .......... 93%  349K 0s
  1300K .......... .......... .......... .......... .......... 96% 7,26M 0s
  1350K .......... .......... .......... .......... .....     100% 3,44M=4,7s

2019-04-14 14:19:37 (294 KB/s) - 'kplr001026474-2012179063303_llc_lc.tbl' saved [1429175/1429175]

--2019-04-14 14:19:37--  http://exoplanetarchive.ipac.caltech.edu/data/ETSS//Kepler/005/578/45/kplr001026474-2012277125453_llc.fits
Resolving exoplanetarchive.ipac.caltech.edu (exoplanetarchive.ipac.caltech.edu)... 134.4.54.147
Connecting to exoplanetarchive.ipac.caltech.edu (exoplanetarchive.ipac.caltech.edu)|134.4.54.147|:80... connected.
HTTP request sent, awaiting response... 302 Found
Location: https://exoplanetarchive.ipac.caltech.edu/data/ETSS//Kepler/005/578/45/kplr001026474-2012277125453_llc.fits [following]
--2019-04-14 14:19:38--  https://exoplanetarchive.ipac.caltech.edu/data/ETSS//Kepler/005/578/45/kplr001026474-2012277125453_llc.fits
Connecting to exoplanetarchive.ipac.caltech.edu (exoplanetarchive.ipac.caltech.edu)|134.4.54.147|:443... connected.
HTTP request sent, awaiting response... 200 OK
Length: 506880 (495K) [image/x-fits]
Saving to: 'kplr001026474-2012277125453_llc.fits'

     0K .......... .......... .......... .......... .......... 10% 54,5K 8s
    50K .......... .......... .......... .......... .......... 20%  158K 5s
   100K .......... .......... .......... .......... .......... 30%  295K 3s
   150K .......... .......... .......... .......... .......... 40%  164K 3s
   200K .......... .......... .......... .......... .......... 50%  294K 2s
   250K .......... .......... .......... .......... .......... 60%  305K 1s
   300K .......... .......... .......... .......... .......... 70%  307K 1s
   350K .......... .......... .......... .......... .......... 80%  318K 1s
   400K .......... .......... .......... .......... .......... 90%  309K 0s
   450K .......... .......... .......... .......... .....     100%  295K=2,7s

2019-04-14 14:19:41 (185 KB/s) - 'kplr001026474-2012277125453_llc.fits' saved [506880/506880]

--2019-04-14 14:19:41--  http://exoplanetarchive.ipac.caltech.edu/data/ETSS//Kepler/005/595/15/kplr001026474-2012277125453_llc_lc.tbl
Resolving exoplanetarchive.ipac.caltech.edu (exoplanetarchive.ipac.caltech.edu)... 134.4.54.147
Connecting to exoplanetarchive.ipac.caltech.edu (exoplanetarchive.ipac.caltech.edu)|134.4.54.147|:80... connected.
HTTP request sent, awaiting response... 302 Found
Location: https://exoplanetarchive.ipac.caltech.edu/data/ETSS//Kepler/005/595/15/kplr001026474-2012277125453_llc_lc.tbl [following]
--2019-04-14 14:19:42--  https://exoplanetarchive.ipac.caltech.edu/data/ETSS//Kepler/005/595/15/kplr001026474-2012277125453_llc_lc.tbl
Connecting to exoplanetarchive.ipac.caltech.edu (exoplanetarchive.ipac.caltech.edu)|134.4.54.147|:443... connected.
HTTP request sent, awaiting response... 200 OK
Length: 1537558 (1,5M) [text/plain]
Saving to: 'kplr001026474-2012277125453_llc_lc.tbl'

     0K .......... .......... .......... .......... ..........  3% 53,1K 27s
    50K .......... .......... .......... .......... ..........  6%  142K 18s
   100K .......... .......... .......... .......... ..........  9%  185K 14s
   150K .......... .......... .......... .......... .......... 13%  307K 11s
   200K .......... .......... .......... .......... .......... 16%  225K 10s
   250K .......... .......... .......... .......... .......... 19%  318K 8s
   300K .......... .......... .......... .......... .......... 23%  314K 7s
   350K .......... .......... .......... .......... .......... 26%  453K 7s
   400K .......... .......... .......... .......... .......... 29%  289K 6s
   450K .......... .......... .......... .......... .......... 33%  946K 5s
   500K .......... .......... .......... .......... .......... 36%  313K 5s
   550K .......... .......... .......... .......... .......... 39%  414K 4s
   600K .......... .......... .......... .......... .......... 43%  583K 4s
   650K .......... .......... .......... .......... .......... 46%  419K 4s
   700K .......... .......... .......... .......... .......... 49% 1,02M 3s
   750K .......... .......... .......... .......... .......... 53%  544K 3s
   800K .......... .......... .......... .......... .......... 56%  644K 3s
   850K .......... .......... .......... .......... .......... 59%  390K 2s
   900K .......... .......... .......... .......... .......... 63% 1,31M 2s
   950K .......... .......... .......... .......... .......... 66%  365K 2s
  1000K .......... .......... .......... .......... .......... 69% 2,97M 2s
  1050K .......... .......... .......... .......... .......... 73% 1,51M 1s
  1100K .......... .......... .......... .......... .......... 76%  355K 1s
  1150K .......... .......... .......... .......... .......... 79% 1,85M 1s
  1200K .......... .......... .......... .......... .......... 83% 1,92M 1s
  1250K .......... .......... .......... .......... .......... 86%  376K 1s
  1300K .......... .......... .......... .......... .......... 89% 1,38M 0s
  1350K .......... .......... .......... .......... .......... 93%  385K 0s
  1400K .......... .......... .......... .......... .......... 96% 1,76M 0s
  1450K .......... .......... .......... .......... .......... 99% 3,70M 0s
  1500K .                                                     100% 29,0G=4,2s

2019-04-14 14:19:47 (359 KB/s) - 'kplr001026474-2012277125453_llc_lc.tbl' saved [1537558/1537558]

--2019-04-14 14:19:47--  http://exoplanetarchive.ipac.caltech.edu/data/ETSS//Kepler/005/611/85/kplr001026474-2013011073258_llc.fits
Resolving exoplanetarchive.ipac.caltech.edu (exoplanetarchive.ipac.caltech.edu)... 134.4.54.147
Connecting to exoplanetarchive.ipac.caltech.edu (exoplanetarchive.ipac.caltech.edu)|134.4.54.147|:80... connected.
HTTP request sent, awaiting response... 302 Found
Location: https://exoplanetarchive.ipac.caltech.edu/data/ETSS//Kepler/005/611/85/kplr001026474-2013011073258_llc.fits [following]
--2019-04-14 14:19:47--  https://exoplanetarchive.ipac.caltech.edu/data/ETSS//Kepler/005/611/85/kplr001026474-2013011073258_llc.fits
Connecting to exoplanetarchive.ipac.caltech.edu (exoplanetarchive.ipac.caltech.edu)|134.4.54.147|:443... connected.
HTTP request sent, awaiting response... 200 OK
Length: 506880 (495K) [image/x-fits]
Saving to: 'kplr001026474-2013011073258_llc.fits'

     0K .......... .......... .......... .......... .......... 10% 55,6K 8s
    50K .......... .......... .......... .......... .......... 20%  111K 5s
   100K .......... .......... .......... .......... .......... 30%  155K 4s
   150K .......... .......... .......... .......... .......... 40%  163K 3s
   200K .......... .......... .......... .......... .......... 50%  297K 2s
   250K .......... .......... .......... .......... .......... 60%  305K 2s
   300K .......... .......... .......... .......... .......... 70%  323K 1s
   350K .......... .......... .......... .......... .......... 80%  308K 1s
   400K .......... .......... .......... .......... .......... 90%  302K 0s
   450K .......... .......... .......... .......... .....     100%  332K=2,9s

2019-04-14 14:19:51 (169 KB/s) - 'kplr001026474-2013011073258_llc.fits' saved [506880/506880]

--2019-04-14 14:19:51--  http://exoplanetarchive.ipac.caltech.edu/data/ETSS//Kepler/005/628/32/kplr001026474-2013011073258_llc_lc.tbl
Resolving exoplanetarchive.ipac.caltech.edu (exoplanetarchive.ipac.caltech.edu)... 134.4.54.147
Connecting to exoplanetarchive.ipac.caltech.edu (exoplanetarchive.ipac.caltech.edu)|134.4.54.147|:80... connected.
HTTP request sent, awaiting response... 302 Found
Location: https://exoplanetarchive.ipac.caltech.edu/data/ETSS//Kepler/005/628/32/kplr001026474-2013011073258_llc_lc.tbl [following]
--2019-04-14 14:19:51--  https://exoplanetarchive.ipac.caltech.edu/data/ETSS//Kepler/005/628/32/kplr001026474-2013011073258_llc_lc.tbl
Connecting to exoplanetarchive.ipac.caltech.edu (exoplanetarchive.ipac.caltech.edu)|134.4.54.147|:443... connected.
HTTP request sent, awaiting response... 200 OK
Length: 1544977 (1,5M) [text/plain]
Saving to: 'kplr001026474-2013011073258_llc_lc.tbl'

     0K .......... .......... .......... .......... ..........  3% 51,7K 28s
    50K .......... .......... .......... .......... ..........  6%  107K 20s
   100K .......... .......... .......... .......... ..........  9%  294K 15s
   150K .......... .......... .......... .......... .......... 13%  163K 13s
   200K .......... .......... .......... .......... .......... 16%  319K 10s
   250K .......... .......... .......... .......... .......... 19%  304K 9s
   300K .......... .......... .......... .......... .......... 23%  345K 8s
   350K .......... .......... .......... .......... .......... 26%  309K 7s
   400K .......... .......... .......... .......... .......... 29%  324K 6s
   450K .......... .......... .......... .......... .......... 33%  331K 6s
   500K .......... .......... .......... .......... .......... 36% 2,16M 5s
   550K .......... .......... .......... .......... .......... 39%  321K 5s
   600K .......... .......... .......... .......... .......... 43%  366K 4s
   650K .......... .......... .......... .......... .......... 46% 1,99M 4s
   700K .......... .......... .......... .......... .......... 49%  313K 3s
   750K .......... .......... .......... .......... .......... 53%  336K 3s
   800K .......... .......... .......... .......... .......... 56%  321K 3s
   850K .......... .......... .......... .......... .......... 59% 8,27M 2s
   900K .......... .......... .......... .......... .......... 62%  329K 2s
   950K .......... .......... .......... .......... .......... 66% 3,39M 2s
  1000K .......... .......... .......... .......... .......... 69%  344K 2s
  1050K .......... .......... .......... .......... .......... 72% 4,07M 1s
  1100K .......... .......... .......... .......... .......... 76%  366K 1s
  1150K .......... .......... .......... .......... .......... 79% 2,75M 1s
  1200K .......... .......... .......... .......... .......... 82%  362K 1s
  1250K .......... .......... .......... .......... .......... 86% 2,56M 1s
  1300K .......... .......... .......... .......... .......... 89%  374K 1s
  1350K .......... .......... .......... .......... .......... 92% 2,46M 0s
  1400K .......... .......... .......... .......... .......... 96% 5,63M 0s
  1450K .......... .......... .......... .......... .......... 99%  338K 0s
  1500K ........                                              100% 16,1M=4,6s

2019-04-14 14:19:57 (328 KB/s) - 'kplr001026474-2013011073258_llc_lc.tbl' saved [1544977/1544977]

--2019-04-14 14:19:57--  http://exoplanetarchive.ipac.caltech.edu/data/ETSS//Kepler/005/644/79/kplr001026474-2013098041711_llc.fits
Resolving exoplanetarchive.ipac.caltech.edu (exoplanetarchive.ipac.caltech.edu)... 134.4.54.147
Connecting to exoplanetarchive.ipac.caltech.edu (exoplanetarchive.ipac.caltech.edu)|134.4.54.147|:80... connected.
HTTP request sent, awaiting response... 302 Found
Location: https://exoplanetarchive.ipac.caltech.edu/data/ETSS//Kepler/005/644/79/kplr001026474-2013098041711_llc.fits [following]
--2019-04-14 14:19:57--  https://exoplanetarchive.ipac.caltech.edu/data/ETSS//Kepler/005/644/79/kplr001026474-2013098041711_llc.fits
Connecting to exoplanetarchive.ipac.caltech.edu (exoplanetarchive.ipac.caltech.edu)|134.4.54.147|:443... connected.
HTTP request sent, awaiting response... 200 OK
Length: 449280 (439K) [image/x-fits]
Saving to: 'kplr001026474-2013098041711_llc.fits'

     0K .......... .......... .......... .......... .......... 11% 64,2K 6s
    50K .......... .......... .......... .......... .......... 22%  159K 4s
   100K .......... .......... .......... .......... .......... 34%  285K 2s
   150K .......... .......... .......... .......... .......... 45%  302K 2s
   200K .......... .......... .......... .......... .......... 56%  175K 1s
   250K .......... .......... .......... .......... .......... 68%  316K 1s
   300K .......... .......... .......... .......... .......... 79%  315K 1s
   350K .......... .......... .......... .......... .......... 91%  311K 0s
   400K .......... .......... .......... ........             100% 1,19M=2,2s

2019-04-14 14:20:01 (197 KB/s) - 'kplr001026474-2013098041711_llc.fits' saved [449280/449280]

--2019-04-14 14:20:01--  http://exoplanetarchive.ipac.caltech.edu/data/ETSS//Kepler/005/661/55/kplr001026474-2013098041711_llc_lc.tbl
Resolving exoplanetarchive.ipac.caltech.edu (exoplanetarchive.ipac.caltech.edu)... 134.4.54.147
Connecting to exoplanetarchive.ipac.caltech.edu (exoplanetarchive.ipac.caltech.edu)|134.4.54.147|:80... connected.
HTTP request sent, awaiting response... 302 Found
Location: https://exoplanetarchive.ipac.caltech.edu/data/ETSS//Kepler/005/661/55/kplr001026474-2013098041711_llc_lc.tbl [following]
--2019-04-14 14:20:01--  https://exoplanetarchive.ipac.caltech.edu/data/ETSS//Kepler/005/661/55/kplr001026474-2013098041711_llc_lc.tbl
Connecting to exoplanetarchive.ipac.caltech.edu (exoplanetarchive.ipac.caltech.edu)|134.4.54.147|:443... connected.
HTTP request sent, awaiting response... 200 OK
Length: 1359174 (1,3M) [text/plain]
Saving to: 'kplr001026474-2013098041711_llc_lc.tbl'

     0K .......... .......... .......... .......... ..........  3% 55,7K 23s
    50K .......... .......... .......... .......... ..........  7%  111K 17s
   100K .......... .......... .......... .......... .......... 11%  264K 12s
   150K .......... .......... .......... .......... .......... 15%  315K 10s
   200K .......... .......... .......... .......... .......... 18%  191K 8s
   250K .......... .......... .......... .......... .......... 22%  319K 7s
   300K .......... .......... .......... .......... .......... 26%  331K 6s
   350K .......... .......... .......... .......... .......... 30% 1,29M 5s
   400K .......... .......... .......... .......... .......... 33%  315K 5s
   450K .......... .......... .......... .......... .......... 37%  366K 4s
   500K .......... .......... .......... .......... .......... 41% 1,56M 4s
   550K .......... .......... .......... .......... .......... 45%  321K 3s
   600K .......... .......... .......... .......... .......... 48%  447K 3s
   650K .......... .......... .......... .......... .......... 52%  984K 3s
   700K .......... .......... .......... .......... .......... 56%  449K 2s
   750K .......... .......... .......... .......... .......... 60% 1,02M 2s
   800K .......... .......... .......... .......... .......... 64%  415K 2s
   850K .......... .......... .......... .......... .......... 67% 1,11M 2s
   900K .......... .......... .......... .......... .......... 71%  460K 1s
   950K .......... .......... .......... .......... .......... 75%  955K 1s
  1000K .......... .......... .......... .......... .......... 79% 2,62M 1s
  1050K .......... .......... .......... .......... .......... 82%  489K 1s
  1100K .......... .......... .......... .......... .......... 86%  808K 1s
  1150K .......... .......... .......... .......... .......... 90%  502K 0s
  1200K .......... .......... .......... .......... .......... 94% 2,49M 0s
  1250K .......... .......... .......... .......... .......... 97%  829K 0s
  1300K .......... .......... .......                         100%  314K=3,9s

2019-04-14 14:20:06 (342 KB/s) - 'kplr001026474-2013098041711_llc_lc.tbl' saved [1359174/1359174]

--2019-04-14 14:20:06--  http://exoplanetarchive.ipac.caltech.edu/data/ETSS//Kepler/005/678/31/kplr001026474-2013131215648_llc.fits
Resolving exoplanetarchive.ipac.caltech.edu (exoplanetarchive.ipac.caltech.edu)... 134.4.54.147
Connecting to exoplanetarchive.ipac.caltech.edu (exoplanetarchive.ipac.caltech.edu)|134.4.54.147|:80... connected.
HTTP request sent, awaiting response... 302 Found
Location: https://exoplanetarchive.ipac.caltech.edu/data/ETSS//Kepler/005/678/31/kplr001026474-2013131215648_llc.fits [following]
--2019-04-14 14:20:06--  https://exoplanetarchive.ipac.caltech.edu/data/ETSS//Kepler/005/678/31/kplr001026474-2013131215648_llc.fits
Connecting to exoplanetarchive.ipac.caltech.edu (exoplanetarchive.ipac.caltech.edu)|134.4.54.147|:443... connected.
HTTP request sent, awaiting response... 200 OK
Length: 187200 (183K) [image/x-fits]
Saving to: 'kplr001026474-2013131215648_llc.fits'

     0K .......... .......... .......... .......... .......... 27% 55,9K 2s
    50K .......... .......... .......... .......... .......... 54%  162K 1s
   100K .......... .......... .......... .......... .......... 82%  298K 0s
   150K .......... .......... .......... ..                   100%  229K=1,5s

2019-04-14 14:20:09 (121 KB/s) - 'kplr001026474-2013131215648_llc.fits' saved [187200/187200]

--2019-04-14 14:20:09--  http://exoplanetarchive.ipac.caltech.edu/data/ETSS//Kepler/005/695/07/kplr001026474-2013131215648_llc_lc.tbl
Resolving exoplanetarchive.ipac.caltech.edu (exoplanetarchive.ipac.caltech.edu)... 134.4.54.147
Connecting to exoplanetarchive.ipac.caltech.edu (exoplanetarchive.ipac.caltech.edu)|134.4.54.147|:80... connected.
HTTP request sent, awaiting response... 302 Found
Location: https://exoplanetarchive.ipac.caltech.edu/data/ETSS//Kepler/005/695/07/kplr001026474-2013131215648_llc_lc.tbl [following]
--2019-04-14 14:20:09--  https://exoplanetarchive.ipac.caltech.edu/data/ETSS//Kepler/005/695/07/kplr001026474-2013131215648_llc_lc.tbl
Connecting to exoplanetarchive.ipac.caltech.edu (exoplanetarchive.ipac.caltech.edu)|134.4.54.147|:443... connected.
HTTP request sent, awaiting response... 200 OK
Length: 506630 (495K) [text/plain]
Saving to: 'kplr001026474-2013131215648_llc_lc.tbl'

     0K .......... .......... .......... .......... .......... 10% 55,4K 8s
    50K .......... .......... .......... .......... .......... 20%  163K 5s
   100K .......... .......... .......... .......... .......... 30%  166K 3s
   150K .......... .......... .......... .......... .......... 40%  163K 3s
   200K .......... .......... .......... .......... .......... 50%  296K 2s
   250K .......... .......... .......... .......... .......... 60%  316K 1s
   300K .......... .......... .......... .......... .......... 70%  309K 1s
   350K .......... .......... .......... .......... .......... 80%  313K 1s
   400K .......... .......... .......... .......... .......... 90%  170K 0s
   450K .......... .......... .......... .......... ....      100% 2,67M=2,8s

2019-04-14 14:20:13 (178 KB/s) - 'kplr001026474-2013131215648_llc_lc.tbl' saved [506630/506630]

