--2018-12-23 18:13:18--  http://exoplanetarchive.ipac.caltech.edu/data/ETSS//Kepler/005/140/24/kplr008462852-2009131105131_llc.fits
Resolving exoplanetarchive.ipac.caltech.edu (exoplanetarchive.ipac.caltech.edu)... 134.4.54.147
Connecting to exoplanetarchive.ipac.caltech.edu (exoplanetarchive.ipac.caltech.edu)|134.4.54.147|:80... connected.
HTTP request sent, awaiting response... 302 Found
Location: https://exoplanetarchive.ipac.caltech.edu/data/ETSS//Kepler/005/140/24/kplr008462852-2009131105131_llc.fits [following]
--2018-12-23 18:13:18--  https://exoplanetarchive.ipac.caltech.edu/data/ETSS//Kepler/005/140/24/kplr008462852-2009131105131_llc.fits
Connecting to exoplanetarchive.ipac.caltech.edu (exoplanetarchive.ipac.caltech.edu)|134.4.54.147|:443... connected.
HTTP request sent, awaiting response... 200 OK
Length: 77760 (76K) [image/x-fits]
Saving to: 'kplr008462852-2009131105131_llc.fits'

     0K .......... .......... .......... .......... .......... 65% 55,7K 0s
    50K .......... .......... .....                           100%  171K=1,0s

2018-12-23 18:13:20 (72,3 KB/s) - 'kplr008462852-2009131105131_llc.fits' saved [77760/77760]

--2018-12-23 18:13:20--  http://exoplanetarchive.ipac.caltech.edu/data/ETSS//Kepler/005/145/49/kplr008462852-2009131105131_llc_lc.tbl
Resolving exoplanetarchive.ipac.caltech.edu (exoplanetarchive.ipac.caltech.edu)... 134.4.54.147
Connecting to exoplanetarchive.ipac.caltech.edu (exoplanetarchive.ipac.caltech.edu)|134.4.54.147|:80... connected.
HTTP request sent, awaiting response... 302 Found
Location: https://exoplanetarchive.ipac.caltech.edu/data/ETSS//Kepler/005/145/49/kplr008462852-2009131105131_llc_lc.tbl [following]
--2018-12-23 18:13:21--  https://exoplanetarchive.ipac.caltech.edu/data/ETSS//Kepler/005/145/49/kplr008462852-2009131105131_llc_lc.tbl
Connecting to exoplanetarchive.ipac.caltech.edu (exoplanetarchive.ipac.caltech.edu)|134.4.54.147|:443... connected.
HTTP request sent, awaiting response... 200 OK
Length: 158870 (155K) [text/plain]
Saving to: 'kplr008462852-2009131105131_llc_lc.tbl'

     0K .......... .......... .......... .......... .......... 32% 55,9K 2s
    50K .......... .......... .......... .......... .......... 64%  169K 1s
   100K .......... .......... .......... .......... .......... 96%  291K 0s
   150K .....                                                 100% 8,26M=1,4s

2018-12-23 18:13:23 (114 KB/s) - 'kplr008462852-2009131105131_llc_lc.tbl' saved [158870/158870]

--2018-12-23 18:13:23--  http://exoplanetarchive.ipac.caltech.edu/data/ETSS//Kepler/005/156/43/kplr008462852-2009166043257_llc.fits
Resolving exoplanetarchive.ipac.caltech.edu (exoplanetarchive.ipac.caltech.edu)... 134.4.54.147
Connecting to exoplanetarchive.ipac.caltech.edu (exoplanetarchive.ipac.caltech.edu)|134.4.54.147|:80... connected.
HTTP request sent, awaiting response... 302 Found
Location: https://exoplanetarchive.ipac.caltech.edu/data/ETSS//Kepler/005/156/43/kplr008462852-2009166043257_llc.fits [following]
--2018-12-23 18:13:24--  https://exoplanetarchive.ipac.caltech.edu/data/ETSS//Kepler/005/156/43/kplr008462852-2009166043257_llc.fits
Connecting to exoplanetarchive.ipac.caltech.edu (exoplanetarchive.ipac.caltech.edu)|134.4.54.147|:443... connected.
HTTP request sent, awaiting response... 200 OK
Length: 192960 (188K) [image/x-fits]
Saving to: 'kplr008462852-2009166043257_llc.fits'

     0K .......... .......... .......... .......... .......... 26% 56,0K 2s
    50K .......... .......... .......... .......... .......... 53%  110K 1s
   100K .......... .......... .......... .......... .......... 79%  165K 0s
   150K .......... .......... .......... ........             100%  248K=1,8s

2018-12-23 18:13:26 (104 KB/s) - 'kplr008462852-2009166043257_llc.fits' saved [192960/192960]

--2018-12-23 18:13:26--  http://exoplanetarchive.ipac.caltech.edu/data/ETSS//Kepler/005/172/05/kplr008462852-2009166043257_llc_lc.tbl
Resolving exoplanetarchive.ipac.caltech.edu (exoplanetarchive.ipac.caltech.edu)... 134.4.54.147
Connecting to exoplanetarchive.ipac.caltech.edu (exoplanetarchive.ipac.caltech.edu)|134.4.54.147|:80... connected.
HTTP request sent, awaiting response... 302 Found
Location: https://exoplanetarchive.ipac.caltech.edu/data/ETSS//Kepler/005/172/05/kplr008462852-2009166043257_llc_lc.tbl [following]
--2018-12-23 18:13:27--  https://exoplanetarchive.ipac.caltech.edu/data/ETSS//Kepler/005/172/05/kplr008462852-2009166043257_llc_lc.tbl
Connecting to exoplanetarchive.ipac.caltech.edu (exoplanetarchive.ipac.caltech.edu)|134.4.54.147|:443... connected.
HTTP request sent, awaiting response... 200 OK
Length: 533375 (521K) [text/plain]
Saving to: 'kplr008462852-2009166043257_llc_lc.tbl'

     0K .......... .......... .......... .......... ..........  9% 55,4K 9s
    50K .......... .......... .......... .......... .......... 19%  112K 6s
   100K .......... .......... .......... .......... .......... 28%  165K 4s
   150K .......... .......... .......... .......... .......... 38%  324K 3s
   200K .......... .......... .......... .......... .......... 47%  169K 2s
   250K .......... .......... .......... .......... .......... 57%  330K 2s
   300K .......... .......... .......... .......... .......... 67%  167K 1s
   350K .......... .......... .......... .......... .......... 76%  326K 1s
   400K .......... .......... .......... .......... .......... 86%  171K 0s
   450K .......... .......... .......... .......... .......... 95% 10,5M 0s
   500K .......... ..........                                 100%  142K=3,1s

2018-12-23 18:13:31 (165 KB/s) - 'kplr008462852-2009166043257_llc_lc.tbl' saved [533375/533375]

--2018-12-23 18:13:31--  http://exoplanetarchive.ipac.caltech.edu/data/ETSS//Kepler/005/221/52/kplr008462852-2009259160929_llc.fits
Resolving exoplanetarchive.ipac.caltech.edu (exoplanetarchive.ipac.caltech.edu)... 134.4.54.147
Connecting to exoplanetarchive.ipac.caltech.edu (exoplanetarchive.ipac.caltech.edu)|134.4.54.147|:80... connected.
HTTP request sent, awaiting response... 302 Found
Location: https://exoplanetarchive.ipac.caltech.edu/data/ETSS//Kepler/005/221/52/kplr008462852-2009259160929_llc.fits [following]
--2018-12-23 18:13:31--  https://exoplanetarchive.ipac.caltech.edu/data/ETSS//Kepler/005/221/52/kplr008462852-2009259160929_llc.fits
Connecting to exoplanetarchive.ipac.caltech.edu (exoplanetarchive.ipac.caltech.edu)|134.4.54.147|:443... connected.
HTTP request sent, awaiting response... 200 OK
Length: 466560 (456K) [image/x-fits]
Saving to: 'kplr008462852-2009259160929_llc.fits'

     0K .......... .......... .......... .......... .......... 10% 57,1K 7s
    50K .......... .......... .......... .......... .......... 21%  171K 4s
   100K .......... .......... .......... .......... .......... 32%  170K 3s
   150K .......... .......... .......... .......... .......... 43%  172K 2s
   200K .......... .......... .......... .......... .......... 54%  169K 2s
   250K .......... .......... .......... .......... .......... 65%  178K 1s
   300K .......... .......... .......... .......... .......... 76%  336K 1s
   350K .......... .......... .......... .......... .......... 87%  172K 0s
   400K .......... .......... .......... .......... .......... 98%  339K 0s
   450K .....                                                 100% 36,6G=2,9s

2018-12-23 18:13:35 (156 KB/s) - 'kplr008462852-2009259160929_llc.fits' saved [466560/466560]

--2018-12-23 18:13:35--  http://exoplanetarchive.ipac.caltech.edu/data/ETSS//Kepler/005/238/16/kplr008462852-2009259160929_llc_lc.tbl
Resolving exoplanetarchive.ipac.caltech.edu (exoplanetarchive.ipac.caltech.edu)... 134.4.54.147
Connecting to exoplanetarchive.ipac.caltech.edu (exoplanetarchive.ipac.caltech.edu)|134.4.54.147|:80... connected.
HTTP request sent, awaiting response... 302 Found
Location: https://exoplanetarchive.ipac.caltech.edu/data/ETSS//Kepler/005/238/16/kplr008462852-2009259160929_llc_lc.tbl [following]
--2018-12-23 18:13:35--  https://exoplanetarchive.ipac.caltech.edu/data/ETSS//Kepler/005/238/16/kplr008462852-2009259160929_llc_lc.tbl
Connecting to exoplanetarchive.ipac.caltech.edu (exoplanetarchive.ipac.caltech.edu)|134.4.54.147|:443... connected.
HTTP request sent, awaiting response... 200 OK
Length: 1407778 (1,3M) [text/plain]
Saving to: 'kplr008462852-2009259160929_llc_lc.tbl'

     0K .......... .......... .......... .......... ..........  3% 55,3K 24s
    50K .......... .......... .......... .......... ..........  7%  166K 15s
   100K .......... .......... .......... .......... .......... 10%  166K 12s
   150K .......... .......... .......... .......... .......... 14%  169K 11s
   200K .......... .......... .......... .......... .......... 18%  324K 9s
   250K .......... .......... .......... .......... .......... 21%  168K 8s
   300K .......... .......... .......... .......... .......... 25%  328K 7s
   350K .......... .......... .......... .......... .......... 29%  334K 6s
   400K .......... .......... .......... .......... .......... 32%  167K 6s
   450K .......... .......... .......... .......... .......... 36%  342K 5s
   500K .......... .......... .......... .......... .......... 40%  343K 5s
   550K .......... .......... .......... .......... .......... 43% 3,36M 4s
   600K .......... .......... .......... .......... .......... 47%  327K 4s
   650K .......... .......... .......... .......... .......... 50%  377K 3s
   700K .......... .......... .......... .......... .......... 54%  337K 3s
   750K .......... .......... .......... .......... .......... 58% 2,12M 3s
   800K .......... .......... .......... .......... .......... 61%  334K 2s
   850K .......... .......... .......... .......... .......... 65%  347K 2s
   900K .......... .......... .......... .......... .......... 69% 8,85M 2s
   950K .......... .......... .......... .......... .......... 72%  333K 2s
  1000K .......... .......... .......... .......... .......... 76% 3,32M 1s
  1050K .......... .......... .......... .......... .......... 80%  363K 1s
  1100K .......... .......... .......... .......... .......... 83%  345K 1s
  1150K .......... .......... .......... .......... .......... 87% 5,86M 1s
  1200K .......... .......... .......... .......... .......... 90%  312K 0s
  1250K .......... .......... .......... .......... .......... 94% 7,68M 0s
  1300K .......... .......... .......... .......... .......... 98%  376K 0s
  1350K .......... .......... ....                            100% 5,56M=4,7s

2018-12-23 18:13:41 (294 KB/s) - 'kplr008462852-2009259160929_llc_lc.tbl' saved [1407778/1407778]

--2018-12-23 18:13:41--  http://exoplanetarchive.ipac.caltech.edu/data/ETSS//Kepler/005/254/72/kplr008462852-2009350155506_llc.fits
Resolving exoplanetarchive.ipac.caltech.edu (exoplanetarchive.ipac.caltech.edu)... 134.4.54.147
Connecting to exoplanetarchive.ipac.caltech.edu (exoplanetarchive.ipac.caltech.edu)|134.4.54.147|:80... connected.
HTTP request sent, awaiting response... 302 Found
Location: https://exoplanetarchive.ipac.caltech.edu/data/ETSS//Kepler/005/254/72/kplr008462852-2009350155506_llc.fits [following]
--2018-12-23 18:13:41--  https://exoplanetarchive.ipac.caltech.edu/data/ETSS//Kepler/005/254/72/kplr008462852-2009350155506_llc.fits
Connecting to exoplanetarchive.ipac.caltech.edu (exoplanetarchive.ipac.caltech.edu)|134.4.54.147|:443... connected.
HTTP request sent, awaiting response... 200 OK
Length: 466560 (456K) [image/x-fits]
Saving to: 'kplr008462852-2009350155506_llc.fits'

     0K .......... .......... .......... .......... .......... 10% 56,7K 7s
    50K .......... .......... .......... .......... .......... 21%  165K 4s
   100K .......... .......... .......... .......... .......... 32%  169K 3s
   150K .......... .......... .......... .......... .......... 43%  171K 2s
   200K .......... .......... .......... .......... .......... 54%  326K 2s
   250K .......... .......... .......... .......... .......... 65%  171K 1s
   300K .......... .......... .......... .......... .......... 76%  338K 1s
   350K .......... .......... .......... .......... .......... 87%  170K 0s
   400K .......... .......... .......... .......... .......... 98%  327K 0s
   450K .....                                                 100% 36,6G=2,8s

2018-12-23 18:13:45 (162 KB/s) - 'kplr008462852-2009350155506_llc.fits' saved [466560/466560]

--2018-12-23 18:13:45--  http://exoplanetarchive.ipac.caltech.edu/data/ETSS//Kepler/005/271/28/kplr008462852-2009350155506_llc_lc.tbl
Resolving exoplanetarchive.ipac.caltech.edu (exoplanetarchive.ipac.caltech.edu)... 134.4.54.147
Connecting to exoplanetarchive.ipac.caltech.edu (exoplanetarchive.ipac.caltech.edu)|134.4.54.147|:80... connected.
HTTP request sent, awaiting response... 302 Found
Location: https://exoplanetarchive.ipac.caltech.edu/data/ETSS//Kepler/005/271/28/kplr008462852-2009350155506_llc_lc.tbl [following]
--2018-12-23 18:13:45--  https://exoplanetarchive.ipac.caltech.edu/data/ETSS//Kepler/005/271/28/kplr008462852-2009350155506_llc_lc.tbl
Connecting to exoplanetarchive.ipac.caltech.edu (exoplanetarchive.ipac.caltech.edu)|134.4.54.147|:443... connected.
HTTP request sent, awaiting response... 200 OK
Length: 1412790 (1,3M) [text/plain]
Saving to: 'kplr008462852-2009350155506_llc_lc.tbl'

     0K .......... .......... .......... .......... ..........  3% 56,0K 24s
    50K .......... .......... .......... .......... ..........  7%  160K 15s
   100K .......... .......... .......... .......... .......... 10%  174K 12s
   150K .......... .......... .......... .......... .......... 14%  312K 10s
   200K .......... .......... .......... .......... .......... 18%  172K 9s
   250K .......... .......... .......... .......... .......... 21%  319K 8s
   300K .......... .......... .......... .......... .......... 25%  332K 7s
   350K .......... .......... .......... .......... .......... 28%  335K 6s
   400K .......... .......... .......... .......... .......... 32%  320K 5s
   450K .......... .......... .......... .......... .......... 36% 4,70M 5s
   500K .......... .......... .......... .......... .......... 39%  344K 4s
   550K .......... .......... .......... .......... .......... 43%  340K 4s
   600K .......... .......... .......... .......... .......... 47%  330K 3s
   650K .......... .......... .......... .......... .......... 50%  349K 3s
   700K .......... .......... .......... .......... .......... 54% 9,69M 3s
   750K .......... .......... .......... .......... .......... 57%  330K 2s
   800K .......... .......... .......... .......... .......... 61% 2,99M 2s
   850K .......... .......... .......... .......... .......... 65%  377K 2s
   900K .......... .......... .......... .......... .......... 68% 4,37M 2s
   950K .......... .......... .......... .......... .......... 72%  365K 1s
  1000K .......... .......... .......... .......... .......... 76% 4,88M 1s
  1050K .......... .......... .......... .......... .......... 79%  349K 1s
  1100K .......... .......... .......... .......... .......... 83% 4,79M 1s
  1150K .......... .......... .......... .......... .......... 86%  336K 1s
  1200K .......... .......... .......... .......... .......... 90% 2,74M 0s
  1250K .......... .......... .......... .......... .......... 94%  386K 0s
  1300K .......... .......... .......... .......... .......... 97% 3,54M 0s
  1350K .......... .......... .........                       100% 6,00M=4,1s

2018-12-23 18:13:50 (338 KB/s) - 'kplr008462852-2009350155506_llc_lc.tbl' saved [1412790/1412790]

--2018-12-23 18:13:51--  http://exoplanetarchive.ipac.caltech.edu/data/ETSS//Kepler/005/354/39/kplr008462852-2010078095331_llc.fits
Resolving exoplanetarchive.ipac.caltech.edu (exoplanetarchive.ipac.caltech.edu)... 134.4.54.147
Connecting to exoplanetarchive.ipac.caltech.edu (exoplanetarchive.ipac.caltech.edu)|134.4.54.147|:80... connected.
HTTP request sent, awaiting response... 302 Found
Location: https://exoplanetarchive.ipac.caltech.edu/data/ETSS//Kepler/005/354/39/kplr008462852-2010078095331_llc.fits [following]
--2018-12-23 18:13:51--  https://exoplanetarchive.ipac.caltech.edu/data/ETSS//Kepler/005/354/39/kplr008462852-2010078095331_llc.fits
Connecting to exoplanetarchive.ipac.caltech.edu (exoplanetarchive.ipac.caltech.edu)|134.4.54.147|:443... connected.
HTTP request sent, awaiting response... 200 OK
Length: 469440 (458K) [image/x-fits]
Saving to: 'kplr008462852-2010078095331_llc.fits'

     0K .......... .......... .......... .......... .......... 10% 55,5K 7s
    50K .......... .......... .......... .......... .......... 21%  110K 5s
   100K .......... .......... .......... .......... .......... 32%  322K 3s
   150K .......... .......... .......... .......... .......... 43%  169K 2s
   200K .......... .......... .......... .......... .......... 54%  166K 2s
   250K .......... .......... .......... .......... .......... 65%  337K 1s
   300K .......... .......... .......... .......... .......... 76%  167K 1s
   350K .......... .......... .......... .......... .......... 87%  329K 0s
   400K .......... .......... .......... .......... .......... 98%  319K 0s
   450K ........                                              100% 2,91M=2,9s

2018-12-23 18:13:55 (160 KB/s) - 'kplr008462852-2010078095331_llc.fits' saved [469440/469440]

--2018-12-23 18:13:55--  http://exoplanetarchive.ipac.caltech.edu/data/ETSS//Kepler/005/371/38/kplr008462852-2010078095331_llc_lc.tbl
Resolving exoplanetarchive.ipac.caltech.edu (exoplanetarchive.ipac.caltech.edu)... 134.4.54.147
Connecting to exoplanetarchive.ipac.caltech.edu (exoplanetarchive.ipac.caltech.edu)|134.4.54.147|:80... connected.
HTTP request sent, awaiting response... 302 Found
Location: https://exoplanetarchive.ipac.caltech.edu/data/ETSS//Kepler/005/371/38/kplr008462852-2010078095331_llc_lc.tbl [following]
--2018-12-23 18:13:55--  https://exoplanetarchive.ipac.caltech.edu/data/ETSS//Kepler/005/371/38/kplr008462852-2010078095331_llc_lc.tbl
Connecting to exoplanetarchive.ipac.caltech.edu (exoplanetarchive.ipac.caltech.edu)|134.4.54.147|:443... connected.
HTTP request sent, awaiting response... 200 OK
Length: 1421610 (1,4M) [text/plain]
Saving to: 'kplr008462852-2010078095331_llc_lc.tbl'

     0K .......... .......... .......... .......... ..........  3% 48,6K 28s
    50K .......... .......... .......... .......... ..........  7% 67,9K 23s
   100K .......... .......... .......... .......... .......... 10% 85,2K 19s
   150K .......... .......... .......... .......... .......... 14%  109K 17s
   200K .......... .......... .......... .......... .......... 18%  111K 15s
   250K .......... .......... .......... .......... .......... 21%  112K 13s
   300K .......... .......... .......... .......... .......... 25%  109K 12s
   350K .......... .......... .......... .......... .......... 28%  112K 11s
   400K .......... .......... .......... .......... .......... 32% 90,4K 11s
   450K .......... .......... .......... .......... .......... 36%  148K 10s
   500K .......... .......... .......... .......... .......... 39%  125K 9s
   550K .......... .......... .......... .......... .......... 43%  169K 8s
   600K .......... .......... .......... .......... .......... 46%  111K 8s
   650K .......... .......... .......... .......... .......... 50% 57,2K 7s
   700K .......... .......... .......... .......... .......... 54% 83,6K 7s
   750K .......... .......... .......... .......... .......... 57% 85,5K 6s
   800K .......... .......... .......... .......... .......... 61% 57,0K 6s
   850K .......... .......... .......... .......... .......... 64%  112K 5s
   900K .......... .......... .......... .......... .......... 68%  112K 5s
   950K .......... .......... .......... .......... .......... 72% 84,8K 4s
  1000K .......... .......... .......... .......... .......... 75%  111K 4s
  1050K .......... .......... .......... .......... .......... 79%  115K 3s
  1100K .......... .......... .......... .......... .......... 82%  113K 3s
  1150K .......... .......... .......... .......... .......... 86%  114K 2s
  1200K .......... .......... .......... .......... .......... 90% 85,5K 1s
  1250K .......... .......... .......... .......... .......... 93%  113K 1s
  1300K .......... .......... .......... .......... .......... 97% 67,7K 0s
  1350K .......... .......... .......... ........             100% 86,4K=15s

2018-12-23 18:14:11 (92,2 KB/s) - 'kplr008462852-2010078095331_llc_lc.tbl' saved [1421610/1421610]

--2018-12-23 18:14:11--  http://exoplanetarchive.ipac.caltech.edu/data/ETSS//Kepler/005/188/11/kplr008462852-2010174085026_llc.fits
Resolving exoplanetarchive.ipac.caltech.edu (exoplanetarchive.ipac.caltech.edu)... 134.4.54.147
Connecting to exoplanetarchive.ipac.caltech.edu (exoplanetarchive.ipac.caltech.edu)|134.4.54.147|:80... connected.
HTTP request sent, awaiting response... 302 Found
Location: https://exoplanetarchive.ipac.caltech.edu/data/ETSS//Kepler/005/188/11/kplr008462852-2010174085026_llc.fits [following]
--2018-12-23 18:14:11--  https://exoplanetarchive.ipac.caltech.edu/data/ETSS//Kepler/005/188/11/kplr008462852-2010174085026_llc.fits
Connecting to exoplanetarchive.ipac.caltech.edu (exoplanetarchive.ipac.caltech.edu)|134.4.54.147|:443... connected.
HTTP request sent, awaiting response... 200 OK
Length: 492480 (481K) [image/x-fits]
Saving to: 'kplr008462852-2010174085026_llc.fits'

     0K .......... .......... .......... .......... .......... 10% 56,4K 8s
    50K .......... .......... .......... .......... .......... 20%  113K 5s
   100K .......... .......... .......... .......... .......... 31%  168K 4s
   150K .......... .......... .......... .......... .......... 41%  169K 3s
   200K .......... .......... .......... .......... .......... 51%  168K 2s
   250K .......... .......... .......... .......... .......... 62%  332K 1s
   300K .......... .......... .......... .......... .......... 72%  170K 1s
   350K .......... .......... .......... .......... .......... 83%  338K 1s
   400K .......... .......... .......... .......... .......... 93%  168K 0s
   450K .......... .......... ..........                      100%  217K=3,3s

2018-12-23 18:14:16 (148 KB/s) - 'kplr008462852-2010174085026_llc.fits' saved [492480/492480]

--2018-12-23 18:14:16--  http://exoplanetarchive.ipac.caltech.edu/data/ETSS//Kepler/005/204/75/kplr008462852-2010174085026_llc_lc.tbl
Resolving exoplanetarchive.ipac.caltech.edu (exoplanetarchive.ipac.caltech.edu)... 134.4.54.147
Connecting to exoplanetarchive.ipac.caltech.edu (exoplanetarchive.ipac.caltech.edu)|134.4.54.147|:80... connected.
HTTP request sent, awaiting response... 302 Found
Location: https://exoplanetarchive.ipac.caltech.edu/data/ETSS//Kepler/005/204/75/kplr008462852-2010174085026_llc_lc.tbl [following]
--2018-12-23 18:14:16--  https://exoplanetarchive.ipac.caltech.edu/data/ETSS//Kepler/005/204/75/kplr008462852-2010174085026_llc_lc.tbl
Connecting to exoplanetarchive.ipac.caltech.edu (exoplanetarchive.ipac.caltech.edu)|134.4.54.147|:443... connected.
HTTP request sent, awaiting response... 200 OK
Length: 1497940 (1,4M) [text/plain]
Saving to: 'kplr008462852-2010174085026_llc_lc.tbl'

     0K .......... .......... .......... .......... ..........  3% 66,6K 21s
    50K .......... .......... .......... .......... ..........  6%  163K 14s
   100K .......... .......... .......... .......... .......... 10%  324K 11s
   150K .......... .......... .......... .......... .......... 13%  171K 10s
   200K .......... .......... .......... .......... .......... 17%  313K 8s
   250K .......... .......... .......... .......... .......... 20%  326K 7s
   300K .......... .......... .......... .......... .......... 23%  337K 6s
   350K .......... .......... .......... .......... .......... 27%  360K 6s
   400K .......... .......... .......... .......... .......... 30%  316K 5s
   450K .......... .......... .......... .......... .......... 34%  334K 5s
   500K .......... .......... .......... .......... .......... 37%  331K 4s
   550K .......... .......... .......... .......... .......... 41% 5,69M 4s
   600K .......... .......... .......... .......... .......... 44%  343K 3s
   650K .......... .......... .......... .......... .......... 47%  333K 3s
   700K .......... .......... .......... .......... .......... 51%  327K 3s
   750K .......... .......... .......... .......... .......... 54% 13,5M 3s
   800K .......... .......... .......... .......... .......... 58%  323K 2s
   850K .......... .......... .......... .......... .......... 61%  340K 2s
   900K .......... .......... .......... .......... .......... 64%  342K 2s
   950K .......... .......... .......... .......... .......... 68% 5,74M 2s
  1000K .......... .......... .......... .......... .......... 71%  353K 1s
  1050K .......... .......... .......... .......... .......... 75% 6,28M 1s
  1100K .......... .......... .......... .......... .......... 78%  357K 1s
  1150K .......... .......... .......... .......... .......... 82% 6,95M 1s
  1200K .......... .......... .......... .......... .......... 85%  340K 1s
  1250K .......... .......... .......... .......... .......... 88% 5,20M 0s
  1300K .......... .......... .......... .......... .......... 92%  361K 0s
  1350K .......... .......... .......... .......... .......... 95% 3,19M 0s
  1400K .......... .......... .......... .......... .......... 99%  379K 0s
  1450K .......... ..                                         100% 5,78M=4,2s

2018-12-23 18:14:21 (346 KB/s) - 'kplr008462852-2010174085026_llc_lc.tbl' saved [1497940/1497940]

--2018-12-23 18:14:21--  http://exoplanetarchive.ipac.caltech.edu/data/ETSS//Kepler/005/387/55/kplr008462852-2010265121752_llc.fits
Resolving exoplanetarchive.ipac.caltech.edu (exoplanetarchive.ipac.caltech.edu)... 134.4.54.147
Connecting to exoplanetarchive.ipac.caltech.edu (exoplanetarchive.ipac.caltech.edu)|134.4.54.147|:80... connected.
HTTP request sent, awaiting response... 302 Found
Location: https://exoplanetarchive.ipac.caltech.edu/data/ETSS//Kepler/005/387/55/kplr008462852-2010265121752_llc.fits [following]
--2018-12-23 18:14:22--  https://exoplanetarchive.ipac.caltech.edu/data/ETSS//Kepler/005/387/55/kplr008462852-2010265121752_llc.fits
Connecting to exoplanetarchive.ipac.caltech.edu (exoplanetarchive.ipac.caltech.edu)|134.4.54.147|:443... connected.
HTTP request sent, awaiting response... 200 OK
Length: 469440 (458K) [image/x-fits]
Saving to: 'kplr008462852-2010265121752_llc.fits'

     0K .......... .......... .......... .......... .......... 10% 56,8K 7s
    50K .......... .......... .......... .......... .......... 21%  171K 4s
   100K .......... .......... .......... .......... .......... 32%  170K 3s
   150K .......... .......... .......... .......... .......... 43%  318K 2s
   200K .......... .......... .......... .......... .......... 54%  320K 1s
   250K .......... .......... .......... .......... .......... 65%  327K 1s
   300K .......... .......... .......... .......... .......... 76%  337K 1s
   350K .......... .......... .......... .......... .......... 87%  341K 0s
   400K .......... .......... .......... .......... .......... 98%  176K 0s
   450K ........                                              100% 7,06M=2,5s

2018-12-23 18:14:25 (182 KB/s) - 'kplr008462852-2010265121752_llc.fits' saved [469440/469440]

--2018-12-23 18:14:25--  http://exoplanetarchive.ipac.caltech.edu/data/ETSS//Kepler/005/404/08/kplr008462852-2010265121752_llc_lc.tbl
Resolving exoplanetarchive.ipac.caltech.edu (exoplanetarchive.ipac.caltech.edu)... 134.4.54.147
Connecting to exoplanetarchive.ipac.caltech.edu (exoplanetarchive.ipac.caltech.edu)|134.4.54.147|:80... connected.
HTTP request sent, awaiting response... 302 Found
Location: https://exoplanetarchive.ipac.caltech.edu/data/ETSS//Kepler/005/404/08/kplr008462852-2010265121752_llc_lc.tbl [following]
--2018-12-23 18:14:25--  https://exoplanetarchive.ipac.caltech.edu/data/ETSS//Kepler/005/404/08/kplr008462852-2010265121752_llc_lc.tbl
Connecting to exoplanetarchive.ipac.caltech.edu (exoplanetarchive.ipac.caltech.edu)|134.4.54.147|:443... connected.
HTTP request sent, awaiting response... 200 OK
Length: 1421962 (1,4M) [text/plain]
Saving to: 'kplr008462852-2010265121752_llc_lc.tbl'

     0K .......... .......... .......... .......... ..........  3% 68,2K 20s
    50K .......... .......... .......... .......... ..........  7% 48,2K 23s
   100K .......... .......... .......... .......... .......... 10% 56,2K 22s
   150K .......... .......... .......... .......... .......... 14% 56,3K 21s
   200K .......... .......... .......... .......... .......... 18% 67,8K 20s
   250K .......... .......... .......... .......... .......... 21% 84,4K 18s
   300K .......... .......... .......... .......... .......... 25% 85,0K 16s
   350K .......... .......... .......... .......... .......... 28% 67,5K 15s
   400K .......... .......... .......... .......... .......... 32% 67,4K 14s
   450K .......... .......... .......... .......... .......... 36% 48,7K 14s
   500K .......... .......... .......... .......... .......... 39% 46,2K 14s
   550K .......... .......... .......... .......... .......... 43% 56,0K 13s
   600K .......... .......... .......... .......... .......... 46% 67,3K 12s
   650K .......... .......... .......... .......... .......... 50% 66,9K 11s
   700K .......... .......... .......... .......... .......... 54% 86,2K 10s
   750K .......... .......... .......... .......... .......... 57% 67,5K 9s
   800K .......... .......... .......... .......... .......... 61% 32,9K 9s
   850K .......... .......... .......... .......... .......... 64% 48,3K 8s
   900K .......... .......... .......... .......... .......... 68% 67,7K 7s
   950K .......... .......... .......... .......... .......... 72% 84,9K 6s
  1000K .......... .......... .......... .......... .......... 75% 65,6K 6s
  1050K .......... .......... .......... .......... .......... 79% 86,4K 5s
  1100K .......... .......... .......... .......... .......... 82%  110K 4s
  1150K .......... .......... .......... .......... .......... 86% 83,9K 3s
  1200K .......... .......... .......... .......... .......... 90% 84,8K 2s
  1250K .......... .......... .......... .......... .......... 93%  111K 1s
  1300K .......... .......... .......... .......... .......... 97%  112K 1s
  1350K .......... .......... .......... ........             100%  131K=21s

2018-12-23 18:14:47 (66,7 KB/s) - 'kplr008462852-2010265121752_llc_lc.tbl' saved [1421962/1421962]

--2018-12-23 18:14:47--  http://exoplanetarchive.ipac.caltech.edu/data/ETSS//Kepler/005/288/48/kplr008462852-2010355172524_llc.fits
Resolving exoplanetarchive.ipac.caltech.edu (exoplanetarchive.ipac.caltech.edu)... 134.4.54.147
Connecting to exoplanetarchive.ipac.caltech.edu (exoplanetarchive.ipac.caltech.edu)|134.4.54.147|:80... connected.
HTTP request sent, awaiting response... 302 Found
Location: https://exoplanetarchive.ipac.caltech.edu/data/ETSS//Kepler/005/288/48/kplr008462852-2010355172524_llc.fits [following]
--2018-12-23 18:14:48--  https://exoplanetarchive.ipac.caltech.edu/data/ETSS//Kepler/005/288/48/kplr008462852-2010355172524_llc.fits
Connecting to exoplanetarchive.ipac.caltech.edu (exoplanetarchive.ipac.caltech.edu)|134.4.54.147|:443... connected.
HTTP request sent, awaiting response... 200 OK
Length: 466560 (456K) [image/x-fits]
Saving to: 'kplr008462852-2010355172524_llc.fits'

     0K .......... .......... .......... .......... .......... 10% 55,4K 7s
    50K .......... .......... .......... .......... .......... 21%  111K 5s
   100K .......... .......... .......... .......... .......... 32%  165K 3s
   150K .......... .......... .......... .......... .......... 43%  260K 2s
   200K .......... .......... .......... .......... .......... 54%  193K 2s
   250K .......... .......... .......... .......... .......... 65%  326K 1s
   300K .......... .......... .......... .......... .......... 76%  328K 1s
   350K .......... .......... .......... .......... .......... 87%  335K 0s
   400K .......... .......... .......... .......... .......... 98%  325K 0s
   450K .....                                                 100% 36,6G=2,7s

2018-12-23 18:14:51 (168 KB/s) - 'kplr008462852-2010355172524_llc.fits' saved [466560/466560]

--2018-12-23 18:14:51--  http://exoplanetarchive.ipac.caltech.edu/data/ETSS//Kepler/005/304/82/kplr008462852-2010355172524_llc_lc.tbl
Resolving exoplanetarchive.ipac.caltech.edu (exoplanetarchive.ipac.caltech.edu)... 134.4.54.147
Connecting to exoplanetarchive.ipac.caltech.edu (exoplanetarchive.ipac.caltech.edu)|134.4.54.147|:80... connected.
HTTP request sent, awaiting response... 302 Found
Location: https://exoplanetarchive.ipac.caltech.edu/data/ETSS//Kepler/005/304/82/kplr008462852-2010355172524_llc_lc.tbl [following]
--2018-12-23 18:14:52--  https://exoplanetarchive.ipac.caltech.edu/data/ETSS//Kepler/005/304/82/kplr008462852-2010355172524_llc_lc.tbl
Connecting to exoplanetarchive.ipac.caltech.edu (exoplanetarchive.ipac.caltech.edu)|134.4.54.147|:443... connected.
HTTP request sent, awaiting response... 200 OK
Length: 1414541 (1,3M) [text/plain]
Saving to: 'kplr008462852-2010355172524_llc_lc.tbl'

     0K .......... .......... .......... .......... ..........  3% 56,0K 24s
    50K .......... .......... .......... .......... ..........  7%  113K 17s
   100K .......... .......... .......... .......... .......... 10%  169K 13s
   150K .......... .......... .......... .......... .......... 14%  330K 11s
   200K .......... .......... .......... .......... .......... 18%  172K 9s
   250K .......... .......... .......... .......... .......... 21%  330K 8s
   300K .......... .......... .......... .......... .......... 25%  344K 7s
   350K .......... .......... .......... .......... .......... 28%  332K 6s
   400K .......... .......... .......... .......... .......... 32%  331K 6s
   450K .......... .......... .......... .......... .......... 36%  332K 5s
   500K .......... .......... .......... .......... .......... 39%  334K 4s
   550K .......... .......... .......... .......... .......... 43%  343K 4s
   600K .......... .......... .......... .......... .......... 47%  333K 4s
   650K .......... .......... .......... .......... .......... 50% 12,1M 3s
   700K .......... .......... .......... .......... .......... 54%  325K 3s
   750K .......... .......... .......... .......... .......... 57%  337K 3s
   800K .......... .......... .......... .......... .......... 61%  331K 2s
   850K .......... .......... .......... .......... .......... 65%  344K 2s
   900K .......... .......... .......... .......... .......... 68% 13,1M 2s
   950K .......... .......... .......... .......... .......... 72%  341K 2s
  1000K .......... .......... .......... .......... .......... 76%  333K 1s
  1050K .......... .......... .......... .......... .......... 79%  339K 1s
  1100K .......... .......... .......... .......... .......... 83%  344K 1s
  1150K .......... .......... .......... .......... .......... 86% 4,81M 1s
  1200K .......... .......... .......... .......... .......... 90%  337K 0s
  1250K .......... .......... .......... .......... .......... 94%  371K 0s
  1300K .......... .......... .......... .......... .......... 97% 4,60M 0s
  1350K .......... .......... .......... .                    100% 13,2M=4,8s

2018-12-23 18:14:57 (289 KB/s) - 'kplr008462852-2010355172524_llc_lc.tbl' saved [1414541/1414541]

--2018-12-23 18:14:57--  http://exoplanetarchive.ipac.caltech.edu/data/ETSS//Kepler/005/421/63/kplr008462852-2011073133259_llc.fits
Resolving exoplanetarchive.ipac.caltech.edu (exoplanetarchive.ipac.caltech.edu)... 134.4.54.147
Connecting to exoplanetarchive.ipac.caltech.edu (exoplanetarchive.ipac.caltech.edu)|134.4.54.147|:80... connected.
HTTP request sent, awaiting response... 302 Found
Location: https://exoplanetarchive.ipac.caltech.edu/data/ETSS//Kepler/005/421/63/kplr008462852-2011073133259_llc.fits [following]
--2018-12-23 18:14:58--  https://exoplanetarchive.ipac.caltech.edu/data/ETSS//Kepler/005/421/63/kplr008462852-2011073133259_llc.fits
Connecting to exoplanetarchive.ipac.caltech.edu (exoplanetarchive.ipac.caltech.edu)|134.4.54.147|:443... connected.
HTTP request sent, awaiting response... 200 OK
Length: 357120 (349K) [image/x-fits]
Saving to: 'kplr008462852-2011073133259_llc.fits'

     0K .......... .......... .......... .......... .......... 14% 55,7K 5s
    50K .......... .......... .......... .......... .......... 28%  164K 3s
   100K .......... .......... .......... .......... .......... 43%  315K 2s
   150K .......... .......... .......... .......... .......... 57%  169K 1s
   200K .......... .......... .......... .......... .......... 71%  321K 1s
   250K .......... .......... .......... .......... .......... 86%  322K 0s
   300K .......... .......... .......... .......... ........  100%  325K=2,1s

2018-12-23 18:15:01 (165 KB/s) - 'kplr008462852-2011073133259_llc.fits' saved [357120/357120]

--2018-12-23 18:15:01--  http://exoplanetarchive.ipac.caltech.edu/data/ETSS//Kepler/005/438/41/kplr008462852-2011073133259_llc_lc.tbl
Resolving exoplanetarchive.ipac.caltech.edu (exoplanetarchive.ipac.caltech.edu)... 134.4.54.147
Connecting to exoplanetarchive.ipac.caltech.edu (exoplanetarchive.ipac.caltech.edu)|134.4.54.147|:80... connected.
HTTP request sent, awaiting response... 302 Found
Location: https://exoplanetarchive.ipac.caltech.edu/data/ETSS//Kepler/005/438/41/kplr008462852-2011073133259_llc_lc.tbl [following]
--2018-12-23 18:15:01--  https://exoplanetarchive.ipac.caltech.edu/data/ETSS//Kepler/005/438/41/kplr008462852-2011073133259_llc_lc.tbl
Connecting to exoplanetarchive.ipac.caltech.edu (exoplanetarchive.ipac.caltech.edu)|134.4.54.147|:443... connected.
HTTP request sent, awaiting response... 200 OK
Length: 1061627 (1,0M) [text/plain]
Saving to: 'kplr008462852-2011073133259_llc_lc.tbl'

     0K .......... .......... .......... .......... ..........  4% 56,6K 17s
    50K .......... .......... .......... .......... ..........  9%  168K 11s
   100K .......... .......... .......... .......... .......... 14%  318K 8s
   150K .......... .......... .......... .......... .......... 19%  332K 6s
   200K .......... .......... .......... .......... .......... 24%  172K 6s
   250K .......... .......... .......... .......... .......... 28%  333K 5s
   300K .......... .......... .......... .......... .......... 33%  336K 4s
   350K .......... .......... .......... .......... .......... 38%  339K 4s
   400K .......... .......... .......... .......... .......... 43%  175K 3s
   450K .......... .......... .......... .......... .......... 48%  343K 3s
   500K .......... .......... .......... .......... .......... 53%  333K 2s
   550K .......... .......... .......... .......... .......... 57% 5,22M 2s
   600K .......... .......... .......... .......... .......... 62%  343K 2s
   650K .......... .......... .......... .......... .......... 67%  342K 1s
   700K .......... .......... .......... .......... .......... 72%  340K 1s
   750K .......... .......... .......... .......... .......... 77%  354K 1s
   800K .......... .......... .......... .......... .......... 81%  336K 1s
   850K .......... .......... .......... .......... .......... 86% 3,42M 1s
   900K .......... .......... .......... .......... .......... 91%  364K 0s
   950K .......... .......... .......... .......... .......... 96%  351K 0s
  1000K .......... .......... .......... ......               100% 4,59M=3,8s

2018-12-23 18:15:06 (269 KB/s) - 'kplr008462852-2011073133259_llc_lc.tbl' saved [1061627/1061627]

--2018-12-23 18:15:06--  http://exoplanetarchive.ipac.caltech.edu/data/ETSS//Kepler/005/320/51/kplr008462852-2011177032512_llc.fits
Resolving exoplanetarchive.ipac.caltech.edu (exoplanetarchive.ipac.caltech.edu)... 134.4.54.147
Connecting to exoplanetarchive.ipac.caltech.edu (exoplanetarchive.ipac.caltech.edu)|134.4.54.147|:80... connected.
HTTP request sent, awaiting response... 302 Found
Location: https://exoplanetarchive.ipac.caltech.edu/data/ETSS//Kepler/005/320/51/kplr008462852-2011177032512_llc.fits [following]
--2018-12-23 18:15:06--  https://exoplanetarchive.ipac.caltech.edu/data/ETSS//Kepler/005/320/51/kplr008462852-2011177032512_llc.fits
Connecting to exoplanetarchive.ipac.caltech.edu (exoplanetarchive.ipac.caltech.edu)|134.4.54.147|:443... connected.
HTTP request sent, awaiting response... 200 OK
Length: 506880 (495K) [image/x-fits]
Saving to: 'kplr008462852-2011177032512_llc.fits'

     0K .......... .......... .......... .......... .......... 10% 55,6K 8s
    50K .......... .......... .......... .......... .......... 20%  110K 5s
   100K .......... .......... .......... .......... .......... 30%  167K 4s
   150K .......... .......... .......... .......... .......... 40%  314K 3s
   200K .......... .......... .......... .......... .......... 50%  171K 2s
   250K .......... .......... .......... .......... .......... 60%  319K 1s
   300K .......... .......... .......... .......... .......... 70%  169K 1s
   350K .......... .......... .......... .......... .......... 80%  329K 1s
   400K .......... .......... .......... .......... .......... 90%  335K 0s
   450K .......... .......... .......... .......... .....     100%  297K=3,0s

2018-12-23 18:15:10 (165 KB/s) - 'kplr008462852-2011177032512_llc.fits' saved [506880/506880]

--2018-12-23 18:15:10--  http://exoplanetarchive.ipac.caltech.edu/data/ETSS//Kepler/005/337/25/kplr008462852-2011177032512_llc_lc.tbl
Resolving exoplanetarchive.ipac.caltech.edu (exoplanetarchive.ipac.caltech.edu)... 134.4.54.147
Connecting to exoplanetarchive.ipac.caltech.edu (exoplanetarchive.ipac.caltech.edu)|134.4.54.147|:80... connected.
HTTP request sent, awaiting response... 302 Found
Location: https://exoplanetarchive.ipac.caltech.edu/data/ETSS//Kepler/005/337/25/kplr008462852-2011177032512_llc_lc.tbl [following]
--2018-12-23 18:15:11--  https://exoplanetarchive.ipac.caltech.edu/data/ETSS//Kepler/005/337/25/kplr008462852-2011177032512_llc_lc.tbl
Connecting to exoplanetarchive.ipac.caltech.edu (exoplanetarchive.ipac.caltech.edu)|134.4.54.147|:443... connected.
HTTP request sent, awaiting response... 200 OK
Length: 1541098 (1,5M) [text/plain]
Saving to: 'kplr008462852-2011177032512_llc_lc.tbl'

     0K .......... .......... .......... .......... ..........  3% 55,9K 26s
    50K .......... .......... .......... .......... ..........  6%  163K 17s
   100K .......... .......... .......... .......... ..........  9%  166K 14s
   150K .......... .......... .......... .......... .......... 13%  329K 11s
   200K .......... .......... .......... .......... .......... 16%  167K 10s
   250K .......... .......... .......... .......... .......... 19%  330K 8s
   300K .......... .......... .......... .......... .......... 23%  168K 8s
   350K .......... .......... .......... .......... .......... 26%  167K 7s
   400K .......... .......... .......... .......... .......... 29%  328K 7s
   450K .......... .......... .......... .......... .......... 33%  325K 6s
   500K .......... .......... .......... .......... .......... 36%  338K 5s
   550K .......... .......... .......... .......... .......... 39%  331K 5s
   600K .......... .......... .......... .......... .......... 43%  320K 5s
   650K .......... .......... .......... .......... .......... 46%  332K 4s
   700K .......... .......... .......... .......... .......... 49% 5,76M 4s
   750K .......... .......... .......... .......... .......... 53%  330K 3s
   800K .......... .......... .......... .......... .......... 56%  337K 3s
   850K .......... .......... .......... .......... .......... 59%  330K 3s
   900K .......... .......... .......... .......... .......... 63%  360K 2s
   950K .......... .......... .......... .......... .......... 66% 3,33M 2s
  1000K .......... .......... .......... .......... .......... 69%  335K 2s
  1050K .......... .......... .......... .......... .......... 73%  357K 2s
  1100K .......... .......... .......... .......... .......... 76%  338K 1s
  1150K .......... .......... .......... .......... .......... 79% 6,24M 1s
  1200K .......... .......... .......... .......... .......... 83%  335K 1s
  1250K .......... .......... .......... .......... .......... 86%  337K 1s
  1300K .......... .......... .......... .......... .......... 89%  340K 1s
  1350K .......... .......... .......... .......... .......... 93% 4,93M 0s
  1400K .......... .......... .......... .......... .......... 96%  346K 0s
  1450K .......... .......... .......... .......... .......... 99% 4,20M 0s
  1500K ....                                                  100% 5,02M=5,3s

2018-12-23 18:15:17 (285 KB/s) - 'kplr008462852-2011177032512_llc_lc.tbl' saved [1541098/1541098]

--2018-12-23 18:15:17--  http://exoplanetarchive.ipac.caltech.edu/data/ETSS//Kepler/005/454/24/kplr008462852-2011271113734_llc.fits
Resolving exoplanetarchive.ipac.caltech.edu (exoplanetarchive.ipac.caltech.edu)... 134.4.54.147
Connecting to exoplanetarchive.ipac.caltech.edu (exoplanetarchive.ipac.caltech.edu)|134.4.54.147|:80... connected.
HTTP request sent, awaiting response... 302 Found
Location: https://exoplanetarchive.ipac.caltech.edu/data/ETSS//Kepler/005/454/24/kplr008462852-2011271113734_llc.fits [following]
--2018-12-23 18:15:17--  https://exoplanetarchive.ipac.caltech.edu/data/ETSS//Kepler/005/454/24/kplr008462852-2011271113734_llc.fits
Connecting to exoplanetarchive.ipac.caltech.edu (exoplanetarchive.ipac.caltech.edu)|134.4.54.147|:443... connected.
HTTP request sent, awaiting response... 200 OK
Length: 486720 (475K) [image/x-fits]
Saving to: 'kplr008462852-2011271113734_llc.fits'

     0K .......... .......... .......... .......... .......... 10% 56,4K 8s
    50K .......... .......... .......... .......... .......... 21%  134K 5s
   100K .......... .......... .......... .......... .......... 31%  169K 3s
   150K .......... .......... .......... .......... .......... 42%  230K 2s
   200K .......... .......... .......... .......... .......... 52%  323K 2s
   250K .......... .......... .......... .......... .......... 63%  222K 1s
   300K .......... .......... .......... .......... .......... 73%  666K 1s
   350K .......... .......... .......... .......... .......... 84%  226K 0s
   400K .......... .......... .......... .......... .......... 94%  334K 0s
   450K .......... .......... .....                           100% 4,56M=2,6s

2018-12-23 18:15:21 (182 KB/s) - 'kplr008462852-2011271113734_llc.fits' saved [486720/486720]

--2018-12-23 18:15:21--  http://exoplanetarchive.ipac.caltech.edu/data/ETSS//Kepler/005/470/94/kplr008462852-2011271113734_llc_lc.tbl
Resolving exoplanetarchive.ipac.caltech.edu (exoplanetarchive.ipac.caltech.edu)... 134.4.54.147
Connecting to exoplanetarchive.ipac.caltech.edu (exoplanetarchive.ipac.caltech.edu)|134.4.54.147|:80... connected.
HTTP request sent, awaiting response... 302 Found
Location: https://exoplanetarchive.ipac.caltech.edu/data/ETSS//Kepler/005/470/94/kplr008462852-2011271113734_llc_lc.tbl [following]
--2018-12-23 18:15:21--  https://exoplanetarchive.ipac.caltech.edu/data/ETSS//Kepler/005/470/94/kplr008462852-2011271113734_llc_lc.tbl
Connecting to exoplanetarchive.ipac.caltech.edu (exoplanetarchive.ipac.caltech.edu)|134.4.54.147|:443... connected.
HTTP request sent, awaiting response... 200 OK
Length: 1478311 (1,4M) [text/plain]
Saving to: 'kplr008462852-2011271113734_llc_lc.tbl'

     0K .......... .......... .......... .......... ..........  3% 55,7K 25s
    50K .......... .......... .......... .......... ..........  6%  166K 16s
   100K .......... .......... .......... .......... .......... 10%  165K 13s
   150K .......... .......... .......... .......... .......... 13%  168K 11s
   200K .......... .......... .......... .......... .......... 17%  325K 9s
   250K .......... .......... .......... .......... .......... 20%  168K 9s
   300K .......... .......... .......... .......... .......... 24%  329K 8s
   350K .......... .......... .......... .......... .......... 27%  164K 7s
   400K .......... .......... .......... .......... .......... 31%  298K 6s
   450K .......... .......... .......... .......... .......... 34%  348K 6s
   500K .......... .......... .......... .......... .......... 38%  333K 5s
   550K .......... .......... .......... .......... .......... 41%  168K 5s
   600K .......... .......... .......... .......... .......... 45%  329K 4s
   650K .......... .......... .......... .......... .......... 48%  336K 4s
   700K .......... .......... .......... .......... .......... 51%  335K 4s
   750K .......... .......... .......... .......... .......... 55% 5,33M 3s
   800K .......... .......... .......... .......... .......... 58%  326K 3s
   850K .......... .......... .......... .......... .......... 62%  338K 3s
   900K .......... .......... .......... .......... .......... 65%  357K 2s
   950K .......... .......... .......... .......... .......... 69%  333K 2s
  1000K .......... .......... .......... .......... .......... 72% 3,51M 2s
  1050K .......... .......... .......... .......... .......... 76%  352K 1s
  1100K .......... .......... .......... .......... .......... 79%  167K 1s
  1150K .......... .......... .......... .......... .......... 83% 4,75M 1s
  1200K .......... .......... .......... .......... .......... 86%  113K 1s
  1250K .......... .......... .......... .......... .......... 90% 82,8K 1s
  1300K .......... .......... .......... .......... .......... 93%  110K 0s
  1350K .......... .......... .......... .......... .......... 96%  164K 0s
  1400K .......... .......... .......... .......... ...       100%  146K=7,1s

2018-12-23 18:15:29 (204 KB/s) - 'kplr008462852-2011271113734_llc_lc.tbl' saved [1478311/1478311]

--2018-12-23 18:15:29--  http://exoplanetarchive.ipac.caltech.edu/data/ETSS//Kepler/005/488/69/kplr008462852-2012004120508_llc.fits
Resolving exoplanetarchive.ipac.caltech.edu (exoplanetarchive.ipac.caltech.edu)... 134.4.54.147
Connecting to exoplanetarchive.ipac.caltech.edu (exoplanetarchive.ipac.caltech.edu)|134.4.54.147|:80... connected.
HTTP request sent, awaiting response... 302 Found
Location: https://exoplanetarchive.ipac.caltech.edu/data/ETSS//Kepler/005/488/69/kplr008462852-2012004120508_llc.fits [following]
--2018-12-23 18:15:30--  https://exoplanetarchive.ipac.caltech.edu/data/ETSS//Kepler/005/488/69/kplr008462852-2012004120508_llc.fits
Connecting to exoplanetarchive.ipac.caltech.edu (exoplanetarchive.ipac.caltech.edu)|134.4.54.147|:443... connected.
HTTP request sent, awaiting response... 200 OK
Length: 506880 (495K) [image/x-fits]
Saving to: 'kplr008462852-2012004120508_llc.fits'

     0K .......... .......... .......... .......... .......... 10% 55,4K 8s
    50K .......... .......... .......... .......... .......... 20%  146K 5s
   100K .......... .......... .......... .......... .......... 30%  161K 4s
   150K .......... .......... .......... .......... .......... 40%  325K 3s
   200K .......... .......... .......... .......... .......... 50% 66,8K 2s
   250K .......... .......... .......... .......... .......... 60% 66,5K 2s
   300K .......... .......... .......... .......... .......... 70%  111K 2s
   350K .......... .......... .......... .......... .......... 80%  165K 1s
   400K .......... .......... .......... .......... .......... 90%  112K 0s
   450K .......... .......... .......... .......... .....     100%  289K=4,6s

2018-12-23 18:15:35 (108 KB/s) - 'kplr008462852-2012004120508_llc.fits' saved [506880/506880]

--2018-12-23 18:15:35--  http://exoplanetarchive.ipac.caltech.edu/data/ETSS//Kepler/005/505/10/kplr008462852-2012004120508_llc_lc.tbl
Resolving exoplanetarchive.ipac.caltech.edu (exoplanetarchive.ipac.caltech.edu)... 134.4.54.147
Connecting to exoplanetarchive.ipac.caltech.edu (exoplanetarchive.ipac.caltech.edu)|134.4.54.147|:80... connected.
HTTP request sent, awaiting response... 302 Found
Location: https://exoplanetarchive.ipac.caltech.edu/data/ETSS//Kepler/005/505/10/kplr008462852-2012004120508_llc_lc.tbl [following]
--2018-12-23 18:15:36--  https://exoplanetarchive.ipac.caltech.edu/data/ETSS//Kepler/005/505/10/kplr008462852-2012004120508_llc_lc.tbl
Connecting to exoplanetarchive.ipac.caltech.edu (exoplanetarchive.ipac.caltech.edu)|134.4.54.147|:443... connected.
HTTP request sent, awaiting response... 200 OK
Length: 1536601 (1,5M) [text/plain]
Saving to: 'kplr008462852-2012004120508_llc_lc.tbl'

     0K .......... .......... .......... .......... ..........  3% 67,7K 21s
    50K .......... .......... .......... .......... ..........  6%  168K 15s
   100K .......... .......... .......... .......... ..........  9%  173K 12s
   150K .......... .......... .......... .......... .......... 13%  300K 10s
   200K .......... .......... .......... .......... .......... 16%  181K 9s
   250K .......... .......... .......... .......... .......... 19%  332K 8s
   300K .......... .......... .......... .......... .......... 23%  341K 7s
   350K .......... .......... .......... .......... .......... 26%  329K 6s
   400K .......... .......... .......... .......... .......... 29%  341K 6s
   450K .......... .......... .......... .......... .......... 33% 2,21M 5s
   500K .......... .......... .......... .......... .......... 36%  181K 5s
   550K .......... .......... .......... .......... .......... 39% 7,56M 4s
   600K .......... .......... .......... .......... .......... 43%  113K 4s
   650K .......... .......... .......... .......... .......... 46%  116K 4s
   700K .......... .......... .......... .......... .......... 49%  171K 4s
   750K .......... .......... .......... .......... .......... 53%  156K 4s
   800K .......... .......... .......... .......... .......... 56% 79,8K 4s
   850K .......... .......... .......... .......... .......... 59%  129K 3s
   900K .......... .......... .......... .......... .......... 63%  166K 3s
   950K .......... .......... .......... .......... .......... 66%  260K 3s
  1000K .......... .......... .......... .......... .......... 69%  195K 3s
  1050K .......... .......... .......... .......... .......... 73%  264K 2s
  1100K .......... .......... .......... .......... .......... 76%  328K 2s
  1150K .......... .......... .......... .......... .......... 79%  170K 2s
  1200K .......... .......... .......... .......... .......... 83%  172K 1s
  1250K .......... .......... .......... .......... .......... 86%  324K 1s
  1300K .......... .......... .......... .......... .......... 89%  175K 1s
  1350K .......... .......... .......... .......... .......... 93%  312K 1s
  1400K .......... .......... .......... .......... .......... 96%  177K 0s
  1450K .......... .......... .......... .......... .......... 99%  333K 0s
  1500K                                                       100% 3,82G=7,9s

2018-12-23 18:15:44 (190 KB/s) - 'kplr008462852-2012004120508_llc_lc.tbl' saved [1536601/1536601]

--2018-12-23 18:15:45--  http://exoplanetarchive.ipac.caltech.edu/data/ETSS//Kepler/005/521/37/kplr008462852-2012088054726_llc.fits
Resolving exoplanetarchive.ipac.caltech.edu (exoplanetarchive.ipac.caltech.edu)... 134.4.54.147
Connecting to exoplanetarchive.ipac.caltech.edu (exoplanetarchive.ipac.caltech.edu)|134.4.54.147|:80... connected.
HTTP request sent, awaiting response... 302 Found
Location: https://exoplanetarchive.ipac.caltech.edu/data/ETSS//Kepler/005/521/37/kplr008462852-2012088054726_llc.fits [following]
--2018-12-23 18:15:45--  https://exoplanetarchive.ipac.caltech.edu/data/ETSS//Kepler/005/521/37/kplr008462852-2012088054726_llc.fits
Connecting to exoplanetarchive.ipac.caltech.edu (exoplanetarchive.ipac.caltech.edu)|134.4.54.147|:443... connected.
HTTP request sent, awaiting response... 200 OK
Length: 434880 (425K) [image/x-fits]
Saving to: 'kplr008462852-2012088054726_llc.fits'

     0K .......... .......... .......... .......... .......... 11% 56,7K 7s
    50K .......... .......... .......... .......... .......... 23%  169K 4s
   100K .......... .......... .......... .......... .......... 35%  170K 3s
   150K .......... .......... .......... .......... .......... 47%  331K 2s
   200K .......... .......... .......... .......... .......... 58%  168K 1s
   250K .......... .......... .......... .......... .......... 70%  331K 1s
   300K .......... .......... .......... .......... .......... 82%  270K 0s
   350K .......... .......... .......... .......... .......... 94%  191K 0s
   400K .......... .......... ....                            100% 3,41M=2,5s

2018-12-23 18:15:48 (168 KB/s) - 'kplr008462852-2012088054726_llc.fits' saved [434880/434880]

--2018-12-23 18:15:49--  http://exoplanetarchive.ipac.caltech.edu/data/ETSS//Kepler/005/538/06/kplr008462852-2012088054726_llc_lc.tbl
Resolving exoplanetarchive.ipac.caltech.edu (exoplanetarchive.ipac.caltech.edu)... 134.4.54.147
Connecting to exoplanetarchive.ipac.caltech.edu (exoplanetarchive.ipac.caltech.edu)|134.4.54.147|:80... connected.
HTTP request sent, awaiting response... 302 Found
Location: https://exoplanetarchive.ipac.caltech.edu/data/ETSS//Kepler/005/538/06/kplr008462852-2012088054726_llc_lc.tbl [following]
--2018-12-23 18:15:49--  https://exoplanetarchive.ipac.caltech.edu/data/ETSS//Kepler/005/538/06/kplr008462852-2012088054726_llc_lc.tbl
Connecting to exoplanetarchive.ipac.caltech.edu (exoplanetarchive.ipac.caltech.edu)|134.4.54.147|:443... connected.
HTTP request sent, awaiting response... 200 OK
Length: 1307964 (1,2M) [text/plain]
Saving to: 'kplr008462852-2012088054726_llc_lc.tbl'

     0K .......... .......... .......... .......... ..........  3% 56,0K 22s
    50K .......... .......... .......... .......... ..........  7%  164K 14s
   100K .......... .......... .......... .......... .......... 11%  166K 11s
   150K .......... .......... .......... .......... .......... 15%  320K 9s
   200K .......... .......... .......... .......... .......... 19%  168K 8s
   250K .......... .......... .......... .......... .......... 23%  327K 7s
   300K .......... .......... .......... .......... .......... 27%  338K 6s
   350K .......... .......... .......... .......... .......... 31%  323K 5s
   400K .......... .......... .......... .......... .......... 35%  333K 5s
   450K .......... .......... .......... .......... .......... 39%  339K 4s
   500K .......... .......... .......... .......... .......... 43%  340K 4s
   550K .......... .......... .......... .......... .......... 46% 5,26M 3s
   600K .......... .......... .......... .......... .......... 50%  325K 3s
   650K .......... .......... .......... .......... .......... 54%  345K 3s
   700K .......... .......... .......... .......... .......... 58% 4,66M 2s
   750K .......... .......... .......... .......... .......... 62%  171K 2s
   800K .......... .......... .......... .......... .......... 66% 3,58M 2s
   850K .......... .......... .......... .......... .......... 70% 85,5K 2s
   900K .......... .......... .......... .......... .......... 74%  165K 2s
   950K .......... .......... .......... .......... .......... 78%  165K 1s
  1000K .......... .......... .......... .......... .......... 82%  261K 1s
  1050K .......... .......... .......... .......... .......... 86%  193K 1s
  1100K .......... .......... .......... .......... .......... 90%  313K 1s
  1150K .......... .......... .......... .......... .......... 93%  261K 0s
  1200K .......... .......... .......... .......... .......... 97%  120K 0s
  1250K .......... .......... .......                         100%  181K=6,0s

2018-12-23 18:15:56 (212 KB/s) - 'kplr008462852-2012088054726_llc_lc.tbl' saved [1307964/1307964]

--2018-12-23 18:15:56--  http://exoplanetarchive.ipac.caltech.edu/data/ETSS//Kepler/005/554/17/kplr008462852-2012179063303_llc.fits
Resolving exoplanetarchive.ipac.caltech.edu (exoplanetarchive.ipac.caltech.edu)... 134.4.54.147
Connecting to exoplanetarchive.ipac.caltech.edu (exoplanetarchive.ipac.caltech.edu)|134.4.54.147|:80... connected.
HTTP request sent, awaiting response... 302 Found
Location: https://exoplanetarchive.ipac.caltech.edu/data/ETSS//Kepler/005/554/17/kplr008462852-2012179063303_llc.fits [following]
--2018-12-23 18:15:56--  https://exoplanetarchive.ipac.caltech.edu/data/ETSS//Kepler/005/554/17/kplr008462852-2012179063303_llc.fits
Connecting to exoplanetarchive.ipac.caltech.edu (exoplanetarchive.ipac.caltech.edu)|134.4.54.147|:443... connected.
HTTP request sent, awaiting response... 200 OK
Length: 472320 (461K) [image/x-fits]
Saving to: 'kplr008462852-2012179063303_llc.fits'

     0K .......... .......... .......... .......... .......... 10% 30,2K 14s
    50K .......... .......... .......... .......... .......... 21% 41,9K 10s
   100K .......... .......... .......... .......... .......... 32% 60,1K 8s
   150K .......... .......... .......... .......... .......... 43% 83,4K 6s
   200K .......... .......... .......... .......... .......... 54% 88,5K 4s
   250K .......... .......... .......... .......... .......... 65%  111K 3s
   300K .......... .......... .......... .......... .......... 75%  112K 2s
   350K .......... .......... .......... .......... .......... 86%  112K 1s
   400K .......... .......... .......... .......... .......... 97%  102K 0s
   450K .......... .                                          100% 6,84M=6,7s

2018-12-23 18:16:04 (69,0 KB/s) - 'kplr008462852-2012179063303_llc.fits' saved [472320/472320]

--2018-12-23 18:16:04--  http://exoplanetarchive.ipac.caltech.edu/data/ETSS//Kepler/005/570/84/kplr008462852-2012179063303_llc_lc.tbl
Resolving exoplanetarchive.ipac.caltech.edu (exoplanetarchive.ipac.caltech.edu)... 134.4.54.147
Connecting to exoplanetarchive.ipac.caltech.edu (exoplanetarchive.ipac.caltech.edu)|134.4.54.147|:80... connected.
HTTP request sent, awaiting response... 302 Found
Location: https://exoplanetarchive.ipac.caltech.edu/data/ETSS//Kepler/005/570/84/kplr008462852-2012179063303_llc_lc.tbl [following]
--2018-12-23 18:16:04--  https://exoplanetarchive.ipac.caltech.edu/data/ETSS//Kepler/005/570/84/kplr008462852-2012179063303_llc_lc.tbl
Connecting to exoplanetarchive.ipac.caltech.edu (exoplanetarchive.ipac.caltech.edu)|134.4.54.147|:443... connected.
HTTP request sent, awaiting response... 200 OK
Length: 1429371 (1,4M) [text/plain]
Saving to: 'kplr008462852-2012179063303_llc_lc.tbl'

     0K .......... .......... .......... .......... ..........  3% 56,2K 24s
    50K .......... .......... .......... .......... ..........  7%  132K 16s
   100K .......... .......... .......... .......... .......... 10%  170K 13s
   150K .......... .......... .......... .......... .......... 14%  222K 11s
   200K .......... .......... .......... .......... .......... 17%  324K 9s
   250K .......... .......... .......... .......... .......... 21%  327K 8s
   300K .......... .......... .......... .......... .......... 25%  344K 7s
   350K .......... .......... .......... .......... .......... 28%  324K 6s
   400K .......... .......... .......... .......... .......... 32%  174K 6s
   450K .......... .......... .......... .......... .......... 35% 4,98M 5s
   500K .......... .......... .......... .......... .......... 39%  168K 5s
   550K .......... .......... .......... .......... .......... 42%  115K 5s
   600K .......... .......... .......... .......... .......... 46%  112K 4s
   650K .......... .......... .......... .......... .......... 50%  164K 4s
   700K .......... .......... .......... .......... .......... 53%  174K 4s
   750K .......... .......... .......... .......... .......... 57%  320K 3s
   800K .......... .......... .......... .......... .......... 60%  113K 3s
   850K .......... .......... .......... .......... .......... 64% 55,9K 3s
   900K .......... .......... .......... .......... .......... 68% 84,1K 3s
   950K .......... .......... .......... .......... .......... 71%  165K 3s
  1000K .......... .......... .......... .......... .......... 75%  165K 2s
  1050K .......... .......... .......... .......... .......... 78%  174K 2s
  1100K .......... .......... .......... .......... .......... 82%  298K 2s
  1150K .......... .......... .......... .......... .......... 85%  180K 1s
  1200K .......... .......... .......... .......... .......... 89%  165K 1s
  1250K .......... .......... .......... .......... .......... 93%  278K 1s
  1300K .......... .......... .......... .......... .......... 96%  324K 0s
  1350K .......... .......... .......... .......... .....     100%  295K=8,7s

2018-12-23 18:16:14 (161 KB/s) - 'kplr008462852-2012179063303_llc_lc.tbl' saved [1429371/1429371]

--2018-12-23 18:16:14--  http://exoplanetarchive.ipac.caltech.edu/data/ETSS//Kepler/005/587/22/kplr008462852-2012277125453_llc.fits
Resolving exoplanetarchive.ipac.caltech.edu (exoplanetarchive.ipac.caltech.edu)... 134.4.54.147
Connecting to exoplanetarchive.ipac.caltech.edu (exoplanetarchive.ipac.caltech.edu)|134.4.54.147|:80... connected.
HTTP request sent, awaiting response... 302 Found
Location: https://exoplanetarchive.ipac.caltech.edu/data/ETSS//Kepler/005/587/22/kplr008462852-2012277125453_llc.fits [following]
--2018-12-23 18:16:15--  https://exoplanetarchive.ipac.caltech.edu/data/ETSS//Kepler/005/587/22/kplr008462852-2012277125453_llc.fits
Connecting to exoplanetarchive.ipac.caltech.edu (exoplanetarchive.ipac.caltech.edu)|134.4.54.147|:443... connected.
HTTP request sent, awaiting response... 200 OK
Length: 506880 (495K) [image/x-fits]
Saving to: 'kplr008462852-2012277125453_llc.fits'

     0K .......... .......... .......... .......... .......... 10% 55,9K 8s
    50K .......... .......... .......... .......... .......... 20%  112K 5s
   100K .......... .......... .......... .......... .......... 30%  168K 4s
   150K .......... .......... .......... .......... .......... 40%  327K 3s
   200K .......... .......... .......... .......... .......... 50%  171K 2s
   250K .......... .......... .......... .......... .......... 60%  331K 1s
   300K .......... .......... .......... .......... .......... 70%  114K 1s
   350K .......... .......... .......... .......... .......... 80% 83,6K 1s
   400K .......... .......... .......... .......... .......... 90% 84,7K 0s
   450K .......... .......... .......... .......... .....     100%  153K=4,2s

2018-12-23 18:16:20 (119 KB/s) - 'kplr008462852-2012277125453_llc.fits' saved [506880/506880]

--2018-12-23 18:16:20--  http://exoplanetarchive.ipac.caltech.edu/data/ETSS//Kepler/005/603/92/kplr008462852-2012277125453_llc_lc.tbl
Resolving exoplanetarchive.ipac.caltech.edu (exoplanetarchive.ipac.caltech.edu)... 134.4.54.147
Connecting to exoplanetarchive.ipac.caltech.edu (exoplanetarchive.ipac.caltech.edu)|134.4.54.147|:80... connected.
HTTP request sent, awaiting response... 302 Found
Location: https://exoplanetarchive.ipac.caltech.edu/data/ETSS//Kepler/005/603/92/kplr008462852-2012277125453_llc_lc.tbl [following]
--2018-12-23 18:16:20--  https://exoplanetarchive.ipac.caltech.edu/data/ETSS//Kepler/005/603/92/kplr008462852-2012277125453_llc_lc.tbl
Connecting to exoplanetarchive.ipac.caltech.edu (exoplanetarchive.ipac.caltech.edu)|134.4.54.147|:443... connected.
HTTP request sent, awaiting response... 200 OK
Length: 1537567 (1,5M) [text/plain]
Saving to: 'kplr008462852-2012277125453_llc_lc.tbl'

     0K .......... .......... .......... .......... ..........  3% 55,1K 26s
    50K .......... .......... .......... .......... ..........  6%  166K 17s
   100K .......... .......... .......... .......... ..........  9%  165K 14s
   150K .......... .......... .......... .......... .......... 13%  166K 12s
   200K .......... .......... .......... .......... .......... 16%  168K 11s
   250K .......... .......... .......... .......... .......... 19%  331K 9s
   300K .......... .......... .......... .......... .......... 23%  317K 8s
   350K .......... .......... .......... .......... .......... 26%  344K 7s
   400K .......... .......... .......... .......... .......... 29%  170K 7s
   450K .......... .......... .......... .......... .......... 33%  331K 6s
   500K .......... .......... .......... .......... .......... 36%  336K 5s
   550K .......... .......... .......... .......... .......... 39% 5,91M 5s
   600K .......... .......... .......... .......... .......... 43%  335K 4s
   650K .......... .......... .......... .......... .......... 46%  331K 4s
   700K .......... .......... .......... .......... .......... 49%  330K 4s
   750K .......... .......... .......... .......... .......... 53%  343K 3s
   800K .......... .......... .......... .......... .......... 56%  332K 3s
   850K .......... .......... .......... .......... .......... 59% 6,42M 3s
   900K .......... .......... .......... .......... .......... 63%  332K 2s
   950K .......... .......... .......... .......... .......... 66%  335K 2s
  1000K .......... .......... .......... .......... .......... 69% 5,28M 2s
  1050K .......... .......... .......... .......... .......... 73%  344K 2s
  1100K .......... .......... .......... .......... .......... 76%  333K 1s
  1150K .......... .......... .......... .......... .......... 79%  343K 1s
  1200K .......... .......... .......... .......... .......... 83%  336K 1s
  1250K .......... .......... .......... .......... .......... 86% 5,54M 1s
  1300K .......... .......... .......... .......... .......... 89%  352K 1s
  1350K .......... .......... .......... .......... .......... 93% 5,75M 0s
  1400K .......... .......... .......... .......... .......... 96%  349K 0s
  1450K .......... .......... .......... .......... .......... 99% 4,49M 0s
  1500K .                                                     100% 9,95G=5,1s

2018-12-23 18:16:26 (292 KB/s) - 'kplr008462852-2012277125453_llc_lc.tbl' saved [1537567/1537567]

--2018-12-23 18:16:26--  http://exoplanetarchive.ipac.caltech.edu/data/ETSS//Kepler/005/621/70/kplr008462852-2013011073258_llc.fits
Resolving exoplanetarchive.ipac.caltech.edu (exoplanetarchive.ipac.caltech.edu)... 134.4.54.147
Connecting to exoplanetarchive.ipac.caltech.edu (exoplanetarchive.ipac.caltech.edu)|134.4.54.147|:80... connected.
HTTP request sent, awaiting response... 302 Found
Location: https://exoplanetarchive.ipac.caltech.edu/data/ETSS//Kepler/005/621/70/kplr008462852-2013011073258_llc.fits [following]
--2018-12-23 18:16:27--  https://exoplanetarchive.ipac.caltech.edu/data/ETSS//Kepler/005/621/70/kplr008462852-2013011073258_llc.fits
Connecting to exoplanetarchive.ipac.caltech.edu (exoplanetarchive.ipac.caltech.edu)|134.4.54.147|:443... connected.
HTTP request sent, awaiting response... 200 OK
Length: 506880 (495K) [image/x-fits]
Saving to: 'kplr008462852-2013011073258_llc.fits'

     0K .......... .......... .......... .......... .......... 10% 55,1K 8s
    50K .......... .......... .......... .......... .......... 20%  110K 5s
   100K .......... .......... .......... .......... .......... 30%  167K 4s
   150K .......... .......... .......... .......... .......... 40%  321K 3s
   200K .......... .......... .......... .......... .......... 50%  313K 2s
   250K .......... .......... .......... .......... .......... 60%  175K 1s
   300K .......... .......... .......... .......... .......... 70%  316K 1s
   350K .......... .......... .......... .......... .......... 80%  333K 1s
   400K .......... .......... .......... .......... .......... 90%  326K 0s
   450K .......... .......... .......... .......... .....     100% 2,51M=2,7s

2018-12-23 18:16:30 (181 KB/s) - 'kplr008462852-2013011073258_llc.fits' saved [506880/506880]

--2018-12-23 18:16:30--  http://exoplanetarchive.ipac.caltech.edu/data/ETSS//Kepler/005/638/17/kplr008462852-2013011073258_llc_lc.tbl
Resolving exoplanetarchive.ipac.caltech.edu (exoplanetarchive.ipac.caltech.edu)... 134.4.54.147
Connecting to exoplanetarchive.ipac.caltech.edu (exoplanetarchive.ipac.caltech.edu)|134.4.54.147|:80... connected.
HTTP request sent, awaiting response... 302 Found
Location: https://exoplanetarchive.ipac.caltech.edu/data/ETSS//Kepler/005/638/17/kplr008462852-2013011073258_llc_lc.tbl [following]
--2018-12-23 18:16:31--  https://exoplanetarchive.ipac.caltech.edu/data/ETSS//Kepler/005/638/17/kplr008462852-2013011073258_llc_lc.tbl
Connecting to exoplanetarchive.ipac.caltech.edu (exoplanetarchive.ipac.caltech.edu)|134.4.54.147|:443... connected.
HTTP request sent, awaiting response... 200 OK
Length: 1544950 (1,5M) [text/plain]
Saving to: 'kplr008462852-2013011073258_llc_lc.tbl'

     0K .......... .......... .......... .......... ..........  3% 56,8K 26s
    50K .......... .......... .......... .......... ..........  6%  113K 19s
   100K .......... .......... .......... .......... ..........  9%  170K 15s
   150K .......... .......... .......... .......... .......... 13%  171K 13s
   200K .......... .......... .......... .......... .......... 16%  170K 11s
   250K .......... .......... .......... .......... .......... 19%  322K 10s
   300K .......... .......... .......... .......... .......... 23%  332K 8s
   350K .......... .......... .......... .......... .......... 26%  337K 7s
   400K .......... .......... .......... .......... .......... 29%  173K 7s
   450K .......... .......... .......... .......... .......... 33% 3,69M 6s
   500K .......... .......... .......... .......... .......... 36%  339K 5s
   550K .......... .......... .......... .......... .......... 39%  344K 5s
   600K .......... .......... .......... .......... .......... 43%  349K 4s
   650K .......... .......... .......... .......... .......... 46%  342K 4s
   700K .......... .......... .......... .......... .......... 49% 5,96M 4s
   750K .......... .......... .......... .......... .......... 53%  345K 3s
   800K .......... .......... .......... .......... .......... 56%  350K 3s
   850K .......... .......... .......... .......... .......... 59%  344K 3s
   900K .......... .......... .......... .......... .......... 62%  345K 2s
   950K .......... .......... .......... .......... .......... 66% 5,28M 2s
  1000K .......... .......... .......... .......... .......... 69%  344K 2s
  1050K .......... .......... .......... .......... .......... 72%  345K 2s
  1100K .......... .......... .......... .......... .......... 76%  347K 1s
  1150K .......... .......... .......... .......... .......... 79% 5,04M 1s
  1200K .......... .......... .......... .......... .......... 82%  345K 1s
  1250K .......... .......... .......... .......... .......... 86%  347K 1s
  1300K .......... .......... .......... .......... .......... 89% 4,81M 1s
  1350K .......... .......... .......... .......... .......... 92%  369K 0s
  1400K .......... .......... .......... .......... .......... 96%  353K 0s
  1450K .......... .......... .......... .......... .......... 99% 5,45M 0s
  1500K ........                                              100% 6,68M=5,2s

2018-12-23 18:16:37 (292 KB/s) - 'kplr008462852-2013011073258_llc_lc.tbl' saved [1544950/1544950]

--2018-12-23 18:16:37--  http://exoplanetarchive.ipac.caltech.edu/data/ETSS//Kepler/005/654/45/kplr008462852-2013098041711_llc.fits
Resolving exoplanetarchive.ipac.caltech.edu (exoplanetarchive.ipac.caltech.edu)... 134.4.54.147
Connecting to exoplanetarchive.ipac.caltech.edu (exoplanetarchive.ipac.caltech.edu)|134.4.54.147|:80... connected.
HTTP request sent, awaiting response... 302 Found
Location: https://exoplanetarchive.ipac.caltech.edu/data/ETSS//Kepler/005/654/45/kplr008462852-2013098041711_llc.fits [following]
--2018-12-23 18:16:37--  https://exoplanetarchive.ipac.caltech.edu/data/ETSS//Kepler/005/654/45/kplr008462852-2013098041711_llc.fits
Connecting to exoplanetarchive.ipac.caltech.edu (exoplanetarchive.ipac.caltech.edu)|134.4.54.147|:443... connected.
HTTP request sent, awaiting response... 200 OK
Length: 449280 (439K) [image/x-fits]
Saving to: 'kplr008462852-2013098041711_llc.fits'

     0K .......... .......... .......... .......... .......... 11% 55,4K 7s
    50K .......... .......... .......... .......... .......... 22%  130K 4s
   100K .......... .......... .......... .......... .......... 34%  166K 3s
   150K .......... .......... .......... .......... .......... 45%  224K 2s
   200K .......... .......... .......... .......... .......... 56%  322K 1s
   250K .......... .......... .......... .......... .......... 68%  324K 1s
   300K .......... .......... .......... .......... .......... 79%  313K 1s
   350K .......... .......... .......... .......... .......... 91%  168K 0s
   400K .......... .......... .......... ........             100% 3,96M=2,6s

2018-12-23 18:16:41 (169 KB/s) - 'kplr008462852-2013098041711_llc.fits' saved [449280/449280]

--2018-12-23 18:16:41--  http://exoplanetarchive.ipac.caltech.edu/data/ETSS//Kepler/005/671/21/kplr008462852-2013098041711_llc_lc.tbl
Resolving exoplanetarchive.ipac.caltech.edu (exoplanetarchive.ipac.caltech.edu)... 134.4.54.147
Connecting to exoplanetarchive.ipac.caltech.edu (exoplanetarchive.ipac.caltech.edu)|134.4.54.147|:80... connected.
HTTP request sent, awaiting response... 302 Found
Location: https://exoplanetarchive.ipac.caltech.edu/data/ETSS//Kepler/005/671/21/kplr008462852-2013098041711_llc_lc.tbl [following]
--2018-12-23 18:16:41--  https://exoplanetarchive.ipac.caltech.edu/data/ETSS//Kepler/005/671/21/kplr008462852-2013098041711_llc_lc.tbl
Connecting to exoplanetarchive.ipac.caltech.edu (exoplanetarchive.ipac.caltech.edu)|134.4.54.147|:443... connected.
HTTP request sent, awaiting response... 200 OK
Length: 1359003 (1,3M) [text/plain]
Saving to: 'kplr008462852-2013098041711_llc_lc.tbl'

     0K .......... .......... .......... .......... ..........  3% 55,0K 23s
    50K .......... .......... .......... .......... ..........  7%  111K 17s
   100K .......... .......... .......... .......... .......... 11%  167K 13s
   150K .......... .......... .......... .......... .......... 15%  167K 11s
   200K .......... .......... .......... .......... .......... 18%  322K 9s
   250K .......... .......... .......... .......... .......... 22%  166K 8s
   300K .......... .......... .......... .......... .......... 26%  334K 7s
   350K .......... .......... .......... .......... .......... 30%  323K 6s
   400K .......... .......... .......... .......... .......... 33%  326K 6s
   450K .......... .......... .......... .......... .......... 37%  330K 5s
   500K .......... .......... .......... .......... .......... 41%  336K 4s
   550K .......... .......... .......... .......... .......... 45%  342K 4s
   600K .......... .......... .......... .......... .......... 48% 3,09M 3s
   650K .......... .......... .......... .......... .......... 52%  346K 3s
   700K .......... .......... .......... .......... .......... 56%  341K 3s
   750K .......... .......... .......... .......... .......... 60%  343K 2s
   800K .......... .......... .......... .......... .......... 64%  335K 2s
   850K .......... .......... .......... .......... .......... 67% 4,99M 2s
   900K .......... .......... .......... .......... .......... 71%  342K 2s
   950K .......... .......... .......... .......... .......... 75%  331K 1s
  1000K .......... .......... .......... .......... .......... 79% 4,88M 1s
  1050K .......... .......... .......... .......... .......... 82%  351K 1s
  1100K .......... .......... .......... .......... .......... 86%  343K 1s
  1150K .......... .......... .......... .......... .......... 90% 5,37M 0s
  1200K .......... .......... .......... .......... .......... 94%  340K 0s
  1250K .......... .......... .......... .......... .......... 97% 6,19M 0s
  1300K .......... .......... .......                         100% 6,71M=4,7s

2018-12-23 18:16:47 (283 KB/s) - 'kplr008462852-2013098041711_llc_lc.tbl' saved [1359003/1359003]

--2018-12-23 18:16:47--  http://exoplanetarchive.ipac.caltech.edu/data/ETSS//Kepler/005/687/38/kplr008462852-2013131215648_llc.fits
Resolving exoplanetarchive.ipac.caltech.edu (exoplanetarchive.ipac.caltech.edu)... 134.4.54.147
Connecting to exoplanetarchive.ipac.caltech.edu (exoplanetarchive.ipac.caltech.edu)|134.4.54.147|:80... connected.
HTTP request sent, awaiting response... 302 Found
Location: https://exoplanetarchive.ipac.caltech.edu/data/ETSS//Kepler/005/687/38/kplr008462852-2013131215648_llc.fits [following]
--2018-12-23 18:16:47--  https://exoplanetarchive.ipac.caltech.edu/data/ETSS//Kepler/005/687/38/kplr008462852-2013131215648_llc.fits
Connecting to exoplanetarchive.ipac.caltech.edu (exoplanetarchive.ipac.caltech.edu)|134.4.54.147|:443... connected.
HTTP request sent, awaiting response... 200 OK
Length: 187200 (183K) [image/x-fits]
Saving to: 'kplr008462852-2013131215648_llc.fits'

     0K .......... .......... .......... .......... .......... 27% 68,9K 2s
    50K .......... .......... .......... .......... .......... 54%  151K 1s
   100K .......... .......... .......... .......... .......... 82%  194K 0s
   150K .......... .......... .......... ..                   100%  226K=1,5s

2018-12-23 18:16:50 (125 KB/s) - 'kplr008462852-2013131215648_llc.fits' saved [187200/187200]

--2018-12-23 18:16:50--  http://exoplanetarchive.ipac.caltech.edu/data/ETSS//Kepler/005/704/14/kplr008462852-2013131215648_llc_lc.tbl
Resolving exoplanetarchive.ipac.caltech.edu (exoplanetarchive.ipac.caltech.edu)... 134.4.54.147
Connecting to exoplanetarchive.ipac.caltech.edu (exoplanetarchive.ipac.caltech.edu)|134.4.54.147|:80... connected.
HTTP request sent, awaiting response... 302 Found
Location: https://exoplanetarchive.ipac.caltech.edu/data/ETSS//Kepler/005/704/14/kplr008462852-2013131215648_llc_lc.tbl [following]
--2018-12-23 18:16:50--  https://exoplanetarchive.ipac.caltech.edu/data/ETSS//Kepler/005/704/14/kplr008462852-2013131215648_llc_lc.tbl
Connecting to exoplanetarchive.ipac.caltech.edu (exoplanetarchive.ipac.caltech.edu)|134.4.54.147|:443... connected.
HTTP request sent, awaiting response... 200 OK
Length: 506649 (495K) [text/plain]
Saving to: 'kplr008462852-2013131215648_llc_lc.tbl'

     0K .......... .......... .......... .......... .......... 10% 67,4K 7s
    50K .......... .......... .......... .......... .......... 20%  312K 4s
   100K .......... .......... .......... .......... .......... 30%  176K 3s
   150K .......... .......... .......... .......... .......... 40%  321K 2s
   200K .......... .......... .......... .......... .......... 50%  173K 2s
   250K .......... .......... .......... .......... .......... 60%  324K 1s
   300K .......... .......... .......... .......... .......... 70%  333K 1s
   350K .......... .......... .......... .......... .......... 80%  350K 0s
   400K .......... .......... .......... .......... .......... 90%  326K 0s
   450K .......... .......... .......... .......... ....      100% 4,70M=2,2s

2018-12-23 18:16:53 (221 KB/s) - 'kplr008462852-2013131215648_llc_lc.tbl' saved [506649/506649]

