--2018-12-09 12:27:26--  http://exoplanetarchive.ipac.caltech.edu/data/ETSS//Kepler/005/147/84/kplr001431567-2009166043257_llc.fits
Resolving exoplanetarchive.ipac.caltech.edu (exoplanetarchive.ipac.caltech.edu)... 134.4.54.147
Connecting to exoplanetarchive.ipac.caltech.edu (exoplanetarchive.ipac.caltech.edu)|134.4.54.147|:80... connected.
HTTP request sent, awaiting response... 302 Found
Location: https://exoplanetarchive.ipac.caltech.edu/data/ETSS//Kepler/005/147/84/kplr001431567-2009166043257_llc.fits [following]
--2018-12-09 12:27:26--  https://exoplanetarchive.ipac.caltech.edu/data/ETSS//Kepler/005/147/84/kplr001431567-2009166043257_llc.fits
Connecting to exoplanetarchive.ipac.caltech.edu (exoplanetarchive.ipac.caltech.edu)|134.4.54.147|:443... connected.
HTTP request sent, awaiting response... 200 OK
Length: 192960 (188K) [image/x-fits]
Saving to: 'kplr001431567-2009166043257_llc.fits'

     0K .......... .......... .......... .......... .......... 26% 43,0K 3s
    50K .......... .......... .......... .......... .......... 53% 85,4K 2s
   100K .......... .......... .......... .......... .......... 79%  129K 1s
   150K .......... .......... .......... ........             100%  199K=2,3s

2018-12-09 12:27:29 (80,9 KB/s) - 'kplr001431567-2009166043257_llc.fits' saved [192960/192960]

--2018-12-09 12:27:29--  http://exoplanetarchive.ipac.caltech.edu/data/ETSS//Kepler/005/163/46/kplr001431567-2009166043257_llc_lc.tbl
Resolving exoplanetarchive.ipac.caltech.edu (exoplanetarchive.ipac.caltech.edu)... 134.4.54.147
Connecting to exoplanetarchive.ipac.caltech.edu (exoplanetarchive.ipac.caltech.edu)|134.4.54.147|:80... connected.
HTTP request sent, awaiting response... 302 Found
Location: https://exoplanetarchive.ipac.caltech.edu/data/ETSS//Kepler/005/163/46/kplr001431567-2009166043257_llc_lc.tbl [following]
--2018-12-09 12:27:30--  https://exoplanetarchive.ipac.caltech.edu/data/ETSS//Kepler/005/163/46/kplr001431567-2009166043257_llc_lc.tbl
Connecting to exoplanetarchive.ipac.caltech.edu (exoplanetarchive.ipac.caltech.edu)|134.4.54.147|:443... connected.
HTTP request sent, awaiting response... 200 OK
Length: 533403 (521K) [text/plain]
Saving to: 'kplr001431567-2009166043257_llc_lc.tbl'

     0K .......... .......... .......... .......... ..........  9% 43,0K 11s
    50K .......... .......... .......... .......... .......... 19% 85,9K 7s
   100K .......... .......... .......... .......... .......... 28%  129K 5s
   150K .......... .......... .......... .......... .......... 38% 85,7K 4s
   200K .......... .......... .......... .......... .......... 47%  244K 3s
   250K .......... .......... .......... .......... .......... 57%  119K 2s
   300K .......... .......... .......... .......... .......... 67%  322K 2s
   350K .......... .......... .......... .......... .......... 76%  130K 1s
   400K .......... .......... .......... .......... .......... 86%  259K 1s
   450K .......... .......... .......... .......... .......... 95%  256K 0s
   500K .......... ..........                                 100% 13,0M=4,3s

2018-12-09 12:27:35 (122 KB/s) - 'kplr001431567-2009166043257_llc_lc.tbl' saved [533403/533403]

--2018-12-09 12:27:35--  http://exoplanetarchive.ipac.caltech.edu/data/ETSS//Kepler/005/212/36/kplr001431567-2009259160929_llc.fits
Resolving exoplanetarchive.ipac.caltech.edu (exoplanetarchive.ipac.caltech.edu)... 134.4.54.147
Connecting to exoplanetarchive.ipac.caltech.edu (exoplanetarchive.ipac.caltech.edu)|134.4.54.147|:80... connected.
HTTP request sent, awaiting response... 302 Found
Location: https://exoplanetarchive.ipac.caltech.edu/data/ETSS//Kepler/005/212/36/kplr001431567-2009259160929_llc.fits [following]
--2018-12-09 12:27:36--  https://exoplanetarchive.ipac.caltech.edu/data/ETSS//Kepler/005/212/36/kplr001431567-2009259160929_llc.fits
Connecting to exoplanetarchive.ipac.caltech.edu (exoplanetarchive.ipac.caltech.edu)|134.4.54.147|:443... connected.
HTTP request sent, awaiting response... 200 OK
Length: 466560 (456K) [image/x-fits]
Saving to: 'kplr001431567-2009259160929_llc.fits'

     0K .......... .......... .......... .......... .......... 10% 42,9K 9s
    50K .......... .......... .......... .......... .......... 21% 85,4K 6s
   100K .......... .......... .......... .......... .......... 32%  128K 4s
   150K .......... .......... .......... .......... .......... 43%  252K 3s
   200K .......... .......... .......... .......... .......... 54%  256K 2s
   250K .......... .......... .......... .......... .......... 65%  129K 2s
   300K .......... .......... .......... .......... .......... 76%  247K 1s
   350K .......... .......... .......... .......... .......... 87%  274K 0s
   400K .......... .......... .......... .......... .......... 98%  256K 0s
   450K .....                                                 100% 36,6G=3,5s

2018-12-09 12:27:40 (130 KB/s) - 'kplr001431567-2009259160929_llc.fits' saved [466560/466560]

--2018-12-09 12:27:40--  http://exoplanetarchive.ipac.caltech.edu/data/ETSS//Kepler/005/228/99/kplr001431567-2009259160929_llc_lc.tbl
Resolving exoplanetarchive.ipac.caltech.edu (exoplanetarchive.ipac.caltech.edu)... 134.4.54.147
Connecting to exoplanetarchive.ipac.caltech.edu (exoplanetarchive.ipac.caltech.edu)|134.4.54.147|:80... connected.
HTTP request sent, awaiting response... 302 Found
Location: https://exoplanetarchive.ipac.caltech.edu/data/ETSS//Kepler/005/228/99/kplr001431567-2009259160929_llc_lc.tbl [following]
--2018-12-09 12:27:41--  https://exoplanetarchive.ipac.caltech.edu/data/ETSS//Kepler/005/228/99/kplr001431567-2009259160929_llc_lc.tbl
Connecting to exoplanetarchive.ipac.caltech.edu (exoplanetarchive.ipac.caltech.edu)|134.4.54.147|:443... connected.
HTTP request sent, awaiting response... 200 OK
Length: 1407820 (1,3M) [text/plain]
Saving to: 'kplr001431567-2009259160929_llc_lc.tbl'

     0K .......... .......... .......... .......... ..........  3% 43,3K 31s
    50K .......... .......... .......... .......... ..........  7% 86,5K 22s
   100K .......... .......... .......... .......... .......... 10%  212K 16s
   150K .......... .......... .......... .......... .......... 14%  143K 14s
   200K .......... .......... .......... .......... .......... 18%  213K 11s
   250K .......... .......... .......... .......... .......... 21%  144K 10s
   300K .......... .......... .......... .......... .......... 25%  254K 9s
   350K .......... .......... .......... .......... .......... 29%  260K 8s
   400K .......... .......... .......... .......... .......... 32%  255K 7s
   450K .......... .......... .......... .......... .......... 36%  130K 7s
   500K .......... .......... .......... .......... .......... 40% 9,58M 6s
   550K .......... .......... .......... .......... .......... 43%  256K 5s
   600K .......... .......... .......... .......... .......... 47%  252K 5s
   650K .......... .......... .......... .......... .......... 50%  260K 4s
   700K .......... .......... .......... .......... .......... 54% 5,82M 4s
   750K .......... .......... .......... .......... .......... 58%  260K 3s
   800K .......... .......... .......... .......... .......... 61%  256K 3s
   850K .......... .......... .......... .......... .......... 65%  261K 3s
   900K .......... .......... .......... .......... .......... 69% 10,5M 2s
   950K .......... .......... .......... .......... .......... 72%  260K 2s
  1000K .......... .......... .......... .......... .......... 76%  260K 2s
  1050K .......... .......... .......... .......... .......... 80% 3,66M 1s
  1100K .......... .......... .......... .......... .......... 83%  276K 1s
  1150K .......... .......... .......... .......... .......... 87% 3,07M 1s
  1200K .......... .......... .......... .......... .......... 90%  270K 1s
  1250K .......... .......... .......... .......... .......... 94% 3,74M 0s
  1300K .......... .......... .......... .......... .......... 98%  264K 0s
  1350K .......... .......... ....                            100% 2,25M=6,0s

2018-12-09 12:27:48 (227 KB/s) - 'kplr001431567-2009259160929_llc_lc.tbl' saved [1407820/1407820]

--2018-12-09 12:27:48--  http://exoplanetarchive.ipac.caltech.edu/data/ETSS//Kepler/005/245/63/kplr001431567-2009350155506_llc.fits
Resolving exoplanetarchive.ipac.caltech.edu (exoplanetarchive.ipac.caltech.edu)... 134.4.54.147
Connecting to exoplanetarchive.ipac.caltech.edu (exoplanetarchive.ipac.caltech.edu)|134.4.54.147|:80... connected.
HTTP request sent, awaiting response... 302 Found
Location: https://exoplanetarchive.ipac.caltech.edu/data/ETSS//Kepler/005/245/63/kplr001431567-2009350155506_llc.fits [following]
--2018-12-09 12:27:48--  https://exoplanetarchive.ipac.caltech.edu/data/ETSS//Kepler/005/245/63/kplr001431567-2009350155506_llc.fits
Connecting to exoplanetarchive.ipac.caltech.edu (exoplanetarchive.ipac.caltech.edu)|134.4.54.147|:443... connected.
HTTP request sent, awaiting response... 200 OK
Length: 466560 (456K) [image/x-fits]
Saving to: 'kplr001431567-2009350155506_llc.fits'

     0K .......... .......... .......... .......... .......... 10% 42,4K 10s
    50K .......... .......... .......... .......... .......... 21%  125K 6s
   100K .......... .......... .......... .......... .......... 32%  129K 4s
   150K .......... .......... .......... .......... .......... 43%  125K 3s
   200K .......... .......... .......... .......... .......... 54%  253K 2s
   250K .......... .......... .......... .......... .......... 65%  130K 2s
   300K .......... .......... .......... .......... .......... 76%  130K 1s
   350K .......... .......... .......... .......... .......... 87%  258K 0s
   400K .......... .......... .......... .......... .......... 98%  255K 0s
   450K .....                                                 100% 36,6G=3,7s

2018-12-09 12:27:53 (122 KB/s) - 'kplr001431567-2009350155506_llc.fits' saved [466560/466560]

--2018-12-09 12:27:53--  http://exoplanetarchive.ipac.caltech.edu/data/ETSS//Kepler/005/262/19/kplr001431567-2009350155506_llc_lc.tbl
Resolving exoplanetarchive.ipac.caltech.edu (exoplanetarchive.ipac.caltech.edu)... 134.4.54.147
Connecting to exoplanetarchive.ipac.caltech.edu (exoplanetarchive.ipac.caltech.edu)|134.4.54.147|:80... connected.
HTTP request sent, awaiting response... 302 Found
Location: https://exoplanetarchive.ipac.caltech.edu/data/ETSS//Kepler/005/262/19/kplr001431567-2009350155506_llc_lc.tbl [following]
--2018-12-09 12:27:53--  https://exoplanetarchive.ipac.caltech.edu/data/ETSS//Kepler/005/262/19/kplr001431567-2009350155506_llc_lc.tbl
Connecting to exoplanetarchive.ipac.caltech.edu (exoplanetarchive.ipac.caltech.edu)|134.4.54.147|:443... connected.
HTTP request sent, awaiting response... 200 OK
Length: 1412962 (1,3M) [text/plain]
Saving to: 'kplr001431567-2009350155506_llc_lc.tbl'

     0K .......... .......... .......... .......... ..........  3% 42,6K 31s
    50K .......... .......... .......... .......... ..........  7%  115K 21s
   100K .......... .......... .......... .......... .......... 10% 85,2K 18s
   150K .......... .......... .......... .......... .......... 14% 64,5K 18s
   200K .......... .......... .......... .......... .......... 18% 51,5K 18s
   250K .......... .......... .......... .......... .......... 21% 85,2K 16s
   300K .......... .......... .......... .......... .......... 25%  128K 14s
   350K .......... .......... .......... .......... .......... 28%  130K 13s
   400K .......... .......... .......... .......... .......... 32%  126K 12s
   450K .......... .......... .......... .......... .......... 36%  126K 11s
   500K .......... .......... .......... .......... .......... 39%  128K 10s
   550K .......... .......... .......... .......... .......... 43%  127K 9s
   600K .......... .......... .......... .......... .......... 47%  248K 8s
   650K .......... .......... .......... .......... .......... 50%  127K 7s
   700K .......... .......... .......... .......... .......... 54% 63,9K 7s
   750K .......... .......... .......... .......... .......... 57% 84,7K 6s
   800K .......... .......... .......... .......... .......... 61% 85,7K 6s
   850K .......... .......... .......... .......... .......... 65% 85,0K 5s
   900K .......... .......... .......... .......... .......... 68% 42,9K 5s
   950K .......... .......... .......... .......... .......... 72% 85,0K 4s
  1000K .......... .......... .......... .......... .......... 76% 85,4K 4s
  1050K .......... .......... .......... .......... .......... 79% 64,6K 3s
  1100K .......... .......... .......... .......... .......... 83%  127K 3s
  1150K .......... .......... .......... .......... .......... 86% 85,3K 2s
  1200K .......... .......... .......... .......... .......... 90% 84,3K 2s
  1250K .......... .......... .......... .......... .......... 94%  128K 1s
  1300K .......... .......... .......... .......... .......... 97% 85,0K 0s
  1350K .......... .......... .........                       100%  154K=16s

2018-12-09 12:28:10 (86,9 KB/s) - 'kplr001431567-2009350155506_llc_lc.tbl' saved [1412962/1412962]

--2018-12-09 12:28:56--  http://exoplanetarchive.ipac.caltech.edu/data/ETSS//Kepler/005/344/90/kplr001431567-2010078095331_llc.fits
Resolving exoplanetarchive.ipac.caltech.edu (exoplanetarchive.ipac.caltech.edu)... 134.4.54.147
Connecting to exoplanetarchive.ipac.caltech.edu (exoplanetarchive.ipac.caltech.edu)|134.4.54.147|:80... connected.
HTTP request sent, awaiting response... 302 Found
Location: https://exoplanetarchive.ipac.caltech.edu/data/ETSS//Kepler/005/344/90/kplr001431567-2010078095331_llc.fits [following]
--2018-12-09 12:28:57--  https://exoplanetarchive.ipac.caltech.edu/data/ETSS//Kepler/005/344/90/kplr001431567-2010078095331_llc.fits
Connecting to exoplanetarchive.ipac.caltech.edu (exoplanetarchive.ipac.caltech.edu)|134.4.54.147|:443... connected.
--2018-12-09 12:29:43--  http://exoplanetarchive.ipac.caltech.edu/data/ETSS//Kepler/005/147/84/kplr001431567-2009166043257_llc.fits
Resolving exoplanetarchive.ipac.caltech.edu (exoplanetarchive.ipac.caltech.edu)... 134.4.54.147
Connecting to exoplanetarchive.ipac.caltech.edu (exoplanetarchive.ipac.caltech.edu)|134.4.54.147|:80... connected.
HTTP request sent, awaiting response... 302 Found
Location: https://exoplanetarchive.ipac.caltech.edu/data/ETSS//Kepler/005/147/84/kplr001431567-2009166043257_llc.fits [following]
--2018-12-09 12:29:43--  https://exoplanetarchive.ipac.caltech.edu/data/ETSS//Kepler/005/147/84/kplr001431567-2009166043257_llc.fits
Connecting to exoplanetarchive.ipac.caltech.edu (exoplanetarchive.ipac.caltech.edu)|134.4.54.147|:443... connected.
HTTP request sent, awaiting response... 200 OK
Length: 192960 (188K) [image/x-fits]
Saving to: 'kplr001431567-2009166043257_llc.fits'

     0K .......... .......... .......... .......... .......... 26% 52,1K 3s
    50K .......... .......... .......... .......... .......... 53%  129K 1s
   100K .......... .......... .......... .......... .......... 79%  129K 0s
   150K .......... .......... .......... ........             100%  200K=1,9s

2018-12-09 12:29:46 (97,9 KB/s) - 'kplr001431567-2009166043257_llc.fits' saved [192960/192960]

--2018-12-09 12:29:46--  http://exoplanetarchive.ipac.caltech.edu/data/ETSS//Kepler/005/163/46/kplr001431567-2009166043257_llc_lc.tbl
Resolving exoplanetarchive.ipac.caltech.edu (exoplanetarchive.ipac.caltech.edu)... 134.4.54.147
Connecting to exoplanetarchive.ipac.caltech.edu (exoplanetarchive.ipac.caltech.edu)|134.4.54.147|:80... connected.
HTTP request sent, awaiting response... 302 Found
Location: https://exoplanetarchive.ipac.caltech.edu/data/ETSS//Kepler/005/163/46/kplr001431567-2009166043257_llc_lc.tbl [following]
--2018-12-09 12:29:46--  https://exoplanetarchive.ipac.caltech.edu/data/ETSS//Kepler/005/163/46/kplr001431567-2009166043257_llc_lc.tbl
Connecting to exoplanetarchive.ipac.caltech.edu (exoplanetarchive.ipac.caltech.edu)|134.4.54.147|:443... connected.
HTTP request sent, awaiting response... 200 OK
Length: 533403 (521K) [text/plain]
Saving to: 'kplr001431567-2009166043257_llc_lc.tbl'

     0K .......... .......... .......... .......... ..........  9% 43,1K 11s
    50K .......... .......... .......... .......... .......... 19%  130K 7s
   100K .......... .......... .......... .......... .......... 28%  246K 4s
   150K .......... .......... .......... .......... .......... 38%  132K 3s
   200K .......... .......... .......... .......... .......... 47%  242K 3s
   250K .......... .......... .......... .......... .......... 57%  262K 2s
   300K .......... .......... .......... .......... .......... 67%  249K 1s
   350K .......... .......... .......... .......... .......... 76%  269K 1s
   400K .......... .......... .......... .......... .......... 86%  259K 0s
   450K .......... .......... .......... .......... .......... 95%  261K 0s
   500K .......... ..........                                 100% 10,8M=3,3s

2018-12-09 12:29:51 (158 KB/s) - 'kplr001431567-2009166043257_llc_lc.tbl' saved [533403/533403]

--2018-12-09 12:29:51--  http://exoplanetarchive.ipac.caltech.edu/data/ETSS//Kepler/005/212/36/kplr001431567-2009259160929_llc.fits
Resolving exoplanetarchive.ipac.caltech.edu (exoplanetarchive.ipac.caltech.edu)... 134.4.54.147
Connecting to exoplanetarchive.ipac.caltech.edu (exoplanetarchive.ipac.caltech.edu)|134.4.54.147|:80... connected.
HTTP request sent, awaiting response... 302 Found
Location: https://exoplanetarchive.ipac.caltech.edu/data/ETSS//Kepler/005/212/36/kplr001431567-2009259160929_llc.fits [following]
--2018-12-09 12:29:51--  https://exoplanetarchive.ipac.caltech.edu/data/ETSS//Kepler/005/212/36/kplr001431567-2009259160929_llc.fits
Connecting to exoplanetarchive.ipac.caltech.edu (exoplanetarchive.ipac.caltech.edu)|134.4.54.147|:443... connected.
HTTP request sent, awaiting response... 200 OK
Length: 466560 (456K) [image/x-fits]
Saving to: 'kplr001431567-2009259160929_llc.fits'

     0K .......... .......... .......... .......... .......... 10% 42,6K 10s
    50K .......... .......... .......... .......... .......... 21% 86,3K 6s
   100K .......... .......... .......... .......... .......... 32%  129K 4s
   150K .......... .......... .......... .......... .......... 43%  128K 3s
   200K .......... .......... .......... .......... .......... 54%  129K 2s
   250K .......... .......... .......... .......... .......... 65%  258K 2s
   300K .......... .......... .......... .......... .......... 76%  129K 1s
   350K .......... .......... .......... .......... .......... 87%  257K 1s
   400K .......... .......... .......... .......... .......... 98%  251K 0s
   450K .....                                                 100% 36,6G=3,9s

2018-12-09 12:29:58 (117 KB/s) - 'kplr001431567-2009259160929_llc.fits' saved [466560/466560]

--2018-12-09 12:29:58--  http://exoplanetarchive.ipac.caltech.edu/data/ETSS//Kepler/005/228/99/kplr001431567-2009259160929_llc_lc.tbl
Resolving exoplanetarchive.ipac.caltech.edu (exoplanetarchive.ipac.caltech.edu)... 134.4.54.147
Connecting to exoplanetarchive.ipac.caltech.edu (exoplanetarchive.ipac.caltech.edu)|134.4.54.147|:80... connected.
HTTP request sent, awaiting response... 302 Found
Location: https://exoplanetarchive.ipac.caltech.edu/data/ETSS//Kepler/005/228/99/kplr001431567-2009259160929_llc_lc.tbl [following]
--2018-12-09 12:29:59--  https://exoplanetarchive.ipac.caltech.edu/data/ETSS//Kepler/005/228/99/kplr001431567-2009259160929_llc_lc.tbl
Connecting to exoplanetarchive.ipac.caltech.edu (exoplanetarchive.ipac.caltech.edu)|134.4.54.147|:443... connected.
HTTP request sent, awaiting response... 200 OK
Length: 1407820 (1,3M) [text/plain]
Saving to: 'kplr001431567-2009259160929_llc_lc.tbl'

     0K .......... .......... .......... .......... ..........  3% 43,0K 31s
    50K .......... .......... .......... .......... ..........  7% 85,9K 22s
   100K .......... .......... .......... .......... .......... 10%  129K 17s
   150K .......... .......... .......... .......... .......... 14%  204K 14s
   200K .......... .......... .......... .......... .......... 18%  148K 12s
   250K .......... .......... .......... .......... .......... 21%  250K 10s
   300K .......... .......... .......... .......... .......... 25%  131K 10s
   350K .......... .......... .......... .......... .......... 29%  256K 9s
   400K .......... .......... .......... .......... .......... 32%  256K 8s
   450K .......... .......... .......... .......... .......... 36%  258K 7s
   500K .......... .......... .......... .......... .......... 40%  257K 6s
   550K .......... .......... .......... .......... .......... 43%  261K 6s
   600K .......... .......... .......... .......... .......... 47%  259K 5s
   650K .......... .......... .......... .......... .......... 50% 5,13M 4s
   700K .......... .......... .......... .......... .......... 54%  262K 4s
   750K .......... .......... .......... .......... .......... 58%  264K 3s
   800K .......... .......... .......... .......... .......... 61%  259K 3s
   850K .......... .......... .......... .......... .......... 65%  259K 3s
   900K .......... .......... .......... .......... .......... 69% 13,4M 2s
   950K .......... .......... .......... .......... .......... 72%  259K 2s
  1000K .......... .......... .......... .......... .......... 76%  259K 2s
  1050K .......... .......... .......... .......... .......... 80%  260K 1s
  1100K .......... .......... .......... .......... .......... 83% 12,2M 1s
  1150K .......... .......... .......... .......... .......... 87%  265K 1s
  1200K .......... .......... .......... .......... .......... 90% 2,84M 1s
  1250K .......... .......... .......... .......... .......... 94%  281K 0s
  1300K .......... .......... .......... .......... .......... 98% 2,84M 0s
  1350K .......... .......... ....                            100% 22,8M=6,2s

2018-12-09 12:30:06 (221 KB/s) - 'kplr001431567-2009259160929_llc_lc.tbl' saved [1407820/1407820]

--2018-12-09 12:30:06--  http://exoplanetarchive.ipac.caltech.edu/data/ETSS//Kepler/005/245/63/kplr001431567-2009350155506_llc.fits
Resolving exoplanetarchive.ipac.caltech.edu (exoplanetarchive.ipac.caltech.edu)... 134.4.54.147
Connecting to exoplanetarchive.ipac.caltech.edu (exoplanetarchive.ipac.caltech.edu)|134.4.54.147|:80... connected.
HTTP request sent, awaiting response... 302 Found
Location: https://exoplanetarchive.ipac.caltech.edu/data/ETSS//Kepler/005/245/63/kplr001431567-2009350155506_llc.fits [following]
--2018-12-09 12:30:06--  https://exoplanetarchive.ipac.caltech.edu/data/ETSS//Kepler/005/245/63/kplr001431567-2009350155506_llc.fits
Connecting to exoplanetarchive.ipac.caltech.edu (exoplanetarchive.ipac.caltech.edu)|134.4.54.147|:443... connected.
HTTP request sent, awaiting response... 200 OK
Length: 466560 (456K) [image/x-fits]
Saving to: 'kplr001431567-2009350155506_llc.fits'

     0K .......... .......... .......... .......... .......... 10% 42,8K 9s
    50K .......... .......... .......... .......... .......... 21%  107K 6s
   100K .......... .......... .......... .......... .......... 32%  129K 4s
   150K .......... .......... .......... .......... .......... 43%  251K 3s
   200K .......... .......... .......... .......... .......... 54%  145K 2s
   250K .......... .......... .......... .......... .......... 65%  259K 1s
   300K .......... .......... .......... .......... .......... 76%  256K 1s
   350K .......... .......... .......... .......... .......... 87%  258K 0s
   400K .......... .......... .......... .......... .......... 98%  242K 0s
   450K .....                                                 100% 36,6G=3,4s

2018-12-09 12:30:11 (136 KB/s) - 'kplr001431567-2009350155506_llc.fits' saved [466560/466560]

--2018-12-09 12:30:11--  http://exoplanetarchive.ipac.caltech.edu/data/ETSS//Kepler/005/262/19/kplr001431567-2009350155506_llc_lc.tbl
Resolving exoplanetarchive.ipac.caltech.edu (exoplanetarchive.ipac.caltech.edu)... 134.4.54.147
Connecting to exoplanetarchive.ipac.caltech.edu (exoplanetarchive.ipac.caltech.edu)|134.4.54.147|:80... connected.
HTTP request sent, awaiting response... 302 Found
Location: https://exoplanetarchive.ipac.caltech.edu/data/ETSS//Kepler/005/262/19/kplr001431567-2009350155506_llc_lc.tbl [following]
--2018-12-09 12:30:11--  https://exoplanetarchive.ipac.caltech.edu/data/ETSS//Kepler/005/262/19/kplr001431567-2009350155506_llc_lc.tbl
Connecting to exoplanetarchive.ipac.caltech.edu (exoplanetarchive.ipac.caltech.edu)|134.4.54.147|:443... connected.
HTTP request sent, awaiting response... 200 OK
Length: 1412962 (1,3M) [text/plain]
Saving to: 'kplr001431567-2009350155506_llc_lc.tbl'

     0K .......... .......... .......... .......... ..........  3% 43,0K 31s
    50K .......... .......... .......... .......... ..........  7% 85,3K 22s
   100K .......... .......... .......... .......... .......... 10%  128K 18s
   150K .......... .......... .......... .......... .......... 14%  129K 15s
   200K .......... .......... .......... .......... .......... 18%  129K 13s
   250K .......... .......... .......... .......... .......... 21%  128K 12s
   300K .......... .......... .......... .......... .......... 25%  254K 10s
   350K .......... .......... .......... .......... .......... 28%  130K 10s
   400K .......... .......... .......... .......... .......... 32%  130K 9s
   450K .......... .......... .......... .......... .......... 36%  259K 8s
   500K .......... .......... .......... .......... .......... 39%  258K 7s
   550K .......... .......... .......... .......... .......... 43%  260K 6s
   600K .......... .......... .......... .......... .......... 47%  256K 6s
   650K .......... .......... .......... .......... .......... 50% 5,78M 5s
   700K .......... .......... .......... .......... .......... 54%  252K 4s
   750K .......... .......... .......... .......... .......... 57%  264K 4s
   800K .......... .......... .......... .......... .......... 61%  261K 4s
   850K .......... .......... .......... .......... .......... 65% 3,53M 3s
   900K .......... .......... .......... .......... .......... 68%  259K 3s
   950K .......... .......... .......... .......... .......... 72%  263K 2s
  1000K .......... .......... .......... .......... .......... 76%  259K 2s
  1050K .......... .......... .......... .......... .......... 79% 12,2M 2s
  1100K .......... .......... .......... .......... .......... 83%  257K 1s
  1150K .......... .......... .......... .......... .......... 86% 6,47M 1s
  1200K .......... .......... .......... .......... .......... 90%  265K 1s
  1250K .......... .......... .......... .......... .......... 94%  258K 0s
  1300K .......... .......... .......... .......... .......... 97% 8,07M 0s
  1350K .......... .......... .........                       100% 14,1M=6,8s

2018-12-09 12:30:19 (202 KB/s) - 'kplr001431567-2009350155506_llc_lc.tbl' saved [1412962/1412962]

--2018-12-09 12:30:19--  http://exoplanetarchive.ipac.caltech.edu/data/ETSS//Kepler/005/344/90/kplr001431567-2010078095331_llc.fits
Resolving exoplanetarchive.ipac.caltech.edu (exoplanetarchive.ipac.caltech.edu)... 134.4.54.147
Connecting to exoplanetarchive.ipac.caltech.edu (exoplanetarchive.ipac.caltech.edu)|134.4.54.147|:80... connected.
HTTP request sent, awaiting response... 302 Found
Location: https://exoplanetarchive.ipac.caltech.edu/data/ETSS//Kepler/005/344/90/kplr001431567-2010078095331_llc.fits [following]
--2018-12-09 12:30:19--  https://exoplanetarchive.ipac.caltech.edu/data/ETSS//Kepler/005/344/90/kplr001431567-2010078095331_llc.fits
Connecting to exoplanetarchive.ipac.caltech.edu (exoplanetarchive.ipac.caltech.edu)|134.4.54.147|:443... connected.
HTTP request sent, awaiting response... 200 OK
Length: 469440 (458K) [image/x-fits]
Saving to: 'kplr001431567-2010078095331_llc.fits'

     0K .......... .......... .......... .......... .......... 10% 42,6K 10s
    50K .......... .......... .......... .......... .......... 21% 85,5K 6s
   100K .......... .......... .......... .......... .......... 32%  250K 4s
   150K .......... .......... .......... .......... .......... 43%  133K 3s
   200K .......... .......... .......... .......... .......... 54%  241K 2s
   250K .......... .......... .......... .......... .......... 65%  257K 1s
   300K .......... .......... .......... .......... .......... 76%  253K 1s
   350K .......... .......... .......... .......... .......... 87%  259K 0s
   400K .......... .......... .......... .......... .......... 98%  130K 0s
   450K ........                                              100% 23,1M=3,5s

2018-12-09 12:30:24 (130 KB/s) - 'kplr001431567-2010078095331_llc.fits' saved [469440/469440]

--2018-12-09 12:30:24--  http://exoplanetarchive.ipac.caltech.edu/data/ETSS//Kepler/005/361/89/kplr001431567-2010078095331_llc_lc.tbl
Resolving exoplanetarchive.ipac.caltech.edu (exoplanetarchive.ipac.caltech.edu)... 134.4.54.147
Connecting to exoplanetarchive.ipac.caltech.edu (exoplanetarchive.ipac.caltech.edu)|134.4.54.147|:80... connected.
HTTP request sent, awaiting response... 302 Found
Location: https://exoplanetarchive.ipac.caltech.edu/data/ETSS//Kepler/005/361/89/kplr001431567-2010078095331_llc_lc.tbl [following]
--2018-12-09 12:30:24--  https://exoplanetarchive.ipac.caltech.edu/data/ETSS//Kepler/005/361/89/kplr001431567-2010078095331_llc_lc.tbl
Connecting to exoplanetarchive.ipac.caltech.edu (exoplanetarchive.ipac.caltech.edu)|134.4.54.147|:443... connected.
HTTP request sent, awaiting response... 200 OK
Length: 1421656 (1,4M) [text/plain]
Saving to: 'kplr001431567-2010078095331_llc_lc.tbl'

     0K .......... .......... .......... .......... ..........  3% 43,3K 31s
    50K .......... .......... .......... .......... ..........  7% 86,4K 22s
   100K .......... .......... .......... .......... .......... 10%  251K 16s
   150K .......... .......... .......... .......... .......... 14%  131K 14s
   200K .......... .......... .......... .......... .......... 18%  243K 11s
   250K .......... .......... .......... .......... .......... 21%  132K 11s
   300K .......... .......... .......... .......... .......... 25%  255K 9s
   350K .......... .......... .......... .......... .......... 28%  256K 8s
   400K .......... .......... .......... .......... .......... 32%  252K 7s
   450K .......... .......... .......... .......... .......... 36%  257K 7s
   500K .......... .......... .......... .......... .......... 39% 7,48M 6s
   550K .......... .......... .......... .......... .......... 43%  256K 5s
   600K .......... .......... .......... .......... .......... 46%  269K 5s
   650K .......... .......... .......... .......... .......... 50%  261K 4s
   700K .......... .......... .......... .......... .......... 54% 7,44M 4s
   750K .......... .......... .......... .......... .......... 57%  263K 3s
   800K .......... .......... .......... .......... .......... 61%  259K 3s
   850K .......... .......... .......... .......... .......... 64%  261K 3s
   900K .......... .......... .......... .......... .......... 68%  258K 2s
   950K .......... .......... .......... .......... .......... 72% 10,4M 2s
  1000K .......... .......... .......... .......... .......... 75%  257K 2s
  1050K .......... .......... .......... .......... .......... 79%  266K 1s
  1100K .......... .......... .......... .......... .......... 82%  262K 1s
  1150K .......... .......... .......... .......... .......... 86% 11,9M 1s
  1200K .......... .......... .......... .......... .......... 90%  260K 1s
  1250K .......... .......... .......... .......... .......... 93% 8,12M 0s
  1300K .......... .......... .......... .......... .......... 97%  271K 0s
  1350K .......... .......... .......... ........             100% 7,68M=6,0s

2018-12-09 12:30:31 (231 KB/s) - 'kplr001431567-2010078095331_llc_lc.tbl' saved [1421656/1421656]

--2018-12-09 12:30:32--  http://exoplanetarchive.ipac.caltech.edu/data/ETSS//Kepler/005/179/09/kplr001431567-2010174085026_llc.fits
Resolving exoplanetarchive.ipac.caltech.edu (exoplanetarchive.ipac.caltech.edu)... 134.4.54.147
Connecting to exoplanetarchive.ipac.caltech.edu (exoplanetarchive.ipac.caltech.edu)|134.4.54.147|:80... connected.
HTTP request sent, awaiting response... 302 Found
Location: https://exoplanetarchive.ipac.caltech.edu/data/ETSS//Kepler/005/179/09/kplr001431567-2010174085026_llc.fits [following]
--2018-12-09 12:30:32--  https://exoplanetarchive.ipac.caltech.edu/data/ETSS//Kepler/005/179/09/kplr001431567-2010174085026_llc.fits
Connecting to exoplanetarchive.ipac.caltech.edu (exoplanetarchive.ipac.caltech.edu)|134.4.54.147|:443... connected.
HTTP request sent, awaiting response... 200 OK
Length: 492480 (481K) [image/x-fits]
Saving to: 'kplr001431567-2010174085026_llc.fits'

     0K .......... .......... .......... .......... .......... 10% 43,3K 10s
    50K .......... .......... .......... .......... .......... 20% 85,8K 7s
   100K .......... .......... .......... .......... .......... 31%  126K 5s
   150K .......... .......... .......... .......... .......... 41%  128K 4s
   200K .......... .......... .......... .......... .......... 51%  251K 3s
   250K .......... .......... .......... .......... .......... 62%  130K 2s
   300K .......... .......... .......... .......... .......... 72%  255K 1s
   350K .......... .......... .......... .......... .......... 83%  252K 1s
   400K .......... .......... .......... .......... .......... 93%  251K 0s
   450K .......... .......... ..........                      100% 14,4M=3,7s

2018-12-09 12:30:37 (130 KB/s) - 'kplr001431567-2010174085026_llc.fits' saved [492480/492480]

--2018-12-09 12:30:37--  http://exoplanetarchive.ipac.caltech.edu/data/ETSS//Kepler/005/195/72/kplr001431567-2010174085026_llc_lc.tbl
Resolving exoplanetarchive.ipac.caltech.edu (exoplanetarchive.ipac.caltech.edu)... 134.4.54.147
Connecting to exoplanetarchive.ipac.caltech.edu (exoplanetarchive.ipac.caltech.edu)|134.4.54.147|:80... connected.
HTTP request sent, awaiting response... 302 Found
Location: https://exoplanetarchive.ipac.caltech.edu/data/ETSS//Kepler/005/195/72/kplr001431567-2010174085026_llc_lc.tbl [following]
--2018-12-09 12:30:37--  https://exoplanetarchive.ipac.caltech.edu/data/ETSS//Kepler/005/195/72/kplr001431567-2010174085026_llc_lc.tbl
Connecting to exoplanetarchive.ipac.caltech.edu (exoplanetarchive.ipac.caltech.edu)|134.4.54.147|:443... connected.
HTTP request sent, awaiting response... 200 OK
Length: 1497939 (1,4M) [text/plain]
Saving to: 'kplr001431567-2010174085026_llc_lc.tbl'

     0K .......... .......... .......... .......... ..........  3% 43,0K 33s
    50K .......... .......... .......... .......... ..........  6% 84,5K 24s
   100K .......... .......... .......... .......... .......... 10% 64,2K 22s
   150K .......... .......... .......... .......... .......... 13% 30,6K 26s
   200K .......... .......... .......... .......... .......... 17% 32,1K 28s
   250K .......... .......... .......... .......... .......... 20% 31,1K 28s
   300K .......... .......... .......... .......... .......... 23% 28,4K 29s
   350K .......... .......... .......... .......... .......... 27% 42,9K 27s
   400K .......... .......... .......... .......... .......... 30% 36,6K 26s
   450K .......... .......... .......... .......... .......... 34% 64,0K 24s
   500K .......... .......... .......... .......... .......... 37% 50,8K 22s
   550K .......... .......... .......... .......... .......... 41% 64,6K 20s
   600K .......... .......... .......... .......... .......... 44% 35,6K 19s
   650K .......... .......... .......... .......... .......... 47% 36,7K 18s
   700K .......... .......... .......... .......... .......... 51% 51,5K 17s
   750K .......... .......... .......... .......... .......... 54% 51,4K 16s
   800K .......... .......... .......... .......... .......... 58% 43,1K 14s
   850K .......... .......... .......... .......... .......... 61% 51,6K 13s
   900K .......... .......... .......... .......... .......... 64% 64,1K 12s
   950K .......... .......... .......... .......... .......... 68% 64,6K 10s
  1000K .......... .......... .......... .......... .......... 71% 85,7K 9s
  1050K .......... .......... .......... .......... .......... 75% 64,0K 8s
  1100K .......... .......... .......... .......... .......... 78% 35,4K 7s
  1150K .......... .......... .......... .......... .......... 82% 32,1K 6s
  1200K .......... .......... .......... .......... .......... 85% 28,7K 5s
  1250K .......... .......... .......... .......... .......... 88% 35,4K 4s
  1300K .......... .......... .......... .......... .......... 92% 51,2K 3s
  1350K .......... .......... .......... .......... .......... 95% 51,8K 1s
  1400K .......... .......... .......... .......... .......... 99% 51,5K 0s
  1450K .......... ..                                         100% 24,3M=33s

2018-12-09 12:31:11 (44,4 KB/s) - 'kplr001431567-2010174085026_llc_lc.tbl' saved [1497939/1497939]

--2018-12-09 12:31:11--  http://exoplanetarchive.ipac.caltech.edu/data/ETSS//Kepler/005/378/88/kplr001431567-2010265121752_llc.fits
Resolving exoplanetarchive.ipac.caltech.edu (exoplanetarchive.ipac.caltech.edu)... 134.4.54.147
Connecting to exoplanetarchive.ipac.caltech.edu (exoplanetarchive.ipac.caltech.edu)|134.4.54.147|:80... connected.
HTTP request sent, awaiting response... 302 Found
Location: https://exoplanetarchive.ipac.caltech.edu/data/ETSS//Kepler/005/378/88/kplr001431567-2010265121752_llc.fits [following]
--2018-12-09 12:31:12--  https://exoplanetarchive.ipac.caltech.edu/data/ETSS//Kepler/005/378/88/kplr001431567-2010265121752_llc.fits
Connecting to exoplanetarchive.ipac.caltech.edu (exoplanetarchive.ipac.caltech.edu)|134.4.54.147|:443... connected.
HTTP request sent, awaiting response... 200 OK
Length: 469440 (458K) [image/x-fits]
Saving to: 'kplr001431567-2010265121752_llc.fits'

     0K .......... .......... .......... .......... .......... 10% 43,1K 9s
    50K .......... .......... .......... .......... .......... 21%  108K 6s
   100K .......... .......... .......... .......... .......... 32%  129K 4s
   150K .......... .......... .......... .......... .......... 43%  157K 3s
   200K .......... .......... .......... .......... .......... 54%  250K 2s
   250K .......... .......... .......... .......... .......... 65%  130K 2s
   300K .......... .......... .......... .......... .......... 76%  248K 1s
   350K .......... .......... .......... .......... .......... 87%  254K 0s
   400K .......... .......... .......... .......... .......... 98%  254K 0s
   450K ........                                              100% 21,2M=3,5s

2018-12-09 12:31:16 (131 KB/s) - 'kplr001431567-2010265121752_llc.fits' saved [469440/469440]

--2018-12-09 12:31:16--  http://exoplanetarchive.ipac.caltech.edu/data/ETSS//Kepler/005/395/41/kplr001431567-2010265121752_llc_lc.tbl
Resolving exoplanetarchive.ipac.caltech.edu (exoplanetarchive.ipac.caltech.edu)... 134.4.54.147
Connecting to exoplanetarchive.ipac.caltech.edu (exoplanetarchive.ipac.caltech.edu)|134.4.54.147|:80... connected.
HTTP request sent, awaiting response... 302 Found
Location: https://exoplanetarchive.ipac.caltech.edu/data/ETSS//Kepler/005/395/41/kplr001431567-2010265121752_llc_lc.tbl [following]
--2018-12-09 12:31:17--  https://exoplanetarchive.ipac.caltech.edu/data/ETSS//Kepler/005/395/41/kplr001431567-2010265121752_llc_lc.tbl
Connecting to exoplanetarchive.ipac.caltech.edu (exoplanetarchive.ipac.caltech.edu)|134.4.54.147|:443... connected.
HTTP request sent, awaiting response... 200 OK
Length: 1421989 (1,4M) [text/plain]
Saving to: 'kplr001431567-2010265121752_llc_lc.tbl'

     0K .......... .......... .......... .......... ..........  3% 23,3K 57s
    50K .......... .......... .......... .......... ..........  7% 42,9K 43s
   100K .......... .......... .......... .......... .......... 10% 50,8K 35s
   150K .......... .......... .......... .......... .......... 14% 51,6K 31s
   200K .......... .......... .......... .......... .......... 18% 64,4K 28s
   250K .......... .......... .......... .......... .......... 21% 85,9K 24s
   300K .......... .......... .......... .......... .......... 25% 64,5K 22s
   350K .......... .......... .......... .......... .......... 28% 31,4K 22s
   400K .......... .......... .......... .......... .......... 32% 23,4K 23s
   450K .......... .......... .......... .......... .......... 36% 27,7K 23s
   500K .......... .......... .......... .......... .......... 39% 36,3K 22s
   550K .......... .......... .......... .......... .......... 43% 36,4K 21s
   600K .......... .......... .......... .......... .......... 46% 28,0K 20s
   650K .......... .......... .......... .......... .......... 50% 32,3K 19s
   700K .......... .......... .......... .......... .......... 54% 42,7K 17s
   750K .......... .......... .......... .......... .......... 57% 42,9K 16s
   800K .......... .......... .......... .......... .......... 61% 36,8K 14s
   850K .......... .......... .......... .......... .......... 64% 64,4K 13s
   900K .......... .......... .......... .......... .......... 68% 64,3K 11s
   950K .......... .......... .......... .......... .......... 72% 64,3K 10s
  1000K .......... .......... .......... .......... .......... 75% 51,6K 8s
  1050K .......... .......... .......... .......... .......... 79% 35,8K 7s
  1100K .......... .......... .......... .......... .......... 82% 51,7K 6s
  1150K .......... .......... .......... .......... .......... 86% 51,5K 5s
  1200K .......... .......... .......... .......... .......... 90% 50,7K 3s
  1250K .......... .......... .......... .......... .......... 93% 65,5K 2s
  1300K .......... .......... .......... .......... .......... 97% 81,7K 1s
  1350K .......... .......... .......... ........             100% 98,6K=32s

2018-12-09 12:31:50 (43,3 KB/s) - 'kplr001431567-2010265121752_llc_lc.tbl' saved [1421989/1421989]

--2018-12-09 12:31:50--  http://exoplanetarchive.ipac.caltech.edu/data/ETSS//Kepler/005/278/75/kplr001431567-2010355172524_llc.fits
Resolving exoplanetarchive.ipac.caltech.edu (exoplanetarchive.ipac.caltech.edu)... 134.4.54.147
Connecting to exoplanetarchive.ipac.caltech.edu (exoplanetarchive.ipac.caltech.edu)|134.4.54.147|:80... connected.
HTTP request sent, awaiting response... 302 Found
Location: https://exoplanetarchive.ipac.caltech.edu/data/ETSS//Kepler/005/278/75/kplr001431567-2010355172524_llc.fits [following]
--2018-12-09 12:31:50--  https://exoplanetarchive.ipac.caltech.edu/data/ETSS//Kepler/005/278/75/kplr001431567-2010355172524_llc.fits
Connecting to exoplanetarchive.ipac.caltech.edu (exoplanetarchive.ipac.caltech.edu)|134.4.54.147|:443... connected.
HTTP request sent, awaiting response... 200 OK
Length: 466560 (456K) [image/x-fits]
Saving to: 'kplr001431567-2010355172524_llc.fits'

     0K .......... .......... .......... .......... .......... 10% 23,1K 18s
    50K .......... .......... .......... .......... .......... 21% 37,1K 12s
   100K .......... .......... .......... .......... .......... 32% 51,7K 9s
   150K .......... .......... .......... .......... .......... 43% 51,7K 7s
   200K .......... .......... .......... .......... .......... 54% 51,5K 5s
   250K .......... .......... .......... .......... .......... 65% 35,8K 4s
   300K .......... .......... .......... .......... .......... 76% 28,7K 3s
   350K .......... .......... .......... .......... .......... 87% 36,7K 2s
   400K .......... .......... .......... .......... .......... 98% 51,5K 0s
   450K .....                                                 100% 36,6G=12s

2018-12-09 12:32:03 (38,3 KB/s) - 'kplr001431567-2010355172524_llc.fits' saved [466560/466560]

--2018-12-09 12:32:03--  http://exoplanetarchive.ipac.caltech.edu/data/ETSS//Kepler/005/295/09/kplr001431567-2010355172524_llc_lc.tbl
Resolving exoplanetarchive.ipac.caltech.edu (exoplanetarchive.ipac.caltech.edu)... 134.4.54.147
Connecting to exoplanetarchive.ipac.caltech.edu (exoplanetarchive.ipac.caltech.edu)|134.4.54.147|:80... connected.
HTTP request sent, awaiting response... 302 Found
Location: https://exoplanetarchive.ipac.caltech.edu/data/ETSS//Kepler/005/295/09/kplr001431567-2010355172524_llc_lc.tbl [following]
--2018-12-09 12:32:04--  https://exoplanetarchive.ipac.caltech.edu/data/ETSS//Kepler/005/295/09/kplr001431567-2010355172524_llc_lc.tbl
Connecting to exoplanetarchive.ipac.caltech.edu (exoplanetarchive.ipac.caltech.edu)|134.4.54.147|:443... connected.
HTTP request sent, awaiting response... 200 OK
Length: 1414580 (1,3M) [text/plain]
Saving to: 'kplr001431567-2010355172524_llc_lc.tbl'

     0K .......... .......... .......... .......... ..........  3% 42,9K 31s
    50K .......... .......... .......... .......... ..........  7% 83,4K 23s
   100K .......... .......... .......... .......... .......... 10%  131K 18s
   150K .......... .......... .......... .......... .......... 14%  134K 15s
   200K .......... .......... .......... .......... .......... 18%  255K 12s
   250K .......... .......... .......... .......... .......... 21%  125K 11s
   300K .......... .......... .......... .......... .......... 25%  279K 10s
   350K .......... .......... .......... .......... .......... 28%  129K 9s
   400K .......... .......... .......... .......... .......... 32%  255K 8s
   450K .......... .......... .......... .......... .......... 36%  250K 7s
   500K .......... .......... .......... .......... .......... 39%  132K 7s
   550K .......... .......... .......... .......... .......... 43% 9,07M 6s
   600K .......... .......... .......... .......... .......... 47%  248K 5s
   650K .......... .......... .......... .......... .......... 50%  269K 5s
   700K .......... .......... .......... .......... .......... 54%  258K 4s
   750K .......... .......... .......... .......... .......... 57%  258K 4s
   800K .......... .......... .......... .......... .......... 61%  256K 3s
   850K .......... .......... .......... .......... .......... 65% 2,01M 3s
   900K .......... .......... .......... .......... .......... 68%  261K 3s
   950K .......... .......... .......... .......... .......... 72%  246K 2s
  1000K .......... .......... .......... .......... .......... 76% 14,7M 2s
  1050K .......... .......... .......... .......... .......... 79%  262K 2s
  1100K .......... .......... .......... .......... .......... 83%  260K 1s
  1150K .......... .......... .......... .......... .......... 86%  255K 1s
  1200K .......... .......... .......... .......... .......... 90%  259K 1s
  1250K .......... .......... .......... .......... .......... 94% 7,37M 0s
  1300K .......... .......... .......... .......... .......... 97%  264K 0s
  1350K .......... .......... .......... .                    100% 2,26M=6,8s

2018-12-09 12:32:12 (202 KB/s) - 'kplr001431567-2010355172524_llc_lc.tbl' saved [1414580/1414580]

--2018-12-09 12:32:12--  http://exoplanetarchive.ipac.caltech.edu/data/ETSS//Kepler/005/411/95/kplr001431567-2011073133259_llc.fits
Resolving exoplanetarchive.ipac.caltech.edu (exoplanetarchive.ipac.caltech.edu)... 134.4.54.147
Connecting to exoplanetarchive.ipac.caltech.edu (exoplanetarchive.ipac.caltech.edu)|134.4.54.147|:80... connected.
HTTP request sent, awaiting response... 302 Found
Location: https://exoplanetarchive.ipac.caltech.edu/data/ETSS//Kepler/005/411/95/kplr001431567-2011073133259_llc.fits [following]
--2018-12-09 12:32:12--  https://exoplanetarchive.ipac.caltech.edu/data/ETSS//Kepler/005/411/95/kplr001431567-2011073133259_llc.fits
Connecting to exoplanetarchive.ipac.caltech.edu (exoplanetarchive.ipac.caltech.edu)|134.4.54.147|:443... connected.
HTTP request sent, awaiting response... 200 OK
Length: 357120 (349K) [image/x-fits]
Saving to: 'kplr001431567-2011073133259_llc.fits'

     0K .......... .......... .......... .......... .......... 14% 43,3K 7s
    50K .......... .......... .......... .......... .......... 28% 86,3K 4s
   100K .......... .......... .......... .......... .......... 43%  127K 3s
   150K .......... .......... .......... .......... .......... 57%  129K 2s
   200K .......... .......... .......... .......... .......... 71%  252K 1s
   250K .......... .......... .......... .......... .......... 86%  252K 0s
   300K .......... .......... .......... .......... ........  100%  126K=3,3s

2018-12-09 12:32:16 (106 KB/s) - 'kplr001431567-2011073133259_llc.fits' saved [357120/357120]

--2018-12-09 12:32:17--  http://exoplanetarchive.ipac.caltech.edu/data/ETSS//Kepler/005/428/74/kplr001431567-2011073133259_llc_lc.tbl
Resolving exoplanetarchive.ipac.caltech.edu (exoplanetarchive.ipac.caltech.edu)... 134.4.54.147
Connecting to exoplanetarchive.ipac.caltech.edu (exoplanetarchive.ipac.caltech.edu)|134.4.54.147|:80... connected.
HTTP request sent, awaiting response... 302 Found
Location: https://exoplanetarchive.ipac.caltech.edu/data/ETSS//Kepler/005/428/74/kplr001431567-2011073133259_llc_lc.tbl [following]
--2018-12-09 12:32:17--  https://exoplanetarchive.ipac.caltech.edu/data/ETSS//Kepler/005/428/74/kplr001431567-2011073133259_llc_lc.tbl
Connecting to exoplanetarchive.ipac.caltech.edu (exoplanetarchive.ipac.caltech.edu)|134.4.54.147|:443... connected.
HTTP request sent, awaiting response... 200 OK
Length: 1061653 (1,0M) [text/plain]
Saving to: 'kplr001431567-2011073133259_llc_lc.tbl'

     0K .......... .......... .......... .......... ..........  4% 43,3K 23s
    50K .......... .......... .......... .......... ..........  9%  127K 14s
   100K .......... .......... .......... .......... .......... 14%  130K 11s
   150K .......... .......... .......... .......... .......... 19%  128K 10s
   200K .......... .......... .......... .......... .......... 24%  129K 9s
   250K .......... .......... .......... .......... .......... 28%  255K 7s
   300K .......... .......... .......... .......... .......... 33%  130K 6s
   350K .......... .......... .......... .......... .......... 38%  258K 6s
   400K .......... .......... .......... .......... .......... 43%  129K 5s
   450K .......... .......... .......... .......... .......... 48%  254K 4s
   500K .......... .......... .......... .......... .......... 53%  255K 4s
   550K .......... .......... .......... .......... .......... 57%  265K 3s
   600K .......... .......... .......... .......... .......... 62%  264K 3s
   650K .......... .......... .......... .......... .......... 67%  253K 2s
   700K .......... .......... .......... .......... .......... 72% 7,56M 2s
   750K .......... .......... .......... .......... .......... 77%  265K 1s
   800K .......... .......... .......... .......... .......... 81%  262K 1s
   850K .......... .......... .......... .......... .......... 86% 4,09M 1s
   900K .......... .......... .......... .......... .......... 91%  263K 0s
   950K .......... .......... .......... .......... .......... 96%  260K 0s
  1000K .......... .......... .......... ......               100% 13,4M=5,6s

2018-12-09 12:32:24 (184 KB/s) - 'kplr001431567-2011073133259_llc_lc.tbl' saved [1061653/1061653]

--2018-12-09 12:32:24--  http://exoplanetarchive.ipac.caltech.edu/data/ETSS//Kepler/005/311/43/kplr001431567-2011177032512_llc.fits
Resolving exoplanetarchive.ipac.caltech.edu (exoplanetarchive.ipac.caltech.edu)... 134.4.54.147
Connecting to exoplanetarchive.ipac.caltech.edu (exoplanetarchive.ipac.caltech.edu)|134.4.54.147|:80... connected.
HTTP request sent, awaiting response... 302 Found
Location: https://exoplanetarchive.ipac.caltech.edu/data/ETSS//Kepler/005/311/43/kplr001431567-2011177032512_llc.fits [following]
--2018-12-09 12:32:24--  https://exoplanetarchive.ipac.caltech.edu/data/ETSS//Kepler/005/311/43/kplr001431567-2011177032512_llc.fits
Connecting to exoplanetarchive.ipac.caltech.edu (exoplanetarchive.ipac.caltech.edu)|134.4.54.147|:443... connected.
HTTP request sent, awaiting response... 200 OK
Length: 506880 (495K) [image/x-fits]
Saving to: 'kplr001431567-2011177032512_llc.fits'

     0K .......... .......... .......... .......... .......... 10% 43,3K 10s
    50K .......... .......... .......... .......... .......... 20%  116K 6s
   100K .......... .......... .......... .......... .......... 30%  146K 4s
   150K .......... .......... .......... .......... .......... 40%  130K 3s
   200K .......... .......... .......... .......... .......... 50%  246K 2s
   250K .......... .......... .......... .......... .......... 60%  258K 2s
   300K .......... .......... .......... .......... .......... 70%  253K 1s
   350K .......... .......... .......... .......... .......... 80%  244K 1s
   400K .......... .......... .......... .......... .......... 90%  136K 0s
   450K .......... .......... .......... .......... .....     100% 2,34M=3,5s

2018-12-09 12:32:29 (142 KB/s) - 'kplr001431567-2011177032512_llc.fits' saved [506880/506880]

--2018-12-09 12:32:29--  http://exoplanetarchive.ipac.caltech.edu/data/ETSS//Kepler/005/328/16/kplr001431567-2011177032512_llc_lc.tbl
Resolving exoplanetarchive.ipac.caltech.edu (exoplanetarchive.ipac.caltech.edu)... 134.4.54.147
Connecting to exoplanetarchive.ipac.caltech.edu (exoplanetarchive.ipac.caltech.edu)|134.4.54.147|:80... connected.
HTTP request sent, awaiting response... 302 Found
Location: https://exoplanetarchive.ipac.caltech.edu/data/ETSS//Kepler/005/328/16/kplr001431567-2011177032512_llc_lc.tbl [following]
--2018-12-09 12:32:29--  https://exoplanetarchive.ipac.caltech.edu/data/ETSS//Kepler/005/328/16/kplr001431567-2011177032512_llc_lc.tbl
Connecting to exoplanetarchive.ipac.caltech.edu (exoplanetarchive.ipac.caltech.edu)|134.4.54.147|:443... connected.
HTTP request sent, awaiting response... 200 OK
Length: 1541101 (1,5M) [text/plain]
Saving to: 'kplr001431567-2011177032512_llc_lc.tbl'

     0K .......... .......... .......... .......... ..........  3% 42,6K 34s
    50K .......... .......... .......... .......... ..........  6% 86,1K 25s
   100K .......... .......... .......... .......... ..........  9%  130K 19s
   150K .......... .......... .......... .......... .......... 13%  129K 16s
   200K .......... .......... .......... .......... .......... 16%  249K 14s
   250K .......... .......... .......... .......... .......... 19%  131K 12s
   300K .......... .......... .......... .......... .......... 23%  253K 11s
   350K .......... .......... .......... .......... .......... 26%  255K 10s
   400K .......... .......... .......... .......... .......... 29%  252K 9s
   450K .......... .......... .......... .......... .......... 33%  253K 8s
   500K .......... .......... .......... .......... .......... 36%  259K 7s
   550K .......... .......... .......... .......... .......... 39%  257K 6s
   600K .......... .......... .......... .......... .......... 43% 4,05M 6s
   650K .......... .......... .......... .......... .......... 46%  240K 5s
   700K .......... .......... .......... .......... .......... 49%  281K 5s
   750K .......... .......... .......... .......... .......... 53%  268K 4s
   800K .......... .......... .......... .......... .......... 56%  260K 4s
   850K .......... .......... .......... .......... .......... 59% 5,97M 3s
   900K .......... .......... .......... .......... .......... 63%  260K 3s
   950K .......... .......... .......... .......... .......... 66%  261K 3s
  1000K .......... .......... .......... .......... .......... 69% 10,5M 2s
  1050K .......... .......... .......... .......... .......... 73%  265K 2s
  1100K .......... .......... .......... .......... .......... 76% 8,67M 2s
  1150K .......... .......... .......... .......... .......... 79%  261K 1s
  1200K .......... .......... .......... .......... .......... 83% 4,17M 1s
  1250K .......... .......... .......... .......... .......... 86%  277K 1s
  1300K .......... .......... .......... .......... .......... 89% 3,26M 1s
  1350K .......... .......... .......... .......... .......... 93%  280K 0s
  1400K .......... .......... .......... .......... .......... 96% 2,48M 0s
  1450K .......... .......... .......... .......... .......... 99%  274K 0s
  1500K ....                                                  100% 16,2M=6,4s

2018-12-09 12:32:37 (234 KB/s) - 'kplr001431567-2011177032512_llc_lc.tbl' saved [1541101/1541101]

--2018-12-09 12:32:37--  http://exoplanetarchive.ipac.caltech.edu/data/ETSS//Kepler/005/445/52/kplr001431567-2011271113734_llc.fits
Resolving exoplanetarchive.ipac.caltech.edu (exoplanetarchive.ipac.caltech.edu)... 134.4.54.147
Connecting to exoplanetarchive.ipac.caltech.edu (exoplanetarchive.ipac.caltech.edu)|134.4.54.147|:80... connected.
HTTP request sent, awaiting response... 302 Found
Location: https://exoplanetarchive.ipac.caltech.edu/data/ETSS//Kepler/005/445/52/kplr001431567-2011271113734_llc.fits [following]
--2018-12-09 12:32:37--  https://exoplanetarchive.ipac.caltech.edu/data/ETSS//Kepler/005/445/52/kplr001431567-2011271113734_llc.fits
Connecting to exoplanetarchive.ipac.caltech.edu (exoplanetarchive.ipac.caltech.edu)|134.4.54.147|:443... connected.
HTTP request sent, awaiting response... 200 OK
Length: 486720 (475K) [image/x-fits]
Saving to: 'kplr001431567-2011271113734_llc.fits'

     0K .......... .......... .......... .......... .......... 10% 43,2K 10s
    50K .......... .......... .......... .......... .......... 21% 87,4K 6s
   100K .......... .......... .......... .......... .......... 31%  240K 4s
   150K .......... .......... .......... .......... .......... 42%  136K 3s
   200K .......... .......... .......... .......... .......... 52%  235K 2s
   250K .......... .......... .......... .......... .......... 63%  260K 2s
   300K .......... .......... .......... .......... .......... 73%  130K 1s
   350K .......... .......... .......... .......... .......... 84%  257K 1s
   400K .......... .......... .......... .......... .......... 94%  258K 0s
   450K .......... .......... .....                           100% 20,1M=3,5s

2018-12-09 12:32:42 (136 KB/s) - 'kplr001431567-2011271113734_llc.fits' saved [486720/486720]

--2018-12-09 12:32:42--  http://exoplanetarchive.ipac.caltech.edu/data/ETSS//Kepler/005/462/22/kplr001431567-2011271113734_llc_lc.tbl
Resolving exoplanetarchive.ipac.caltech.edu (exoplanetarchive.ipac.caltech.edu)... 134.4.54.147
Connecting to exoplanetarchive.ipac.caltech.edu (exoplanetarchive.ipac.caltech.edu)|134.4.54.147|:80... connected.
HTTP request sent, awaiting response... 302 Found
Location: https://exoplanetarchive.ipac.caltech.edu/data/ETSS//Kepler/005/462/22/kplr001431567-2011271113734_llc_lc.tbl [following]
--2018-12-09 12:32:42--  https://exoplanetarchive.ipac.caltech.edu/data/ETSS//Kepler/005/462/22/kplr001431567-2011271113734_llc_lc.tbl
Connecting to exoplanetarchive.ipac.caltech.edu (exoplanetarchive.ipac.caltech.edu)|134.4.54.147|:443... connected.
HTTP request sent, awaiting response... 200 OK
Length: 1478340 (1,4M) [text/plain]
Saving to: 'kplr001431567-2011271113734_llc_lc.tbl'

     0K .......... .......... .......... .......... ..........  3% 42,7K 33s
    50K .......... .......... .......... .......... ..........  6% 84,5K 24s
   100K .......... .......... .......... .......... .......... 10%  127K 19s
   150K .......... .......... .......... .......... .......... 13%  126K 16s
   200K .......... .......... .......... .......... .......... 17%  125K 14s
   250K .......... .......... .......... .......... .......... 20%  252K 12s
   300K .......... .......... .......... .......... .......... 24%  127K 11s
   350K .......... .......... .......... .......... .......... 27%  130K 10s
   400K .......... .......... .......... .......... .......... 31%  212K 9s
   450K .......... .......... .......... .......... .......... 34%  145K 9s
   500K .......... .......... .......... .......... .......... 38%  253K 8s
   550K .......... .......... .......... .......... .......... 41%  262K 7s
   600K .......... .......... .......... .......... .......... 45%  249K 6s
   650K .......... .......... .......... .......... .......... 48%  256K 6s
   700K .......... .......... .......... .......... .......... 51% 10,8M 5s
   750K .......... .......... .......... .......... .......... 55%  256K 4s
   800K .......... .......... .......... .......... .......... 58%  260K 4s
   850K .......... .......... .......... .......... .......... 62%  256K 4s
   900K .......... .......... .......... .......... .......... 65%  251K 3s
   950K .......... .......... .......... .......... .......... 69% 87,5K 3s
  1000K .......... .......... .......... .......... .......... 72% 55,0K 3s
  1050K .......... .......... .......... .......... .......... 76% 51,6K 3s
  1100K .......... .......... .......... .......... .......... 79% 64,2K 2s
  1150K .......... .......... .......... .......... .......... 83% 51,2K 2s
  1200K .......... .......... .......... .......... .......... 86% 51,4K 2s
  1250K .......... .......... .......... .......... .......... 90% 84,2K 1s
  1300K .......... .......... .......... .......... .......... 93% 64,1K 1s
  1350K .......... .......... .......... .......... .......... 96% 84,6K 0s
  1400K .......... .......... .......... .......... ...       100% 75,2K=14s

2018-12-09 12:32:57 (105 KB/s) - 'kplr001431567-2011271113734_llc_lc.tbl' saved [1478340/1478340]

--2018-12-09 12:32:57--  http://exoplanetarchive.ipac.caltech.edu/data/ETSS//Kepler/005/478/92/kplr001431567-2012004120508_llc.fits
Resolving exoplanetarchive.ipac.caltech.edu (exoplanetarchive.ipac.caltech.edu)... 134.4.54.147
Connecting to exoplanetarchive.ipac.caltech.edu (exoplanetarchive.ipac.caltech.edu)|134.4.54.147|:80... connected.
HTTP request sent, awaiting response... 302 Found
Location: https://exoplanetarchive.ipac.caltech.edu/data/ETSS//Kepler/005/478/92/kplr001431567-2012004120508_llc.fits [following]
--2018-12-09 12:32:57--  https://exoplanetarchive.ipac.caltech.edu/data/ETSS//Kepler/005/478/92/kplr001431567-2012004120508_llc.fits
Connecting to exoplanetarchive.ipac.caltech.edu (exoplanetarchive.ipac.caltech.edu)|134.4.54.147|:443... connected.
HTTP request sent, awaiting response... 200 OK
Length: 506880 (495K) [image/x-fits]
Saving to: 'kplr001431567-2012004120508_llc.fits'

     0K .......... .......... .......... .......... .......... 10% 42,9K 10s
    50K .......... .......... .......... .......... .......... 20% 86,8K 7s
   100K .......... .......... .......... .......... .......... 30%  129K 5s
   150K .......... .......... .......... .......... .......... 40%  128K 4s
   200K .......... .......... .......... .......... .......... 50%  258K 3s
   250K .......... .......... .......... .......... .......... 60%  131K 2s
   300K .......... .......... .......... .......... .......... 70%  258K 1s
   350K .......... .......... .......... .......... .......... 80%  257K 1s
   400K .......... .......... .......... .......... .......... 90%  132K 0s
   450K .......... .......... .......... .......... .....     100% 7,46M=3,9s

2018-12-09 12:33:02 (128 KB/s) - 'kplr001431567-2012004120508_llc.fits' saved [506880/506880]

--2018-12-09 12:33:02--  http://exoplanetarchive.ipac.caltech.edu/data/ETSS//Kepler/005/495/33/kplr001431567-2012004120508_llc_lc.tbl
Resolving exoplanetarchive.ipac.caltech.edu (exoplanetarchive.ipac.caltech.edu)... 134.4.54.147
Connecting to exoplanetarchive.ipac.caltech.edu (exoplanetarchive.ipac.caltech.edu)|134.4.54.147|:80... connected.
HTTP request sent, awaiting response... 302 Found
Location: https://exoplanetarchive.ipac.caltech.edu/data/ETSS//Kepler/005/495/33/kplr001431567-2012004120508_llc_lc.tbl [following]
--2018-12-09 12:33:03--  https://exoplanetarchive.ipac.caltech.edu/data/ETSS//Kepler/005/495/33/kplr001431567-2012004120508_llc_lc.tbl
Connecting to exoplanetarchive.ipac.caltech.edu (exoplanetarchive.ipac.caltech.edu)|134.4.54.147|:443... connected.
HTTP request sent, awaiting response... 200 OK
Length: 1536622 (1,5M) [text/plain]
Saving to: 'kplr001431567-2012004120508_llc_lc.tbl'

     0K .......... .......... .......... .......... ..........  3% 42,9K 34s
    50K .......... .......... .......... .......... ..........  6% 85,9K 24s
   100K .......... .......... .......... .......... ..........  9%  128K 19s
   150K .......... .......... .......... .......... .......... 13%  247K 15s
   200K .......... .......... .......... .......... .......... 16%  131K 14s
   250K .......... .......... .......... .......... .......... 19%  129K 12s
   300K .......... .......... .......... .......... .......... 23%  256K 11s
   350K .......... .......... .......... .......... .......... 26%  253K 10s
   400K .......... .......... .......... .......... .......... 29%  130K 9s
   450K .......... .......... .......... .......... .......... 33%  253K 8s
   500K .......... .......... .......... .......... .......... 36% 8,21M 7s
   550K .......... .......... .......... .......... .......... 39%  254K 6s
   600K .......... .......... .......... .......... .......... 43%  265K 6s
   650K .......... .......... .......... .......... .......... 46%  259K 5s
   700K .......... .......... .......... .......... .......... 49% 4,50M 5s
   750K .......... .......... .......... .......... .......... 53%  265K 4s
   800K .......... .......... .......... .......... .......... 56%  252K 4s
   850K .......... .......... .......... .......... .......... 59%  269K 4s
   900K .......... .......... .......... .......... .......... 63%  259K 3s
   950K .......... .......... .......... .......... .......... 66%  256K 3s
  1000K .......... .......... .......... .......... .......... 69% 10,2M 2s
  1050K .......... .......... .......... .......... .......... 73%  259K 2s
  1100K .......... .......... .......... .......... .......... 76% 9,99M 2s
  1150K .......... .......... .......... .......... .......... 79%  257K 2s
  1200K .......... .......... .......... .......... .......... 83% 8,83M 1s
  1250K .......... .......... .......... .......... .......... 86%  263K 1s
  1300K .......... .......... .......... .......... .......... 89%  265K 1s
  1350K .......... .......... .......... .......... .......... 93% 11,4M 0s
  1400K .......... .......... .......... .......... .......... 96% 4,81M 0s
  1450K .......... .......... .......... .......... .......... 99%  271K 0s
  1500K                                                       100% 3,95G=6,6s

2018-12-09 12:33:10 (227 KB/s) - 'kplr001431567-2012004120508_llc_lc.tbl' saved [1536622/1536622]

--2018-12-09 12:33:10--  http://exoplanetarchive.ipac.caltech.edu/data/ETSS//Kepler/005/511/75/kplr001431567-2012088054726_llc.fits
Resolving exoplanetarchive.ipac.caltech.edu (exoplanetarchive.ipac.caltech.edu)... 134.4.54.147
Connecting to exoplanetarchive.ipac.caltech.edu (exoplanetarchive.ipac.caltech.edu)|134.4.54.147|:80... connected.
HTTP request sent, awaiting response... 302 Found
Location: https://exoplanetarchive.ipac.caltech.edu/data/ETSS//Kepler/005/511/75/kplr001431567-2012088054726_llc.fits [following]
--2018-12-09 12:33:11--  https://exoplanetarchive.ipac.caltech.edu/data/ETSS//Kepler/005/511/75/kplr001431567-2012088054726_llc.fits
Connecting to exoplanetarchive.ipac.caltech.edu (exoplanetarchive.ipac.caltech.edu)|134.4.54.147|:443... connected.
HTTP request sent, awaiting response... 200 OK
Length: 434880 (425K) [image/x-fits]
Saving to: 'kplr001431567-2012088054726_llc.fits'

     0K .......... .......... .......... .......... .......... 11% 43,0K 9s
    50K .......... .......... .......... .......... .......... 23% 85,9K 6s
   100K .......... .......... .......... .......... .......... 35%  256K 4s
   150K .......... .......... .......... .......... .......... 47%  129K 3s
   200K .......... .......... .......... .......... .......... 58%  211K 2s
   250K .......... .......... .......... .......... .......... 70%  260K 1s
   300K .......... .......... .......... .......... .......... 82%  256K 1s
   350K .......... .......... .......... .......... .......... 94%  258K 0s
   400K .......... .......... ....                            100% 9,22M=3,1s

2018-12-09 12:33:15 (135 KB/s) - 'kplr001431567-2012088054726_llc.fits' saved [434880/434880]

--2018-12-09 12:33:15--  http://exoplanetarchive.ipac.caltech.edu/data/ETSS//Kepler/005/528/44/kplr001431567-2012088054726_llc_lc.tbl
Resolving exoplanetarchive.ipac.caltech.edu (exoplanetarchive.ipac.caltech.edu)... 134.4.54.147
Connecting to exoplanetarchive.ipac.caltech.edu (exoplanetarchive.ipac.caltech.edu)|134.4.54.147|:80... connected.
HTTP request sent, awaiting response... 302 Found
Location: https://exoplanetarchive.ipac.caltech.edu/data/ETSS//Kepler/005/528/44/kplr001431567-2012088054726_llc_lc.tbl [following]
--2018-12-09 12:33:16--  https://exoplanetarchive.ipac.caltech.edu/data/ETSS//Kepler/005/528/44/kplr001431567-2012088054726_llc_lc.tbl
Connecting to exoplanetarchive.ipac.caltech.edu (exoplanetarchive.ipac.caltech.edu)|134.4.54.147|:443... connected.
HTTP request sent, awaiting response... 200 OK
Length: 1307991 (1,2M) [text/plain]
Saving to: 'kplr001431567-2012088054726_llc_lc.tbl'

     0K .......... .......... .......... .......... ..........  3% 43,0K 29s
    50K .......... .......... .......... .......... ..........  7% 86,2K 21s
   100K .......... .......... .......... .......... .......... 11%  129K 16s
   150K .......... .......... .......... .......... .......... 15% 86,6K 15s
   200K .......... .......... .......... .......... .......... 19%  256K 12s
   250K .......... .......... .......... .......... .......... 23%  129K 11s
   300K .......... .......... .......... .......... .......... 27%  256K 9s
   350K .......... .......... .......... .......... .......... 31%  248K 8s
   400K .......... .......... .......... .......... .......... 35%  127K 8s
   450K .......... .......... .......... .......... .......... 39%  256K 7s
   500K .......... .......... .......... .......... .......... 43%  250K 6s
   550K .......... .......... .......... .......... .......... 46% 12,7M 5s
   600K .......... .......... .......... .......... .......... 50%  253K 5s
   650K .......... .......... .......... .......... .......... 54%  256K 4s
   700K .......... .......... .......... .......... .......... 58%  259K 4s
   750K .......... .......... .......... .......... .......... 62%  253K 3s
   800K .......... .......... .......... .......... .......... 66%  260K 3s
   850K .......... .......... .......... .......... .......... 70% 7,84M 2s
   900K .......... .......... .......... .......... .......... 74%  260K 2s
   950K .......... .......... .......... .......... .......... 78%  261K 2s
  1000K .......... .......... .......... .......... .......... 82%  260K 1s
  1050K .......... .......... .......... .......... .......... 86% 13,1M 1s
  1100K .......... .......... .......... .......... .......... 90%  256K 1s
  1150K .......... .......... .......... .......... .......... 93% 10,5M 0s
  1200K .......... .......... .......... .......... .......... 97%  264K 0s
  1250K .......... .......... .......                         100% 13,6M=6,4s

2018-12-09 12:33:23 (198 KB/s) - 'kplr001431567-2012088054726_llc_lc.tbl' saved [1307991/1307991]

--2018-12-09 12:33:23--  http://exoplanetarchive.ipac.caltech.edu/data/ETSS//Kepler/005/545/13/kplr001431567-2012179063303_llc.fits
Resolving exoplanetarchive.ipac.caltech.edu (exoplanetarchive.ipac.caltech.edu)... 134.4.54.147
Connecting to exoplanetarchive.ipac.caltech.edu (exoplanetarchive.ipac.caltech.edu)|134.4.54.147|:80... connected.
HTTP request sent, awaiting response... 302 Found
Location: https://exoplanetarchive.ipac.caltech.edu/data/ETSS//Kepler/005/545/13/kplr001431567-2012179063303_llc.fits [following]
--2018-12-09 12:33:24--  https://exoplanetarchive.ipac.caltech.edu/data/ETSS//Kepler/005/545/13/kplr001431567-2012179063303_llc.fits
Connecting to exoplanetarchive.ipac.caltech.edu (exoplanetarchive.ipac.caltech.edu)|134.4.54.147|:443... connected.
HTTP request sent, awaiting response... 200 OK
Length: 472320 (461K) [image/x-fits]
Saving to: 'kplr001431567-2012179063303_llc.fits'

     0K .......... .......... .......... .......... .......... 10% 42,6K 10s
    50K .......... .......... .......... .......... .......... 21% 85,6K 6s
   100K .......... .......... .......... .......... .......... 32%  129K 4s
   150K .......... .......... .......... .......... .......... 43%  128K 3s
   200K .......... .......... .......... .......... .......... 54%  129K 2s
   250K .......... .......... .......... .......... .......... 65%  256K 2s
   300K .......... .......... .......... .......... .......... 75%  253K 1s
   350K .......... .......... .......... .......... .......... 86%  258K 1s
   400K .......... .......... .......... .......... .......... 97%  249K 0s
   450K .......... .                                          100% 14,0M=3,7s

2018-12-09 12:33:28 (124 KB/s) - 'kplr001431567-2012179063303_llc.fits' saved [472320/472320]

--2018-12-09 12:33:28--  http://exoplanetarchive.ipac.caltech.edu/data/ETSS//Kepler/005/561/81/kplr001431567-2012179063303_llc_lc.tbl
Resolving exoplanetarchive.ipac.caltech.edu (exoplanetarchive.ipac.caltech.edu)... 134.4.54.147
Connecting to exoplanetarchive.ipac.caltech.edu (exoplanetarchive.ipac.caltech.edu)|134.4.54.147|:80... connected.
HTTP request sent, awaiting response... 302 Found
Location: https://exoplanetarchive.ipac.caltech.edu/data/ETSS//Kepler/005/561/81/kplr001431567-2012179063303_llc_lc.tbl [following]
--2018-12-09 12:33:29--  https://exoplanetarchive.ipac.caltech.edu/data/ETSS//Kepler/005/561/81/kplr001431567-2012179063303_llc_lc.tbl
Connecting to exoplanetarchive.ipac.caltech.edu (exoplanetarchive.ipac.caltech.edu)|134.4.54.147|:443... connected.
HTTP request sent, awaiting response... 200 OK
Length: 1429374 (1,4M) [text/plain]
Saving to: 'kplr001431567-2012179063303_llc_lc.tbl'

     0K .......... .......... .......... .......... ..........  3% 43,2K 31s
    50K .......... .......... .......... .......... ..........  7%  128K 20s
   100K .......... .......... .......... .......... .......... 10%  123K 16s
   150K .......... .......... .......... .......... .......... 14%  258K 13s
   200K .......... .......... .......... .......... .......... 17%  130K 12s
   250K .......... .......... .......... .......... .......... 21%  259K 10s
   300K .......... .......... .......... .......... .......... 25%  257K 9s
   350K .......... .......... .......... .......... .......... 28%  131K 8s
   400K .......... .......... .......... .......... .......... 32%  259K 7s
   450K .......... .......... .......... .......... .......... 35%  263K 7s
   500K .......... .......... .......... .......... .......... 39%  258K 6s
   550K .......... .......... .......... .......... .......... 42%  255K 5s
   600K .......... .......... .......... .......... .......... 46%  256K 5s
   650K .......... .......... .......... .......... .......... 50%  266K 4s
   700K .......... .......... .......... .......... .......... 53%  252K 4s
   750K .......... .......... .......... .......... .......... 57%  262K 4s
   800K .......... .......... .......... .......... .......... 60%  260K 3s
   850K .......... .......... .......... .......... .......... 64% 9,82M 3s
   900K .......... .......... .......... .......... .......... 68%  263K 2s
   950K .......... .......... .......... .......... .......... 71%  258K 2s
  1000K .......... .......... .......... .......... .......... 75%  259K 2s
  1050K .......... .......... .......... .......... .......... 78% 5,51M 2s
  1100K .......... .......... .......... .......... .......... 82%  274K 1s
  1150K .......... .......... .......... .......... .......... 85% 4,17M 1s
  1200K .......... .......... .......... .......... .......... 89%  275K 1s
  1250K .......... .......... .......... .......... .......... 93% 2,77M 0s
  1300K .......... .......... .......... .......... .......... 96%  276K 0s
  1350K .......... .......... .......... .......... .....     100% 11,4M=6,2s

2018-12-09 12:33:36 (225 KB/s) - 'kplr001431567-2012179063303_llc_lc.tbl' saved [1429374/1429374]

--2018-12-09 12:33:36--  http://exoplanetarchive.ipac.caltech.edu/data/ETSS//Kepler/005/578/48/kplr001431567-2012277125453_llc.fits
Resolving exoplanetarchive.ipac.caltech.edu (exoplanetarchive.ipac.caltech.edu)... 134.4.54.147
Connecting to exoplanetarchive.ipac.caltech.edu (exoplanetarchive.ipac.caltech.edu)|134.4.54.147|:80... connected.
HTTP request sent, awaiting response... 302 Found
Location: https://exoplanetarchive.ipac.caltech.edu/data/ETSS//Kepler/005/578/48/kplr001431567-2012277125453_llc.fits [following]
--2018-12-09 12:33:37--  https://exoplanetarchive.ipac.caltech.edu/data/ETSS//Kepler/005/578/48/kplr001431567-2012277125453_llc.fits
Connecting to exoplanetarchive.ipac.caltech.edu (exoplanetarchive.ipac.caltech.edu)|134.4.54.147|:443... connected.
HTTP request sent, awaiting response... 200 OK
Length: 506880 (495K) [image/x-fits]
Saving to: 'kplr001431567-2012277125453_llc.fits'

     0K .......... .......... .......... .......... .......... 10% 43,2K 10s
    50K .......... .......... .......... .......... .......... 20%  130K 6s
   100K .......... .......... .......... .......... .......... 30%  238K 4s
   150K .......... .......... .......... .......... .......... 40%  137K 3s
   200K .......... .......... .......... .......... .......... 50%  235K 2s
   250K .......... .......... .......... .......... .......... 60%  254K 2s
   300K .......... .......... .......... .......... .......... 70%  264K 1s
   350K .......... .......... .......... .......... .......... 80%  259K 1s
   400K .......... .......... .......... .......... .......... 90%  139K 0s
   450K .......... .......... .......... .......... .....     100% 4,28M=3,3s

2018-12-09 12:33:41 (151 KB/s) - 'kplr001431567-2012277125453_llc.fits' saved [506880/506880]

--2018-12-09 12:33:41--  http://exoplanetarchive.ipac.caltech.edu/data/ETSS//Kepler/005/595/18/kplr001431567-2012277125453_llc_lc.tbl
Resolving exoplanetarchive.ipac.caltech.edu (exoplanetarchive.ipac.caltech.edu)... 134.4.54.147
Connecting to exoplanetarchive.ipac.caltech.edu (exoplanetarchive.ipac.caltech.edu)|134.4.54.147|:80... connected.
HTTP request sent, awaiting response... 302 Found
Location: https://exoplanetarchive.ipac.caltech.edu/data/ETSS//Kepler/005/595/18/kplr001431567-2012277125453_llc_lc.tbl [following]
--2018-12-09 12:33:41--  https://exoplanetarchive.ipac.caltech.edu/data/ETSS//Kepler/005/595/18/kplr001431567-2012277125453_llc_lc.tbl
Connecting to exoplanetarchive.ipac.caltech.edu (exoplanetarchive.ipac.caltech.edu)|134.4.54.147|:443... connected.
HTTP request sent, awaiting response... 200 OK
Length: 1537593 (1,5M) [text/plain]
Saving to: 'kplr001431567-2012277125453_llc_lc.tbl'

     0K .......... .......... .......... .......... ..........  3% 19,5K 75s
    50K .......... .......... .......... .......... ..........  6% 25,7K 63s
   100K .......... .......... .......... .......... ..........  9% 23,0K 60s
   150K .......... .......... .......... .......... .......... 13% 32,2K 54s
   200K .......... .......... .......... .......... .......... 16% 36,8K 48s
   250K .......... .......... .......... .......... .......... 19% 51,5K 42s
   300K .......... .......... .......... .......... .......... 23% 51,5K 38s
   350K .......... .......... .......... .......... .......... 26% 64,3K 34s
   400K .......... .......... .......... .......... .......... 29% 36,7K 32s
   450K .......... .......... .......... .......... .......... 33% 28,5K 31s
   500K .......... .......... .......... .......... .......... 36% 36,7K 29s
   550K .......... .......... .......... .......... .......... 39% 51,4K 27s
   600K .......... .......... .......... .......... .......... 43% 31,3K 25s
   650K .......... .......... .......... .......... .......... 46% 36,6K 24s
   700K .......... .......... .......... .......... .......... 49% 31,5K 22s
   750K .......... .......... .......... .......... .......... 53% 42,5K 21s
   800K .......... .......... .......... .......... .......... 56% 28,6K 19s
   850K .......... .......... .......... .......... .......... 59% 42,8K 18s
   900K .......... .......... .......... .......... .......... 63% 42,9K 16s
   950K .......... .......... .......... .......... .......... 66% 51,4K 14s
  1000K .......... .......... .......... .......... .......... 69% 64,1K 13s
  1050K .......... .......... .......... .......... .......... 73% 27,9K 11s
  1100K .......... .......... .......... .......... .......... 76% 36,7K 10s
  1150K .......... .......... .......... .......... .......... 79% 50,6K 8s
  1200K .......... .......... .......... .......... .......... 83% 43,9K 7s
  1250K .......... .......... .......... .......... .......... 86% 82,4K 5s
  1300K .......... .......... .......... .......... .......... 89% 66,0K 4s
  1350K .......... .......... .......... .......... .......... 93% 82,6K 3s
  1400K .......... .......... .......... .......... .......... 96% 85,6K 1s
  1450K .......... .......... .......... .......... .......... 99% 90,0K 0s
  1500K .                                                     100% 10,1G=38s

2018-12-09 12:34:20 (39,8 KB/s) - 'kplr001431567-2012277125453_llc_lc.tbl' saved [1537593/1537593]

--2018-12-09 12:34:20--  http://exoplanetarchive.ipac.caltech.edu/data/ETSS//Kepler/005/611/88/kplr001431567-2013011073258_llc.fits
Resolving exoplanetarchive.ipac.caltech.edu (exoplanetarchive.ipac.caltech.edu)... 134.4.54.147
Connecting to exoplanetarchive.ipac.caltech.edu (exoplanetarchive.ipac.caltech.edu)|134.4.54.147|:80... connected.
HTTP request sent, awaiting response... 302 Found
Location: https://exoplanetarchive.ipac.caltech.edu/data/ETSS//Kepler/005/611/88/kplr001431567-2013011073258_llc.fits [following]
--2018-12-09 12:34:21--  https://exoplanetarchive.ipac.caltech.edu/data/ETSS//Kepler/005/611/88/kplr001431567-2013011073258_llc.fits
Connecting to exoplanetarchive.ipac.caltech.edu (exoplanetarchive.ipac.caltech.edu)|134.4.54.147|:443... connected.
HTTP request sent, awaiting response... 200 OK
Length: 506880 (495K) [image/x-fits]
Saving to: 'kplr001431567-2013011073258_llc.fits'

     0K .......... .......... .......... .......... .......... 10% 42,9K 10s
    50K .......... .......... .......... .......... .......... 20%  113K 6s
   100K .......... .......... .......... .......... .......... 30%  129K 5s
   150K .......... .......... .......... .......... .......... 40%  252K 3s
   200K .......... .......... .......... .......... .......... 50%  128K 3s
   250K .......... .......... .......... .......... .......... 60%  246K 2s
   300K .......... .......... .......... .......... .......... 70%  258K 1s
   350K .......... .......... .......... .......... .......... 80%  259K 1s
   400K .......... .......... .......... .......... .......... 90%  256K 0s
   450K .......... .......... .......... .......... .....     100%  232K=3,6s

2018-12-09 12:34:25 (139 KB/s) - 'kplr001431567-2013011073258_llc.fits' saved [506880/506880]

--2018-12-09 12:34:25--  http://exoplanetarchive.ipac.caltech.edu/data/ETSS//Kepler/005/628/35/kplr001431567-2013011073258_llc_lc.tbl
Resolving exoplanetarchive.ipac.caltech.edu (exoplanetarchive.ipac.caltech.edu)... 134.4.54.147
Connecting to exoplanetarchive.ipac.caltech.edu (exoplanetarchive.ipac.caltech.edu)|134.4.54.147|:80... connected.
HTTP request sent, awaiting response... 302 Found
Location: https://exoplanetarchive.ipac.caltech.edu/data/ETSS//Kepler/005/628/35/kplr001431567-2013011073258_llc_lc.tbl [following]
--2018-12-09 12:34:26--  https://exoplanetarchive.ipac.caltech.edu/data/ETSS//Kepler/005/628/35/kplr001431567-2013011073258_llc_lc.tbl
Connecting to exoplanetarchive.ipac.caltech.edu (exoplanetarchive.ipac.caltech.edu)|134.4.54.147|:443... connected.
HTTP request sent, awaiting response... 200 OK
Length: 1544993 (1,5M) [text/plain]
Saving to: 'kplr001431567-2013011073258_llc_lc.tbl'

     0K .......... .......... .......... .......... ..........  3% 43,1K 34s
    50K .......... .......... .......... .......... ..........  6%  126K 22s
   100K .......... .......... .......... .......... ..........  9%  128K 18s
   150K .......... .......... .......... .......... .......... 13%  127K 15s
   200K .......... .......... .......... .......... .......... 16%  252K 13s
   250K .......... .......... .......... .......... .......... 19%  127K 12s
   300K .......... .......... .......... .......... .......... 23%  252K 10s
   350K .......... .......... .......... .......... .......... 26%  258K 9s
   400K .......... .......... .......... .......... .......... 29%  252K 8s
   450K .......... .......... .......... .......... .......... 33% 7,56M 7s
   500K .......... .......... .......... .......... .......... 36%  254K 6s
   550K .......... .......... .......... .......... .......... 39%  262K 6s
   600K .......... .......... .......... .......... .......... 43%  256K 5s
   650K .......... .......... .......... .......... .......... 46% 8,95M 5s
   700K .......... .......... .......... .......... .......... 49%  256K 4s
   750K .......... .......... .......... .......... .......... 53%  265K 4s
   800K .......... .......... .......... .......... .......... 56%  263K 4s
   850K .......... .......... .......... .......... .......... 59% 3,63M 3s
   900K .......... .......... .......... .......... .......... 62%  263K 3s
   950K .......... .......... .......... .......... .......... 66% 12,2M 2s
  1000K .......... .......... .......... .......... .......... 69%  262K 2s
  1050K .......... .......... .......... .......... .......... 72% 9,19M 2s
  1100K .......... .......... .......... .......... .......... 76%  256K 2s
  1150K .......... .......... .......... .......... .......... 79% 10,5M 1s
  1200K .......... .......... .......... .......... .......... 82%  259K 1s
  1250K .......... .......... .......... .......... .......... 86% 11,7M 1s
  1300K .......... .......... .......... .......... .......... 89%  241K 1s
  1350K .......... .......... .......... .......... .......... 92% 14,3M 0s
  1400K .......... .......... .......... .......... .......... 96%  284K 0s
  1450K .......... .......... .......... .......... .......... 99% 11,0M 0s
  1500K ........                                              100% 33,0M=5,9s

2018-12-09 12:34:33 (256 KB/s) - 'kplr001431567-2013011073258_llc_lc.tbl' saved [1544993/1544993]

--2018-12-09 12:34:33--  http://exoplanetarchive.ipac.caltech.edu/data/ETSS//Kepler/005/644/82/kplr001431567-2013098041711_llc.fits
Resolving exoplanetarchive.ipac.caltech.edu (exoplanetarchive.ipac.caltech.edu)... 134.4.54.147
Connecting to exoplanetarchive.ipac.caltech.edu (exoplanetarchive.ipac.caltech.edu)|134.4.54.147|:80... connected.
HTTP request sent, awaiting response... 302 Found
Location: https://exoplanetarchive.ipac.caltech.edu/data/ETSS//Kepler/005/644/82/kplr001431567-2013098041711_llc.fits [following]
--2018-12-09 12:34:33--  https://exoplanetarchive.ipac.caltech.edu/data/ETSS//Kepler/005/644/82/kplr001431567-2013098041711_llc.fits
Connecting to exoplanetarchive.ipac.caltech.edu (exoplanetarchive.ipac.caltech.edu)|134.4.54.147|:443... connected.
HTTP request sent, awaiting response... 200 OK
Length: 449280 (439K) [image/x-fits]
Saving to: 'kplr001431567-2013098041711_llc.fits'

     0K .......... .......... .......... .......... .......... 11% 43,5K 9s
    50K .......... .......... .......... .......... .......... 22%  128K 5s
   100K .......... .......... .......... .......... .......... 34%  127K 4s
   150K .......... .......... .......... .......... .......... 45%  132K 3s
   200K .......... .......... .......... .......... .......... 56%  241K 2s
   250K .......... .......... .......... .......... .......... 68%  257K 1s
   300K .......... .......... .......... .......... .......... 79%  134K 1s
   350K .......... .......... .......... .......... .......... 91% 2,13M 0s
   400K .......... .......... .......... ........             100%  206K=3,3s

2018-12-09 12:34:37 (133 KB/s) - 'kplr001431567-2013098041711_llc.fits' saved [449280/449280]

--2018-12-09 12:34:37--  http://exoplanetarchive.ipac.caltech.edu/data/ETSS//Kepler/005/661/58/kplr001431567-2013098041711_llc_lc.tbl
Resolving exoplanetarchive.ipac.caltech.edu (exoplanetarchive.ipac.caltech.edu)... 134.4.54.147
Connecting to exoplanetarchive.ipac.caltech.edu (exoplanetarchive.ipac.caltech.edu)|134.4.54.147|:80... connected.
HTTP request sent, awaiting response... 302 Found
Location: https://exoplanetarchive.ipac.caltech.edu/data/ETSS//Kepler/005/661/58/kplr001431567-2013098041711_llc_lc.tbl [following]
--2018-12-09 12:34:38--  https://exoplanetarchive.ipac.caltech.edu/data/ETSS//Kepler/005/661/58/kplr001431567-2013098041711_llc_lc.tbl
Connecting to exoplanetarchive.ipac.caltech.edu (exoplanetarchive.ipac.caltech.edu)|134.4.54.147|:443... connected.
HTTP request sent, awaiting response... 200 OK
Length: 1359187 (1,3M) [text/plain]
Saving to: 'kplr001431567-2013098041711_llc_lc.tbl'

     0K .......... .......... .......... .......... ..........  3% 43,3K 30s
    50K .......... .......... .......... .......... ..........  7% 85,9K 21s
   100K .......... .......... .......... .......... .......... 11%  129K 17s
   150K .......... .......... .......... .......... .......... 15%  257K 13s
   200K .......... .......... .......... .......... .......... 18%  214K 11s
   250K .......... .......... .......... .......... .......... 22%  144K 10s
   300K .......... .......... .......... .......... .......... 26%  257K 9s
   350K .......... .......... .......... .......... .......... 30%  260K 8s
   400K .......... .......... .......... .......... .......... 33%  253K 7s
   450K .......... .......... .......... .......... .......... 37%  263K 6s
   500K .......... .......... .......... .......... .......... 41%  252K 5s
   550K .......... .......... .......... .......... .......... 45%  261K 5s
   600K .......... .......... .......... .......... .......... 48% 1,26M 4s
   650K .......... .......... .......... .......... .......... 52%  263K 4s
   700K .......... .......... .......... .......... .......... 56%  304K 3s
   750K .......... .......... .......... .......... .......... 60%  249K 3s
   800K .......... .......... .......... .......... .......... 64%  268K 3s
   850K .......... .......... .......... .......... .......... 67% 1,85M 2s
   900K .......... .......... .......... .......... .......... 71%  299K 2s
   950K .......... .......... .......... .......... .......... 75% 1,57M 2s
  1000K .......... .......... .......... .......... .......... 79%  311K 1s
  1050K .......... .......... .......... .......... .......... 82% 1,54M 1s
  1100K .......... .......... .......... .......... .......... 86%  309K 1s
  1150K .......... .......... .......... .......... .......... 90% 1,15M 1s
  1200K .......... .......... .......... .......... .......... 94%  285K 0s
  1250K .......... .......... .......... .......... .......... 97% 2,67M 0s
  1300K .......... .......... .......                         100% 8,25M=5,7s

2018-12-09 12:34:45 (234 KB/s) - 'kplr001431567-2013098041711_llc_lc.tbl' saved [1359187/1359187]

--2018-12-09 12:34:45--  http://exoplanetarchive.ipac.caltech.edu/data/ETSS//Kepler/005/678/34/kplr001431567-2013131215648_llc.fits
Resolving exoplanetarchive.ipac.caltech.edu (exoplanetarchive.ipac.caltech.edu)... 134.4.54.147
Connecting to exoplanetarchive.ipac.caltech.edu (exoplanetarchive.ipac.caltech.edu)|134.4.54.147|:80... connected.
HTTP request sent, awaiting response... 302 Found
Location: https://exoplanetarchive.ipac.caltech.edu/data/ETSS//Kepler/005/678/34/kplr001431567-2013131215648_llc.fits [following]
--2018-12-09 12:34:45--  https://exoplanetarchive.ipac.caltech.edu/data/ETSS//Kepler/005/678/34/kplr001431567-2013131215648_llc.fits
Connecting to exoplanetarchive.ipac.caltech.edu (exoplanetarchive.ipac.caltech.edu)|134.4.54.147|:443... connected.
HTTP request sent, awaiting response... 200 OK
Length: 187200 (183K) [image/x-fits]
Saving to: 'kplr001431567-2013131215648_llc.fits'

     0K .......... .......... .......... .......... .......... 27% 43,1K 3s
    50K .......... .......... .......... .......... .......... 54%  129K 1s
   100K .......... .......... .......... .......... .......... 82% 87,1K 0s
   150K .......... .......... .......... ..                   100%  168K=2,3s

2018-12-09 12:34:48 (78,9 KB/s) - 'kplr001431567-2013131215648_llc.fits' saved [187200/187200]

--2018-12-09 12:34:49--  http://exoplanetarchive.ipac.caltech.edu/data/ETSS//Kepler/005/695/10/kplr001431567-2013131215648_llc_lc.tbl
Resolving exoplanetarchive.ipac.caltech.edu (exoplanetarchive.ipac.caltech.edu)... 134.4.54.147
Connecting to exoplanetarchive.ipac.caltech.edu (exoplanetarchive.ipac.caltech.edu)|134.4.54.147|:80... connected.
HTTP request sent, awaiting response... 302 Found
Location: https://exoplanetarchive.ipac.caltech.edu/data/ETSS//Kepler/005/695/10/kplr001431567-2013131215648_llc_lc.tbl [following]
--2018-12-09 12:34:49--  https://exoplanetarchive.ipac.caltech.edu/data/ETSS//Kepler/005/695/10/kplr001431567-2013131215648_llc_lc.tbl
Connecting to exoplanetarchive.ipac.caltech.edu (exoplanetarchive.ipac.caltech.edu)|134.4.54.147|:443... connected.
HTTP request sent, awaiting response... 200 OK
Length: 506679 (495K) [text/plain]
Saving to: 'kplr001431567-2013131215648_llc_lc.tbl'

     0K .......... .......... .......... .......... .......... 10% 43,1K 10s
    50K .......... .......... .......... .......... .......... 20%  117K 6s
   100K .......... .......... .......... .......... .......... 30%  129K 5s
   150K .......... .......... .......... .......... .......... 40%  253K 3s
   200K .......... .......... .......... .......... .......... 50%  252K 2s
   250K .......... .......... .......... .......... .......... 60%  133K 2s
   300K .......... .......... .......... .......... .......... 70%  257K 1s
   350K .......... .......... .......... .......... .......... 80%  260K 1s
   400K .......... .......... .......... .......... .......... 90%  261K 0s
   450K .......... .......... .......... .......... ....      100% 2,63M=3,3s

2018-12-09 12:34:53 (148 KB/s) - 'kplr001431567-2013131215648_llc_lc.tbl' saved [506679/506679]

