--2018-12-09 13:01:08--  http://exoplanetarchive.ipac.caltech.edu/data/ETSS//Kepler/005/147/96/kplr002158352-2009166043257_llc.fits
Resolving exoplanetarchive.ipac.caltech.edu (exoplanetarchive.ipac.caltech.edu)... 134.4.54.147
Connecting to exoplanetarchive.ipac.caltech.edu (exoplanetarchive.ipac.caltech.edu)|134.4.54.147|:80... connected.
HTTP request sent, awaiting response... 302 Found
Location: https://exoplanetarchive.ipac.caltech.edu/data/ETSS//Kepler/005/147/96/kplr002158352-2009166043257_llc.fits [following]
--2018-12-09 13:01:08--  https://exoplanetarchive.ipac.caltech.edu/data/ETSS//Kepler/005/147/96/kplr002158352-2009166043257_llc.fits
Connecting to exoplanetarchive.ipac.caltech.edu (exoplanetarchive.ipac.caltech.edu)|134.4.54.147|:443... connected.
HTTP request sent, awaiting response... 200 OK
Length: 192960 (188K) [image/x-fits]
Saving to: 'kplr002158352-2009166043257_llc.fits'

     0K .......... .......... .......... .......... .......... 26% 43,1K 3s
    50K .......... .......... .......... .......... .......... 53% 86,3K 2s
   100K .......... .......... .......... .......... .......... 79%  129K 1s
   150K .......... .......... .......... ........             100% 1,25K=33s

2018-12-09 13:01:42 (5,75 KB/s) - 'kplr002158352-2009166043257_llc.fits' saved [192960/192960]

--2018-12-09 13:01:42--  http://exoplanetarchive.ipac.caltech.edu/data/ETSS//Kepler/005/163/58/kplr002158352-2009166043257_llc_lc.tbl
Resolving exoplanetarchive.ipac.caltech.edu (exoplanetarchive.ipac.caltech.edu)... 134.4.54.147
Connecting to exoplanetarchive.ipac.caltech.edu (exoplanetarchive.ipac.caltech.edu)|134.4.54.147|:80... connected.
HTTP request sent, awaiting response... 302 Found
Location: https://exoplanetarchive.ipac.caltech.edu/data/ETSS//Kepler/005/163/58/kplr002158352-2009166043257_llc_lc.tbl [following]
--2018-12-09 13:01:43--  https://exoplanetarchive.ipac.caltech.edu/data/ETSS//Kepler/005/163/58/kplr002158352-2009166043257_llc_lc.tbl
Connecting to exoplanetarchive.ipac.caltech.edu (exoplanetarchive.ipac.caltech.edu)|134.4.54.147|:443... connected.
HTTP request sent, awaiting response... 200 OK
Length: 533374 (521K) [text/plain]
Saving to: 'kplr002158352-2009166043257_llc_lc.tbl'

     0K .......... .......... .......... .......... ..........  9% 43,0K 11s
    50K .......... .......... .......... .......... .......... 19% 86,3K 7s
   100K .......... .......... .......... .......... .......... 28%  129K 5s
   150K .......... .......... .......... .......... .......... 38%  129K 4s
   200K .......... .......... .......... .......... .......... 47%  255K 3s
   250K .......... .......... .......... .......... .......... 57%  129K 2s
   300K .......... .......... .......... .......... .......... 67%  258K 2s
   350K .......... .......... .......... .......... .......... 76%  130K 1s
   400K .......... .......... .......... .......... .......... 86%  256K 1s
   450K .......... .......... .......... .......... .......... 95%  254K 0s
   500K .......... ..........                                 100%  110K=4,3s

2018-12-09 13:01:48 (122 KB/s) - 'kplr002158352-2009166043257_llc_lc.tbl' saved [533374/533374]

--2018-12-09 13:01:48--  http://exoplanetarchive.ipac.caltech.edu/data/ETSS//Kepler/005/212/47/kplr002158352-2009259160929_llc.fits
Resolving exoplanetarchive.ipac.caltech.edu (exoplanetarchive.ipac.caltech.edu)... 134.4.54.147
Connecting to exoplanetarchive.ipac.caltech.edu (exoplanetarchive.ipac.caltech.edu)|134.4.54.147|:80... connected.
HTTP request sent, awaiting response... 302 Found
Location: https://exoplanetarchive.ipac.caltech.edu/data/ETSS//Kepler/005/212/47/kplr002158352-2009259160929_llc.fits [following]
--2018-12-09 13:01:49--  https://exoplanetarchive.ipac.caltech.edu/data/ETSS//Kepler/005/212/47/kplr002158352-2009259160929_llc.fits
Connecting to exoplanetarchive.ipac.caltech.edu (exoplanetarchive.ipac.caltech.edu)|134.4.54.147|:443... connected.
HTTP request sent, awaiting response... 200 OK
Length: 466560 (456K) [image/x-fits]
Saving to: 'kplr002158352-2009259160929_llc.fits'

     0K .......... .......... .......... .......... .......... 10% 42,5K 10s
    50K .......... .......... .......... .......... .......... 21% 85,1K 6s
   100K .......... .......... .......... .......... .......... 32%  129K 4s
   150K .......... .......... .......... .......... .......... 43%  254K 3s
   200K .......... .......... .......... .......... .......... 54%  130K 2s
   250K .......... .......... .......... .......... .......... 65%  257K 2s
   300K .......... .......... .......... .......... .......... 76%  129K 1s
   350K .......... .......... .......... .......... .......... 87%  129K 1s
   400K .......... .......... .......... .......... .......... 98% 48,2K 0s
   450K .....                                                 100% 36,6G=4,7s

2018-12-09 13:01:54 (96,1 KB/s) - 'kplr002158352-2009259160929_llc.fits' saved [466560/466560]

--2018-12-09 13:01:54--  http://exoplanetarchive.ipac.caltech.edu/data/ETSS//Kepler/005/229/11/kplr002158352-2009259160929_llc_lc.tbl
Resolving exoplanetarchive.ipac.caltech.edu (exoplanetarchive.ipac.caltech.edu)... 134.4.54.147
Connecting to exoplanetarchive.ipac.caltech.edu (exoplanetarchive.ipac.caltech.edu)|134.4.54.147|:80... connected.
HTTP request sent, awaiting response... 302 Found
Location: https://exoplanetarchive.ipac.caltech.edu/data/ETSS//Kepler/005/229/11/kplr002158352-2009259160929_llc_lc.tbl [following]
--2018-12-09 13:01:55--  https://exoplanetarchive.ipac.caltech.edu/data/ETSS//Kepler/005/229/11/kplr002158352-2009259160929_llc_lc.tbl
Connecting to exoplanetarchive.ipac.caltech.edu (exoplanetarchive.ipac.caltech.edu)|134.4.54.147|:443... connected.
HTTP request sent, awaiting response... 200 OK
Length: 1407811 (1,3M) [text/plain]
Saving to: 'kplr002158352-2009259160929_llc_lc.tbl'

     0K .......... .......... .......... .......... ..........  3% 42,5K 31s
    50K .......... .......... .......... .......... ..........  7% 85,5K 22s
   100K .......... .......... .......... .......... .......... 10%  127K 18s
   150K .......... .......... .......... .......... .......... 14% 85,1K 16s
   200K .......... .......... .......... .......... .......... 18%  130K 14s
   250K .......... .......... .......... .......... .......... 21%  252K 12s
   300K .......... .......... .......... .......... .......... 25%  128K 11s
   350K .......... .......... .......... .......... .......... 29%  255K 10s
   400K .......... .......... .......... .......... .......... 32%  129K 9s
   450K .......... .......... .......... .......... .......... 36%  255K 8s
   500K .......... .......... .......... .......... .......... 40%  257K 7s
   550K .......... .......... .......... .......... .......... 43%  250K 6s
   600K .......... .......... .......... .......... .......... 47%  260K 6s
   650K .......... .......... .......... .......... .......... 50%  260K 5s
   700K .......... .......... .......... .......... .......... 54% 8,36M 4s
   750K .......... .......... .......... .......... .......... 58%  261K 4s
   800K .......... .......... .......... .......... .......... 61%  251K 4s
   850K .......... .......... .......... .......... .......... 65% 3,38M 3s
   900K .......... .......... .......... .......... .......... 69%  265K 3s
   950K .......... .......... .......... .......... .......... 72%  262K 2s
  1000K .......... .......... .......... .......... .......... 76% 8,29M 2s
  1050K .......... .......... .......... .......... .......... 80%  262K 2s
  1100K .......... .......... .......... .......... .......... 83%  262K 1s
  1150K .......... .......... .......... .......... .......... 87% 13,5M 1s
  1200K .......... .......... .......... .......... .......... 90%  243K 1s
  1250K .......... .......... .......... .......... .......... 94%  133K 0s
  1300K .......... .......... .......... .......... .......... 98% 11,8M 0s
  1350K .......... .......... ....                            100% 22,6M=7,0s

2018-12-09 13:02:03 (195 KB/s) - 'kplr002158352-2009259160929_llc_lc.tbl' saved [1407811/1407811]

--2018-12-09 13:02:03--  http://exoplanetarchive.ipac.caltech.edu/data/ETSS//Kepler/005/245/75/kplr002158352-2009350155506_llc.fits
Resolving exoplanetarchive.ipac.caltech.edu (exoplanetarchive.ipac.caltech.edu)... 134.4.54.147
Connecting to exoplanetarchive.ipac.caltech.edu (exoplanetarchive.ipac.caltech.edu)|134.4.54.147|:80... connected.
HTTP request sent, awaiting response... 302 Found
Location: https://exoplanetarchive.ipac.caltech.edu/data/ETSS//Kepler/005/245/75/kplr002158352-2009350155506_llc.fits [following]
--2018-12-09 13:02:03--  https://exoplanetarchive.ipac.caltech.edu/data/ETSS//Kepler/005/245/75/kplr002158352-2009350155506_llc.fits
Connecting to exoplanetarchive.ipac.caltech.edu (exoplanetarchive.ipac.caltech.edu)|134.4.54.147|:443... connected.
HTTP request sent, awaiting response... 200 OK
Length: 466560 (456K) [image/x-fits]
Saving to: 'kplr002158352-2009350155506_llc.fits'

     0K .......... .......... .......... .......... .......... 10% 43,6K 9s
    50K .......... .......... .......... .......... .......... 21% 85,7K 6s
   100K .......... .......... .......... .......... .......... 32%  127K 4s
   150K .......... .......... .......... .......... .......... 43%  132K 3s
   200K .......... .......... .......... .......... .......... 54%  130K 2s
   250K .......... .......... .......... .......... .......... 65%  258K 2s
   300K .......... .......... .......... .......... .......... 76%  253K 1s
   350K .......... .......... .......... .......... .......... 87%  253K 0s
   400K .......... .......... .......... .......... .......... 98%  256K 0s
   450K .....                                                 100% 36,6G=3,7s

2018-12-09 13:02:08 (124 KB/s) - 'kplr002158352-2009350155506_llc.fits' saved [466560/466560]

--2018-12-09 13:02:08--  http://exoplanetarchive.ipac.caltech.edu/data/ETSS//Kepler/005/262/31/kplr002158352-2009350155506_llc_lc.tbl
Resolving exoplanetarchive.ipac.caltech.edu (exoplanetarchive.ipac.caltech.edu)... 134.4.54.147
Connecting to exoplanetarchive.ipac.caltech.edu (exoplanetarchive.ipac.caltech.edu)|134.4.54.147|:80... connected.
HTTP request sent, awaiting response... 302 Found
Location: https://exoplanetarchive.ipac.caltech.edu/data/ETSS//Kepler/005/262/31/kplr002158352-2009350155506_llc_lc.tbl [following]
--2018-12-09 13:02:09--  https://exoplanetarchive.ipac.caltech.edu/data/ETSS//Kepler/005/262/31/kplr002158352-2009350155506_llc_lc.tbl
Connecting to exoplanetarchive.ipac.caltech.edu (exoplanetarchive.ipac.caltech.edu)|134.4.54.147|:443... connected.
HTTP request sent, awaiting response... 200 OK
Length: 1412935 (1,3M) [text/plain]
Saving to: 'kplr002158352-2009350155506_llc_lc.tbl'

     0K .......... .......... .......... .......... ..........  3% 42,6K 31s
    50K .......... .......... .......... .......... ..........  7% 85,6K 22s
   100K .......... .......... .......... .......... .......... 10%  126K 18s
   150K .......... .......... .......... .......... .......... 14%  128K 15s
   200K .......... .......... .......... .......... .......... 18%  126K 13s
   250K .......... .......... .......... .......... .......... 21%  128K 12s
   300K .......... .......... .......... .......... .......... 25%  127K 11s
   350K .......... .......... .......... .......... .......... 28%  256K 10s
   400K .......... .......... .......... .......... .......... 32%  129K 9s
   450K .......... .......... .......... .......... .......... 36%  130K 8s
   500K .......... .......... .......... .......... .......... 39%  258K 7s
   550K .......... .......... .......... .......... .......... 43%  255K 7s
   600K .......... .......... .......... .......... .......... 47%  250K 6s
   650K .......... .......... .......... .......... .......... 50% 12,4M 5s
   700K .......... .......... .......... .......... .......... 54%  260K 5s
   750K .......... .......... .......... .......... .......... 57%  255K 4s
   800K .......... .......... .......... .......... .......... 61%  266K 4s
   850K .......... .......... .......... .......... .......... 65%  260K 3s
   900K .......... .......... .......... .......... .......... 68% 3,10M 3s
   950K .......... .......... .......... .......... .......... 72%  276K 2s
  1000K .......... .......... .......... .......... .......... 76%  261K 2s
  1050K .......... .......... .......... .......... .......... 79%  261K 2s
  1100K .......... .......... .......... .......... .......... 83% 4,05M 1s
  1150K .......... .......... .......... .......... .......... 86%  272K 1s
  1200K .......... .......... .......... .......... .......... 90% 3,59M 1s
  1250K .......... .......... .......... .......... .......... 94%  274K 0s
  1300K .......... .......... .......... .......... .......... 97%  261K 0s
  1350K .......... .......... .........                       100% 17,1M=7,2s

2018-12-09 13:02:17 (191 KB/s) - 'kplr002158352-2009350155506_llc_lc.tbl' saved [1412935/1412935]

--2018-12-09 13:02:17--  http://exoplanetarchive.ipac.caltech.edu/data/ETSS//Kepler/005/345/02/kplr002158352-2010078095331_llc.fits
Resolving exoplanetarchive.ipac.caltech.edu (exoplanetarchive.ipac.caltech.edu)... 134.4.54.147
Connecting to exoplanetarchive.ipac.caltech.edu (exoplanetarchive.ipac.caltech.edu)|134.4.54.147|:80... connected.
HTTP request sent, awaiting response... 302 Found
Location: https://exoplanetarchive.ipac.caltech.edu/data/ETSS//Kepler/005/345/02/kplr002158352-2010078095331_llc.fits [following]
--2018-12-09 13:02:17--  https://exoplanetarchive.ipac.caltech.edu/data/ETSS//Kepler/005/345/02/kplr002158352-2010078095331_llc.fits
Connecting to exoplanetarchive.ipac.caltech.edu (exoplanetarchive.ipac.caltech.edu)|134.4.54.147|:443... connected.
HTTP request sent, awaiting response... 200 OK
Length: 469440 (458K) [image/x-fits]
Saving to: 'kplr002158352-2010078095331_llc.fits'

     0K .......... .......... .......... .......... .......... 10% 43,1K 9s
    50K .......... .......... .......... .......... .......... 21% 84,6K 6s
   100K .......... .......... .......... .......... .......... 32%  126K 4s
   150K .......... .......... .......... .......... .......... 43%  131K 3s
   200K .......... .......... .......... .......... .......... 54% 84,9K 3s
   250K .......... .......... .......... .......... .......... 65% 64,5K 2s
   300K .......... .......... .......... .......... .......... 76%  129K 1s
   350K .......... .......... .......... .......... .......... 87%  127K 1s
   400K .......... .......... .......... .......... .......... 98%  127K 0s
   450K ........                                              100% 13,6M=5,1s

2018-12-09 13:02:24 (90,4 KB/s) - 'kplr002158352-2010078095331_llc.fits' saved [469440/469440]

--2018-12-09 13:02:24--  http://exoplanetarchive.ipac.caltech.edu/data/ETSS//Kepler/005/362/01/kplr002158352-2010078095331_llc_lc.tbl
Resolving exoplanetarchive.ipac.caltech.edu (exoplanetarchive.ipac.caltech.edu)... 134.4.54.147
Connecting to exoplanetarchive.ipac.caltech.edu (exoplanetarchive.ipac.caltech.edu)|134.4.54.147|:80... connected.
HTTP request sent, awaiting response... 302 Found
Location: https://exoplanetarchive.ipac.caltech.edu/data/ETSS//Kepler/005/362/01/kplr002158352-2010078095331_llc_lc.tbl [following]
--2018-12-09 13:02:24--  https://exoplanetarchive.ipac.caltech.edu/data/ETSS//Kepler/005/362/01/kplr002158352-2010078095331_llc_lc.tbl
Connecting to exoplanetarchive.ipac.caltech.edu (exoplanetarchive.ipac.caltech.edu)|134.4.54.147|:443... connected.
HTTP request sent, awaiting response... 200 OK
Length: 1421656 (1,4M) [text/plain]
Saving to: 'kplr002158352-2010078095331_llc_lc.tbl'

     0K .......... .......... .......... .......... ..........  3% 42,2K 32s
    50K .......... .......... .......... .......... ..........  7%  115K 21s
   100K .......... .......... .......... .......... .......... 10% 91,5K 18s
   150K .......... .......... .......... .......... .......... 14%  252K 14s
   200K .......... .......... .......... .......... .......... 18%  131K 13s
   250K .......... .......... .......... .......... .......... 21%  127K 11s
   300K .......... .......... .......... .......... .......... 25%  244K 10s
   350K .......... .......... .......... .......... .......... 28%  130K 9s
   400K .......... .......... .......... .......... .......... 32%  130K 9s
   450K .......... .......... .......... .......... .......... 36%  250K 8s
   500K .......... .......... .......... .......... .......... 39%  248K 7s
   550K .......... .......... .......... .......... .......... 43%  263K 6s
   600K .......... .......... .......... .......... .......... 46%  256K 6s
   650K .......... .......... .......... .......... .......... 50% 7,65M 5s
   700K .......... .......... .......... .......... .......... 54%  262K 4s
   750K .......... .......... .......... .......... .......... 57%  259K 4s
   800K .......... .......... .......... .......... .......... 61%  257K 3s
   850K .......... .......... .......... .......... .......... 64%  259K 3s
   900K .......... .......... .......... .......... .......... 68%  260K 3s
   950K .......... .......... .......... .......... .......... 72%  260K 2s
  1000K .......... .......... .......... .......... .......... 75%  255K 2s
  1050K .......... .......... .......... .......... .......... 79% 10,9M 2s
  1100K .......... .......... .......... .......... .......... 82%  242K 1s
  1150K .......... .......... .......... .......... .......... 86%  265K 1s
  1200K .......... .......... .......... .......... .......... 90%  258K 1s
  1250K .......... .......... .......... .......... .......... 93%  256K 0s
  1300K .......... .......... .......... .......... .......... 97% 5,91M 0s
  1350K .......... .......... .......... ........             100%  205K=7,2s

2018-12-09 13:02:32 (192 KB/s) - 'kplr002158352-2010078095331_llc_lc.tbl' saved [1421656/1421656]

--2018-12-09 13:02:33--  http://exoplanetarchive.ipac.caltech.edu/data/ETSS//Kepler/005/179/21/kplr002158352-2010174085026_llc.fits
Resolving exoplanetarchive.ipac.caltech.edu (exoplanetarchive.ipac.caltech.edu)... 134.4.54.147
Connecting to exoplanetarchive.ipac.caltech.edu (exoplanetarchive.ipac.caltech.edu)|134.4.54.147|:80... connected.
HTTP request sent, awaiting response... 302 Found
Location: https://exoplanetarchive.ipac.caltech.edu/data/ETSS//Kepler/005/179/21/kplr002158352-2010174085026_llc.fits [following]
--2018-12-09 13:02:33--  https://exoplanetarchive.ipac.caltech.edu/data/ETSS//Kepler/005/179/21/kplr002158352-2010174085026_llc.fits
Connecting to exoplanetarchive.ipac.caltech.edu (exoplanetarchive.ipac.caltech.edu)|134.4.54.147|:443... connected.
HTTP request sent, awaiting response... 200 OK
Length: 492480 (481K) [image/x-fits]
Saving to: 'kplr002158352-2010174085026_llc.fits'

     0K .......... .......... .......... .......... .......... 10% 42,9K 10s
    50K .......... .......... .......... .......... .......... 20% 85,7K 7s
   100K .......... .......... .......... .......... .......... 31%  128K 5s
   150K .......... .......... .......... .......... .......... 41%  127K 4s
   200K .......... .......... .......... .......... .......... 51%  129K 3s
   250K .......... .......... .......... .......... .......... 62%  256K 2s
   300K .......... .......... .......... .......... .......... 72%  130K 1s
   350K .......... .......... .......... .......... .......... 83%  257K 1s
   400K .......... .......... .......... .......... .......... 93%  129K 0s
   450K .......... .......... ..........                      100%  163K=4,3s

2018-12-09 13:02:38 (113 KB/s) - 'kplr002158352-2010174085026_llc.fits' saved [492480/492480]

--2018-12-09 13:02:38--  http://exoplanetarchive.ipac.caltech.edu/data/ETSS//Kepler/005/195/85/kplr002158352-2010174085026_llc_lc.tbl
Resolving exoplanetarchive.ipac.caltech.edu (exoplanetarchive.ipac.caltech.edu)... 134.4.54.147
Connecting to exoplanetarchive.ipac.caltech.edu (exoplanetarchive.ipac.caltech.edu)|134.4.54.147|:80... connected.
HTTP request sent, awaiting response... 302 Found
Location: https://exoplanetarchive.ipac.caltech.edu/data/ETSS//Kepler/005/195/85/kplr002158352-2010174085026_llc_lc.tbl [following]
--2018-12-09 13:02:39--  https://exoplanetarchive.ipac.caltech.edu/data/ETSS//Kepler/005/195/85/kplr002158352-2010174085026_llc_lc.tbl
Connecting to exoplanetarchive.ipac.caltech.edu (exoplanetarchive.ipac.caltech.edu)|134.4.54.147|:443... connected.
HTTP request sent, awaiting response... 200 OK
Length: 1497971 (1,4M) [text/plain]
Saving to: 'kplr002158352-2010174085026_llc_lc.tbl'

     0K .......... .......... .......... .......... ..........  3% 42,4K 33s
    50K .......... .......... .......... .......... ..........  6% 83,7K 24s
   100K .......... .......... .......... .......... .......... 10%  128K 19s
   150K .......... .......... .......... .......... .......... 13%  127K 16s
   200K .......... .......... .......... .......... .......... 17% 36,6K 19s
   250K .......... .......... .......... .......... .......... 20% 85,6K 17s
   300K .......... .......... .......... .......... .......... 23%  126K 16s
   350K .......... .......... .......... .......... .......... 27% 85,7K 15s
   400K .......... .......... .......... .......... .......... 30%  129K 13s
   450K .......... .......... .......... .......... .......... 34%  125K 12s
   500K .......... .......... .......... .......... .......... 37%  129K 11s
   550K .......... .......... .......... .......... .......... 41%  129K 10s
   600K .......... .......... .......... .......... .......... 44%  129K 9s
   650K .......... .......... .......... .......... .......... 47%  129K 9s
   700K .......... .......... .......... .......... .......... 51%  251K 8s
   750K .......... .......... .......... .......... .......... 54%  129K 7s
   800K .......... .......... .......... .......... .......... 58% 86,1K 6s
   850K .......... .......... .......... .......... .......... 61%  255K 6s
   900K .......... .......... .......... .......... .......... 64%  129K 5s
   950K .......... .......... .......... .......... .......... 68%  126K 5s
  1000K .......... .......... .......... .......... .......... 71%  131K 4s
  1050K .......... .......... .......... .......... .......... 75%  229K 3s
  1100K .......... .......... .......... .......... .......... 78%  125K 3s
  1150K .......... .......... .......... .......... .......... 82%  126K 2s
  1200K .......... .......... .......... .......... .......... 85%  128K 2s
  1250K .......... .......... .......... .......... .......... 88%  129K 2s
  1300K .......... .......... .......... .......... .......... 92%  130K 1s
  1350K .......... .......... .......... .......... .......... 95%  129K 1s
  1400K .......... .......... .......... .......... .......... 99%  252K 0s
  1450K .......... ..                                         100% 67,0K=13s

2018-12-09 13:02:53 (110 KB/s) - 'kplr002158352-2010174085026_llc_lc.tbl' saved [1497971/1497971]

--2018-12-09 13:02:53--  http://exoplanetarchive.ipac.caltech.edu/data/ETSS//Kepler/005/379/01/kplr002158352-2010265121752_llc.fits
Resolving exoplanetarchive.ipac.caltech.edu (exoplanetarchive.ipac.caltech.edu)... 134.4.54.147
Connecting to exoplanetarchive.ipac.caltech.edu (exoplanetarchive.ipac.caltech.edu)|134.4.54.147|:80... connected.
HTTP request sent, awaiting response... 302 Found
Location: https://exoplanetarchive.ipac.caltech.edu/data/ETSS//Kepler/005/379/01/kplr002158352-2010265121752_llc.fits [following]
--2018-12-09 13:02:54--  https://exoplanetarchive.ipac.caltech.edu/data/ETSS//Kepler/005/379/01/kplr002158352-2010265121752_llc.fits
Connecting to exoplanetarchive.ipac.caltech.edu (exoplanetarchive.ipac.caltech.edu)|134.4.54.147|:443... connected.
HTTP request sent, awaiting response... 200 OK
Length: 469440 (458K) [image/x-fits]
Saving to: 'kplr002158352-2010265121752_llc.fits'

     0K .......... .......... .......... .......... .......... 10% 43,1K 9s
    50K .......... .......... .......... .......... .......... 21% 84,7K 6s
   100K .......... .......... .......... .......... .......... 32%  211K 4s
   150K .......... .......... .......... .......... .......... 43%  145K 3s
   200K .......... .......... .......... .......... .......... 54%  204K 2s
   250K .......... .......... .......... .......... .......... 65%  147K 2s
   300K .......... .......... .......... .......... .......... 76%  257K 1s
   350K .......... .......... .......... .......... .......... 87%  130K 1s
   400K .......... .......... .......... .......... .......... 98%  252K 0s
   450K ........                                              100% 16,2M=3,7s

2018-12-09 13:02:58 (124 KB/s) - 'kplr002158352-2010265121752_llc.fits' saved [469440/469440]

--2018-12-09 13:02:59--  http://exoplanetarchive.ipac.caltech.edu/data/ETSS//Kepler/005/395/54/kplr002158352-2010265121752_llc_lc.tbl
Resolving exoplanetarchive.ipac.caltech.edu (exoplanetarchive.ipac.caltech.edu)... 134.4.54.147
Connecting to exoplanetarchive.ipac.caltech.edu (exoplanetarchive.ipac.caltech.edu)|134.4.54.147|:80... connected.
HTTP request sent, awaiting response... 302 Found
Location: https://exoplanetarchive.ipac.caltech.edu/data/ETSS//Kepler/005/395/54/kplr002158352-2010265121752_llc_lc.tbl [following]
--2018-12-09 13:02:59--  https://exoplanetarchive.ipac.caltech.edu/data/ETSS//Kepler/005/395/54/kplr002158352-2010265121752_llc_lc.tbl
Connecting to exoplanetarchive.ipac.caltech.edu (exoplanetarchive.ipac.caltech.edu)|134.4.54.147|:443... connected.
HTTP request sent, awaiting response... 200 OK
Length: 1421927 (1,4M) [text/plain]
Saving to: 'kplr002158352-2010265121752_llc_lc.tbl'

     0K .......... .......... .......... .......... ..........  3% 42,7K 31s
    50K .......... .......... .......... .......... ..........  7% 85,0K 23s
   100K .......... .......... .......... .......... .......... 10%  130K 18s
   150K .......... .......... .......... .......... .......... 14%  128K 15s
   200K .......... .......... .......... .......... .......... 18%  127K 13s
   250K .......... .......... .......... .......... .......... 21%  128K 12s
   300K .......... .......... .......... .......... .......... 25%  129K 11s
   350K .......... .......... .......... .......... .......... 28%  257K 10s
   400K .......... .......... .......... .......... .......... 32%  129K 9s
   450K .......... .......... .......... .......... .......... 36%  254K 8s
   500K .......... .......... .......... .......... .......... 39%  256K 7s
   550K .......... .......... .......... .......... .......... 43%  253K 6s
   600K .......... .......... .......... .......... .......... 46%  251K 6s
   650K .......... .......... .......... .......... .......... 50%  269K 5s
   700K .......... .......... .......... .......... .......... 54%  260K 5s
   750K .......... .......... .......... .......... .......... 57%  258K 4s
   800K .......... .......... .......... .......... .......... 61%  226K 4s
   850K .......... .......... .......... .......... .......... 64%  301K 3s
   900K .......... .......... .......... .......... .......... 68%  255K 3s
   950K .......... .......... .......... .......... .......... 72%  259K 2s
  1000K .......... .......... .......... .......... .......... 75% 7,51M 2s
  1050K .......... .......... .......... .......... .......... 79%  264K 2s
  1100K .......... .......... .......... .......... .......... 82%  255K 1s
  1150K .......... .......... .......... .......... .......... 86%  258K 1s
  1200K .......... .......... .......... .......... .......... 90%  258K 1s
  1250K .......... .......... .......... .......... .......... 93%  260K 1s
  1300K .......... .......... .......... .......... .......... 97% 14,6M 0s
  1350K .......... .......... .......... ........             100%  201K=7,6s

2018-12-09 13:03:08 (183 KB/s) - 'kplr002158352-2010265121752_llc_lc.tbl' saved [1421927/1421927]

--2018-12-09 13:03:08--  http://exoplanetarchive.ipac.caltech.edu/data/ETSS//Kepler/005/278/88/kplr002158352-2010355172524_llc.fits
Resolving exoplanetarchive.ipac.caltech.edu (exoplanetarchive.ipac.caltech.edu)... 134.4.54.147
Connecting to exoplanetarchive.ipac.caltech.edu (exoplanetarchive.ipac.caltech.edu)|134.4.54.147|:80... connected.
HTTP request sent, awaiting response... 302 Found
Location: https://exoplanetarchive.ipac.caltech.edu/data/ETSS//Kepler/005/278/88/kplr002158352-2010355172524_llc.fits [following]
--2018-12-09 13:03:08--  https://exoplanetarchive.ipac.caltech.edu/data/ETSS//Kepler/005/278/88/kplr002158352-2010355172524_llc.fits
Connecting to exoplanetarchive.ipac.caltech.edu (exoplanetarchive.ipac.caltech.edu)|134.4.54.147|:443... connected.
HTTP request sent, awaiting response... 200 OK
Length: 466560 (456K) [image/x-fits]
Saving to: 'kplr002158352-2010355172524_llc.fits'

     0K .......... .......... .......... .......... .......... 10% 43,1K 9s
    50K .......... .......... .......... .......... .......... 21% 85,8K 6s
   100K .......... .......... .......... .......... .......... 32%  129K 4s
   150K .......... .......... .......... .......... .......... 43%  128K 3s
   200K .......... .......... .......... .......... .......... 54%  129K 2s
   250K .......... .......... .......... .......... .......... 65%  257K 2s
   300K .......... .......... .......... .......... .......... 76%  129K 1s
   350K .......... .......... .......... .......... .......... 87%  259K 1s
   400K .......... .......... .......... .......... .......... 98%  256K 0s
   450K .....                                                 100% 36,6G=3,9s

2018-12-09 13:03:13 (117 KB/s) - 'kplr002158352-2010355172524_llc.fits' saved [466560/466560]

--2018-12-09 13:03:14--  http://exoplanetarchive.ipac.caltech.edu/data/ETSS//Kepler/005/295/22/kplr002158352-2010355172524_llc_lc.tbl
Resolving exoplanetarchive.ipac.caltech.edu (exoplanetarchive.ipac.caltech.edu)... 134.4.54.147
Connecting to exoplanetarchive.ipac.caltech.edu (exoplanetarchive.ipac.caltech.edu)|134.4.54.147|:80... connected.
HTTP request sent, awaiting response... 302 Found
Location: https://exoplanetarchive.ipac.caltech.edu/data/ETSS//Kepler/005/295/22/kplr002158352-2010355172524_llc_lc.tbl [following]
--2018-12-09 13:03:14--  https://exoplanetarchive.ipac.caltech.edu/data/ETSS//Kepler/005/295/22/kplr002158352-2010355172524_llc_lc.tbl
Connecting to exoplanetarchive.ipac.caltech.edu (exoplanetarchive.ipac.caltech.edu)|134.4.54.147|:443... connected.
HTTP request sent, awaiting response... 200 OK
Length: 1414577 (1,3M) [text/plain]
Saving to: 'kplr002158352-2010355172524_llc_lc.tbl'

     0K .......... .......... .......... .......... ..........  3% 42,7K 31s
    50K .......... .......... .......... .......... ..........  7% 84,0K 23s
   100K .......... .......... .......... .......... .......... 10%  126K 18s
   150K .......... .......... .......... .......... .......... 14%  126K 15s
   200K .......... .......... .......... .......... .......... 18%  128K 13s
   250K .......... .......... .......... .......... .......... 21%  129K 12s
   300K .......... .......... .......... .......... .......... 25% 50,6K 13s
   350K .......... .......... .......... .......... .......... 28% 63,6K 13s
   400K .......... .......... .......... .......... .......... 32% 63,4K 12s
   450K .......... .......... .......... .......... .......... 36% 84,3K 11s
   500K .......... .......... .......... .......... .......... 39% 84,8K 11s
   550K .......... .......... .......... .......... .......... 43% 84,5K 10s
   600K .......... .......... .......... .......... .......... 47% 84,9K 9s
   650K .......... .......... .......... .......... .......... 50% 86,0K 9s
   700K .......... .......... .......... .......... .......... 54% 85,2K 8s
   750K .......... .......... .......... .......... .......... 57% 85,5K 7s
   800K .......... .......... .......... .......... .......... 61% 80,8K 7s
   850K .......... .......... .......... .......... .......... 65% 89,3K 6s
   900K .......... .......... .......... .......... .......... 68% 85,0K 5s
   950K .......... .......... .......... .......... .......... 72%  126K 5s
  1000K .......... .......... .......... .......... .......... 76% 64,3K 4s
  1050K .......... .......... .......... .......... .......... 79% 85,1K 3s
  1100K .......... .......... .......... .......... .......... 83% 86,5K 3s
  1150K .......... .......... .......... .......... .......... 86% 85,4K 2s
  1200K .......... .......... .......... .......... .......... 90% 51,4K 2s
  1250K .......... .......... .......... .......... .......... 94% 83,7K 1s
  1300K .......... .......... .......... .......... .......... 97%  126K 0s
  1350K .......... .......... .......... .                    100% 79,7K=17s

2018-12-09 13:03:32 (80,9 KB/s) - 'kplr002158352-2010355172524_llc_lc.tbl' saved [1414577/1414577]

--2018-12-09 13:03:32--  http://exoplanetarchive.ipac.caltech.edu/data/ETSS//Kepler/005/412/08/kplr002158352-2011073133259_llc.fits
Resolving exoplanetarchive.ipac.caltech.edu (exoplanetarchive.ipac.caltech.edu)... 134.4.54.147
Connecting to exoplanetarchive.ipac.caltech.edu (exoplanetarchive.ipac.caltech.edu)|134.4.54.147|:80... connected.
HTTP request sent, awaiting response... 302 Found
Location: https://exoplanetarchive.ipac.caltech.edu/data/ETSS//Kepler/005/412/08/kplr002158352-2011073133259_llc.fits [following]
--2018-12-09 13:03:33--  https://exoplanetarchive.ipac.caltech.edu/data/ETSS//Kepler/005/412/08/kplr002158352-2011073133259_llc.fits
Connecting to exoplanetarchive.ipac.caltech.edu (exoplanetarchive.ipac.caltech.edu)|134.4.54.147|:443... connected.
HTTP request sent, awaiting response... 200 OK
Length: 357120 (349K) [image/x-fits]
Saving to: 'kplr002158352-2011073133259_llc.fits'

     0K .......... .......... .......... .......... .......... 14% 42,7K 7s
    50K .......... .......... .......... .......... .......... 28% 85,1K 4s
   100K .......... .......... .......... .......... .......... 43%  126K 3s
   150K .......... .......... .......... .......... .......... 57%  130K 2s
   200K .......... .......... .......... .......... .......... 71%  254K 1s
   250K .......... .......... .......... .......... .......... 86%  128K 1s
   300K .......... .......... .......... .......... ........  100%  248K=3,3s

2018-12-09 13:03:37 (105 KB/s) - 'kplr002158352-2011073133259_llc.fits' saved [357120/357120]

--2018-12-09 13:03:37--  http://exoplanetarchive.ipac.caltech.edu/data/ETSS//Kepler/005/428/86/kplr002158352-2011073133259_llc_lc.tbl
Resolving exoplanetarchive.ipac.caltech.edu (exoplanetarchive.ipac.caltech.edu)... 134.4.54.147
Connecting to exoplanetarchive.ipac.caltech.edu (exoplanetarchive.ipac.caltech.edu)|134.4.54.147|:80... connected.
HTTP request sent, awaiting response... 302 Found
Location: https://exoplanetarchive.ipac.caltech.edu/data/ETSS//Kepler/005/428/86/kplr002158352-2011073133259_llc_lc.tbl [following]
--2018-12-09 13:03:38--  https://exoplanetarchive.ipac.caltech.edu/data/ETSS//Kepler/005/428/86/kplr002158352-2011073133259_llc_lc.tbl
Connecting to exoplanetarchive.ipac.caltech.edu (exoplanetarchive.ipac.caltech.edu)|134.4.54.147|:443... connected.
HTTP request sent, awaiting response... 200 OK
Length: 1061663 (1,0M) [text/plain]
Saving to: 'kplr002158352-2011073133259_llc_lc.tbl'

     0K .......... .......... .......... .......... ..........  4% 43,0K 23s
    50K .......... .......... .......... .......... ..........  9% 85,8K 16s
   100K .......... .......... .......... .......... .......... 14% 36,8K 18s
   150K .......... .......... .......... .......... .......... 19% 51,5K 17s
   200K .......... .......... .......... .......... .......... 24% 63,5K 15s
   250K .......... .......... .......... .......... .......... 28% 85,3K 13s
   300K .......... .......... .......... .......... .......... 33% 64,2K 12s
   350K .......... .......... .......... .......... .......... 38% 64,0K 11s
   400K .......... .......... .......... .......... .......... 43% 63,8K 10s
   450K .......... .......... .......... .......... .......... 48% 83,1K 9s
   500K .......... .......... .......... .......... .......... 53% 85,1K 8s
   550K .......... .......... .......... .......... .......... 57% 64,3K 7s
   600K .......... .......... .......... .......... .......... 62% 84,6K 6s
   650K .......... .......... .......... .......... .......... 67%  127K 5s
   700K .......... .......... .......... .......... .......... 72% 83,9K 4s
   750K .......... .......... .......... .......... .......... 77% 84,9K 4s
   800K .......... .......... .......... .......... .......... 81% 64,5K 3s
   850K .......... .......... .......... .......... .......... 86%  123K 2s
   900K .......... .......... .......... .......... .......... 91% 85,2K 1s
   950K .......... .......... .......... .......... .......... 96%  128K 1s
  1000K .......... .......... .......... ......               100%  172K=14s

2018-12-09 13:03:53 (72,5 KB/s) - 'kplr002158352-2011073133259_llc_lc.tbl' saved [1061663/1061663]

--2018-12-09 13:03:53--  http://exoplanetarchive.ipac.caltech.edu/data/ETSS//Kepler/005/311/56/kplr002158352-2011177032512_llc.fits
Resolving exoplanetarchive.ipac.caltech.edu (exoplanetarchive.ipac.caltech.edu)... 134.4.54.147
Connecting to exoplanetarchive.ipac.caltech.edu (exoplanetarchive.ipac.caltech.edu)|134.4.54.147|:80... connected.
HTTP request sent, awaiting response... 302 Found
Location: https://exoplanetarchive.ipac.caltech.edu/data/ETSS//Kepler/005/311/56/kplr002158352-2011177032512_llc.fits [following]
--2018-12-09 13:03:53--  https://exoplanetarchive.ipac.caltech.edu/data/ETSS//Kepler/005/311/56/kplr002158352-2011177032512_llc.fits
Connecting to exoplanetarchive.ipac.caltech.edu (exoplanetarchive.ipac.caltech.edu)|134.4.54.147|:443... connected.
HTTP request sent, awaiting response... 200 OK
Length: 506880 (495K) [image/x-fits]
Saving to: 'kplr002158352-2011177032512_llc.fits'

     0K .......... .......... .......... .......... .......... 10% 22,7K 20s
    50K .......... .......... .......... .......... .......... 20% 60,9K 12s
   100K .......... .......... .......... .......... .......... 30% 83,8K 8s
   150K .......... .......... .......... .......... .......... 40%  127K 6s
   200K .......... .......... .......... .......... .......... 50%  127K 4s
   250K .......... .......... .......... .......... .......... 60%  254K 3s
   300K .......... .......... .......... .......... .......... 70%  127K 2s
   350K .......... .......... .......... .......... .......... 80%  128K 1s
   400K .......... .......... .......... .......... .......... 90%  251K 1s
   450K .......... .......... .......... .......... .....     100%  227K=5,8s

2018-12-09 13:04:00 (85,5 KB/s) - 'kplr002158352-2011177032512_llc.fits' saved [506880/506880]

--2018-12-09 13:04:00--  http://exoplanetarchive.ipac.caltech.edu/data/ETSS//Kepler/005/328/29/kplr002158352-2011177032512_llc_lc.tbl
Resolving exoplanetarchive.ipac.caltech.edu (exoplanetarchive.ipac.caltech.edu)... 134.4.54.147
Connecting to exoplanetarchive.ipac.caltech.edu (exoplanetarchive.ipac.caltech.edu)|134.4.54.147|:80... connected.
HTTP request sent, awaiting response... 302 Found
Location: https://exoplanetarchive.ipac.caltech.edu/data/ETSS//Kepler/005/328/29/kplr002158352-2011177032512_llc_lc.tbl [following]
--2018-12-09 13:04:01--  https://exoplanetarchive.ipac.caltech.edu/data/ETSS//Kepler/005/328/29/kplr002158352-2011177032512_llc_lc.tbl
Connecting to exoplanetarchive.ipac.caltech.edu (exoplanetarchive.ipac.caltech.edu)|134.4.54.147|:443... connected.
HTTP request sent, awaiting response... 200 OK
Length: 1541090 (1,5M) [text/plain]
Saving to: 'kplr002158352-2011177032512_llc_lc.tbl'

     0K .......... .......... .......... .......... ..........  3% 46,8K 31s
    50K .......... .......... .......... .......... ..........  6%  163K 19s
   100K .......... .......... .......... .......... ..........  9%  173K 15s
   150K .......... .......... .......... .......... .......... 13%  163K 13s
   200K .......... .......... .......... .......... .......... 16% 64,6K 14s
   250K .......... .......... .......... .......... .......... 19% 85,1K 13s
   300K .......... .......... .......... .......... .......... 23%  129K 12s
   350K .......... .......... .......... .......... .......... 26%  128K 11s
   400K .......... .......... .......... .......... .......... 29%  127K 11s
   450K .......... .......... .......... .......... .......... 33%  238K 9s
   500K .......... .......... .......... .......... .......... 36%  131K 9s
   550K .......... .......... .......... .......... .......... 39%  245K 8s
   600K .......... .......... .......... .......... .......... 43%  240K 7s
   650K .......... .......... .......... .......... .......... 46% 64,6K 7s
   700K .......... .......... .......... .......... .......... 49% 51,4K 7s
   750K .......... .......... .......... .......... .......... 53% 51,3K 7s
   800K .......... .......... .......... .......... .......... 56% 34,0K 7s
   850K .......... .......... .......... .......... .......... 59% 56,8K 7s
   900K .......... .......... .......... .......... .......... 63% 64,0K 7s
   950K .......... .......... .......... .......... .......... 66% 74,9K 6s
  1000K .......... .......... .......... .......... .......... 69% 64,3K 6s
  1050K .......... .......... .......... .......... .......... 73% 84,9K 5s
  1100K .......... .......... .......... .......... .......... 76% 82,2K 4s
  1150K .......... .......... .......... .......... .......... 79% 83,6K 4s
  1200K .......... .......... .......... .......... .......... 83% 63,3K 3s
  1250K .......... .......... .......... .......... .......... 86% 84,7K 3s
  1300K .......... .......... .......... .......... .......... 89% 85,0K 2s
  1350K .......... .......... .......... .......... .......... 93% 86,1K 1s
  1400K .......... .......... .......... .......... .......... 96% 83,9K 1s
  1450K .......... .......... .......... .......... .......... 99%  124K 0s
  1500K ....                                                  100% 19,4M=18s

2018-12-09 13:04:20 (82,9 KB/s) - 'kplr002158352-2011177032512_llc_lc.tbl' saved [1541090/1541090]

--2018-12-09 13:04:20--  http://exoplanetarchive.ipac.caltech.edu/data/ETSS//Kepler/005/445/65/kplr002158352-2011271113734_llc.fits
Resolving exoplanetarchive.ipac.caltech.edu (exoplanetarchive.ipac.caltech.edu)... 134.4.54.147
Connecting to exoplanetarchive.ipac.caltech.edu (exoplanetarchive.ipac.caltech.edu)|134.4.54.147|:80... connected.
HTTP request sent, awaiting response... 302 Found
Location: https://exoplanetarchive.ipac.caltech.edu/data/ETSS//Kepler/005/445/65/kplr002158352-2011271113734_llc.fits [following]
--2018-12-09 13:04:20--  https://exoplanetarchive.ipac.caltech.edu/data/ETSS//Kepler/005/445/65/kplr002158352-2011271113734_llc.fits
Connecting to exoplanetarchive.ipac.caltech.edu (exoplanetarchive.ipac.caltech.edu)|134.4.54.147|:443... connected.
HTTP request sent, awaiting response... 200 OK
Length: 486720 (475K) [image/x-fits]
Saving to: 'kplr002158352-2011271113734_llc.fits'

     0K .......... .......... .......... .......... .......... 10% 42,8K 10s
    50K .......... .......... .......... .......... .......... 21% 84,7K 7s
   100K .......... .......... .......... .......... .......... 31%  129K 5s
   150K .......... .......... .......... .......... .......... 42%  250K 3s
   200K .......... .......... .......... .......... .......... 52%  130K 2s
   250K .......... .......... .......... .......... .......... 63%  256K 2s
   300K .......... .......... .......... .......... .......... 73%  130K 1s
   350K .......... .......... .......... .......... .......... 84%  249K 1s
   400K .......... .......... .......... .......... .......... 94%  257K 0s
   450K .......... .......... .....                           100%  129K=3,9s

2018-12-09 13:04:25 (122 KB/s) - 'kplr002158352-2011271113734_llc.fits' saved [486720/486720]

--2018-12-09 13:04:26--  http://exoplanetarchive.ipac.caltech.edu/data/ETSS//Kepler/005/462/35/kplr002158352-2011271113734_llc_lc.tbl
Resolving exoplanetarchive.ipac.caltech.edu (exoplanetarchive.ipac.caltech.edu)... 134.4.54.147
Connecting to exoplanetarchive.ipac.caltech.edu (exoplanetarchive.ipac.caltech.edu)|134.4.54.147|:80... connected.
HTTP request sent, awaiting response... 302 Found
Location: https://exoplanetarchive.ipac.caltech.edu/data/ETSS//Kepler/005/462/35/kplr002158352-2011271113734_llc_lc.tbl [following]
--2018-12-09 13:04:26--  https://exoplanetarchive.ipac.caltech.edu/data/ETSS//Kepler/005/462/35/kplr002158352-2011271113734_llc_lc.tbl
Connecting to exoplanetarchive.ipac.caltech.edu (exoplanetarchive.ipac.caltech.edu)|134.4.54.147|:443... connected.
HTTP request sent, awaiting response... 200 OK
Length: 1478329 (1,4M) [text/plain]
Saving to: 'kplr002158352-2011271113734_llc_lc.tbl'

     0K .......... .......... .......... .......... ..........  3% 42,4K 33s
    50K .......... .......... .......... .......... ..........  6% 86,2K 24s
   100K .......... .......... .......... .......... .......... 10%  127K 19s
   150K .......... .......... .......... .......... .......... 13%  255K 15s
   200K .......... .......... .......... .......... .......... 17%  128K 13s
   250K .......... .......... .......... .......... .......... 20%  252K 11s
   300K .......... .......... .......... .......... .......... 24%  254K 10s
   350K .......... .......... .......... .......... .......... 27%  128K 9s
   400K .......... .......... .......... .......... .......... 31% 42,2K 10s
   450K .......... .......... .......... .......... .......... 34%  132K 10s
   500K .......... .......... .......... .......... .......... 38%  126K 9s
   550K .......... .......... .......... .......... .......... 41%  219K 8s
   600K .......... .......... .......... .......... .......... 45%  249K 7s
   650K .......... .......... .......... .......... .......... 48%  138K 7s
   700K .......... .......... .......... .......... .......... 51%  250K 6s
   750K .......... .......... .......... .......... .......... 55%  251K 5s
   800K .......... .......... .......... .......... .......... 58%  129K 5s
   850K .......... .......... .......... .......... .......... 62%  243K 4s
   900K .......... .......... .......... .......... .......... 65%  255K 4s
   950K .......... .......... .......... .......... .......... 69%  258K 3s
  1000K .......... .......... .......... .......... .......... 72%  254K 3s
  1050K .......... .......... .......... .......... .......... 76%  133K 3s
  1100K .......... .......... .......... .......... .......... 79%  256K 2s
  1150K .......... .......... .......... .......... .......... 83%  262K 2s
  1200K .......... .......... .......... .......... .......... 86%  127K 1s
  1250K .......... .......... .......... .......... .......... 90% 64,5K 1s
  1300K .......... .......... .......... .......... .......... 93%  117K 1s
  1350K .......... .......... .......... .......... .......... 96%  127K 0s
  1400K .......... .......... .......... .......... ...       100%  111K=11s

2018-12-09 13:04:38 (131 KB/s) - 'kplr002158352-2011271113734_llc_lc.tbl' saved [1478329/1478329]

--2018-12-09 13:04:38--  http://exoplanetarchive.ipac.caltech.edu/data/ETSS//Kepler/005/479/05/kplr002158352-2012004120508_llc.fits
Resolving exoplanetarchive.ipac.caltech.edu (exoplanetarchive.ipac.caltech.edu)... 134.4.54.147
Connecting to exoplanetarchive.ipac.caltech.edu (exoplanetarchive.ipac.caltech.edu)|134.4.54.147|:80... connected.
HTTP request sent, awaiting response... 302 Found
Location: https://exoplanetarchive.ipac.caltech.edu/data/ETSS//Kepler/005/479/05/kplr002158352-2012004120508_llc.fits [following]
--2018-12-09 13:04:39--  https://exoplanetarchive.ipac.caltech.edu/data/ETSS//Kepler/005/479/05/kplr002158352-2012004120508_llc.fits
Connecting to exoplanetarchive.ipac.caltech.edu (exoplanetarchive.ipac.caltech.edu)|134.4.54.147|:443... connected.
HTTP request sent, awaiting response... 200 OK
Length: 506880 (495K) [image/x-fits]
Saving to: 'kplr002158352-2012004120508_llc.fits'

     0K .......... .......... .......... .......... .......... 10% 42,6K 10s
    50K .......... .......... .......... .......... .......... 20% 85,9K 7s
   100K .......... .......... .......... .......... .......... 30%  210K 5s
   150K .......... .......... .......... .......... .......... 40%  141K 3s
   200K .......... .......... .......... .......... .......... 50%  204K 3s
   250K .......... .......... .......... .......... .......... 60%  146K 2s
   300K .......... .......... .......... .......... .......... 70%  252K 1s
   350K .......... .......... .......... .......... .......... 80%  253K 1s
   400K .......... .......... .......... .......... .......... 90%  245K 0s
   450K .......... .......... .......... .......... .....     100%  240K=3,7s

2018-12-09 13:04:43 (133 KB/s) - 'kplr002158352-2012004120508_llc.fits' saved [506880/506880]

--2018-12-09 13:04:43--  http://exoplanetarchive.ipac.caltech.edu/data/ETSS//Kepler/005/495/46/kplr002158352-2012004120508_llc_lc.tbl
Resolving exoplanetarchive.ipac.caltech.edu (exoplanetarchive.ipac.caltech.edu)... 134.4.54.147
Connecting to exoplanetarchive.ipac.caltech.edu (exoplanetarchive.ipac.caltech.edu)|134.4.54.147|:80... connected.
HTTP request sent, awaiting response... 302 Found
Location: https://exoplanetarchive.ipac.caltech.edu/data/ETSS//Kepler/005/495/46/kplr002158352-2012004120508_llc_lc.tbl [following]
--2018-12-09 13:04:44--  https://exoplanetarchive.ipac.caltech.edu/data/ETSS//Kepler/005/495/46/kplr002158352-2012004120508_llc_lc.tbl
Connecting to exoplanetarchive.ipac.caltech.edu (exoplanetarchive.ipac.caltech.edu)|134.4.54.147|:443... connected.
HTTP request sent, awaiting response... 200 OK
Length: 1536584 (1,5M) [text/plain]
Saving to: 'kplr002158352-2012004120508_llc_lc.tbl'

     0K .......... .......... .......... .......... ..........  3% 43,0K 34s
    50K .......... .......... .......... .......... ..........  6% 85,2K 25s
   100K .......... .......... .......... .......... ..........  9%  127K 19s
   150K .......... .......... .......... .......... .......... 13%  128K 16s
   200K .......... .......... .......... .......... .......... 16%  129K 15s
   250K .......... .......... .......... .......... .......... 19%  128K 13s
   300K .......... .......... .......... .......... .......... 23% 51,4K 14s
   350K .......... .......... .......... .......... .......... 26% 51,5K 14s
   400K .......... .......... .......... .......... .......... 29% 85,8K 14s
   450K .......... .......... .......... .......... .......... 33%  126K 12s
   500K .......... .......... .......... .......... .......... 36%  130K 11s
   550K .......... .......... .......... .......... .......... 39%  128K 11s
   600K .......... .......... .......... .......... .......... 43%  127K 10s
   650K .......... .......... .......... .......... .......... 46%  257K 9s
   700K .......... .......... .......... .......... .......... 49%  128K 8s
   750K .......... .......... .......... .......... .......... 53%  128K 7s
   800K .......... .......... .......... .......... .......... 56% 27,7K 8s
   850K .......... .......... .......... .......... .......... 59% 32,0K 8s
   900K .......... .......... .......... .......... .......... 63% 42,7K 7s
   950K .......... .......... .......... .......... .......... 66% 51,0K 7s
  1000K .......... .......... .......... .......... .......... 69% 51,2K 6s
  1050K .......... .......... .......... .......... .......... 73% 64,3K 6s
  1100K .......... .......... .......... .......... .......... 76% 64,4K 5s
  1150K .......... .......... .......... .......... .......... 79% 64,0K 4s
  1200K .......... .......... .......... .......... .......... 83% 50,2K 4s
  1250K .......... .......... .......... .......... .......... 86% 84,9K 3s
  1300K .......... .......... .......... .......... .......... 89% 85,0K 2s
  1350K .......... .......... .......... .......... .......... 93% 84,4K 1s
  1400K .......... .......... .......... .......... .......... 96% 63,9K 1s
  1450K .......... .......... .......... .......... .......... 99% 84,8K 0s
  1500K                                                       100% 3,71G=21s

2018-12-09 13:05:06 (70,3 KB/s) - 'kplr002158352-2012004120508_llc_lc.tbl' saved [1536584/1536584]

--2018-12-09 13:05:06--  http://exoplanetarchive.ipac.caltech.edu/data/ETSS//Kepler/005/511/87/kplr002158352-2012088054726_llc.fits
Resolving exoplanetarchive.ipac.caltech.edu (exoplanetarchive.ipac.caltech.edu)... 134.4.54.147
Connecting to exoplanetarchive.ipac.caltech.edu (exoplanetarchive.ipac.caltech.edu)|134.4.54.147|:80... connected.
HTTP request sent, awaiting response... 302 Found
Location: https://exoplanetarchive.ipac.caltech.edu/data/ETSS//Kepler/005/511/87/kplr002158352-2012088054726_llc.fits [following]
--2018-12-09 13:05:07--  https://exoplanetarchive.ipac.caltech.edu/data/ETSS//Kepler/005/511/87/kplr002158352-2012088054726_llc.fits
Connecting to exoplanetarchive.ipac.caltech.edu (exoplanetarchive.ipac.caltech.edu)|134.4.54.147|:443... connected.
HTTP request sent, awaiting response... 200 OK
Length: 434880 (425K) [image/x-fits]
Saving to: 'kplr002158352-2012088054726_llc.fits'

     0K .......... .......... .......... .......... .......... 11% 43,0K 9s
    50K .......... .......... .......... .......... .......... 23% 86,3K 6s
   100K .......... .......... .......... .......... .......... 35%  129K 4s
   150K .......... .......... .......... .......... .......... 47%  130K 3s
   200K .......... .......... .......... .......... .......... 58%  129K 2s
   250K .......... .......... .......... .......... .......... 70%  252K 1s
   300K .......... .......... .......... .......... .......... 82%  132K 1s
   350K .......... .......... .......... .......... .......... 94%  249K 0s
   400K .......... .......... ....                            100%  127K=3,9s

2018-12-09 13:05:12 (110 KB/s) - 'kplr002158352-2012088054726_llc.fits' saved [434880/434880]

--2018-12-09 13:05:12--  http://exoplanetarchive.ipac.caltech.edu/data/ETSS//Kepler/005/528/57/kplr002158352-2012088054726_llc_lc.tbl
Resolving exoplanetarchive.ipac.caltech.edu (exoplanetarchive.ipac.caltech.edu)... 134.4.54.147
Connecting to exoplanetarchive.ipac.caltech.edu (exoplanetarchive.ipac.caltech.edu)|134.4.54.147|:80... connected.
HTTP request sent, awaiting response... 302 Found
Location: https://exoplanetarchive.ipac.caltech.edu/data/ETSS//Kepler/005/528/57/kplr002158352-2012088054726_llc_lc.tbl [following]
--2018-12-09 13:05:12--  https://exoplanetarchive.ipac.caltech.edu/data/ETSS//Kepler/005/528/57/kplr002158352-2012088054726_llc_lc.tbl
Connecting to exoplanetarchive.ipac.caltech.edu (exoplanetarchive.ipac.caltech.edu)|134.4.54.147|:443... connected.
HTTP request sent, awaiting response... 200 OK
Length: 1307989 (1,2M) [text/plain]
Saving to: 'kplr002158352-2012088054726_llc_lc.tbl'

     0K .......... .......... .......... .......... ..........  3% 42,1K 29s
    50K .......... .......... .......... .......... ..........  7% 84,8K 21s
   100K .......... .......... .......... .......... .......... 11%  127K 16s
   150K .......... .......... .......... .......... .......... 15%  125K 14s
   200K .......... .......... .......... .......... .......... 19%  129K 12s
   250K .......... .......... .......... .......... .......... 23%  249K 10s
   300K .......... .......... .......... .......... .......... 27%  253K 9s
   350K .......... .......... .......... .......... .......... 31%  130K 8s
   400K .......... .......... .......... .......... .......... 35%  129K 8s
   450K .......... .......... .......... .......... .......... 39%  255K 7s
   500K .......... .......... .......... .......... .......... 43%  256K 6s
   550K .......... .......... .......... .......... .......... 46%  258K 5s
   600K .......... .......... .......... .......... .......... 50%  258K 5s
   650K .......... .......... .......... .......... .......... 54% 1,56M 4s
   700K .......... .......... .......... .......... .......... 58%  273K 4s
   750K .......... .......... .......... .......... .......... 62%  287K 3s
   800K .......... .......... .......... .......... .......... 66%  259K 3s
   850K .......... .......... .......... .......... .......... 70% 1,70M 2s
   900K .......... .......... .......... .......... .......... 74%  216K 2s
   950K .......... .......... .......... .......... .......... 78%  319K 2s
  1000K .......... .......... .......... .......... .......... 82% 8,80M 1s
  1050K .......... .......... .......... .......... .......... 86%  258K 1s
  1100K .......... .......... .......... .......... .......... 90%  255K 1s
  1150K .......... .......... .......... .......... .......... 93%  257K 0s
  1200K .......... .......... .......... .......... .......... 97% 9,99M 0s
  1250K .......... .......... .......                         100% 14,4M=6,5s

2018-12-09 13:05:20 (196 KB/s) - 'kplr002158352-2012088054726_llc_lc.tbl' saved [1307989/1307989]

--2018-12-09 13:05:20--  http://exoplanetarchive.ipac.caltech.edu/data/ETSS//Kepler/005/545/26/kplr002158352-2012179063303_llc.fits
Resolving exoplanetarchive.ipac.caltech.edu (exoplanetarchive.ipac.caltech.edu)... 134.4.54.147
Connecting to exoplanetarchive.ipac.caltech.edu (exoplanetarchive.ipac.caltech.edu)|134.4.54.147|:80... connected.
HTTP request sent, awaiting response... 302 Found
Location: https://exoplanetarchive.ipac.caltech.edu/data/ETSS//Kepler/005/545/26/kplr002158352-2012179063303_llc.fits [following]
--2018-12-09 13:05:20--  https://exoplanetarchive.ipac.caltech.edu/data/ETSS//Kepler/005/545/26/kplr002158352-2012179063303_llc.fits
Connecting to exoplanetarchive.ipac.caltech.edu (exoplanetarchive.ipac.caltech.edu)|134.4.54.147|:443... connected.
HTTP request sent, awaiting response... 200 OK
Length: 472320 (461K) [image/x-fits]
Saving to: 'kplr002158352-2012179063303_llc.fits'

     0K .......... .......... .......... .......... .......... 10% 43,0K 10s
    50K .......... .......... .......... .......... .......... 21% 85,3K 6s
   100K .......... .......... .......... .......... .......... 32% 85,7K 5s
   150K .......... .......... .......... .......... .......... 43% 36,4K 5s
   200K .......... .......... .......... .......... .......... 54% 85,6K 4s
   250K .......... .......... .......... .......... .......... 65% 85,4K 3s
   300K .......... .......... .......... .......... .......... 75% 85,4K 2s
   350K .......... .......... .......... .......... .......... 86% 85,1K 1s
   400K .......... .......... .......... .......... .......... 97% 85,0K 0s
   450K .......... .                                          100% 19,4M=6,6s

2018-12-09 13:05:28 (69,5 KB/s) - 'kplr002158352-2012179063303_llc.fits' saved [472320/472320]

--2018-12-09 13:05:28--  http://exoplanetarchive.ipac.caltech.edu/data/ETSS//Kepler/005/561/93/kplr002158352-2012179063303_llc_lc.tbl
Resolving exoplanetarchive.ipac.caltech.edu (exoplanetarchive.ipac.caltech.edu)... 134.4.54.147
Connecting to exoplanetarchive.ipac.caltech.edu (exoplanetarchive.ipac.caltech.edu)|134.4.54.147|:80... connected.
HTTP request sent, awaiting response... 302 Found
Location: https://exoplanetarchive.ipac.caltech.edu/data/ETSS//Kepler/005/561/93/kplr002158352-2012179063303_llc_lc.tbl [following]
--2018-12-09 13:05:29--  https://exoplanetarchive.ipac.caltech.edu/data/ETSS//Kepler/005/561/93/kplr002158352-2012179063303_llc_lc.tbl
Connecting to exoplanetarchive.ipac.caltech.edu (exoplanetarchive.ipac.caltech.edu)|134.4.54.147|:443... connected.
HTTP request sent, awaiting response... 200 OK
Length: 1429362 (1,4M) [text/plain]
Saving to: 'kplr002158352-2012179063303_llc_lc.tbl'

     0K .......... .......... .......... .......... ..........  3% 42,8K 31s
    50K .......... .......... .......... .......... ..........  7% 86,0K 23s
   100K .......... .......... .......... .......... .......... 10%  129K 18s
   150K .......... .......... .......... .......... .......... 14%  128K 15s
   200K .......... .......... .......... .......... .......... 17%  127K 13s
   250K .......... .......... .......... .......... .......... 21%  249K 11s
   300K .......... .......... .......... .......... .......... 25%  129K 10s
   350K .......... .......... .......... .......... .......... 28%  249K 9s
   400K .......... .......... .......... .......... .......... 32%  130K 9s
   450K .......... .......... .......... .......... .......... 35%  259K 8s
   500K .......... .......... .......... .......... .......... 39%  259K 7s
   550K .......... .......... .......... .......... .......... 42%  255K 6s
   600K .......... .......... .......... .......... .......... 46% 5,77M 5s
   650K .......... .......... .......... .......... .......... 50%  254K 5s
   700K .......... .......... .......... .......... .......... 53%  265K 4s
   750K .......... .......... .......... .......... .......... 57%  263K 4s
   800K .......... .......... .......... .......... .......... 60%  255K 4s
   850K .......... .......... .......... .......... .......... 64% 4,27M 3s
   900K .......... .......... .......... .......... .......... 68%  259K 3s
   950K .......... .......... .......... .......... .......... 71%  266K 2s
  1000K .......... .......... .......... .......... .......... 75% 3,57M 2s
  1050K .......... .......... .......... .......... .......... 78%  262K 2s
  1100K .......... .......... .......... .......... .......... 82%  260K 1s
  1150K .......... .......... .......... .......... .......... 85% 6,41M 1s
  1200K .......... .......... .......... .......... .......... 89%  258K 1s
  1250K .......... .......... .......... .......... .......... 93% 11,1M 0s
  1300K .......... .......... .......... .......... .......... 96%  270K 0s
  1350K .......... .......... .......... .......... .....     100% 4,31M=6,6s

2018-12-09 13:05:36 (210 KB/s) - 'kplr002158352-2012179063303_llc_lc.tbl' saved [1429362/1429362]

--2018-12-09 13:05:37--  http://exoplanetarchive.ipac.caltech.edu/data/ETSS//Kepler/005/578/61/kplr002158352-2012277125453_llc.fits
Resolving exoplanetarchive.ipac.caltech.edu (exoplanetarchive.ipac.caltech.edu)... 134.4.54.147
Connecting to exoplanetarchive.ipac.caltech.edu (exoplanetarchive.ipac.caltech.edu)|134.4.54.147|:80... connected.
HTTP request sent, awaiting response... 302 Found
Location: https://exoplanetarchive.ipac.caltech.edu/data/ETSS//Kepler/005/578/61/kplr002158352-2012277125453_llc.fits [following]
--2018-12-09 13:05:37--  https://exoplanetarchive.ipac.caltech.edu/data/ETSS//Kepler/005/578/61/kplr002158352-2012277125453_llc.fits
Connecting to exoplanetarchive.ipac.caltech.edu (exoplanetarchive.ipac.caltech.edu)|134.4.54.147|:443... connected.
HTTP request sent, awaiting response... 200 OK
Length: 506880 (495K) [image/x-fits]
Saving to: 'kplr002158352-2012277125453_llc.fits'

     0K .......... .......... .......... .......... .......... 10% 42,8K 10s
    50K .......... .......... .......... .......... .......... 20% 85,8K 7s
   100K .......... .......... .......... .......... .......... 30%  124K 5s
   150K .......... .......... .......... .......... .......... 40%  128K 4s
   200K .......... .......... .......... .......... .......... 50%  250K 3s
   250K .......... .......... .......... .......... .......... 60%  128K 2s
   300K .......... .......... .......... .......... .......... 70%  253K 1s
   350K .......... .......... .......... .......... .......... 80%  126K 1s
   400K .......... .......... .......... .......... .......... 90%  126K 0s
   450K .......... .......... .......... .......... .....     100% 10,8M=4,1s

2018-12-09 13:05:42 (120 KB/s) - 'kplr002158352-2012277125453_llc.fits' saved [506880/506880]

--2018-12-09 13:05:42--  http://exoplanetarchive.ipac.caltech.edu/data/ETSS//Kepler/005/595/31/kplr002158352-2012277125453_llc_lc.tbl
Resolving exoplanetarchive.ipac.caltech.edu (exoplanetarchive.ipac.caltech.edu)... 134.4.54.147
Connecting to exoplanetarchive.ipac.caltech.edu (exoplanetarchive.ipac.caltech.edu)|134.4.54.147|:80... connected.
HTTP request sent, awaiting response... 302 Found
Location: https://exoplanetarchive.ipac.caltech.edu/data/ETSS//Kepler/005/595/31/kplr002158352-2012277125453_llc_lc.tbl [following]
--2018-12-09 13:05:43--  https://exoplanetarchive.ipac.caltech.edu/data/ETSS//Kepler/005/595/31/kplr002158352-2012277125453_llc_lc.tbl
Connecting to exoplanetarchive.ipac.caltech.edu (exoplanetarchive.ipac.caltech.edu)|134.4.54.147|:443... connected.
HTTP request sent, awaiting response... 200 OK
Length: 1537552 (1,5M) [text/plain]
Saving to: 'kplr002158352-2012277125453_llc_lc.tbl'

     0K .......... .......... .......... .......... ..........  3% 42,8K 34s
    50K .......... .......... .......... .......... ..........  6% 84,8K 25s
   100K .......... .......... .......... .......... ..........  9%  248K 18s
   150K .......... .......... .......... .......... .......... 13%  130K 15s
   200K .......... .......... .......... .......... .......... 16%  125K 14s
   250K .......... .......... .......... .......... .......... 19%  252K 12s
   300K .......... .......... .......... .......... .......... 23% 51,4K 13s
   350K .......... .......... .......... .......... .......... 26% 84,7K 12s
   400K .......... .......... .......... .......... .......... 29% 31,9K 14s
   450K .......... .......... .......... .......... .......... 33% 85,1K 13s
   500K .......... .......... .......... .......... .......... 36% 86,8K 13s
   550K .......... .......... .......... .......... .......... 39%  126K 11s
   600K .......... .......... .......... .......... .......... 43%  128K 11s
   650K .......... .......... .......... .......... .......... 46% 87,4K 10s
   700K .......... .......... .......... .......... .......... 49% 60,4K 9s
   750K .......... .......... .......... .......... .......... 53% 64,3K 9s
   800K .......... .......... .......... .......... .......... 56% 51,7K 9s
   850K .......... .......... .......... .......... .......... 59% 63,9K 8s
   900K .......... .......... .......... .......... .......... 63% 64,3K 7s
   950K .......... .......... .......... .......... .......... 66% 42,3K 7s
  1000K .......... .......... .......... .......... .......... 69% 42,9K 6s
  1050K .......... .......... .......... .......... .......... 73% 51,6K 6s
  1100K .......... .......... .......... .......... .......... 76% 51,5K 5s
  1150K .......... .......... .......... .......... .......... 79% 64,3K 4s
  1200K .......... .......... .......... .......... .......... 83% 42,6K 4s
  1250K .......... .......... .......... .......... .......... 86% 36,5K 3s
  1300K .......... .......... .......... .......... .......... 89% 58,4K 2s
  1350K .......... .......... .......... .......... .......... 93% 51,4K 2s
  1400K .......... .......... .......... .......... .......... 96% 64,3K 1s
  1450K .......... .......... .......... .......... .......... 99% 64,3K 0s
  1500K .                                                     100% 9,86G=24s

2018-12-09 13:06:07 (63,3 KB/s) - 'kplr002158352-2012277125453_llc_lc.tbl' saved [1537552/1537552]

--2018-12-09 13:06:07--  http://exoplanetarchive.ipac.caltech.edu/data/ETSS//Kepler/005/612/00/kplr002158352-2013011073258_llc.fits
Resolving exoplanetarchive.ipac.caltech.edu (exoplanetarchive.ipac.caltech.edu)... 134.4.54.147
Connecting to exoplanetarchive.ipac.caltech.edu (exoplanetarchive.ipac.caltech.edu)|134.4.54.147|:80... connected.
HTTP request sent, awaiting response... 302 Found
Location: https://exoplanetarchive.ipac.caltech.edu/data/ETSS//Kepler/005/612/00/kplr002158352-2013011073258_llc.fits [following]
--2018-12-09 13:06:08--  https://exoplanetarchive.ipac.caltech.edu/data/ETSS//Kepler/005/612/00/kplr002158352-2013011073258_llc.fits
Connecting to exoplanetarchive.ipac.caltech.edu (exoplanetarchive.ipac.caltech.edu)|134.4.54.147|:443... connected.
HTTP request sent, awaiting response... 200 OK
Length: 506880 (495K) [image/x-fits]
Saving to: 'kplr002158352-2013011073258_llc.fits'

     0K .......... .......... .......... .......... .......... 10% 43,0K 10s
    50K .......... .......... .......... .......... .......... 20%  116K 6s
   100K .......... .......... .......... .......... .......... 30% 91,5K 5s
   150K .......... .......... .......... .......... .......... 40%  254K 3s
   200K .......... .......... .......... .......... .......... 50%  130K 3s
   250K .......... .......... .......... .......... .......... 60%  257K 2s
   300K .......... .......... .......... .......... .......... 70%  129K 1s
   350K .......... .......... .......... .......... .......... 80%  255K 1s
   400K .......... .......... .......... .......... .......... 90%  128K 0s
   450K .......... .......... .......... .......... .....     100%  232K=4,1s

2018-12-09 13:06:13 (121 KB/s) - 'kplr002158352-2013011073258_llc.fits' saved [506880/506880]

--2018-12-09 13:06:13--  http://exoplanetarchive.ipac.caltech.edu/data/ETSS//Kepler/005/628/48/kplr002158352-2013011073258_llc_lc.tbl
Resolving exoplanetarchive.ipac.caltech.edu (exoplanetarchive.ipac.caltech.edu)... 134.4.54.147
Connecting to exoplanetarchive.ipac.caltech.edu (exoplanetarchive.ipac.caltech.edu)|134.4.54.147|:80... connected.
HTTP request sent, awaiting response... 302 Found
Location: https://exoplanetarchive.ipac.caltech.edu/data/ETSS//Kepler/005/628/48/kplr002158352-2013011073258_llc_lc.tbl [following]
--2018-12-09 13:06:14--  https://exoplanetarchive.ipac.caltech.edu/data/ETSS//Kepler/005/628/48/kplr002158352-2013011073258_llc_lc.tbl
Connecting to exoplanetarchive.ipac.caltech.edu (exoplanetarchive.ipac.caltech.edu)|134.4.54.147|:443... connected.
HTTP request sent, awaiting response... 200 OK
Length: 1544830 (1,5M) [text/plain]
Saving to: 'kplr002158352-2013011073258_llc_lc.tbl'

     0K .......... .......... .......... .......... ..........  3% 42,8K 34s
    50K .......... .......... .......... .......... ..........  6% 84,9K 25s
   100K .......... .......... .......... .......... ..........  9%  128K 19s
   150K .......... .......... .......... .......... .......... 13%  126K 17s
   200K .......... .......... .......... .......... .......... 16%  134K 15s
   250K .......... .......... .......... .......... .......... 19%  243K 13s
   300K .......... .......... .......... .......... .......... 23%  132K 12s
   350K .......... .......... .......... .......... .......... 26%  256K 10s
   400K .......... .......... .......... .......... .......... 29%  128K 10s
   450K .......... .......... .......... .......... .......... 33%  256K 9s
   500K .......... .......... .......... .......... .......... 36% 4,26M 7s
   550K .......... .......... .......... .......... .......... 39%  255K 7s
   600K .......... .......... .......... .......... .......... 43%  261K 6s
   650K .......... .......... .......... .......... .......... 46%  257K 6s
   700K .......... .......... .......... .......... .......... 49% 3,36M 5s
   750K .......... .......... .......... .......... .......... 53%  259K 5s
   800K .......... .......... .......... .......... .......... 56%  249K 4s
   850K .......... .......... .......... .......... .......... 59%  263K 4s
   900K .......... .......... .......... .......... .......... 62% 10,2M 3s
   950K .......... .......... .......... .......... .......... 66%  265K 3s
  1000K .......... .......... .......... .......... .......... 69% 5,51M 2s
  1050K .......... .......... .......... .......... .......... 72%  257K 2s
  1100K .......... .......... .......... .......... .......... 76% 10,4M 2s
  1150K .......... .......... .......... .......... .......... 79%  264K 2s
  1200K .......... .......... .......... .......... .......... 82%  274K 1s
  1250K .......... .......... .......... .......... .......... 86% 2,89M 1s
  1300K .......... .......... .......... .......... .......... 89% 9,96M 1s
  1350K .......... .......... .......... .......... .......... 92%  265K 1s
  1400K .......... .......... .......... .......... .......... 96%  278K 0s
  1450K .......... .......... .......... .......... .......... 99% 4,24M 0s
  1500K ........                                              100% 24,4M=6,6s

2018-12-09 13:06:21 (227 KB/s) - 'kplr002158352-2013011073258_llc_lc.tbl' saved [1544830/1544830]

--2018-12-09 13:06:21--  http://exoplanetarchive.ipac.caltech.edu/data/ETSS//Kepler/005/644/95/kplr002158352-2013098041711_llc.fits
Resolving exoplanetarchive.ipac.caltech.edu (exoplanetarchive.ipac.caltech.edu)... 134.4.54.147
Connecting to exoplanetarchive.ipac.caltech.edu (exoplanetarchive.ipac.caltech.edu)|134.4.54.147|:80... connected.
HTTP request sent, awaiting response... 302 Found
Location: https://exoplanetarchive.ipac.caltech.edu/data/ETSS//Kepler/005/644/95/kplr002158352-2013098041711_llc.fits [following]
--2018-12-09 13:06:22--  https://exoplanetarchive.ipac.caltech.edu/data/ETSS//Kepler/005/644/95/kplr002158352-2013098041711_llc.fits
Connecting to exoplanetarchive.ipac.caltech.edu (exoplanetarchive.ipac.caltech.edu)|134.4.54.147|:443... connected.
HTTP request sent, awaiting response... 200 OK
Length: 449280 (439K) [image/x-fits]
Saving to: 'kplr002158352-2013098041711_llc.fits'

     0K .......... .......... .......... .......... .......... 11% 41,9K 9s
    50K .......... .......... .......... .......... .......... 22% 86,3K 6s
   100K .......... .......... .......... .......... .......... 34%  128K 4s
   150K .......... .......... .......... .......... .......... 45%  251K 3s
   200K .......... .......... .......... .......... .......... 56%  127K 2s
   250K .......... .......... .......... .......... .......... 68%  256K 1s
   300K .......... .......... .......... .......... .......... 79%  127K 1s
   350K .......... .......... .......... .......... .......... 91%  258K 0s
   400K .......... .......... .......... ........             100%  202K=3,7s

2018-12-09 13:06:27 (118 KB/s) - 'kplr002158352-2013098041711_llc.fits' saved [449280/449280]

--2018-12-09 13:06:27--  http://exoplanetarchive.ipac.caltech.edu/data/ETSS//Kepler/005/661/71/kplr002158352-2013098041711_llc_lc.tbl
Resolving exoplanetarchive.ipac.caltech.edu (exoplanetarchive.ipac.caltech.edu)... 134.4.54.147
Connecting to exoplanetarchive.ipac.caltech.edu (exoplanetarchive.ipac.caltech.edu)|134.4.54.147|:80... connected.
HTTP request sent, awaiting response... 302 Found
Location: https://exoplanetarchive.ipac.caltech.edu/data/ETSS//Kepler/005/661/71/kplr002158352-2013098041711_llc_lc.tbl [following]
--2018-12-09 13:06:27--  https://exoplanetarchive.ipac.caltech.edu/data/ETSS//Kepler/005/661/71/kplr002158352-2013098041711_llc_lc.tbl
Connecting to exoplanetarchive.ipac.caltech.edu (exoplanetarchive.ipac.caltech.edu)|134.4.54.147|:443... connected.
HTTP request sent, awaiting response... 200 OK
Length: 1359179 (1,3M) [text/plain]
Saving to: 'kplr002158352-2013098041711_llc_lc.tbl'

     0K .......... .......... .......... .......... ..........  3% 42,6K 30s
    50K .......... .......... .......... .......... ..........  7% 85,6K 22s
   100K .......... .......... .......... .......... .......... 11%  129K 17s
   150K .......... .......... .......... .......... .......... 15%  255K 13s
   200K .......... .......... .......... .......... .......... 18%  128K 12s
   250K .......... .......... .......... .......... .......... 22%  252K 10s
   300K .......... .......... .......... .......... .......... 26%  130K 9s
   350K .......... .......... .......... .......... .......... 30%  128K 9s
   400K .......... .......... .......... .......... .......... 33%  250K 8s
   450K .......... .......... .......... .......... .......... 37%  253K 7s
   500K .......... .......... .......... .......... .......... 41%  256K 6s
   550K .......... .......... .......... .......... .......... 45%  257K 5s
   600K .......... .......... .......... .......... .......... 48%  252K 5s
   650K .......... .......... .......... .......... .......... 52% 9,09M 4s
   700K .......... .......... .......... .......... .......... 56%  258K 4s
   750K .......... .......... .......... .......... .......... 60%  253K 3s
   800K .......... .......... .......... .......... .......... 64%  252K 3s
   850K .......... .......... .......... .......... .......... 67%  256K 3s
   900K .......... .......... .......... .......... .......... 71% 8,38M 2s
   950K .......... .......... .......... .......... .......... 75%  255K 2s
  1000K .......... .......... .......... .......... .......... 79%  257K 2s
  1050K .......... .......... .......... .......... .......... 82%  268K 1s
  1100K .......... .......... .......... .......... .......... 86% 6,96M 1s
  1150K .......... .......... .......... .......... .......... 90%  261K 1s
  1200K .......... .......... .......... .......... .......... 94%  256K 0s
  1250K .......... .......... .......... .......... .......... 97% 7,94M 0s
  1300K .......... .......... .......                         100% 6,33M=6,5s

2018-12-09 13:06:35 (205 KB/s) - 'kplr002158352-2013098041711_llc_lc.tbl' saved [1359179/1359179]

--2018-12-09 13:06:35--  http://exoplanetarchive.ipac.caltech.edu/data/ETSS//Kepler/005/678/46/kplr002158352-2013131215648_llc.fits
Resolving exoplanetarchive.ipac.caltech.edu (exoplanetarchive.ipac.caltech.edu)... 134.4.54.147
Connecting to exoplanetarchive.ipac.caltech.edu (exoplanetarchive.ipac.caltech.edu)|134.4.54.147|:80... connected.
HTTP request sent, awaiting response... 302 Found
Location: https://exoplanetarchive.ipac.caltech.edu/data/ETSS//Kepler/005/678/46/kplr002158352-2013131215648_llc.fits [following]
--2018-12-09 13:06:35--  https://exoplanetarchive.ipac.caltech.edu/data/ETSS//Kepler/005/678/46/kplr002158352-2013131215648_llc.fits
Connecting to exoplanetarchive.ipac.caltech.edu (exoplanetarchive.ipac.caltech.edu)|134.4.54.147|:443... connected.
HTTP request sent, awaiting response... 200 OK
Length: 187200 (183K) [image/x-fits]
Saving to: 'kplr002158352-2013131215648_llc.fits'

     0K .......... .......... .......... .......... .......... 27% 43,2K 3s
    50K .......... .......... .......... .......... .......... 54% 86,0K 1s
   100K .......... .......... .......... .......... .......... 82%  128K 0s
   150K .......... .......... .......... ..                   100%  162K=2,3s

2018-12-09 13:06:39 (78,4 KB/s) - 'kplr002158352-2013131215648_llc.fits' saved [187200/187200]

--2018-12-09 13:06:39--  http://exoplanetarchive.ipac.caltech.edu/data/ETSS//Kepler/005/695/22/kplr002158352-2013131215648_llc_lc.tbl
Resolving exoplanetarchive.ipac.caltech.edu (exoplanetarchive.ipac.caltech.edu)... 134.4.54.147
Connecting to exoplanetarchive.ipac.caltech.edu (exoplanetarchive.ipac.caltech.edu)|134.4.54.147|:80... connected.
HTTP request sent, awaiting response... 302 Found
Location: https://exoplanetarchive.ipac.caltech.edu/data/ETSS//Kepler/005/695/22/kplr002158352-2013131215648_llc_lc.tbl [following]
--2018-12-09 13:06:39--  https://exoplanetarchive.ipac.caltech.edu/data/ETSS//Kepler/005/695/22/kplr002158352-2013131215648_llc_lc.tbl
Connecting to exoplanetarchive.ipac.caltech.edu (exoplanetarchive.ipac.caltech.edu)|134.4.54.147|:443... connected.
HTTP request sent, awaiting response... 200 OK
Length: 506651 (495K) [text/plain]
Saving to: 'kplr002158352-2013131215648_llc_lc.tbl'

     0K .......... .......... .......... .......... .......... 10% 21,4K 21s
    50K .......... .......... .......... .......... .......... 20% 51,2K 13s
   100K .......... .......... .......... .......... .......... 30% 42,2K 10s
   150K .......... .......... .......... .......... .......... 40% 50,9K 8s
   200K .......... .......... .......... .......... .......... 50% 64,4K 6s
   250K .......... .......... .......... .......... .......... 60% 63,7K 5s
   300K .......... .......... .......... .......... .......... 70% 64,3K 3s
   350K .......... .......... .......... .......... .......... 80% 31,9K 2s
   400K .......... .......... .......... .......... .......... 90% 22,1K 1s
   450K .......... .......... .......... .......... ....      100% 76,8K=12s

2018-12-09 13:06:53 (40,5 KB/s) - 'kplr002158352-2013131215648_llc_lc.tbl' saved [506651/506651]

