--2018-12-09 13:00:47--  http://exoplanetarchive.ipac.caltech.edu/data/ETSS//Kepler/005/344/99/kplr002017981-2010078095331_llc.fits
Resolving exoplanetarchive.ipac.caltech.edu (exoplanetarchive.ipac.caltech.edu)... 134.4.54.147
Connecting to exoplanetarchive.ipac.caltech.edu (exoplanetarchive.ipac.caltech.edu)|134.4.54.147|:80... connected.
HTTP request sent, awaiting response... 302 Found
Location: https://exoplanetarchive.ipac.caltech.edu/data/ETSS//Kepler/005/344/99/kplr002017981-2010078095331_llc.fits [following]
--2018-12-09 13:00:47--  https://exoplanetarchive.ipac.caltech.edu/data/ETSS//Kepler/005/344/99/kplr002017981-2010078095331_llc.fits
Connecting to exoplanetarchive.ipac.caltech.edu (exoplanetarchive.ipac.caltech.edu)|134.4.54.147|:443... connected.
HTTP request sent, awaiting response... 200 OK
Length: 469440 (458K) [image/x-fits]
Saving to: 'kplr002017981-2010078095331_llc.fits'

     0K .......... .......... .......... .......... .......... 10% 43,1K 9s
    50K .......... .......... .......... .......... .......... 21% 86,3K 6s
   100K .......... .......... .......... .......... .......... 32%  206K 4s
   150K .......... .......... .......... .......... .......... 43%  149K 3s
   200K .......... .......... .......... .......... .......... 54%  202K 2s
   250K .......... .......... .......... .......... .......... 65%  250K 1s
   300K .......... .......... .......... .......... .......... 76%  254K 1s
   350K .......... .......... .......... .......... .......... 87%  260K 0s
   400K .......... .......... .......... .......... .......... 98%  252K 0s
   450K ........                                              100% 9,13M=3,4s

2018-12-09 13:00:52 (137 KB/s) - 'kplr002017981-2010078095331_llc.fits' saved [469440/469440]

--2018-12-09 13:00:52--  http://exoplanetarchive.ipac.caltech.edu/data/ETSS//Kepler/005/361/98/kplr002017981-2010078095331_llc_lc.tbl
Resolving exoplanetarchive.ipac.caltech.edu (exoplanetarchive.ipac.caltech.edu)... 134.4.54.147
Connecting to exoplanetarchive.ipac.caltech.edu (exoplanetarchive.ipac.caltech.edu)|134.4.54.147|:80... connected.
HTTP request sent, awaiting response... 302 Found
Location: https://exoplanetarchive.ipac.caltech.edu/data/ETSS//Kepler/005/361/98/kplr002017981-2010078095331_llc_lc.tbl [following]
--2018-12-09 13:00:52--  https://exoplanetarchive.ipac.caltech.edu/data/ETSS//Kepler/005/361/98/kplr002017981-2010078095331_llc_lc.tbl
Connecting to exoplanetarchive.ipac.caltech.edu (exoplanetarchive.ipac.caltech.edu)|134.4.54.147|:443... connected.
HTTP request sent, awaiting response... 200 OK
Length: 1421625 (1,4M) [text/plain]
Saving to: 'kplr002017981-2010078095331_llc_lc.tbl'

     0K .......... .......... .......... .......... ..........  3% 43,0K 31s
    50K .......... .......... .......... .......... ..........  7%  107K 21s
   100K .......... .......... .......... .......... .......... 10%  128K 17s
   150K .......... .......... .......... .......... .......... 14%  162K 14s
   200K .......... .......... .......... .......... .......... 18%  256K 11s
   250K .......... .......... .......... .......... .......... 21%  129K 11s
   300K .......... .......... .......... .......... .......... 25%  245K 9s
   350K .......... .......... .......... .......... .......... 28%  260K 8s
   400K .......... .......... .......... .......... .......... 32%  258K 7s
   450K .......... .......... .......... .......... .......... 36%  258K 7s
   500K .......... .......... .......... .......... .......... 39%  249K 6s
   550K .......... .......... .......... .......... .......... 43% 18,4M 5s
   600K .......... .......... .......... .......... .......... 46%  185K 5s
   650K .......... .......... .......... .......... .......... 50%  424K 4s
   700K .......... .......... .......... .......... .......... 54%  263K 4s
   750K .......... .......... .......... .......... .......... 57% 3,45M 3s
   800K .......... .......... .......... .......... .......... 61%  261K 3s
   850K .......... .......... .......... .......... .......... 64%  260K 3s
   900K .......... .......... .......... .......... .......... 68% 9,98M 2s
   950K .......... .......... .......... .......... .......... 72%  252K 2s
  1000K .......... .......... .......... .......... .......... 75% 7,80M 2s
  1050K .......... .......... .......... .......... .......... 79%  263K 1s
  1100K .......... .......... .......... .......... .......... 82% 11,4M 1s
  1150K .......... .......... .......... .......... .......... 86%  257K 1s
  1200K .......... .......... .......... .......... .......... 90%  278K 1s
  1250K .......... .......... .......... .......... .......... 93% 3,35M 0s
  1300K .......... .......... .......... .......... .......... 97%  275K 0s
  1350K .......... .......... .......... ........             100% 10,0M=5,9s

2018-12-09 13:00:59 (237 KB/s) - 'kplr002017981-2010078095331_llc_lc.tbl' saved [1421625/1421625]

--2018-12-09 13:00:59--  http://exoplanetarchive.ipac.caltech.edu/data/ETSS//Kepler/005/179/18/kplr002017981-2010174085026_llc.fits
Resolving exoplanetarchive.ipac.caltech.edu (exoplanetarchive.ipac.caltech.edu)... 134.4.54.147
Connecting to exoplanetarchive.ipac.caltech.edu (exoplanetarchive.ipac.caltech.edu)|134.4.54.147|:80... connected.
HTTP request sent, awaiting response... 302 Found
Location: https://exoplanetarchive.ipac.caltech.edu/data/ETSS//Kepler/005/179/18/kplr002017981-2010174085026_llc.fits [following]
--2018-12-09 13:00:59--  https://exoplanetarchive.ipac.caltech.edu/data/ETSS//Kepler/005/179/18/kplr002017981-2010174085026_llc.fits
Connecting to exoplanetarchive.ipac.caltech.edu (exoplanetarchive.ipac.caltech.edu)|134.4.54.147|:443... connected.
HTTP request sent, awaiting response... 200 OK
Length: 492480 (481K) [image/x-fits]
Saving to: 'kplr002017981-2010174085026_llc.fits'

     0K .......... .......... .......... .......... .......... 10% 43,0K 10s
    50K .......... .......... .......... .......... .......... 20% 86,9K 7s
   100K .......... .......... .......... .......... .......... 31%  127K 5s
   150K .......... .......... .......... .......... .......... 41%  129K 4s
   200K .......... .......... .......... .......... .......... 51%  130K 3s
   250K .......... .......... .......... .......... .......... 62%  130K 2s
   300K .......... .......... .......... .......... .......... 72%  249K 1s
   350K .......... .......... .......... .......... .......... 83%  258K 1s
   400K .......... .......... .......... .......... .......... 93%  130K 0s
   450K .......... .......... ..........                      100% 5,02M=4,1s

2018-12-09 13:01:05 (118 KB/s) - 'kplr002017981-2010174085026_llc.fits' saved [492480/492480]

--2018-12-09 13:01:05--  http://exoplanetarchive.ipac.caltech.edu/data/ETSS//Kepler/005/195/82/kplr002017981-2010174085026_llc_lc.tbl
Resolving exoplanetarchive.ipac.caltech.edu (exoplanetarchive.ipac.caltech.edu)... 134.4.54.147
Connecting to exoplanetarchive.ipac.caltech.edu (exoplanetarchive.ipac.caltech.edu)|134.4.54.147|:80... connected.
HTTP request sent, awaiting response... 302 Found
Location: https://exoplanetarchive.ipac.caltech.edu/data/ETSS//Kepler/005/195/82/kplr002017981-2010174085026_llc_lc.tbl [following]
--2018-12-09 13:01:05--  https://exoplanetarchive.ipac.caltech.edu/data/ETSS//Kepler/005/195/82/kplr002017981-2010174085026_llc_lc.tbl
Connecting to exoplanetarchive.ipac.caltech.edu (exoplanetarchive.ipac.caltech.edu)|134.4.54.147|:443... connected.
HTTP request sent, awaiting response... 200 OK
Length: 1497960 (1,4M) [text/plain]
Saving to: 'kplr002017981-2010174085026_llc_lc.tbl'

     0K .......... .......... .......... .......... ..........  3% 43,2K 33s
    50K .......... .......... .......... .......... ..........  6% 36,0K 35s
   100K .......... .......... .......... .......... .......... 10% 52,3K 31s
   150K .......... .......... .......... .......... .......... 13% 84,0K 26s
   200K .......... .......... .......... .......... .......... 17%  130K 22s
   250K .......... .......... .......... .......... .......... 20%  130K 19s
   300K .......... .......... .......... .......... .......... 23% 1,62K 1m54s
   350K .......... .......... .......... .......... .......... 27% 51,9K 98s
   400K .......... .......... .......... .......... .......... 30% 64,2K 84s
   450K .......... .......... .......... .......... .......... 34%  130K 73s
   500K .......... .......... .......... .......... .......... 37%  130K 63s
   550K .......... .......... .......... .......... .......... 41%  205K 55s
   600K .......... .......... .......... .......... .......... 44%  144K 49s
   650K .......... .......... .......... .......... .......... 47%  259K 43s
   700K .......... .......... .......... .......... .......... 51%  259K 37s
   750K .......... .......... .......... .......... .......... 54%  254K 33s
   800K .......... .......... .......... .......... .......... 58%  132K 29s
   850K .......... .......... .......... .......... .......... 61%  260K 25s
   900K .......... .......... .......... .......... .......... 64%  260K 22s
   950K .......... .......... .......... .......... .......... 68%  259K 19s
  1000K .......... .......... .......... .......... .......... 71%  258K 16s
  1050K .......... .......... .......... .......... .......... 75%  265K 13s
  1100K .......... .......... .......... .......... .......... 78% 2,86M 11s
  1150K .......... .......... .......... .......... .......... 82%  235K 9s
  1200K .......... .......... .......... .......... .......... 85%  284K 7s
  1250K .......... .......... .......... .......... .......... 88%  290K 5s
  1300K .......... .......... .......... .......... .......... 92%  261K 3s
  1350K .......... .......... .......... .......... .......... 95% 1,80M 2s
  1400K .......... .......... .......... .......... .......... 99%  263K 0s
  1450K .......... ..                                         100% 7,97M=42s

2018-12-09 13:01:48 (35,0 KB/s) - 'kplr002017981-2010174085026_llc_lc.tbl' saved [1497960/1497960]

--2018-12-09 13:01:48--  http://exoplanetarchive.ipac.caltech.edu/data/ETSS//Kepler/005/378/98/kplr002017981-2010265121752_llc.fits
Resolving exoplanetarchive.ipac.caltech.edu (exoplanetarchive.ipac.caltech.edu)... 134.4.54.147
Connecting to exoplanetarchive.ipac.caltech.edu (exoplanetarchive.ipac.caltech.edu)|134.4.54.147|:80... connected.
HTTP request sent, awaiting response... 302 Found
Location: https://exoplanetarchive.ipac.caltech.edu/data/ETSS//Kepler/005/378/98/kplr002017981-2010265121752_llc.fits [following]
--2018-12-09 13:01:48--  https://exoplanetarchive.ipac.caltech.edu/data/ETSS//Kepler/005/378/98/kplr002017981-2010265121752_llc.fits
Connecting to exoplanetarchive.ipac.caltech.edu (exoplanetarchive.ipac.caltech.edu)|134.4.54.147|:443... connected.
HTTP request sent, awaiting response... 200 OK
Length: 469440 (458K) [image/x-fits]
Saving to: 'kplr002017981-2010265121752_llc.fits'

     0K .......... .......... .......... .......... .......... 10% 43,1K 9s
    50K .......... .......... .......... .......... .......... 21%  116K 6s
   100K .......... .......... .......... .......... .......... 32%  143K 4s
   150K .......... .......... .......... .......... .......... 43%  129K 3s
   200K .......... .......... .......... .......... .......... 54%  252K 2s
   250K .......... .......... .......... .......... .......... 65%  129K 2s
   300K .......... .......... .......... .......... .......... 76%  255K 1s
   350K .......... .......... .......... .......... .......... 87%  125K 1s
   400K .......... .......... .......... .......... .......... 98%  250K 0s
   450K ........                                              100% 14,9M=3,7s

2018-12-09 13:01:53 (123 KB/s) - 'kplr002017981-2010265121752_llc.fits' saved [469440/469440]

--2018-12-09 13:01:53--  http://exoplanetarchive.ipac.caltech.edu/data/ETSS//Kepler/005/395/51/kplr002017981-2010265121752_llc_lc.tbl
Resolving exoplanetarchive.ipac.caltech.edu (exoplanetarchive.ipac.caltech.edu)... 134.4.54.147
Connecting to exoplanetarchive.ipac.caltech.edu (exoplanetarchive.ipac.caltech.edu)|134.4.54.147|:80... connected.
HTTP request sent, awaiting response... 302 Found
Location: https://exoplanetarchive.ipac.caltech.edu/data/ETSS//Kepler/005/395/51/kplr002017981-2010265121752_llc_lc.tbl [following]
--2018-12-09 13:01:54--  https://exoplanetarchive.ipac.caltech.edu/data/ETSS//Kepler/005/395/51/kplr002017981-2010265121752_llc_lc.tbl
Connecting to exoplanetarchive.ipac.caltech.edu (exoplanetarchive.ipac.caltech.edu)|134.4.54.147|:443... connected.
HTTP request sent, awaiting response... 200 OK
Length: 1421947 (1,4M) [text/plain]
Saving to: 'kplr002017981-2010265121752_llc_lc.tbl'

     0K .......... .......... .......... .......... ..........  3% 42,9K 31s
    50K .......... .......... .......... .......... ..........  7% 85,9K 23s
   100K .......... .......... .......... .......... .......... 10%  128K 18s
   150K .......... .......... .......... .......... .......... 14%  130K 15s
   200K .......... .......... .......... .......... .......... 18%  249K 12s
   250K .......... .......... .......... .......... .......... 21%  129K 11s
   300K .......... .......... .......... .......... .......... 25%  251K 10s
   350K .......... .......... .......... .......... .......... 28%  126K 9s
   400K .......... .......... .......... .......... .......... 32%  127K 9s
   450K .......... .......... .......... .......... .......... 36% 1,96M 7s
   500K .......... .......... .......... .......... .......... 39%  138K 7s
   550K .......... .......... .......... .......... .......... 43% 2,89M 6s
   600K .......... .......... .......... .......... .......... 46%  254K 5s
   650K .......... .......... .......... .......... .......... 50%  265K 5s
   700K .......... .......... .......... .......... .......... 54% 3,82M 4s
   750K .......... .......... .......... .......... .......... 57%  259K 4s
   800K .......... .......... .......... .......... .......... 61%  254K 3s
   850K .......... .......... .......... .......... .......... 64%  254K 3s
   900K .......... .......... .......... .......... .......... 68% 5,50M 3s
   950K .......... .......... .......... .......... .......... 72%  261K 2s
  1000K .......... .......... .......... .......... .......... 75% 5,31M 2s
  1050K .......... .......... .......... .......... .......... 79%  263K 2s
  1100K .......... .......... .......... .......... .......... 82% 3,37M 1s
  1150K .......... .......... .......... .......... .......... 86%  258K 1s
  1200K .......... .......... .......... .......... .......... 90%  284K 1s
  1250K .......... .......... .......... .......... .......... 93% 1,71M 0s
  1300K .......... .......... .......... .......... .......... 97% 2,92M 0s
  1350K .......... .......... .......... ........             100%  223K=6,5s

2018-12-09 13:02:01 (214 KB/s) - 'kplr002017981-2010265121752_llc_lc.tbl' saved [1421947/1421947]

--2018-12-09 13:02:01--  http://exoplanetarchive.ipac.caltech.edu/data/ETSS//Kepler/005/278/85/kplr002017981-2010355172524_llc.fits
Resolving exoplanetarchive.ipac.caltech.edu (exoplanetarchive.ipac.caltech.edu)... 134.4.54.147
Connecting to exoplanetarchive.ipac.caltech.edu (exoplanetarchive.ipac.caltech.edu)|134.4.54.147|:80... connected.
HTTP request sent, awaiting response... 302 Found
Location: https://exoplanetarchive.ipac.caltech.edu/data/ETSS//Kepler/005/278/85/kplr002017981-2010355172524_llc.fits [following]
--2018-12-09 13:02:02--  https://exoplanetarchive.ipac.caltech.edu/data/ETSS//Kepler/005/278/85/kplr002017981-2010355172524_llc.fits
Connecting to exoplanetarchive.ipac.caltech.edu (exoplanetarchive.ipac.caltech.edu)|134.4.54.147|:443... connected.
HTTP request sent, awaiting response... 200 OK
Length: 466560 (456K) [image/x-fits]
Saving to: 'kplr002017981-2010355172524_llc.fits'

     0K .......... .......... .......... .......... .......... 10% 42,6K 10s
    50K .......... .......... .......... .......... .......... 21% 85,7K 6s
   100K .......... .......... .......... .......... .......... 32%  128K 4s
   150K .......... .......... .......... .......... .......... 43%  250K 3s
   200K .......... .......... .......... .......... .......... 54%  131K 2s
   250K .......... .......... .......... .......... .......... 65%  256K 2s
   300K .......... .......... .......... .......... .......... 76%  128K 1s
   350K .......... .......... .......... .......... .......... 87%  250K 0s
   400K .......... .......... .......... .......... .......... 98%  256K 0s
   450K .....                                                 100% 36,6G=3,7s

2018-12-09 13:02:07 (123 KB/s) - 'kplr002017981-2010355172524_llc.fits' saved [466560/466560]

--2018-12-09 13:02:07--  http://exoplanetarchive.ipac.caltech.edu/data/ETSS//Kepler/005/295/19/kplr002017981-2010355172524_llc_lc.tbl
Resolving exoplanetarchive.ipac.caltech.edu (exoplanetarchive.ipac.caltech.edu)... 134.4.54.147
Connecting to exoplanetarchive.ipac.caltech.edu (exoplanetarchive.ipac.caltech.edu)|134.4.54.147|:80... connected.
HTTP request sent, awaiting response... 302 Found
Location: https://exoplanetarchive.ipac.caltech.edu/data/ETSS//Kepler/005/295/19/kplr002017981-2010355172524_llc_lc.tbl [following]
--2018-12-09 13:02:07--  https://exoplanetarchive.ipac.caltech.edu/data/ETSS//Kepler/005/295/19/kplr002017981-2010355172524_llc_lc.tbl
Connecting to exoplanetarchive.ipac.caltech.edu (exoplanetarchive.ipac.caltech.edu)|134.4.54.147|:443... connected.
HTTP request sent, awaiting response... 200 OK
Length: 1414526 (1,3M) [text/plain]
Saving to: 'kplr002017981-2010355172524_llc_lc.tbl'

     0K .......... .......... .......... .......... ..........  3% 42,7K 31s
    50K .......... .......... .......... .......... ..........  7% 84,2K 23s
   100K .......... .......... .......... .......... .......... 10%  126K 18s
   150K .......... .......... .......... .......... .......... 14%  125K 15s
   200K .......... .......... .......... .......... .......... 18%  126K 13s
   250K .......... .......... .......... .......... .......... 21%  129K 12s
   300K .......... .......... .......... .......... .......... 25%  127K 11s
   350K .......... .......... .......... .......... .......... 28% 64,2K 11s
   400K .......... .......... .......... .......... .......... 32% 64,2K 11s
   450K .......... .......... .......... .......... .......... 36% 85,8K 10s
   500K .......... .......... .......... .......... .......... 39%  128K 9s
   550K .......... .......... .......... .......... .......... 43% 85,9K 9s
   600K .......... .......... .......... .......... .......... 47%  126K 8s
   650K .......... .......... .......... .......... .......... 50% 85,5K 8s
   700K .......... .......... .......... .......... .......... 54%  129K 7s
   750K .......... .......... .......... .......... .......... 57%  129K 6s
   800K .......... .......... .......... .......... .......... 61% 85,0K 6s
   850K .......... .......... .......... .......... .......... 65%  127K 5s
   900K .......... .......... .......... .......... .......... 68%  129K 5s
   950K .......... .......... .......... .......... .......... 72%  129K 4s
  1000K .......... .......... .......... .......... .......... 76%  129K 3s
  1050K .......... .......... .......... .......... .......... 79%  129K 3s
  1100K .......... .......... .......... .......... .......... 83%  125K 2s
  1150K .......... .......... .......... .......... .......... 86%  234K 2s
  1200K .......... .......... .......... .......... .......... 90% 52,1K 1s
  1250K .......... .......... .......... .......... .......... 94%  112K 1s
  1300K .......... .......... .......... .......... .......... 97%  125K 0s
  1350K .......... .......... .......... .                    100%  168K=14s

2018-12-09 13:02:22 (100 KB/s) - 'kplr002017981-2010355172524_llc_lc.tbl' saved [1414526/1414526]

--2018-12-09 13:02:22--  http://exoplanetarchive.ipac.caltech.edu/data/ETSS//Kepler/005/412/05/kplr002017981-2011073133259_llc.fits
Resolving exoplanetarchive.ipac.caltech.edu (exoplanetarchive.ipac.caltech.edu)... 134.4.54.147
Connecting to exoplanetarchive.ipac.caltech.edu (exoplanetarchive.ipac.caltech.edu)|134.4.54.147|:80... connected.
HTTP request sent, awaiting response... 302 Found
Location: https://exoplanetarchive.ipac.caltech.edu/data/ETSS//Kepler/005/412/05/kplr002017981-2011073133259_llc.fits [following]
--2018-12-09 13:02:22--  https://exoplanetarchive.ipac.caltech.edu/data/ETSS//Kepler/005/412/05/kplr002017981-2011073133259_llc.fits
Connecting to exoplanetarchive.ipac.caltech.edu (exoplanetarchive.ipac.caltech.edu)|134.4.54.147|:443... connected.
HTTP request sent, awaiting response... 200 OK
Length: 357120 (349K) [image/x-fits]
Saving to: 'kplr002017981-2011073133259_llc.fits'

     0K .......... .......... .......... .......... .......... 14% 40,2K 7s
    50K .......... .......... .......... .......... .......... 28% 99,1K 4s
   100K .......... .......... .......... .......... .......... 43%  126K 3s
   150K .......... .......... .......... .......... .......... 57% 85,8K 2s
   200K .......... .......... .......... .......... .......... 71%  249K 1s
   250K .......... .......... .......... .......... .......... 86%  130K 1s
   300K .......... .......... .......... .......... ........  100%  246K=3,5s

2018-12-09 13:02:27 (99,2 KB/s) - 'kplr002017981-2011073133259_llc.fits' saved [357120/357120]

--2018-12-09 13:02:27--  http://exoplanetarchive.ipac.caltech.edu/data/ETSS//Kepler/005/428/83/kplr002017981-2011073133259_llc_lc.tbl
Resolving exoplanetarchive.ipac.caltech.edu (exoplanetarchive.ipac.caltech.edu)... 134.4.54.147
Connecting to exoplanetarchive.ipac.caltech.edu (exoplanetarchive.ipac.caltech.edu)|134.4.54.147|:80... connected.
HTTP request sent, awaiting response... 302 Found
Location: https://exoplanetarchive.ipac.caltech.edu/data/ETSS//Kepler/005/428/83/kplr002017981-2011073133259_llc_lc.tbl [following]
--2018-12-09 13:02:27--  https://exoplanetarchive.ipac.caltech.edu/data/ETSS//Kepler/005/428/83/kplr002017981-2011073133259_llc_lc.tbl
Connecting to exoplanetarchive.ipac.caltech.edu (exoplanetarchive.ipac.caltech.edu)|134.4.54.147|:443... connected.
HTTP request sent, awaiting response... 200 OK
Length: 1061645 (1,0M) [text/plain]
Saving to: 'kplr002017981-2011073133259_llc_lc.tbl'

     0K .......... .......... .......... .......... ..........  4% 42,9K 23s
    50K .......... .......... .......... .......... ..........  9%  127K 15s
   100K .......... .......... .......... .......... .......... 14%  127K 12s
   150K .......... .......... .......... .......... .......... 19%  128K 10s
   200K .......... .......... .......... .......... .......... 24%  256K 8s
   250K .......... .......... .......... .......... .......... 28%  130K 7s
   300K .......... .......... .......... .......... .......... 33%  254K 6s
   350K .......... .......... .......... .......... .......... 38%  128K 6s
   400K .......... .......... .......... .......... .......... 43%  254K 5s
   450K .......... .......... .......... .......... .......... 48%  256K 4s
   500K .......... .......... .......... .......... .......... 53%  259K 4s
   550K .......... .......... .......... .......... .......... 57%  257K 3s
   600K .......... .......... .......... .......... .......... 62%  154K 3s
   650K .......... .......... .......... .......... .......... 67%  677K 2s
   700K .......... .......... .......... .......... .......... 72% 10,4M 2s
   750K .......... .......... .......... .......... .......... 77%  230K 1s
   800K .......... .......... .......... .......... .......... 81%  308K 1s
   850K .......... .......... .......... .......... .......... 86%  260K 1s
   900K .......... .......... .......... .......... .......... 91% 10,5M 0s
   950K .......... .......... .......... .......... .......... 96%  262K 0s
  1000K .......... .......... .......... ......               100% 6,25M=5,5s

2018-12-09 13:02:34 (190 KB/s) - 'kplr002017981-2011073133259_llc_lc.tbl' saved [1061645/1061645]

--2018-12-09 13:02:34--  http://exoplanetarchive.ipac.caltech.edu/data/ETSS//Kepler/005/311/53/kplr002017981-2011177032512_llc.fits
Resolving exoplanetarchive.ipac.caltech.edu (exoplanetarchive.ipac.caltech.edu)... 134.4.54.147
Connecting to exoplanetarchive.ipac.caltech.edu (exoplanetarchive.ipac.caltech.edu)|134.4.54.147|:80... connected.
HTTP request sent, awaiting response... 302 Found
Location: https://exoplanetarchive.ipac.caltech.edu/data/ETSS//Kepler/005/311/53/kplr002017981-2011177032512_llc.fits [following]
--2018-12-09 13:02:35--  https://exoplanetarchive.ipac.caltech.edu/data/ETSS//Kepler/005/311/53/kplr002017981-2011177032512_llc.fits
Connecting to exoplanetarchive.ipac.caltech.edu (exoplanetarchive.ipac.caltech.edu)|134.4.54.147|:443... connected.
HTTP request sent, awaiting response... 200 OK
Length: 506880 (495K) [image/x-fits]
Saving to: 'kplr002017981-2011177032512_llc.fits'

     0K .......... .......... .......... .......... .......... 10% 42,6K 10s
    50K .......... .......... .......... .......... .......... 20% 85,3K 7s
   100K .......... .......... .......... .......... .......... 30%  211K 5s
   150K .......... .......... .......... .......... .......... 40%  130K 4s
   200K .......... .......... .......... .......... .......... 50%  254K 3s
   250K .......... .......... .......... .......... .......... 60%  128K 2s
   300K .......... .......... .......... .......... .......... 70%  251K 1s
   350K .......... .......... .......... .......... .......... 80%  128K 1s
   400K .......... .......... .......... .......... .......... 90%  254K 0s
   450K .......... .......... .......... .......... .....     100%  235K=3,9s

2018-12-09 13:02:40 (125 KB/s) - 'kplr002017981-2011177032512_llc.fits' saved [506880/506880]

--2018-12-09 13:02:40--  http://exoplanetarchive.ipac.caltech.edu/data/ETSS//Kepler/005/328/26/kplr002017981-2011177032512_llc_lc.tbl
Resolving exoplanetarchive.ipac.caltech.edu (exoplanetarchive.ipac.caltech.edu)... 134.4.54.147
Connecting to exoplanetarchive.ipac.caltech.edu (exoplanetarchive.ipac.caltech.edu)|134.4.54.147|:80... connected.
HTTP request sent, awaiting response... 302 Found
Location: https://exoplanetarchive.ipac.caltech.edu/data/ETSS//Kepler/005/328/26/kplr002017981-2011177032512_llc_lc.tbl [following]
--2018-12-09 13:02:40--  https://exoplanetarchive.ipac.caltech.edu/data/ETSS//Kepler/005/328/26/kplr002017981-2011177032512_llc_lc.tbl
Connecting to exoplanetarchive.ipac.caltech.edu (exoplanetarchive.ipac.caltech.edu)|134.4.54.147|:443... connected.
HTTP request sent, awaiting response... 200 OK
Length: 1541087 (1,5M) [text/plain]
Saving to: 'kplr002017981-2011177032512_llc_lc.tbl'

     0K .......... .......... .......... .......... ..........  3% 42,1K 35s
    50K .......... .......... .......... .......... ..........  6% 85,1K 25s
   100K .......... .......... .......... .......... ..........  9%  126K 20s
   150K .......... .......... .......... .......... .......... 13%  127K 17s
   200K .......... .......... .......... .......... .......... 16%  126K 15s
   250K .......... .......... .......... .......... .......... 19%  256K 13s
   300K .......... .......... .......... .......... .......... 23%  126K 12s
   350K .......... .......... .......... .......... .......... 26%  265K 10s
   400K .......... .......... .......... .......... .......... 29%  251K 9s
   450K .......... .......... .......... .......... .......... 33%  257K 8s
   500K .......... .......... .......... .......... .......... 36%  262K 8s
   550K .......... .......... .......... .......... .......... 39%  256K 7s
   600K .......... .......... .......... .......... .......... 43%  256K 6s
   650K .......... .......... .......... .......... .......... 46%  255K 6s
   700K .......... .......... .......... .......... .......... 49% 8,46M 5s
   750K .......... .......... .......... .......... .......... 53%  262K 5s
   800K .......... .......... .......... .......... .......... 56%  256K 4s
   850K .......... .......... .......... .......... .......... 59%  254K 4s
   900K .......... .......... .......... .......... .......... 63%  262K 3s
   950K .......... .......... .......... .......... .......... 66% 7,10M 3s
  1000K .......... .......... .......... .......... .......... 69%  261K 3s
  1050K .......... .......... .......... .......... .......... 73%  256K 2s
  1100K .......... .......... .......... .......... .......... 76% 11,7M 2s
  1150K .......... .......... .......... .......... .......... 79%  259K 2s
  1200K .......... .......... .......... .......... .......... 83% 9,08M 1s
  1250K .......... .......... .......... .......... .......... 86%  254K 1s
  1300K .......... .......... .......... .......... .......... 89% 10,8M 1s
  1350K .......... .......... .......... .......... .......... 93%  259K 1s
  1400K .......... .......... .......... .......... .......... 96% 11,0M 0s
  1450K .......... .......... .......... .......... .......... 99%  258K 0s
  1500K ....                                                  100% 19,1M=6,9s

2018-12-09 13:02:48 (219 KB/s) - 'kplr002017981-2011177032512_llc_lc.tbl' saved [1541087/1541087]

--2018-12-09 13:02:48--  http://exoplanetarchive.ipac.caltech.edu/data/ETSS//Kepler/005/445/62/kplr002017981-2011271113734_llc.fits
Resolving exoplanetarchive.ipac.caltech.edu (exoplanetarchive.ipac.caltech.edu)... 134.4.54.147
Connecting to exoplanetarchive.ipac.caltech.edu (exoplanetarchive.ipac.caltech.edu)|134.4.54.147|:80... connected.
HTTP request sent, awaiting response... 302 Found
Location: https://exoplanetarchive.ipac.caltech.edu/data/ETSS//Kepler/005/445/62/kplr002017981-2011271113734_llc.fits [following]
--2018-12-09 13:02:48--  https://exoplanetarchive.ipac.caltech.edu/data/ETSS//Kepler/005/445/62/kplr002017981-2011271113734_llc.fits
Connecting to exoplanetarchive.ipac.caltech.edu (exoplanetarchive.ipac.caltech.edu)|134.4.54.147|:443... connected.
HTTP request sent, awaiting response... 200 OK
Length: 486720 (475K) [image/x-fits]
Saving to: 'kplr002017981-2011271113734_llc.fits'

     0K .......... .......... .......... .......... .......... 10% 42,6K 10s
    50K .......... .......... .......... .......... .......... 21%  127K 6s
   100K .......... .......... .......... .......... .......... 31% 83,9K 5s
   150K .......... .......... .......... .......... .......... 42%  253K 3s
   200K .......... .......... .......... .......... .......... 52%  127K 2s
   250K .......... .......... .......... .......... .......... 63%  250K 2s
   300K .......... .......... .......... .......... .......... 73%  129K 1s
   350K .......... .......... .......... .......... .......... 84%  252K 1s
   400K .......... .......... .......... .......... .......... 94%  129K 0s
   450K .......... .......... .....                           100% 12,3M=3,9s

2018-12-09 13:02:53 (121 KB/s) - 'kplr002017981-2011271113734_llc.fits' saved [486720/486720]

--2018-12-09 13:02:54--  http://exoplanetarchive.ipac.caltech.edu/data/ETSS//Kepler/005/462/32/kplr002017981-2011271113734_llc_lc.tbl
Resolving exoplanetarchive.ipac.caltech.edu (exoplanetarchive.ipac.caltech.edu)... 134.4.54.147
Connecting to exoplanetarchive.ipac.caltech.edu (exoplanetarchive.ipac.caltech.edu)|134.4.54.147|:80... connected.
HTTP request sent, awaiting response... 302 Found
Location: https://exoplanetarchive.ipac.caltech.edu/data/ETSS//Kepler/005/462/32/kplr002017981-2011271113734_llc_lc.tbl [following]
--2018-12-09 13:02:54--  https://exoplanetarchive.ipac.caltech.edu/data/ETSS//Kepler/005/462/32/kplr002017981-2011271113734_llc_lc.tbl
Connecting to exoplanetarchive.ipac.caltech.edu (exoplanetarchive.ipac.caltech.edu)|134.4.54.147|:443... connected.
HTTP request sent, awaiting response... 200 OK
Length: 1478302 (1,4M) [text/plain]
Saving to: 'kplr002017981-2011271113734_llc_lc.tbl'

     0K .......... .......... .......... .......... ..........  3% 43,0K 32s
    50K .......... .......... .......... .......... ..........  6% 86,3K 23s
   100K .......... .......... .......... .......... .......... 10%  128K 18s
   150K .......... .......... .......... .......... .......... 13%  240K 15s
   200K .......... .......... .......... .......... .......... 17%  124K 13s
   250K .......... .......... .......... .......... .......... 20%  276K 11s
   300K .......... .......... .......... .......... .......... 24%  128K 10s
   350K .......... .......... .......... .......... .......... 27%  256K 9s
   400K .......... .......... .......... .......... .......... 31%  257K 8s
   450K .......... .......... .......... .......... .......... 34%  248K 7s
   500K .......... .......... .......... .......... .......... 38% 5,64M 6s
   550K .......... .......... .......... .......... .......... 41%  256K 6s
   600K .......... .......... .......... .......... .......... 45%  236K 5s
   650K .......... .......... .......... .......... .......... 48%  285K 5s
   700K .......... .......... .......... .......... .......... 51% 10,8M 4s
   750K .......... .......... .......... .......... .......... 55%  253K 4s
   800K .......... .......... .......... .......... .......... 58%  265K 3s
   850K .......... .......... .......... .......... .......... 62%  246K 3s
   900K .......... .......... .......... .......... .......... 65%  248K 3s
   950K .......... .......... .......... .......... .......... 69% 1,59M 2s
  1000K .......... .......... .......... .......... .......... 72%  345K 2s
  1050K .......... .......... .......... .......... .......... 76% 5,57M 2s
  1100K .......... .......... .......... .......... .......... 79%  263K 1s
  1150K .......... .......... .......... .......... .......... 83%  246K 1s
  1200K .......... .......... .......... .......... .......... 86% 8,52M 1s
  1250K .......... .......... .......... .......... .......... 90% 52,2K 1s
  1300K .......... .......... .......... .......... .......... 93% 86,4K 1s
  1350K .......... .......... .......... .......... .......... 96% 83,1K 0s
  1400K .......... .......... .......... .......... ...       100%  118K=8,4s

2018-12-09 13:03:04 (172 KB/s) - 'kplr002017981-2011271113734_llc_lc.tbl' saved [1478302/1478302]

--2018-12-09 13:03:04--  http://exoplanetarchive.ipac.caltech.edu/data/ETSS//Kepler/005/479/02/kplr002017981-2012004120508_llc.fits
Resolving exoplanetarchive.ipac.caltech.edu (exoplanetarchive.ipac.caltech.edu)... 134.4.54.147
Connecting to exoplanetarchive.ipac.caltech.edu (exoplanetarchive.ipac.caltech.edu)|134.4.54.147|:80... connected.
HTTP request sent, awaiting response... 302 Found
Location: https://exoplanetarchive.ipac.caltech.edu/data/ETSS//Kepler/005/479/02/kplr002017981-2012004120508_llc.fits [following]
--2018-12-09 13:03:04--  https://exoplanetarchive.ipac.caltech.edu/data/ETSS//Kepler/005/479/02/kplr002017981-2012004120508_llc.fits
Connecting to exoplanetarchive.ipac.caltech.edu (exoplanetarchive.ipac.caltech.edu)|134.4.54.147|:443... connected.
HTTP request sent, awaiting response... 200 OK
Length: 506880 (495K) [image/x-fits]
Saving to: 'kplr002017981-2012004120508_llc.fits'

     0K .......... .......... .......... .......... .......... 10% 42,6K 10s
    50K .......... .......... .......... .......... .......... 20% 85,9K 7s
   100K .......... .......... .......... .......... .......... 30%  129K 5s
   150K .......... .......... .......... .......... .......... 40% 85,9K 4s
   200K .......... .......... .......... .......... .......... 50%  242K 3s
   250K .......... .......... .......... .......... .......... 60%  252K 2s
   300K .......... .......... .......... .......... .......... 70%  129K 1s
   350K .......... .......... .......... .......... .......... 80%  249K 1s
   400K .......... .......... .......... .......... .......... 90%  258K 0s
   450K .......... .......... .......... .......... .....     100%  233K=4,1s

2018-12-09 13:03:09 (121 KB/s) - 'kplr002017981-2012004120508_llc.fits' saved [506880/506880]

--2018-12-09 13:03:10--  http://exoplanetarchive.ipac.caltech.edu/data/ETSS//Kepler/005/495/43/kplr002017981-2012004120508_llc_lc.tbl
Resolving exoplanetarchive.ipac.caltech.edu (exoplanetarchive.ipac.caltech.edu)... 134.4.54.147
Connecting to exoplanetarchive.ipac.caltech.edu (exoplanetarchive.ipac.caltech.edu)|134.4.54.147|:80... connected.
HTTP request sent, awaiting response... 302 Found
Location: https://exoplanetarchive.ipac.caltech.edu/data/ETSS//Kepler/005/495/43/kplr002017981-2012004120508_llc_lc.tbl [following]
--2018-12-09 13:03:10--  https://exoplanetarchive.ipac.caltech.edu/data/ETSS//Kepler/005/495/43/kplr002017981-2012004120508_llc_lc.tbl
Connecting to exoplanetarchive.ipac.caltech.edu (exoplanetarchive.ipac.caltech.edu)|134.4.54.147|:443... connected.
HTTP request sent, awaiting response... 200 OK
Length: 1536586 (1,5M) [text/plain]
Saving to: 'kplr002017981-2012004120508_llc_lc.tbl'

     0K .......... .......... .......... .......... ..........  3% 42,5K 34s
    50K .......... .......... .......... .......... ..........  6% 85,7K 25s
   100K .......... .......... .......... .......... ..........  9%  129K 19s
   150K .......... .......... .......... .......... .......... 13%  250K 15s
   200K .......... .......... .......... .......... .......... 16%  130K 14s
   250K .......... .......... .......... .......... .......... 19%  253K 12s
   300K .......... .......... .......... .......... .......... 23%  129K 11s
   350K .......... .......... .......... .......... .......... 26%  257K 10s
   400K .......... .......... .......... .......... .......... 29%  249K 9s
   450K .......... .......... .......... .......... .......... 33%  257K 8s
   500K .......... .......... .......... .......... .......... 36%  246K 7s
   550K .......... .......... .......... .......... .......... 39%  248K 6s
   600K .......... .......... .......... .......... .......... 43%  277K 6s
   650K .......... .......... .......... .......... .......... 46% 2,31M 5s
   700K .......... .......... .......... .......... .......... 49%  258K 5s
   750K .......... .......... .......... .......... .......... 53%  255K 4s
   800K .......... .......... .......... .......... .......... 56%  254K 4s
   850K .......... .......... .......... .......... .......... 59% 11,1M 3s
   900K .......... .......... .......... .......... .......... 63%  259K 3s
   950K .......... .......... .......... .......... .......... 66%  255K 3s
  1000K .......... .......... .......... .......... .......... 69%  262K 2s
  1050K .......... .......... .......... .......... .......... 73% 3,99M 2s
  1100K .......... .......... .......... .......... .......... 76%  267K 2s
  1150K .......... .......... .......... .......... .......... 79% 3,65M 1s
  1200K .......... .......... .......... .......... .......... 83%  272K 1s
  1250K .......... .......... .......... .......... .......... 86% 2,53M 1s
  1300K .......... .......... .......... .......... .......... 89%  279K 1s
  1350K .......... .......... .......... .......... .......... 93% 3,12M 0s
  1400K .......... .......... .......... .......... .......... 96%  277K 0s
  1450K .......... .......... .......... .......... .......... 99% 2,65M 0s
  1500K                                                       100% 3,72G=6,5s

2018-12-09 13:03:18 (231 KB/s) - 'kplr002017981-2012004120508_llc_lc.tbl' saved [1536586/1536586]

--2018-12-09 13:03:18--  http://exoplanetarchive.ipac.caltech.edu/data/ETSS//Kepler/005/511/84/kplr002017981-2012088054726_llc.fits
Resolving exoplanetarchive.ipac.caltech.edu (exoplanetarchive.ipac.caltech.edu)... 134.4.54.147
Connecting to exoplanetarchive.ipac.caltech.edu (exoplanetarchive.ipac.caltech.edu)|134.4.54.147|:80... connected.
HTTP request sent, awaiting response... 302 Found
Location: https://exoplanetarchive.ipac.caltech.edu/data/ETSS//Kepler/005/511/84/kplr002017981-2012088054726_llc.fits [following]
--2018-12-09 13:03:18--  https://exoplanetarchive.ipac.caltech.edu/data/ETSS//Kepler/005/511/84/kplr002017981-2012088054726_llc.fits
Connecting to exoplanetarchive.ipac.caltech.edu (exoplanetarchive.ipac.caltech.edu)|134.4.54.147|:443... connected.
HTTP request sent, awaiting response... 200 OK
Length: 434880 (425K) [image/x-fits]
Saving to: 'kplr002017981-2012088054726_llc.fits'

     0K .......... .......... .......... .......... .......... 11% 42,7K 9s
    50K .......... .......... .......... .......... .......... 23% 86,0K 6s
   100K .......... .......... .......... .......... .......... 35%  128K 4s
   150K .......... .......... .......... .......... .......... 47%  129K 3s
   200K .......... .......... .......... .......... .......... 58%  257K 2s
   250K .......... .......... .......... .......... .......... 70%  129K 1s
   300K .......... .......... .......... .......... .......... 82%  258K 1s
   350K .......... .......... .......... .......... .......... 94%  247K 0s
   400K .......... .......... ....                            100%  135K=3,7s

2018-12-09 13:03:23 (115 KB/s) - 'kplr002017981-2012088054726_llc.fits' saved [434880/434880]

--2018-12-09 13:03:23--  http://exoplanetarchive.ipac.caltech.edu/data/ETSS//Kepler/005/528/54/kplr002017981-2012088054726_llc_lc.tbl
Resolving exoplanetarchive.ipac.caltech.edu (exoplanetarchive.ipac.caltech.edu)... 134.4.54.147
Connecting to exoplanetarchive.ipac.caltech.edu (exoplanetarchive.ipac.caltech.edu)|134.4.54.147|:80... connected.
HTTP request sent, awaiting response... 302 Found
Location: https://exoplanetarchive.ipac.caltech.edu/data/ETSS//Kepler/005/528/54/kplr002017981-2012088054726_llc_lc.tbl [following]
--2018-12-09 13:03:23--  https://exoplanetarchive.ipac.caltech.edu/data/ETSS//Kepler/005/528/54/kplr002017981-2012088054726_llc_lc.tbl
Connecting to exoplanetarchive.ipac.caltech.edu (exoplanetarchive.ipac.caltech.edu)|134.4.54.147|:443... connected.
HTTP request sent, awaiting response... 200 OK
Length: 1307939 (1,2M) [text/plain]
Saving to: 'kplr002017981-2012088054726_llc_lc.tbl'

     0K .......... .......... .......... .......... ..........  3% 42,6K 29s
    50K .......... .......... .......... .......... ..........  7% 85,8K 21s
   100K .......... .......... .......... .......... .......... 11%  127K 16s
   150K .......... .......... .......... .......... .......... 15%  128K 14s
   200K .......... .......... .......... .......... .......... 19%  129K 12s
   250K .......... .......... .......... .......... .......... 23%  249K 10s
   300K .......... .......... .......... .......... .......... 27%  255K 9s
   350K .......... .......... .......... .......... .......... 31%  127K 8s
   400K .......... .......... .......... .......... .......... 35%  255K 7s
   450K .......... .......... .......... .......... .......... 39%  129K 7s
   500K .......... .......... .......... .......... .......... 43%  258K 6s
   550K .......... .......... .......... .......... .......... 46%  251K 5s
   600K .......... .......... .......... .......... .......... 50%  256K 5s
   650K .......... .......... .......... .......... .......... 54%  259K 4s
   700K .......... .......... .......... .......... .......... 58% 4,14M 4s
   750K .......... .......... .......... .......... .......... 62%  260K 3s
   800K .......... .......... .......... .......... .......... 66%  252K 3s
   850K .......... .......... .......... .......... .......... 70%  267K 2s
   900K .......... .......... .......... .......... .......... 74% 6,50M 2s
   950K .......... .......... .......... .......... .......... 78%  257K 2s
  1000K .......... .......... .......... .......... .......... 82%  261K 1s
  1050K .......... .......... .......... .......... .......... 86%  264K 1s
  1100K .......... .......... .......... .......... .......... 90%  261K 1s
  1150K .......... .......... .......... .......... .......... 93% 11,7M 0s
  1200K .......... .......... .......... .......... .......... 97%  258K 0s
  1250K .......... .......... .......                         100% 21,2M=6,6s

2018-12-09 13:03:31 (192 KB/s) - 'kplr002017981-2012088054726_llc_lc.tbl' saved [1307939/1307939]

--2018-12-09 13:03:31--  http://exoplanetarchive.ipac.caltech.edu/data/ETSS//Kepler/005/545/23/kplr002017981-2012179063303_llc.fits
Resolving exoplanetarchive.ipac.caltech.edu (exoplanetarchive.ipac.caltech.edu)... 134.4.54.147
Connecting to exoplanetarchive.ipac.caltech.edu (exoplanetarchive.ipac.caltech.edu)|134.4.54.147|:80... connected.
HTTP request sent, awaiting response... 302 Found
Location: https://exoplanetarchive.ipac.caltech.edu/data/ETSS//Kepler/005/545/23/kplr002017981-2012179063303_llc.fits [following]
--2018-12-09 13:03:32--  https://exoplanetarchive.ipac.caltech.edu/data/ETSS//Kepler/005/545/23/kplr002017981-2012179063303_llc.fits
Connecting to exoplanetarchive.ipac.caltech.edu (exoplanetarchive.ipac.caltech.edu)|134.4.54.147|:443... connected.
HTTP request sent, awaiting response... 200 OK
Length: 472320 (461K) [image/x-fits]
Saving to: 'kplr002017981-2012179063303_llc.fits'

     0K .......... .......... .......... .......... .......... 10% 47,7K 9s
    50K .......... .......... .......... .......... .......... 21%  129K 5s
   100K .......... .......... .......... .......... .......... 32%  162K 4s
   150K .......... .......... .......... .......... .......... 43%  128K 3s
   200K .......... .......... .......... .......... .......... 54%  243K 2s
   250K .......... .......... .......... .......... .......... 65%  262K 1s
   300K .......... .......... .......... .......... .......... 75%  243K 1s
   350K .......... .......... .......... .......... .......... 86%  259K 0s
   400K .......... .......... .......... .......... .......... 97%  131K 0s
   450K .......... .                                          100% 20,8M=3,3s

2018-12-09 13:03:36 (139 KB/s) - 'kplr002017981-2012179063303_llc.fits' saved [472320/472320]

--2018-12-09 13:03:36--  http://exoplanetarchive.ipac.caltech.edu/data/ETSS//Kepler/005/561/90/kplr002017981-2012179063303_llc_lc.tbl
Resolving exoplanetarchive.ipac.caltech.edu (exoplanetarchive.ipac.caltech.edu)... 134.4.54.147
Connecting to exoplanetarchive.ipac.caltech.edu (exoplanetarchive.ipac.caltech.edu)|134.4.54.147|:80... connected.
HTTP request sent, awaiting response... 302 Found
Location: https://exoplanetarchive.ipac.caltech.edu/data/ETSS//Kepler/005/561/90/kplr002017981-2012179063303_llc_lc.tbl [following]
--2018-12-09 13:03:36--  https://exoplanetarchive.ipac.caltech.edu/data/ETSS//Kepler/005/561/90/kplr002017981-2012179063303_llc_lc.tbl
Connecting to exoplanetarchive.ipac.caltech.edu (exoplanetarchive.ipac.caltech.edu)|134.4.54.147|:443... connected.
HTTP request sent, awaiting response... 200 OK
Length: 1429349 (1,4M) [text/plain]
Saving to: 'kplr002017981-2012179063303_llc_lc.tbl'

     0K .......... .......... .......... .......... ..........  3% 42,5K 32s
    50K .......... .......... .......... .......... ..........  7% 85,1K 23s
   100K .......... .......... .......... .......... .......... 10%  129K 18s
   150K .......... .......... .......... .......... .......... 14%  127K 15s
   200K .......... .......... .......... .......... .......... 17%  128K 13s
   250K .......... .......... .......... .......... .......... 21%  130K 12s
   300K .......... .......... .......... .......... .......... 25%  252K 11s
   350K .......... .......... .......... .......... .......... 28%  128K 10s
   400K .......... .......... .......... .......... .......... 32%  129K 9s
   450K .......... .......... .......... .......... .......... 35%  254K 8s
   500K .......... .......... .......... .......... .......... 39%  129K 8s
   550K .......... .......... .......... .......... .......... 42%  259K 7s
   600K .......... .......... .......... .......... .......... 46%  253K 6s
   650K .......... .......... .......... .......... .......... 50%  260K 5s
   700K .......... .......... .......... .......... .......... 53%  255K 5s
   750K .......... .......... .......... .......... .......... 57%  262K 4s
   800K .......... .......... .......... .......... .......... 60%  258K 4s
   850K .......... .......... .......... .......... .......... 64%  261K 3s
   900K .......... .......... .......... .......... .......... 68%  248K 3s
   950K .......... .......... .......... .......... .......... 71%  260K 3s
  1000K .......... .......... .......... .......... .......... 75% 6,86M 2s
  1050K .......... .......... .......... .......... .......... 78%  256K 2s
  1100K .......... .......... .......... .......... .......... 82%  261K 2s
  1150K .......... .......... .......... .......... .......... 85% 6,56M 1s
  1200K .......... .......... .......... .......... .......... 89%  255K 1s
  1250K .......... .......... .......... .......... .......... 93%  270K 1s
  1300K .......... .......... .......... .......... .......... 96%  253K 0s
  1350K .......... .......... .......... .......... .....     100%  242K=7,8s

2018-12-09 13:03:45 (179 KB/s) - 'kplr002017981-2012179063303_llc_lc.tbl' saved [1429349/1429349]

--2018-12-09 13:03:45--  http://exoplanetarchive.ipac.caltech.edu/data/ETSS//Kepler/005/578/58/kplr002017981-2012277125453_llc.fits
Resolving exoplanetarchive.ipac.caltech.edu (exoplanetarchive.ipac.caltech.edu)... 134.4.54.147
Connecting to exoplanetarchive.ipac.caltech.edu (exoplanetarchive.ipac.caltech.edu)|134.4.54.147|:80... connected.
HTTP request sent, awaiting response... 302 Found
Location: https://exoplanetarchive.ipac.caltech.edu/data/ETSS//Kepler/005/578/58/kplr002017981-2012277125453_llc.fits [following]
--2018-12-09 13:03:46--  https://exoplanetarchive.ipac.caltech.edu/data/ETSS//Kepler/005/578/58/kplr002017981-2012277125453_llc.fits
Connecting to exoplanetarchive.ipac.caltech.edu (exoplanetarchive.ipac.caltech.edu)|134.4.54.147|:443... connected.
HTTP request sent, awaiting response... 200 OK
Length: 506880 (495K) [image/x-fits]
Saving to: 'kplr002017981-2012277125453_llc.fits'

     0K .......... .......... .......... .......... .......... 10% 42,2K 11s
    50K .......... .......... .......... .......... .......... 20% 85,0K 7s
   100K .......... .......... .......... .......... .......... 30%  128K 5s
   150K .......... .......... .......... .......... .......... 40%  127K 4s
   200K .......... .......... .......... .......... .......... 50%  243K 3s
   250K .......... .......... .......... .......... .......... 60%  128K 2s
   300K .......... .......... .......... .......... .......... 70%  253K 1s
   350K .......... .......... .......... .......... .......... 80%  123K 1s
   400K .......... .......... .......... .......... .......... 90%  128K 0s
   450K .......... .......... .......... .......... .....     100%  105K=4,6s

2018-12-09 13:03:51 (108 KB/s) - 'kplr002017981-2012277125453_llc.fits' saved [506880/506880]

--2018-12-09 13:03:52--  http://exoplanetarchive.ipac.caltech.edu/data/ETSS//Kepler/005/595/28/kplr002017981-2012277125453_llc_lc.tbl
Resolving exoplanetarchive.ipac.caltech.edu (exoplanetarchive.ipac.caltech.edu)... 134.4.54.147
Connecting to exoplanetarchive.ipac.caltech.edu (exoplanetarchive.ipac.caltech.edu)|134.4.54.147|:80... connected.
HTTP request sent, awaiting response... 302 Found
Location: https://exoplanetarchive.ipac.caltech.edu/data/ETSS//Kepler/005/595/28/kplr002017981-2012277125453_llc_lc.tbl [following]
--2018-12-09 13:03:53--  https://exoplanetarchive.ipac.caltech.edu/data/ETSS//Kepler/005/595/28/kplr002017981-2012277125453_llc_lc.tbl
Connecting to exoplanetarchive.ipac.caltech.edu (exoplanetarchive.ipac.caltech.edu)|134.4.54.147|:443... connected.
HTTP request sent, awaiting response... 200 OK
Length: 1537543 (1,5M) [text/plain]
Saving to: 'kplr002017981-2012277125453_llc_lc.tbl'

     0K .......... .......... .......... .......... ..........  3% 32,1K 45s
    50K .......... .......... .......... .......... ..........  6% 28,2K 47s
   100K .......... .......... .......... .......... ..........  9% 42,7K 41s
   150K .......... .......... .......... .......... .......... 13% 50,9K 36s
   200K .......... .......... .......... .......... .......... 16% 51,5K 32s
   250K .......... .......... .......... .......... .......... 19% 64,3K 29s
   300K .......... .......... .......... .......... .......... 23% 49,2K 27s
   350K .......... .......... .......... .......... .......... 26% 64,6K 25s
   400K .......... .......... .......... .......... .......... 29% 51,4K 23s
   450K .......... .......... .......... .......... .......... 33% 86,2K 21s
   500K .......... .......... .......... .......... .......... 36% 64,6K 20s
   550K .......... .......... .......... .......... .......... 39% 85,6K 18s
   600K .......... .......... .......... .......... .......... 43% 85,6K 16s
   650K .......... .......... .......... .......... .......... 46% 86,3K 15s
   700K .......... .......... .......... .......... .......... 49% 85,3K 14s
   750K .......... .......... .......... .......... .......... 53% 84,5K 13s
   800K .......... .......... .......... .......... .......... 56% 25,6K 12s
   850K .......... .......... .......... .......... .......... 59% 43,0K 12s
   900K .......... .......... .......... .......... .......... 63% 51,6K 11s
   950K .......... .......... .......... .......... .......... 66% 51,7K 10s
  1000K .......... .......... .......... .......... .......... 69% 64,2K 9s
  1050K .......... .......... .......... .......... .......... 73% 51,7K 8s
  1100K .......... .......... .......... .......... .......... 76% 84,1K 7s
  1150K .......... .......... .......... .......... .......... 79% 63,6K 6s
  1200K .......... .......... .......... .......... .......... 83% 51,1K 5s
  1250K .......... .......... .......... .......... .......... 86% 85,6K 4s
  1300K .......... .......... .......... .......... .......... 89% 64,3K 3s
  1350K .......... .......... .......... .......... .......... 93% 85,0K 2s
  1400K .......... .......... .......... .......... .......... 96% 85,2K 1s
  1450K .......... .......... .......... .......... .......... 99% 84,7K 0s
  1500K .                                                     100% 9,80G=27s

2018-12-09 13:04:20 (56,5 KB/s) - 'kplr002017981-2012277125453_llc_lc.tbl' saved [1537543/1537543]

--2018-12-09 13:04:20--  http://exoplanetarchive.ipac.caltech.edu/data/ETSS//Kepler/005/611/97/kplr002017981-2013011073258_llc.fits
Resolving exoplanetarchive.ipac.caltech.edu (exoplanetarchive.ipac.caltech.edu)... 134.4.54.147
Connecting to exoplanetarchive.ipac.caltech.edu (exoplanetarchive.ipac.caltech.edu)|134.4.54.147|:80... connected.
HTTP request sent, awaiting response... 302 Found
Location: https://exoplanetarchive.ipac.caltech.edu/data/ETSS//Kepler/005/611/97/kplr002017981-2013011073258_llc.fits [following]
--2018-12-09 13:04:21--  https://exoplanetarchive.ipac.caltech.edu/data/ETSS//Kepler/005/611/97/kplr002017981-2013011073258_llc.fits
Connecting to exoplanetarchive.ipac.caltech.edu (exoplanetarchive.ipac.caltech.edu)|134.4.54.147|:443... connected.
HTTP request sent, awaiting response... 200 OK
Length: 506880 (495K) [image/x-fits]
Saving to: 'kplr002017981-2013011073258_llc.fits'

     0K .......... .......... .......... .......... .......... 10% 42,1K 11s
    50K .......... .......... .......... .......... .......... 20%  129K 6s
   100K .......... .......... .......... .......... .......... 30% 86,0K 5s
   150K .......... .......... .......... .......... .......... 40%  253K 3s
   200K .......... .......... .......... .......... .......... 50%  129K 3s
   250K .......... .......... .......... .......... .......... 60%  127K 2s
   300K .......... .......... .......... .......... .......... 70%  252K 1s
   350K .......... .......... .......... .......... .......... 80%  130K 1s
   400K .......... .......... .......... .......... .......... 90%  253K 0s
   450K .......... .......... .......... .......... .....     100%  228K=4,1s

2018-12-09 13:04:26 (120 KB/s) - 'kplr002017981-2013011073258_llc.fits' saved [506880/506880]

--2018-12-09 13:04:26--  http://exoplanetarchive.ipac.caltech.edu/data/ETSS//Kepler/005/628/45/kplr002017981-2013011073258_llc_lc.tbl
Resolving exoplanetarchive.ipac.caltech.edu (exoplanetarchive.ipac.caltech.edu)... 134.4.54.147
Connecting to exoplanetarchive.ipac.caltech.edu (exoplanetarchive.ipac.caltech.edu)|134.4.54.147|:80... connected.
HTTP request sent, awaiting response... 302 Found
Location: https://exoplanetarchive.ipac.caltech.edu/data/ETSS//Kepler/005/628/45/kplr002017981-2013011073258_llc_lc.tbl [following]
--2018-12-09 13:04:26--  https://exoplanetarchive.ipac.caltech.edu/data/ETSS//Kepler/005/628/45/kplr002017981-2013011073258_llc_lc.tbl
Connecting to exoplanetarchive.ipac.caltech.edu (exoplanetarchive.ipac.caltech.edu)|134.4.54.147|:443... connected.
HTTP request sent, awaiting response... 200 OK
Length: 1544938 (1,5M) [text/plain]
Saving to: 'kplr002017981-2013011073258_llc_lc.tbl'

     0K .......... .......... .......... .......... ..........  3% 42,6K 34s
    50K .......... .......... .......... .......... ..........  6% 85,2K 25s
   100K .......... .......... .......... .......... ..........  9%  128K 20s
   150K .......... .......... .......... .......... .......... 13%  127K 17s
   200K .......... .......... .......... .......... .......... 16%  127K 15s
   250K .......... .......... .......... .......... .......... 19% 36,4K 17s
   300K .......... .......... .......... .......... .......... 23% 64,3K 17s
   350K .......... .......... .......... .......... .......... 26%  125K 15s
   400K .......... .......... .......... .......... .......... 29% 84,5K 14s
   450K .......... .......... .......... .......... .......... 33% 36,4K 15s
   500K .......... .......... .......... .......... .......... 36% 84,7K 14s
   550K .......... .......... .......... .......... .......... 39% 85,5K 13s
   600K .......... .......... .......... .......... .......... 43% 84,0K 12s
   650K .......... .......... .......... .......... .......... 46% 84,0K 11s
   700K .......... .......... .......... .......... .......... 49% 41,8K 11s
   750K .......... .......... .......... .......... .......... 53% 22,7K 12s
   800K .......... .......... .......... .......... .......... 56% 36,4K 11s
   850K .......... .......... .......... .......... .......... 59% 51,0K 11s
   900K .......... .......... .......... .......... .......... 62% 42,8K 10s
   950K .......... .......... .......... .......... .......... 66% 25,5K 10s
  1000K .......... .......... .......... .......... .......... 69% 36,4K 9s
  1050K .......... .......... .......... .......... .......... 72% 42,9K 8s
  1100K .......... .......... .......... .......... .......... 76% 63,5K 7s
  1150K .......... .......... .......... .......... .......... 79% 51,4K 6s
  1200K .......... .......... .......... .......... .......... 82% 42,7K 5s
  1250K .......... .......... .......... .......... .......... 86% 64,0K 4s
  1300K .......... .......... .......... .......... .......... 89% 63,9K 3s
  1350K .......... .......... .......... .......... .......... 92% 63,8K 2s
  1400K .......... .......... .......... .......... .......... 96% 85,2K 1s
  1450K .......... .......... .......... .......... .......... 99% 64,3K 0s
  1500K ........                                              100% 14,3M=28s

2018-12-09 13:04:55 (54,1 KB/s) - 'kplr002017981-2013011073258_llc_lc.tbl' saved [1544938/1544938]

--2018-12-09 13:04:55--  http://exoplanetarchive.ipac.caltech.edu/data/ETSS//Kepler/005/644/92/kplr002017981-2013098041711_llc.fits
Resolving exoplanetarchive.ipac.caltech.edu (exoplanetarchive.ipac.caltech.edu)... 134.4.54.147
Connecting to exoplanetarchive.ipac.caltech.edu (exoplanetarchive.ipac.caltech.edu)|134.4.54.147|:80... connected.
HTTP request sent, awaiting response... 302 Found
Location: https://exoplanetarchive.ipac.caltech.edu/data/ETSS//Kepler/005/644/92/kplr002017981-2013098041711_llc.fits [following]
--2018-12-09 13:04:56--  https://exoplanetarchive.ipac.caltech.edu/data/ETSS//Kepler/005/644/92/kplr002017981-2013098041711_llc.fits
Connecting to exoplanetarchive.ipac.caltech.edu (exoplanetarchive.ipac.caltech.edu)|134.4.54.147|:443... connected.
HTTP request sent, awaiting response... 200 OK
Length: 449280 (439K) [image/x-fits]
Saving to: 'kplr002017981-2013098041711_llc.fits'

     0K .......... .......... .......... .......... .......... 11% 42,8K 9s
    50K .......... .......... .......... .......... .......... 22% 85,4K 6s
   100K .......... .......... .......... .......... .......... 34%  129K 4s
   150K .......... .......... .......... .......... .......... 45%  129K 3s
   200K .......... .......... .......... .......... .......... 56%  127K 2s
   250K .......... .......... .......... .......... .......... 68%  128K 2s
   300K .......... .......... .......... .......... .......... 79%  129K 1s
   350K .......... .......... .......... .......... .......... 91%  252K 0s
   400K .......... .......... .......... ........             100%  199K=4,1s

2018-12-09 13:05:01 (107 KB/s) - 'kplr002017981-2013098041711_llc.fits' saved [449280/449280]

--2018-12-09 13:05:01--  http://exoplanetarchive.ipac.caltech.edu/data/ETSS//Kepler/005/661/68/kplr002017981-2013098041711_llc_lc.tbl
Resolving exoplanetarchive.ipac.caltech.edu (exoplanetarchive.ipac.caltech.edu)... 134.4.54.147
Connecting to exoplanetarchive.ipac.caltech.edu (exoplanetarchive.ipac.caltech.edu)|134.4.54.147|:80... connected.
HTTP request sent, awaiting response... 302 Found
Location: https://exoplanetarchive.ipac.caltech.edu/data/ETSS//Kepler/005/661/68/kplr002017981-2013098041711_llc_lc.tbl [following]
--2018-12-09 13:05:02--  https://exoplanetarchive.ipac.caltech.edu/data/ETSS//Kepler/005/661/68/kplr002017981-2013098041711_llc_lc.tbl
Connecting to exoplanetarchive.ipac.caltech.edu (exoplanetarchive.ipac.caltech.edu)|134.4.54.147|:443... connected.
HTTP request sent, awaiting response... 200 OK
Length: 1359175 (1,3M) [text/plain]
Saving to: 'kplr002017981-2013098041711_llc_lc.tbl'

     0K .......... .......... .......... .......... ..........  3% 42,6K 30s
    50K .......... .......... .......... .......... ..........  7% 85,0K 22s
   100K .......... .......... .......... .......... .......... 11%  129K 17s
   150K .......... .......... .......... .......... .......... 15%  128K 14s
   200K .......... .......... .......... .......... .......... 18%  127K 13s
   250K .......... .......... .......... .......... .......... 22%  126K 11s
   300K .......... .......... .......... .......... .......... 26%  128K 10s
   350K .......... .......... .......... .......... .......... 30%  251K 9s
   400K .......... .......... .......... .......... .......... 33%  129K 8s
   450K .......... .......... .......... .......... .......... 37%  254K 7s
   500K .......... .......... .......... .......... .......... 41%  125K 7s
   550K .......... .......... .......... .......... .......... 45%  130K 6s
   600K .......... .......... .......... .......... .......... 48% 63,8K 6s
   650K .......... .......... .......... .......... .......... 52%  124K 6s
   700K .......... .......... .......... .......... .......... 56%  133K 5s
   750K .......... .......... .......... .......... .......... 60%  197K 5s
   800K .......... .......... .......... .......... .......... 64%  147K 4s
   850K .......... .......... .......... .......... .......... 67%  129K 4s
   900K .......... .......... .......... .......... .......... 71%  255K 3s
   950K .......... .......... .......... .......... .......... 75%  253K 3s
  1000K .......... .......... .......... .......... .......... 79%  253K 2s
  1050K .......... .......... .......... .......... .......... 82%  129K 2s
  1100K .......... .......... .......... .......... .......... 86%  240K 1s
  1150K .......... .......... .......... .......... .......... 90%  262K 1s
  1200K .......... .......... .......... .......... .......... 94%  128K 1s
  1250K .......... .......... .......... .......... .......... 97%  253K 0s
  1300K .......... .......... .......                         100% 9,08M=9,8s

2018-12-09 13:05:12 (135 KB/s) - 'kplr002017981-2013098041711_llc_lc.tbl' saved [1359175/1359175]

--2018-12-09 13:05:13--  http://exoplanetarchive.ipac.caltech.edu/data/ETSS//Kepler/005/678/43/kplr002017981-2013131215648_llc.fits
Resolving exoplanetarchive.ipac.caltech.edu (exoplanetarchive.ipac.caltech.edu)... 134.4.54.147
Connecting to exoplanetarchive.ipac.caltech.edu (exoplanetarchive.ipac.caltech.edu)|134.4.54.147|:80... connected.
HTTP request sent, awaiting response... 302 Found
Location: https://exoplanetarchive.ipac.caltech.edu/data/ETSS//Kepler/005/678/43/kplr002017981-2013131215648_llc.fits [following]
--2018-12-09 13:05:13--  https://exoplanetarchive.ipac.caltech.edu/data/ETSS//Kepler/005/678/43/kplr002017981-2013131215648_llc.fits
Connecting to exoplanetarchive.ipac.caltech.edu (exoplanetarchive.ipac.caltech.edu)|134.4.54.147|:443... connected.
HTTP request sent, awaiting response... 200 OK
Length: 187200 (183K) [image/x-fits]
Saving to: 'kplr002017981-2013131215648_llc.fits'

     0K .......... .......... .......... .......... .......... 27% 42,6K 3s
    50K .......... .......... .......... .......... .......... 54%  128K 1s
   100K .......... .......... .......... .......... .......... 82% 85,5K 0s
   150K .......... .......... .......... ..                   100%  166K=2,3s

2018-12-09 13:05:16 (77,9 KB/s) - 'kplr002017981-2013131215648_llc.fits' saved [187200/187200]

--2018-12-09 13:05:16--  http://exoplanetarchive.ipac.caltech.edu/data/ETSS//Kepler/005/695/19/kplr002017981-2013131215648_llc_lc.tbl
Resolving exoplanetarchive.ipac.caltech.edu (exoplanetarchive.ipac.caltech.edu)... 134.4.54.147
Connecting to exoplanetarchive.ipac.caltech.edu (exoplanetarchive.ipac.caltech.edu)|134.4.54.147|:80... connected.
HTTP request sent, awaiting response... 302 Found
Location: https://exoplanetarchive.ipac.caltech.edu/data/ETSS//Kepler/005/695/19/kplr002017981-2013131215648_llc_lc.tbl [following]
--2018-12-09 13:05:17--  https://exoplanetarchive.ipac.caltech.edu/data/ETSS//Kepler/005/695/19/kplr002017981-2013131215648_llc_lc.tbl
Connecting to exoplanetarchive.ipac.caltech.edu (exoplanetarchive.ipac.caltech.edu)|134.4.54.147|:443... connected.
HTTP request sent, awaiting response... 200 OK
Length: 506680 (495K) [text/plain]
Saving to: 'kplr002017981-2013131215648_llc_lc.tbl'

     0K .......... .......... .......... .......... .......... 10% 42,4K 10s
    50K .......... .......... .......... .......... .......... 20%  128K 6s
   100K .......... .......... .......... .......... .......... 30% 85,9K 5s
   150K .......... .......... .......... .......... .......... 40%  207K 4s
   200K .......... .......... .......... .......... .......... 50%  146K 3s
   250K .......... .......... .......... .......... .......... 60%  128K 2s
   300K .......... .......... .......... .......... .......... 70%  250K 1s
   350K .......... .......... .......... .......... .......... 80%  129K 1s
   400K .......... .......... .......... .......... .......... 90%  130K 0s
   450K .......... .......... .......... .......... ....      100%  227K=4,3s

2018-12-09 13:05:22 (115 KB/s) - 'kplr002017981-2013131215648_llc_lc.tbl' saved [506680/506680]

