--2018-12-09 13:00:22--  http://exoplanetarchive.ipac.caltech.edu/data/ETSS//Kepler/005/147/93/kplr002015262-2009166043257_llc.fits
Resolving exoplanetarchive.ipac.caltech.edu (exoplanetarchive.ipac.caltech.edu)... 134.4.54.147
Connecting to exoplanetarchive.ipac.caltech.edu (exoplanetarchive.ipac.caltech.edu)|134.4.54.147|:80... connected.
HTTP request sent, awaiting response... 302 Found
Location: https://exoplanetarchive.ipac.caltech.edu/data/ETSS//Kepler/005/147/93/kplr002015262-2009166043257_llc.fits [following]
--2018-12-09 13:00:24--  https://exoplanetarchive.ipac.caltech.edu/data/ETSS//Kepler/005/147/93/kplr002015262-2009166043257_llc.fits
Connecting to exoplanetarchive.ipac.caltech.edu (exoplanetarchive.ipac.caltech.edu)|134.4.54.147|:443... connected.
HTTP request sent, awaiting response... 200 OK
Length: 192960 (188K) [image/x-fits]
Saving to: 'kplr002015262-2009166043257_llc.fits'

     0K .......... .......... .......... .......... .......... 26% 42,9K 3s
    50K .......... .......... .......... .......... .......... 53%  129K 1s
   100K .......... .......... .......... .......... .......... 79%  124K 1s
   150K .......... .......... .......... ........             100%  191K=2,2s

2018-12-09 13:00:27 (87,3 KB/s) - 'kplr002015262-2009166043257_llc.fits' saved [192960/192960]

--2018-12-09 13:00:27--  http://exoplanetarchive.ipac.caltech.edu/data/ETSS//Kepler/005/163/55/kplr002015262-2009166043257_llc_lc.tbl
Resolving exoplanetarchive.ipac.caltech.edu (exoplanetarchive.ipac.caltech.edu)... 134.4.54.147
Connecting to exoplanetarchive.ipac.caltech.edu (exoplanetarchive.ipac.caltech.edu)|134.4.54.147|:80... connected.
HTTP request sent, awaiting response... 302 Found
Location: https://exoplanetarchive.ipac.caltech.edu/data/ETSS//Kepler/005/163/55/kplr002015262-2009166043257_llc_lc.tbl [following]
--2018-12-09 13:00:28--  https://exoplanetarchive.ipac.caltech.edu/data/ETSS//Kepler/005/163/55/kplr002015262-2009166043257_llc_lc.tbl
Connecting to exoplanetarchive.ipac.caltech.edu (exoplanetarchive.ipac.caltech.edu)|134.4.54.147|:443... connected.
HTTP request sent, awaiting response... 200 OK
Length: 533370 (521K) [text/plain]
Saving to: 'kplr002015262-2009166043257_llc_lc.tbl'

     0K .......... .......... .......... .......... ..........  9% 43,1K 11s
    50K .......... .......... .......... .......... .......... 19% 86,2K 7s
   100K .......... .......... .......... .......... .......... 28%  129K 5s
   150K .......... .......... .......... .......... .......... 38%  256K 4s
   200K .......... .......... .......... .......... .......... 47%  130K 3s
   250K .......... .......... .......... .......... .......... 57%  255K 2s
   300K .......... .......... .......... .......... .......... 67%  130K 2s
   350K .......... .......... .......... .......... .......... 76%  257K 1s
   400K .......... .......... .......... .......... .......... 86%  130K 1s
   450K .......... .......... .......... .......... .......... 95%  259K 0s
   500K .......... ..........                                 100% 13,6M=4,1s

2018-12-09 13:00:33 (128 KB/s) - 'kplr002015262-2009166043257_llc_lc.tbl' saved [533370/533370]

--2018-12-09 13:00:33--  http://exoplanetarchive.ipac.caltech.edu/data/ETSS//Kepler/005/212/44/kplr002015262-2009259160929_llc.fits
Resolving exoplanetarchive.ipac.caltech.edu (exoplanetarchive.ipac.caltech.edu)... 134.4.54.147
Connecting to exoplanetarchive.ipac.caltech.edu (exoplanetarchive.ipac.caltech.edu)|134.4.54.147|:80... connected.
HTTP request sent, awaiting response... 302 Found
Location: https://exoplanetarchive.ipac.caltech.edu/data/ETSS//Kepler/005/212/44/kplr002015262-2009259160929_llc.fits [following]
--2018-12-09 13:00:33--  https://exoplanetarchive.ipac.caltech.edu/data/ETSS//Kepler/005/212/44/kplr002015262-2009259160929_llc.fits
Connecting to exoplanetarchive.ipac.caltech.edu (exoplanetarchive.ipac.caltech.edu)|134.4.54.147|:443... connected.
HTTP request sent, awaiting response... 200 OK
Length: 466560 (456K) [image/x-fits]
Saving to: 'kplr002015262-2009259160929_llc.fits'

     0K .......... .......... .......... .......... .......... 10% 42,5K 10s
    50K .......... .......... .......... .......... .......... 21% 85,5K 6s
   100K .......... .......... .......... .......... .......... 32%  128K 4s
   150K .......... .......... .......... .......... .......... 43%  130K 3s
   200K .......... .......... .......... .......... .......... 54%  129K 2s
   250K .......... .......... .......... .......... .......... 65%  256K 2s
   300K .......... .......... .......... .......... .......... 76%  259K 1s
   350K .......... .......... .......... .......... .......... 87%  245K 0s
   400K .......... .......... .......... .......... .......... 98%  259K 0s
   450K .....                                                 100% 36,6G=3,7s

2018-12-09 13:00:38 (123 KB/s) - 'kplr002015262-2009259160929_llc.fits' saved [466560/466560]

--2018-12-09 13:00:38--  http://exoplanetarchive.ipac.caltech.edu/data/ETSS//Kepler/005/229/08/kplr002015262-2009259160929_llc_lc.tbl
Resolving exoplanetarchive.ipac.caltech.edu (exoplanetarchive.ipac.caltech.edu)... 134.4.54.147
Connecting to exoplanetarchive.ipac.caltech.edu (exoplanetarchive.ipac.caltech.edu)|134.4.54.147|:80... connected.
HTTP request sent, awaiting response... 302 Found
Location: https://exoplanetarchive.ipac.caltech.edu/data/ETSS//Kepler/005/229/08/kplr002015262-2009259160929_llc_lc.tbl [following]
--2018-12-09 13:00:38--  https://exoplanetarchive.ipac.caltech.edu/data/ETSS//Kepler/005/229/08/kplr002015262-2009259160929_llc_lc.tbl
Connecting to exoplanetarchive.ipac.caltech.edu (exoplanetarchive.ipac.caltech.edu)|134.4.54.147|:443... connected.
HTTP request sent, awaiting response... 200 OK
Length: 1407822 (1,3M) [text/plain]
Saving to: 'kplr002015262-2009259160929_llc_lc.tbl'

     0K .......... .......... .......... .......... ..........  3% 42,9K 31s
    50K .......... .......... .......... .......... ..........  7% 86,4K 22s
   100K .......... .......... .......... .......... .......... 10%  253K 16s
   150K .......... .......... .......... .......... .......... 14%  131K 14s
   200K .......... .......... .......... .......... .......... 18%  127K 12s
   250K .......... .......... .......... .......... .......... 21%  257K 10s
   300K .......... .......... .......... .......... .......... 25%  253K 9s
   350K .......... .......... .......... .......... .......... 29%  258K 8s
   400K .......... .......... .......... .......... .......... 32%  258K 7s
   450K .......... .......... .......... .......... .......... 36%  256K 6s
   500K .......... .......... .......... .......... .......... 40%  254K 6s
   550K .......... .......... .......... .......... .......... 43%  252K 5s
   600K .......... .......... .......... .......... .......... 47%  261K 5s
   650K .......... .......... .......... .......... .......... 50%  259K 4s
   700K .......... .......... .......... .......... .......... 54% 7,18M 4s
   750K .......... .......... .......... .......... .......... 58%  260K 3s
   800K .......... .......... .......... .......... .......... 61%  260K 3s
   850K .......... .......... .......... .......... .......... 65% 6,27M 3s
   900K .......... .......... .......... .......... .......... 69%  259K 2s
   950K .......... .......... .......... .......... .......... 72%  260K 2s
  1000K .......... .......... .......... .......... .......... 76% 4,94M 2s
  1050K .......... .......... .......... .......... .......... 80%  268K 1s
  1100K .......... .......... .......... .......... .......... 83% 9,41M 1s
  1150K .......... .......... .......... .......... .......... 87%  258K 1s
  1200K .......... .......... .......... .......... .......... 90% 9,40M 1s
  1250K .......... .......... .......... .......... .......... 94%  257K 0s
  1300K .......... .......... .......... .......... .......... 98% 12,5M 0s
  1350K .......... .......... ....                            100%  132K=6,0s

2018-12-09 13:00:46 (227 KB/s) - 'kplr002015262-2009259160929_llc_lc.tbl' saved [1407822/1407822]

--2018-12-09 13:00:46--  http://exoplanetarchive.ipac.caltech.edu/data/ETSS//Kepler/005/245/72/kplr002015262-2009350155506_llc.fits
Resolving exoplanetarchive.ipac.caltech.edu (exoplanetarchive.ipac.caltech.edu)... 134.4.54.147
Connecting to exoplanetarchive.ipac.caltech.edu (exoplanetarchive.ipac.caltech.edu)|134.4.54.147|:80... connected.
HTTP request sent, awaiting response... 302 Found
Location: https://exoplanetarchive.ipac.caltech.edu/data/ETSS//Kepler/005/245/72/kplr002015262-2009350155506_llc.fits [following]
--2018-12-09 13:00:46--  https://exoplanetarchive.ipac.caltech.edu/data/ETSS//Kepler/005/245/72/kplr002015262-2009350155506_llc.fits
Connecting to exoplanetarchive.ipac.caltech.edu (exoplanetarchive.ipac.caltech.edu)|134.4.54.147|:443... connected.
HTTP request sent, awaiting response... 200 OK
Length: 466560 (456K) [image/x-fits]
Saving to: 'kplr002015262-2009350155506_llc.fits'

     0K .......... .......... .......... .......... .......... 10% 43,1K 9s
    50K .......... .......... .......... .......... .......... 21% 85,9K 6s
   100K .......... .......... .......... .......... .......... 32%  128K 4s
   150K .......... .......... .......... .......... .......... 43%  254K 3s
   200K .......... .......... .......... .......... .......... 54%  255K 2s
   250K .......... .......... .......... .......... .......... 65%  131K 2s
   300K .......... .......... .......... .......... .......... 76%  257K 1s
   350K .......... .......... .......... .......... .......... 87%  256K 0s
   400K .......... .......... .......... .......... .......... 98%  256K 0s
   450K .....                                                 100% 36,6G=3,5s

2018-12-09 13:00:51 (130 KB/s) - 'kplr002015262-2009350155506_llc.fits' saved [466560/466560]

--2018-12-09 13:00:51--  http://exoplanetarchive.ipac.caltech.edu/data/ETSS//Kepler/005/262/28/kplr002015262-2009350155506_llc_lc.tbl
Resolving exoplanetarchive.ipac.caltech.edu (exoplanetarchive.ipac.caltech.edu)... 134.4.54.147
Connecting to exoplanetarchive.ipac.caltech.edu (exoplanetarchive.ipac.caltech.edu)|134.4.54.147|:80... connected.
HTTP request sent, awaiting response... 302 Found
Location: https://exoplanetarchive.ipac.caltech.edu/data/ETSS//Kepler/005/262/28/kplr002015262-2009350155506_llc_lc.tbl [following]
--2018-12-09 13:00:51--  https://exoplanetarchive.ipac.caltech.edu/data/ETSS//Kepler/005/262/28/kplr002015262-2009350155506_llc_lc.tbl
Connecting to exoplanetarchive.ipac.caltech.edu (exoplanetarchive.ipac.caltech.edu)|134.4.54.147|:443... connected.
HTTP request sent, awaiting response... 200 OK
Length: 1412955 (1,3M) [text/plain]
Saving to: 'kplr002015262-2009350155506_llc_lc.tbl'

     0K .......... .......... .......... .......... ..........  3% 43,1K 31s
    50K .......... .......... .......... .......... ..........  7% 86,5K 22s
   100K .......... .......... .......... .......... .......... 10% 83,8K 19s
   150K .......... .......... .......... .......... .......... 14% 60,7K 19s
   200K .......... .......... .......... .......... .......... 18% 93,6K 17s
   250K .......... .......... .......... .......... .......... 21%  129K 15s
   300K .......... .......... .......... .......... .......... 25%  128K 13s
   350K .......... .......... .......... .......... .......... 28% 51,7K 13s
   400K .......... .......... .......... .......... .......... 32% 64,2K 13s
   450K .......... .......... .......... .......... .......... 36% 84,2K 12s
   500K .......... .......... .......... .......... .......... 39% 85,5K 11s
   550K .......... .......... .......... .......... .......... 43% 86,4K 10s
   600K .......... .......... .......... .......... .......... 47%  128K 9s
   650K .......... .......... .......... .......... .......... 50% 86,7K 9s
   700K .......... .......... .......... .......... .......... 54% 85,9K 8s
   750K .......... .......... .......... .......... .......... 57% 85,6K 7s
   800K .......... .......... .......... .......... .......... 61% 86,3K 7s
   850K .......... .......... .......... .......... .......... 65%  126K 6s
   900K .......... .......... .......... .......... .......... 68%  128K 5s
   950K .......... .......... .......... .......... .......... 72% 86,5K 5s
  1000K .......... .......... .......... .......... .......... 76%  129K 4s
  1050K .......... .......... .......... .......... .......... 79%  123K 3s
  1100K .......... .......... .......... .......... .......... 83%  129K 3s
  1150K .......... .......... .......... .......... .......... 86% 89,7K 2s
  1200K .......... .......... .......... .......... .......... 90% 86,1K 1s
  1250K .......... .......... .......... .......... .......... 94%  115K 1s
  1300K .......... .......... .......... .......... .......... 97%  127K 0s
  1350K .......... .......... .........                       100%  154K=15s

2018-12-09 13:01:07 (89,6 KB/s) - 'kplr002015262-2009350155506_llc_lc.tbl' saved [1412955/1412955]

--2018-12-09 13:01:08--  http://exoplanetarchive.ipac.caltech.edu/data/ETSS//Kepler/005/344/99/kplr002015262-2010078095331_llc.fits
Resolving exoplanetarchive.ipac.caltech.edu (exoplanetarchive.ipac.caltech.edu)... 134.4.54.147
Connecting to exoplanetarchive.ipac.caltech.edu (exoplanetarchive.ipac.caltech.edu)|134.4.54.147|:80... connected.
HTTP request sent, awaiting response... 302 Found
Location: https://exoplanetarchive.ipac.caltech.edu/data/ETSS//Kepler/005/344/99/kplr002015262-2010078095331_llc.fits [following]
--2018-12-09 13:01:08--  https://exoplanetarchive.ipac.caltech.edu/data/ETSS//Kepler/005/344/99/kplr002015262-2010078095331_llc.fits
Connecting to exoplanetarchive.ipac.caltech.edu (exoplanetarchive.ipac.caltech.edu)|134.4.54.147|:443... connected.
HTTP request sent, awaiting response... 200 OK
Length: 469440 (458K) [image/x-fits]
Saving to: 'kplr002015262-2010078095331_llc.fits'

     0K .......... .......... .......... .......... .......... 10% 42,5K 10s
    50K .......... .......... .......... .......... .......... 21% 86,0K 6s
   100K .......... .......... .......... .......... .......... 32%  129K 4s
   150K .......... .......... .......... .......... .......... 43% 1,60K 43s
   200K .......... .......... .......... .......... .......... 54% 63,5K 29s
   250K .......... .......... .......... .......... .......... 65% 86,4K 18s
   300K .......... .......... .......... .......... .......... 76%  124K 11s
   350K .......... .......... .......... .......... .......... 87% 86,8K 5s
   400K .......... .......... .......... .......... .......... 98% 86,3K 1s
   450K ........                                              100% 13,3M=36s

2018-12-09 13:01:45 (12,6 KB/s) - 'kplr002015262-2010078095331_llc.fits' saved [469440/469440]

--2018-12-09 13:01:45--  http://exoplanetarchive.ipac.caltech.edu/data/ETSS//Kepler/005/361/98/kplr002015262-2010078095331_llc_lc.tbl
Resolving exoplanetarchive.ipac.caltech.edu (exoplanetarchive.ipac.caltech.edu)... 134.4.54.147
Connecting to exoplanetarchive.ipac.caltech.edu (exoplanetarchive.ipac.caltech.edu)|134.4.54.147|:80... connected.
HTTP request sent, awaiting response... 302 Found
Location: https://exoplanetarchive.ipac.caltech.edu/data/ETSS//Kepler/005/361/98/kplr002015262-2010078095331_llc_lc.tbl [following]
--2018-12-09 13:01:46--  https://exoplanetarchive.ipac.caltech.edu/data/ETSS//Kepler/005/361/98/kplr002015262-2010078095331_llc_lc.tbl
Connecting to exoplanetarchive.ipac.caltech.edu (exoplanetarchive.ipac.caltech.edu)|134.4.54.147|:443... connected.
HTTP request sent, awaiting response... 200 OK
Length: 1421654 (1,4M) [text/plain]
Saving to: 'kplr002015262-2010078095331_llc_lc.tbl'

     0K .......... .......... .......... .......... ..........  3% 42,9K 31s
    50K .......... .......... .......... .......... ..........  7% 86,5K 22s
   100K .......... .......... .......... .......... .......... 10%  129K 18s
   150K .......... .......... .......... .......... .......... 14%  130K 15s
   200K .......... .......... .......... .......... .......... 18%  252K 12s
   250K .......... .......... .......... .......... .......... 21%  255K 11s
   300K .......... .......... .......... .......... .......... 25%  250K 9s
   350K .......... .......... .......... .......... .......... 28%  256K 8s
   400K .......... .......... .......... .......... .......... 32%  257K 7s
   450K .......... .......... .......... .......... .......... 36%  256K 7s
   500K .......... .......... .......... .......... .......... 39%  255K 6s
   550K .......... .......... .......... .......... .......... 43% 10,5M 5s
   600K .......... .......... .......... .......... .......... 46%  260K 5s
   650K .......... .......... .......... .......... .......... 50%  249K 4s
   700K .......... .......... .......... .......... .......... 54%  258K 4s
   750K .......... .......... .......... .......... .......... 57%  263K 3s
   800K .......... .......... .......... .......... .......... 61%  259K 3s
   850K .......... .......... .......... .......... .......... 64% 12,0M 3s
   900K .......... .......... .......... .......... .......... 68%  261K 2s
   950K .......... .......... .......... .......... .......... 72%  260K 2s
  1000K .......... .......... .......... .......... .......... 75% 7,12M 2s
  1050K .......... .......... .......... .......... .......... 79%  260K 1s
  1100K .......... .......... .......... .......... .......... 82% 11,5M 1s
  1150K .......... .......... .......... .......... .......... 86%  261K 1s
  1200K .......... .......... .......... .......... .......... 90%  261K 1s
  1250K .......... .......... .......... .......... .......... 93% 3,05M 0s
  1300K .......... .......... .......... .......... .......... 97%  277K 0s
  1350K .......... .......... .......... ........             100% 6,50M=6,0s

2018-12-09 13:01:53 (230 KB/s) - 'kplr002015262-2010078095331_llc_lc.tbl' saved [1421654/1421654]

--2018-12-09 13:01:53--  http://exoplanetarchive.ipac.caltech.edu/data/ETSS//Kepler/005/179/18/kplr002015262-2010174085026_llc.fits
Resolving exoplanetarchive.ipac.caltech.edu (exoplanetarchive.ipac.caltech.edu)... 134.4.54.147
Connecting to exoplanetarchive.ipac.caltech.edu (exoplanetarchive.ipac.caltech.edu)|134.4.54.147|:80... connected.
HTTP request sent, awaiting response... 302 Found
Location: https://exoplanetarchive.ipac.caltech.edu/data/ETSS//Kepler/005/179/18/kplr002015262-2010174085026_llc.fits [following]
--2018-12-09 13:01:53--  https://exoplanetarchive.ipac.caltech.edu/data/ETSS//Kepler/005/179/18/kplr002015262-2010174085026_llc.fits
Connecting to exoplanetarchive.ipac.caltech.edu (exoplanetarchive.ipac.caltech.edu)|134.4.54.147|:443... connected.
HTTP request sent, awaiting response... 200 OK
Length: 492480 (481K) [image/x-fits]
Saving to: 'kplr002015262-2010174085026_llc.fits'

     0K .......... .......... .......... .......... .......... 10% 42,6K 10s
    50K .......... .......... .......... .......... .......... 20% 85,7K 7s
   100K .......... .......... .......... .......... .......... 31%  129K 5s
   150K .......... .......... .......... .......... .......... 41%  252K 3s
   200K .......... .......... .......... .......... .......... 51%  130K 3s
   250K .......... .......... .......... .......... .......... 62%  254K 2s
   300K .......... .......... .......... .......... .......... 72%  128K 1s
   350K .......... .......... .......... .......... .......... 83%  256K 1s
   400K .......... .......... .......... .......... .......... 93%  129K 0s
   450K .......... .......... ..........                      100% 5,74M=3,9s

2018-12-09 13:01:58 (123 KB/s) - 'kplr002015262-2010174085026_llc.fits' saved [492480/492480]

--2018-12-09 13:01:58--  http://exoplanetarchive.ipac.caltech.edu/data/ETSS//Kepler/005/195/81/kplr002015262-2010174085026_llc_lc.tbl
Resolving exoplanetarchive.ipac.caltech.edu (exoplanetarchive.ipac.caltech.edu)... 134.4.54.147
Connecting to exoplanetarchive.ipac.caltech.edu (exoplanetarchive.ipac.caltech.edu)|134.4.54.147|:80... connected.
HTTP request sent, awaiting response... 302 Found
Location: https://exoplanetarchive.ipac.caltech.edu/data/ETSS//Kepler/005/195/81/kplr002015262-2010174085026_llc_lc.tbl [following]
--2018-12-09 13:01:59--  https://exoplanetarchive.ipac.caltech.edu/data/ETSS//Kepler/005/195/81/kplr002015262-2010174085026_llc_lc.tbl
Connecting to exoplanetarchive.ipac.caltech.edu (exoplanetarchive.ipac.caltech.edu)|134.4.54.147|:443... connected.
HTTP request sent, awaiting response... 200 OK
Length: 1497966 (1,4M) [text/plain]
Saving to: 'kplr002015262-2010174085026_llc_lc.tbl'

     0K .......... .......... .......... .......... ..........  3% 25,2K 56s
    50K .......... .......... .......... .......... ..........  6% 27,7K 52s
   100K .......... .......... .......... .......... .......... 10% 36,9K 45s
   150K .......... .......... .......... .......... .......... 13% 42,7K 40s
   200K .......... .......... .......... .......... .......... 17% 42,6K 36s
   250K .......... .......... .......... .......... .......... 20% 35,3K 35s
   300K .......... .......... .......... .......... .......... 23% 51,2K 31s
   350K .......... .......... .......... .......... .......... 27% 54,6K 29s
   400K .......... .......... .......... .......... .......... 30% 50,9K 27s
   450K .......... .......... .......... .......... .......... 34% 63,4K 24s
   500K .......... .......... .......... .......... .......... 37% 48,0K 23s
   550K .......... .......... .......... .......... .......... 41% 53,4K 21s
   600K .......... .......... .......... .......... .......... 44% 60,7K 19s
   650K .......... .......... .......... .......... .......... 47% 68,1K 18s
   700K .......... .......... .......... .......... .......... 51% 81,0K 16s
   750K .......... .......... .......... .......... .......... 54% 85,0K 14s
   800K .......... .......... .......... .......... .......... 58% 53,5K 13s
   850K .......... .......... .......... .......... .......... 61%  115K 12s
   900K .......... .......... .......... .......... .......... 64% 84,6K 10s
   950K .......... .......... .......... .......... .......... 68% 85,3K 9s
  1000K .......... .......... .......... .......... .......... 71% 93,3K 8s
  1050K .......... .......... .......... .......... .......... 75%  115K 7s
  1100K .......... .......... .......... .......... .......... 78% 92,8K 6s
  1150K .......... .......... .......... .......... .......... 82%  111K 5s
  1200K .......... .......... .......... .......... .......... 85% 84,7K 4s
  1250K .......... .......... .......... .......... .......... 88%  129K 3s
  1300K .......... .......... .......... .......... .......... 92% 87,7K 2s
  1350K .......... .......... .......... .......... .......... 95%  127K 1s
  1400K .......... .......... .......... .......... .......... 99% 61,5K 0s
  1450K .......... ..                                         100% 55,5K=25s

2018-12-09 13:02:25 (59,0 KB/s) - 'kplr002015262-2010174085026_llc_lc.tbl' saved [1497966/1497966]

--2018-12-09 13:02:25--  http://exoplanetarchive.ipac.caltech.edu/data/ETSS//Kepler/005/378/97/kplr002015262-2010265121752_llc.fits
Resolving exoplanetarchive.ipac.caltech.edu (exoplanetarchive.ipac.caltech.edu)... 134.4.54.147
Connecting to exoplanetarchive.ipac.caltech.edu (exoplanetarchive.ipac.caltech.edu)|134.4.54.147|:80... connected.
HTTP request sent, awaiting response... 302 Found
Location: https://exoplanetarchive.ipac.caltech.edu/data/ETSS//Kepler/005/378/97/kplr002015262-2010265121752_llc.fits [following]
--2018-12-09 13:02:25--  https://exoplanetarchive.ipac.caltech.edu/data/ETSS//Kepler/005/378/97/kplr002015262-2010265121752_llc.fits
Connecting to exoplanetarchive.ipac.caltech.edu (exoplanetarchive.ipac.caltech.edu)|134.4.54.147|:443... connected.
HTTP request sent, awaiting response... 200 OK
Length: 469440 (458K) [image/x-fits]
Saving to: 'kplr002015262-2010265121752_llc.fits'

     0K .......... .......... .......... .......... .......... 10% 41,7K 10s
    50K .......... .......... .......... .......... .......... 21% 87,4K 6s
   100K .......... .......... .......... .......... .......... 32%  127K 4s
   150K .......... .......... .......... .......... .......... 43%  240K 3s
   200K .......... .......... .......... .......... .......... 54%  249K 2s
   250K .......... .......... .......... .......... .......... 65%  134K 2s
   300K .......... .......... .......... .......... .......... 76%  255K 1s
   350K .......... .......... .......... .......... .......... 87%  227K 0s
   400K .......... .......... .......... .......... .......... 98%  252K 0s
   450K ........                                              100% 18,1M=3,6s

2018-12-09 13:02:30 (129 KB/s) - 'kplr002015262-2010265121752_llc.fits' saved [469440/469440]

--2018-12-09 13:02:30--  http://exoplanetarchive.ipac.caltech.edu/data/ETSS//Kepler/005/395/51/kplr002015262-2010265121752_llc_lc.tbl
Resolving exoplanetarchive.ipac.caltech.edu (exoplanetarchive.ipac.caltech.edu)... 134.4.54.147
Connecting to exoplanetarchive.ipac.caltech.edu (exoplanetarchive.ipac.caltech.edu)|134.4.54.147|:80... connected.
HTTP request sent, awaiting response... 302 Found
Location: https://exoplanetarchive.ipac.caltech.edu/data/ETSS//Kepler/005/395/51/kplr002015262-2010265121752_llc_lc.tbl [following]
--2018-12-09 13:02:31--  https://exoplanetarchive.ipac.caltech.edu/data/ETSS//Kepler/005/395/51/kplr002015262-2010265121752_llc_lc.tbl
Connecting to exoplanetarchive.ipac.caltech.edu (exoplanetarchive.ipac.caltech.edu)|134.4.54.147|:443... connected.
HTTP request sent, awaiting response... 200 OK
Length: 1421977 (1,4M) [text/plain]
Saving to: 'kplr002015262-2010265121752_llc_lc.tbl'

     0K .......... .......... .......... .......... ..........  3% 43,2K 31s
    50K .......... .......... .......... .......... ..........  7%  126K 20s
   100K .......... .......... .......... .......... .......... 10%  129K 16s
   150K .......... .......... .......... .......... .......... 14%  249K 13s
   200K .......... .......... .......... .......... .......... 18%  129K 12s
   250K .......... .......... .......... .......... .......... 21%  251K 10s
   300K .......... .......... .......... .......... .......... 25%  126K 9s
   350K .......... .......... .......... .......... .......... 28%  253K 8s
   400K .......... .......... .......... .......... .......... 32%  127K 8s
   450K .......... .......... .......... .......... .......... 36%  256K 7s
   500K .......... .......... .......... .......... .......... 39% 8,93M 6s
   550K .......... .......... .......... .......... .......... 43%  259K 5s
   600K .......... .......... .......... .......... .......... 46%  256K 5s
   650K .......... .......... .......... .......... .......... 50%  254K 4s
   700K .......... .......... .......... .......... .......... 54%  251K 4s
   750K .......... .......... .......... .......... .......... 57%  257K 4s
   800K .......... .......... .......... .......... .......... 61%  256K 3s
   850K .......... .......... .......... .......... .......... 64%  252K 3s
   900K .......... .......... .......... .......... .......... 68% 11,8M 2s
   950K .......... .......... .......... .......... .......... 72%  257K 2s
  1000K .......... .......... .......... .......... .......... 75%  260K 2s
  1050K .......... .......... .......... .......... .......... 79%  254K 2s
  1100K .......... .......... .......... .......... .......... 82% 12,4M 1s
  1150K .......... .......... .......... .......... .......... 86%  258K 1s
  1200K .......... .......... .......... .......... .......... 90%  258K 1s
  1250K .......... .......... .......... .......... .......... 93%  259K 0s
  1300K .......... .......... .......... .......... .......... 97% 5,28M 0s
  1350K .......... .......... .......... ........             100%  211K=6,7s

2018-12-09 13:02:38 (208 KB/s) - 'kplr002015262-2010265121752_llc_lc.tbl' saved [1421977/1421977]

--2018-12-09 13:02:38--  http://exoplanetarchive.ipac.caltech.edu/data/ETSS//Kepler/005/278/85/kplr002015262-2010355172524_llc.fits
Resolving exoplanetarchive.ipac.caltech.edu (exoplanetarchive.ipac.caltech.edu)... 134.4.54.147
Connecting to exoplanetarchive.ipac.caltech.edu (exoplanetarchive.ipac.caltech.edu)|134.4.54.147|:80... connected.
HTTP request sent, awaiting response... 302 Found
Location: https://exoplanetarchive.ipac.caltech.edu/data/ETSS//Kepler/005/278/85/kplr002015262-2010355172524_llc.fits [following]
--2018-12-09 13:02:39--  https://exoplanetarchive.ipac.caltech.edu/data/ETSS//Kepler/005/278/85/kplr002015262-2010355172524_llc.fits
Connecting to exoplanetarchive.ipac.caltech.edu (exoplanetarchive.ipac.caltech.edu)|134.4.54.147|:443... connected.
HTTP request sent, awaiting response... 200 OK
Length: 466560 (456K) [image/x-fits]
Saving to: 'kplr002015262-2010355172524_llc.fits'

     0K .......... .......... .......... .......... .......... 10% 43,0K 9s
    50K .......... .......... .......... .......... .......... 21% 84,7K 6s
   100K .......... .......... .......... .......... .......... 32%  128K 4s
   150K .......... .......... .......... .......... .......... 43%  128K 3s
   200K .......... .......... .......... .......... .......... 54%  251K 2s
   250K .......... .......... .......... .......... .......... 65%  258K 2s
   300K .......... .......... .......... .......... .......... 76%  131K 1s
   350K .......... .......... .......... .......... .......... 87%  232K 0s
   400K .......... .......... .......... .......... .......... 98%  282K 0s
   450K .....                                                 100% 36,6G=3,7s

2018-12-09 13:02:44 (123 KB/s) - 'kplr002015262-2010355172524_llc.fits' saved [466560/466560]

--2018-12-09 13:02:44--  http://exoplanetarchive.ipac.caltech.edu/data/ETSS//Kepler/005/295/19/kplr002015262-2010355172524_llc_lc.tbl
Resolving exoplanetarchive.ipac.caltech.edu (exoplanetarchive.ipac.caltech.edu)... 134.4.54.147
Connecting to exoplanetarchive.ipac.caltech.edu (exoplanetarchive.ipac.caltech.edu)|134.4.54.147|:80... connected.
HTTP request sent, awaiting response... 302 Found
Location: https://exoplanetarchive.ipac.caltech.edu/data/ETSS//Kepler/005/295/19/kplr002015262-2010355172524_llc_lc.tbl [following]
--2018-12-09 13:02:44--  https://exoplanetarchive.ipac.caltech.edu/data/ETSS//Kepler/005/295/19/kplr002015262-2010355172524_llc_lc.tbl
Connecting to exoplanetarchive.ipac.caltech.edu (exoplanetarchive.ipac.caltech.edu)|134.4.54.147|:443... connected.
HTTP request sent, awaiting response... 200 OK
Length: 1414586 (1,3M) [text/plain]
Saving to: 'kplr002015262-2010355172524_llc_lc.tbl'

     0K .......... .......... .......... .......... ..........  3% 43,0K 31s
    50K .......... .......... .......... .......... ..........  7% 86,1K 22s
   100K .......... .......... .......... .......... .......... 10%  128K 18s
   150K .......... .......... .......... .......... .......... 14%  249K 14s
   200K .......... .......... .......... .......... .......... 18%  130K 12s
   250K .......... .......... .......... .......... .......... 21%  240K 11s
   300K .......... .......... .......... .......... .......... 25%  248K 9s
   350K .......... .......... .......... .......... .......... 28%  265K 8s
   400K .......... .......... .......... .......... .......... 32%  130K 8s
   450K .......... .......... .......... .......... .......... 36%  259K 7s
   500K .......... .......... .......... .......... .......... 39%  254K 6s
   550K .......... .......... .......... .......... .......... 43% 10,2M 5s
   600K .......... .......... .......... .......... .......... 47%  127K 5s
   650K .......... .......... .......... .......... .......... 50% 22,9M 4s
   700K .......... .......... .......... .......... .......... 54% 64,7K 4s
   750K .......... .......... .......... .......... .......... 57%  113K 4s
   800K .......... .......... .......... .......... .......... 61%  151K 4s
   850K .......... .......... .......... .......... .......... 65%  195K 3s
   900K .......... .......... .......... .......... .......... 68%  256K 3s
   950K .......... .......... .......... .......... .......... 72%  129K 3s
  1000K .......... .......... .......... .......... .......... 76%  251K 2s
  1050K .......... .......... .......... .......... .......... 79%  253K 2s
  1100K .......... .......... .......... .......... .......... 83%  255K 2s
  1150K .......... .......... .......... .......... .......... 86%  259K 1s
  1200K .......... .......... .......... .......... .......... 90%  250K 1s
  1250K .......... .......... .......... .......... .......... 94%  262K 1s
  1300K .......... .......... .......... .......... .......... 97%  260K 0s
  1350K .......... .......... .......... .                    100% 13,9M=8,3s

2018-12-09 13:02:53 (167 KB/s) - 'kplr002015262-2010355172524_llc_lc.tbl' saved [1414586/1414586]

--2018-12-09 13:02:53--  http://exoplanetarchive.ipac.caltech.edu/data/ETSS//Kepler/005/412/04/kplr002015262-2011073133259_llc.fits
Resolving exoplanetarchive.ipac.caltech.edu (exoplanetarchive.ipac.caltech.edu)... 134.4.54.147
Connecting to exoplanetarchive.ipac.caltech.edu (exoplanetarchive.ipac.caltech.edu)|134.4.54.147|:80... connected.
HTTP request sent, awaiting response... 302 Found
Location: https://exoplanetarchive.ipac.caltech.edu/data/ETSS//Kepler/005/412/04/kplr002015262-2011073133259_llc.fits [following]
--2018-12-09 13:02:54--  https://exoplanetarchive.ipac.caltech.edu/data/ETSS//Kepler/005/412/04/kplr002015262-2011073133259_llc.fits
Connecting to exoplanetarchive.ipac.caltech.edu (exoplanetarchive.ipac.caltech.edu)|134.4.54.147|:443... connected.
HTTP request sent, awaiting response... 200 OK
Length: 357120 (349K) [image/x-fits]
Saving to: 'kplr002015262-2011073133259_llc.fits'

     0K .......... .......... .......... .......... .......... 14% 43,2K 7s
    50K .......... .......... .......... .......... .......... 28% 86,7K 4s
   100K .......... .......... .......... .......... .......... 43%  128K 3s
   150K .......... .......... .......... .......... .......... 57%  131K 2s
   200K .......... .......... .......... .......... .......... 71%  129K 1s
   250K .......... .......... .......... .......... .......... 86%  246K 1s
   300K .......... .......... .......... .......... ........  100%  261K=3,3s

2018-12-09 13:02:58 (106 KB/s) - 'kplr002015262-2011073133259_llc.fits' saved [357120/357120]

--2018-12-09 13:02:58--  http://exoplanetarchive.ipac.caltech.edu/data/ETSS//Kepler/005/428/83/kplr002015262-2011073133259_llc_lc.tbl
Resolving exoplanetarchive.ipac.caltech.edu (exoplanetarchive.ipac.caltech.edu)... 134.4.54.147
Connecting to exoplanetarchive.ipac.caltech.edu (exoplanetarchive.ipac.caltech.edu)|134.4.54.147|:80... connected.
HTTP request sent, awaiting response... 302 Found
Location: https://exoplanetarchive.ipac.caltech.edu/data/ETSS//Kepler/005/428/83/kplr002015262-2011073133259_llc_lc.tbl [following]
--2018-12-09 13:02:59--  https://exoplanetarchive.ipac.caltech.edu/data/ETSS//Kepler/005/428/83/kplr002015262-2011073133259_llc_lc.tbl
Connecting to exoplanetarchive.ipac.caltech.edu (exoplanetarchive.ipac.caltech.edu)|134.4.54.147|:443... connected.
HTTP request sent, awaiting response... 200 OK
Length: 1061643 (1,0M) [text/plain]
Saving to: 'kplr002015262-2011073133259_llc_lc.tbl'

     0K .......... .......... .......... .......... ..........  4% 43,2K 23s
    50K .......... .......... .......... .......... ..........  9% 86,1K 16s
   100K .......... .......... .......... .......... .......... 14%  127K 13s
   150K .......... .......... .......... .......... .......... 19%  128K 11s
   200K .......... .......... .......... .......... .......... 24%  131K 9s
   250K .......... .......... .......... .......... .......... 28%  128K 8s
   300K .......... .......... .......... .......... .......... 33%  249K 7s
   350K .......... .......... .......... .......... .......... 38%  252K 6s
   400K .......... .......... .......... .......... .......... 43%  129K 5s
   450K .......... .......... .......... .......... .......... 48%  250K 5s
   500K .......... .......... .......... .......... .......... 53%  258K 4s
   550K .......... .......... .......... .......... .......... 57%  250K 3s
   600K .......... .......... .......... .......... .......... 62%  259K 3s
   650K .......... .......... .......... .......... .......... 67%  265K 2s
   700K .......... .......... .......... .......... .......... 72%  254K 2s
   750K .......... .......... .......... .......... .......... 77%  257K 2s
   800K .......... .......... .......... .......... .......... 81%  259K 1s
   850K .......... .......... .......... .......... .......... 86%  261K 1s
   900K .......... .......... .......... .......... .......... 91%  252K 1s
   950K .......... .......... .......... .......... .......... 96% 16,5M 0s
  1000K .......... .......... .......... ......               100%  192K=6,2s

2018-12-09 13:03:06 (166 KB/s) - 'kplr002015262-2011073133259_llc_lc.tbl' saved [1061643/1061643]

--2018-12-09 13:03:06--  http://exoplanetarchive.ipac.caltech.edu/data/ETSS//Kepler/005/311/52/kplr002015262-2011177032512_llc.fits
Resolving exoplanetarchive.ipac.caltech.edu (exoplanetarchive.ipac.caltech.edu)... 134.4.54.147
Connecting to exoplanetarchive.ipac.caltech.edu (exoplanetarchive.ipac.caltech.edu)|134.4.54.147|:80... connected.
HTTP request sent, awaiting response... 302 Found
Location: https://exoplanetarchive.ipac.caltech.edu/data/ETSS//Kepler/005/311/52/kplr002015262-2011177032512_llc.fits [following]
--2018-12-09 13:03:06--  https://exoplanetarchive.ipac.caltech.edu/data/ETSS//Kepler/005/311/52/kplr002015262-2011177032512_llc.fits
Connecting to exoplanetarchive.ipac.caltech.edu (exoplanetarchive.ipac.caltech.edu)|134.4.54.147|:443... connected.
HTTP request sent, awaiting response... 200 OK
Length: 506880 (495K) [image/x-fits]
Saving to: 'kplr002015262-2011177032512_llc.fits'

     0K .......... .......... .......... .......... .......... 10% 42,7K 10s
    50K .......... .......... .......... .......... .......... 20% 85,3K 7s
   100K .......... .......... .......... .......... .......... 30%  128K 5s
   150K .......... .......... .......... .......... .......... 40% 85,7K 4s
   200K .......... .......... .......... .......... .......... 50%  260K 3s
   250K .......... .......... .......... .......... .......... 60%  235K 2s
   300K .......... .......... .......... .......... .......... 70%  135K 1s
   350K .......... .......... .......... .......... .......... 80%  227K 1s
   400K .......... .......... .......... .......... .......... 90%  252K 0s
   450K .......... .......... .......... .......... .....     100%  230K=4,1s

2018-12-09 13:03:12 (120 KB/s) - 'kplr002015262-2011177032512_llc.fits' saved [506880/506880]

--2018-12-09 13:03:12--  http://exoplanetarchive.ipac.caltech.edu/data/ETSS//Kepler/005/328/25/kplr002015262-2011177032512_llc_lc.tbl
Resolving exoplanetarchive.ipac.caltech.edu (exoplanetarchive.ipac.caltech.edu)... 134.4.54.147
Connecting to exoplanetarchive.ipac.caltech.edu (exoplanetarchive.ipac.caltech.edu)|134.4.54.147|:80... connected.
HTTP request sent, awaiting response... 302 Found
Location: https://exoplanetarchive.ipac.caltech.edu/data/ETSS//Kepler/005/328/25/kplr002015262-2011177032512_llc_lc.tbl [following]
--2018-12-09 13:03:12--  https://exoplanetarchive.ipac.caltech.edu/data/ETSS//Kepler/005/328/25/kplr002015262-2011177032512_llc_lc.tbl
Connecting to exoplanetarchive.ipac.caltech.edu (exoplanetarchive.ipac.caltech.edu)|134.4.54.147|:443... connected.
HTTP request sent, awaiting response... 200 OK
Length: 1541130 (1,5M) [text/plain]
Saving to: 'kplr002015262-2011177032512_llc_lc.tbl'

     0K .......... .......... .......... .......... ..........  3% 43,1K 34s
    50K .......... .......... .......... .......... ..........  6% 86,1K 24s
   100K .......... .......... .......... .......... ..........  9%  229K 18s
   150K .......... .......... .......... .......... .......... 13%  133K 15s
   200K .......... .......... .......... .......... .......... 16%  236K 13s
   250K .......... .......... .......... .......... .......... 19%  131K 12s
   300K .......... .......... .......... .......... .......... 23%  126K 11s
   350K .......... .......... .......... .......... .......... 26%  253K 10s
   400K .......... .......... .......... .......... .......... 29%  257K 9s
   450K .......... .......... .......... .......... .......... 33%  257K 8s
   500K .......... .......... .......... .......... .......... 36%  255K 7s
   550K .......... .......... .......... .......... .......... 39%  259K 6s
   600K .......... .......... .......... .......... .......... 43% 6,49M 6s
   650K .......... .......... .......... .......... .......... 46%  129K 5s
   700K .......... .......... .......... .......... .......... 49% 8,44M 5s
   750K .......... .......... .......... .......... .......... 53%  258K 4s
   800K .......... .......... .......... .......... .......... 56%  255K 4s
   850K .......... .......... .......... .......... .......... 59%  264K 4s
   900K .......... .......... .......... .......... .......... 63% 8,76M 3s
   950K .......... .......... .......... .......... .......... 66%  262K 3s
  1000K .......... .......... .......... .......... .......... 69%  259K 2s
  1050K .......... .......... .......... .......... .......... 73%  260K 2s
  1100K .......... .......... .......... .......... .......... 76% 9,90M 2s
  1150K .......... .......... .......... .......... .......... 79%  262K 2s
  1200K .......... .......... .......... .......... .......... 83%  257K 1s
  1250K .......... .......... .......... .......... .......... 86% 5,16M 1s
  1300K .......... .......... .......... .......... .......... 89%  265K 1s
  1350K .......... .......... .......... .......... .......... 93% 4,41M 0s
  1400K .......... .......... .......... .......... .......... 96%  244K 0s
  1450K .......... .......... .......... .......... .......... 99% 1,91M 0s
  1500K .....                                                 100% 1,51M=6,7s

2018-12-09 13:03:20 (225 KB/s) - 'kplr002015262-2011177032512_llc_lc.tbl' saved [1541130/1541130]

--2018-12-09 13:03:20--  http://exoplanetarchive.ipac.caltech.edu/data/ETSS//Kepler/005/445/62/kplr002015262-2011271113734_llc.fits
Resolving exoplanetarchive.ipac.caltech.edu (exoplanetarchive.ipac.caltech.edu)... 134.4.54.147
Connecting to exoplanetarchive.ipac.caltech.edu (exoplanetarchive.ipac.caltech.edu)|134.4.54.147|:80... connected.
HTTP request sent, awaiting response... 302 Found
Location: https://exoplanetarchive.ipac.caltech.edu/data/ETSS//Kepler/005/445/62/kplr002015262-2011271113734_llc.fits [following]
--2018-12-09 13:03:21--  https://exoplanetarchive.ipac.caltech.edu/data/ETSS//Kepler/005/445/62/kplr002015262-2011271113734_llc.fits
Connecting to exoplanetarchive.ipac.caltech.edu (exoplanetarchive.ipac.caltech.edu)|134.4.54.147|:443... connected.
HTTP request sent, awaiting response... 200 OK
Length: 486720 (475K) [image/x-fits]
Saving to: 'kplr002015262-2011271113734_llc.fits'

     0K .......... .......... .......... .......... .......... 10% 43,1K 10s
    50K .......... .......... .......... .......... .......... 21% 87,0K 7s
   100K .......... .......... .......... .......... .......... 31%  130K 5s
   150K .......... .......... .......... .......... .......... 42%  241K 3s
   200K .......... .......... .......... .......... .......... 52%  127K 2s
   250K .......... .......... .......... .......... .......... 63% 19,4M 2s
   300K .......... .......... .......... .......... .......... 73% 51,6K 1s
   350K .......... .......... .......... .......... .......... 84%  116K 1s
   400K .......... .......... .......... .......... .......... 94%  128K 0s
   450K .......... .......... .....                           100%  157K=4,7s

2018-12-09 13:03:26 (102 KB/s) - 'kplr002015262-2011271113734_llc.fits' saved [486720/486720]

--2018-12-09 13:03:26--  http://exoplanetarchive.ipac.caltech.edu/data/ETSS//Kepler/005/462/31/kplr002015262-2011271113734_llc_lc.tbl
Resolving exoplanetarchive.ipac.caltech.edu (exoplanetarchive.ipac.caltech.edu)... 134.4.54.147
Connecting to exoplanetarchive.ipac.caltech.edu (exoplanetarchive.ipac.caltech.edu)|134.4.54.147|:80... connected.
HTTP request sent, awaiting response... 302 Found
Location: https://exoplanetarchive.ipac.caltech.edu/data/ETSS//Kepler/005/462/31/kplr002015262-2011271113734_llc_lc.tbl [following]
--2018-12-09 13:03:27--  https://exoplanetarchive.ipac.caltech.edu/data/ETSS//Kepler/005/462/31/kplr002015262-2011271113734_llc_lc.tbl
Connecting to exoplanetarchive.ipac.caltech.edu (exoplanetarchive.ipac.caltech.edu)|134.4.54.147|:443... connected.
HTTP request sent, awaiting response... 200 OK
Length: 1478342 (1,4M) [text/plain]
Saving to: 'kplr002015262-2011271113734_llc_lc.tbl'

     0K .......... .......... .......... .......... ..........  3% 42,9K 33s
    50K .......... .......... .......... .......... ..........  6% 85,2K 24s
   100K .......... .......... .......... .......... .......... 10%  128K 19s
   150K .......... .......... .......... .......... .......... 13%  128K 16s
   200K .......... .......... .......... .......... .......... 17%  255K 13s
   250K .......... .......... .......... .......... .......... 20%  130K 12s
   300K .......... .......... .......... .......... .......... 24%  248K 10s
   350K .......... .......... .......... .......... .......... 27%  251K 9s
   400K .......... .......... .......... .......... .......... 31%  129K 9s
   450K .......... .......... .......... .......... .......... 34%  260K 8s
   500K .......... .......... .......... .......... .......... 38%  257K 7s
   550K .......... .......... .......... .......... .......... 41%  255K 6s
   600K .......... .......... .......... .......... .......... 45%  259K 6s
   650K .......... .......... .......... .......... .......... 48%  260K 5s
   700K .......... .......... .......... .......... .......... 51% 11,1M 5s
   750K .......... .......... .......... .......... .......... 55%  251K 4s
   800K .......... .......... .......... .......... .......... 58%  258K 4s
   850K .......... .......... .......... .......... .......... 62%  253K 3s
   900K .......... .......... .......... .......... .......... 65%  262K 3s
   950K .......... .......... .......... .......... .......... 69%  253K 3s
  1000K .......... .......... .......... .......... .......... 72%  252K 2s
  1050K .......... .......... .......... .......... .......... 76% 15,0M 2s
  1100K .......... .......... .......... .......... .......... 79%  255K 2s
  1150K .......... .......... .......... .......... .......... 83%  261K 1s
  1200K .......... .......... .......... .......... .......... 86% 8,46M 1s
  1250K .......... .......... .......... .......... .......... 90%  256K 1s
  1300K .......... .......... .......... .......... .......... 93% 12,8M 0s
  1350K .......... .......... .......... .......... .......... 96%  263K 0s
  1400K .......... .......... .......... .......... ...       100% 10,0M=6,8s

2018-12-09 13:03:35 (211 KB/s) - 'kplr002015262-2011271113734_llc_lc.tbl' saved [1478342/1478342]

--2018-12-09 13:03:35--  http://exoplanetarchive.ipac.caltech.edu/data/ETSS//Kepler/005/479/01/kplr002015262-2012004120508_llc.fits
Resolving exoplanetarchive.ipac.caltech.edu (exoplanetarchive.ipac.caltech.edu)... 134.4.54.147
Connecting to exoplanetarchive.ipac.caltech.edu (exoplanetarchive.ipac.caltech.edu)|134.4.54.147|:80... connected.
HTTP request sent, awaiting response... 302 Found
Location: https://exoplanetarchive.ipac.caltech.edu/data/ETSS//Kepler/005/479/01/kplr002015262-2012004120508_llc.fits [following]
--2018-12-09 13:03:35--  https://exoplanetarchive.ipac.caltech.edu/data/ETSS//Kepler/005/479/01/kplr002015262-2012004120508_llc.fits
Connecting to exoplanetarchive.ipac.caltech.edu (exoplanetarchive.ipac.caltech.edu)|134.4.54.147|:443... connected.
HTTP request sent, awaiting response... 200 OK
Length: 506880 (495K) [image/x-fits]
Saving to: 'kplr002015262-2012004120508_llc.fits'

     0K .......... .......... .......... .......... .......... 10% 42,5K 10s
    50K .......... .......... .......... .......... .......... 20%  117K 6s
   100K .......... .......... .......... .......... .......... 30% 91,6K 5s
   150K .......... .......... .......... .......... .......... 40%  256K 3s
   200K .......... .......... .......... .......... .......... 50%  128K 3s
   250K .......... .......... .......... .......... .......... 60%  255K 2s
   300K .......... .......... .......... .......... .......... 70%  130K 1s
   350K .......... .......... .......... .......... .......... 80%  255K 1s
   400K .......... .......... .......... .......... .......... 90%  128K 0s
   450K .......... .......... .......... .......... .....     100%  229K=4,1s

2018-12-09 13:03:40 (121 KB/s) - 'kplr002015262-2012004120508_llc.fits' saved [506880/506880]

--2018-12-09 13:03:40--  http://exoplanetarchive.ipac.caltech.edu/data/ETSS//Kepler/005/495/43/kplr002015262-2012004120508_llc_lc.tbl
Resolving exoplanetarchive.ipac.caltech.edu (exoplanetarchive.ipac.caltech.edu)... 134.4.54.147
Connecting to exoplanetarchive.ipac.caltech.edu (exoplanetarchive.ipac.caltech.edu)|134.4.54.147|:80... connected.
HTTP request sent, awaiting response... 302 Found
Location: https://exoplanetarchive.ipac.caltech.edu/data/ETSS//Kepler/005/495/43/kplr002015262-2012004120508_llc_lc.tbl [following]
--2018-12-09 13:03:41--  https://exoplanetarchive.ipac.caltech.edu/data/ETSS//Kepler/005/495/43/kplr002015262-2012004120508_llc_lc.tbl
Connecting to exoplanetarchive.ipac.caltech.edu (exoplanetarchive.ipac.caltech.edu)|134.4.54.147|:443... connected.
HTTP request sent, awaiting response... 200 OK
Length: 1536568 (1,5M) [text/plain]
Saving to: 'kplr002015262-2012004120508_llc_lc.tbl'

     0K .......... .......... .......... .......... ..........  3% 42,7K 34s
    50K .......... .......... .......... .......... ..........  6% 85,8K 25s
   100K .......... .......... .......... .......... ..........  9%  126K 19s
   150K .......... .......... .......... .......... .......... 13%  128K 17s
   200K .......... .......... .......... .......... .......... 16%  244K 14s
   250K .......... .......... .......... .......... .......... 19%  132K 13s
   300K .......... .......... .......... .......... .......... 23%  243K 11s
   350K .......... .......... .......... .......... .......... 26%  264K 10s
   400K .......... .......... .......... .......... .......... 29%  128K 9s
   450K .......... .......... .......... .......... .......... 33%  257K 8s
   500K .......... .......... .......... .......... .......... 36%  256K 7s
   550K .......... .......... .......... .......... .......... 39% 7,20M 6s
   600K .......... .......... .......... .......... .......... 43%  250K 6s
   650K .......... .......... .......... .......... .......... 46%  271K 5s
   700K .......... .......... .......... .......... .......... 49%  259K 5s
   750K .......... .......... .......... .......... .......... 53% 2,14M 4s
   800K .......... .......... .......... .......... .......... 56%  247K 4s
   850K .......... .......... .......... .......... .......... 59%  256K 4s
   900K .......... .......... .......... .......... .......... 63%  258K 3s
   950K .......... .......... .......... .......... .......... 66% 8,60M 3s
  1000K .......... .......... .......... .......... .......... 69%  249K 2s
  1050K .......... .......... .......... .......... .......... 73%  270K 2s
  1100K .......... .......... .......... .......... .......... 76% 6,50M 2s
  1150K .......... .......... .......... .......... .......... 79%  261K 2s
  1200K .......... .......... .......... .......... .......... 83%  259K 1s
  1250K .......... .......... .......... .......... .......... 86% 4,58M 1s
  1300K .......... .......... .......... .......... .......... 89%  273K 1s
  1350K .......... .......... .......... .......... .......... 93% 2,39M 0s
  1400K .......... .......... .......... .......... .......... 96%  283K 0s
  1450K .......... .......... .......... .......... .......... 99% 3,66M 0s
  1500K                                                       100% 3,61G=6,7s

2018-12-09 13:03:48 (224 KB/s) - 'kplr002015262-2012004120508_llc_lc.tbl' saved [1536568/1536568]

--2018-12-09 13:03:48--  http://exoplanetarchive.ipac.caltech.edu/data/ETSS//Kepler/005/511/84/kplr002015262-2012088054726_llc.fits
Resolving exoplanetarchive.ipac.caltech.edu (exoplanetarchive.ipac.caltech.edu)... 134.4.54.147
Connecting to exoplanetarchive.ipac.caltech.edu (exoplanetarchive.ipac.caltech.edu)|134.4.54.147|:80... connected.
HTTP request sent, awaiting response... 302 Found
Location: https://exoplanetarchive.ipac.caltech.edu/data/ETSS//Kepler/005/511/84/kplr002015262-2012088054726_llc.fits [following]
--2018-12-09 13:03:49--  https://exoplanetarchive.ipac.caltech.edu/data/ETSS//Kepler/005/511/84/kplr002015262-2012088054726_llc.fits
Connecting to exoplanetarchive.ipac.caltech.edu (exoplanetarchive.ipac.caltech.edu)|134.4.54.147|:443... connected.
HTTP request sent, awaiting response... 200 OK
Length: 434880 (425K) [image/x-fits]
Saving to: 'kplr002015262-2012088054726_llc.fits'

     0K .......... .......... .......... .......... .......... 11% 42,9K 9s
    50K .......... .......... .......... .......... .......... 23% 84,7K 6s
   100K .......... .......... .......... .......... .......... 35%  127K 4s
   150K .......... .......... .......... .......... .......... 47%  237K 3s
   200K .......... .......... .......... .......... .......... 58%  126K 2s
   250K .......... .......... .......... .......... .......... 70%  232K 1s
   300K .......... .......... .......... .......... .......... 82%  130K 1s
   350K .......... .......... .......... .......... .......... 94%  253K 0s
   400K .......... .......... ....                            100%  123K=3,8s

2018-12-09 13:03:54 (113 KB/s) - 'kplr002015262-2012088054726_llc.fits' saved [434880/434880]

--2018-12-09 13:03:54--  http://exoplanetarchive.ipac.caltech.edu/data/ETSS//Kepler/005/528/53/kplr002015262-2012088054726_llc_lc.tbl
Resolving exoplanetarchive.ipac.caltech.edu (exoplanetarchive.ipac.caltech.edu)... 134.4.54.147
Connecting to exoplanetarchive.ipac.caltech.edu (exoplanetarchive.ipac.caltech.edu)|134.4.54.147|:80... connected.
HTTP request sent, awaiting response... 302 Found
Location: https://exoplanetarchive.ipac.caltech.edu/data/ETSS//Kepler/005/528/53/kplr002015262-2012088054726_llc_lc.tbl [following]
--2018-12-09 13:03:54--  https://exoplanetarchive.ipac.caltech.edu/data/ETSS//Kepler/005/528/53/kplr002015262-2012088054726_llc_lc.tbl
Connecting to exoplanetarchive.ipac.caltech.edu (exoplanetarchive.ipac.caltech.edu)|134.4.54.147|:443... connected.
HTTP request sent, awaiting response... 200 OK
Length: 1307991 (1,2M) [text/plain]
Saving to: 'kplr002015262-2012088054726_llc_lc.tbl'

     0K .......... .......... .......... .......... ..........  3% 41,4K 30s
    50K .......... .......... .......... .......... ..........  7%  124K 19s
   100K .......... .......... .......... .......... .......... 11% 81,6K 17s
   150K .......... .......... .......... .......... .......... 15%  235K 13s
   200K .......... .......... .......... .......... .......... 19%  127K 12s
   250K .......... .......... .......... .......... .......... 23%  129K 10s
   300K .......... .......... .......... .......... .......... 27%  129K 10s
   350K .......... .......... .......... .......... .......... 31%  128K 9s
   400K .......... .......... .......... .......... .......... 35% 78,6K 9s
   450K .......... .......... .......... .......... .......... 39% 85,4K 8s
   500K .......... .......... .......... .......... .......... 43%  141K 7s
   550K .......... .......... .......... .......... .......... 46%  220K 7s
   600K .......... .......... .......... .......... .......... 50%  124K 6s
   650K .......... .......... .......... .......... .......... 54% 50,7K 6s
   700K .......... .......... .......... .......... .......... 58% 64,6K 6s
   750K .......... .......... .......... .......... .......... 62%  127K 5s
   800K .......... .......... .......... .......... .......... 66% 64,9K 5s
   850K .......... .......... .......... .......... .......... 70%  128K 4s
   900K .......... .......... .......... .......... .......... 74%  128K 3s
   950K .......... .......... .......... .......... .......... 78%  128K 3s
  1000K .......... .......... .......... .......... .......... 82% 86,1K 2s
  1050K .......... .......... .......... .......... .......... 86%  123K 2s
  1100K .......... .......... .......... .......... .......... 90%  134K 1s
  1150K .......... .......... .......... .......... .......... 93% 86,0K 1s
  1200K .......... .......... .......... .......... .......... 97% 32,2K 0s
  1250K .......... .......... .......                         100%  141K=14s

2018-12-09 13:04:09 (91,3 KB/s) - 'kplr002015262-2012088054726_llc_lc.tbl' saved [1307991/1307991]

--2018-12-09 13:04:09--  http://exoplanetarchive.ipac.caltech.edu/data/ETSS//Kepler/005/545/23/kplr002015262-2012179063303_llc.fits
Resolving exoplanetarchive.ipac.caltech.edu (exoplanetarchive.ipac.caltech.edu)... 134.4.54.147
Connecting to exoplanetarchive.ipac.caltech.edu (exoplanetarchive.ipac.caltech.edu)|134.4.54.147|:80... connected.
HTTP request sent, awaiting response... 302 Found
Location: https://exoplanetarchive.ipac.caltech.edu/data/ETSS//Kepler/005/545/23/kplr002015262-2012179063303_llc.fits [following]
--2018-12-09 13:04:10--  https://exoplanetarchive.ipac.caltech.edu/data/ETSS//Kepler/005/545/23/kplr002015262-2012179063303_llc.fits
Connecting to exoplanetarchive.ipac.caltech.edu (exoplanetarchive.ipac.caltech.edu)|134.4.54.147|:443... connected.
HTTP request sent, awaiting response... 200 OK
Length: 472320 (461K) [image/x-fits]
Saving to: 'kplr002015262-2012179063303_llc.fits'

     0K .......... .......... .......... .......... .......... 10% 42,6K 10s
    50K .......... .......... .......... .......... .......... 21% 85,1K 6s
   100K .......... .......... .......... .......... .......... 32%  126K 4s
   150K .......... .......... .......... .......... .......... 43%  126K 3s
   200K .......... .......... .......... .......... .......... 54%  256K 2s
   250K .......... .......... .......... .......... .......... 65%  123K 2s
   300K .......... .......... .......... .......... .......... 75%  273K 1s
   350K .......... .......... .......... .......... .......... 86%  129K 1s
   400K .......... .......... .......... .......... .......... 97%  129K 0s
   450K .......... .                                          100% 19,9M=4,1s

2018-12-09 13:04:15 (112 KB/s) - 'kplr002015262-2012179063303_llc.fits' saved [472320/472320]

--2018-12-09 13:04:15--  http://exoplanetarchive.ipac.caltech.edu/data/ETSS//Kepler/005/561/90/kplr002015262-2012179063303_llc_lc.tbl
Resolving exoplanetarchive.ipac.caltech.edu (exoplanetarchive.ipac.caltech.edu)... 134.4.54.147
Connecting to exoplanetarchive.ipac.caltech.edu (exoplanetarchive.ipac.caltech.edu)|134.4.54.147|:80... connected.
HTTP request sent, awaiting response... 302 Found
Location: https://exoplanetarchive.ipac.caltech.edu/data/ETSS//Kepler/005/561/90/kplr002015262-2012179063303_llc_lc.tbl [following]
--2018-12-09 13:04:15--  https://exoplanetarchive.ipac.caltech.edu/data/ETSS//Kepler/005/561/90/kplr002015262-2012179063303_llc_lc.tbl
Connecting to exoplanetarchive.ipac.caltech.edu (exoplanetarchive.ipac.caltech.edu)|134.4.54.147|:443... connected.
HTTP request sent, awaiting response... 200 OK
Length: 1429389 (1,4M) [text/plain]
Saving to: 'kplr002015262-2012179063303_llc_lc.tbl'

     0K .......... .......... .......... .......... ..........  3% 42,9K 31s
    50K .......... .......... .......... .......... ..........  7% 85,2K 23s
   100K .......... .......... .......... .......... .......... 10%  127K 18s
   150K .......... .......... .......... .......... .......... 14%  252K 14s
   200K .......... .......... .......... .......... .......... 17%  129K 13s
   250K .......... .......... .......... .......... .......... 21%  251K 11s
   300K .......... .......... .......... .......... .......... 25%  125K 10s
   350K .......... .......... .......... .......... .......... 28%  249K 9s
   400K .......... .......... .......... .......... .......... 32%  252K 8s
   450K .......... .......... .......... .......... .......... 35%  259K 7s
   500K .......... .......... .......... .......... .......... 39%  253K 6s
   550K .......... .......... .......... .......... .......... 42%  261K 6s
   600K .......... .......... .......... .......... .......... 46%  259K 5s
   650K .......... .......... .......... .......... .......... 50% 7,46M 4s
   700K .......... .......... .......... .......... .......... 53%  259K 4s
   750K .......... .......... .......... .......... .......... 57%  263K 4s
   800K .......... .......... .......... .......... .......... 60%  250K 3s
   850K .......... .......... .......... .......... .......... 64%  262K 3s
   900K .......... .......... .......... .......... .......... 68% 3,06M 2s
   950K .......... .......... .......... .......... .......... 71%  270K 2s
  1000K .......... .......... .......... .......... .......... 75% 2,99M 2s
  1050K .......... .......... .......... .......... .......... 78%  263K 2s
  1100K .......... .......... .......... .......... .......... 82%  276K 1s
  1150K .......... .......... .......... .......... .......... 85% 4,69M 1s
  1200K .......... .......... .......... .......... .......... 89%  258K 1s
  1250K .......... .......... .......... .......... .......... 93% 13,5M 0s
  1300K .......... .......... .......... .......... .......... 96%  259K 0s
  1350K .......... .......... .......... .......... .....     100% 9,97M=6,3s

2018-12-09 13:04:23 (222 KB/s) - 'kplr002015262-2012179063303_llc_lc.tbl' saved [1429389/1429389]

--2018-12-09 13:04:23--  http://exoplanetarchive.ipac.caltech.edu/data/ETSS//Kepler/005/578/57/kplr002015262-2012277125453_llc.fits
Resolving exoplanetarchive.ipac.caltech.edu (exoplanetarchive.ipac.caltech.edu)... 134.4.54.147
Connecting to exoplanetarchive.ipac.caltech.edu (exoplanetarchive.ipac.caltech.edu)|134.4.54.147|:80... connected.
HTTP request sent, awaiting response... 302 Found
Location: https://exoplanetarchive.ipac.caltech.edu/data/ETSS//Kepler/005/578/57/kplr002015262-2012277125453_llc.fits [following]
--2018-12-09 13:04:23--  https://exoplanetarchive.ipac.caltech.edu/data/ETSS//Kepler/005/578/57/kplr002015262-2012277125453_llc.fits
Connecting to exoplanetarchive.ipac.caltech.edu (exoplanetarchive.ipac.caltech.edu)|134.4.54.147|:443... connected.
HTTP request sent, awaiting response... 200 OK
Length: 506880 (495K) [image/x-fits]
Saving to: 'kplr002015262-2012277125453_llc.fits'

     0K .......... .......... .......... .......... .......... 10% 42,5K 10s
    50K .......... .......... .......... .......... .......... 20% 63,7K 8s
   100K .......... .......... .......... .......... .......... 30% 61,6K 6s
   150K .......... .......... .......... .......... .......... 40% 50,9K 6s
   200K .......... .......... .......... .......... .......... 50% 85,7K 4s
   250K .......... .......... .......... .......... .......... 60%  128K 3s
   300K .......... .......... .......... .......... .......... 70%  127K 2s
   350K .......... .......... .......... .......... .......... 80%  128K 1s
   400K .......... .......... .......... .......... .......... 90% 85,3K 1s
   450K .......... .......... .......... .......... .....     100%  116K=6,5s

2018-12-09 13:04:31 (76,3 KB/s) - 'kplr002015262-2012277125453_llc.fits' saved [506880/506880]

--2018-12-09 13:04:31--  http://exoplanetarchive.ipac.caltech.edu/data/ETSS//Kepler/005/595/27/kplr002015262-2012277125453_llc_lc.tbl
Resolving exoplanetarchive.ipac.caltech.edu (exoplanetarchive.ipac.caltech.edu)... 134.4.54.147
Connecting to exoplanetarchive.ipac.caltech.edu (exoplanetarchive.ipac.caltech.edu)|134.4.54.147|:80... connected.
HTTP request sent, awaiting response... 302 Found
Location: https://exoplanetarchive.ipac.caltech.edu/data/ETSS//Kepler/005/595/27/kplr002015262-2012277125453_llc_lc.tbl [following]
--2018-12-09 13:04:31--  https://exoplanetarchive.ipac.caltech.edu/data/ETSS//Kepler/005/595/27/kplr002015262-2012277125453_llc_lc.tbl
Connecting to exoplanetarchive.ipac.caltech.edu (exoplanetarchive.ipac.caltech.edu)|134.4.54.147|:443... connected.
HTTP request sent, awaiting response... 200 OK
Length: 1537590 (1,5M) [text/plain]
Saving to: 'kplr002015262-2012277125453_llc_lc.tbl'

     0K .......... .......... .......... .......... ..........  3% 42,7K 34s
    50K .......... .......... .......... .......... ..........  6% 84,7K 25s
   100K .......... .......... .......... .......... ..........  9%  125K 19s
   150K .......... .......... .......... .......... .......... 13%  252K 15s
   200K .......... .......... .......... .......... .......... 16%  128K 14s
   250K .......... .......... .......... .......... .......... 19%  130K 13s
   300K .......... .......... .......... .......... .......... 23%  253K 11s
   350K .......... .......... .......... .......... .......... 26%  255K 10s
   400K .......... .......... .......... .......... .......... 29%  129K 9s
   450K .......... .......... .......... .......... .......... 33%  129K 9s
   500K .......... .......... .......... .......... .......... 36%  258K 8s
   550K .......... .......... .......... .......... .......... 39%  254K 7s
   600K .......... .......... .......... .......... .......... 43%  252K 6s
   650K .......... .......... .......... .......... .......... 46%  252K 6s
   700K .......... .......... .......... .......... .......... 49%  260K 5s
   750K .......... .......... .......... .......... .......... 53%  254K 5s
   800K .......... .......... .......... .......... .......... 56% 6,56M 4s
   850K .......... .......... .......... .......... .......... 59%  254K 4s
   900K .......... .......... .......... .......... .......... 63%  256K 3s
   950K .......... .......... .......... .......... .......... 66%  278K 3s
  1000K .......... .......... .......... .......... .......... 69% 2,73M 3s
  1050K .......... .......... .......... .......... .......... 73%  256K 2s
  1100K .......... .......... .......... .......... .......... 76%  261K 2s
  1150K .......... .......... .......... .......... .......... 79% 4,48M 2s
  1200K .......... .......... .......... .......... .......... 83%  266K 1s
  1250K .......... .......... .......... .......... .......... 86%  259K 1s
  1300K .......... .......... .......... .......... .......... 89% 12,8M 1s
  1350K .......... .......... .......... .......... .......... 93%  262K 1s
  1400K .......... .......... .......... .......... .......... 96% 5,69M 0s
  1450K .......... .......... .......... .......... .......... 99% 3,29M 0s
  1500K .                                                     100% 10,1G=7,1s

2018-12-09 13:04:40 (212 KB/s) - 'kplr002015262-2012277125453_llc_lc.tbl' saved [1537590/1537590]

--2018-12-09 13:04:40--  http://exoplanetarchive.ipac.caltech.edu/data/ETSS//Kepler/005/611/97/kplr002015262-2013011073258_llc.fits
Resolving exoplanetarchive.ipac.caltech.edu (exoplanetarchive.ipac.caltech.edu)... 134.4.54.147
Connecting to exoplanetarchive.ipac.caltech.edu (exoplanetarchive.ipac.caltech.edu)|134.4.54.147|:80... connected.
HTTP request sent, awaiting response... 302 Found
Location: https://exoplanetarchive.ipac.caltech.edu/data/ETSS//Kepler/005/611/97/kplr002015262-2013011073258_llc.fits [following]
--2018-12-09 13:04:40--  https://exoplanetarchive.ipac.caltech.edu/data/ETSS//Kepler/005/611/97/kplr002015262-2013011073258_llc.fits
Connecting to exoplanetarchive.ipac.caltech.edu (exoplanetarchive.ipac.caltech.edu)|134.4.54.147|:443... connected.
HTTP request sent, awaiting response... 200 OK
Length: 506880 (495K) [image/x-fits]
Saving to: 'kplr002015262-2013011073258_llc.fits'

     0K .......... .......... .......... .......... .......... 10% 42,4K 10s
    50K .......... .......... .......... .......... .......... 20% 85,2K 7s
   100K .......... .......... .......... .......... .......... 30%  128K 5s
   150K .......... .......... .......... .......... .......... 40%  126K 4s
   200K .......... .......... .......... .......... .......... 50%  129K 3s
   250K .......... .......... .......... .......... .......... 60%  256K 2s
   300K .......... .......... .......... .......... .......... 70%  129K 1s
   350K .......... .......... .......... .......... .......... 80%  251K 1s
   400K .......... .......... .......... .......... .......... 90%  250K 0s
   450K .......... .......... .......... .......... .....     100%  229K=4,1s

2018-12-09 13:04:45 (120 KB/s) - 'kplr002015262-2013011073258_llc.fits' saved [506880/506880]

--2018-12-09 13:04:45--  http://exoplanetarchive.ipac.caltech.edu/data/ETSS//Kepler/005/628/44/kplr002015262-2013011073258_llc_lc.tbl
Resolving exoplanetarchive.ipac.caltech.edu (exoplanetarchive.ipac.caltech.edu)... 134.4.54.147
Connecting to exoplanetarchive.ipac.caltech.edu (exoplanetarchive.ipac.caltech.edu)|134.4.54.147|:80... connected.
HTTP request sent, awaiting response... 302 Found
Location: https://exoplanetarchive.ipac.caltech.edu/data/ETSS//Kepler/005/628/44/kplr002015262-2013011073258_llc_lc.tbl [following]
--2018-12-09 13:04:46--  https://exoplanetarchive.ipac.caltech.edu/data/ETSS//Kepler/005/628/44/kplr002015262-2013011073258_llc_lc.tbl
Connecting to exoplanetarchive.ipac.caltech.edu (exoplanetarchive.ipac.caltech.edu)|134.4.54.147|:443... connected.
HTTP request sent, awaiting response... 200 OK
Length: 1544995 (1,5M) [text/plain]
Saving to: 'kplr002015262-2013011073258_llc_lc.tbl'

     0K .......... .......... .......... .......... ..........  3% 42,6K 34s
    50K .......... .......... .......... .......... ..........  6% 85,1K 25s
   100K .......... .......... .......... .......... ..........  9%  124K 20s
   150K .......... .......... .......... .......... .......... 13%  125K 17s
   200K .......... .......... .......... .......... .......... 16%  127K 15s
   250K .......... .......... .......... .......... .......... 19%  257K 13s
   300K .......... .......... .......... .......... .......... 23%  128K 12s
   350K .......... .......... .......... .......... .......... 26%  250K 10s
   400K .......... .......... .......... .......... .......... 29%  129K 10s
   450K .......... .......... .......... .......... .......... 33%  128K 9s
   500K .......... .......... .......... .......... .......... 36%  256K 8s
   550K .......... .......... .......... .......... .......... 39%  257K 7s
   600K .......... .......... .......... .......... .......... 43%  259K 7s
   650K .......... .......... .......... .......... .......... 46%  254K 6s
   700K .......... .......... .......... .......... .......... 49%  253K 6s
   750K .......... .......... .......... .......... .......... 53%  253K 5s
   800K .......... .......... .......... .......... .......... 56%  255K 5s
   850K .......... .......... .......... .......... .......... 59%  258K 4s
   900K .......... .......... .......... .......... .......... 62%  260K 4s
   950K .......... .......... .......... .......... .......... 66% 10,8M 3s
  1000K .......... .......... .......... .......... .......... 69%  258K 3s
  1050K .......... .......... .......... .......... .......... 72%  259K 2s
  1100K .......... .......... .......... .......... .......... 76%  258K 2s
  1150K .......... .......... .......... .......... .......... 79% 7,45M 2s
  1200K .......... .......... .......... .......... .......... 82%  258K 1s
  1250K .......... .......... .......... .......... .......... 86%  263K 1s
  1300K .......... .......... .......... .......... .......... 89%  260K 1s
  1350K .......... .......... .......... .......... .......... 92% 7,48M 1s
  1400K .......... .......... .......... .......... .......... 96%  254K 0s
  1450K .......... .......... .......... .......... .......... 99% 11,9M 0s
  1500K ........                                              100% 46,2K=7,8s

2018-12-09 13:04:54 (192 KB/s) - 'kplr002015262-2013011073258_llc_lc.tbl' saved [1544995/1544995]

--2018-12-09 13:04:55--  http://exoplanetarchive.ipac.caltech.edu/data/ETSS//Kepler/005/644/92/kplr002015262-2013098041711_llc.fits
Resolving exoplanetarchive.ipac.caltech.edu (exoplanetarchive.ipac.caltech.edu)... 134.4.54.147
Connecting to exoplanetarchive.ipac.caltech.edu (exoplanetarchive.ipac.caltech.edu)|134.4.54.147|:80... connected.
HTTP request sent, awaiting response... 302 Found
Location: https://exoplanetarchive.ipac.caltech.edu/data/ETSS//Kepler/005/644/92/kplr002015262-2013098041711_llc.fits [following]
--2018-12-09 13:04:55--  https://exoplanetarchive.ipac.caltech.edu/data/ETSS//Kepler/005/644/92/kplr002015262-2013098041711_llc.fits
Connecting to exoplanetarchive.ipac.caltech.edu (exoplanetarchive.ipac.caltech.edu)|134.4.54.147|:443... connected.
HTTP request sent, awaiting response... 200 OK
Length: 449280 (439K) [image/x-fits]
Saving to: 'kplr002015262-2013098041711_llc.fits'

     0K .......... .......... .......... .......... .......... 11% 43,3K 9s
    50K .......... .......... .......... .......... .......... 22% 86,0K 6s
   100K .......... .......... .......... .......... .......... 34%  130K 4s
   150K .......... .......... .......... .......... .......... 45%  253K 3s
   200K .......... .......... .......... .......... .......... 56%  128K 2s
   250K .......... .......... .......... .......... .......... 68%  255K 1s
   300K .......... .......... .......... .......... .......... 79%  128K 1s
   350K .......... .......... .......... .......... .......... 91%  260K 0s
   400K .......... .......... .......... ........             100%  101K=3,9s

2018-12-09 13:05:00 (113 KB/s) - 'kplr002015262-2013098041711_llc.fits' saved [449280/449280]

--2018-12-09 13:05:00--  http://exoplanetarchive.ipac.caltech.edu/data/ETSS//Kepler/005/661/67/kplr002015262-2013098041711_llc_lc.tbl
Resolving exoplanetarchive.ipac.caltech.edu (exoplanetarchive.ipac.caltech.edu)... 134.4.54.147
Connecting to exoplanetarchive.ipac.caltech.edu (exoplanetarchive.ipac.caltech.edu)|134.4.54.147|:80... connected.
HTTP request sent, awaiting response... 302 Found
Location: https://exoplanetarchive.ipac.caltech.edu/data/ETSS//Kepler/005/661/67/kplr002015262-2013098041711_llc_lc.tbl [following]
--2018-12-09 13:05:00--  https://exoplanetarchive.ipac.caltech.edu/data/ETSS//Kepler/005/661/67/kplr002015262-2013098041711_llc_lc.tbl
Connecting to exoplanetarchive.ipac.caltech.edu (exoplanetarchive.ipac.caltech.edu)|134.4.54.147|:443... connected.
HTTP request sent, awaiting response... 200 OK
Length: 1359180 (1,3M) [text/plain]
Saving to: 'kplr002015262-2013098041711_llc_lc.tbl'

     0K .......... .......... .......... .......... ..........  3% 42,4K 30s
    50K .......... .......... .......... .......... ..........  7%  124K 19s
   100K .......... .......... .......... .......... .......... 11%  127K 16s
   150K .......... .......... .......... .......... .......... 15%  127K 13s
   200K .......... .......... .......... .......... .......... 18%  234K 11s
   250K .......... .......... .......... .......... .......... 22%  250K 10s
   300K .......... .......... .......... .......... .......... 26%  127K 9s
   350K .......... .......... .......... .......... .......... 30%  256K 8s
   400K .......... .......... .......... .......... .......... 33%  249K 7s
   450K .......... .......... .......... .......... .......... 37%  211K 6s
   500K .......... .......... .......... .......... .......... 41%  326K 6s
   550K .......... .......... .......... .......... .......... 45% 80,0K 6s
   600K .......... .......... .......... .......... .......... 48%  129K 5s
   650K .......... .......... .......... .......... .......... 52%  139K 5s
   700K .......... .......... .......... .......... .......... 56%  205K 4s
   750K .......... .......... .......... .......... .......... 60% 87,0K 4s
   800K .......... .......... .......... .......... .......... 64% 64,5K 4s
   850K .......... .......... .......... .......... .......... 67%  130K 3s
   900K .......... .......... .......... .......... .......... 71%  129K 3s
   950K .......... .......... .......... .......... .......... 75%  238K 3s
  1000K .......... .......... .......... .......... .......... 79%  130K 2s
  1050K .......... .......... .......... .......... .......... 82%  131K 2s
  1100K .......... .......... .......... .......... .......... 86%  125K 1s
  1150K .......... .......... .......... .......... .......... 90%  243K 1s
  1200K .......... .......... .......... .......... .......... 94% 87,6K 1s
  1250K .......... .......... .......... .......... .......... 97%  236K 0s
  1300K .......... .......... .......                         100%  146K=10s

2018-12-09 13:05:12 (129 KB/s) - 'kplr002015262-2013098041711_llc_lc.tbl' saved [1359180/1359180]

--2018-12-09 13:05:12--  http://exoplanetarchive.ipac.caltech.edu/data/ETSS//Kepler/005/678/43/kplr002015262-2013131215648_llc.fits
Resolving exoplanetarchive.ipac.caltech.edu (exoplanetarchive.ipac.caltech.edu)... 134.4.54.147
Connecting to exoplanetarchive.ipac.caltech.edu (exoplanetarchive.ipac.caltech.edu)|134.4.54.147|:80... connected.
HTTP request sent, awaiting response... 302 Found
Location: https://exoplanetarchive.ipac.caltech.edu/data/ETSS//Kepler/005/678/43/kplr002015262-2013131215648_llc.fits [following]
--2018-12-09 13:05:12--  https://exoplanetarchive.ipac.caltech.edu/data/ETSS//Kepler/005/678/43/kplr002015262-2013131215648_llc.fits
Connecting to exoplanetarchive.ipac.caltech.edu (exoplanetarchive.ipac.caltech.edu)|134.4.54.147|:443... connected.
HTTP request sent, awaiting response... 200 OK
Length: 187200 (183K) [image/x-fits]
Saving to: 'kplr002015262-2013131215648_llc.fits'

     0K .......... .......... .......... .......... .......... 27% 42,3K 3s
    50K .......... .......... .......... .......... .......... 54% 85,8K 1s
   100K .......... .......... .......... .......... .......... 82%  130K 0s
   150K .......... .......... .......... ..                   100%  169K=2,3s

2018-12-09 13:05:16 (77,9 KB/s) - 'kplr002015262-2013131215648_llc.fits' saved [187200/187200]

--2018-12-09 13:05:16--  http://exoplanetarchive.ipac.caltech.edu/data/ETSS//Kepler/005/695/19/kplr002015262-2013131215648_llc_lc.tbl
Resolving exoplanetarchive.ipac.caltech.edu (exoplanetarchive.ipac.caltech.edu)... 134.4.54.147
Connecting to exoplanetarchive.ipac.caltech.edu (exoplanetarchive.ipac.caltech.edu)|134.4.54.147|:80... connected.
HTTP request sent, awaiting response... 302 Found
Location: https://exoplanetarchive.ipac.caltech.edu/data/ETSS//Kepler/005/695/19/kplr002015262-2013131215648_llc_lc.tbl [following]
--2018-12-09 13:05:16--  https://exoplanetarchive.ipac.caltech.edu/data/ETSS//Kepler/005/695/19/kplr002015262-2013131215648_llc_lc.tbl
Connecting to exoplanetarchive.ipac.caltech.edu (exoplanetarchive.ipac.caltech.edu)|134.4.54.147|:443... connected.
HTTP request sent, awaiting response... 200 OK
Length: 506677 (495K) [text/plain]
Saving to: 'kplr002015262-2013131215648_llc_lc.tbl'

     0K .......... .......... .......... .......... .......... 10% 42,8K 10s
    50K .......... .......... .......... .......... .......... 20%  128K 6s
   100K .......... .......... .......... .......... .......... 30%  130K 4s
   150K .......... .......... .......... .......... .......... 40%  252K 3s
   200K .......... .......... .......... .......... .......... 50%  129K 2s
   250K .......... .......... .......... .......... .......... 60%  129K 2s
   300K .......... .......... .......... .......... .......... 70%  249K 1s
   350K .......... .......... .......... .......... .......... 80%  257K 1s
   400K .......... .......... .......... .......... .......... 90%  128K 0s
   450K .......... .......... .......... .......... ....      100% 12,7M=3,7s

2018-12-09 13:05:21 (134 KB/s) - 'kplr002015262-2013131215648_llc_lc.tbl' saved [506677/506677]

