--2018-12-09 13:00:38--  http://exoplanetarchive.ipac.caltech.edu/data/ETSS//Kepler/005/147/93/kplr002016319-2009166043257_llc.fits
Resolving exoplanetarchive.ipac.caltech.edu (exoplanetarchive.ipac.caltech.edu)... 134.4.54.147
Connecting to exoplanetarchive.ipac.caltech.edu (exoplanetarchive.ipac.caltech.edu)|134.4.54.147|:80... connected.
HTTP request sent, awaiting response... 302 Found
Location: https://exoplanetarchive.ipac.caltech.edu/data/ETSS//Kepler/005/147/93/kplr002016319-2009166043257_llc.fits [following]
--2018-12-09 13:00:38--  https://exoplanetarchive.ipac.caltech.edu/data/ETSS//Kepler/005/147/93/kplr002016319-2009166043257_llc.fits
Connecting to exoplanetarchive.ipac.caltech.edu (exoplanetarchive.ipac.caltech.edu)|134.4.54.147|:443... connected.
HTTP request sent, awaiting response... 200 OK
Length: 192960 (188K) [image/x-fits]
Saving to: 'kplr002016319-2009166043257_llc.fits'

     0K .......... .......... .......... .......... .......... 26% 43,0K 3s
    50K .......... .......... .......... .......... .......... 53% 86,5K 2s
   100K .......... .......... .......... .......... .......... 79%  129K 1s
   150K .......... .......... .......... ........             100%  197K=2,3s

2018-12-09 13:00:42 (81,1 KB/s) - 'kplr002016319-2009166043257_llc.fits' saved [192960/192960]

--2018-12-09 13:00:42--  http://exoplanetarchive.ipac.caltech.edu/data/ETSS//Kepler/005/163/55/kplr002016319-2009166043257_llc_lc.tbl
Resolving exoplanetarchive.ipac.caltech.edu (exoplanetarchive.ipac.caltech.edu)... 134.4.54.147
Connecting to exoplanetarchive.ipac.caltech.edu (exoplanetarchive.ipac.caltech.edu)|134.4.54.147|:80... connected.
HTTP request sent, awaiting response... 302 Found
Location: https://exoplanetarchive.ipac.caltech.edu/data/ETSS//Kepler/005/163/55/kplr002016319-2009166043257_llc_lc.tbl [following]
--2018-12-09 13:00:42--  https://exoplanetarchive.ipac.caltech.edu/data/ETSS//Kepler/005/163/55/kplr002016319-2009166043257_llc_lc.tbl
Connecting to exoplanetarchive.ipac.caltech.edu (exoplanetarchive.ipac.caltech.edu)|134.4.54.147|:443... connected.
HTTP request sent, awaiting response... 200 OK
Length: 533370 (521K) [text/plain]
Saving to: 'kplr002016319-2009166043257_llc_lc.tbl'

     0K .......... .......... .......... .......... ..........  9% 42,8K 11s
    50K .......... .......... .......... .......... .......... 19% 85,8K 7s
   100K .......... .......... .......... .......... .......... 28%  129K 5s
   150K .......... .......... .......... .......... .......... 38%  255K 4s
   200K .......... .......... .......... .......... .......... 47%  129K 3s
   250K .......... .......... .......... .......... .......... 57%  251K 2s
   300K .......... .......... .......... .......... .......... 67%  129K 2s
   350K .......... .......... .......... .......... .......... 76%  247K 1s
   400K .......... .......... .......... .......... .......... 86%  258K 1s
   450K .......... .......... .......... .......... .......... 95%  253K 0s
   500K .......... ..........                                 100% 6,07M=3,9s

2018-12-09 13:00:47 (133 KB/s) - 'kplr002016319-2009166043257_llc_lc.tbl' saved [533370/533370]

--2018-12-09 13:00:47--  http://exoplanetarchive.ipac.caltech.edu/data/ETSS//Kepler/005/212/45/kplr002016319-2009259160929_llc.fits
Resolving exoplanetarchive.ipac.caltech.edu (exoplanetarchive.ipac.caltech.edu)... 134.4.54.147
Connecting to exoplanetarchive.ipac.caltech.edu (exoplanetarchive.ipac.caltech.edu)|134.4.54.147|:80... connected.
HTTP request sent, awaiting response... 302 Found
Location: https://exoplanetarchive.ipac.caltech.edu/data/ETSS//Kepler/005/212/45/kplr002016319-2009259160929_llc.fits [following]
--2018-12-09 13:00:47--  https://exoplanetarchive.ipac.caltech.edu/data/ETSS//Kepler/005/212/45/kplr002016319-2009259160929_llc.fits
Connecting to exoplanetarchive.ipac.caltech.edu (exoplanetarchive.ipac.caltech.edu)|134.4.54.147|:443... connected.
HTTP request sent, awaiting response... 200 OK
Length: 466560 (456K) [image/x-fits]
Saving to: 'kplr002016319-2009259160929_llc.fits'

     0K .......... .......... .......... .......... .......... 10% 43,0K 9s
    50K .......... .......... .......... .......... .......... 21% 85,8K 6s
   100K .......... .......... .......... .......... .......... 32%  129K 4s
   150K .......... .......... .......... .......... .......... 43%  127K 3s
   200K .......... .......... .......... .......... .......... 54%  129K 2s
   250K .......... .......... .......... .......... .......... 65%  130K 2s
   300K .......... .......... .......... .......... .......... 76%  252K 1s
   350K .......... .......... .......... .......... .......... 87%  252K 1s
   400K .......... .......... .......... .......... .......... 98%  251K 0s
   450K .....                                                 100% 36,6G=3,9s

2018-12-09 13:00:52 (117 KB/s) - 'kplr002016319-2009259160929_llc.fits' saved [466560/466560]

--2018-12-09 13:00:52--  http://exoplanetarchive.ipac.caltech.edu/data/ETSS//Kepler/005/229/08/kplr002016319-2009259160929_llc_lc.tbl
Resolving exoplanetarchive.ipac.caltech.edu (exoplanetarchive.ipac.caltech.edu)... 134.4.54.147
Connecting to exoplanetarchive.ipac.caltech.edu (exoplanetarchive.ipac.caltech.edu)|134.4.54.147|:80... connected.
HTTP request sent, awaiting response... 302 Found
Location: https://exoplanetarchive.ipac.caltech.edu/data/ETSS//Kepler/005/229/08/kplr002016319-2009259160929_llc_lc.tbl [following]
--2018-12-09 13:00:53--  https://exoplanetarchive.ipac.caltech.edu/data/ETSS//Kepler/005/229/08/kplr002016319-2009259160929_llc_lc.tbl
Connecting to exoplanetarchive.ipac.caltech.edu (exoplanetarchive.ipac.caltech.edu)|134.4.54.147|:443... connected.
HTTP request sent, awaiting response... 200 OK
Length: 1407817 (1,3M) [text/plain]
Saving to: 'kplr002016319-2009259160929_llc_lc.tbl'

     0K .......... .......... .......... .......... ..........  3% 43,0K 31s
    50K .......... .......... .......... .......... ..........  7% 85,9K 22s
   100K .......... .......... .......... .......... .......... 10%  127K 17s
   150K .......... .......... .......... .......... .......... 14%  132K 15s
   200K .......... .......... .......... .......... .......... 18%  254K 12s
   250K .......... .......... .......... .......... .......... 21%  130K 11s
   300K .......... .......... .......... .......... .......... 25%  258K 10s
   350K .......... .......... .......... .......... .......... 29%  254K 8s
   400K .......... .......... .......... .......... .......... 32%  255K 8s
   450K .......... .......... .......... .......... .......... 36%  268K 7s
   500K .......... .......... .......... .......... .......... 40%  261K 6s
   550K .......... .......... .......... .......... .......... 43%  263K 5s
   600K .......... .......... .......... .......... .......... 47% 2,57M 5s
   650K .......... .......... .......... .......... .......... 50%  257K 4s
   700K .......... .......... .......... .......... .......... 54%  282K 4s
   750K .......... .......... .......... .......... .......... 58%  261K 3s
   800K .......... .......... .......... .......... .......... 61% 2,57M 3s
   850K .......... .......... .......... .......... .......... 65%  259K 3s
   900K .......... .......... .......... .......... .......... 69%  263K 2s
   950K .......... .......... .......... .......... .......... 72% 4,58M 2s
  1000K .......... .......... .......... .......... .......... 76%  267K 2s
  1050K .......... .......... .......... .......... .......... 80%  257K 1s
  1100K .......... .......... .......... .......... .......... 83% 13,4M 1s
  1150K .......... .......... .......... .......... .......... 87%  259K 1s
  1200K .......... .......... .......... .......... .......... 90%  264K 1s
  1250K .......... .......... .......... .......... .......... 94% 5,60M 0s
  1300K .......... .......... .......... .......... .......... 98% 4,33M 0s
  1350K .......... .......... ....                            100%  139K=6,2s

2018-12-09 13:01:00 (221 KB/s) - 'kplr002016319-2009259160929_llc_lc.tbl' saved [1407817/1407817]

--2018-12-09 13:01:00--  http://exoplanetarchive.ipac.caltech.edu/data/ETSS//Kepler/005/245/72/kplr002016319-2009350155506_llc.fits
Resolving exoplanetarchive.ipac.caltech.edu (exoplanetarchive.ipac.caltech.edu)... 134.4.54.147
Connecting to exoplanetarchive.ipac.caltech.edu (exoplanetarchive.ipac.caltech.edu)|134.4.54.147|:80... connected.
HTTP request sent, awaiting response... 302 Found
Location: https://exoplanetarchive.ipac.caltech.edu/data/ETSS//Kepler/005/245/72/kplr002016319-2009350155506_llc.fits [following]
--2018-12-09 13:01:01--  https://exoplanetarchive.ipac.caltech.edu/data/ETSS//Kepler/005/245/72/kplr002016319-2009350155506_llc.fits
Connecting to exoplanetarchive.ipac.caltech.edu (exoplanetarchive.ipac.caltech.edu)|134.4.54.147|:443... connected.
HTTP request sent, awaiting response... 200 OK
Length: 466560 (456K) [image/x-fits]
Saving to: 'kplr002016319-2009350155506_llc.fits'

     0K .......... .......... .......... .......... .......... 10% 42,8K 9s
    50K .......... .......... .......... .......... .......... 21%  128K 6s
   100K .......... .......... .......... .......... .......... 32% 84,5K 4s
   150K .......... .......... .......... .......... .......... 43% 62,1K 4s
   200K .......... .......... .......... .......... .......... 54% 84,1K 3s
   250K .......... .......... .......... .......... .......... 65%  128K 2s
   300K .......... .......... .......... .......... .......... 76% 64,5K 1s
   350K .......... .......... .......... .......... .......... 87% 42,6K 1s
   400K .......... .......... .......... .......... .......... 98% 51,5K 0s
   450K .....                                                 100% 36,6G=6,9s

2018-12-09 13:01:08 (66,4 KB/s) - 'kplr002016319-2009350155506_llc.fits' saved [466560/466560]

--2018-12-09 13:01:08--  http://exoplanetarchive.ipac.caltech.edu/data/ETSS//Kepler/005/262/28/kplr002016319-2009350155506_llc_lc.tbl
Resolving exoplanetarchive.ipac.caltech.edu (exoplanetarchive.ipac.caltech.edu)... 134.4.54.147
Connecting to exoplanetarchive.ipac.caltech.edu (exoplanetarchive.ipac.caltech.edu)|134.4.54.147|:80... connected.
HTTP request sent, awaiting response... 302 Found
Location: https://exoplanetarchive.ipac.caltech.edu/data/ETSS//Kepler/005/262/28/kplr002016319-2009350155506_llc_lc.tbl [following]
--2018-12-09 13:01:09--  https://exoplanetarchive.ipac.caltech.edu/data/ETSS//Kepler/005/262/28/kplr002016319-2009350155506_llc_lc.tbl
Connecting to exoplanetarchive.ipac.caltech.edu (exoplanetarchive.ipac.caltech.edu)|134.4.54.147|:443... connected.
HTTP request sent, awaiting response... 200 OK
Length: 1412956 (1,3M) [text/plain]
Saving to: 'kplr002016319-2009350155506_llc_lc.tbl'

     0K .......... .......... .......... .......... ..........  3% 42,5K 31s
    50K .......... .......... .......... .......... ..........  7% 1,61K 6m53s
   100K .......... .......... .......... .......... .......... 10% 51,4K 4m33s
   150K .......... .......... .......... .......... .......... 14% 64,0K 3m21s
   200K .......... .......... .......... .......... .......... 18% 64,0K 2m37s
   250K .......... .......... .......... .......... .......... 21% 64,5K 2m8s
   300K .......... .......... .......... .......... .......... 25% 62,3K 1m47s
   350K .......... .......... .......... .......... .......... 28% 85,8K 91s
   400K .......... .......... .......... .......... .......... 32% 51,4K 78s
   450K .......... .......... .......... .......... .......... 36% 85,1K 68s
   500K .......... .......... .......... .......... .......... 39% 85,5K 59s
   550K .......... .......... .......... .......... .......... 43% 85,5K 52s
   600K .......... .......... .......... .......... .......... 47% 85,0K 45s
   650K .......... .......... .......... .......... .......... 50%  128K 40s
   700K .......... .......... .......... .......... .......... 54% 84,8K 35s
   750K .......... .......... .......... .......... .......... 57% 84,9K 30s
   800K .......... .......... .......... .......... .......... 61% 85,2K 26s
   850K .......... .......... .......... .......... .......... 65% 85,6K 23s
   900K .......... .......... .......... .......... .......... 68%  127K 20s
   950K .......... .......... .......... .......... .......... 72%  128K 17s
  1000K .......... .......... .......... .......... .......... 76% 85,9K 14s
  1050K .......... .......... .......... .......... .......... 79%  128K 11s
  1100K .......... .......... .......... .......... .......... 83%  128K 9s
  1150K .......... .......... .......... .......... .......... 86%  127K 7s
  1200K .......... .......... .......... .......... .......... 90%  127K 5s
  1250K .......... .......... .......... .......... .......... 94%  133K 3s
  1300K .......... .......... .......... .......... .......... 97%  256K 1s
  1350K .......... .......... .........                       100%  151K=47s

2018-12-09 13:01:57 (29,5 KB/s) - 'kplr002016319-2009350155506_llc_lc.tbl' saved [1412956/1412956]

--2018-12-09 13:01:57--  http://exoplanetarchive.ipac.caltech.edu/data/ETSS//Kepler/005/344/99/kplr002016319-2010078095331_llc.fits
Resolving exoplanetarchive.ipac.caltech.edu (exoplanetarchive.ipac.caltech.edu)... 134.4.54.147
Connecting to exoplanetarchive.ipac.caltech.edu (exoplanetarchive.ipac.caltech.edu)|134.4.54.147|:80... connected.
HTTP request sent, awaiting response... 302 Found
Location: https://exoplanetarchive.ipac.caltech.edu/data/ETSS//Kepler/005/344/99/kplr002016319-2010078095331_llc.fits [following]
--2018-12-09 13:01:57--  https://exoplanetarchive.ipac.caltech.edu/data/ETSS//Kepler/005/344/99/kplr002016319-2010078095331_llc.fits
Connecting to exoplanetarchive.ipac.caltech.edu (exoplanetarchive.ipac.caltech.edu)|134.4.54.147|:443... connected.
HTTP request sent, awaiting response... 200 OK
Length: 469440 (458K) [image/x-fits]
Saving to: 'kplr002016319-2010078095331_llc.fits'

     0K .......... .......... .......... .......... .......... 10% 42,5K 10s
    50K .......... .......... .......... .......... .......... 21% 84,7K 6s
   100K .......... .......... .......... .......... .......... 32%  128K 4s
   150K .......... .......... .......... .......... .......... 43%  128K 3s
   200K .......... .......... .......... .......... .......... 54%  128K 2s
   250K .......... .......... .......... .......... .......... 65%  212K 2s
   300K .......... .......... .......... .......... .......... 76%  145K 1s
   350K .......... .......... .......... .......... .......... 87%  253K 1s
   400K .......... .......... .......... .......... .......... 98%  251K 0s
   450K ........                                              100% 16,9M=3,9s

2018-12-09 13:02:02 (117 KB/s) - 'kplr002016319-2010078095331_llc.fits' saved [469440/469440]

--2018-12-09 13:02:02--  http://exoplanetarchive.ipac.caltech.edu/data/ETSS//Kepler/005/361/98/kplr002016319-2010078095331_llc_lc.tbl
Resolving exoplanetarchive.ipac.caltech.edu (exoplanetarchive.ipac.caltech.edu)... 134.4.54.147
Connecting to exoplanetarchive.ipac.caltech.edu (exoplanetarchive.ipac.caltech.edu)|134.4.54.147|:80... connected.
HTTP request sent, awaiting response... 302 Found
Location: https://exoplanetarchive.ipac.caltech.edu/data/ETSS//Kepler/005/361/98/kplr002016319-2010078095331_llc_lc.tbl [following]
--2018-12-09 13:02:03--  https://exoplanetarchive.ipac.caltech.edu/data/ETSS//Kepler/005/361/98/kplr002016319-2010078095331_llc_lc.tbl
Connecting to exoplanetarchive.ipac.caltech.edu (exoplanetarchive.ipac.caltech.edu)|134.4.54.147|:443... connected.
HTTP request sent, awaiting response... 200 OK
Length: 1421655 (1,4M) [text/plain]
Saving to: 'kplr002016319-2010078095331_llc_lc.tbl'

     0K .......... .......... .......... .......... ..........  3% 42,9K 31s
    50K .......... .......... .......... .......... ..........  7% 85,8K 23s
   100K .......... .......... .......... .......... .......... 10%  128K 18s
   150K .......... .......... .......... .......... .......... 14% 85,7K 16s
   200K .......... .......... .......... .......... .......... 18% 51,7K 17s
   250K .......... .......... .......... .......... .......... 21% 64,7K 16s
   300K .......... .......... .......... .......... .......... 25% 85,6K 15s
   350K .......... .......... .......... .......... .......... 28% 85,4K 14s
   400K .......... .......... .......... .......... .......... 32%  125K 13s
   450K .......... .......... .......... .......... .......... 36%  128K 11s
   500K .......... .......... .......... .......... .......... 39% 87,2K 11s
   550K .......... .......... .......... .......... .......... 43%  129K 10s
   600K .......... .......... .......... .......... .......... 46%  129K 9s
   650K .......... .......... .......... .......... .......... 50%  126K 8s
   700K .......... .......... .......... .......... .......... 54%  129K 7s
   750K .......... .......... .......... .......... .......... 57%  127K 7s
   800K .......... .......... .......... .......... .......... 61% 85,5K 6s
   850K .......... .......... .......... .......... .......... 64%  127K 5s
   900K .......... .......... .......... .......... .......... 68%  125K 5s
   950K .......... .......... .......... .......... .......... 72%  130K 4s
  1000K .......... .......... .......... .......... .......... 75%  129K 4s
  1050K .......... .......... .......... .......... .......... 79%  129K 3s
  1100K .......... .......... .......... .......... .......... 82%  128K 2s
  1150K .......... .......... .......... .......... .......... 86% 86,4K 2s
  1200K .......... .......... .......... .......... .......... 90%  128K 1s
  1250K .......... .......... .......... .......... .......... 93%  128K 1s
  1300K .......... .......... .......... .......... .......... 97% 49,1K 0s
  1350K .......... .......... .......... ........             100% 97,2K=15s

2018-12-09 13:02:19 (94,8 KB/s) - 'kplr002016319-2010078095331_llc_lc.tbl' saved [1421655/1421655]

--2018-12-09 13:02:19--  http://exoplanetarchive.ipac.caltech.edu/data/ETSS//Kepler/005/179/18/kplr002016319-2010174085026_llc.fits
Resolving exoplanetarchive.ipac.caltech.edu (exoplanetarchive.ipac.caltech.edu)... 134.4.54.147
Connecting to exoplanetarchive.ipac.caltech.edu (exoplanetarchive.ipac.caltech.edu)|134.4.54.147|:80... connected.
HTTP request sent, awaiting response... 302 Found
Location: https://exoplanetarchive.ipac.caltech.edu/data/ETSS//Kepler/005/179/18/kplr002016319-2010174085026_llc.fits [following]
--2018-12-09 13:02:19--  https://exoplanetarchive.ipac.caltech.edu/data/ETSS//Kepler/005/179/18/kplr002016319-2010174085026_llc.fits
Connecting to exoplanetarchive.ipac.caltech.edu (exoplanetarchive.ipac.caltech.edu)|134.4.54.147|:443... connected.
HTTP request sent, awaiting response... 200 OK
Length: 492480 (481K) [image/x-fits]
Saving to: 'kplr002016319-2010174085026_llc.fits'

     0K .......... .......... .......... .......... .......... 10% 42,6K 10s
    50K .......... .......... .......... .......... .......... 20%  118K 6s
   100K .......... .......... .......... .......... .......... 31%  128K 4s
   150K .......... .......... .......... .......... .......... 41%  142K 3s
   200K .......... .......... .......... .......... .......... 51%  218K 2s
   250K .......... .......... .......... .......... .......... 62%  259K 2s
   300K .......... .......... .......... .......... .......... 72%  256K 1s
   350K .......... .......... .......... .......... .......... 83%  255K 1s
   400K .......... .......... .......... .......... .......... 93%  248K 0s
   450K .......... .......... ..........                      100% 8,48M=3,4s

2018-12-09 13:02:24 (143 KB/s) - 'kplr002016319-2010174085026_llc.fits' saved [492480/492480]

--2018-12-09 13:02:24--  http://exoplanetarchive.ipac.caltech.edu/data/ETSS//Kepler/005/195/82/kplr002016319-2010174085026_llc_lc.tbl
Resolving exoplanetarchive.ipac.caltech.edu (exoplanetarchive.ipac.caltech.edu)... 134.4.54.147
Connecting to exoplanetarchive.ipac.caltech.edu (exoplanetarchive.ipac.caltech.edu)|134.4.54.147|:80... connected.
HTTP request sent, awaiting response... 302 Found
Location: https://exoplanetarchive.ipac.caltech.edu/data/ETSS//Kepler/005/195/82/kplr002016319-2010174085026_llc_lc.tbl [following]
--2018-12-09 13:02:24--  https://exoplanetarchive.ipac.caltech.edu/data/ETSS//Kepler/005/195/82/kplr002016319-2010174085026_llc_lc.tbl
Connecting to exoplanetarchive.ipac.caltech.edu (exoplanetarchive.ipac.caltech.edu)|134.4.54.147|:443... connected.
HTTP request sent, awaiting response... 200 OK
Length: 1497937 (1,4M) [text/plain]
Saving to: 'kplr002016319-2010174085026_llc_lc.tbl'

     0K .......... .......... .......... .......... ..........  3% 43,0K 33s
    50K .......... .......... .......... .......... ..........  6% 85,2K 24s
   100K .......... .......... .......... .......... .......... 10%  123K 19s
   150K .......... .......... .......... .......... .......... 13% 35,7K 22s
   200K .......... .......... .......... .......... .......... 17% 41,9K 23s
   250K .......... .......... .......... .......... .......... 20% 63,8K 21s
   300K .......... .......... .......... .......... .......... 23% 51,5K 21s
   350K .......... .......... .......... .......... .......... 27% 64,2K 19s
   400K .......... .......... .......... .......... .......... 30% 50,9K 19s
   450K .......... .......... .......... .......... .......... 34% 64,3K 17s
   500K .......... .......... .......... .......... .......... 37% 84,9K 16s
   550K .......... .......... .......... .......... .......... 41% 63,8K 15s
   600K .......... .......... .......... .......... .......... 44% 64,7K 14s
   650K .......... .......... .......... .......... .......... 47% 63,9K 13s
   700K .......... .......... .......... .......... .......... 51% 51,7K 12s
   750K .......... .......... .......... .......... .......... 54% 64,3K 11s
   800K .......... .......... .......... .......... .......... 58% 51,6K 11s
   850K .......... .......... .......... .......... .......... 61% 86,2K 10s
   900K .......... .......... .......... .......... .......... 64% 64,1K 9s
   950K .......... .......... .......... .......... .......... 68% 84,7K 8s
  1000K .......... .......... .......... .......... .......... 71% 84,6K 7s
  1050K .......... .......... .......... .......... .......... 75% 84,4K 6s
  1100K .......... .......... .......... .......... .......... 78% 84,6K 5s
  1150K .......... .......... .......... .......... .......... 82% 85,1K 4s
  1200K .......... .......... .......... .......... .......... 85% 64,0K 3s
  1250K .......... .......... .......... .......... .......... 88% 86,0K 3s
  1300K .......... .......... .......... .......... .......... 92% 64,5K 2s
  1350K .......... .......... .......... .......... .......... 95%  128K 1s
  1400K .......... .......... .......... .......... .......... 99% 64,3K 0s
  1450K .......... ..                                         100% 22,4M=22s

2018-12-09 13:02:48 (65,6 KB/s) - 'kplr002016319-2010174085026_llc_lc.tbl' saved [1497937/1497937]

--2018-12-09 13:02:48--  http://exoplanetarchive.ipac.caltech.edu/data/ETSS//Kepler/005/378/97/kplr002016319-2010265121752_llc.fits
Resolving exoplanetarchive.ipac.caltech.edu (exoplanetarchive.ipac.caltech.edu)... 134.4.54.147
Connecting to exoplanetarchive.ipac.caltech.edu (exoplanetarchive.ipac.caltech.edu)|134.4.54.147|:80... connected.
HTTP request sent, awaiting response... 302 Found
Location: https://exoplanetarchive.ipac.caltech.edu/data/ETSS//Kepler/005/378/97/kplr002016319-2010265121752_llc.fits [following]
--2018-12-09 13:02:48--  https://exoplanetarchive.ipac.caltech.edu/data/ETSS//Kepler/005/378/97/kplr002016319-2010265121752_llc.fits
Connecting to exoplanetarchive.ipac.caltech.edu (exoplanetarchive.ipac.caltech.edu)|134.4.54.147|:443... connected.
HTTP request sent, awaiting response... 200 OK
Length: 469440 (458K) [image/x-fits]
Saving to: 'kplr002016319-2010265121752_llc.fits'

     0K .......... .......... .......... .......... .......... 10% 42,8K 10s
    50K .......... .......... .......... .......... .......... 21% 86,0K 6s
   100K .......... .......... .......... .......... .......... 32%  126K 4s
   150K .......... .......... .......... .......... .......... 43%  129K 3s
   200K .......... .......... .......... .......... .......... 54%  251K 2s
   250K .......... .......... .......... .......... .......... 65%  130K 2s
   300K .......... .......... .......... .......... .......... 76%  239K 1s
   350K .......... .......... .......... .......... .......... 87%  129K 1s
   400K .......... .......... .......... .......... .......... 98%  248K 0s
   450K ........                                              100% 17,5M=3,9s

2018-12-09 13:02:53 (117 KB/s) - 'kplr002016319-2010265121752_llc.fits' saved [469440/469440]

--2018-12-09 13:02:53--  http://exoplanetarchive.ipac.caltech.edu/data/ETSS//Kepler/005/395/51/kplr002016319-2010265121752_llc_lc.tbl
Resolving exoplanetarchive.ipac.caltech.edu (exoplanetarchive.ipac.caltech.edu)... 134.4.54.147
Connecting to exoplanetarchive.ipac.caltech.edu (exoplanetarchive.ipac.caltech.edu)|134.4.54.147|:80... connected.
HTTP request sent, awaiting response... 302 Found
Location: https://exoplanetarchive.ipac.caltech.edu/data/ETSS//Kepler/005/395/51/kplr002016319-2010265121752_llc_lc.tbl [following]
--2018-12-09 13:02:53--  https://exoplanetarchive.ipac.caltech.edu/data/ETSS//Kepler/005/395/51/kplr002016319-2010265121752_llc_lc.tbl
Connecting to exoplanetarchive.ipac.caltech.edu (exoplanetarchive.ipac.caltech.edu)|134.4.54.147|:443... connected.
HTTP request sent, awaiting response... 200 OK
Length: 1421977 (1,4M) [text/plain]
Saving to: 'kplr002016319-2010265121752_llc_lc.tbl'

     0K .......... .......... .......... .......... ..........  3% 44,0K 30s
    50K .......... .......... .......... .......... ..........  7% 85,4K 22s
   100K .......... .......... .......... .......... .......... 10%  127K 17s
   150K .......... .......... .......... .......... .......... 14%  130K 15s
   200K .......... .......... .......... .......... .......... 18%  129K 13s
   250K .......... .......... .......... .......... .......... 21%  250K 11s
   300K .......... .......... .......... .......... .......... 25%  126K 10s
   350K .......... .......... .......... .......... .......... 28%  246K 9s
   400K .......... .......... .......... .......... .......... 32%  133K 8s
   450K .......... .......... .......... .......... .......... 36%  251K 8s
   500K .......... .......... .......... .......... .......... 39%  256K 7s
   550K .......... .......... .......... .......... .......... 43%  259K 6s
   600K .......... .......... .......... .......... .......... 46% 6,67M 5s
   650K .......... .......... .......... .......... .......... 50%  256K 5s
   700K .......... .......... .......... .......... .......... 54%  247K 4s
   750K .......... .......... .......... .......... .......... 57%  259K 4s
   800K .......... .......... .......... .......... .......... 61%  256K 3s
   850K .......... .......... .......... .......... .......... 64% 9,58M 3s
   900K .......... .......... .......... .......... .......... 68%  260K 3s
   950K .......... .......... .......... .......... .......... 72%  257K 2s
  1000K .......... .......... .......... .......... .......... 75%  245K 2s
  1050K .......... .......... .......... .......... .......... 79% 3,85M 2s
  1100K .......... .......... .......... .......... .......... 82%  282K 1s
  1150K .......... .......... .......... .......... .......... 86%  257K 1s
  1200K .......... .......... .......... .......... .......... 90%  259K 1s
  1250K .......... .......... .......... .......... .......... 93% 8,53M 0s
  1300K .......... .......... .......... .......... .......... 97%  256K 0s
  1350K .......... .......... .......... ........             100% 16,2M=6,8s

2018-12-09 13:03:01 (204 KB/s) - 'kplr002016319-2010265121752_llc_lc.tbl' saved [1421977/1421977]

--2018-12-09 13:03:01--  http://exoplanetarchive.ipac.caltech.edu/data/ETSS//Kepler/005/278/85/kplr002016319-2010355172524_llc.fits
Resolving exoplanetarchive.ipac.caltech.edu (exoplanetarchive.ipac.caltech.edu)... 134.4.54.147
Connecting to exoplanetarchive.ipac.caltech.edu (exoplanetarchive.ipac.caltech.edu)|134.4.54.147|:80... connected.
HTTP request sent, awaiting response... 302 Found
Location: https://exoplanetarchive.ipac.caltech.edu/data/ETSS//Kepler/005/278/85/kplr002016319-2010355172524_llc.fits [following]
--2018-12-09 13:03:02--  https://exoplanetarchive.ipac.caltech.edu/data/ETSS//Kepler/005/278/85/kplr002016319-2010355172524_llc.fits
Connecting to exoplanetarchive.ipac.caltech.edu (exoplanetarchive.ipac.caltech.edu)|134.4.54.147|:443... connected.
HTTP request sent, awaiting response... 200 OK
Length: 466560 (456K) [image/x-fits]
Saving to: 'kplr002016319-2010355172524_llc.fits'

     0K .......... .......... .......... .......... .......... 10% 42,5K 10s
    50K .......... .......... .......... .......... .......... 21% 84,2K 6s
   100K .......... .......... .......... .......... .......... 32%  126K 4s
   150K .......... .......... .......... .......... .......... 43% 85,0K 4s
   200K .......... .......... .......... .......... .......... 54%  254K 2s
   250K .......... .......... .......... .......... .......... 65%  129K 2s
   300K .......... .......... .......... .......... .......... 76%  253K 1s
   350K .......... .......... .......... .......... .......... 87%  129K 1s
   400K .......... .......... .......... .......... .......... 98%  254K 0s
   450K .....                                                 100% 36,6G=4,1s

2018-12-09 13:03:07 (111 KB/s) - 'kplr002016319-2010355172524_llc.fits' saved [466560/466560]

--2018-12-09 13:03:07--  http://exoplanetarchive.ipac.caltech.edu/data/ETSS//Kepler/005/295/19/kplr002016319-2010355172524_llc_lc.tbl
Resolving exoplanetarchive.ipac.caltech.edu (exoplanetarchive.ipac.caltech.edu)... 134.4.54.147
Connecting to exoplanetarchive.ipac.caltech.edu (exoplanetarchive.ipac.caltech.edu)|134.4.54.147|:80... connected.
HTTP request sent, awaiting response... 302 Found
Location: https://exoplanetarchive.ipac.caltech.edu/data/ETSS//Kepler/005/295/19/kplr002016319-2010355172524_llc_lc.tbl [following]
--2018-12-09 13:03:07--  https://exoplanetarchive.ipac.caltech.edu/data/ETSS//Kepler/005/295/19/kplr002016319-2010355172524_llc_lc.tbl
Connecting to exoplanetarchive.ipac.caltech.edu (exoplanetarchive.ipac.caltech.edu)|134.4.54.147|:443... connected.
HTTP request sent, awaiting response... 200 OK
Length: 1414587 (1,3M) [text/plain]
Saving to: 'kplr002016319-2010355172524_llc_lc.tbl'

     0K .......... .......... .......... .......... ..........  3% 42,7K 31s
    50K .......... .......... .......... .......... ..........  7% 85,5K 22s
   100K .......... .......... .......... .......... .......... 10%  128K 18s
   150K .......... .......... .......... .......... .......... 14%  127K 15s
   200K .......... .......... .......... .......... .......... 18%  129K 13s
   250K .......... .......... .......... .......... .......... 21%  256K 11s
   300K .......... .......... .......... .......... .......... 25%  130K 10s
   350K .......... .......... .......... .......... .......... 28%  260K 9s
   400K .......... .......... .......... .......... .......... 32% 85,9K 9s
   450K .......... .......... .......... .......... .......... 36% 63,7K 9s
   500K .......... .......... .......... .......... .......... 39% 52,2K 9s
   550K .......... .......... .......... .......... .......... 43% 64,8K 9s
   600K .......... .......... .......... .......... .......... 47% 49,0K 9s
   650K .......... .......... .......... .......... .......... 50% 44,6K 9s
   700K .......... .......... .......... .......... .......... 54% 64,4K 8s
   750K .......... .......... .......... .......... .......... 57% 64,6K 8s
   800K .......... .......... .......... .......... .......... 61% 43,1K 7s
   850K .......... .......... .......... .......... .......... 65% 85,1K 7s
   900K .......... .......... .......... .......... .......... 68% 64,4K 6s
   950K .......... .......... .......... .......... .......... 72% 64,2K 5s
  1000K .......... .......... .......... .......... .......... 76% 36,6K 5s
  1050K .......... .......... .......... .......... .......... 79% 51,9K 4s
  1100K .......... .......... .......... .......... .......... 83% 51,9K 3s
  1150K .......... .......... .......... .......... .......... 86% 51,7K 3s
  1200K .......... .......... .......... .......... .......... 90% 43,1K 2s
  1250K .......... .......... .......... .......... .......... 94% 65,3K 1s
  1300K .......... .......... .......... .......... .......... 97% 28,0K 1s
  1350K .......... .......... .......... .                    100% 53,8K=22s

2018-12-09 13:03:31 (61,8 KB/s) - 'kplr002016319-2010355172524_llc_lc.tbl' saved [1414587/1414587]

--2018-12-09 13:03:31--  http://exoplanetarchive.ipac.caltech.edu/data/ETSS//Kepler/005/412/05/kplr002016319-2011073133259_llc.fits
Resolving exoplanetarchive.ipac.caltech.edu (exoplanetarchive.ipac.caltech.edu)... 134.4.54.147
Connecting to exoplanetarchive.ipac.caltech.edu (exoplanetarchive.ipac.caltech.edu)|134.4.54.147|:80... connected.
HTTP request sent, awaiting response... 302 Found
Location: https://exoplanetarchive.ipac.caltech.edu/data/ETSS//Kepler/005/412/05/kplr002016319-2011073133259_llc.fits [following]
--2018-12-09 13:03:32--  https://exoplanetarchive.ipac.caltech.edu/data/ETSS//Kepler/005/412/05/kplr002016319-2011073133259_llc.fits
Connecting to exoplanetarchive.ipac.caltech.edu (exoplanetarchive.ipac.caltech.edu)|134.4.54.147|:443... connected.
HTTP request sent, awaiting response... 200 OK
Length: 357120 (349K) [image/x-fits]
Saving to: 'kplr002016319-2011073133259_llc.fits'

     0K .......... .......... .......... .......... .......... 14% 42,7K 7s
    50K .......... .......... .......... .......... .......... 28% 84,6K 4s
   100K .......... .......... .......... .......... .......... 43%  129K 3s
   150K .......... .......... .......... .......... .......... 57%  127K 2s
   200K .......... .......... .......... .......... .......... 71%  255K 1s
   250K .......... .......... .......... .......... .......... 86%  128K 1s
   300K .......... .......... .......... .......... ........  100%  248K=3,3s

2018-12-09 13:03:36 (105 KB/s) - 'kplr002016319-2011073133259_llc.fits' saved [357120/357120]

--2018-12-09 13:03:36--  http://exoplanetarchive.ipac.caltech.edu/data/ETSS//Kepler/005/428/83/kplr002016319-2011073133259_llc_lc.tbl
Resolving exoplanetarchive.ipac.caltech.edu (exoplanetarchive.ipac.caltech.edu)... 134.4.54.147
Connecting to exoplanetarchive.ipac.caltech.edu (exoplanetarchive.ipac.caltech.edu)|134.4.54.147|:80... connected.
HTTP request sent, awaiting response... 302 Found
Location: https://exoplanetarchive.ipac.caltech.edu/data/ETSS//Kepler/005/428/83/kplr002016319-2011073133259_llc_lc.tbl [following]
--2018-12-09 13:03:36--  https://exoplanetarchive.ipac.caltech.edu/data/ETSS//Kepler/005/428/83/kplr002016319-2011073133259_llc_lc.tbl
Connecting to exoplanetarchive.ipac.caltech.edu (exoplanetarchive.ipac.caltech.edu)|134.4.54.147|:443... connected.
HTTP request sent, awaiting response... 200 OK
Length: 1061664 (1,0M) [text/plain]
Saving to: 'kplr002016319-2011073133259_llc_lc.tbl'

     0K .......... .......... .......... .......... ..........  4% 42,6K 23s
    50K .......... .......... .......... .......... ..........  9%  128K 15s
   100K .......... .......... .......... .......... .......... 14% 86,8K 13s
   150K .......... .......... .......... .......... .......... 19%  244K 10s
   200K .......... .......... .......... .......... .......... 24%  133K 9s
   250K .......... .......... .......... .......... .......... 28%  243K 7s
   300K .......... .......... .......... .......... .......... 33%  256K 6s
   350K .......... .......... .......... .......... .......... 38%  252K 5s
   400K .......... .......... .......... .......... .......... 43%  130K 5s
   450K .......... .......... .......... .......... .......... 48%  253K 4s
   500K .......... .......... .......... .......... .......... 53% 4,08M 3s
   550K .......... .......... .......... .......... .......... 57%  256K 3s
   600K .......... .......... .......... .......... .......... 62%  254K 3s
   650K .......... .......... .......... .......... .......... 67% 10,0M 2s
   700K .......... .......... .......... .......... .......... 72%  260K 2s
   750K .......... .......... .......... .......... .......... 77%  256K 1s
   800K .......... .......... .......... .......... .......... 81%  258K 1s
   850K .......... .......... .......... .......... .......... 86%  255K 1s
   900K .......... .......... .......... .......... .......... 91%  262K 0s
   950K .......... .......... .......... .......... .......... 96% 8,95M 0s
  1000K .......... .......... .......... ......               100%  194K=5,5s

2018-12-09 13:03:43 (189 KB/s) - 'kplr002016319-2011073133259_llc_lc.tbl' saved [1061664/1061664]

--2018-12-09 13:03:43--  http://exoplanetarchive.ipac.caltech.edu/data/ETSS//Kepler/005/311/52/kplr002016319-2011177032512_llc.fits
Resolving exoplanetarchive.ipac.caltech.edu (exoplanetarchive.ipac.caltech.edu)... 134.4.54.147
Connecting to exoplanetarchive.ipac.caltech.edu (exoplanetarchive.ipac.caltech.edu)|134.4.54.147|:80... connected.
HTTP request sent, awaiting response... 302 Found
Location: https://exoplanetarchive.ipac.caltech.edu/data/ETSS//Kepler/005/311/52/kplr002016319-2011177032512_llc.fits [following]
--2018-12-09 13:03:43--  https://exoplanetarchive.ipac.caltech.edu/data/ETSS//Kepler/005/311/52/kplr002016319-2011177032512_llc.fits
Connecting to exoplanetarchive.ipac.caltech.edu (exoplanetarchive.ipac.caltech.edu)|134.4.54.147|:443... connected.
HTTP request sent, awaiting response... 200 OK
Length: 506880 (495K) [image/x-fits]
Saving to: 'kplr002016319-2011177032512_llc.fits'

     0K .......... .......... .......... .......... .......... 10% 42,5K 10s
    50K .......... .......... .......... .......... .......... 20% 84,3K 7s
   100K .......... .......... .......... .......... .......... 30%  235K 5s
   150K .......... .......... .......... .......... .......... 40%  134K 3s
   200K .......... .......... .......... .......... .......... 50%  128K 3s
   250K .......... .......... .......... .......... .......... 60%  256K 2s
   300K .......... .......... .......... .......... .......... 70%  253K 1s
   350K .......... .......... .......... .......... .......... 80%  253K 1s
   400K .......... .......... .......... .......... .......... 90%  242K 0s
   450K .......... .......... .......... .......... .....     100%  233K=3,7s

2018-12-09 13:03:48 (132 KB/s) - 'kplr002016319-2011177032512_llc.fits' saved [506880/506880]

--2018-12-09 13:03:48--  http://exoplanetarchive.ipac.caltech.edu/data/ETSS//Kepler/005/328/26/kplr002016319-2011177032512_llc_lc.tbl
Resolving exoplanetarchive.ipac.caltech.edu (exoplanetarchive.ipac.caltech.edu)... 134.4.54.147
Connecting to exoplanetarchive.ipac.caltech.edu (exoplanetarchive.ipac.caltech.edu)|134.4.54.147|:80... connected.
HTTP request sent, awaiting response... 302 Found
Location: https://exoplanetarchive.ipac.caltech.edu/data/ETSS//Kepler/005/328/26/kplr002016319-2011177032512_llc_lc.tbl [following]
--2018-12-09 13:03:49--  https://exoplanetarchive.ipac.caltech.edu/data/ETSS//Kepler/005/328/26/kplr002016319-2011177032512_llc_lc.tbl
Connecting to exoplanetarchive.ipac.caltech.edu (exoplanetarchive.ipac.caltech.edu)|134.4.54.147|:443... connected.
HTTP request sent, awaiting response... 200 OK
Length: 1541068 (1,5M) [text/plain]
Saving to: 'kplr002016319-2011177032512_llc_lc.tbl'

     0K .......... .......... .......... .......... ..........  3% 43,0K 34s
    50K .......... .......... .......... .......... ..........  6%  125K 22s
   100K .......... .......... .......... .......... ..........  9% 84,7K 19s
   150K .......... .......... .......... .......... .......... 13%  209K 16s
   200K .......... .......... .......... .......... .......... 16%  128K 14s
   250K .......... .......... .......... .......... .......... 19%  128K 13s
   300K .......... .......... .......... .......... .......... 23%  238K 11s
   350K .......... .......... .......... .......... .......... 26%  127K 10s
   400K .......... .......... .......... .......... .......... 29%  128K 10s
   450K .......... .......... .......... .......... .......... 33%  254K 9s
   500K .......... .......... .......... .......... .......... 36%  256K 8s
   550K .......... .......... .......... .......... .......... 39%  258K 7s
   600K .......... .......... .......... .......... .......... 43% 3,84M 6s
   650K .......... .......... .......... .......... .......... 46%  258K 6s
   700K .......... .......... .......... .......... .......... 49%  257K 5s
   750K .......... .......... .......... .......... .......... 53%  257K 5s
   800K .......... .......... .......... .......... .......... 56%  250K 4s
   850K .......... .......... .......... .......... .......... 59% 12,1M 4s
   900K .......... .......... .......... .......... .......... 63%  259K 3s
   950K .......... .......... .......... .......... .......... 66%  257K 3s
  1000K .......... .......... .......... .......... .......... 69%  250K 3s
  1050K .......... .......... .......... .......... .......... 73% 11,2M 2s
  1100K .......... .......... .......... .......... .......... 76%  255K 2s
  1150K .......... .......... .......... .......... .......... 79%  251K 2s
  1200K .......... .......... .......... .......... .......... 83%  262K 1s
  1250K .......... .......... .......... .......... .......... 86% 4,22M 1s
  1300K .......... .......... .......... .......... .......... 89%  273K 1s
  1350K .......... .......... .......... .......... .......... 93% 3,00M 1s
  1400K .......... .......... .......... .......... .......... 96%  281K 0s
  1450K .......... .......... .......... .......... .......... 99% 3,17M 0s
  1500K ....                                                  100% 15,9M=7,1s

2018-12-09 13:03:57 (211 KB/s) - 'kplr002016319-2011177032512_llc_lc.tbl' saved [1541068/1541068]

--2018-12-09 13:03:57--  http://exoplanetarchive.ipac.caltech.edu/data/ETSS//Kepler/005/445/62/kplr002016319-2011271113734_llc.fits
Resolving exoplanetarchive.ipac.caltech.edu (exoplanetarchive.ipac.caltech.edu)... 134.4.54.147
Connecting to exoplanetarchive.ipac.caltech.edu (exoplanetarchive.ipac.caltech.edu)|134.4.54.147|:80... connected.
HTTP request sent, awaiting response... 302 Found
Location: https://exoplanetarchive.ipac.caltech.edu/data/ETSS//Kepler/005/445/62/kplr002016319-2011271113734_llc.fits [following]
--2018-12-09 13:03:58--  https://exoplanetarchive.ipac.caltech.edu/data/ETSS//Kepler/005/445/62/kplr002016319-2011271113734_llc.fits
Connecting to exoplanetarchive.ipac.caltech.edu (exoplanetarchive.ipac.caltech.edu)|134.4.54.147|:443... connected.
HTTP request sent, awaiting response... 200 OK
Length: 486720 (475K) [image/x-fits]
Saving to: 'kplr002016319-2011271113734_llc.fits'

     0K .......... .......... .......... .......... .......... 10% 36,2K 12s
    50K .......... .......... .......... .......... .......... 21% 84,6K 7s
   100K .......... .......... .......... .......... .......... 31%  125K 5s
   150K .......... .......... .......... .......... .......... 42%  127K 4s
   200K .......... .......... .......... .......... .......... 52%  252K 3s
   250K .......... .......... .......... .......... .......... 63%  253K 2s
   300K .......... .......... .......... .......... .......... 73%  125K 1s
   350K .......... .......... .......... .......... .......... 84%  127K 1s
   400K .......... .......... .......... .......... .......... 94%  124K 0s
   450K .......... .......... .....                           100% 6,29M=4,4s

2018-12-09 13:04:06 (109 KB/s) - 'kplr002016319-2011271113734_llc.fits' saved [486720/486720]

--2018-12-09 13:04:07--  http://exoplanetarchive.ipac.caltech.edu/data/ETSS//Kepler/005/462/32/kplr002016319-2011271113734_llc_lc.tbl
Resolving exoplanetarchive.ipac.caltech.edu (exoplanetarchive.ipac.caltech.edu)... 134.4.54.147
Connecting to exoplanetarchive.ipac.caltech.edu (exoplanetarchive.ipac.caltech.edu)|134.4.54.147|:80... connected.
HTTP request sent, awaiting response... 302 Found
Location: https://exoplanetarchive.ipac.caltech.edu/data/ETSS//Kepler/005/462/32/kplr002016319-2011271113734_llc_lc.tbl [following]
--2018-12-09 13:04:07--  https://exoplanetarchive.ipac.caltech.edu/data/ETSS//Kepler/005/462/32/kplr002016319-2011271113734_llc_lc.tbl
Connecting to exoplanetarchive.ipac.caltech.edu (exoplanetarchive.ipac.caltech.edu)|134.4.54.147|:443... connected.
HTTP request sent, awaiting response... 200 OK
Length: 1478341 (1,4M) [text/plain]
Saving to: 'kplr002016319-2011271113734_llc_lc.tbl'

     0K .......... .......... .......... .......... ..........  3% 42,6K 33s
    50K .......... .......... .......... .......... ..........  6% 85,3K 24s
   100K .......... .......... .......... .......... .......... 10%  127K 19s
   150K .......... .......... .......... .......... .......... 13%  128K 16s
   200K .......... .......... .......... .......... .......... 17%  128K 14s
   250K .......... .......... .......... .......... .......... 20%  128K 13s
   300K .......... .......... .......... .......... .......... 24%  254K 11s
   350K .......... .......... .......... .......... .......... 27%  243K 10s
   400K .......... .......... .......... .......... .......... 31%  254K 9s
   450K .......... .......... .......... .......... .......... 34%  130K 8s
   500K .......... .......... .......... .......... .......... 38% 6,99M 7s
   550K .......... .......... .......... .......... .......... 41%  258K 6s
   600K .......... .......... .......... .......... .......... 45%  258K 6s
   650K .......... .......... .......... .......... .......... 48%  257K 5s
   700K .......... .......... .......... .......... .......... 51% 8,67M 5s
   750K .......... .......... .......... .......... .......... 55%  260K 4s
   800K .......... .......... .......... .......... .......... 58%  255K 4s
   850K .......... .......... .......... .......... .......... 62% 5,36M 3s
   900K .......... .......... .......... .......... .......... 65%  256K 3s
   950K .......... .......... .......... .......... .......... 69%  273K 3s
  1000K .......... .......... .......... .......... .......... 72%  258K 2s
  1050K .......... .......... .......... .......... .......... 76% 10,5M 2s
  1100K .......... .......... .......... .......... .......... 79%  263K 2s
  1150K .......... .......... .......... .......... .......... 83% 7,69M 1s
  1200K .......... .......... .......... .......... .......... 86%  265K 1s
  1250K .......... .......... .......... .......... .......... 90% 3,79M 1s
  1300K .......... .......... .......... .......... .......... 93%  265K 0s
  1350K .......... .......... .......... .......... .......... 96% 5,01M 0s
  1400K .......... .......... .......... .......... ...       100%  236K=6,7s

2018-12-09 13:04:15 (217 KB/s) - 'kplr002016319-2011271113734_llc_lc.tbl' saved [1478341/1478341]

--2018-12-09 13:04:15--  http://exoplanetarchive.ipac.caltech.edu/data/ETSS//Kepler/005/479/01/kplr002016319-2012004120508_llc.fits
Resolving exoplanetarchive.ipac.caltech.edu (exoplanetarchive.ipac.caltech.edu)... 134.4.54.147
Connecting to exoplanetarchive.ipac.caltech.edu (exoplanetarchive.ipac.caltech.edu)|134.4.54.147|:80... connected.
HTTP request sent, awaiting response... 302 Found
Location: https://exoplanetarchive.ipac.caltech.edu/data/ETSS//Kepler/005/479/01/kplr002016319-2012004120508_llc.fits [following]
--2018-12-09 13:04:15--  https://exoplanetarchive.ipac.caltech.edu/data/ETSS//Kepler/005/479/01/kplr002016319-2012004120508_llc.fits
Connecting to exoplanetarchive.ipac.caltech.edu (exoplanetarchive.ipac.caltech.edu)|134.4.54.147|:443... connected.
HTTP request sent, awaiting response... 200 OK
Length: 506880 (495K) [image/x-fits]
Saving to: 'kplr002016319-2012004120508_llc.fits'

     0K .......... .......... .......... .......... .......... 10% 22,1K 20s
    50K .......... .......... .......... .......... .......... 20% 33,4K 15s
   100K .......... .......... .......... .......... .......... 30% 38,6K 12s
   150K .......... .......... .......... .......... .......... 40% 51,3K 9s
   200K .......... .......... .......... .......... .......... 50% 59,8K 7s
   250K .......... .......... .......... .......... .......... 60% 52,1K 5s
   300K .......... .......... .......... .......... .......... 70% 42,7K 4s
   350K .......... .......... .......... .......... .......... 80% 50,5K 2s
   400K .......... .......... .......... .......... .......... 90% 42,8K 1s
   450K .......... .......... .......... .......... .....     100% 76,9K=12s

2018-12-09 13:04:28 (42,2 KB/s) - 'kplr002016319-2012004120508_llc.fits' saved [506880/506880]

--2018-12-09 13:04:28--  http://exoplanetarchive.ipac.caltech.edu/data/ETSS//Kepler/005/495/43/kplr002016319-2012004120508_llc_lc.tbl
Resolving exoplanetarchive.ipac.caltech.edu (exoplanetarchive.ipac.caltech.edu)... 134.4.54.147
Connecting to exoplanetarchive.ipac.caltech.edu (exoplanetarchive.ipac.caltech.edu)|134.4.54.147|:80... connected.
HTTP request sent, awaiting response... 302 Found
Location: https://exoplanetarchive.ipac.caltech.edu/data/ETSS//Kepler/005/495/43/kplr002016319-2012004120508_llc_lc.tbl [following]
--2018-12-09 13:04:29--  https://exoplanetarchive.ipac.caltech.edu/data/ETSS//Kepler/005/495/43/kplr002016319-2012004120508_llc_lc.tbl
Connecting to exoplanetarchive.ipac.caltech.edu (exoplanetarchive.ipac.caltech.edu)|134.4.54.147|:443... connected.
HTTP request sent, awaiting response... 200 OK
Length: 1536632 (1,5M) [text/plain]
Saving to: 'kplr002016319-2012004120508_llc_lc.tbl'

     0K .......... .......... .......... .......... ..........  3% 42,5K 34s
    50K .......... .......... .......... .......... ..........  6% 84,7K 25s
   100K .......... .......... .......... .......... ..........  9%  126K 20s
   150K .......... .......... .......... .......... .......... 13%  128K 17s
   200K .......... .......... .......... .......... .......... 16%  128K 15s
   250K .......... .......... .......... .......... .......... 19%  130K 13s
   300K .......... .......... .......... .......... .......... 23%  253K 12s
   350K .......... .......... .......... .......... .......... 26%  129K 11s
   400K .......... .......... .......... .......... .......... 29%  127K 10s
   450K .......... .......... .......... .......... .......... 33%  257K 9s
   500K .......... .......... .......... .......... .......... 36%  255K 8s
   550K .......... .......... .......... .......... .......... 39%  256K 7s
   600K .......... .......... .......... .......... .......... 43%  259K 7s
   650K .......... .......... .......... .......... .......... 46%  258K 6s
   700K .......... .......... .......... .......... .......... 49%  256K 5s
   750K .......... .......... .......... .......... .......... 53%  256K 5s
   800K .......... .......... .......... .......... .......... 56%  259K 4s
   850K .......... .......... .......... .......... .......... 59%  259K 4s
   900K .......... .......... .......... .......... .......... 63%  260K 4s
   950K .......... .......... .......... .......... .......... 66% 5,11M 3s
  1000K .......... .......... .......... .......... .......... 69%  265K 3s
  1050K .......... .......... .......... .......... .......... 73%  258K 2s
  1100K .......... .......... .......... .......... .......... 76%  258K 2s
  1150K .......... .......... .......... .......... .......... 79%  258K 2s
  1200K .......... .......... .......... .......... .......... 83%  253K 1s
  1250K .......... .......... .......... .......... .......... 86% 8,94M 1s
  1300K .......... .......... .......... .......... .......... 89%  261K 1s
  1350K .......... .......... .......... .......... .......... 93%  259K 1s
  1400K .......... .......... .......... .......... .......... 96% 8,70M 0s
  1450K .......... .......... .......... .......... .......... 99%  261K 0s
  1500K                                                       100% 4,01G=7,8s

2018-12-09 13:04:38 (192 KB/s) - 'kplr002016319-2012004120508_llc_lc.tbl' saved [1536632/1536632]

--2018-12-09 13:04:38--  http://exoplanetarchive.ipac.caltech.edu/data/ETSS//Kepler/005/511/84/kplr002016319-2012088054726_llc.fits
Resolving exoplanetarchive.ipac.caltech.edu (exoplanetarchive.ipac.caltech.edu)... 134.4.54.147
Connecting to exoplanetarchive.ipac.caltech.edu (exoplanetarchive.ipac.caltech.edu)|134.4.54.147|:80... connected.
HTTP request sent, awaiting response... 302 Found
Location: https://exoplanetarchive.ipac.caltech.edu/data/ETSS//Kepler/005/511/84/kplr002016319-2012088054726_llc.fits [following]
--2018-12-09 13:04:38--  https://exoplanetarchive.ipac.caltech.edu/data/ETSS//Kepler/005/511/84/kplr002016319-2012088054726_llc.fits
Connecting to exoplanetarchive.ipac.caltech.edu (exoplanetarchive.ipac.caltech.edu)|134.4.54.147|:443... connected.
HTTP request sent, awaiting response... 200 OK
Length: 434880 (425K) [image/x-fits]
Saving to: 'kplr002016319-2012088054726_llc.fits'

     0K .......... .......... .......... .......... .......... 11% 43,0K 9s
    50K .......... .......... .......... .......... .......... 23% 85,8K 6s
   100K .......... .......... .......... .......... .......... 35%  128K 4s
   150K .......... .......... .......... .......... .......... 47%  129K 3s
   200K .......... .......... .......... .......... .......... 58%  129K 2s
   250K .......... .......... .......... .......... .......... 70%  252K 1s
   300K .......... .......... .......... .......... .......... 82%  129K 1s
   350K .......... .......... .......... .......... .......... 94%  130K 0s
   400K .......... .......... ....                            100% 15,4M=3,9s

2018-12-09 13:04:43 (109 KB/s) - 'kplr002016319-2012088054726_llc.fits' saved [434880/434880]

--2018-12-09 13:04:43--  http://exoplanetarchive.ipac.caltech.edu/data/ETSS//Kepler/005/528/54/kplr002016319-2012088054726_llc_lc.tbl
Resolving exoplanetarchive.ipac.caltech.edu (exoplanetarchive.ipac.caltech.edu)... 134.4.54.147
Connecting to exoplanetarchive.ipac.caltech.edu (exoplanetarchive.ipac.caltech.edu)|134.4.54.147|:80... connected.
HTTP request sent, awaiting response... 302 Found
Location: https://exoplanetarchive.ipac.caltech.edu/data/ETSS//Kepler/005/528/54/kplr002016319-2012088054726_llc_lc.tbl [following]
--2018-12-09 13:04:44--  https://exoplanetarchive.ipac.caltech.edu/data/ETSS//Kepler/005/528/54/kplr002016319-2012088054726_llc_lc.tbl
Connecting to exoplanetarchive.ipac.caltech.edu (exoplanetarchive.ipac.caltech.edu)|134.4.54.147|:443... connected.
HTTP request sent, awaiting response... 200 OK
Length: 1307989 (1,2M) [text/plain]
Saving to: 'kplr002016319-2012088054726_llc_lc.tbl'

     0K .......... .......... .......... .......... ..........  3% 42,6K 29s
    50K .......... .......... .......... .......... ..........  7% 86,1K 21s
   100K .......... .......... .......... .......... .......... 11%  210K 15s
   150K .......... .......... .......... .......... .......... 15%  143K 13s
   200K .......... .......... .......... .......... .......... 19%  129K 11s
   250K .......... .......... .......... .......... .......... 23%  256K 10s
   300K .......... .......... .......... .......... .......... 27%  212K 8s
   350K .......... .......... .......... .......... .......... 31%  257K 7s
   400K .......... .......... .......... .......... .......... 35%  253K 7s
   450K .......... .......... .......... .......... .......... 39%  261K 6s
   500K .......... .......... .......... .......... .......... 43%  259K 5s
   550K .......... .......... .......... .......... .......... 46%  258K 5s
   600K .......... .......... .......... .......... .......... 50%  260K 4s
   650K .......... .......... .......... .......... .......... 54%  261K 4s
   700K .......... .......... .......... .......... .......... 58%  261K 3s
   750K .......... .......... .......... .......... .......... 62%  260K 3s
   800K .......... .......... .......... .......... .......... 66%  253K 3s
   850K .......... .......... .......... .......... .......... 70% 12,4M 2s
   900K .......... .......... .......... .......... .......... 74%  259K 2s
   950K .......... .......... .......... .......... .......... 78%  259K 2s
  1000K .......... .......... .......... .......... .......... 82%  261K 1s
  1050K .......... .......... .......... .......... .......... 86%  258K 1s
  1100K .......... .......... .......... .......... .......... 90% 11,7M 1s
  1150K .......... .......... .......... .......... .......... 93%  260K 0s
  1200K .......... .......... .......... .......... .......... 97%  258K 0s
  1250K .......... .......... .......                         100% 11,6M=6,3s

2018-12-09 13:04:51 (204 KB/s) - 'kplr002016319-2012088054726_llc_lc.tbl' saved [1307989/1307989]

--2018-12-09 13:04:51--  http://exoplanetarchive.ipac.caltech.edu/data/ETSS//Kepler/005/545/23/kplr002016319-2012179063303_llc.fits
Resolving exoplanetarchive.ipac.caltech.edu (exoplanetarchive.ipac.caltech.edu)... 134.4.54.147
Connecting to exoplanetarchive.ipac.caltech.edu (exoplanetarchive.ipac.caltech.edu)|134.4.54.147|:80... connected.
HTTP request sent, awaiting response... 302 Found
Location: https://exoplanetarchive.ipac.caltech.edu/data/ETSS//Kepler/005/545/23/kplr002016319-2012179063303_llc.fits [following]
--2018-12-09 13:04:51--  https://exoplanetarchive.ipac.caltech.edu/data/ETSS//Kepler/005/545/23/kplr002016319-2012179063303_llc.fits
Connecting to exoplanetarchive.ipac.caltech.edu (exoplanetarchive.ipac.caltech.edu)|134.4.54.147|:443... connected.
HTTP request sent, awaiting response... 200 OK
Length: 472320 (461K) [image/x-fits]
Saving to: 'kplr002016319-2012179063303_llc.fits'

     0K .......... .......... .......... .......... .......... 10% 42,5K 10s
    50K .......... .......... .......... .......... .......... 21%  116K 6s
   100K .......... .......... .......... .......... .......... 32%  127K 4s
   150K .......... .......... .......... .......... .......... 43%  146K 3s
   200K .......... .......... .......... .......... .......... 54%  203K 2s
   250K .......... .......... .......... .......... .......... 65%  213K 2s
   300K .......... .......... .......... .......... .......... 75%  251K 1s
   350K .......... .......... .......... .......... .......... 86%  260K 0s
   400K .......... .......... .......... .......... .......... 97%  252K 0s
   450K .......... .                                          100% 31,3M=3,4s

2018-12-09 13:04:56 (135 KB/s) - 'kplr002016319-2012179063303_llc.fits' saved [472320/472320]

--2018-12-09 13:04:56--  http://exoplanetarchive.ipac.caltech.edu/data/ETSS//Kepler/005/561/90/kplr002016319-2012179063303_llc_lc.tbl
Resolving exoplanetarchive.ipac.caltech.edu (exoplanetarchive.ipac.caltech.edu)... 134.4.54.147
Connecting to exoplanetarchive.ipac.caltech.edu (exoplanetarchive.ipac.caltech.edu)|134.4.54.147|:80... connected.
HTTP request sent, awaiting response... 302 Found
Location: https://exoplanetarchive.ipac.caltech.edu/data/ETSS//Kepler/005/561/90/kplr002016319-2012179063303_llc_lc.tbl [following]
--2018-12-09 13:04:56--  https://exoplanetarchive.ipac.caltech.edu/data/ETSS//Kepler/005/561/90/kplr002016319-2012179063303_llc_lc.tbl
Connecting to exoplanetarchive.ipac.caltech.edu (exoplanetarchive.ipac.caltech.edu)|134.4.54.147|:443... connected.
HTTP request sent, awaiting response... 200 OK
Length: 1429360 (1,4M) [text/plain]
Saving to: 'kplr002016319-2012179063303_llc_lc.tbl'

     0K .......... .......... .......... .......... ..........  3% 51,6K 26s
    50K .......... .......... .......... .......... ..........  7%  126K 18s
   100K .......... .......... .......... .......... .......... 10% 85,3K 16s
   150K .......... .......... .......... .......... .......... 14% 48,8K 18s
   200K .......... .......... .......... .......... .......... 17% 94,5K 16s
   250K .......... .......... .......... .......... .......... 21%  129K 14s
   300K .......... .......... .......... .......... .......... 25%  129K 13s
   350K .......... .......... .......... .......... .......... 28%  128K 12s
   400K .......... .......... .......... .......... .......... 32% 85,8K 11s
   450K .......... .......... .......... .......... .......... 35%  129K 10s
   500K .......... .......... .......... .......... .......... 39% 61,6K 10s
   550K .......... .......... .......... .......... .......... 42% 86,3K 9s
   600K .......... .......... .......... .......... .......... 46% 85,9K 9s
   650K .......... .......... .......... .......... .......... 50% 85,6K 8s
   700K .......... .......... .......... .......... .......... 53% 85,8K 8s
   750K .......... .......... .......... .......... .......... 57% 85,2K 7s
   800K .......... .......... .......... .......... .......... 60% 86,0K 6s
   850K .......... .......... .......... .......... .......... 64%  128K 6s
   900K .......... .......... .......... .......... .......... 68% 85,7K 5s
   950K .......... .......... .......... .......... .......... 71%  127K 4s
  1000K .......... .......... .......... .......... .......... 75%  126K 4s
  1050K .......... .......... .......... .......... .......... 78% 85,7K 3s
  1100K .......... .......... .......... .......... .......... 82%  127K 3s
  1150K .......... .......... .......... .......... .......... 85%  127K 2s
  1200K .......... .......... .......... .......... .......... 89% 85,4K 2s
  1250K .......... .......... .......... .......... .......... 93% 84,2K 1s
  1300K .......... .......... .......... .......... .......... 96%  128K 0s
  1350K .......... .......... .......... .......... .....     100%  117K=15s

2018-12-09 13:05:12 (92,8 KB/s) - 'kplr002016319-2012179063303_llc_lc.tbl' saved [1429360/1429360]

--2018-12-09 13:05:13--  http://exoplanetarchive.ipac.caltech.edu/data/ETSS//Kepler/005/578/58/kplr002016319-2012277125453_llc.fits
Resolving exoplanetarchive.ipac.caltech.edu (exoplanetarchive.ipac.caltech.edu)... 134.4.54.147
Connecting to exoplanetarchive.ipac.caltech.edu (exoplanetarchive.ipac.caltech.edu)|134.4.54.147|:80... connected.
HTTP request sent, awaiting response... 302 Found
Location: https://exoplanetarchive.ipac.caltech.edu/data/ETSS//Kepler/005/578/58/kplr002016319-2012277125453_llc.fits [following]
--2018-12-09 13:05:13--  https://exoplanetarchive.ipac.caltech.edu/data/ETSS//Kepler/005/578/58/kplr002016319-2012277125453_llc.fits
Connecting to exoplanetarchive.ipac.caltech.edu (exoplanetarchive.ipac.caltech.edu)|134.4.54.147|:443... connected.
HTTP request sent, awaiting response... 200 OK
Length: 506880 (495K) [image/x-fits]
Saving to: 'kplr002016319-2012277125453_llc.fits'

     0K .......... .......... .......... .......... .......... 10% 43,0K 10s
    50K .......... .......... .......... .......... .......... 20% 86,3K 7s
   100K .......... .......... .......... .......... .......... 30%  127K 5s
   150K .......... .......... .......... .......... .......... 40%  130K 4s
   200K .......... .......... .......... .......... .......... 50%  128K 3s
   250K .......... .......... .......... .......... .......... 60%  130K 2s
   300K .......... .......... .......... .......... .......... 70%  258K 1s
   350K .......... .......... .......... .......... .......... 80%  255K 1s
   400K .......... .......... .......... .......... .......... 90%  128K 0s
   450K .......... .......... .......... .......... .....     100%  228K=4,3s

2018-12-09 13:05:18 (116 KB/s) - 'kplr002016319-2012277125453_llc.fits' saved [506880/506880]

--2018-12-09 13:05:18--  http://exoplanetarchive.ipac.caltech.edu/data/ETSS//Kepler/005/595/27/kplr002016319-2012277125453_llc_lc.tbl
Resolving exoplanetarchive.ipac.caltech.edu (exoplanetarchive.ipac.caltech.edu)... 134.4.54.147
Connecting to exoplanetarchive.ipac.caltech.edu (exoplanetarchive.ipac.caltech.edu)|134.4.54.147|:80... connected.
HTTP request sent, awaiting response... 302 Found
Location: https://exoplanetarchive.ipac.caltech.edu/data/ETSS//Kepler/005/595/27/kplr002016319-2012277125453_llc_lc.tbl [following]
--2018-12-09 13:05:19--  https://exoplanetarchive.ipac.caltech.edu/data/ETSS//Kepler/005/595/27/kplr002016319-2012277125453_llc_lc.tbl
Connecting to exoplanetarchive.ipac.caltech.edu (exoplanetarchive.ipac.caltech.edu)|134.4.54.147|:443... connected.
HTTP request sent, awaiting response... 200 OK
Length: 1537407 (1,5M) [text/plain]
Saving to: 'kplr002016319-2012277125453_llc_lc.tbl'

     0K .......... .......... .......... .......... ..........  3% 42,3K 34s
    50K .......... .......... .......... .......... ..........  6% 84,1K 25s
   100K .......... .......... .......... .......... ..........  9%  127K 20s
   150K .......... .......... .......... .......... .......... 13%  127K 17s
   200K .......... .......... .......... .......... .......... 16%  130K 15s
   250K .......... .......... .......... .......... .......... 19%  255K 13s
   300K .......... .......... .......... .......... .......... 23%  129K 12s
   350K .......... .......... .......... .......... .......... 26%  252K 10s
   400K .......... .......... .......... .......... .......... 29%  127K 10s
   450K .......... .......... .......... .......... .......... 33%  256K 9s
   500K .......... .......... .......... .......... .......... 36%  257K 8s
   550K .......... .......... .......... .......... .......... 39%  253K 7s
   600K .......... .......... .......... .......... .......... 43%  258K 6s
   650K .......... .......... .......... .......... .......... 46%  260K 6s
   700K .......... .......... .......... .......... .......... 49%  259K 5s
   750K .......... .......... .......... .......... .......... 53% 2,82M 5s
   800K .......... .......... .......... .......... .......... 56%  254K 4s
   850K .......... .......... .......... .......... .......... 59%  258K 4s
   900K .......... .......... .......... .......... .......... 63%  281K 3s
   950K .......... .......... .......... .......... .......... 66% 2,36M 3s
  1000K .......... .......... .......... .......... .......... 69%  257K 3s
  1050K .......... .......... .......... .......... .......... 73%  253K 2s
  1100K .......... .......... .......... .......... .......... 76% 10,6M 2s
  1150K .......... .......... .......... .......... .......... 79%  256K 2s
  1200K .......... .......... .......... .......... .......... 83%  251K 1s
  1250K .......... .......... .......... .......... .......... 86% 6,16M 1s
  1300K .......... .......... .......... .......... .......... 89%  249K 1s
  1350K .......... .......... .......... .......... .......... 93% 10,1M 0s
  1400K .......... .......... .......... .......... .......... 96%  258K 0s
  1450K .......... .......... .......... .......... .......... 99% 9,51M 0s
  1500K .                                                     100% 8,94G=7,1s

2018-12-09 13:05:27 (211 KB/s) - 'kplr002016319-2012277125453_llc_lc.tbl' saved [1537407/1537407]

--2018-12-09 13:05:27--  http://exoplanetarchive.ipac.caltech.edu/data/ETSS//Kepler/005/611/97/kplr002016319-2013011073258_llc.fits
Resolving exoplanetarchive.ipac.caltech.edu (exoplanetarchive.ipac.caltech.edu)... 134.4.54.147
Connecting to exoplanetarchive.ipac.caltech.edu (exoplanetarchive.ipac.caltech.edu)|134.4.54.147|:80... connected.
HTTP request sent, awaiting response... 302 Found
Location: https://exoplanetarchive.ipac.caltech.edu/data/ETSS//Kepler/005/611/97/kplr002016319-2013011073258_llc.fits [following]
--2018-12-09 13:05:27--  https://exoplanetarchive.ipac.caltech.edu/data/ETSS//Kepler/005/611/97/kplr002016319-2013011073258_llc.fits
Connecting to exoplanetarchive.ipac.caltech.edu (exoplanetarchive.ipac.caltech.edu)|134.4.54.147|:443... connected.
HTTP request sent, awaiting response... 200 OK
Length: 506880 (495K) [image/x-fits]
Saving to: 'kplr002016319-2013011073258_llc.fits'

     0K .......... .......... .......... .......... .......... 10% 42,4K 10s
    50K .......... .......... .......... .......... .......... 20% 85,2K 7s
   100K .......... .......... .......... .......... .......... 30%  128K 5s
   150K .......... .......... .......... .......... .......... 40% 63,9K 4s
   200K .......... .......... .......... .......... .......... 50% 42,8K 4s
   250K .......... .......... .......... .......... .......... 60% 85,8K 3s
   300K .......... .......... .......... .......... .......... 70%  128K 2s
   350K .......... .......... .......... .......... .......... 80%  124K 1s
   400K .......... .......... .......... .......... .......... 90% 85,7K 1s
   450K .......... .......... .......... .......... .....     100%  219K=6,3s

2018-12-09 13:05:35 (78,9 KB/s) - 'kplr002016319-2013011073258_llc.fits' saved [506880/506880]

--2018-12-09 13:05:35--  http://exoplanetarchive.ipac.caltech.edu/data/ETSS//Kepler/005/628/44/kplr002016319-2013011073258_llc_lc.tbl
Resolving exoplanetarchive.ipac.caltech.edu (exoplanetarchive.ipac.caltech.edu)... 134.4.54.147
Connecting to exoplanetarchive.ipac.caltech.edu (exoplanetarchive.ipac.caltech.edu)|134.4.54.147|:80... connected.
HTTP request sent, awaiting response... 302 Found
Location: https://exoplanetarchive.ipac.caltech.edu/data/ETSS//Kepler/005/628/44/kplr002016319-2013011073258_llc_lc.tbl [following]
--2018-12-09 13:05:35--  https://exoplanetarchive.ipac.caltech.edu/data/ETSS//Kepler/005/628/44/kplr002016319-2013011073258_llc_lc.tbl
Connecting to exoplanetarchive.ipac.caltech.edu (exoplanetarchive.ipac.caltech.edu)|134.4.54.147|:443... connected.
HTTP request sent, awaiting response... 200 OK
Length: 1544999 (1,5M) [text/plain]
Saving to: 'kplr002016319-2013011073258_llc_lc.tbl'

     0K .......... .......... .......... .......... ..........  3% 42,5K 34s
    50K .......... .......... .......... .......... ..........  6% 86,6K 25s
   100K .......... .......... .......... .......... ..........  9%  127K 19s
   150K .......... .......... .......... .......... .......... 13%  130K 17s
   200K .......... .......... .......... .......... .......... 16%  129K 15s
   250K .......... .......... .......... .......... .......... 19%  250K 13s
   300K .......... .......... .......... .......... .......... 23%  256K 11s
   350K .......... .......... .......... .......... .......... 26%  250K 10s
   400K .......... .......... .......... .......... .......... 29%  250K 9s
   450K .......... .......... .......... .......... .......... 33%  256K 8s
   500K .......... .......... .......... .......... .......... 36%  252K 7s
   550K .......... .......... .......... .......... .......... 39%  288K 6s
   600K .......... .......... .......... .......... .......... 43%  253K 6s
   650K .......... .......... .......... .......... .......... 46% 2,13M 5s
   700K .......... .......... .......... .......... .......... 49%  251K 5s
   750K .......... .......... .......... .......... .......... 53%  304K 4s
   800K .......... .......... .......... .......... .......... 56% 1,42M 4s
   850K .......... .......... .......... .......... .......... 59%  253K 3s
   900K .......... .......... .......... .......... .......... 62%  321K 3s
   950K .......... .......... .......... .......... .......... 66% 1,23M 3s
  1000K .......... .......... .......... .......... .......... 69%  316K 2s
  1050K .......... .......... .......... .......... .......... 72% 15,3M 2s
  1100K .......... .......... .......... .......... .......... 76%  260K 2s
  1150K .......... .......... .......... .......... .......... 79% 1,24M 1s
  1200K .......... .......... .......... .......... .......... 82%  317K 1s
  1250K .......... .......... .......... .......... .......... 86% 1,38M 1s
  1300K .......... .......... .......... .......... .......... 89%  322K 1s
  1350K .......... .......... .......... .......... .......... 92% 1,14M 0s
  1400K .......... .......... .......... .......... .......... 96% 15,4M 0s
  1450K .......... .......... .......... .......... .......... 99%  259K 0s
  1500K ........                                              100% 31,0M=6,3s

2018-12-09 13:05:43 (240 KB/s) - 'kplr002016319-2013011073258_llc_lc.tbl' saved [1544999/1544999]

--2018-12-09 13:05:43--  http://exoplanetarchive.ipac.caltech.edu/data/ETSS//Kepler/005/644/92/kplr002016319-2013098041711_llc.fits
Resolving exoplanetarchive.ipac.caltech.edu (exoplanetarchive.ipac.caltech.edu)... 134.4.54.147
Connecting to exoplanetarchive.ipac.caltech.edu (exoplanetarchive.ipac.caltech.edu)|134.4.54.147|:80... connected.
HTTP request sent, awaiting response... 302 Found
Location: https://exoplanetarchive.ipac.caltech.edu/data/ETSS//Kepler/005/644/92/kplr002016319-2013098041711_llc.fits [following]
--2018-12-09 13:05:43--  https://exoplanetarchive.ipac.caltech.edu/data/ETSS//Kepler/005/644/92/kplr002016319-2013098041711_llc.fits
Connecting to exoplanetarchive.ipac.caltech.edu (exoplanetarchive.ipac.caltech.edu)|134.4.54.147|:443... connected.
HTTP request sent, awaiting response... 200 OK
Length: 449280 (439K) [image/x-fits]
Saving to: 'kplr002016319-2013098041711_llc.fits'

     0K .......... .......... .......... .......... .......... 11% 43,0K 9s
    50K .......... .......... .......... .......... .......... 22% 86,5K 6s
   100K .......... .......... .......... .......... .......... 34%  128K 4s
   150K .......... .......... .......... .......... .......... 45%  127K 3s
   200K .......... .......... .......... .......... .......... 56%  131K 2s
   250K .......... .......... .......... .......... .......... 68%  129K 2s
   300K .......... .......... .......... .......... .......... 79%  127K 1s
   350K .......... .......... .......... .......... .......... 91%  255K 0s
   400K .......... .......... .......... ........             100%  198K=4,1s

2018-12-09 13:05:48 (108 KB/s) - 'kplr002016319-2013098041711_llc.fits' saved [449280/449280]

--2018-12-09 13:05:49--  http://exoplanetarchive.ipac.caltech.edu/data/ETSS//Kepler/005/661/68/kplr002016319-2013098041711_llc_lc.tbl
Resolving exoplanetarchive.ipac.caltech.edu (exoplanetarchive.ipac.caltech.edu)... 134.4.54.147
Connecting to exoplanetarchive.ipac.caltech.edu (exoplanetarchive.ipac.caltech.edu)|134.4.54.147|:80... connected.
HTTP request sent, awaiting response... 302 Found
Location: https://exoplanetarchive.ipac.caltech.edu/data/ETSS//Kepler/005/661/68/kplr002016319-2013098041711_llc_lc.tbl [following]
--2018-12-09 13:05:49--  https://exoplanetarchive.ipac.caltech.edu/data/ETSS//Kepler/005/661/68/kplr002016319-2013098041711_llc_lc.tbl
Connecting to exoplanetarchive.ipac.caltech.edu (exoplanetarchive.ipac.caltech.edu)|134.4.54.147|:443... connected.
HTTP request sent, awaiting response... 200 OK
Length: 1359188 (1,3M) [text/plain]
Saving to: 'kplr002016319-2013098041711_llc_lc.tbl'

     0K .......... .......... .......... .......... ..........  3% 42,8K 30s
    50K .......... .......... .......... .......... ..........  7% 84,9K 22s
   100K .......... .......... .......... .......... .......... 11%  128K 17s
   150K .......... .......... .......... .......... .......... 15%  127K 14s
   200K .......... .......... .......... .......... .......... 18% 51,2K 15s
   250K .......... .......... .......... .......... .......... 22%  120K 13s
   300K .......... .......... .......... .......... .......... 26%  128K 12s
   350K .......... .......... .......... .......... .......... 30% 88,3K 11s
   400K .......... .......... .......... .......... .......... 33%  118K 10s
   450K .......... .......... .......... .......... .......... 37%  128K 9s
   500K .......... .......... .......... .......... .......... 41%  127K 9s
   550K .......... .......... .......... .......... .......... 45%  129K 8s
   600K .......... .......... .......... .......... .......... 48%  128K 7s
   650K .......... .......... .......... .......... .......... 52%  129K 7s
   700K .......... .......... .......... .......... .......... 56%  129K 6s
   750K .......... .......... .......... .......... .......... 60%  128K 5s
   800K .......... .......... .......... .......... .......... 64%  129K 5s
   850K .......... .......... .......... .......... .......... 67%  129K 4s
   900K .......... .......... .......... .......... .......... 71%  127K 4s
   950K .......... .......... .......... .......... .......... 75%  127K 3s
  1000K .......... .......... .......... .......... .......... 79%  128K 3s
  1050K .......... .......... .......... .......... .......... 82%  128K 2s
  1100K .......... .......... .......... .......... .......... 86%  211K 2s
  1150K .......... .......... .......... .......... .......... 90% 91,1K 1s
  1200K .......... .......... .......... .......... .......... 94%  129K 1s
  1250K .......... .......... .......... .......... .......... 97%  129K 0s
  1300K .......... .......... .......                         100%  141K=12s

2018-12-09 13:06:02 (109 KB/s) - 'kplr002016319-2013098041711_llc_lc.tbl' saved [1359188/1359188]

--2018-12-09 13:06:02--  http://exoplanetarchive.ipac.caltech.edu/data/ETSS//Kepler/005/678/43/kplr002016319-2013131215648_llc.fits
Resolving exoplanetarchive.ipac.caltech.edu (exoplanetarchive.ipac.caltech.edu)... 134.4.54.147
Connecting to exoplanetarchive.ipac.caltech.edu (exoplanetarchive.ipac.caltech.edu)|134.4.54.147|:80... connected.
HTTP request sent, awaiting response... 302 Found
Location: https://exoplanetarchive.ipac.caltech.edu/data/ETSS//Kepler/005/678/43/kplr002016319-2013131215648_llc.fits [following]
--2018-12-09 13:06:03--  https://exoplanetarchive.ipac.caltech.edu/data/ETSS//Kepler/005/678/43/kplr002016319-2013131215648_llc.fits
Connecting to exoplanetarchive.ipac.caltech.edu (exoplanetarchive.ipac.caltech.edu)|134.4.54.147|:443... connected.
HTTP request sent, awaiting response... 200 OK
Length: 187200 (183K) [image/x-fits]
Saving to: 'kplr002016319-2013131215648_llc.fits'

     0K .......... .......... .......... .......... .......... 27% 42,8K 3s
    50K .......... .......... .......... .......... .......... 54% 86,5K 1s
   100K .......... .......... .......... .......... .......... 82%  129K 0s
   150K .......... .......... .......... ..                   100%  171K=2,3s

2018-12-09 13:06:06 (78,5 KB/s) - 'kplr002016319-2013131215648_llc.fits' saved [187200/187200]

--2018-12-09 13:06:06--  http://exoplanetarchive.ipac.caltech.edu/data/ETSS//Kepler/005/695/19/kplr002016319-2013131215648_llc_lc.tbl
Resolving exoplanetarchive.ipac.caltech.edu (exoplanetarchive.ipac.caltech.edu)... 134.4.54.147
Connecting to exoplanetarchive.ipac.caltech.edu (exoplanetarchive.ipac.caltech.edu)|134.4.54.147|:80... connected.
HTTP request sent, awaiting response... 302 Found
Location: https://exoplanetarchive.ipac.caltech.edu/data/ETSS//Kepler/005/695/19/kplr002016319-2013131215648_llc_lc.tbl [following]
--2018-12-09 13:06:07--  https://exoplanetarchive.ipac.caltech.edu/data/ETSS//Kepler/005/695/19/kplr002016319-2013131215648_llc_lc.tbl
Connecting to exoplanetarchive.ipac.caltech.edu (exoplanetarchive.ipac.caltech.edu)|134.4.54.147|:443... connected.
HTTP request sent, awaiting response... 200 OK
Length: 506677 (495K) [text/plain]
Saving to: 'kplr002016319-2013131215648_llc_lc.tbl'

     0K .......... .......... .......... .......... .......... 10% 24,0K 19s
    50K .......... .......... .......... .......... .......... 20% 86,7K 10s
   100K .......... .......... .......... .......... .......... 30% 85,2K 7s
   150K .......... .......... .......... .......... .......... 40%  127K 5s
   200K .......... .......... .......... .......... .......... 50%  128K 4s
   250K .......... .......... .......... .......... .......... 60%  130K 3s
   300K .......... .......... .......... .......... .......... 70%  251K 2s
   350K .......... .......... .......... .......... .......... 80%  131K 1s
   400K .......... .......... .......... .......... .......... 90%  130K 1s
   450K .......... .......... .......... .......... ....      100%  233K=5,6s

2018-12-09 13:06:13 (88,8 KB/s) - 'kplr002016319-2013131215648_llc_lc.tbl' saved [506677/506677]

