--2018-12-09 13:00:52--  http://exoplanetarchive.ipac.caltech.edu/data/ETSS//Kepler/005/147/95/kplr002157928-2009166043257_llc.fits
Resolving exoplanetarchive.ipac.caltech.edu (exoplanetarchive.ipac.caltech.edu)... 134.4.54.147
Connecting to exoplanetarchive.ipac.caltech.edu (exoplanetarchive.ipac.caltech.edu)|134.4.54.147|:80... connected.
HTTP request sent, awaiting response... 302 Found
Location: https://exoplanetarchive.ipac.caltech.edu/data/ETSS//Kepler/005/147/95/kplr002157928-2009166043257_llc.fits [following]
--2018-12-09 13:00:52--  https://exoplanetarchive.ipac.caltech.edu/data/ETSS//Kepler/005/147/95/kplr002157928-2009166043257_llc.fits
Connecting to exoplanetarchive.ipac.caltech.edu (exoplanetarchive.ipac.caltech.edu)|134.4.54.147|:443... connected.
HTTP request sent, awaiting response... 200 OK
Length: 192960 (188K) [image/x-fits]
Saving to: 'kplr002157928-2009166043257_llc.fits'

     0K .......... .......... .......... .......... .......... 26% 43,0K 3s
    50K .......... .......... .......... .......... .......... 53% 86,0K 2s
   100K .......... .......... .......... .......... .......... 79%  126K 1s
   150K .......... .......... .......... ........             100% 14,2M=2,1s

2018-12-09 13:00:55 (87,9 KB/s) - 'kplr002157928-2009166043257_llc.fits' saved [192960/192960]

--2018-12-09 13:00:56--  http://exoplanetarchive.ipac.caltech.edu/data/ETSS//Kepler/005/163/57/kplr002157928-2009166043257_llc_lc.tbl
Resolving exoplanetarchive.ipac.caltech.edu (exoplanetarchive.ipac.caltech.edu)... 134.4.54.147
Connecting to exoplanetarchive.ipac.caltech.edu (exoplanetarchive.ipac.caltech.edu)|134.4.54.147|:80... connected.
HTTP request sent, awaiting response... 302 Found
Location: https://exoplanetarchive.ipac.caltech.edu/data/ETSS//Kepler/005/163/57/kplr002157928-2009166043257_llc_lc.tbl [following]
--2018-12-09 13:00:56--  https://exoplanetarchive.ipac.caltech.edu/data/ETSS//Kepler/005/163/57/kplr002157928-2009166043257_llc_lc.tbl
Connecting to exoplanetarchive.ipac.caltech.edu (exoplanetarchive.ipac.caltech.edu)|134.4.54.147|:443... connected.
HTTP request sent, awaiting response... 200 OK
Length: 533403 (521K) [text/plain]
Saving to: 'kplr002157928-2009166043257_llc_lc.tbl'

     0K .......... .......... .......... .......... ..........  9% 42,7K 11s
    50K .......... .......... .......... .......... .......... 19% 85,7K 7s
   100K .......... .......... .......... .......... .......... 28%  129K 5s
   150K .......... .......... .......... .......... .......... 38%  130K 4s
   200K .......... .......... .......... .......... .......... 47%  252K 3s
   250K .......... .......... .......... .......... .......... 57%  242K 2s
   300K .......... .......... .......... .......... .......... 67%  270K 2s
   350K .......... .......... .......... .......... .......... 76%  130K 1s
   400K .......... .......... .......... .......... .......... 86%  242K 1s
   450K .......... .......... .......... .......... .......... 95%  269K 0s
   500K .......... ..........                                 100%  765K=3,9s

2018-12-09 13:01:01 (133 KB/s) - 'kplr002157928-2009166043257_llc_lc.tbl' saved [533403/533403]

--2018-12-09 13:01:01--  http://exoplanetarchive.ipac.caltech.edu/data/ETSS//Kepler/005/212/47/kplr002157928-2009259160929_llc.fits
Resolving exoplanetarchive.ipac.caltech.edu (exoplanetarchive.ipac.caltech.edu)... 134.4.54.147
Connecting to exoplanetarchive.ipac.caltech.edu (exoplanetarchive.ipac.caltech.edu)|134.4.54.147|:80... connected.
HTTP request sent, awaiting response... 302 Found
Location: https://exoplanetarchive.ipac.caltech.edu/data/ETSS//Kepler/005/212/47/kplr002157928-2009259160929_llc.fits [following]
--2018-12-09 13:01:01--  https://exoplanetarchive.ipac.caltech.edu/data/ETSS//Kepler/005/212/47/kplr002157928-2009259160929_llc.fits
Connecting to exoplanetarchive.ipac.caltech.edu (exoplanetarchive.ipac.caltech.edu)|134.4.54.147|:443... connected.
HTTP request sent, awaiting response... 200 OK
Length: 466560 (456K) [image/x-fits]
Saving to: 'kplr002157928-2009259160929_llc.fits'

     0K .......... .......... .......... .......... .......... 10% 42,8K 9s
    50K .......... .......... .......... .......... .......... 21% 85,9K 6s
   100K .......... .......... .......... .......... .......... 32%  129K 4s
   150K .......... .......... .......... .......... .......... 43%  129K 3s
   200K .......... .......... .......... .......... .......... 54%  245K 2s
   250K .......... .......... .......... .......... .......... 65%  129K 2s
   300K .......... .......... .......... .......... .......... 76%  258K 1s
   350K .......... .......... .......... .......... .......... 87%  255K 0s
   400K .......... .......... .......... .......... .......... 98%  253K 0s
   450K .....                                                 100% 36,6G=3,7s

2018-12-09 13:01:06 (123 KB/s) - 'kplr002157928-2009259160929_llc.fits' saved [466560/466560]

--2018-12-09 13:01:06--  http://exoplanetarchive.ipac.caltech.edu/data/ETSS//Kepler/005/229/11/kplr002157928-2009259160929_llc_lc.tbl
Resolving exoplanetarchive.ipac.caltech.edu (exoplanetarchive.ipac.caltech.edu)... 134.4.54.147
Connecting to exoplanetarchive.ipac.caltech.edu (exoplanetarchive.ipac.caltech.edu)|134.4.54.147|:80... connected.
HTTP request sent, awaiting response... 302 Found
Location: https://exoplanetarchive.ipac.caltech.edu/data/ETSS//Kepler/005/229/11/kplr002157928-2009259160929_llc_lc.tbl [following]
--2018-12-09 13:01:07--  https://exoplanetarchive.ipac.caltech.edu/data/ETSS//Kepler/005/229/11/kplr002157928-2009259160929_llc_lc.tbl
Connecting to exoplanetarchive.ipac.caltech.edu (exoplanetarchive.ipac.caltech.edu)|134.4.54.147|:443... connected.
HTTP request sent, awaiting response... 200 OK
Length: 1407824 (1,3M) [text/plain]
Saving to: 'kplr002157928-2009259160929_llc_lc.tbl'

     0K .......... .......... .......... .......... ..........  3% 42,9K 31s
    50K .......... .......... .......... .......... ..........  7% 86,8K 22s
   100K .......... .......... .......... .......... .......... 10%  194K 16s
   150K .......... .......... .......... .......... .......... 14%  136K 14s
   200K .......... .......... .......... .......... .......... 18%  220K 12s
   250K .......... .......... .......... .......... .......... 21%  259K 10s
   300K .......... .......... .......... .......... .......... 25%  261K 9s
   350K .......... .......... .......... .......... .......... 29%  256K 8s
   400K .......... .......... .......... .......... .......... 32% 1,62K 70s
   450K .......... .......... .......... .......... .......... 36% 50,8K 61s
   500K .......... .......... .......... .......... .......... 40% 84,9K 53s
   550K .......... .......... .......... .......... .......... 43%  127K 47s
   600K .......... .......... .......... .......... .......... 47%  127K 41s
   650K .......... .......... .......... .......... .......... 50%  129K 35s
   700K .......... .......... .......... .......... .......... 54%  252K 31s
   750K .......... .......... .......... .......... .......... 58%  253K 27s
   800K .......... .......... .......... .......... .......... 61%  128K 23s
   850K .......... .......... .......... .......... .......... 65%  253K 20s
   900K .......... .......... .......... .......... .......... 69%  258K 17s
   950K .......... .......... .......... .......... .......... 72%  253K 14s
  1000K .......... .......... .......... .......... .......... 76%  257K 12s
  1050K .......... .......... .......... .......... .......... 80%  253K 10s
  1100K .......... .......... .......... .......... .......... 83%  253K 8s
  1150K .......... .......... .......... .......... .......... 87% 12,8M 6s
  1200K .......... .......... .......... .......... .......... 90%  252K 4s
  1250K .......... .......... .......... .......... .......... 94%  129K 2s
  1300K .......... .......... .......... .......... .......... 98% 50,9K 1s
  1350K .......... .......... ....                            100%  124K=41s

2018-12-09 13:01:48 (33,9 KB/s) - 'kplr002157928-2009259160929_llc_lc.tbl' saved [1407824/1407824]

--2018-12-09 13:01:48--  http://exoplanetarchive.ipac.caltech.edu/data/ETSS//Kepler/005/245/75/kplr002157928-2009350155506_llc.fits
Resolving exoplanetarchive.ipac.caltech.edu (exoplanetarchive.ipac.caltech.edu)... 134.4.54.147
Connecting to exoplanetarchive.ipac.caltech.edu (exoplanetarchive.ipac.caltech.edu)|134.4.54.147|:80... connected.
HTTP request sent, awaiting response... 302 Found
Location: https://exoplanetarchive.ipac.caltech.edu/data/ETSS//Kepler/005/245/75/kplr002157928-2009350155506_llc.fits [following]
--2018-12-09 13:01:49--  https://exoplanetarchive.ipac.caltech.edu/data/ETSS//Kepler/005/245/75/kplr002157928-2009350155506_llc.fits
Connecting to exoplanetarchive.ipac.caltech.edu (exoplanetarchive.ipac.caltech.edu)|134.4.54.147|:443... connected.
HTTP request sent, awaiting response... 200 OK
Length: 466560 (456K) [image/x-fits]
Saving to: 'kplr002157928-2009350155506_llc.fits'

     0K .......... .......... .......... .......... .......... 10% 42,8K 9s
    50K .......... .......... .......... .......... .......... 21%  127K 6s
   100K .......... .......... .......... .......... .......... 32% 86,6K 4s
   150K .......... .......... .......... .......... .......... 43%  251K 3s
   200K .......... .......... .......... .......... .......... 54%  129K 2s
   250K .......... .......... .......... .......... .......... 65%  127K 2s
   300K .......... .......... .......... .......... .......... 76%  250K 1s
   350K .......... .......... .......... .......... .......... 87%  128K 1s
   400K .......... .......... .......... .......... .......... 98%  253K 0s
   450K .....                                                 100% 36,6G=3,9s

2018-12-09 13:01:54 (117 KB/s) - 'kplr002157928-2009350155506_llc.fits' saved [466560/466560]

--2018-12-09 13:01:54--  http://exoplanetarchive.ipac.caltech.edu/data/ETSS//Kepler/005/262/31/kplr002157928-2009350155506_llc_lc.tbl
Resolving exoplanetarchive.ipac.caltech.edu (exoplanetarchive.ipac.caltech.edu)... 134.4.54.147
Connecting to exoplanetarchive.ipac.caltech.edu (exoplanetarchive.ipac.caltech.edu)|134.4.54.147|:80... connected.
HTTP request sent, awaiting response... 302 Found
Location: https://exoplanetarchive.ipac.caltech.edu/data/ETSS//Kepler/005/262/31/kplr002157928-2009350155506_llc_lc.tbl [following]
--2018-12-09 13:01:54--  https://exoplanetarchive.ipac.caltech.edu/data/ETSS//Kepler/005/262/31/kplr002157928-2009350155506_llc_lc.tbl
Connecting to exoplanetarchive.ipac.caltech.edu (exoplanetarchive.ipac.caltech.edu)|134.4.54.147|:443... connected.
HTTP request sent, awaiting response... 200 OK
Length: 1412962 (1,3M) [text/plain]
Saving to: 'kplr002157928-2009350155506_llc_lc.tbl'

     0K .......... .......... .......... .......... ..........  3% 25,3K 53s
    50K .......... .......... .......... .......... ..........  7% 32,0K 45s
   100K .......... .......... .......... .......... .......... 10% 42,7K 39s
   150K .......... .......... .......... .......... .......... 14% 42,8K 35s
   200K .......... .......... .......... .......... .......... 18% 51,4K 31s
   250K .......... .......... .......... .......... .......... 21% 63,7K 28s
   300K .......... .......... .......... .......... .......... 25% 51,5K 25s
   350K .......... .......... .......... .......... .......... 28% 32,2K 25s
   400K .......... .......... .......... .......... .......... 32% 31,8K 24s
   450K .......... .......... .......... .......... .......... 36% 51,2K 22s
   500K .......... .......... .......... .......... .......... 39% 63,6K 20s
   550K .......... .......... .......... .......... .......... 43% 51,4K 19s
   600K .......... .......... .......... .......... .......... 47% 27,7K 18s
   650K .......... .......... .......... .......... .......... 50% 30,7K 17s
   700K .......... .......... .......... .......... .......... 54% 45,2K 16s
   750K .......... .......... .......... .......... .......... 57% 60,4K 14s
   800K .......... .......... .......... .......... .......... 61% 51,1K 13s
   850K .......... .......... .......... .......... .......... 65% 69,6K 11s
   900K .......... .......... .......... .......... .......... 68% 78,9K 10s
   950K .......... .......... .......... .......... .......... 72% 85,6K 9s
  1000K .......... .......... .......... .......... .......... 76% 84,5K 7s
  1050K .......... .......... .......... .......... .......... 79% 86,4K 6s
  1100K .......... .......... .......... .......... .......... 83% 92,4K 5s
  1150K .......... .......... .......... .......... .......... 86% 86,0K 4s
  1200K .......... .......... .......... .......... .......... 90% 61,7K 3s
  1250K .......... .......... .......... .......... .......... 94% 48,8K 2s
  1300K .......... .......... .......... .......... .......... 97% 51,2K 1s
  1350K .......... .......... .........                       100% 77,0K=28s

2018-12-09 13:02:23 (48,9 KB/s) - 'kplr002157928-2009350155506_llc_lc.tbl' saved [1412962/1412962]

--2018-12-09 13:02:24--  http://exoplanetarchive.ipac.caltech.edu/data/ETSS//Kepler/005/379/00/kplr002157928-2010265121752_llc.fits
Resolving exoplanetarchive.ipac.caltech.edu (exoplanetarchive.ipac.caltech.edu)... 134.4.54.147
Connecting to exoplanetarchive.ipac.caltech.edu (exoplanetarchive.ipac.caltech.edu)|134.4.54.147|:80... connected.
HTTP request sent, awaiting response... 302 Found
Location: https://exoplanetarchive.ipac.caltech.edu/data/ETSS//Kepler/005/379/00/kplr002157928-2010265121752_llc.fits [following]
--2018-12-09 13:02:24--  https://exoplanetarchive.ipac.caltech.edu/data/ETSS//Kepler/005/379/00/kplr002157928-2010265121752_llc.fits
Connecting to exoplanetarchive.ipac.caltech.edu (exoplanetarchive.ipac.caltech.edu)|134.4.54.147|:443... connected.
HTTP request sent, awaiting response... 200 OK
Length: 469440 (458K) [image/x-fits]
Saving to: 'kplr002157928-2010265121752_llc.fits'

     0K .......... .......... .......... .......... .......... 10% 42,9K 10s
    50K .......... .......... .......... .......... .......... 21% 84,6K 6s
   100K .......... .......... .......... .......... .......... 32%  128K 4s
   150K .......... .......... .......... .......... .......... 43%  113K 3s
   200K .......... .......... .......... .......... .......... 54%  138K 2s
   250K .......... .......... .......... .......... .......... 65%  129K 2s
   300K .......... .......... .......... .......... .......... 76%  128K 1s
   350K .......... .......... .......... .......... .......... 87%  253K 1s
   400K .......... .......... .......... .......... .......... 98%  128K 0s
   450K ........                                              100% 5,92M=4,3s

2018-12-09 13:02:29 (106 KB/s) - 'kplr002157928-2010265121752_llc.fits' saved [469440/469440]

--2018-12-09 13:02:29--  http://exoplanetarchive.ipac.caltech.edu/data/ETSS//Kepler/005/395/54/kplr002157928-2010265121752_llc_lc.tbl
Resolving exoplanetarchive.ipac.caltech.edu (exoplanetarchive.ipac.caltech.edu)... 134.4.54.147
Connecting to exoplanetarchive.ipac.caltech.edu (exoplanetarchive.ipac.caltech.edu)|134.4.54.147|:80... connected.
HTTP request sent, awaiting response... 302 Found
Location: https://exoplanetarchive.ipac.caltech.edu/data/ETSS//Kepler/005/395/54/kplr002157928-2010265121752_llc_lc.tbl [following]
--2018-12-09 13:02:30--  https://exoplanetarchive.ipac.caltech.edu/data/ETSS//Kepler/005/395/54/kplr002157928-2010265121752_llc_lc.tbl
Connecting to exoplanetarchive.ipac.caltech.edu (exoplanetarchive.ipac.caltech.edu)|134.4.54.147|:443... connected.
HTTP request sent, awaiting response... 200 OK
Length: 1421994 (1,4M) [text/plain]
Saving to: 'kplr002157928-2010265121752_llc_lc.tbl'

     0K .......... .......... .......... .......... ..........  3% 42,4K 32s
    50K .......... .......... .......... .......... ..........  7% 85,1K 23s
   100K .......... .......... .......... .......... .......... 10%  111K 18s
   150K .......... .......... .......... .......... .......... 14%  147K 15s
   200K .......... .......... .......... .......... .......... 18%  126K 13s
   250K .......... .......... .......... .......... .......... 21%  263K 11s
   300K .......... .......... .......... .......... .......... 25%  128K 10s
   350K .......... .......... .......... .......... .......... 28%  262K 9s
   400K .......... .......... .......... .......... .......... 32%  128K 9s
   450K .......... .......... .......... .......... .......... 36%  232K 8s
   500K .......... .......... .......... .......... .......... 39%  134K 7s
   550K .......... .......... .......... .......... .......... 43% 23,2M 6s
   600K .......... .......... .......... .......... .......... 46% 64,3K 6s
   650K .......... .......... .......... .......... .......... 50% 84,7K 6s
   700K .......... .......... .......... .......... .......... 54%  129K 6s
   750K .......... .......... .......... .......... .......... 57%  129K 5s
   800K .......... .......... .......... .......... .......... 61%  127K 5s
   850K .......... .......... .......... .......... .......... 64%  129K 4s
   900K .......... .......... .......... .......... .......... 68%  251K 4s
   950K .......... .......... .......... .......... .......... 72%  254K 3s
  1000K .......... .......... .......... .......... .......... 75%  127K 3s
  1050K .......... .......... .......... .......... .......... 79%  250K 2s
  1100K .......... .......... .......... .......... .......... 82%  254K 2s
  1150K .......... .......... .......... .......... .......... 86%  130K 1s
  1200K .......... .......... .......... .......... .......... 90%  126K 1s
  1250K .......... .......... .......... .......... .......... 93%  249K 1s
  1300K .......... .......... .......... .......... .......... 97%  259K 0s
  1350K .......... .......... .......... ........             100%  196K=10s

2018-12-09 13:02:41 (136 KB/s) - 'kplr002157928-2010265121752_llc_lc.tbl' saved [1421994/1421994]

--2018-12-09 13:02:41--  http://exoplanetarchive.ipac.caltech.edu/data/ETSS//Kepler/005/445/65/kplr002157928-2011271113734_llc.fits
Resolving exoplanetarchive.ipac.caltech.edu (exoplanetarchive.ipac.caltech.edu)... 134.4.54.147
Connecting to exoplanetarchive.ipac.caltech.edu (exoplanetarchive.ipac.caltech.edu)|134.4.54.147|:80... connected.
HTTP request sent, awaiting response... 302 Found
Location: https://exoplanetarchive.ipac.caltech.edu/data/ETSS//Kepler/005/445/65/kplr002157928-2011271113734_llc.fits [following]
--2018-12-09 13:02:42--  https://exoplanetarchive.ipac.caltech.edu/data/ETSS//Kepler/005/445/65/kplr002157928-2011271113734_llc.fits
Connecting to exoplanetarchive.ipac.caltech.edu (exoplanetarchive.ipac.caltech.edu)|134.4.54.147|:443... connected.
HTTP request sent, awaiting response... 200 OK
Length: 486720 (475K) [image/x-fits]
Saving to: 'kplr002157928-2011271113734_llc.fits'

     0K .......... .......... .......... .......... .......... 10% 42,9K 10s
    50K .......... .......... .......... .......... .......... 21% 85,0K 7s
   100K .......... .......... .......... .......... .......... 31%  128K 5s
   150K .......... .......... .......... .......... .......... 42%  127K 3s
   200K .......... .......... .......... .......... .......... 52%  128K 3s
   250K .......... .......... .......... .......... .......... 63%  251K 2s
   300K .......... .......... .......... .......... .......... 73% 42,5K 2s
   350K .......... .......... .......... .......... .......... 84% 51,3K 1s
   400K .......... .......... .......... .......... .......... 94% 64,5K 0s
   450K .......... .......... .....                           100%  128K=6,3s

2018-12-09 13:02:49 (76,0 KB/s) - 'kplr002157928-2011271113734_llc.fits' saved [486720/486720]

--2018-12-09 13:02:49--  http://exoplanetarchive.ipac.caltech.edu/data/ETSS//Kepler/005/462/35/kplr002157928-2011271113734_llc_lc.tbl
Resolving exoplanetarchive.ipac.caltech.edu (exoplanetarchive.ipac.caltech.edu)... 134.4.54.147
Connecting to exoplanetarchive.ipac.caltech.edu (exoplanetarchive.ipac.caltech.edu)|134.4.54.147|:80... connected.
HTTP request sent, awaiting response... 302 Found
Location: https://exoplanetarchive.ipac.caltech.edu/data/ETSS//Kepler/005/462/35/kplr002157928-2011271113734_llc_lc.tbl [following]
--2018-12-09 13:02:49--  https://exoplanetarchive.ipac.caltech.edu/data/ETSS//Kepler/005/462/35/kplr002157928-2011271113734_llc_lc.tbl
Connecting to exoplanetarchive.ipac.caltech.edu (exoplanetarchive.ipac.caltech.edu)|134.4.54.147|:443... connected.
HTTP request sent, awaiting response... 200 OK
Length: 1478343 (1,4M) [text/plain]
Saving to: 'kplr002157928-2011271113734_llc_lc.tbl'

     0K .......... .......... .......... .......... ..........  3% 43,1K 32s
    50K .......... .......... .......... .......... ..........  6% 86,1K 23s
   100K .......... .......... .......... .......... .......... 10%  128K 18s
   150K .......... .......... .......... .......... .......... 13%  252K 14s
   200K .......... .......... .......... .......... .......... 17%  126K 13s
   250K .......... .......... .......... .......... .......... 20%  135K 12s
   300K .......... .......... .......... .......... .......... 24%  256K 10s
   350K .......... .......... .......... .......... .......... 27%  257K 9s
   400K .......... .......... .......... .......... .......... 31%  128K 9s
   450K .......... .......... .......... .......... .......... 34%  175K 8s
   500K .......... .......... .......... .......... .......... 38%  467K 7s
   550K .......... .......... .......... .......... .......... 41%  254K 6s
   600K .......... .......... .......... .......... .......... 45%  263K 6s
   650K .......... .......... .......... .......... .......... 48%  261K 5s
   700K .......... .......... .......... .......... .......... 51%  250K 5s
   750K .......... .......... .......... .......... .......... 55%  260K 4s
   800K .......... .......... .......... .......... .......... 58%  250K 4s
   850K .......... .......... .......... .......... .......... 62%  804K 3s
   900K .......... .......... .......... .......... .......... 65%  373K 3s
   950K .......... .......... .......... .......... .......... 69%  268K 3s
  1000K .......... .......... .......... .......... .......... 72% 6,27M 2s
  1050K .......... .......... .......... .......... .......... 76%  257K 2s
  1100K .......... .......... .......... .......... .......... 79%  243K 2s
  1150K .......... .......... .......... .......... .......... 83% 6,34M 1s
  1200K .......... .......... .......... .......... .......... 86%  285K 1s
  1250K .......... .......... .......... .......... .......... 90%  259K 1s
  1300K .......... .......... .......... .......... .......... 93%  255K 0s
  1350K .......... .......... .......... .......... .......... 96% 3,62M 0s
  1400K .......... .......... .......... .......... ...       100%  239K=7,0s

2018-12-09 13:02:57 (206 KB/s) - 'kplr002157928-2011271113734_llc_lc.tbl' saved [1478343/1478343]

--2018-12-09 13:02:58--  http://exoplanetarchive.ipac.caltech.edu/data/ETSS//Kepler/005/578/61/kplr002157928-2012277125453_llc.fits
Resolving exoplanetarchive.ipac.caltech.edu (exoplanetarchive.ipac.caltech.edu)... 134.4.54.147
Connecting to exoplanetarchive.ipac.caltech.edu (exoplanetarchive.ipac.caltech.edu)|134.4.54.147|:80... connected.
HTTP request sent, awaiting response... 302 Found
Location: https://exoplanetarchive.ipac.caltech.edu/data/ETSS//Kepler/005/578/61/kplr002157928-2012277125453_llc.fits [following]
--2018-12-09 13:02:58--  https://exoplanetarchive.ipac.caltech.edu/data/ETSS//Kepler/005/578/61/kplr002157928-2012277125453_llc.fits
Connecting to exoplanetarchive.ipac.caltech.edu (exoplanetarchive.ipac.caltech.edu)|134.4.54.147|:443... connected.
HTTP request sent, awaiting response... 200 OK
Length: 506880 (495K) [image/x-fits]
Saving to: 'kplr002157928-2012277125453_llc.fits'

     0K .......... .......... .......... .......... .......... 10% 43,0K 10s
    50K .......... .......... .......... .......... .......... 20% 85,5K 7s
   100K .......... .......... .......... .......... .......... 30%  127K 5s
   150K .......... .......... .......... .......... .......... 40%  127K 4s
   200K .......... .......... .......... .......... .......... 50%  129K 3s
   250K .......... .......... .......... .......... .......... 60%  251K 2s
   300K .......... .......... .......... .......... .......... 70%  128K 1s
   350K .......... .......... .......... .......... .......... 80%  252K 1s
   400K .......... .......... .......... .......... .......... 90%  129K 0s
   450K .......... .......... .......... .......... .....     100% 4,39M=4,1s

2018-12-09 13:03:03 (120 KB/s) - 'kplr002157928-2012277125453_llc.fits' saved [506880/506880]

--2018-12-09 13:03:03--  http://exoplanetarchive.ipac.caltech.edu/data/ETSS//Kepler/005/595/31/kplr002157928-2012277125453_llc_lc.tbl
Resolving exoplanetarchive.ipac.caltech.edu (exoplanetarchive.ipac.caltech.edu)... 134.4.54.147
Connecting to exoplanetarchive.ipac.caltech.edu (exoplanetarchive.ipac.caltech.edu)|134.4.54.147|:80... connected.
HTTP request sent, awaiting response... 302 Found
Location: https://exoplanetarchive.ipac.caltech.edu/data/ETSS//Kepler/005/595/31/kplr002157928-2012277125453_llc_lc.tbl [following]
--2018-12-09 13:03:04--  https://exoplanetarchive.ipac.caltech.edu/data/ETSS//Kepler/005/595/31/kplr002157928-2012277125453_llc_lc.tbl
Connecting to exoplanetarchive.ipac.caltech.edu (exoplanetarchive.ipac.caltech.edu)|134.4.54.147|:443... connected.
HTTP request sent, awaiting response... 200 OK
Length: 1537579 (1,5M) [text/plain]
Saving to: 'kplr002157928-2012277125453_llc_lc.tbl'

     0K .......... .......... .......... .......... ..........  3% 42,6K 34s
    50K .......... .......... .......... .......... ..........  6%  129K 22s
   100K .......... .......... .......... .......... ..........  9%  125K 18s
   150K .......... .......... .......... .......... .......... 13%  127K 15s
   200K .......... .......... .......... .......... .......... 16%  127K 14s
   250K .......... .......... .......... .......... .......... 19% 65,1K 14s
   300K .......... .......... .......... .......... .......... 23% 78,3K 14s
   350K .......... .......... .......... .......... .......... 26% 93,9K 13s
   400K .......... .......... .......... .......... .......... 29% 48,8K 13s
   450K .......... .......... .......... .......... .......... 33% 94,0K 13s
   500K .......... .......... .......... .......... .......... 36%  112K 12s
   550K .......... .......... .......... .......... .......... 39% 84,5K 11s
   600K .......... .......... .......... .......... .......... 43%  129K 10s
   650K .......... .......... .......... .......... .......... 46%  129K 9s
   700K .......... .......... .......... .......... .......... 49% 84,3K 9s
   750K .......... .......... .......... .......... .......... 53%  128K 8s
   800K .......... .......... .......... .......... .......... 56% 85,7K 7s
   850K .......... .......... .......... .......... .......... 59%  129K 7s
   900K .......... .......... .......... .......... .......... 63% 42,2K 7s
   950K .......... .......... .......... .......... .......... 66% 63,6K 6s
  1000K .......... .......... .......... .......... .......... 69% 85,5K 5s
  1050K .......... .......... .......... .......... .......... 73% 85,6K 5s
  1100K .......... .......... .......... .......... .......... 76% 85,8K 4s
  1150K .......... .......... .......... .......... .......... 79% 85,0K 4s
  1200K .......... .......... .......... .......... .......... 83% 51,0K 3s
  1250K .......... .......... .......... .......... .......... 86%  129K 2s
  1300K .......... .......... .......... .......... .......... 89% 85,4K 2s
  1350K .......... .......... .......... .......... .......... 93% 64,3K 1s
  1400K .......... .......... .......... .......... .......... 96% 49,3K 1s
  1450K .......... .......... .......... .......... .......... 99% 31,8K 0s
  1500K .                                                     100% 10,0G=20s

2018-12-09 13:03:24 (76,4 KB/s) - 'kplr002157928-2012277125453_llc_lc.tbl' saved [1537579/1537579]

