--2018-12-09 13:02:14--  http://exoplanetarchive.ipac.caltech.edu/data/ETSS//Kepler/005/148/00/kplr002301590-2009166043257_llc.fits
Resolving exoplanetarchive.ipac.caltech.edu (exoplanetarchive.ipac.caltech.edu)... 134.4.54.147
Connecting to exoplanetarchive.ipac.caltech.edu (exoplanetarchive.ipac.caltech.edu)|134.4.54.147|:80... connected.
HTTP request sent, awaiting response... 302 Found
Location: https://exoplanetarchive.ipac.caltech.edu/data/ETSS//Kepler/005/148/00/kplr002301590-2009166043257_llc.fits [following]
--2018-12-09 13:02:15--  https://exoplanetarchive.ipac.caltech.edu/data/ETSS//Kepler/005/148/00/kplr002301590-2009166043257_llc.fits
Connecting to exoplanetarchive.ipac.caltech.edu (exoplanetarchive.ipac.caltech.edu)|134.4.54.147|:443... connected.
HTTP request sent, awaiting response... 200 OK
Length: 192960 (188K) [image/x-fits]
Saving to: 'kplr002301590-2009166043257_llc.fits'

     0K .......... .......... .......... .......... .......... 26% 42,7K 3s
    50K .......... .......... .......... .......... .......... 53% 85,7K 2s
   100K .......... .......... .......... .......... .......... 79%  128K 1s
   150K .......... .......... .......... ........             100%  195K=2,3s

2018-12-09 13:02:18 (80,5 KB/s) - 'kplr002301590-2009166043257_llc.fits' saved [192960/192960]

--2018-12-09 13:02:18--  http://exoplanetarchive.ipac.caltech.edu/data/ETSS//Kepler/005/163/62/kplr002301590-2009166043257_llc_lc.tbl
Resolving exoplanetarchive.ipac.caltech.edu (exoplanetarchive.ipac.caltech.edu)... 134.4.54.147
Connecting to exoplanetarchive.ipac.caltech.edu (exoplanetarchive.ipac.caltech.edu)|134.4.54.147|:80... connected.
HTTP request sent, awaiting response... 302 Found
Location: https://exoplanetarchive.ipac.caltech.edu/data/ETSS//Kepler/005/163/62/kplr002301590-2009166043257_llc_lc.tbl [following]
--2018-12-09 13:02:19--  https://exoplanetarchive.ipac.caltech.edu/data/ETSS//Kepler/005/163/62/kplr002301590-2009166043257_llc_lc.tbl
Connecting to exoplanetarchive.ipac.caltech.edu (exoplanetarchive.ipac.caltech.edu)|134.4.54.147|:443... connected.
HTTP request sent, awaiting response... 200 OK
Length: 533371 (521K) [text/plain]
Saving to: 'kplr002301590-2009166043257_llc_lc.tbl'

     0K .......... .......... .......... .......... ..........  9% 42,2K 11s
    50K .......... .......... .......... .......... .......... 19%  106K 7s
   100K .......... .......... .......... .......... .......... 28%  129K 5s
   150K .......... .......... .......... .......... .......... 38%  155K 4s
   200K .......... .......... .......... .......... .......... 47%  247K 3s
   250K .......... .......... .......... .......... .......... 57%  126K 2s
   300K .......... .......... .......... .......... .......... 67%  254K 2s
   350K .......... .......... .......... .......... .......... 76%  249K 1s
   400K .......... .......... .......... .......... .......... 86%  259K 1s
   450K .......... .......... .......... .......... .......... 95%  248K 0s
   500K .......... ..........                                 100% 3,06M=3,8s

2018-12-09 13:02:24 (138 KB/s) - 'kplr002301590-2009166043257_llc_lc.tbl' saved [533371/533371]

--2018-12-09 13:02:24--  http://exoplanetarchive.ipac.caltech.edu/data/ETSS//Kepler/005/212/52/kplr002301590-2009259160929_llc.fits
Resolving exoplanetarchive.ipac.caltech.edu (exoplanetarchive.ipac.caltech.edu)... 134.4.54.147
Connecting to exoplanetarchive.ipac.caltech.edu (exoplanetarchive.ipac.caltech.edu)|134.4.54.147|:80... connected.
HTTP request sent, awaiting response... 302 Found
Location: https://exoplanetarchive.ipac.caltech.edu/data/ETSS//Kepler/005/212/52/kplr002301590-2009259160929_llc.fits [following]
--2018-12-09 13:02:24--  https://exoplanetarchive.ipac.caltech.edu/data/ETSS//Kepler/005/212/52/kplr002301590-2009259160929_llc.fits
Connecting to exoplanetarchive.ipac.caltech.edu (exoplanetarchive.ipac.caltech.edu)|134.4.54.147|:443... connected.
HTTP request sent, awaiting response... 200 OK
Length: 466560 (456K) [image/x-fits]
Saving to: 'kplr002301590-2009259160929_llc.fits'

     0K .......... .......... .......... .......... .......... 10% 42,5K 10s
    50K .......... .......... .......... .......... .......... 21% 84,2K 6s
   100K .......... .......... .......... .......... .......... 32%  121K 4s
   150K .......... .......... .......... .......... .......... 43%  127K 3s
   200K .......... .......... .......... .......... .......... 54%  128K 2s
   250K .......... .......... .......... .......... .......... 65%  126K 2s
   300K .......... .......... .......... .......... .......... 76%  257K 1s
   350K .......... .......... .......... .......... .......... 87%  128K 1s
   400K .......... .......... .......... .......... .......... 98% 42,4K 0s
   450K .....                                                 100% 36,6G=5,1s

2018-12-09 13:02:30 (88,9 KB/s) - 'kplr002301590-2009259160929_llc.fits' saved [466560/466560]

--2018-12-09 13:02:30--  http://exoplanetarchive.ipac.caltech.edu/data/ETSS//Kepler/005/229/15/kplr002301590-2009259160929_llc_lc.tbl
Resolving exoplanetarchive.ipac.caltech.edu (exoplanetarchive.ipac.caltech.edu)... 134.4.54.147
Connecting to exoplanetarchive.ipac.caltech.edu (exoplanetarchive.ipac.caltech.edu)|134.4.54.147|:80... connected.
HTTP request sent, awaiting response... 302 Found
Location: https://exoplanetarchive.ipac.caltech.edu/data/ETSS//Kepler/005/229/15/kplr002301590-2009259160929_llc_lc.tbl [following]
--2018-12-09 13:02:31--  https://exoplanetarchive.ipac.caltech.edu/data/ETSS//Kepler/005/229/15/kplr002301590-2009259160929_llc_lc.tbl
Connecting to exoplanetarchive.ipac.caltech.edu (exoplanetarchive.ipac.caltech.edu)|134.4.54.147|:443... connected.
HTTP request sent, awaiting response... 200 OK
Length: 1407811 (1,3M) [text/plain]
Saving to: 'kplr002301590-2009259160929_llc_lc.tbl'

     0K .......... .......... .......... .......... ..........  3% 42,0K 32s
    50K .......... .......... .......... .......... ..........  7% 90,6K 22s
   100K .......... .......... .......... .......... .......... 10%  128K 17s
   150K .......... .......... .......... .......... .......... 14%  245K 14s
   200K .......... .......... .......... .......... .......... 18%  127K 12s
   250K .......... .......... .......... .......... .......... 21%  263K 10s
   300K .......... .......... .......... .......... .......... 25%  129K 10s
   350K .......... .......... .......... .......... .......... 29%  253K 9s
   400K .......... .......... .......... .......... .......... 32%  249K 8s
   450K .......... .......... .......... .......... .......... 36%  250K 7s
   500K .......... .......... .......... .......... .......... 40%  263K 6s
   550K .......... .......... .......... .......... .......... 43%  254K 6s
   600K .......... .......... .......... .......... .......... 47%  259K 5s
   650K .......... .......... .......... .......... .......... 50%  263K 5s
   700K .......... .......... .......... .......... .......... 54%  258K 4s
   750K .......... .......... .......... .......... .......... 58% 5,70M 4s
   800K .......... .......... .......... .......... .......... 61%  253K 3s
   850K .......... .......... .......... .......... .......... 65%  256K 3s
   900K .......... .......... .......... .......... .......... 69%  263K 2s
   950K .......... .......... .......... .......... .......... 72% 4,45M 2s
  1000K .......... .......... .......... .......... .......... 76%  266K 2s
  1050K .......... .......... .......... .......... .......... 80%  260K 1s
  1100K .......... .......... .......... .......... .......... 83%  259K 1s
  1150K .......... .......... .......... .......... .......... 87%  257K 1s
  1200K .......... .......... .......... .......... .......... 90% 4,91M 1s
  1250K .......... .......... .......... .......... .......... 94%  272K 0s
  1300K .......... .......... .......... .......... .......... 98% 7,00M 0s
  1350K .......... .......... ....                            100% 2,77M=6,5s

2018-12-09 13:02:38 (213 KB/s) - 'kplr002301590-2009259160929_llc_lc.tbl' saved [1407811/1407811]

--2018-12-09 13:02:38--  http://exoplanetarchive.ipac.caltech.edu/data/ETSS//Kepler/005/245/79/kplr002301590-2009350155506_llc.fits
Resolving exoplanetarchive.ipac.caltech.edu (exoplanetarchive.ipac.caltech.edu)... 134.4.54.147
Connecting to exoplanetarchive.ipac.caltech.edu (exoplanetarchive.ipac.caltech.edu)|134.4.54.147|:80... connected.
HTTP request sent, awaiting response... 302 Found
Location: https://exoplanetarchive.ipac.caltech.edu/data/ETSS//Kepler/005/245/79/kplr002301590-2009350155506_llc.fits [following]
--2018-12-09 13:02:39--  https://exoplanetarchive.ipac.caltech.edu/data/ETSS//Kepler/005/245/79/kplr002301590-2009350155506_llc.fits
Connecting to exoplanetarchive.ipac.caltech.edu (exoplanetarchive.ipac.caltech.edu)|134.4.54.147|:443... connected.
HTTP request sent, awaiting response... 200 OK
Length: 466560 (456K) [image/x-fits]
Saving to: 'kplr002301590-2009350155506_llc.fits'

     0K .......... .......... .......... .......... .......... 10% 43,4K 9s
    50K .......... .......... .......... .......... .......... 21% 84,3K 6s
   100K .......... .......... .......... .......... .......... 32%  130K 4s
   150K .......... .......... .......... .......... .......... 43%  128K 3s
   200K .......... .......... .......... .......... .......... 54%  240K 2s
   250K .......... .......... .......... .......... .......... 65%  252K 2s
   300K .......... .......... .......... .......... .......... 76%  138K 1s
   350K .......... .......... .......... .......... .......... 87%  248K 0s
   400K .......... .......... .......... .......... .......... 98%  247K 0s
   450K .....                                                 100% 36,6G=3,7s

2018-12-09 13:02:44 (123 KB/s) - 'kplr002301590-2009350155506_llc.fits' saved [466560/466560]

--2018-12-09 13:02:44--  http://exoplanetarchive.ipac.caltech.edu/data/ETSS//Kepler/005/262/35/kplr002301590-2009350155506_llc_lc.tbl
Resolving exoplanetarchive.ipac.caltech.edu (exoplanetarchive.ipac.caltech.edu)... 134.4.54.147
Connecting to exoplanetarchive.ipac.caltech.edu (exoplanetarchive.ipac.caltech.edu)|134.4.54.147|:80... connected.
HTTP request sent, awaiting response... 302 Found
Location: https://exoplanetarchive.ipac.caltech.edu/data/ETSS//Kepler/005/262/35/kplr002301590-2009350155506_llc_lc.tbl [following]
--2018-12-09 13:02:44--  https://exoplanetarchive.ipac.caltech.edu/data/ETSS//Kepler/005/262/35/kplr002301590-2009350155506_llc_lc.tbl
Connecting to exoplanetarchive.ipac.caltech.edu (exoplanetarchive.ipac.caltech.edu)|134.4.54.147|:443... connected.
HTTP request sent, awaiting response... 200 OK
Length: 1412951 (1,3M) [text/plain]
Saving to: 'kplr002301590-2009350155506_llc_lc.tbl'

     0K .......... .......... .......... .......... ..........  3% 42,7K 31s
    50K .......... .......... .......... .......... ..........  7%  106K 21s
   100K .......... .......... .......... .......... .......... 10%  128K 17s
   150K .......... .......... .......... .......... .......... 14%  150K 14s
   200K .......... .......... .......... .......... .......... 18%  298K 11s
   250K .......... .......... .......... .......... .......... 21%  140K 10s
   300K .......... .......... .......... .......... .......... 25%  254K 9s
   350K .......... .......... .......... .......... .......... 28%  255K 8s
   400K .......... .......... .......... .......... .......... 32%  258K 7s
   450K .......... .......... .......... .......... .......... 36%  253K 6s
   500K .......... .......... .......... .......... .......... 39% 12,4M 6s
   550K .......... .......... .......... .......... .......... 43%  258K 5s
   600K .......... .......... .......... .......... .......... 47%  256K 5s
   650K .......... .......... .......... .......... .......... 50%  259K 4s
   700K .......... .......... .......... .......... .......... 54% 12,6M 4s
   750K .......... .......... .......... .......... .......... 57%  256K 3s
   800K .......... .......... .......... .......... .......... 61%  257K 3s
   850K .......... .......... .......... .......... .......... 65%  260K 3s
   900K .......... .......... .......... .......... .......... 68%  259K 2s
   950K .......... .......... .......... .......... .......... 72% 11,0M 2s
  1000K .......... .......... .......... .......... .......... 76%  253K 2s
  1050K .......... .......... .......... .......... .......... 79%  252K 1s
  1100K .......... .......... .......... .......... .......... 83% 13,5M 1s
  1150K .......... .......... .......... .......... .......... 86%  258K 1s
  1200K .......... .......... .......... .......... .......... 90%  260K 1s
  1250K .......... .......... .......... .......... .......... 94% 5,25M 0s
  1300K .......... .......... .......... .......... .......... 97% 12,6M 0s
  1350K .......... .......... .........                       100%  163K=6,0s

2018-12-09 13:02:51 (229 KB/s) - 'kplr002301590-2009350155506_llc_lc.tbl' saved [1412951/1412951]

--2018-12-09 13:02:51--  http://exoplanetarchive.ipac.caltech.edu/data/ETSS//Kepler/005/345/07/kplr002301590-2010078095331_llc.fits
Resolving exoplanetarchive.ipac.caltech.edu (exoplanetarchive.ipac.caltech.edu)... 134.4.54.147
Connecting to exoplanetarchive.ipac.caltech.edu (exoplanetarchive.ipac.caltech.edu)|134.4.54.147|:80... connected.
HTTP request sent, awaiting response... 302 Found
Location: https://exoplanetarchive.ipac.caltech.edu/data/ETSS//Kepler/005/345/07/kplr002301590-2010078095331_llc.fits [following]
--2018-12-09 13:02:52--  https://exoplanetarchive.ipac.caltech.edu/data/ETSS//Kepler/005/345/07/kplr002301590-2010078095331_llc.fits
Connecting to exoplanetarchive.ipac.caltech.edu (exoplanetarchive.ipac.caltech.edu)|134.4.54.147|:443... connected.
HTTP request sent, awaiting response... 200 OK
Length: 469440 (458K) [image/x-fits]
Saving to: 'kplr002301590-2010078095331_llc.fits'

     0K .......... .......... .......... .......... .......... 10% 42,9K 10s
    50K .......... .......... .......... .......... .......... 21% 83,0K 6s
   100K .......... .......... .......... .......... .......... 32%  132K 4s
   150K .......... .......... .......... .......... .......... 43%  128K 3s
   200K .......... .......... .......... .......... .......... 54%  128K 2s
   250K .......... .......... .......... .......... .......... 65%  127K 2s
   300K .......... .......... .......... .......... .......... 76% 86,0K 1s
   350K .......... .......... .......... .......... .......... 87% 78,5K 1s
   400K .......... .......... .......... .......... .......... 98% 95,2K 0s
   450K ........                                              100% 13,5M=5,1s

2018-12-09 13:02:58 (90,5 KB/s) - 'kplr002301590-2010078095331_llc.fits' saved [469440/469440]

--2018-12-09 13:02:58--  http://exoplanetarchive.ipac.caltech.edu/data/ETSS//Kepler/005/362/06/kplr002301590-2010078095331_llc_lc.tbl
Resolving exoplanetarchive.ipac.caltech.edu (exoplanetarchive.ipac.caltech.edu)... 134.4.54.147
Connecting to exoplanetarchive.ipac.caltech.edu (exoplanetarchive.ipac.caltech.edu)|134.4.54.147|:80... connected.
HTTP request sent, awaiting response... 302 Found
Location: https://exoplanetarchive.ipac.caltech.edu/data/ETSS//Kepler/005/362/06/kplr002301590-2010078095331_llc_lc.tbl [following]
--2018-12-09 13:02:58--  https://exoplanetarchive.ipac.caltech.edu/data/ETSS//Kepler/005/362/06/kplr002301590-2010078095331_llc_lc.tbl
Connecting to exoplanetarchive.ipac.caltech.edu (exoplanetarchive.ipac.caltech.edu)|134.4.54.147|:443... connected.
HTTP request sent, awaiting response... 200 OK
Length: 1421656 (1,4M) [text/plain]
Saving to: 'kplr002301590-2010078095331_llc_lc.tbl'

     0K .......... .......... .......... .......... ..........  3% 42,1K 32s
    50K .......... .......... .......... .......... ..........  7% 41,2K 31s
   100K .......... .......... .......... .......... .......... 10% 25,4K 36s
   150K .......... .......... .......... .......... .......... 14% 31,9K 35s
   200K .......... .......... .......... .......... .......... 18% 42,4K 32s
   250K .......... .......... .......... .......... .......... 21% 51,2K 29s
   300K .......... .......... .......... .......... .......... 25% 51,3K 27s
   350K .......... .......... .......... .......... .......... 28% 63,3K 24s
   400K .......... .......... .......... .......... .......... 32% 42,7K 23s
   450K .......... .......... .......... .......... .......... 36% 84,7K 21s
   500K .......... .......... .......... .......... .......... 39% 64,4K 19s
   550K .......... .......... .......... .......... .......... 43% 51,5K 18s
   600K .......... .......... .......... .......... .......... 46% 42,4K 17s
   650K .......... .......... .......... .......... .......... 50% 51,5K 15s
   700K .......... .......... .......... .......... .......... 54% 64,2K 14s
   750K .......... .......... .......... .......... .......... 57% 63,4K 13s
   800K .......... .......... .......... .......... .......... 61% 42,5K 12s
   850K .......... .......... .......... .......... .......... 64% 84,9K 10s
   900K .......... .......... .......... .......... .......... 68% 50,9K 9s
   950K .......... .......... .......... .......... .......... 72% 36,2K 8s
  1000K .......... .......... .......... .......... .......... 75% 50,6K 7s
  1050K .......... .......... .......... .......... .......... 79% 51,0K 6s
  1100K .......... .......... .......... .......... .......... 82% 63,0K 5s
  1150K .......... .......... .......... .......... .......... 86% 51,2K 4s
  1200K .......... .......... .......... .......... .......... 90% 51,1K 3s
  1250K .......... .......... .......... .......... .......... 93% 51,3K 2s
  1300K .......... .......... .......... .......... .......... 97% 45,3K 1s
  1350K .......... .......... .......... ........             100% 65,3K=29s

2018-12-09 13:03:28 (48,6 KB/s) - 'kplr002301590-2010078095331_llc_lc.tbl' saved [1421656/1421656]

--2018-12-09 13:03:28--  http://exoplanetarchive.ipac.caltech.edu/data/ETSS//Kepler/005/179/26/kplr002301590-2010174085026_llc.fits
Resolving exoplanetarchive.ipac.caltech.edu (exoplanetarchive.ipac.caltech.edu)... 134.4.54.147
Connecting to exoplanetarchive.ipac.caltech.edu (exoplanetarchive.ipac.caltech.edu)|134.4.54.147|:80... connected.
HTTP request sent, awaiting response... 302 Found
Location: https://exoplanetarchive.ipac.caltech.edu/data/ETSS//Kepler/005/179/26/kplr002301590-2010174085026_llc.fits [following]
--2018-12-09 13:03:29--  https://exoplanetarchive.ipac.caltech.edu/data/ETSS//Kepler/005/179/26/kplr002301590-2010174085026_llc.fits
Connecting to exoplanetarchive.ipac.caltech.edu (exoplanetarchive.ipac.caltech.edu)|134.4.54.147|:443... connected.
HTTP request sent, awaiting response... 200 OK
Length: 492480 (481K) [image/x-fits]
Saving to: 'kplr002301590-2010174085026_llc.fits'

     0K .......... .......... .......... .......... .......... 10% 43,1K 10s
    50K .......... .......... .......... .......... .......... 20% 85,4K 7s
   100K .......... .......... .......... .......... .......... 31%  129K 5s
   150K .......... .......... .......... .......... .......... 41%  127K 4s
   200K .......... .......... .......... .......... .......... 51%  128K 3s
   250K .......... .......... .......... .......... .......... 62%  259K 2s
   300K .......... .......... .......... .......... .......... 72%  129K 1s
   350K .......... .......... .......... .......... .......... 83%  254K 1s
   400K .......... .......... .......... .......... .......... 93%  128K 0s
   450K .......... .......... ..........                      100%  164K=4,3s

2018-12-09 13:03:34 (113 KB/s) - 'kplr002301590-2010174085026_llc.fits' saved [492480/492480]

--2018-12-09 13:03:34--  http://exoplanetarchive.ipac.caltech.edu/data/ETSS//Kepler/005/195/89/kplr002301590-2010174085026_llc_lc.tbl
Resolving exoplanetarchive.ipac.caltech.edu (exoplanetarchive.ipac.caltech.edu)... 134.4.54.147
Connecting to exoplanetarchive.ipac.caltech.edu (exoplanetarchive.ipac.caltech.edu)|134.4.54.147|:80... connected.
HTTP request sent, awaiting response... 302 Found
Location: https://exoplanetarchive.ipac.caltech.edu/data/ETSS//Kepler/005/195/89/kplr002301590-2010174085026_llc_lc.tbl [following]
--2018-12-09 13:03:34--  https://exoplanetarchive.ipac.caltech.edu/data/ETSS//Kepler/005/195/89/kplr002301590-2010174085026_llc_lc.tbl
Connecting to exoplanetarchive.ipac.caltech.edu (exoplanetarchive.ipac.caltech.edu)|134.4.54.147|:443... connected.
HTTP request sent, awaiting response... 200 OK
Length: 1497971 (1,4M) [text/plain]
Saving to: 'kplr002301590-2010174085026_llc_lc.tbl'

     0K .......... .......... .......... .......... ..........  3% 17,9K 79s
    50K .......... .......... .......... .......... ..........  6% 42,6K 54s
   100K .......... .......... .......... .......... .......... 10% 31,4K 49s
   150K .......... .......... .......... .......... .......... 13% 35,4K 44s
   200K .......... .......... .......... .......... .......... 17% 36,3K 40s
   250K .......... .......... .......... .......... .......... 20% 36,5K 38s
   300K .......... .......... .......... .......... .......... 23% 42,8K 35s
   350K .......... .......... .......... .......... .......... 27% 50,8K 32s
   400K .......... .......... .......... .......... .......... 30% 36,4K 30s
   450K .......... .......... .......... .......... .......... 34% 63,1K 27s
   500K .......... .......... .......... .......... .......... 37% 63,8K 25s
   550K .......... .......... .......... .......... .......... 41% 62,8K 22s
   600K .......... .......... .......... .......... .......... 44% 84,2K 20s
   650K .......... .......... .......... .......... .......... 47% 51,3K 19s
   700K .......... .......... .......... .......... .......... 51% 41,9K 17s
   750K .......... .......... .......... .......... .......... 54% 42,3K 16s
   800K .......... .......... .......... .......... .......... 58% 42,0K 15s
   850K .......... .......... .......... .......... .......... 61% 51,0K 14s
   900K .......... .......... .......... .......... .......... 64% 62,2K 12s
   950K .......... .......... .......... .......... .......... 68% 81,1K 11s
  1000K .......... .......... .......... .......... .......... 71% 63,0K 9s
  1050K .......... .......... .......... .......... .......... 75% 85,3K 8s
  1100K .......... .......... .......... .......... .......... 78% 63,3K 7s
  1150K .......... .......... .......... .......... .......... 82% 80,3K 6s
  1200K .......... .......... .......... .......... .......... 85% 62,4K 5s
  1250K .......... .......... .......... .......... .......... 88% 84,1K 3s
  1300K .......... .......... .......... .......... .......... 92% 84,9K 2s
  1350K .......... .......... .......... .......... .......... 95%  121K 1s
  1400K .......... .......... .......... .......... .......... 99% 65,1K 0s
  1450K .......... ..                                         100% 20,5M=29s

2018-12-09 13:04:05 (50,3 KB/s) - 'kplr002301590-2010174085026_llc_lc.tbl' saved [1497971/1497971]

--2018-12-09 13:04:05--  http://exoplanetarchive.ipac.caltech.edu/data/ETSS//Kepler/005/379/05/kplr002301590-2010265121752_llc.fits
Resolving exoplanetarchive.ipac.caltech.edu (exoplanetarchive.ipac.caltech.edu)... 134.4.54.147
Connecting to exoplanetarchive.ipac.caltech.edu (exoplanetarchive.ipac.caltech.edu)|134.4.54.147|:80... connected.
HTTP request sent, awaiting response... 302 Found
Location: https://exoplanetarchive.ipac.caltech.edu/data/ETSS//Kepler/005/379/05/kplr002301590-2010265121752_llc.fits [following]
--2018-12-09 13:04:05--  https://exoplanetarchive.ipac.caltech.edu/data/ETSS//Kepler/005/379/05/kplr002301590-2010265121752_llc.fits
Connecting to exoplanetarchive.ipac.caltech.edu (exoplanetarchive.ipac.caltech.edu)|134.4.54.147|:443... connected.
HTTP request sent, awaiting response... 200 OK
Length: 469440 (458K) [image/x-fits]
Saving to: 'kplr002301590-2010265121752_llc.fits'

     0K .......... .......... .......... .......... .......... 10% 42,1K 10s
    50K .......... .......... .......... .......... .......... 21% 85,0K 6s
   100K .......... .......... .......... .......... .......... 32%  127K 4s
   150K .......... .......... .......... .......... .......... 43%  126K 3s
   200K .......... .......... .......... .......... .......... 54%  243K 2s
   250K .......... .......... .......... .......... .......... 65%  128K 2s
   300K .......... .......... .......... .......... .......... 76%  252K 1s
   350K .......... .......... .......... .......... .......... 87%  128K 1s
   400K .......... .......... .......... .......... .......... 98%  128K 0s
   450K ........                                              100% 19,3M=4,1s

2018-12-09 13:04:10 (111 KB/s) - 'kplr002301590-2010265121752_llc.fits' saved [469440/469440]

--2018-12-09 13:04:10--  http://exoplanetarchive.ipac.caltech.edu/data/ETSS//Kepler/005/395/59/kplr002301590-2010265121752_llc_lc.tbl
Resolving exoplanetarchive.ipac.caltech.edu (exoplanetarchive.ipac.caltech.edu)... 134.4.54.147
Connecting to exoplanetarchive.ipac.caltech.edu (exoplanetarchive.ipac.caltech.edu)|134.4.54.147|:80... connected.
HTTP request sent, awaiting response... 302 Found
Location: https://exoplanetarchive.ipac.caltech.edu/data/ETSS//Kepler/005/395/59/kplr002301590-2010265121752_llc_lc.tbl [following]
--2018-12-09 13:04:11--  https://exoplanetarchive.ipac.caltech.edu/data/ETSS//Kepler/005/395/59/kplr002301590-2010265121752_llc_lc.tbl
Connecting to exoplanetarchive.ipac.caltech.edu (exoplanetarchive.ipac.caltech.edu)|134.4.54.147|:443... connected.
HTTP request sent, awaiting response... 200 OK
Length: 1421942 (1,4M) [text/plain]
Saving to: 'kplr002301590-2010265121752_llc_lc.tbl'

     0K .......... .......... .......... .......... ..........  3% 42,8K 31s
    50K .......... .......... .......... .......... ..........  7% 84,9K 23s
   100K .......... .......... .......... .......... .......... 10%  128K 18s
   150K .......... .......... .......... .......... .......... 14%  248K 14s
   200K .......... .......... .......... .......... .......... 18%  256K 12s
   250K .......... .......... .......... .......... .......... 21%  129K 11s
   300K .......... .......... .......... .......... .......... 25%  128K 10s
   350K .......... .......... .......... .......... .......... 28%  256K 9s
   400K .......... .......... .......... .......... .......... 32%  127K 8s
   450K .......... .......... .......... .......... .......... 36%  257K 7s
   500K .......... .......... .......... .......... .......... 39%  258K 7s
   550K .......... .......... .......... .......... .......... 43%  256K 6s
   600K .......... .......... .......... .......... .......... 46%  263K 5s
   650K .......... .......... .......... .......... .......... 50%  130K 5s
   700K .......... .......... .......... .......... .......... 54% 6,42M 4s
   750K .......... .......... .......... .......... .......... 57%  253K 4s
   800K .......... .......... .......... .......... .......... 61%  128K 4s
   850K .......... .......... .......... .......... .......... 64% 14,1M 3s
   900K .......... .......... .......... .......... .......... 68% 64,7K 3s
   950K .......... .......... .......... .......... .......... 72%  116K 3s
  1000K .......... .......... .......... .......... .......... 75%  143K 2s
  1050K .......... .......... .......... .......... .......... 79%  127K 2s
  1100K .......... .......... .......... .......... .......... 82%  256K 2s
  1150K .......... .......... .......... .......... .......... 86%  130K 1s
  1200K .......... .......... .......... .......... .......... 90%  128K 1s
  1250K .......... .......... .......... .......... .......... 93%  254K 1s
  1300K .......... .......... .......... .......... .......... 97%  128K 0s
  1350K .......... .......... .......... ........             100% 17,3M=9,2s

2018-12-09 13:04:21 (151 KB/s) - 'kplr002301590-2010265121752_llc_lc.tbl' saved [1421942/1421942]

--2018-12-09 13:04:21--  http://exoplanetarchive.ipac.caltech.edu/data/ETSS//Kepler/005/278/93/kplr002301590-2010355172524_llc.fits
Resolving exoplanetarchive.ipac.caltech.edu (exoplanetarchive.ipac.caltech.edu)... 134.4.54.147
Connecting to exoplanetarchive.ipac.caltech.edu (exoplanetarchive.ipac.caltech.edu)|134.4.54.147|:80... connected.
HTTP request sent, awaiting response... 302 Found
Location: https://exoplanetarchive.ipac.caltech.edu/data/ETSS//Kepler/005/278/93/kplr002301590-2010355172524_llc.fits [following]
--2018-12-09 13:04:22--  https://exoplanetarchive.ipac.caltech.edu/data/ETSS//Kepler/005/278/93/kplr002301590-2010355172524_llc.fits
Connecting to exoplanetarchive.ipac.caltech.edu (exoplanetarchive.ipac.caltech.edu)|134.4.54.147|:443... connected.
HTTP request sent, awaiting response... 200 OK
Length: 466560 (456K) [image/x-fits]
Saving to: 'kplr002301590-2010355172524_llc.fits'

     0K .......... .......... .......... .......... .......... 10% 43,3K 9s
    50K .......... .......... .......... .......... .......... 21%  126K 6s
   100K .......... .......... .......... .......... .......... 32%  131K 4s
   150K .......... .......... .......... .......... .......... 43%  249K 3s
   200K .......... .......... .......... .......... .......... 54%  130K 2s
   250K .......... .......... .......... .......... .......... 65%  253K 1s
   300K .......... .......... .......... .......... .......... 76%  250K 1s
   350K .......... .......... .......... .......... .......... 87%  130K 0s
   400K .......... .......... .......... .......... .......... 98%  257K 0s
   450K .....                                                 100% 36,6G=3,5s

2018-12-09 13:04:26 (130 KB/s) - 'kplr002301590-2010355172524_llc.fits' saved [466560/466560]

--2018-12-09 13:04:26--  http://exoplanetarchive.ipac.caltech.edu/data/ETSS//Kepler/005/295/27/kplr002301590-2010355172524_llc_lc.tbl
Resolving exoplanetarchive.ipac.caltech.edu (exoplanetarchive.ipac.caltech.edu)... 134.4.54.147
Connecting to exoplanetarchive.ipac.caltech.edu (exoplanetarchive.ipac.caltech.edu)|134.4.54.147|:80... connected.
HTTP request sent, awaiting response... 302 Found
Location: https://exoplanetarchive.ipac.caltech.edu/data/ETSS//Kepler/005/295/27/kplr002301590-2010355172524_llc_lc.tbl [following]
--2018-12-09 13:04:27--  https://exoplanetarchive.ipac.caltech.edu/data/ETSS//Kepler/005/295/27/kplr002301590-2010355172524_llc_lc.tbl
Connecting to exoplanetarchive.ipac.caltech.edu (exoplanetarchive.ipac.caltech.edu)|134.4.54.147|:443... connected.
HTTP request sent, awaiting response... 200 OK
Length: 1414558 (1,3M) [text/plain]
Saving to: 'kplr002301590-2010355172524_llc_lc.tbl'

     0K .......... .......... .......... .......... ..........  3% 42,6K 31s
    50K .......... .......... .......... .......... ..........  7% 85,5K 23s
   100K .......... .......... .......... .......... .......... 10%  128K 18s
   150K .......... .......... .......... .......... .......... 14%  128K 15s
   200K .......... .......... .......... .......... .......... 18%  128K 13s
   250K .......... .......... .......... .......... .......... 21%  251K 11s
   300K .......... .......... .......... .......... .......... 25%  130K 10s
   350K .......... .......... .......... .......... .......... 28%  253K 9s
   400K .......... .......... .......... .......... .......... 32%  129K 8s
   450K .......... .......... .......... .......... .......... 36%  257K 8s
   500K .......... .......... .......... .......... .......... 39%  254K 7s
   550K .......... .......... .......... .......... .......... 43%  255K 6s
   600K .......... .......... .......... .......... .......... 47%  253K 5s
   650K .......... .......... .......... .......... .......... 50%  259K 5s
   700K .......... .......... .......... .......... .......... 54%  261K 4s
   750K .......... .......... .......... .......... .......... 57% 9,36M 4s
   800K .......... .......... .......... .......... .......... 61%  260K 3s
   850K .......... .......... .......... .......... .......... 65%  262K 3s
   900K .......... .......... .......... .......... .......... 68%  260K 3s
   950K .......... .......... .......... .......... .......... 72% 5,53M 2s
  1000K .......... .......... .......... .......... .......... 76%  260K 2s
  1050K .......... .......... .......... .......... .......... 79%  271K 2s
  1100K .......... .......... .......... .......... .......... 83% 4,11M 1s
  1150K .......... .......... .......... .......... .......... 86%  258K 1s
  1200K .......... .......... .......... .......... .......... 90%  255K 1s
  1250K .......... .......... .......... .......... .......... 94%  257K 0s
  1300K .......... .......... .......... .......... .......... 97%  259K 0s
  1350K .......... .......... .......... .                    100% 7,20M=7,0s

2018-12-09 13:04:35 (196 KB/s) - 'kplr002301590-2010355172524_llc_lc.tbl' saved [1414558/1414558]

--2018-12-09 13:04:35--  http://exoplanetarchive.ipac.caltech.edu/data/ETSS//Kepler/005/412/12/kplr002301590-2011073133259_llc.fits
Resolving exoplanetarchive.ipac.caltech.edu (exoplanetarchive.ipac.caltech.edu)... 134.4.54.147
Connecting to exoplanetarchive.ipac.caltech.edu (exoplanetarchive.ipac.caltech.edu)|134.4.54.147|:80... connected.
HTTP request sent, awaiting response... 302 Found
Location: https://exoplanetarchive.ipac.caltech.edu/data/ETSS//Kepler/005/412/12/kplr002301590-2011073133259_llc.fits [following]
--2018-12-09 13:04:35--  https://exoplanetarchive.ipac.caltech.edu/data/ETSS//Kepler/005/412/12/kplr002301590-2011073133259_llc.fits
Connecting to exoplanetarchive.ipac.caltech.edu (exoplanetarchive.ipac.caltech.edu)|134.4.54.147|:443... connected.
HTTP request sent, awaiting response... 200 OK
Length: 357120 (349K) [image/x-fits]
Saving to: 'kplr002301590-2011073133259_llc.fits'

     0K .......... .......... .......... .......... .......... 14% 42,9K 7s
    50K .......... .......... .......... .......... .......... 28% 86,8K 4s
   100K .......... .......... .......... .......... .......... 43%  127K 3s
   150K .......... .......... .......... .......... .......... 57%  128K 2s
   200K .......... .......... .......... .......... .......... 71%  250K 1s
   250K .......... .......... .......... .......... .......... 86%  127K 1s
   300K .......... .......... .......... .......... ........  100% 62,4K=3,9s

2018-12-09 13:04:40 (89,4 KB/s) - 'kplr002301590-2011073133259_llc.fits' saved [357120/357120]

--2018-12-09 13:04:40--  http://exoplanetarchive.ipac.caltech.edu/data/ETSS//Kepler/005/428/91/kplr002301590-2011073133259_llc_lc.tbl
Resolving exoplanetarchive.ipac.caltech.edu (exoplanetarchive.ipac.caltech.edu)... 134.4.54.147
Connecting to exoplanetarchive.ipac.caltech.edu (exoplanetarchive.ipac.caltech.edu)|134.4.54.147|:80... connected.
HTTP request sent, awaiting response... 302 Found
Location: https://exoplanetarchive.ipac.caltech.edu/data/ETSS//Kepler/005/428/91/kplr002301590-2011073133259_llc_lc.tbl [following]
--2018-12-09 13:04:41--  https://exoplanetarchive.ipac.caltech.edu/data/ETSS//Kepler/005/428/91/kplr002301590-2011073133259_llc_lc.tbl
Connecting to exoplanetarchive.ipac.caltech.edu (exoplanetarchive.ipac.caltech.edu)|134.4.54.147|:443... connected.
HTTP request sent, awaiting response... 200 OK
Length: 1061664 (1,0M) [text/plain]
Saving to: 'kplr002301590-2011073133259_llc_lc.tbl'

     0K .......... .......... .......... .......... ..........  4% 42,7K 23s
    50K .......... .......... .......... .......... ..........  9% 86,1K 16s
   100K .......... .......... .......... .......... .......... 14%  126K 13s
   150K .......... .......... .......... .......... .......... 19%  127K 11s
   200K .......... .......... .......... .......... .......... 24%  128K 9s
   250K .......... .......... .......... .......... .......... 28%  248K 8s
   300K .......... .......... .......... .......... .......... 33%  132K 7s
   350K .......... .......... .......... .......... .......... 38%  260K 6s
   400K .......... .......... .......... .......... .......... 43%  245K 5s
   450K .......... .......... .......... .......... .......... 48%  252K 4s
   500K .......... .......... .......... .......... .......... 53%  254K 4s
   550K .......... .......... .......... .......... .......... 57%  266K 3s
   600K .......... .......... .......... .......... .......... 62%  255K 3s
   650K .......... .......... .......... .......... .......... 67% 7,42M 2s
   700K .......... .......... .......... .......... .......... 72%  262K 2s
   750K .......... .......... .......... .......... .......... 77%  261K 2s
   800K .......... .......... .......... .......... .......... 81%  258K 1s
   850K .......... .......... .......... .......... .......... 86%  258K 1s
   900K .......... .......... .......... .......... .......... 91% 8,52M 0s
   950K .......... .......... .......... .......... .......... 96%  258K 0s
  1000K .......... .......... .......... ......               100% 11,7M=5,7s

2018-12-09 13:04:47 (183 KB/s) - 'kplr002301590-2011073133259_llc_lc.tbl' saved [1061664/1061664]

--2018-12-09 13:04:47--  http://exoplanetarchive.ipac.caltech.edu/data/ETSS//Kepler/005/311/60/kplr002301590-2011177032512_llc.fits
Resolving exoplanetarchive.ipac.caltech.edu (exoplanetarchive.ipac.caltech.edu)... 134.4.54.147
Connecting to exoplanetarchive.ipac.caltech.edu (exoplanetarchive.ipac.caltech.edu)|134.4.54.147|:80... connected.
HTTP request sent, awaiting response... 302 Found
Location: https://exoplanetarchive.ipac.caltech.edu/data/ETSS//Kepler/005/311/60/kplr002301590-2011177032512_llc.fits [following]
--2018-12-09 13:04:48--  https://exoplanetarchive.ipac.caltech.edu/data/ETSS//Kepler/005/311/60/kplr002301590-2011177032512_llc.fits
Connecting to exoplanetarchive.ipac.caltech.edu (exoplanetarchive.ipac.caltech.edu)|134.4.54.147|:443... connected.
HTTP request sent, awaiting response... 200 OK
Length: 506880 (495K) [image/x-fits]
Saving to: 'kplr002301590-2011177032512_llc.fits'

     0K .......... .......... .......... .......... .......... 10% 42,6K 10s
    50K .......... .......... .......... .......... .......... 20% 85,4K 7s
   100K .......... .......... .......... .......... .......... 30%  125K 5s
   150K .......... .......... .......... .......... .......... 40%  129K 4s
   200K .......... .......... .......... .......... .......... 50%  256K 3s
   250K .......... .......... .......... .......... .......... 60%  131K 2s
   300K .......... .......... .......... .......... .......... 70%  253K 1s
   350K .......... .......... .......... .......... .......... 80%  262K 1s
   400K .......... .......... .......... .......... .......... 90%  128K 0s
   450K .......... .......... .......... .......... .....     100% 12,5M=3,9s

2018-12-09 13:04:53 (127 KB/s) - 'kplr002301590-2011177032512_llc.fits' saved [506880/506880]

--2018-12-09 13:04:53--  http://exoplanetarchive.ipac.caltech.edu/data/ETSS//Kepler/005/328/33/kplr002301590-2011177032512_llc_lc.tbl
Resolving exoplanetarchive.ipac.caltech.edu (exoplanetarchive.ipac.caltech.edu)... 134.4.54.147
Connecting to exoplanetarchive.ipac.caltech.edu (exoplanetarchive.ipac.caltech.edu)|134.4.54.147|:80... connected.
HTTP request sent, awaiting response... 302 Found
Location: https://exoplanetarchive.ipac.caltech.edu/data/ETSS//Kepler/005/328/33/kplr002301590-2011177032512_llc_lc.tbl [following]
--2018-12-09 13:04:53--  https://exoplanetarchive.ipac.caltech.edu/data/ETSS//Kepler/005/328/33/kplr002301590-2011177032512_llc_lc.tbl
Connecting to exoplanetarchive.ipac.caltech.edu (exoplanetarchive.ipac.caltech.edu)|134.4.54.147|:443... connected.
HTTP request sent, awaiting response... 200 OK
Length: 1541122 (1,5M) [text/plain]
Saving to: 'kplr002301590-2011177032512_llc_lc.tbl'

     0K .......... .......... .......... .......... ..........  3% 42,7K 34s
    50K .......... .......... .......... .......... ..........  6%  125K 22s
   100K .......... .......... .......... .......... ..........  9%  128K 18s
   150K .......... .......... .......... .......... .......... 13%  131K 15s
   200K .......... .......... .......... .......... .......... 16%  126K 14s
   250K .......... .......... .......... .......... .......... 19%  254K 12s
   300K .......... .......... .......... .......... .......... 23%  128K 11s
   350K .......... .......... .......... .......... .......... 26% 84,0K 11s
   400K .......... .......... .......... .......... .......... 29% 36,3K 12s
   450K .......... .......... .......... .......... .......... 33%  118K 12s
   500K .......... .......... .......... .......... .......... 36% 85,0K 11s
   550K .......... .......... .......... .......... .......... 39% 51,5K 11s
   600K .......... .......... .......... .......... .......... 43% 85,3K 10s
   650K .......... .......... .......... .......... .......... 46% 84,8K 10s
   700K .......... .......... .......... .......... .......... 49%  126K 9s
   750K .......... .......... .......... .......... .......... 53% 84,3K 8s
   800K .......... .......... .......... .......... .......... 56% 36,3K 8s
   850K .......... .......... .......... .......... .......... 59% 84,3K 8s
   900K .......... .......... .......... .......... .......... 63% 85,4K 7s
   950K .......... .......... .......... .......... .......... 66% 85,5K 6s
  1000K .......... .......... .......... .......... .......... 69% 84,9K 6s
  1050K .......... .......... .......... .......... .......... 73% 84,3K 5s
  1100K .......... .......... .......... .......... .......... 76% 60,2K 5s
  1150K .......... .......... .......... .......... .......... 79% 62,8K 4s
  1200K .......... .......... .......... .......... .......... 83% 50,7K 3s
  1250K .......... .......... .......... .......... .......... 86% 64,0K 3s
  1300K .......... .......... .......... .......... .......... 89% 83,8K 2s
  1350K .......... .......... .......... .......... .......... 93% 63,1K 1s
  1400K .......... .......... .......... .......... .......... 96% 84,1K 1s
  1450K .......... .......... .......... .......... .......... 99% 62,7K 0s
  1500K .....                                                 100% 7,28M=20s

2018-12-09 13:05:14 (75,4 KB/s) - 'kplr002301590-2011177032512_llc_lc.tbl' saved [1541122/1541122]

--2018-12-09 13:05:14--  http://exoplanetarchive.ipac.caltech.edu/data/ETSS//Kepler/005/445/70/kplr002301590-2011271113734_llc.fits
Resolving exoplanetarchive.ipac.caltech.edu (exoplanetarchive.ipac.caltech.edu)... 134.4.54.147
Connecting to exoplanetarchive.ipac.caltech.edu (exoplanetarchive.ipac.caltech.edu)|134.4.54.147|:80... connected.
HTTP request sent, awaiting response... 302 Found
Location: https://exoplanetarchive.ipac.caltech.edu/data/ETSS//Kepler/005/445/70/kplr002301590-2011271113734_llc.fits [following]
--2018-12-09 13:05:15--  https://exoplanetarchive.ipac.caltech.edu/data/ETSS//Kepler/005/445/70/kplr002301590-2011271113734_llc.fits
Connecting to exoplanetarchive.ipac.caltech.edu (exoplanetarchive.ipac.caltech.edu)|134.4.54.147|:443... connected.
HTTP request sent, awaiting response... 200 OK
Length: 486720 (475K) [image/x-fits]
Saving to: 'kplr002301590-2011271113734_llc.fits'

     0K .......... .......... .......... .......... .......... 10% 42,7K 10s
    50K .......... .......... .......... .......... .......... 21%  117K 6s
   100K .......... .......... .......... .......... .......... 31%  127K 4s
   150K .......... .......... .......... .......... .......... 42%  147K 3s
   200K .......... .......... .......... .......... .......... 52%  207K 2s
   250K .......... .......... .......... .......... .......... 63%  148K 2s
   300K .......... .......... .......... .......... .......... 73%  245K 1s
   350K .......... .......... .......... .......... .......... 84%  258K 1s
   400K .......... .......... .......... .......... .......... 94%  259K 0s
   450K .......... .......... .....                           100% 14,6M=3,5s

2018-12-09 13:05:19 (136 KB/s) - 'kplr002301590-2011271113734_llc.fits' saved [486720/486720]

--2018-12-09 13:05:19--  http://exoplanetarchive.ipac.caltech.edu/data/ETSS//Kepler/005/462/40/kplr002301590-2011271113734_llc_lc.tbl
Resolving exoplanetarchive.ipac.caltech.edu (exoplanetarchive.ipac.caltech.edu)... 134.4.54.147
Connecting to exoplanetarchive.ipac.caltech.edu (exoplanetarchive.ipac.caltech.edu)|134.4.54.147|:80... connected.
HTTP request sent, awaiting response... 302 Found
Location: https://exoplanetarchive.ipac.caltech.edu/data/ETSS//Kepler/005/462/40/kplr002301590-2011271113734_llc_lc.tbl [following]
--2018-12-09 13:05:20--  https://exoplanetarchive.ipac.caltech.edu/data/ETSS//Kepler/005/462/40/kplr002301590-2011271113734_llc_lc.tbl
Connecting to exoplanetarchive.ipac.caltech.edu (exoplanetarchive.ipac.caltech.edu)|134.4.54.147|:443... connected.
HTTP request sent, awaiting response... 200 OK
Length: 1478303 (1,4M) [text/plain]
Saving to: 'kplr002301590-2011271113734_llc_lc.tbl'

     0K .......... .......... .......... .......... ..........  3% 47,5K 29s
    50K .......... .......... .......... .......... ..........  6%  127K 19s
   100K .......... .......... .......... .......... .......... 10%  152K 15s
   150K .......... .......... .......... .......... .......... 13%  165K 13s
   200K .......... .......... .......... .......... .......... 17%  254K 11s
   250K .......... .......... .......... .......... .......... 20%  252K 9s
   300K .......... .......... .......... .......... .......... 24%  551K 8s
   350K .......... .......... .......... .......... .......... 27%  261K 7s
   400K .......... .......... .......... .......... .......... 31%  156K 7s
   450K .......... .......... .......... .......... .......... 34%  251K 6s
   500K .......... .......... .......... .......... .......... 38%  108K 6s
   550K .......... .......... .......... .......... .......... 41%  125K 6s
   600K .......... .......... .......... .......... .......... 45%  127K 6s
   650K .......... .......... .......... .......... .......... 48% 86,9K 5s
   700K .......... .......... .......... .......... .......... 51%  124K 5s
   750K .......... .......... .......... .......... .......... 55% 79,9K 5s
   800K .......... .......... .......... .......... .......... 58% 60,8K 5s
   850K .......... .......... .......... .......... .......... 62% 69,5K 5s
   900K .......... .......... .......... .......... .......... 65% 63,5K 4s
   950K .......... .......... .......... .......... .......... 69% 78,4K 4s
  1000K .......... .......... .......... .......... .......... 72% 51,8K 4s
  1050K .......... .......... .......... .......... .......... 76% 81,9K 3s
  1100K .......... .......... .......... .......... .......... 79% 48,8K 3s
  1150K .......... .......... .......... .......... .......... 83% 42,3K 3s
  1200K .......... .......... .......... .......... .......... 86% 38,3K 2s
  1250K .......... .......... .......... .......... .......... 90% 63,4K 2s
  1300K .......... .......... .......... .......... .......... 93% 64,8K 1s
  1350K .......... .......... .......... .......... .......... 96% 84,4K 1s
  1400K .......... .......... .......... .......... ...       100%  105K=17s

2018-12-09 13:05:38 (86,1 KB/s) - 'kplr002301590-2011271113734_llc_lc.tbl' saved [1478303/1478303]

--2018-12-09 13:05:38--  http://exoplanetarchive.ipac.caltech.edu/data/ETSS//Kepler/005/479/09/kplr002301590-2012004120508_llc.fits
Resolving exoplanetarchive.ipac.caltech.edu (exoplanetarchive.ipac.caltech.edu)... 134.4.54.147
Connecting to exoplanetarchive.ipac.caltech.edu (exoplanetarchive.ipac.caltech.edu)|134.4.54.147|:80... connected.
HTTP request sent, awaiting response... 302 Found
Location: https://exoplanetarchive.ipac.caltech.edu/data/ETSS//Kepler/005/479/09/kplr002301590-2012004120508_llc.fits [following]
--2018-12-09 13:05:38--  https://exoplanetarchive.ipac.caltech.edu/data/ETSS//Kepler/005/479/09/kplr002301590-2012004120508_llc.fits
Connecting to exoplanetarchive.ipac.caltech.edu (exoplanetarchive.ipac.caltech.edu)|134.4.54.147|:443... connected.
HTTP request sent, awaiting response... 200 OK
Length: 506880 (495K) [image/x-fits]
Saving to: 'kplr002301590-2012004120508_llc.fits'

     0K .......... .......... .......... .......... .......... 10% 42,8K 10s
    50K .......... .......... .......... .......... .......... 20% 86,1K 7s
   100K .......... .......... .......... .......... .......... 30%  129K 5s
   150K .......... .......... .......... .......... .......... 40%  127K 4s
   200K .......... .......... .......... .......... .......... 50%  252K 3s
   250K .......... .......... .......... .......... .......... 60%  256K 2s
   300K .......... .......... .......... .......... .......... 70%  128K 1s
   350K .......... .......... .......... .......... .......... 80%  253K 1s
   400K .......... .......... .......... .......... .......... 90%  131K 0s
   450K .......... .......... .......... .......... .....     100% 3,06M=3,9s

2018-12-09 13:05:43 (127 KB/s) - 'kplr002301590-2012004120508_llc.fits' saved [506880/506880]

--2018-12-09 13:05:43--  http://exoplanetarchive.ipac.caltech.edu/data/ETSS//Kepler/005/495/51/kplr002301590-2012004120508_llc_lc.tbl
Resolving exoplanetarchive.ipac.caltech.edu (exoplanetarchive.ipac.caltech.edu)... 134.4.54.147
Connecting to exoplanetarchive.ipac.caltech.edu (exoplanetarchive.ipac.caltech.edu)|134.4.54.147|:80... connected.
HTTP request sent, awaiting response... 302 Found
Location: https://exoplanetarchive.ipac.caltech.edu/data/ETSS//Kepler/005/495/51/kplr002301590-2012004120508_llc_lc.tbl [following]
--2018-12-09 13:05:44--  https://exoplanetarchive.ipac.caltech.edu/data/ETSS//Kepler/005/495/51/kplr002301590-2012004120508_llc_lc.tbl
Connecting to exoplanetarchive.ipac.caltech.edu (exoplanetarchive.ipac.caltech.edu)|134.4.54.147|:443... connected.
HTTP request sent, awaiting response... 200 OK
Length: 1536629 (1,5M) [text/plain]
Saving to: 'kplr002301590-2012004120508_llc_lc.tbl'

     0K .......... .......... .......... .......... ..........  3% 43,0K 34s
    50K .......... .......... .......... .......... ..........  6%  117K 22s
   100K .......... .......... .......... .......... ..........  9%  128K 18s
   150K .......... .......... .......... .......... .......... 13%  144K 15s
   200K .......... .......... .......... .......... .......... 16%  207K 13s
   250K .......... .......... .......... .......... .......... 19%  257K 11s
   300K .......... .......... .......... .......... .......... 23% 94,2K 11s
   350K .......... .......... .......... .......... .......... 26%  102K 10s
   400K .......... .......... .......... .......... .......... 29% 64,9K 11s
   450K .......... .......... .......... .......... .......... 33%  129K 10s
   500K .......... .......... .......... .......... .......... 36%  129K 9s
   550K .......... .......... .......... .......... .......... 39%  167K 8s
   600K .......... .......... .......... .......... .......... 43%  127K 8s
   650K .......... .......... .......... .......... .......... 46%  127K 7s
   700K .......... .......... .......... .......... .......... 49% 84,0K 7s
   750K .......... .......... .......... .......... .......... 53% 88,0K 7s
   800K .......... .......... .......... .......... .......... 56%  126K 6s
   850K .......... .......... .......... .......... .......... 59%  254K 5s
   900K .......... .......... .......... .......... .......... 63%  129K 5s
   950K .......... .......... .......... .......... .......... 66%  251K 4s
  1000K .......... .......... .......... .......... .......... 69%  128K 4s
  1050K .......... .......... .......... .......... .......... 73%  127K 3s
  1100K .......... .......... .......... .......... .......... 76% 64,3K 3s
  1150K .......... .......... .......... .......... .......... 79% 42,4K 3s
  1200K .......... .......... .......... .......... .......... 83% 32,2K 3s
  1250K .......... .......... .......... .......... .......... 86% 23,0K 2s
  1300K .......... .......... .......... .......... .......... 89% 36,5K 2s
  1350K .......... .......... .......... .......... .......... 93% 42,4K 1s
  1400K .......... .......... .......... .......... .......... 96% 51,8K 1s
  1450K .......... .......... .......... .......... .......... 99% 83,8K 0s
  1500K                                                       100% 4,00G=19s

2018-12-09 13:06:04 (77,6 KB/s) - 'kplr002301590-2012004120508_llc_lc.tbl' saved [1536629/1536629]

--2018-12-09 13:06:04--  http://exoplanetarchive.ipac.caltech.edu/data/ETSS//Kepler/005/511/92/kplr002301590-2012088054726_llc.fits
Resolving exoplanetarchive.ipac.caltech.edu (exoplanetarchive.ipac.caltech.edu)... 134.4.54.147
Connecting to exoplanetarchive.ipac.caltech.edu (exoplanetarchive.ipac.caltech.edu)|134.4.54.147|:80... connected.
HTTP request sent, awaiting response... 302 Found
Location: https://exoplanetarchive.ipac.caltech.edu/data/ETSS//Kepler/005/511/92/kplr002301590-2012088054726_llc.fits [following]
--2018-12-09 13:06:05--  https://exoplanetarchive.ipac.caltech.edu/data/ETSS//Kepler/005/511/92/kplr002301590-2012088054726_llc.fits
Connecting to exoplanetarchive.ipac.caltech.edu (exoplanetarchive.ipac.caltech.edu)|134.4.54.147|:443... connected.
HTTP request sent, awaiting response... 200 OK
Length: 434880 (425K) [image/x-fits]
Saving to: 'kplr002301590-2012088054726_llc.fits'

     0K .......... .......... .......... .......... .......... 11% 42,6K 9s
    50K .......... .......... .......... .......... .......... 23%  124K 5s
   100K .......... .......... .......... .......... .......... 35%  129K 4s
   150K .......... .......... .......... .......... .......... 47%  132K 3s
   200K .......... .......... .......... .......... .......... 58%  257K 2s
   250K .......... .......... .......... .......... .......... 70%  237K 1s
   300K .......... .......... .......... .......... .......... 82%  253K 1s
   350K .......... .......... .......... .......... .......... 94%  255K 0s
   400K .......... .......... ....                            100%  127K=3,3s

2018-12-09 13:06:09 (127 KB/s) - 'kplr002301590-2012088054726_llc.fits' saved [434880/434880]

--2018-12-09 13:06:09--  http://exoplanetarchive.ipac.caltech.edu/data/ETSS//Kepler/005/528/62/kplr002301590-2012088054726_llc_lc.tbl
Resolving exoplanetarchive.ipac.caltech.edu (exoplanetarchive.ipac.caltech.edu)... 134.4.54.147
Connecting to exoplanetarchive.ipac.caltech.edu (exoplanetarchive.ipac.caltech.edu)|134.4.54.147|:80... connected.
HTTP request sent, awaiting response... 302 Found
Location: https://exoplanetarchive.ipac.caltech.edu/data/ETSS//Kepler/005/528/62/kplr002301590-2012088054726_llc_lc.tbl [following]
--2018-12-09 13:06:09--  https://exoplanetarchive.ipac.caltech.edu/data/ETSS//Kepler/005/528/62/kplr002301590-2012088054726_llc_lc.tbl
Connecting to exoplanetarchive.ipac.caltech.edu (exoplanetarchive.ipac.caltech.edu)|134.4.54.147|:443... connected.
HTTP request sent, awaiting response... 200 OK
Length: 1307952 (1,2M) [text/plain]
Saving to: 'kplr002301590-2012088054726_llc_lc.tbl'

     0K .......... .......... .......... .......... ..........  3% 22,3K 55s
    50K .......... .......... .......... .......... ..........  7% 85,5K 33s
   100K .......... .......... .......... .......... .......... 11% 85,3K 26s
   150K .......... .......... .......... .......... .......... 15%  128K 20s
   200K .......... .......... .......... .......... .......... 19%  127K 17s
   250K .......... .......... .......... .......... .......... 23%  129K 15s
   300K .......... .......... .......... .......... .......... 27%  130K 13s
   350K .......... .......... .......... .......... .......... 31%  253K 11s
   400K .......... .......... .......... .......... .......... 35%  130K 10s
   450K .......... .......... .......... .......... .......... 39%  258K 9s
   500K .......... .......... .......... .......... .......... 43%  130K 8s
   550K .......... .......... .......... .......... .......... 46%  257K 7s
   600K .......... .......... .......... .......... .......... 50%  239K 6s
   650K .......... .......... .......... .......... .......... 54%  271K 6s
   700K .......... .......... .......... .......... .......... 58%  254K 5s
   750K .......... .......... .......... .......... .......... 62%  261K 4s
   800K .......... .......... .......... .......... .......... 66%  256K 4s
   850K .......... .......... .......... .......... .......... 70%  256K 3s
   900K .......... .......... .......... .......... .......... 74%  258K 3s
   950K .......... .......... .......... .......... .......... 78%  259K 2s
  1000K .......... .......... .......... .......... .......... 82%  261K 2s
  1050K .......... .......... .......... .......... .......... 86%  127K 1s
  1100K .......... .......... .......... .......... .......... 90% 4,84M 1s
  1150K .......... .......... .......... .......... .......... 93% 86,4K 1s
  1200K .......... .......... .......... .......... .......... 97% 64,7K 0s
  1250K .......... .......... .......                         100%  141K=10s

2018-12-09 13:06:21 (128 KB/s) - 'kplr002301590-2012088054726_llc_lc.tbl' saved [1307952/1307952]

--2018-12-09 13:06:21--  http://exoplanetarchive.ipac.caltech.edu/data/ETSS//Kepler/005/545/31/kplr002301590-2012179063303_llc.fits
Resolving exoplanetarchive.ipac.caltech.edu (exoplanetarchive.ipac.caltech.edu)... 134.4.54.147
Connecting to exoplanetarchive.ipac.caltech.edu (exoplanetarchive.ipac.caltech.edu)|134.4.54.147|:80... connected.
HTTP request sent, awaiting response... 302 Found
Location: https://exoplanetarchive.ipac.caltech.edu/data/ETSS//Kepler/005/545/31/kplr002301590-2012179063303_llc.fits [following]
--2018-12-09 13:06:21--  https://exoplanetarchive.ipac.caltech.edu/data/ETSS//Kepler/005/545/31/kplr002301590-2012179063303_llc.fits
Connecting to exoplanetarchive.ipac.caltech.edu (exoplanetarchive.ipac.caltech.edu)|134.4.54.147|:443... connected.
HTTP request sent, awaiting response... 200 OK
Length: 472320 (461K) [image/x-fits]
Saving to: 'kplr002301590-2012179063303_llc.fits'

     0K .......... .......... .......... .......... .......... 10% 42,7K 10s
    50K .......... .......... .......... .......... .......... 21% 86,3K 6s
   100K .......... .......... .......... .......... .......... 32%  129K 4s
   150K .......... .......... .......... .......... .......... 43%  253K 3s
   200K .......... .......... .......... .......... .......... 54%  130K 2s
   250K .......... .......... .......... .......... .......... 65%  253K 2s
   300K .......... .......... .......... .......... .......... 75%  253K 1s
   350K .......... .......... .......... .......... .......... 86%  258K 1s
   400K .......... .......... .......... .......... .......... 97%  254K 0s
   450K .......... .                                          100% 30,3M=3,5s

2018-12-09 13:06:26 (132 KB/s) - 'kplr002301590-2012179063303_llc.fits' saved [472320/472320]

--2018-12-09 13:06:26--  http://exoplanetarchive.ipac.caltech.edu/data/ETSS//Kepler/005/561/98/kplr002301590-2012179063303_llc_lc.tbl
Resolving exoplanetarchive.ipac.caltech.edu (exoplanetarchive.ipac.caltech.edu)... 134.4.54.147
Connecting to exoplanetarchive.ipac.caltech.edu (exoplanetarchive.ipac.caltech.edu)|134.4.54.147|:80... connected.
HTTP request sent, awaiting response... 302 Found
Location: https://exoplanetarchive.ipac.caltech.edu/data/ETSS//Kepler/005/561/98/kplr002301590-2012179063303_llc_lc.tbl [following]
--2018-12-09 13:06:26--  https://exoplanetarchive.ipac.caltech.edu/data/ETSS//Kepler/005/561/98/kplr002301590-2012179063303_llc_lc.tbl
Connecting to exoplanetarchive.ipac.caltech.edu (exoplanetarchive.ipac.caltech.edu)|134.4.54.147|:443... connected.
HTTP request sent, awaiting response... 200 OK
Length: 1429391 (1,4M) [text/plain]
Saving to: 'kplr002301590-2012179063303_llc_lc.tbl'

     0K .......... .......... .......... .......... ..........  3% 43,2K 31s
    50K .......... .......... .......... .......... ..........  7% 86,4K 22s
   100K .......... .......... .......... .......... .......... 10%  127K 18s
   150K .......... .......... .......... .......... .......... 14%  129K 15s
   200K .......... .......... .......... .......... .......... 17%  129K 13s
   250K .......... .......... .......... .......... .......... 21%  130K 12s
   300K .......... .......... .......... .......... .......... 25%  254K 10s
   350K .......... .......... .......... .......... .......... 28%  132K 10s
   400K .......... .......... .......... .......... .......... 32%  251K 9s
   450K .......... .......... .......... .......... .......... 35%  252K 8s
   500K .......... .......... .......... .......... .......... 39%  259K 7s
   550K .......... .......... .......... .......... .......... 42%  254K 6s
   600K .......... .......... .......... .......... .......... 46%  259K 6s
   650K .......... .......... .......... .......... .......... 50%  266K 5s
   700K .......... .......... .......... .......... .......... 53%  257K 4s
   750K .......... .......... .......... .......... .......... 57%  265K 4s
   800K .......... .......... .......... .......... .......... 60%  261K 4s
   850K .......... .......... .......... .......... .......... 64% 6,87M 3s
   900K .......... .......... .......... .......... .......... 68%  266K 3s
   950K .......... .......... .......... .......... .......... 71%  260K 2s
  1000K .......... .......... .......... .......... .......... 75%  259K 2s
  1050K .......... .......... .......... .......... .......... 78% 3,52M 2s
  1100K .......... .......... .......... .......... .......... 82%  272K 1s
  1150K .......... .......... .......... .......... .......... 85% 1,85M 1s
  1200K .......... .......... .......... .......... .......... 89%  294K 1s
  1250K .......... .......... .......... .......... .......... 93% 3,21M 0s
  1300K .......... .......... .......... .......... .......... 96%  268K 0s
  1350K .......... .......... .......... .......... .....     100% 14,1M=6,8s

2018-12-09 13:06:34 (206 KB/s) - 'kplr002301590-2012179063303_llc_lc.tbl' saved [1429391/1429391]

--2018-12-09 13:06:34--  http://exoplanetarchive.ipac.caltech.edu/data/ETSS//Kepler/005/578/66/kplr002301590-2012277125453_llc.fits
Resolving exoplanetarchive.ipac.caltech.edu (exoplanetarchive.ipac.caltech.edu)... 134.4.54.147
Connecting to exoplanetarchive.ipac.caltech.edu (exoplanetarchive.ipac.caltech.edu)|134.4.54.147|:80... connected.
HTTP request sent, awaiting response... 302 Found
Location: https://exoplanetarchive.ipac.caltech.edu/data/ETSS//Kepler/005/578/66/kplr002301590-2012277125453_llc.fits [following]
--2018-12-09 13:06:34--  https://exoplanetarchive.ipac.caltech.edu/data/ETSS//Kepler/005/578/66/kplr002301590-2012277125453_llc.fits
Connecting to exoplanetarchive.ipac.caltech.edu (exoplanetarchive.ipac.caltech.edu)|134.4.54.147|:443... connected.
HTTP request sent, awaiting response... 200 OK
Length: 506880 (495K) [image/x-fits]
Saving to: 'kplr002301590-2012277125453_llc.fits'

     0K .......... .......... .......... .......... .......... 10% 36,6K 12s
    50K .......... .......... .......... .......... .......... 20%  126K 7s
   100K .......... .......... .......... .......... .......... 30% 86,6K 5s
   150K .......... .......... .......... .......... .......... 40%  254K 4s
   200K .......... .......... .......... .......... .......... 50%  129K 3s
   250K .......... .......... .......... .......... .......... 60%  255K 2s
   300K .......... .......... .......... .......... .......... 70%  130K 1s
   350K .......... .......... .......... .......... .......... 80%  255K 1s
   400K .......... .......... .......... .......... .......... 90%  130K 0s
   450K .......... .......... .......... .......... .....     100% 6,94M=4,1s

2018-12-09 13:06:43 (121 KB/s) - 'kplr002301590-2012277125453_llc.fits' saved [506880/506880]

--2018-12-09 13:06:43--  http://exoplanetarchive.ipac.caltech.edu/data/ETSS//Kepler/005/595/36/kplr002301590-2012277125453_llc_lc.tbl
Resolving exoplanetarchive.ipac.caltech.edu (exoplanetarchive.ipac.caltech.edu)... 134.4.54.147
Connecting to exoplanetarchive.ipac.caltech.edu (exoplanetarchive.ipac.caltech.edu)|134.4.54.147|:80... connected.
HTTP request sent, awaiting response... 302 Found
Location: https://exoplanetarchive.ipac.caltech.edu/data/ETSS//Kepler/005/595/36/kplr002301590-2012277125453_llc_lc.tbl [following]
--2018-12-09 13:06:43--  https://exoplanetarchive.ipac.caltech.edu/data/ETSS//Kepler/005/595/36/kplr002301590-2012277125453_llc_lc.tbl
Connecting to exoplanetarchive.ipac.caltech.edu (exoplanetarchive.ipac.caltech.edu)|134.4.54.147|:443... connected.
HTTP request sent, awaiting response... 200 OK
Length: 1537584 (1,5M) [text/plain]
Saving to: 'kplr002301590-2012277125453_llc_lc.tbl'

     0K .......... .......... .......... .......... ..........  3% 42,3K 34s
    50K .......... .......... .......... .......... ..........  6% 84,7K 25s
   100K .......... .......... .......... .......... ..........  9%  127K 20s
   150K .......... .......... .......... .......... .......... 13%  129K 17s
   200K .......... .......... .......... .......... .......... 16%  126K 15s
   250K .......... .......... .......... .......... .......... 19%  128K 13s
   300K .......... .......... .......... .......... .......... 23%  254K 12s
   350K .......... .......... .......... .......... .......... 26%  129K 11s
   400K .......... .......... .......... .......... .......... 29%  129K 10s
   450K .......... .......... .......... .......... .......... 33%  253K 9s
   500K .......... .......... .......... .......... .......... 36%  255K 8s
   550K .......... .......... .......... .......... .......... 39%  255K 7s
   600K .......... .......... .......... .......... .......... 43%  251K 7s
   650K .......... .......... .......... .......... .......... 46%  256K 6s
   700K .......... .......... .......... .......... .......... 49%  263K 6s
   750K .......... .......... .......... .......... .......... 53% 6,95M 5s
   800K .......... .......... .......... .......... .......... 56%  255K 4s
   850K .......... .......... .......... .......... .......... 59%  258K 4s
   900K .......... .......... .......... .......... .......... 63%  264K 4s
   950K .......... .......... .......... .......... .......... 66% 5,86M 3s
  1000K .......... .......... .......... .......... .......... 69%  258K 3s
  1050K .......... .......... .......... .......... .......... 73%  260K 2s
  1100K .......... .......... .......... .......... .......... 76% 8,37M 2s
  1150K .......... .......... .......... .......... .......... 79%  254K 2s
  1200K .......... .......... .......... .......... .......... 83% 9,97M 1s
  1250K .......... .......... .......... .......... .......... 86%  259K 1s
  1300K .......... .......... .......... .......... .......... 89% 7,64M 1s
  1350K .......... .......... .......... .......... .......... 93%  257K 1s
  1400K .......... .......... .......... .......... .......... 96% 8,79M 0s
  1450K .......... .......... .......... .......... .......... 99%  267K 0s
  1500K .                                                     100% 10,1G=7,3s

2018-12-09 13:06:51 (207 KB/s) - 'kplr002301590-2012277125453_llc_lc.tbl' saved [1537584/1537584]

--2018-12-09 13:06:52--  http://exoplanetarchive.ipac.caltech.edu/data/ETSS//Kepler/005/612/05/kplr002301590-2013011073258_llc.fits
Resolving exoplanetarchive.ipac.caltech.edu (exoplanetarchive.ipac.caltech.edu)... 134.4.54.147
Connecting to exoplanetarchive.ipac.caltech.edu (exoplanetarchive.ipac.caltech.edu)|134.4.54.147|:80... connected.
HTTP request sent, awaiting response... 302 Found
Location: https://exoplanetarchive.ipac.caltech.edu/data/ETSS//Kepler/005/612/05/kplr002301590-2013011073258_llc.fits [following]
--2018-12-09 13:06:52--  https://exoplanetarchive.ipac.caltech.edu/data/ETSS//Kepler/005/612/05/kplr002301590-2013011073258_llc.fits
Connecting to exoplanetarchive.ipac.caltech.edu (exoplanetarchive.ipac.caltech.edu)|134.4.54.147|:443... connected.
HTTP request sent, awaiting response... 200 OK
Length: 506880 (495K) [image/x-fits]
Saving to: 'kplr002301590-2013011073258_llc.fits'

     0K .......... .......... .......... .......... .......... 10% 42,9K 10s
    50K .......... .......... .......... .......... .......... 20% 86,3K 7s
   100K .......... .......... .......... .......... .......... 30%  205K 5s
   150K .......... .......... .......... .......... .......... 40%  146K 3s
   200K .......... .......... .......... .......... .......... 50%  252K 2s
   250K .......... .......... .......... .......... .......... 60%  256K 2s
   300K .......... .......... .......... .......... .......... 70%  254K 1s
   350K .......... .......... .......... .......... .......... 80%  255K 1s
   400K .......... .......... .......... .......... .......... 90%  253K 0s
   450K .......... .......... .......... .......... .....     100%  236K=3,5s

2018-12-09 13:06:56 (141 KB/s) - 'kplr002301590-2013011073258_llc.fits' saved [506880/506880]

--2018-12-09 13:06:57--  http://exoplanetarchive.ipac.caltech.edu/data/ETSS//Kepler/005/628/52/kplr002301590-2013011073258_llc_lc.tbl
Resolving exoplanetarchive.ipac.caltech.edu (exoplanetarchive.ipac.caltech.edu)... 134.4.54.147
Connecting to exoplanetarchive.ipac.caltech.edu (exoplanetarchive.ipac.caltech.edu)|134.4.54.147|:80... connected.
HTTP request sent, awaiting response... 302 Found
Location: https://exoplanetarchive.ipac.caltech.edu/data/ETSS//Kepler/005/628/52/kplr002301590-2013011073258_llc_lc.tbl [following]
--2018-12-09 13:06:57--  https://exoplanetarchive.ipac.caltech.edu/data/ETSS//Kepler/005/628/52/kplr002301590-2013011073258_llc_lc.tbl
Connecting to exoplanetarchive.ipac.caltech.edu (exoplanetarchive.ipac.caltech.edu)|134.4.54.147|:443... connected.
HTTP request sent, awaiting response... 200 OK
Length: 1545002 (1,5M) [text/plain]
Saving to: 'kplr002301590-2013011073258_llc_lc.tbl'

     0K .......... .......... .......... .......... ..........  3% 43,0K 34s
    50K .......... .......... .......... .......... ..........  6% 86,0K 25s
   100K .......... .......... .......... .......... ..........  9%  127K 19s
   150K .......... .......... .......... .......... .......... 13%  129K 17s
   200K .......... .......... .......... .......... .......... 16%  129K 15s
   250K .......... .......... .......... .......... .......... 19%  257K 13s
   300K .......... .......... .......... .......... .......... 23%  243K 11s
   350K .......... .......... .......... .......... .......... 26%  259K 10s
   400K .......... .......... .......... .......... .......... 29%  133K 9s
   450K .......... .......... .......... .......... .......... 33%  254K 8s
   500K .......... .......... .......... .......... .......... 36%  259K 7s
   550K .......... .......... .......... .......... .......... 39% 6,19M 6s
   600K .......... .......... .......... .......... .......... 43%  254K 6s
   650K .......... .......... .......... .......... .......... 46%  260K 5s
   700K .......... .......... .......... .......... .......... 49% 11,7M 5s
   750K .......... .......... .......... .......... .......... 53%  258K 4s
   800K .......... .......... .......... .......... .......... 56%  260K 4s
   850K .......... .......... .......... .......... .......... 59%  262K 4s
   900K .......... .......... .......... .......... .......... 62% 6,85M 3s
   950K .......... .......... .......... .......... .......... 66%  261K 3s
  1000K .......... .......... .......... .......... .......... 69% 7,94M 2s
  1050K .......... .......... .......... .......... .......... 72%  254K 2s
  1100K .......... .......... .......... .......... .......... 76% 13,1M 2s
  1150K .......... .......... .......... .......... .......... 79%  254K 2s
  1200K .......... .......... .......... .......... .......... 82%  263K 1s
  1250K .......... .......... .......... .......... .......... 86% 11,1M 1s
  1300K .......... .......... .......... .......... .......... 89% 6,34M 1s
  1350K .......... .......... .......... .......... .......... 92%  262K 0s
  1400K .......... .......... .......... .......... .......... 96% 6,18M 0s
  1450K .......... .......... .......... .......... .......... 99%  263K 0s
  1500K ........                                              100% 38,6M=6,4s

2018-12-09 13:07:04 (234 KB/s) - 'kplr002301590-2013011073258_llc_lc.tbl' saved [1545002/1545002]

--2018-12-09 13:07:05--  http://exoplanetarchive.ipac.caltech.edu/data/ETSS//Kepler/005/645/00/kplr002301590-2013098041711_llc.fits
Resolving exoplanetarchive.ipac.caltech.edu (exoplanetarchive.ipac.caltech.edu)... 134.4.54.147
Connecting to exoplanetarchive.ipac.caltech.edu (exoplanetarchive.ipac.caltech.edu)|134.4.54.147|:80... connected.
HTTP request sent, awaiting response... 302 Found
Location: https://exoplanetarchive.ipac.caltech.edu/data/ETSS//Kepler/005/645/00/kplr002301590-2013098041711_llc.fits [following]
--2018-12-09 13:07:05--  https://exoplanetarchive.ipac.caltech.edu/data/ETSS//Kepler/005/645/00/kplr002301590-2013098041711_llc.fits
Connecting to exoplanetarchive.ipac.caltech.edu (exoplanetarchive.ipac.caltech.edu)|134.4.54.147|:443... connected.
HTTP request sent, awaiting response... 200 OK
Length: 449280 (439K) [image/x-fits]
Saving to: 'kplr002301590-2013098041711_llc.fits'

     0K .......... .......... .......... .......... .......... 11% 43,1K 9s
    50K .......... .......... .......... .......... .......... 22% 86,0K 6s
   100K .......... .......... .......... .......... .......... 34%  130K 4s
   150K .......... .......... .......... .......... .......... 45%  128K 3s
   200K .......... .......... .......... .......... .......... 56%  129K 2s
   250K .......... .......... .......... .......... .......... 68%  246K 1s
   300K .......... .......... .......... .......... .......... 79%  250K 1s
   350K .......... .......... .......... .......... .......... 91%  254K 0s
   400K .......... .......... .......... ........             100%  204K=3,7s

2018-12-09 13:07:10 (119 KB/s) - 'kplr002301590-2013098041711_llc.fits' saved [449280/449280]

--2018-12-09 13:07:10--  http://exoplanetarchive.ipac.caltech.edu/data/ETSS//Kepler/005/661/75/kplr002301590-2013098041711_llc_lc.tbl
Resolving exoplanetarchive.ipac.caltech.edu (exoplanetarchive.ipac.caltech.edu)... 134.4.54.147
Connecting to exoplanetarchive.ipac.caltech.edu (exoplanetarchive.ipac.caltech.edu)|134.4.54.147|:80... connected.
HTTP request sent, awaiting response... 302 Found
Location: https://exoplanetarchive.ipac.caltech.edu/data/ETSS//Kepler/005/661/75/kplr002301590-2013098041711_llc_lc.tbl [following]
--2018-12-09 13:07:10--  https://exoplanetarchive.ipac.caltech.edu/data/ETSS//Kepler/005/661/75/kplr002301590-2013098041711_llc_lc.tbl
Connecting to exoplanetarchive.ipac.caltech.edu (exoplanetarchive.ipac.caltech.edu)|134.4.54.147|:443... connected.
HTTP request sent, awaiting response... 200 OK
Length: 1359194 (1,3M) [text/plain]
Saving to: 'kplr002301590-2013098041711_llc_lc.tbl'

     0K .......... .......... .......... .......... ..........  3% 43,0K 30s
    50K .......... .......... .......... .......... ..........  7%  107K 20s
   100K .......... .......... .......... .......... .......... 11%  129K 16s
   150K .......... .......... .......... .......... .......... 15%  158K 13s
   200K .......... .......... .......... .......... .......... 18%  127K 12s
   250K .......... .......... .......... .......... .......... 22%  256K 10s
   300K .......... .......... .......... .......... .......... 26%  257K 9s
   350K .......... .......... .......... .......... .......... 30%  259K 8s
   400K .......... .......... .......... .......... .......... 33%  129K 7s
   450K .......... .......... .......... .......... .......... 37% 64,7K 7s
   500K .......... .......... .......... .......... .......... 41% 85,5K 7s
   550K .......... .......... .......... .......... .......... 45%  128K 7s
   600K .......... .......... .......... .......... .......... 48%  128K 6s
   650K .......... .......... .......... .......... .......... 52%  251K 5s
   700K .......... .......... .......... .......... .......... 56%  129K 5s
   750K .......... .......... .......... .......... .......... 60% 85,7K 5s
   800K .......... .......... .......... .......... .......... 64% 63,4K 4s
   850K .......... .......... .......... .......... .......... 67% 86,2K 4s
   900K .......... .......... .......... .......... .......... 71% 85,6K 4s
   950K .......... .......... .......... .......... .......... 75%  125K 3s
  1000K .......... .......... .......... .......... .......... 79% 86,9K 3s
  1050K .......... .......... .......... .......... .......... 82%  128K 2s
  1100K .......... .......... .......... .......... .......... 86%  125K 2s
  1150K .......... .......... .......... .......... .......... 90% 85,6K 1s
  1200K .......... .......... .......... .......... .......... 94% 86,1K 1s
  1250K .......... .......... .......... .......... .......... 97%  129K 0s
  1300K .......... .......... .......                         100%  142K=12s

2018-12-09 13:07:24 (106 KB/s) - 'kplr002301590-2013098041711_llc_lc.tbl' saved [1359194/1359194]

--2018-12-09 13:07:24--  http://exoplanetarchive.ipac.caltech.edu/data/ETSS//Kepler/005/678/51/kplr002301590-2013131215648_llc.fits
Resolving exoplanetarchive.ipac.caltech.edu (exoplanetarchive.ipac.caltech.edu)... 134.4.54.147
Connecting to exoplanetarchive.ipac.caltech.edu (exoplanetarchive.ipac.caltech.edu)|134.4.54.147|:80... connected.
HTTP request sent, awaiting response... 302 Found
Location: https://exoplanetarchive.ipac.caltech.edu/data/ETSS//Kepler/005/678/51/kplr002301590-2013131215648_llc.fits [following]
--2018-12-09 13:07:24--  https://exoplanetarchive.ipac.caltech.edu/data/ETSS//Kepler/005/678/51/kplr002301590-2013131215648_llc.fits
Connecting to exoplanetarchive.ipac.caltech.edu (exoplanetarchive.ipac.caltech.edu)|134.4.54.147|:443... connected.
HTTP request sent, awaiting response... 200 OK
Length: 187200 (183K) [image/x-fits]
Saving to: 'kplr002301590-2013131215648_llc.fits'

     0K .......... .......... .......... .......... .......... 27% 42,7K 3s
    50K .......... .......... .......... .......... .......... 54% 86,1K 1s
   100K .......... .......... .......... .......... .......... 82%  128K 0s
   150K .......... .......... .......... ..                   100%  179K=2,3s

2018-12-09 13:07:27 (78,6 KB/s) - 'kplr002301590-2013131215648_llc.fits' saved [187200/187200]

--2018-12-09 13:07:27--  http://exoplanetarchive.ipac.caltech.edu/data/ETSS//Kepler/005/695/27/kplr002301590-2013131215648_llc_lc.tbl
Resolving exoplanetarchive.ipac.caltech.edu (exoplanetarchive.ipac.caltech.edu)... 134.4.54.147
Connecting to exoplanetarchive.ipac.caltech.edu (exoplanetarchive.ipac.caltech.edu)|134.4.54.147|:80... connected.
HTTP request sent, awaiting response... 302 Found
Location: https://exoplanetarchive.ipac.caltech.edu/data/ETSS//Kepler/005/695/27/kplr002301590-2013131215648_llc_lc.tbl [following]
--2018-12-09 13:07:28--  https://exoplanetarchive.ipac.caltech.edu/data/ETSS//Kepler/005/695/27/kplr002301590-2013131215648_llc_lc.tbl
Connecting to exoplanetarchive.ipac.caltech.edu (exoplanetarchive.ipac.caltech.edu)|134.4.54.147|:443... connected.
HTTP request sent, awaiting response... 200 OK
Length: 506681 (495K) [text/plain]
Saving to: 'kplr002301590-2013131215648_llc_lc.tbl'

     0K .......... .......... .......... .......... .......... 10% 42,4K 10s
    50K .......... .......... .......... .......... .......... 20%  129K 6s
   100K .......... .......... .......... .......... .......... 30%  129K 4s
   150K .......... .......... .......... .......... .......... 40%  128K 3s
   200K .......... .......... .......... .......... .......... 50%  241K 2s
   250K .......... .......... .......... .......... .......... 60%  250K 2s
   300K .......... .......... .......... .......... .......... 70%  252K 1s
   350K .......... .......... .......... .......... .......... 80%  258K 1s
   400K .......... .......... .......... .......... .......... 90%  128K 0s
   450K .......... .......... .......... .......... ....      100% 6,99M=3,5s

2018-12-09 13:07:32 (140 KB/s) - 'kplr002301590-2013131215648_llc_lc.tbl' saved [506681/506681]

