--2018-12-09 12:31:20--  http://exoplanetarchive.ipac.caltech.edu/data/ETSS//Kepler/005/137/31/kplr001432934-2009131105131_llc.fits
Resolving exoplanetarchive.ipac.caltech.edu (exoplanetarchive.ipac.caltech.edu)... 134.4.54.147
Connecting to exoplanetarchive.ipac.caltech.edu (exoplanetarchive.ipac.caltech.edu)|134.4.54.147|:80... connected.
HTTP request sent, awaiting response... 302 Found
Location: https://exoplanetarchive.ipac.caltech.edu/data/ETSS//Kepler/005/137/31/kplr001432934-2009131105131_llc.fits [following]
--2018-12-09 12:31:20--  https://exoplanetarchive.ipac.caltech.edu/data/ETSS//Kepler/005/137/31/kplr001432934-2009131105131_llc.fits
Connecting to exoplanetarchive.ipac.caltech.edu (exoplanetarchive.ipac.caltech.edu)|134.4.54.147|:443... connected.
HTTP request sent, awaiting response... 200 OK
Length: 77760 (76K) [image/x-fits]
Saving to: 'kplr001432934-2009131105131_llc.fits'

     0K .......... .......... .......... .......... .......... 65% 43,1K 1s
    50K .......... .......... .....                           100%  131K=1,4s

2018-12-09 12:31:22 (55,9 KB/s) - 'kplr001432934-2009131105131_llc.fits' saved [77760/77760]

--2018-12-09 12:31:23--  http://exoplanetarchive.ipac.caltech.edu/data/ETSS//Kepler/005/142/57/kplr001432934-2009131105131_llc_lc.tbl
Resolving exoplanetarchive.ipac.caltech.edu (exoplanetarchive.ipac.caltech.edu)... 134.4.54.147
Connecting to exoplanetarchive.ipac.caltech.edu (exoplanetarchive.ipac.caltech.edu)|134.4.54.147|:80... connected.
HTTP request sent, awaiting response... 302 Found
Location: https://exoplanetarchive.ipac.caltech.edu/data/ETSS//Kepler/005/142/57/kplr001432934-2009131105131_llc_lc.tbl [following]
--2018-12-09 12:31:23--  https://exoplanetarchive.ipac.caltech.edu/data/ETSS//Kepler/005/142/57/kplr001432934-2009131105131_llc_lc.tbl
Connecting to exoplanetarchive.ipac.caltech.edu (exoplanetarchive.ipac.caltech.edu)|134.4.54.147|:443... connected.
HTTP request sent, awaiting response... 200 OK
Length: 158896 (155K) [text/plain]
Saving to: 'kplr001432934-2009131105131_llc_lc.tbl'

     0K .......... .......... .......... .......... .......... 32% 43,1K 2s
    50K .......... .......... .......... .......... .......... 64% 86,7K 1s
   100K .......... .......... .......... .......... .......... 96%  130K 0s
   150K .....                                                 100% 12,1M=2,1s

2018-12-09 12:31:26 (73,1 KB/s) - 'kplr001432934-2009131105131_llc_lc.tbl' saved [158896/158896]

--2018-12-09 12:31:26--  http://exoplanetarchive.ipac.caltech.edu/data/ETSS//Kepler/005/147/84/kplr001432934-2009166043257_llc.fits
Resolving exoplanetarchive.ipac.caltech.edu (exoplanetarchive.ipac.caltech.edu)... 134.4.54.147
Connecting to exoplanetarchive.ipac.caltech.edu (exoplanetarchive.ipac.caltech.edu)|134.4.54.147|:80... connected.
HTTP request sent, awaiting response... 302 Found
Location: https://exoplanetarchive.ipac.caltech.edu/data/ETSS//Kepler/005/147/84/kplr001432934-2009166043257_llc.fits [following]
--2018-12-09 12:31:27--  https://exoplanetarchive.ipac.caltech.edu/data/ETSS//Kepler/005/147/84/kplr001432934-2009166043257_llc.fits
Connecting to exoplanetarchive.ipac.caltech.edu (exoplanetarchive.ipac.caltech.edu)|134.4.54.147|:443... connected.
HTTP request sent, awaiting response... 200 OK
Length: 192960 (188K) [image/x-fits]
Saving to: 'kplr001432934-2009166043257_llc.fits'

     0K .......... .......... .......... .......... .......... 26% 43,1K 3s
    50K .......... .......... .......... .......... .......... 53% 85,7K 2s
   100K .......... .......... .......... .......... .......... 79%  129K 1s
   150K .......... .......... .......... ........             100%  199K=2,3s

2018-12-09 12:31:30 (81,1 KB/s) - 'kplr001432934-2009166043257_llc.fits' saved [192960/192960]

--2018-12-09 12:31:30--  http://exoplanetarchive.ipac.caltech.edu/data/ETSS//Kepler/005/163/47/kplr001432934-2009166043257_llc_lc.tbl
Resolving exoplanetarchive.ipac.caltech.edu (exoplanetarchive.ipac.caltech.edu)... 134.4.54.147
Connecting to exoplanetarchive.ipac.caltech.edu (exoplanetarchive.ipac.caltech.edu)|134.4.54.147|:80... connected.
HTTP request sent, awaiting response... 302 Found
Location: https://exoplanetarchive.ipac.caltech.edu/data/ETSS//Kepler/005/163/47/kplr001432934-2009166043257_llc_lc.tbl [following]
--2018-12-09 12:31:30--  https://exoplanetarchive.ipac.caltech.edu/data/ETSS//Kepler/005/163/47/kplr001432934-2009166043257_llc_lc.tbl
Connecting to exoplanetarchive.ipac.caltech.edu (exoplanetarchive.ipac.caltech.edu)|134.4.54.147|:443... connected.
HTTP request sent, awaiting response... 200 OK
Length: 533401 (521K) [text/plain]
Saving to: 'kplr001432934-2009166043257_llc_lc.tbl'

     0K .......... .......... .......... .......... ..........  9% 32,6K 14s
    50K .......... .......... .......... .......... .......... 19% 42,9K 11s
   100K .......... .......... .......... .......... .......... 28% 51,8K 9s
   150K .......... .......... .......... .......... .......... 38% 64,9K 7s
   200K .......... .......... .......... .......... .......... 47% 65,0K 6s
   250K .......... .......... .......... .......... .......... 57% 85,8K 4s
   300K .......... .......... .......... .......... .......... 67% 86,7K 3s
   350K .......... .......... .......... .......... .......... 76% 86,0K 2s
   400K .......... .......... .......... .......... .......... 86% 64,8K 1s
   450K .......... .......... .......... .......... .......... 95%  115K 0s
   500K .......... ..........                                 100%  141K=8,3s

2018-12-09 12:31:40 (62,8 KB/s) - 'kplr001432934-2009166043257_llc_lc.tbl' saved [533401/533401]

--2018-12-09 12:31:40--  http://exoplanetarchive.ipac.caltech.edu/data/ETSS//Kepler/005/212/36/kplr001432934-2009259160929_llc.fits
Resolving exoplanetarchive.ipac.caltech.edu (exoplanetarchive.ipac.caltech.edu)... 134.4.54.147
Connecting to exoplanetarchive.ipac.caltech.edu (exoplanetarchive.ipac.caltech.edu)|134.4.54.147|:80... connected.
HTTP request sent, awaiting response... 302 Found
Location: https://exoplanetarchive.ipac.caltech.edu/data/ETSS//Kepler/005/212/36/kplr001432934-2009259160929_llc.fits [following]
--2018-12-09 12:31:40--  https://exoplanetarchive.ipac.caltech.edu/data/ETSS//Kepler/005/212/36/kplr001432934-2009259160929_llc.fits
Connecting to exoplanetarchive.ipac.caltech.edu (exoplanetarchive.ipac.caltech.edu)|134.4.54.147|:443... connected.
HTTP request sent, awaiting response... 200 OK
Length: 466560 (456K) [image/x-fits]
Saving to: 'kplr001432934-2009259160929_llc.fits'

     0K .......... .......... .......... .......... .......... 10% 42,6K 10s
    50K .......... .......... .......... .......... .......... 21% 84,0K 6s
   100K .......... .......... .......... .......... .......... 32%  126K 4s
   150K .......... .......... .......... .......... .......... 43%  127K 3s
   200K .......... .......... .......... .......... .......... 54%  128K 2s
   250K .......... .......... .......... .......... .......... 65%  250K 2s
   300K .......... .......... .......... .......... .......... 76%  128K 1s
   350K .......... .......... .......... .......... .......... 87%  249K 1s
   400K .......... .......... .......... .......... .......... 98%  252K 0s
   450K .....                                                 100% 36,6G=3,9s

2018-12-09 12:31:45 (116 KB/s) - 'kplr001432934-2009259160929_llc.fits' saved [466560/466560]

--2018-12-09 12:31:45--  http://exoplanetarchive.ipac.caltech.edu/data/ETSS//Kepler/005/228/99/kplr001432934-2009259160929_llc_lc.tbl
Resolving exoplanetarchive.ipac.caltech.edu (exoplanetarchive.ipac.caltech.edu)... 134.4.54.147
Connecting to exoplanetarchive.ipac.caltech.edu (exoplanetarchive.ipac.caltech.edu)|134.4.54.147|:80... connected.
HTTP request sent, awaiting response... 302 Found
Location: https://exoplanetarchive.ipac.caltech.edu/data/ETSS//Kepler/005/228/99/kplr001432934-2009259160929_llc_lc.tbl [following]
--2018-12-09 12:31:46--  https://exoplanetarchive.ipac.caltech.edu/data/ETSS//Kepler/005/228/99/kplr001432934-2009259160929_llc_lc.tbl
Connecting to exoplanetarchive.ipac.caltech.edu (exoplanetarchive.ipac.caltech.edu)|134.4.54.147|:443... connected.
HTTP request sent, awaiting response... 200 OK
Length: 1407818 (1,3M) [text/plain]
Saving to: 'kplr001432934-2009259160929_llc_lc.tbl'

     0K .......... .......... .......... .......... ..........  3% 42,9K 31s
    50K .......... .......... .......... .......... ..........  7% 85,5K 22s
   100K .......... .......... .......... .......... .......... 10%  127K 18s
   150K .......... .......... .......... .......... .......... 14%  127K 15s
   200K .......... .......... .......... .......... .......... 18%  251K 12s
   250K .......... .......... .......... .......... .......... 21%  128K 11s
   300K .......... .......... .......... .......... .......... 25%  248K 10s
   350K .......... .......... .......... .......... .......... 29%  129K 9s
   400K .......... .......... .......... .......... .......... 32%  251K 8s
   450K .......... .......... .......... .......... .......... 36%  250K 7s
   500K .......... .......... .......... .......... .......... 40%  262K 6s
   550K .......... .......... .......... .......... .......... 43%  253K 6s
   600K .......... .......... .......... .......... .......... 47%  249K 5s
   650K .......... .......... .......... .......... .......... 50% 20,9M 5s
   700K .......... .......... .......... .......... .......... 54%  254K 4s
   750K .......... .......... .......... .......... .......... 58%  258K 4s
   800K .......... .......... .......... .......... .......... 61%  254K 3s
   850K .......... .......... .......... .......... .......... 65% 5,89M 3s
   900K .......... .......... .......... .......... .......... 69%  259K 2s
   950K .......... .......... .......... .......... .......... 72%  221K 2s
  1000K .......... .......... .......... .......... .......... 76%  284K 2s
  1050K .......... .......... .......... .......... .......... 80%  285K 2s
  1100K .......... .......... .......... .......... .......... 83% 12,5M 1s
  1150K .......... .......... .......... .......... .......... 87%  262K 1s
  1200K .......... .......... .......... .......... .......... 90%  257K 1s
  1250K .......... .......... .......... .......... .......... 94% 12,4M 0s
  1300K .......... .......... .......... .......... .......... 98%  258K 0s
  1350K .......... .......... ....                            100% 16,7M=6,7s

2018-12-09 12:31:53 (206 KB/s) - 'kplr001432934-2009259160929_llc_lc.tbl' saved [1407818/1407818]

--2018-12-09 12:31:53--  http://exoplanetarchive.ipac.caltech.edu/data/ETSS//Kepler/005/245/63/kplr001432934-2009350155506_llc.fits
Resolving exoplanetarchive.ipac.caltech.edu (exoplanetarchive.ipac.caltech.edu)... 134.4.54.147
Connecting to exoplanetarchive.ipac.caltech.edu (exoplanetarchive.ipac.caltech.edu)|134.4.54.147|:80... connected.
HTTP request sent, awaiting response... 302 Found
Location: https://exoplanetarchive.ipac.caltech.edu/data/ETSS//Kepler/005/245/63/kplr001432934-2009350155506_llc.fits [following]
--2018-12-09 12:31:54--  https://exoplanetarchive.ipac.caltech.edu/data/ETSS//Kepler/005/245/63/kplr001432934-2009350155506_llc.fits
Connecting to exoplanetarchive.ipac.caltech.edu (exoplanetarchive.ipac.caltech.edu)|134.4.54.147|:443... connected.
HTTP request sent, awaiting response... 200 OK
Length: 466560 (456K) [image/x-fits]
Saving to: 'kplr001432934-2009350155506_llc.fits'

     0K .......... .......... .......... .......... .......... 10% 42,8K 9s
    50K .......... .......... .......... .......... .......... 21%  106K 6s
   100K .......... .......... .......... .......... .......... 32%  128K 4s
   150K .......... .......... .......... .......... .......... 43%  165K 3s
   200K .......... .......... .......... .......... .......... 54%  180K 2s
   250K .......... .......... .......... .......... .......... 65%  259K 1s
   300K .......... .......... .......... .......... .......... 76%  261K 1s
   350K .......... .......... .......... .......... .......... 87%  260K 0s
   400K .......... .......... .......... .......... .......... 98%  256K 0s
   450K .....                                                 100% 36,6G=3,4s

2018-12-09 12:31:58 (135 KB/s) - 'kplr001432934-2009350155506_llc.fits' saved [466560/466560]

--2018-12-09 12:31:58--  http://exoplanetarchive.ipac.caltech.edu/data/ETSS//Kepler/005/262/19/kplr001432934-2009350155506_llc_lc.tbl
Resolving exoplanetarchive.ipac.caltech.edu (exoplanetarchive.ipac.caltech.edu)... 134.4.54.147
Connecting to exoplanetarchive.ipac.caltech.edu (exoplanetarchive.ipac.caltech.edu)|134.4.54.147|:80... connected.
HTTP request sent, awaiting response... 302 Found
Location: https://exoplanetarchive.ipac.caltech.edu/data/ETSS//Kepler/005/262/19/kplr001432934-2009350155506_llc_lc.tbl [following]
--2018-12-09 12:31:59--  https://exoplanetarchive.ipac.caltech.edu/data/ETSS//Kepler/005/262/19/kplr001432934-2009350155506_llc_lc.tbl
Connecting to exoplanetarchive.ipac.caltech.edu (exoplanetarchive.ipac.caltech.edu)|134.4.54.147|:443... connected.
HTTP request sent, awaiting response... 200 OK
Length: 1412972 (1,3M) [text/plain]
Saving to: 'kplr001432934-2009350155506_llc_lc.tbl'

     0K .......... .......... .......... .......... ..........  3% 42,7K 31s
    50K .......... .......... .......... .......... ..........  7% 84,7K 23s
   100K .......... .......... .......... .......... .......... 10%  129K 18s
   150K .......... .......... .......... .......... .......... 14%  130K 15s
   200K .......... .......... .......... .......... .......... 18%  256K 12s
   250K .......... .......... .......... .......... .......... 21%  128K 11s
   300K .......... .......... .......... .......... .......... 25%  257K 10s
   350K .......... .......... .......... .......... .......... 28%  131K 9s
   400K .......... .......... .......... .......... .......... 32%  127K 8s
   450K .......... .......... .......... .......... .......... 36%  131K 8s
   500K .......... .......... .......... .......... .......... 39%  257K 7s
   550K .......... .......... .......... .......... .......... 43% 5,54M 6s
   600K .......... .......... .......... .......... .......... 47%  259K 5s
   650K .......... .......... .......... .......... .......... 50%  259K 5s
   700K .......... .......... .......... .......... .......... 54%  127K 5s
   750K .......... .......... .......... .......... .......... 57% 19,9M 4s
   800K .......... .......... .......... .......... .......... 61% 49,7K 4s
   850K .......... .......... .......... .......... .......... 65% 88,0K 4s
   900K .......... .......... .......... .......... .......... 68%  117K 3s
   950K .......... .......... .......... .......... .......... 72%  276K 3s
  1000K .......... .......... .......... .......... .......... 76%  299K 2s
  1050K .......... .......... .......... .......... .......... 79%  124K 2s
  1100K .......... .......... .......... .......... .......... 83%  277K 2s
  1150K .......... .......... .......... .......... .......... 86%  248K 1s
  1200K .......... .......... .......... .......... .......... 90%  130K 1s
  1250K .......... .......... .......... .......... .......... 94%  252K 1s
  1300K .......... .......... .......... .......... .......... 97%  246K 0s
  1350K .......... .......... .........                       100% 13,5M=9,4s

2018-12-09 12:32:09 (147 KB/s) - 'kplr001432934-2009350155506_llc_lc.tbl' saved [1412972/1412972]

--2018-12-09 12:32:09--  http://exoplanetarchive.ipac.caltech.edu/data/ETSS//Kepler/005/344/90/kplr001432934-2010078095331_llc.fits
Resolving exoplanetarchive.ipac.caltech.edu (exoplanetarchive.ipac.caltech.edu)... 134.4.54.147
Connecting to exoplanetarchive.ipac.caltech.edu (exoplanetarchive.ipac.caltech.edu)|134.4.54.147|:80... connected.
HTTP request sent, awaiting response... 302 Found
Location: https://exoplanetarchive.ipac.caltech.edu/data/ETSS//Kepler/005/344/90/kplr001432934-2010078095331_llc.fits [following]
--2018-12-09 12:32:10--  https://exoplanetarchive.ipac.caltech.edu/data/ETSS//Kepler/005/344/90/kplr001432934-2010078095331_llc.fits
Connecting to exoplanetarchive.ipac.caltech.edu (exoplanetarchive.ipac.caltech.edu)|134.4.54.147|:443... connected.
HTTP request sent, awaiting response... 200 OK
Length: 469440 (458K) [image/x-fits]
Saving to: 'kplr001432934-2010078095331_llc.fits'

     0K .......... .......... .......... .......... .......... 10% 42,6K 10s
    50K .......... .......... .......... .......... .......... 21% 85,5K 6s
   100K .......... .......... .......... .......... .......... 32%  128K 4s
   150K .......... .......... .......... .......... .......... 43%  128K 3s
   200K .......... .......... .......... .......... .......... 54%  255K 2s
   250K .......... .......... .......... .......... .......... 65%  130K 2s
   300K .......... .......... .......... .......... .......... 76%  130K 1s
   350K .......... .......... .......... .......... .......... 87%  258K 1s
   400K .......... .......... .......... .......... .......... 98%  256K 0s
   450K ........                                              100% 7,73M=3,9s

2018-12-09 12:32:14 (118 KB/s) - 'kplr001432934-2010078095331_llc.fits' saved [469440/469440]

--2018-12-09 12:32:15--  http://exoplanetarchive.ipac.caltech.edu/data/ETSS//Kepler/005/361/89/kplr001432934-2010078095331_llc_lc.tbl
Resolving exoplanetarchive.ipac.caltech.edu (exoplanetarchive.ipac.caltech.edu)... 134.4.54.147
Connecting to exoplanetarchive.ipac.caltech.edu (exoplanetarchive.ipac.caltech.edu)|134.4.54.147|:80... connected.
HTTP request sent, awaiting response... 302 Found
Location: https://exoplanetarchive.ipac.caltech.edu/data/ETSS//Kepler/005/361/89/kplr001432934-2010078095331_llc_lc.tbl [following]
--2018-12-09 12:32:15--  https://exoplanetarchive.ipac.caltech.edu/data/ETSS//Kepler/005/361/89/kplr001432934-2010078095331_llc_lc.tbl
Connecting to exoplanetarchive.ipac.caltech.edu (exoplanetarchive.ipac.caltech.edu)|134.4.54.147|:443... connected.
HTTP request sent, awaiting response... 200 OK
Length: 1421669 (1,4M) [text/plain]
Saving to: 'kplr001432934-2010078095331_llc_lc.tbl'

     0K .......... .......... .......... .......... ..........  3% 42,8K 31s
    50K .......... .......... .......... .......... ..........  7%  126K 20s
   100K .......... .......... .......... .......... .......... 10%  127K 16s
   150K .......... .......... .......... .......... .......... 14%  246K 13s
   200K .......... .......... .......... .......... .......... 18%  130K 12s
   250K .......... .......... .......... .......... .......... 21%  256K 10s
   300K .......... .......... .......... .......... .......... 25%  258K 9s
   350K .......... .......... .......... .......... .......... 28% 5,96M 7s
   400K .......... .......... .......... .......... .......... 32%  260K 7s
   450K .......... .......... .......... .......... .......... 36%  255K 6s
   500K .......... .......... .......... .......... .......... 39%  269K 5s
   550K .......... .......... .......... .......... .......... 43%  258K 5s
   600K .......... .......... .......... .......... .......... 46% 2,31M 4s
   650K .......... .......... .......... .......... .......... 50%  260K 4s
   700K .......... .......... .......... .......... .......... 54%  280K 3s
   750K .......... .......... .......... .......... .......... 57%  263K 3s
   800K .......... .......... .......... .......... .......... 61%  258K 3s
   850K .......... .......... .......... .......... .......... 64% 2,20M 2s
   900K .......... .......... .......... .......... .......... 68%  287K 2s
   950K .......... .......... .......... .......... .......... 72% 2,30M 2s
  1000K .......... .......... .......... .......... .......... 75%  280K 2s
  1050K .......... .......... .......... .......... .......... 79%  245K 1s
  1100K .......... .......... .......... .......... .......... 82% 5,59M 1s
  1150K .......... .......... .......... .......... .......... 86% 63,3K 1s
  1200K .......... .......... .......... .......... .......... 90% 86,9K 1s
  1250K .......... .......... .......... .......... .......... 93%  128K 0s
  1300K .......... .......... .......... .......... .......... 97%  126K 0s
  1350K .......... .......... .......... ........             100%  198K=7,4s

2018-12-09 12:32:23 (187 KB/s) - 'kplr001432934-2010078095331_llc_lc.tbl' saved [1421669/1421669]

--2018-12-09 12:32:23--  http://exoplanetarchive.ipac.caltech.edu/data/ETSS//Kepler/005/179/09/kplr001432934-2010174085026_llc.fits
Resolving exoplanetarchive.ipac.caltech.edu (exoplanetarchive.ipac.caltech.edu)... 134.4.54.147
Connecting to exoplanetarchive.ipac.caltech.edu (exoplanetarchive.ipac.caltech.edu)|134.4.54.147|:80... connected.
HTTP request sent, awaiting response... 302 Found
Location: https://exoplanetarchive.ipac.caltech.edu/data/ETSS//Kepler/005/179/09/kplr001432934-2010174085026_llc.fits [following]
--2018-12-09 12:32:24--  https://exoplanetarchive.ipac.caltech.edu/data/ETSS//Kepler/005/179/09/kplr001432934-2010174085026_llc.fits
Connecting to exoplanetarchive.ipac.caltech.edu (exoplanetarchive.ipac.caltech.edu)|134.4.54.147|:443... connected.
HTTP request sent, awaiting response... 200 OK
Length: 492480 (481K) [image/x-fits]
Saving to: 'kplr001432934-2010174085026_llc.fits'

     0K .......... .......... .......... .......... .......... 10% 43,0K 10s
    50K .......... .......... .......... .......... .......... 20% 64,4K 7s
   100K .......... .......... .......... .......... .......... 31% 64,5K 6s
   150K .......... .......... .......... .......... .......... 41% 85,9K 5s
   200K .......... .......... .......... .......... .......... 51%  127K 3s
   250K .......... .......... .......... .......... .......... 62%  129K 2s
   300K .......... .......... .......... .......... .......... 72% 86,3K 2s
   350K .......... .......... .......... .......... .......... 83%  126K 1s
   400K .......... .......... .......... .......... .......... 93% 85,4K 0s
   450K .......... .......... ..........                      100%  157K=5,8s

2018-12-09 12:32:31 (82,4 KB/s) - 'kplr001432934-2010174085026_llc.fits' saved [492480/492480]

--2018-12-09 12:32:31--  http://exoplanetarchive.ipac.caltech.edu/data/ETSS//Kepler/005/195/73/kplr001432934-2010174085026_llc_lc.tbl
Resolving exoplanetarchive.ipac.caltech.edu (exoplanetarchive.ipac.caltech.edu)... 134.4.54.147
Connecting to exoplanetarchive.ipac.caltech.edu (exoplanetarchive.ipac.caltech.edu)|134.4.54.147|:80... connected.
HTTP request sent, awaiting response... 302 Found
Location: https://exoplanetarchive.ipac.caltech.edu/data/ETSS//Kepler/005/195/73/kplr001432934-2010174085026_llc_lc.tbl [following]
--2018-12-09 12:32:31--  https://exoplanetarchive.ipac.caltech.edu/data/ETSS//Kepler/005/195/73/kplr001432934-2010174085026_llc_lc.tbl
Connecting to exoplanetarchive.ipac.caltech.edu (exoplanetarchive.ipac.caltech.edu)|134.4.54.147|:443... connected.
HTTP request sent, awaiting response... 200 OK
Length: 1497968 (1,4M) [text/plain]
Saving to: 'kplr001432934-2010174085026_llc_lc.tbl'

     0K .......... .......... .......... .......... ..........  3% 43,1K 33s
    50K .......... .......... .......... .......... ..........  6% 86,2K 24s
   100K .......... .......... .......... .......... .......... 10%  129K 19s
   150K .......... .......... .......... .......... .......... 13%  128K 16s
   200K .......... .......... .......... .......... .......... 17% 25,2K 22s
   250K .......... .......... .......... .......... .......... 20% 31,4K 24s
   300K .......... .......... .......... .......... .......... 23% 36,9K 24s
   350K .......... .......... .......... .......... .......... 27% 32,2K 24s
   400K .......... .......... .......... .......... .......... 30% 28,7K 24s
   450K .......... .......... .......... .......... .......... 34% 43,1K 23s
   500K .......... .......... .......... .......... .......... 37% 43,1K 22s
   550K .......... .......... .......... .......... .......... 41% 51,6K 20s
   600K .......... .......... .......... .......... .......... 44% 64,7K 19s
   650K .......... .......... .......... .......... .......... 47% 51,6K 17s
   700K .......... .......... .......... .......... .......... 51% 64,6K 16s
   750K .......... .......... .......... .......... .......... 54% 64,4K 14s
   800K .......... .......... .......... .......... .......... 58% 51,5K 13s
   850K .......... .......... .......... .......... .......... 61% 86,0K 12s
   900K .......... .......... .......... .......... .......... 64% 64,8K 11s
   950K .......... .......... .......... .......... .......... 68% 86,0K 9s
  1000K .......... .......... .......... .......... .......... 71% 86,4K 8s
  1050K .......... .......... .......... .......... .......... 75% 51,5K 7s
  1100K .......... .......... .......... .......... .......... 78% 79,5K 6s
  1150K .......... .......... .......... .......... .......... 82% 52,9K 5s
  1200K .......... .......... .......... .......... .......... 85% 51,5K 4s
  1250K .......... .......... .......... .......... .......... 88% 65,1K 3s
  1300K .......... .......... .......... .......... .......... 92% 86,1K 2s
  1350K .......... .......... .......... .......... .......... 95% 64,7K 1s
  1400K .......... .......... .......... .......... .......... 99% 86,2K 0s
  1450K .......... ..                                         100% 67,0K=27s

2018-12-09 12:32:59 (53,7 KB/s) - 'kplr001432934-2010174085026_llc_lc.tbl' saved [1497968/1497968]

--2018-12-09 12:33:00--  http://exoplanetarchive.ipac.caltech.edu/data/ETSS//Kepler/005/378/88/kplr001432934-2010265121752_llc.fits
Resolving exoplanetarchive.ipac.caltech.edu (exoplanetarchive.ipac.caltech.edu)... 134.4.54.147
Connecting to exoplanetarchive.ipac.caltech.edu (exoplanetarchive.ipac.caltech.edu)|134.4.54.147|:80... connected.
HTTP request sent, awaiting response... 302 Found
Location: https://exoplanetarchive.ipac.caltech.edu/data/ETSS//Kepler/005/378/88/kplr001432934-2010265121752_llc.fits [following]
--2018-12-09 12:33:00--  https://exoplanetarchive.ipac.caltech.edu/data/ETSS//Kepler/005/378/88/kplr001432934-2010265121752_llc.fits
Connecting to exoplanetarchive.ipac.caltech.edu (exoplanetarchive.ipac.caltech.edu)|134.4.54.147|:443... connected.
HTTP request sent, awaiting response... 200 OK
Length: 469440 (458K) [image/x-fits]
Saving to: 'kplr001432934-2010265121752_llc.fits'

     0K .......... .......... .......... .......... .......... 10% 42,7K 10s
    50K .......... .......... .......... .......... .......... 21% 85,1K 6s
   100K .......... .......... .......... .......... .......... 32%  130K 4s
   150K .......... .......... .......... .......... .......... 43%  256K 3s
   200K .......... .......... .......... .......... .......... 54%  128K 2s
   250K .......... .......... .......... .......... .......... 65%  254K 2s
   300K .......... .......... .......... .......... .......... 76%  250K 1s
   350K .......... .......... .......... .......... .......... 87%  130K 1s
   400K .......... .......... .......... .......... .......... 98%  255K 0s
   450K ........                                              100% 22,4M=3,7s

2018-12-09 12:33:05 (124 KB/s) - 'kplr001432934-2010265121752_llc.fits' saved [469440/469440]

--2018-12-09 12:33:05--  http://exoplanetarchive.ipac.caltech.edu/data/ETSS//Kepler/005/395/42/kplr001432934-2010265121752_llc_lc.tbl
Resolving exoplanetarchive.ipac.caltech.edu (exoplanetarchive.ipac.caltech.edu)... 134.4.54.147
Connecting to exoplanetarchive.ipac.caltech.edu (exoplanetarchive.ipac.caltech.edu)|134.4.54.147|:80... connected.
HTTP request sent, awaiting response... 302 Found
Location: https://exoplanetarchive.ipac.caltech.edu/data/ETSS//Kepler/005/395/42/kplr001432934-2010265121752_llc_lc.tbl [following]
--2018-12-09 12:33:05--  https://exoplanetarchive.ipac.caltech.edu/data/ETSS//Kepler/005/395/42/kplr001432934-2010265121752_llc_lc.tbl
Connecting to exoplanetarchive.ipac.caltech.edu (exoplanetarchive.ipac.caltech.edu)|134.4.54.147|:443... connected.
HTTP request sent, awaiting response... 200 OK
Length: 1421974 (1,4M) [text/plain]
Saving to: 'kplr001432934-2010265121752_llc_lc.tbl'

     0K .......... .......... .......... .......... ..........  3% 42,9K 31s
    50K .......... .......... .......... .......... ..........  7% 85,0K 23s
   100K .......... .......... .......... .......... .......... 10%  127K 18s
   150K .......... .......... .......... .......... .......... 14%  128K 15s
   200K .......... .......... .......... .......... .......... 18%  128K 13s
   250K .......... .......... .......... .......... .......... 21%  129K 12s
   300K .......... .......... .......... .......... .......... 25%  129K 11s
   350K .......... .......... .......... .......... .......... 28%  255K 10s
   400K .......... .......... .......... .......... .......... 32%  129K 9s
   450K .......... .......... .......... .......... .......... 36%  258K 8s
   500K .......... .......... .......... .......... .......... 39%  130K 7s
   550K .......... .......... .......... .......... .......... 43%  257K 7s
   600K .......... .......... .......... .......... .......... 46%  251K 6s
   650K .......... .......... .......... .......... .......... 50%  258K 5s
   700K .......... .......... .......... .......... .......... 54%  259K 5s
   750K .......... .......... .......... .......... .......... 57%  258K 4s
   800K .......... .......... .......... .......... .......... 61%  258K 4s
   850K .......... .......... .......... .......... .......... 64%  255K 3s
   900K .......... .......... .......... .......... .......... 68% 2,94M 3s
   950K .......... .......... .......... .......... .......... 72%  279K 2s
  1000K .......... .......... .......... .......... .......... 75%  254K 2s
  1050K .......... .......... .......... .......... .......... 79% 4,59M 2s
  1100K .......... .......... .......... .......... .......... 82%  261K 1s
  1150K .......... .......... .......... .......... .......... 86%  272K 1s
  1200K .......... .......... .......... .......... .......... 90%  259K 1s
  1250K .......... .......... .......... .......... .......... 93% 2,92M 0s
  1300K .......... .......... .......... .......... .......... 97%  271K 0s
  1350K .......... .......... .......... ........             100% 3,90M=7,4s

2018-12-09 12:33:14 (187 KB/s) - 'kplr001432934-2010265121752_llc_lc.tbl' saved [1421974/1421974]

--2018-12-09 12:33:14--  http://exoplanetarchive.ipac.caltech.edu/data/ETSS//Kepler/005/278/76/kplr001432934-2010355172524_llc.fits
Resolving exoplanetarchive.ipac.caltech.edu (exoplanetarchive.ipac.caltech.edu)... 134.4.54.147
Connecting to exoplanetarchive.ipac.caltech.edu (exoplanetarchive.ipac.caltech.edu)|134.4.54.147|:80... connected.
HTTP request sent, awaiting response... 302 Found
Location: https://exoplanetarchive.ipac.caltech.edu/data/ETSS//Kepler/005/278/76/kplr001432934-2010355172524_llc.fits [following]
--2018-12-09 12:33:14--  https://exoplanetarchive.ipac.caltech.edu/data/ETSS//Kepler/005/278/76/kplr001432934-2010355172524_llc.fits
Connecting to exoplanetarchive.ipac.caltech.edu (exoplanetarchive.ipac.caltech.edu)|134.4.54.147|:443... connected.
HTTP request sent, awaiting response... 200 OK
Length: 466560 (456K) [image/x-fits]
Saving to: 'kplr001432934-2010355172524_llc.fits'

     0K .......... .......... .......... .......... .......... 10% 42,8K 9s
    50K .......... .......... .......... .......... .......... 21% 86,0K 6s
   100K .......... .......... .......... .......... .......... 32%  127K 4s
   150K .......... .......... .......... .......... .......... 43% 86,4K 3s
   200K .......... .......... .......... .......... .......... 54%  255K 2s
   250K .......... .......... .......... .......... .......... 65%  129K 2s
   300K .......... .......... .......... .......... .......... 76%  129K 1s
   350K .......... .......... .......... .......... .......... 87%  254K 1s
   400K .......... .......... .......... .......... .......... 98%  130K 0s
   450K .....                                                 100% 36,6G=4,3s

2018-12-09 12:33:19 (107 KB/s) - 'kplr001432934-2010355172524_llc.fits' saved [466560/466560]

--2018-12-09 12:33:19--  http://exoplanetarchive.ipac.caltech.edu/data/ETSS//Kepler/005/295/10/kplr001432934-2010355172524_llc_lc.tbl
Resolving exoplanetarchive.ipac.caltech.edu (exoplanetarchive.ipac.caltech.edu)... 134.4.54.147
Connecting to exoplanetarchive.ipac.caltech.edu (exoplanetarchive.ipac.caltech.edu)|134.4.54.147|:80... connected.
HTTP request sent, awaiting response... 302 Found
Location: https://exoplanetarchive.ipac.caltech.edu/data/ETSS//Kepler/005/295/10/kplr001432934-2010355172524_llc_lc.tbl [following]
--2018-12-09 12:33:20--  https://exoplanetarchive.ipac.caltech.edu/data/ETSS//Kepler/005/295/10/kplr001432934-2010355172524_llc_lc.tbl
Connecting to exoplanetarchive.ipac.caltech.edu (exoplanetarchive.ipac.caltech.edu)|134.4.54.147|:443... connected.
HTTP request sent, awaiting response... 200 OK
Length: 1414586 (1,3M) [text/plain]
Saving to: 'kplr001432934-2010355172524_llc_lc.tbl'

     0K .......... .......... .......... .......... ..........  3% 43,1K 31s
    50K .......... .......... .......... .......... ..........  7%  106K 21s
   100K .......... .......... .......... .......... .......... 10%  130K 17s
   150K .......... .......... .......... .......... .......... 14%  163K 14s
   200K .......... .......... .......... .......... .......... 18%  256K 11s
   250K .......... .......... .......... .......... .......... 21%  157K 10s
   300K .......... .......... .......... .......... .......... 25%  676K 9s
   350K .......... .......... .......... .......... .......... 28%  158K 8s
   400K .......... .......... .......... .......... .......... 32%  254K 7s
   450K .......... .......... .......... .......... .......... 36%  664K 6s
   500K .......... .......... .......... .......... .......... 39%  255K 6s
   550K .......... .......... .......... .......... .......... 43%  408K 5s
   600K .......... .......... .......... .......... .......... 47%  259K 5s
   650K .......... .......... .......... .......... .......... 50%  698K 4s
   700K .......... .......... .......... .......... .......... 54%  261K 4s
   750K .......... .......... .......... .......... .......... 57% 11,8M 3s
   800K .......... .......... .......... .......... .......... 61%  246K 3s
   850K .......... .......... .......... .......... .......... 65%  428K 2s
   900K .......... .......... .......... .......... .......... 68%  633K 2s
   950K .......... .......... .......... .......... .......... 72%  439K 2s
  1000K .......... .......... .......... .......... .......... 76%  622K 2s
  1050K .......... .......... .......... .......... .......... 79%  438K 1s
  1100K .......... .......... .......... .......... .......... 83%  617K 1s
  1150K .......... .......... .......... .......... .......... 86%  453K 1s
  1200K .......... .......... .......... .......... .......... 90%  587K 1s
  1250K .......... .......... .......... .......... .......... 94% 5,48M 0s
  1300K .......... .......... .......... .......... .......... 97%  467K 0s
  1350K .......... .......... .......... .                    100% 9,72M=5,4s

2018-12-09 12:33:26 (257 KB/s) - 'kplr001432934-2010355172524_llc_lc.tbl' saved [1414586/1414586]

--2018-12-09 12:33:26--  http://exoplanetarchive.ipac.caltech.edu/data/ETSS//Kepler/005/411/95/kplr001432934-2011073133259_llc.fits
Resolving exoplanetarchive.ipac.caltech.edu (exoplanetarchive.ipac.caltech.edu)... 134.4.54.147
Connecting to exoplanetarchive.ipac.caltech.edu (exoplanetarchive.ipac.caltech.edu)|134.4.54.147|:80... connected.
HTTP request sent, awaiting response... 302 Found
Location: https://exoplanetarchive.ipac.caltech.edu/data/ETSS//Kepler/005/411/95/kplr001432934-2011073133259_llc.fits [following]
--2018-12-09 12:33:27--  https://exoplanetarchive.ipac.caltech.edu/data/ETSS//Kepler/005/411/95/kplr001432934-2011073133259_llc.fits
Connecting to exoplanetarchive.ipac.caltech.edu (exoplanetarchive.ipac.caltech.edu)|134.4.54.147|:443... connected.
HTTP request sent, awaiting response... 200 OK
Length: 357120 (349K) [image/x-fits]
Saving to: 'kplr001432934-2011073133259_llc.fits'

     0K .......... .......... .......... .......... .......... 14% 42,9K 7s
    50K .......... .......... .......... .......... .......... 28% 85,8K 4s
   100K .......... .......... .......... .......... .......... 43%  127K 3s
   150K .......... .......... .......... .......... .......... 57%  129K 2s
   200K .......... .......... .......... .......... .......... 71%  128K 1s
   250K .......... .......... .......... .......... .......... 86%  130K 1s
   300K .......... .......... .......... .......... ........  100%  245K=3,5s

2018-12-09 12:33:31 (99,5 KB/s) - 'kplr001432934-2011073133259_llc.fits' saved [357120/357120]

--2018-12-09 12:33:31--  http://exoplanetarchive.ipac.caltech.edu/data/ETSS//Kepler/005/428/74/kplr001432934-2011073133259_llc_lc.tbl
Resolving exoplanetarchive.ipac.caltech.edu (exoplanetarchive.ipac.caltech.edu)... 134.4.54.147
Connecting to exoplanetarchive.ipac.caltech.edu (exoplanetarchive.ipac.caltech.edu)|134.4.54.147|:80... connected.
HTTP request sent, awaiting response... 302 Found
Location: https://exoplanetarchive.ipac.caltech.edu/data/ETSS//Kepler/005/428/74/kplr001432934-2011073133259_llc_lc.tbl [following]
--2018-12-09 12:33:32--  https://exoplanetarchive.ipac.caltech.edu/data/ETSS//Kepler/005/428/74/kplr001432934-2011073133259_llc_lc.tbl
Connecting to exoplanetarchive.ipac.caltech.edu (exoplanetarchive.ipac.caltech.edu)|134.4.54.147|:443... connected.
HTTP request sent, awaiting response... 200 OK
Length: 1061655 (1,0M) [text/plain]
Saving to: 'kplr001432934-2011073133259_llc_lc.tbl'

     0K .......... .......... .......... .......... ..........  4% 43,0K 23s
    50K .......... .......... .......... .......... ..........  9% 86,2K 16s
   100K .......... .......... .......... .......... .......... 14%  129K 13s
   150K .......... .......... .......... .......... .......... 19%  129K 11s
   200K .......... .......... .......... .......... .......... 24%  131K 9s
   250K .......... .......... .......... .......... .......... 28%  256K 8s
   300K .......... .......... .......... .......... .......... 33%  130K 7s
   350K .......... .......... .......... .......... .......... 38%  259K 6s
   400K .......... .......... .......... .......... .......... 43%  128K 5s
   450K .......... .......... .......... .......... .......... 48%  259K 5s
   500K .......... .......... .......... .......... .......... 53%  254K 4s
   550K .......... .......... .......... .......... .......... 57%  258K 3s
   600K .......... .......... .......... .......... .......... 62%  260K 3s
   650K .......... .......... .......... .......... .......... 67%  258K 2s
   700K .......... .......... .......... .......... .......... 72% 4,59M 2s
   750K .......... .......... .......... .......... .......... 77%  257K 2s
   800K .......... .......... .......... .......... .......... 81%  261K 1s
   850K .......... .......... .......... .......... .......... 86%  265K 1s
   900K .......... .......... .......... .......... .......... 91% 6,69M 1s
   950K .......... .......... .......... .......... .......... 96%  261K 0s
  1000K .......... .......... .......... ......               100% 13,3M=5,8s

2018-12-09 12:33:39 (178 KB/s) - 'kplr001432934-2011073133259_llc_lc.tbl' saved [1061655/1061655]

--2018-12-09 12:33:39--  http://exoplanetarchive.ipac.caltech.edu/data/ETSS//Kepler/005/311/43/kplr001432934-2011177032512_llc.fits
Resolving exoplanetarchive.ipac.caltech.edu (exoplanetarchive.ipac.caltech.edu)... 134.4.54.147
Connecting to exoplanetarchive.ipac.caltech.edu (exoplanetarchive.ipac.caltech.edu)|134.4.54.147|:80... connected.
HTTP request sent, awaiting response... 302 Found
Location: https://exoplanetarchive.ipac.caltech.edu/data/ETSS//Kepler/005/311/43/kplr001432934-2011177032512_llc.fits [following]
--2018-12-09 12:33:39--  https://exoplanetarchive.ipac.caltech.edu/data/ETSS//Kepler/005/311/43/kplr001432934-2011177032512_llc.fits
Connecting to exoplanetarchive.ipac.caltech.edu (exoplanetarchive.ipac.caltech.edu)|134.4.54.147|:443... connected.
HTTP request sent, awaiting response... 200 OK
Length: 506880 (495K) [image/x-fits]
Saving to: 'kplr001432934-2011177032512_llc.fits'

     0K .......... .......... .......... .......... .......... 10% 42,9K 10s
    50K .......... .......... .......... .......... .......... 20% 85,5K 7s
   100K .......... .......... .......... .......... .......... 30%  128K 5s
   150K .......... .......... .......... .......... .......... 40%  128K 4s
   200K .......... .......... .......... .......... .......... 50%  130K 3s
   250K .......... .......... .......... .......... .......... 60%  130K 2s
   300K .......... .......... .......... .......... .......... 70%  254K 1s
   350K .......... .......... .......... .......... .......... 80%  130K 1s
   400K .......... .......... .......... .......... .......... 90%  254K 0s
   450K .......... .......... .......... .......... .....     100%  232K=4,3s

2018-12-09 12:33:44 (116 KB/s) - 'kplr001432934-2011177032512_llc.fits' saved [506880/506880]

--2018-12-09 12:33:44--  http://exoplanetarchive.ipac.caltech.edu/data/ETSS//Kepler/005/328/17/kplr001432934-2011177032512_llc_lc.tbl
Resolving exoplanetarchive.ipac.caltech.edu (exoplanetarchive.ipac.caltech.edu)... 134.4.54.147
Connecting to exoplanetarchive.ipac.caltech.edu (exoplanetarchive.ipac.caltech.edu)|134.4.54.147|:80... connected.
HTTP request sent, awaiting response... 302 Found
Location: https://exoplanetarchive.ipac.caltech.edu/data/ETSS//Kepler/005/328/17/kplr001432934-2011177032512_llc_lc.tbl [following]
--2018-12-09 12:33:45--  https://exoplanetarchive.ipac.caltech.edu/data/ETSS//Kepler/005/328/17/kplr001432934-2011177032512_llc_lc.tbl
Connecting to exoplanetarchive.ipac.caltech.edu (exoplanetarchive.ipac.caltech.edu)|134.4.54.147|:443... connected.
HTTP request sent, awaiting response... 200 OK
Length: 1541132 (1,5M) [text/plain]
Saving to: 'kplr001432934-2011177032512_llc_lc.tbl'

     0K .......... .......... .......... .......... ..........  3% 43,1K 34s
    50K .......... .......... .......... .......... ..........  6% 85,7K 25s
   100K .......... .......... .......... .......... ..........  9%  216K 18s
   150K .......... .......... .......... .......... .......... 13%  131K 15s
   200K .......... .......... .......... .......... .......... 16%  250K 13s
   250K .......... .......... .......... .......... .......... 19%  252K 11s
   300K .......... .......... .......... .......... .......... 23%  257K 10s
   350K .......... .......... .......... .......... .......... 26%  256K 9s
   400K .......... .......... .......... .......... .......... 29%  129K 8s
   450K .......... .......... .......... .......... .......... 33%  260K 7s
   500K .......... .......... .......... .......... .......... 36%  260K 7s
   550K .......... .......... .......... .......... .......... 39% 2,79M 6s
   600K .......... .......... .......... .......... .......... 43%  269K 5s
   650K .......... .......... .......... .......... .......... 46%  257K 5s
   700K .......... .......... .......... .......... .......... 49%  260K 5s
   750K .......... .......... .......... .......... .......... 53% 12,1M 4s
   800K .......... .......... .......... .......... .......... 56%  259K 4s
   850K .......... .......... .......... .......... .......... 59%  259K 3s
   900K .......... .......... .......... .......... .......... 63%  262K 3s
   950K .......... .......... .......... .......... .......... 66% 7,91M 3s
  1000K .......... .......... .......... .......... .......... 69%  267K 2s
  1050K .......... .......... .......... .......... .......... 73%  259K 2s
  1100K .......... .......... .......... .......... .......... 76% 10,8M 2s
  1150K .......... .......... .......... .......... .......... 79%  264K 1s
  1200K .......... .......... .......... .......... .......... 83% 3,22M 1s
  1250K .......... .......... .......... .......... .......... 86%  276K 1s
  1300K .......... .......... .......... .......... .......... 89% 4,73M 1s
  1350K .......... .......... .......... .......... .......... 93%  277K 0s
  1400K .......... .......... .......... .......... .......... 96% 3,75M 0s
  1450K .......... .......... .......... .......... .......... 99%  272K 0s
  1500K .....                                                 100% 15,5M=6,3s

2018-12-09 12:33:52 (241 KB/s) - 'kplr001432934-2011177032512_llc_lc.tbl' saved [1541132/1541132]

--2018-12-09 12:33:52--  http://exoplanetarchive.ipac.caltech.edu/data/ETSS//Kepler/005/445/52/kplr001432934-2011271113734_llc.fits
Resolving exoplanetarchive.ipac.caltech.edu (exoplanetarchive.ipac.caltech.edu)... 134.4.54.147
Connecting to exoplanetarchive.ipac.caltech.edu (exoplanetarchive.ipac.caltech.edu)|134.4.54.147|:80... connected.
HTTP request sent, awaiting response... 302 Found
Location: https://exoplanetarchive.ipac.caltech.edu/data/ETSS//Kepler/005/445/52/kplr001432934-2011271113734_llc.fits [following]
--2018-12-09 12:33:53--  https://exoplanetarchive.ipac.caltech.edu/data/ETSS//Kepler/005/445/52/kplr001432934-2011271113734_llc.fits
Connecting to exoplanetarchive.ipac.caltech.edu (exoplanetarchive.ipac.caltech.edu)|134.4.54.147|:443... connected.
HTTP request sent, awaiting response... 200 OK
Length: 486720 (475K) [image/x-fits]
Saving to: 'kplr001432934-2011271113734_llc.fits'

     0K .......... .......... .......... .......... .......... 10% 43,3K 10s
    50K .......... .......... .......... .......... .......... 21%  129K 6s
   100K .......... .......... .......... .......... .......... 31%  130K 4s
   150K .......... .......... .......... .......... .......... 42%  254K 3s
   200K .......... .......... .......... .......... .......... 52%  131K 2s
   250K .......... .......... .......... .......... .......... 63%  256K 2s
   300K .......... .......... .......... .......... .......... 73%  131K 1s
   350K .......... .......... .......... .......... .......... 84%  262K 1s
   400K .......... .......... .......... .......... .......... 94%  126K 0s
   450K .......... .......... .....                           100%  111K=3,9s

2018-12-09 12:33:58 (122 KB/s) - 'kplr001432934-2011271113734_llc.fits' saved [486720/486720]

--2018-12-09 12:33:58--  http://exoplanetarchive.ipac.caltech.edu/data/ETSS//Kepler/005/462/22/kplr001432934-2011271113734_llc_lc.tbl
Resolving exoplanetarchive.ipac.caltech.edu (exoplanetarchive.ipac.caltech.edu)... 134.4.54.147
Connecting to exoplanetarchive.ipac.caltech.edu (exoplanetarchive.ipac.caltech.edu)|134.4.54.147|:80... connected.
HTTP request sent, awaiting response... 302 Found
Location: https://exoplanetarchive.ipac.caltech.edu/data/ETSS//Kepler/005/462/22/kplr001432934-2011271113734_llc_lc.tbl [following]
--2018-12-09 12:33:58--  https://exoplanetarchive.ipac.caltech.edu/data/ETSS//Kepler/005/462/22/kplr001432934-2011271113734_llc_lc.tbl
Connecting to exoplanetarchive.ipac.caltech.edu (exoplanetarchive.ipac.caltech.edu)|134.4.54.147|:443... connected.
HTTP request sent, awaiting response... 200 OK
Length: 1478333 (1,4M) [text/plain]
Saving to: 'kplr001432934-2011271113734_llc_lc.tbl'

     0K .......... .......... .......... .......... ..........  3% 43,0K 32s
    50K .......... .......... .......... .......... ..........  6%  117K 21s
   100K .......... .......... .......... .......... .......... 10%  130K 17s
   150K .......... .......... .......... .......... .......... 13%  143K 14s
   200K .......... .......... .......... .......... .......... 17%  215K 12s
   250K .......... .......... .......... .......... .......... 20%  139K 11s
   300K .......... .......... .......... .......... .......... 24%  253K 10s
   350K .......... .......... .......... .......... .......... 27%  254K 9s
   400K .......... .......... .......... .......... .......... 31%  251K 8s
   450K .......... .......... .......... .......... .......... 34%  258K 7s
   500K .......... .......... .......... .......... .......... 38% 2,45M 6s
   550K .......... .......... .......... .......... .......... 41%  254K 6s
   600K .......... .......... .......... .......... .......... 45%  275K 5s
   650K .......... .......... .......... .......... .......... 48% 2,91M 4s
   700K .......... .......... .......... .......... .......... 51%  262K 4s
   750K .......... .......... .......... .......... .......... 55%  260K 4s
   800K .......... .......... .......... .......... .......... 58% 8,19M 3s
   850K .......... .......... .......... .......... .......... 62%  259K 3s
   900K .......... .......... .......... .......... .......... 65% 12,1M 2s
   950K .......... .......... .......... .......... .......... 69%  257K 2s
  1000K .......... .......... .......... .......... .......... 72% 11,2M 2s
  1050K .......... .......... .......... .......... .......... 76%  262K 2s
  1100K .......... .......... .......... .......... .......... 79% 5,12M 1s
  1150K .......... .......... .......... .......... .......... 83%  263K 1s
  1200K .......... .......... .......... .......... .......... 86% 5,00M 1s
  1250K .......... .......... .......... .......... .......... 90%  268K 1s
  1300K .......... .......... .......... .......... .......... 93% 8,96M 0s
  1350K .......... .......... .......... .......... .......... 96% 3,79M 0s
  1400K .......... .......... .......... .......... ...       100%  239K=5,7s

2018-12-09 12:34:05 (254 KB/s) - 'kplr001432934-2011271113734_llc_lc.tbl' saved [1478333/1478333]

--2018-12-09 12:34:05--  http://exoplanetarchive.ipac.caltech.edu/data/ETSS//Kepler/005/478/92/kplr001432934-2012004120508_llc.fits
Resolving exoplanetarchive.ipac.caltech.edu (exoplanetarchive.ipac.caltech.edu)... 134.4.54.147
Connecting to exoplanetarchive.ipac.caltech.edu (exoplanetarchive.ipac.caltech.edu)|134.4.54.147|:80... connected.
HTTP request sent, awaiting response... 302 Found
Location: https://exoplanetarchive.ipac.caltech.edu/data/ETSS//Kepler/005/478/92/kplr001432934-2012004120508_llc.fits [following]
--2018-12-09 12:34:05--  https://exoplanetarchive.ipac.caltech.edu/data/ETSS//Kepler/005/478/92/kplr001432934-2012004120508_llc.fits
Connecting to exoplanetarchive.ipac.caltech.edu (exoplanetarchive.ipac.caltech.edu)|134.4.54.147|:443... connected.
HTTP request sent, awaiting response... 200 OK
Length: 506880 (495K) [image/x-fits]
Saving to: 'kplr001432934-2012004120508_llc.fits'

     0K .......... .......... .......... .......... .......... 10% 43,0K 10s
    50K .......... .......... .......... .......... .......... 20%  107K 6s
   100K .......... .......... .......... .......... .......... 30% 98,5K 5s
   150K .......... .......... .......... .......... .......... 40%  259K 3s
   200K .......... .......... .......... .......... .......... 50%  237K 2s
   250K .......... .......... .......... .......... .......... 60% 88,2K 2s
   300K .......... .......... .......... .......... .......... 70% 51,5K 2s
   350K .......... .......... .......... .......... .......... 80% 31,4K 1s
   400K .......... .......... .......... .......... .......... 90% 32,2K 1s
   450K .......... .......... .......... .......... .....     100% 57,5K=8,0s

2018-12-09 12:34:14 (61,8 KB/s) - 'kplr001432934-2012004120508_llc.fits' saved [506880/506880]

--2018-12-09 12:34:14--  http://exoplanetarchive.ipac.caltech.edu/data/ETSS//Kepler/005/495/33/kplr001432934-2012004120508_llc_lc.tbl
Resolving exoplanetarchive.ipac.caltech.edu (exoplanetarchive.ipac.caltech.edu)... 134.4.54.147
Connecting to exoplanetarchive.ipac.caltech.edu (exoplanetarchive.ipac.caltech.edu)|134.4.54.147|:80... connected.
HTTP request sent, awaiting response... 302 Found
Location: https://exoplanetarchive.ipac.caltech.edu/data/ETSS//Kepler/005/495/33/kplr001432934-2012004120508_llc_lc.tbl [following]
--2018-12-09 12:34:15--  https://exoplanetarchive.ipac.caltech.edu/data/ETSS//Kepler/005/495/33/kplr001432934-2012004120508_llc_lc.tbl
Connecting to exoplanetarchive.ipac.caltech.edu (exoplanetarchive.ipac.caltech.edu)|134.4.54.147|:443... connected.
HTTP request sent, awaiting response... 200 OK
Length: 1536631 (1,5M) [text/plain]
Saving to: 'kplr001432934-2012004120508_llc_lc.tbl'

     0K .......... .......... .......... .......... ..........  3% 43,3K 33s
    50K .......... .......... .......... .......... ..........  6%  130K 22s
   100K .......... .......... .......... .......... ..........  9%  113K 18s
   150K .......... .......... .......... .......... .......... 13%  254K 14s
   200K .......... .......... .......... .......... .......... 16%  129K 13s
   250K .......... .......... .......... .......... .......... 19%  257K 11s
   300K .......... .......... .......... .......... .......... 23%  245K 10s
   350K .......... .......... .......... .......... .......... 26%  268K 9s
   400K .......... .......... .......... .......... .......... 29%  133K 8s
   450K .......... .......... .......... .......... .......... 33% 4,31M 7s
   500K .......... .......... .......... .......... .......... 36%  260K 6s
   550K .......... .......... .......... .......... .......... 39%  130K 6s
   600K .......... .......... .......... .......... .......... 43% 7,66M 5s
   650K .......... .......... .......... .......... .......... 46% 66,1K 6s
   700K .......... .......... .......... .......... .......... 49%  126K 5s
   750K .......... .......... .......... .......... .......... 53% 85,8K 5s
   800K .......... .......... .......... .......... .......... 56% 87,2K 5s
   850K .......... .......... .......... .......... .......... 59%  115K 5s
   900K .......... .......... .......... .......... .......... 63%  130K 4s
   950K .......... .......... .......... .......... .......... 66%  130K 4s
  1000K .......... .......... .......... .......... .......... 69% 92,4K 4s
  1050K .......... .......... .......... .......... .......... 73%  129K 3s
  1100K .......... .......... .......... .......... .......... 76% 86,7K 3s
  1150K .......... .......... .......... .......... .......... 79%  129K 2s
  1200K .......... .......... .......... .......... .......... 83% 43,2K 2s
  1250K .......... .......... .......... .......... .......... 86% 52,0K 2s
  1300K .......... .......... .......... .......... .......... 89%  128K 1s
  1350K .......... .......... .......... .......... .......... 93% 85,9K 1s
  1400K .......... .......... .......... .......... .......... 96% 86,6K 0s
  1450K .......... .......... .......... .......... .......... 99%  126K 0s
  1500K                                                       100% 4,01G=14s

2018-12-09 12:34:29 (110 KB/s) - 'kplr001432934-2012004120508_llc_lc.tbl' saved [1536631/1536631]

--2018-12-09 12:34:29--  http://exoplanetarchive.ipac.caltech.edu/data/ETSS//Kepler/005/511/75/kplr001432934-2012088054726_llc.fits
Resolving exoplanetarchive.ipac.caltech.edu (exoplanetarchive.ipac.caltech.edu)... 134.4.54.147
Connecting to exoplanetarchive.ipac.caltech.edu (exoplanetarchive.ipac.caltech.edu)|134.4.54.147|:80... connected.
HTTP request sent, awaiting response... 302 Found
Location: https://exoplanetarchive.ipac.caltech.edu/data/ETSS//Kepler/005/511/75/kplr001432934-2012088054726_llc.fits [following]
--2018-12-09 12:34:30--  https://exoplanetarchive.ipac.caltech.edu/data/ETSS//Kepler/005/511/75/kplr001432934-2012088054726_llc.fits
Connecting to exoplanetarchive.ipac.caltech.edu (exoplanetarchive.ipac.caltech.edu)|134.4.54.147|:443... connected.
HTTP request sent, awaiting response... 200 OK
Length: 434880 (425K) [image/x-fits]
Saving to: 'kplr001432934-2012088054726_llc.fits'

     0K .......... .......... .......... .......... .......... 11% 43,0K 9s
    50K .......... .......... .......... .......... .......... 23% 86,1K 6s
   100K .......... .......... .......... .......... .......... 35%  129K 4s
   150K .......... .......... .......... .......... .......... 47%  129K 3s
   200K .......... .......... .......... .......... .......... 58%  129K 2s
   250K .......... .......... .......... .......... .......... 70%  256K 1s
   300K .......... .......... .......... .......... .......... 82%  129K 1s
   350K .......... .......... .......... .......... .......... 94%  258K 0s
   400K .......... .......... ....                            100%  127K=3,9s

2018-12-09 12:34:35 (110 KB/s) - 'kplr001432934-2012088054726_llc.fits' saved [434880/434880]

--2018-12-09 12:34:35--  http://exoplanetarchive.ipac.caltech.edu/data/ETSS//Kepler/005/528/44/kplr001432934-2012088054726_llc_lc.tbl
Resolving exoplanetarchive.ipac.caltech.edu (exoplanetarchive.ipac.caltech.edu)... 134.4.54.147
Connecting to exoplanetarchive.ipac.caltech.edu (exoplanetarchive.ipac.caltech.edu)|134.4.54.147|:80... connected.
HTTP request sent, awaiting response... 302 Found
Location: https://exoplanetarchive.ipac.caltech.edu/data/ETSS//Kepler/005/528/44/kplr001432934-2012088054726_llc_lc.tbl [following]
--2018-12-09 12:34:35--  https://exoplanetarchive.ipac.caltech.edu/data/ETSS//Kepler/005/528/44/kplr001432934-2012088054726_llc_lc.tbl
Connecting to exoplanetarchive.ipac.caltech.edu (exoplanetarchive.ipac.caltech.edu)|134.4.54.147|:443... connected.
HTTP request sent, awaiting response... 200 OK
Length: 1307993 (1,2M) [text/plain]
Saving to: 'kplr001432934-2012088054726_llc_lc.tbl'

     0K .......... .......... .......... .......... ..........  3% 43,2K 28s
    50K .......... .......... .......... .......... ..........  7% 86,3K 20s
   100K .......... .......... .......... .......... .......... 11%  129K 16s
   150K .......... .......... .......... .......... .......... 15%  129K 14s
   200K .......... .......... .......... .......... .......... 19%  251K 11s
   250K .......... .......... .......... .......... .......... 23%  130K 10s
   300K .......... .......... .......... .......... .......... 27%  259K 9s
   350K .......... .......... .......... .......... .......... 31%  257K 8s
   400K .......... .......... .......... .......... .......... 35%  250K 7s
   450K .......... .......... .......... .......... .......... 39% 4,40M 6s
   500K .......... .......... .......... .......... .......... 43%  255K 5s
   550K .......... .......... .......... .......... .......... 46%  274K 5s
   600K .......... .......... .......... .......... .......... 50%  259K 4s
   650K .......... .......... .......... .......... .......... 54% 3,21M 4s
   700K .......... .......... .......... .......... .......... 58%  263K 3s
   750K .......... .......... .......... .......... .......... 62%  273K 3s
   800K .......... .......... .......... .......... .......... 66%  262K 2s
   850K .......... .......... .......... .......... .......... 70% 3,17M 2s
   900K .......... .......... .......... .......... .......... 74%  280K 2s
   950K .......... .......... .......... .......... .......... 78% 2,37M 1s
  1000K .......... .......... .......... .......... .......... 82% 11,1M 1s
  1050K .......... .......... .......... .......... .......... 86%  263K 1s
  1100K .......... .......... .......... .......... .......... 90%  292K 1s
  1150K .......... .......... .......... .......... .......... 93% 1,90M 0s
  1200K .......... .......... .......... .......... .......... 97%  296K 0s
  1250K .......... .......... .......                         100% 8,93M=5,6s

2018-12-09 12:34:42 (227 KB/s) - 'kplr001432934-2012088054726_llc_lc.tbl' saved [1307993/1307993]

--2018-12-09 12:34:42--  http://exoplanetarchive.ipac.caltech.edu/data/ETSS//Kepler/005/545/14/kplr001432934-2012179063303_llc.fits
Resolving exoplanetarchive.ipac.caltech.edu (exoplanetarchive.ipac.caltech.edu)... 134.4.54.147
Connecting to exoplanetarchive.ipac.caltech.edu (exoplanetarchive.ipac.caltech.edu)|134.4.54.147|:80... connected.
HTTP request sent, awaiting response... 302 Found
Location: https://exoplanetarchive.ipac.caltech.edu/data/ETSS//Kepler/005/545/14/kplr001432934-2012179063303_llc.fits [following]
--2018-12-09 12:34:42--  https://exoplanetarchive.ipac.caltech.edu/data/ETSS//Kepler/005/545/14/kplr001432934-2012179063303_llc.fits
Connecting to exoplanetarchive.ipac.caltech.edu (exoplanetarchive.ipac.caltech.edu)|134.4.54.147|:443... connected.
HTTP request sent, awaiting response... 200 OK
Length: 472320 (461K) [image/x-fits]
Saving to: 'kplr001432934-2012179063303_llc.fits'

     0K .......... .......... .......... .......... .......... 10% 42,9K 10s
    50K .......... .......... .......... .......... .......... 21% 85,1K 6s
   100K .......... .......... .......... .......... .......... 32%  127K 4s
   150K .......... .......... .......... .......... .......... 43%  134K 3s
   200K .......... .......... .......... .......... .......... 54%  231K 2s
   250K .......... .......... .......... .......... .......... 65%  136K 2s
   300K .......... .......... .......... .......... .......... 75%  258K 1s
   350K .......... .......... .......... .......... .......... 86%  257K 1s
   400K .......... .......... .......... .......... .......... 97%  246K 0s
   450K .......... .                                          100% 6,62M=3,7s

2018-12-09 12:34:47 (125 KB/s) - 'kplr001432934-2012179063303_llc.fits' saved [472320/472320]

--2018-12-09 12:34:47--  http://exoplanetarchive.ipac.caltech.edu/data/ETSS//Kepler/005/561/81/kplr001432934-2012179063303_llc_lc.tbl
Resolving exoplanetarchive.ipac.caltech.edu (exoplanetarchive.ipac.caltech.edu)... 134.4.54.147
Connecting to exoplanetarchive.ipac.caltech.edu (exoplanetarchive.ipac.caltech.edu)|134.4.54.147|:80... connected.
HTTP request sent, awaiting response... 302 Found
Location: https://exoplanetarchive.ipac.caltech.edu/data/ETSS//Kepler/005/561/81/kplr001432934-2012179063303_llc_lc.tbl [following]
--2018-12-09 12:34:48--  https://exoplanetarchive.ipac.caltech.edu/data/ETSS//Kepler/005/561/81/kplr001432934-2012179063303_llc_lc.tbl
Connecting to exoplanetarchive.ipac.caltech.edu (exoplanetarchive.ipac.caltech.edu)|134.4.54.147|:443... connected.
HTTP request sent, awaiting response... 200 OK
Length: 1429384 (1,4M) [text/plain]
Saving to: 'kplr001432934-2012179063303_llc_lc.tbl'

     0K .......... .......... .......... .......... ..........  3% 43,0K 31s
    50K .......... .......... .......... .......... ..........  7% 64,5K 25s
   100K .......... .......... .......... .......... .......... 10% 64,1K 23s
   150K .......... .......... .......... .......... .......... 14% 85,9K 20s
   200K .......... .......... .......... .......... .......... 17%  129K 17s
   250K .......... .......... .......... .......... .......... 21% 86,1K 16s
   300K .......... .......... .......... .......... .......... 25%  129K 14s
   350K .......... .......... .......... .......... .......... 28%  129K 13s
   400K .......... .......... .......... .......... .......... 32% 86,4K 12s
   450K .......... .......... .......... .......... .......... 35% 86,9K 11s
   500K .......... .......... .......... .......... .......... 39%  129K 10s
   550K .......... .......... .......... .......... .......... 42%  129K 9s
   600K .......... .......... .......... .......... .......... 46% 86,4K 9s
   650K .......... .......... .......... .......... .......... 50%  129K 8s
   700K .......... .......... .......... .......... .......... 53%  129K 7s
   750K .......... .......... .......... .......... .......... 57%  126K 6s
   800K .......... .......... .......... .......... .......... 60% 86,0K 6s
   850K .......... .......... .......... .......... .......... 64%  129K 5s
   900K .......... .......... .......... .......... .......... 68%  129K 5s
   950K .......... .......... .......... .......... .......... 71% 87,1K 4s
  1000K .......... .......... .......... .......... .......... 75%  129K 4s
  1050K .......... .......... .......... .......... .......... 78%  127K 3s
  1100K .......... .......... .......... .......... .......... 82%  127K 3s
  1150K .......... .......... .......... .......... .......... 85%  128K 2s
  1200K .......... .......... .......... .......... .......... 89% 87,3K 1s
  1250K .......... .......... .......... .......... .......... 93%  129K 1s
  1300K .......... .......... .......... .......... .......... 96%  128K 0s
  1350K .......... .......... .......... .......... .....     100%  119K=14s

2018-12-09 12:35:03 (100 KB/s) - 'kplr001432934-2012179063303_llc_lc.tbl' saved [1429384/1429384]

--2018-12-09 12:35:03--  http://exoplanetarchive.ipac.caltech.edu/data/ETSS//Kepler/005/578/48/kplr001432934-2012277125453_llc.fits
Resolving exoplanetarchive.ipac.caltech.edu (exoplanetarchive.ipac.caltech.edu)... 134.4.54.147
Connecting to exoplanetarchive.ipac.caltech.edu (exoplanetarchive.ipac.caltech.edu)|134.4.54.147|:80... connected.
HTTP request sent, awaiting response... 302 Found
Location: https://exoplanetarchive.ipac.caltech.edu/data/ETSS//Kepler/005/578/48/kplr001432934-2012277125453_llc.fits [following]
--2018-12-09 12:35:03--  https://exoplanetarchive.ipac.caltech.edu/data/ETSS//Kepler/005/578/48/kplr001432934-2012277125453_llc.fits
Connecting to exoplanetarchive.ipac.caltech.edu (exoplanetarchive.ipac.caltech.edu)|134.4.54.147|:443... connected.
HTTP request sent, awaiting response... 200 OK
Length: 506880 (495K) [image/x-fits]
Saving to: 'kplr001432934-2012277125453_llc.fits'

     0K .......... .......... .......... .......... .......... 10% 19,6K 23s
    50K .......... .......... .......... .......... .......... 20% 43,1K 15s
   100K .......... .......... .......... .......... .......... 30% 43,3K 11s
   150K .......... .......... .......... .......... .......... 40% 64,6K 8s
   200K .......... .......... .......... .......... .......... 50% 51,3K 6s
   250K .......... .......... .......... .......... .......... 60% 64,8K 5s
   300K .......... .......... .......... .......... .......... 70% 64,7K 3s
   350K .......... .......... .......... .......... .......... 80% 64,7K 2s
   400K .......... .......... .......... .......... .......... 90% 51,9K 1s
   450K .......... .......... .......... .......... .....     100%  116K=10s

2018-12-09 12:35:15 (48,1 KB/s) - 'kplr001432934-2012277125453_llc.fits' saved [506880/506880]

--2018-12-09 12:35:15--  http://exoplanetarchive.ipac.caltech.edu/data/ETSS//Kepler/005/595/18/kplr001432934-2012277125453_llc_lc.tbl
Resolving exoplanetarchive.ipac.caltech.edu (exoplanetarchive.ipac.caltech.edu)... 134.4.54.147
Connecting to exoplanetarchive.ipac.caltech.edu (exoplanetarchive.ipac.caltech.edu)|134.4.54.147|:80... connected.
HTTP request sent, awaiting response... 302 Found
Location: https://exoplanetarchive.ipac.caltech.edu/data/ETSS//Kepler/005/595/18/kplr001432934-2012277125453_llc_lc.tbl [following]
--2018-12-09 12:35:15--  https://exoplanetarchive.ipac.caltech.edu/data/ETSS//Kepler/005/595/18/kplr001432934-2012277125453_llc_lc.tbl
Connecting to exoplanetarchive.ipac.caltech.edu (exoplanetarchive.ipac.caltech.edu)|134.4.54.147|:443... connected.
HTTP request sent, awaiting response... 200 OK
Length: 1537595 (1,5M) [text/plain]
Saving to: 'kplr001432934-2012277125453_llc_lc.tbl'

     0K .......... .......... .......... .......... ..........  3% 51,5K 28s
    50K .......... .......... .......... .......... ..........  6%  127K 19s
   100K .......... .......... .......... .......... ..........  9%  130K 16s
   150K .......... .......... .......... .......... .......... 13%  245K 13s
   200K .......... .......... .......... .......... .......... 16%  136K 12s
   250K .......... .......... .......... .......... .......... 19%  259K 10s
   300K .......... .......... .......... .......... .......... 23% 1,86M 8s
   350K .......... .......... .......... .......... .......... 26%  251K 8s
   400K .......... .......... .......... .......... .......... 29%  258K 7s
   450K .......... .......... .......... .......... .......... 33%  262K 6s
   500K .......... .......... .......... .......... .......... 36%  285K 6s
   550K .......... .......... .......... .......... .......... 39%  259K 5s
   600K .......... .......... .......... .......... .......... 43% 2,29M 5s
   650K .......... .......... .......... .......... .......... 46%  281K 4s
   700K .......... .......... .......... .......... .......... 49%  257K 4s
   750K .......... .......... .......... .......... .......... 53% 1,90M 3s
   800K .......... .......... .......... .......... .......... 56%  267K 3s
   850K .......... .......... .......... .......... .......... 59% 4,62M 3s
   900K .......... .......... .......... .......... .......... 63%  268K 2s
   950K .......... .......... .......... .......... .......... 66% 4,48M 2s
  1000K .......... .......... .......... .......... .......... 69%  270K 2s
  1050K .......... .......... .......... .......... .......... 73%  262K 2s
  1100K .......... .......... .......... .......... .......... 76% 20,7M 1s
  1150K .......... .......... .......... .......... .......... 79% 11,3M 1s
  1200K .......... .......... .......... .......... .......... 83%  270K 1s
  1250K .......... .......... .......... .......... .......... 86% 7,35M 1s
  1300K .......... .......... .......... .......... .......... 89%  266K 1s
  1350K .......... .......... .......... .......... .......... 93% 12,1M 0s
  1400K .......... .......... .......... .......... .......... 96% 4,26M 0s
  1450K .......... .......... .......... .......... .......... 99%  270K 0s
  1500K .                                                     100% 10,1G=5,3s

2018-12-09 12:35:21 (285 KB/s) - 'kplr001432934-2012277125453_llc_lc.tbl' saved [1537595/1537595]

--2018-12-09 12:35:21--  http://exoplanetarchive.ipac.caltech.edu/data/ETSS//Kepler/005/611/88/kplr001432934-2013011073258_llc.fits
Resolving exoplanetarchive.ipac.caltech.edu (exoplanetarchive.ipac.caltech.edu)... 134.4.54.147
Connecting to exoplanetarchive.ipac.caltech.edu (exoplanetarchive.ipac.caltech.edu)|134.4.54.147|:80... connected.
HTTP request sent, awaiting response... 302 Found
Location: https://exoplanetarchive.ipac.caltech.edu/data/ETSS//Kepler/005/611/88/kplr001432934-2013011073258_llc.fits [following]
--2018-12-09 12:35:22--  https://exoplanetarchive.ipac.caltech.edu/data/ETSS//Kepler/005/611/88/kplr001432934-2013011073258_llc.fits
Connecting to exoplanetarchive.ipac.caltech.edu (exoplanetarchive.ipac.caltech.edu)|134.4.54.147|:443... connected.
HTTP request sent, awaiting response... 200 OK
Length: 506880 (495K) [image/x-fits]
Saving to: 'kplr001432934-2013011073258_llc.fits'

     0K .......... .......... .......... .......... .......... 10% 42,9K 10s
    50K .......... .......... .......... .......... .......... 20%  115K 6s
   100K .......... .......... .......... .......... .......... 30%  145K 4s
   150K .......... .......... .......... .......... .......... 40%  208K 3s
   200K .......... .......... .......... .......... .......... 50%  145K 2s
   250K .......... .......... .......... .......... .......... 60%  257K 2s
   300K .......... .......... .......... .......... .......... 70%  213K 1s
   350K .......... .......... .......... .......... .......... 80% 85,4K 1s
   400K .......... .......... .......... .......... .......... 90%  129K 0s
   450K .......... .......... .......... .......... .....     100%  231K=4,1s

2018-12-09 12:35:27 (120 KB/s) - 'kplr001432934-2013011073258_llc.fits' saved [506880/506880]

--2018-12-09 12:35:27--  http://exoplanetarchive.ipac.caltech.edu/data/ETSS//Kepler/005/628/35/kplr001432934-2013011073258_llc_lc.tbl
Resolving exoplanetarchive.ipac.caltech.edu (exoplanetarchive.ipac.caltech.edu)... 134.4.54.147
Connecting to exoplanetarchive.ipac.caltech.edu (exoplanetarchive.ipac.caltech.edu)|134.4.54.147|:80... connected.
HTTP request sent, awaiting response... 302 Found
Location: https://exoplanetarchive.ipac.caltech.edu/data/ETSS//Kepler/005/628/35/kplr001432934-2013011073258_llc_lc.tbl [following]
--2018-12-09 12:35:27--  https://exoplanetarchive.ipac.caltech.edu/data/ETSS//Kepler/005/628/35/kplr001432934-2013011073258_llc_lc.tbl
Connecting to exoplanetarchive.ipac.caltech.edu (exoplanetarchive.ipac.caltech.edu)|134.4.54.147|:443... connected.
HTTP request sent, awaiting response... 200 OK
Length: 1544999 (1,5M) [text/plain]
Saving to: 'kplr001432934-2013011073258_llc_lc.tbl'

     0K .......... .......... .......... .......... ..........  3% 43,4K 34s
    50K .......... .......... .......... .......... ..........  6% 86,2K 24s
   100K .......... .......... .......... .......... ..........  9%  215K 18s
   150K .......... .......... .......... .......... .......... 13%  139K 15s
   200K .......... .......... .......... .......... .......... 16%  230K 13s
   250K .......... .......... .......... .......... .......... 19%  139K 12s
   300K .......... .......... .......... .......... .......... 23%  123K 11s
   350K .......... .......... .......... .......... .......... 26% 83,0K 11s
   400K .......... .......... .......... .......... .......... 29% 66,4K 11s
   450K .......... .......... .......... .......... .......... 33%  131K 10s
   500K .......... .......... .......... .......... .......... 36% 86,0K 10s
   550K .......... .......... .......... .......... .......... 39% 64,7K 10s
   600K .......... .......... .......... .......... .......... 43% 64,7K 9s
   650K .......... .......... .......... .......... .......... 46%  129K 9s
   700K .......... .......... .......... .......... .......... 49% 86,6K 8s
   750K .......... .......... .......... .......... .......... 53%  130K 8s
   800K .......... .......... .......... .......... .......... 56% 86,7K 7s
   850K .......... .......... .......... .......... .......... 59% 85,2K 7s
   900K .......... .......... .......... .......... .......... 62% 51,7K 6s
   950K .......... .......... .......... .......... .......... 66% 51,8K 6s
  1000K .......... .......... .......... .......... .......... 69% 64,7K 5s
  1050K .......... .......... .......... .......... .......... 72% 51,7K 5s
  1100K .......... .......... .......... .......... .......... 76% 40,6K 5s
  1150K .......... .......... .......... .......... .......... 79% 51,9K 4s
  1200K .......... .......... .......... .......... .......... 82% 43,3K 3s
  1250K .......... .......... .......... .......... .......... 86% 65,0K 3s
  1300K .......... .......... .......... .......... .......... 89% 64,8K 2s
  1350K .......... .......... .......... .......... .......... 92% 86,5K 1s
  1400K .......... .......... .......... .......... .......... 96% 86,7K 1s
  1450K .......... .......... .......... .......... .......... 99% 65,1K 0s
  1500K ........                                              100% 15,1M=20s

2018-12-09 12:35:49 (74,8 KB/s) - 'kplr001432934-2013011073258_llc_lc.tbl' saved [1544999/1544999]

--2018-12-09 12:35:49--  http://exoplanetarchive.ipac.caltech.edu/data/ETSS//Kepler/005/644/83/kplr001432934-2013098041711_llc.fits
Resolving exoplanetarchive.ipac.caltech.edu (exoplanetarchive.ipac.caltech.edu)... 134.4.54.147
Connecting to exoplanetarchive.ipac.caltech.edu (exoplanetarchive.ipac.caltech.edu)|134.4.54.147|:80... connected.
HTTP request sent, awaiting response... 302 Found
Location: https://exoplanetarchive.ipac.caltech.edu/data/ETSS//Kepler/005/644/83/kplr001432934-2013098041711_llc.fits [following]
--2018-12-09 12:35:49--  https://exoplanetarchive.ipac.caltech.edu/data/ETSS//Kepler/005/644/83/kplr001432934-2013098041711_llc.fits
Connecting to exoplanetarchive.ipac.caltech.edu (exoplanetarchive.ipac.caltech.edu)|134.4.54.147|:443... connected.
HTTP request sent, awaiting response... 200 OK
Length: 449280 (439K) [image/x-fits]
Saving to: 'kplr001432934-2013098041711_llc.fits'

     0K .......... .......... .......... .......... .......... 11% 42,6K 9s
    50K .......... .......... .......... .......... .......... 22% 85,9K 6s
   100K .......... .......... .......... .......... .......... 34%  127K 4s
   150K .......... .......... .......... .......... .......... 45%  255K 3s
   200K .......... .......... .......... .......... .......... 56%  129K 2s
   250K .......... .......... .......... .......... .......... 68%  129K 1s
   300K .......... .......... .......... .......... .......... 79%  129K 1s
   350K .......... .......... .......... .......... .......... 91%  257K 0s
   400K .......... .......... .......... ........             100%  199K=3,9s

2018-12-09 12:35:54 (113 KB/s) - 'kplr001432934-2013098041711_llc.fits' saved [449280/449280]

--2018-12-09 12:35:54--  http://exoplanetarchive.ipac.caltech.edu/data/ETSS//Kepler/005/661/58/kplr001432934-2013098041711_llc_lc.tbl
Resolving exoplanetarchive.ipac.caltech.edu (exoplanetarchive.ipac.caltech.edu)... 134.4.54.147
Connecting to exoplanetarchive.ipac.caltech.edu (exoplanetarchive.ipac.caltech.edu)|134.4.54.147|:80... connected.
HTTP request sent, awaiting response... 302 Found
Location: https://exoplanetarchive.ipac.caltech.edu/data/ETSS//Kepler/005/661/58/kplr001432934-2013098041711_llc_lc.tbl [following]
--2018-12-09 12:35:54--  https://exoplanetarchive.ipac.caltech.edu/data/ETSS//Kepler/005/661/58/kplr001432934-2013098041711_llc_lc.tbl
Connecting to exoplanetarchive.ipac.caltech.edu (exoplanetarchive.ipac.caltech.edu)|134.4.54.147|:443... connected.
HTTP request sent, awaiting response... 200 OK
Length: 1359191 (1,3M) [text/plain]
Saving to: 'kplr001432934-2013098041711_llc_lc.tbl'

     0K .......... .......... .......... .......... ..........  3% 50,9K 25s
    50K .......... .......... .......... .......... ..........  7%  128K 17s
   100K .......... .......... .......... .......... .......... 11%  130K 14s
   150K .......... .......... .......... .......... .......... 15%  250K 11s
   200K .......... .......... .......... .......... .......... 18%  138K 10s
   250K .......... .......... .......... .......... .......... 22%  261K 9s
   300K .......... .......... .......... .......... .......... 26%  260K 8s
   350K .......... .......... .......... .......... .......... 30%  260K 7s
   400K .......... .......... .......... .......... .......... 33% 1,10M 6s
   450K .......... .......... .......... .......... .......... 37%  262K 5s
   500K .......... .......... .......... .......... .......... 41%  319K 5s
   550K .......... .......... .......... .......... .......... 45%  261K 4s
   600K .......... .......... .......... .......... .......... 48% 1,24M 4s
   650K .......... .......... .......... .......... .......... 52%  318K 3s
   700K .......... .......... .......... .......... .......... 56%  261K 3s
   750K .......... .......... .......... .......... .......... 60%  261K 3s
   800K .......... .......... .......... .......... .......... 64%  253K 2s
   850K .......... .......... .......... .......... .......... 67%  262K 2s
   900K .......... .......... .......... .......... .......... 71% 12,5M 2s
   950K .......... .......... .......... .......... .......... 75%  255K 2s
  1000K .......... .......... .......... .......... .......... 79% 11,6M 1s
  1050K .......... .......... .......... .......... .......... 82%  266K 1s
  1100K .......... .......... .......... .......... .......... 86% 6,25M 1s
  1150K .......... .......... .......... .......... .......... 90% 13,1M 1s
  1200K .......... .......... .......... .......... .......... 94%  259K 0s
  1250K .......... .......... .......... .......... .......... 97%  275K 0s
  1300K .......... .......... .......                         100% 18,8M=5,2s

2018-12-09 12:36:01 (254 KB/s) - 'kplr001432934-2013098041711_llc_lc.tbl' saved [1359191/1359191]

--2018-12-09 12:36:01--  http://exoplanetarchive.ipac.caltech.edu/data/ETSS//Kepler/005/678/34/kplr001432934-2013131215648_llc.fits
Resolving exoplanetarchive.ipac.caltech.edu (exoplanetarchive.ipac.caltech.edu)... 134.4.54.147
Connecting to exoplanetarchive.ipac.caltech.edu (exoplanetarchive.ipac.caltech.edu)|134.4.54.147|:80... connected.
HTTP request sent, awaiting response... 302 Found
Location: https://exoplanetarchive.ipac.caltech.edu/data/ETSS//Kepler/005/678/34/kplr001432934-2013131215648_llc.fits [following]
--2018-12-09 12:36:01--  https://exoplanetarchive.ipac.caltech.edu/data/ETSS//Kepler/005/678/34/kplr001432934-2013131215648_llc.fits
Connecting to exoplanetarchive.ipac.caltech.edu (exoplanetarchive.ipac.caltech.edu)|134.4.54.147|:443... connected.
HTTP request sent, awaiting response... 200 OK
Length: 187200 (183K) [image/x-fits]
Saving to: 'kplr001432934-2013131215648_llc.fits'

     0K .......... .......... .......... .......... .......... 27% 42,9K 3s
    50K .......... .......... .......... .......... .......... 54%  128K 1s
   100K .......... .......... .......... .......... .......... 82%  129K 0s
   150K .......... .......... .......... ..                   100% 6,07M=1,9s

2018-12-09 12:36:04 (93,8 KB/s) - 'kplr001432934-2013131215648_llc.fits' saved [187200/187200]

--2018-12-09 12:36:04--  http://exoplanetarchive.ipac.caltech.edu/data/ETSS//Kepler/005/695/10/kplr001432934-2013131215648_llc_lc.tbl
Resolving exoplanetarchive.ipac.caltech.edu (exoplanetarchive.ipac.caltech.edu)... 134.4.54.147
Connecting to exoplanetarchive.ipac.caltech.edu (exoplanetarchive.ipac.caltech.edu)|134.4.54.147|:80... connected.
HTTP request sent, awaiting response... 302 Found
Location: https://exoplanetarchive.ipac.caltech.edu/data/ETSS//Kepler/005/695/10/kplr001432934-2013131215648_llc_lc.tbl [following]
--2018-12-09 12:36:05--  https://exoplanetarchive.ipac.caltech.edu/data/ETSS//Kepler/005/695/10/kplr001432934-2013131215648_llc_lc.tbl
Connecting to exoplanetarchive.ipac.caltech.edu (exoplanetarchive.ipac.caltech.edu)|134.4.54.147|:443... connected.
HTTP request sent, awaiting response... 200 OK
Length: 506680 (495K) [text/plain]
Saving to: 'kplr001432934-2013131215648_llc_lc.tbl'

     0K .......... .......... .......... .......... .......... 10% 42,9K 10s
    50K .......... .......... .......... .......... .......... 20% 84,7K 7s
   100K .......... .......... .......... .......... .......... 30%  248K 4s
   150K .......... .......... .......... .......... .......... 40%  128K 3s
   200K .......... .......... .......... .......... .......... 50%  130K 3s
   250K .......... .......... .......... .......... .......... 60%  257K 2s
   300K .......... .......... .......... .......... .......... 70%  252K 1s
   350K .......... .......... .......... .......... .......... 80%  260K 1s
   400K .......... .......... .......... .......... .......... 90%  254K 0s
   450K .......... .......... .......... .......... ....      100%  228K=3,7s

2018-12-09 12:36:09 (133 KB/s) - 'kplr001432934-2013131215648_llc_lc.tbl' saved [506680/506680]

