--2018-12-09 12:31:03--  http://exoplanetarchive.ipac.caltech.edu/data/ETSS//Kepler/005/344/90/kplr001431727-2010078095331_llc.fits
Resolving exoplanetarchive.ipac.caltech.edu (exoplanetarchive.ipac.caltech.edu)... 134.4.54.147
Connecting to exoplanetarchive.ipac.caltech.edu (exoplanetarchive.ipac.caltech.edu)|134.4.54.147|:80... connected.
HTTP request sent, awaiting response... 302 Found
Location: https://exoplanetarchive.ipac.caltech.edu/data/ETSS//Kepler/005/344/90/kplr001431727-2010078095331_llc.fits [following]
--2018-12-09 12:31:04--  https://exoplanetarchive.ipac.caltech.edu/data/ETSS//Kepler/005/344/90/kplr001431727-2010078095331_llc.fits
Connecting to exoplanetarchive.ipac.caltech.edu (exoplanetarchive.ipac.caltech.edu)|134.4.54.147|:443... connected.
HTTP request sent, awaiting response... 200 OK
Length: 469440 (458K) [image/x-fits]
Saving to: 'kplr001431727-2010078095331_llc.fits'

     0K .......... .......... .......... .......... .......... 10% 43,0K 9s
    50K .......... .......... .......... .......... .......... 21% 86,0K 6s
   100K .......... .......... .......... .......... .......... 32%  128K 4s
   150K .......... .......... .......... .......... .......... 43%  131K 3s
   200K .......... .......... .......... .......... .......... 54%  244K 2s
   250K .......... .......... .......... .......... .......... 65%  259K 2s
   300K .......... .......... .......... .......... .......... 76%  133K 1s
   350K .......... .......... .......... .......... .......... 87% 3,30M 0s
   400K .......... .......... .......... .......... .......... 98%  247K 0s
   450K ........                                              100% 25,6M=3,5s

2018-12-09 12:31:08 (131 KB/s) - 'kplr001431727-2010078095331_llc.fits' saved [469440/469440]

--2018-12-09 12:31:08--  http://exoplanetarchive.ipac.caltech.edu/data/ETSS//Kepler/005/361/89/kplr001431727-2010078095331_llc_lc.tbl
Resolving exoplanetarchive.ipac.caltech.edu (exoplanetarchive.ipac.caltech.edu)... 134.4.54.147
Connecting to exoplanetarchive.ipac.caltech.edu (exoplanetarchive.ipac.caltech.edu)|134.4.54.147|:80... connected.
HTTP request sent, awaiting response... 302 Found
Location: https://exoplanetarchive.ipac.caltech.edu/data/ETSS//Kepler/005/361/89/kplr001431727-2010078095331_llc_lc.tbl [following]
--2018-12-09 12:31:09--  https://exoplanetarchive.ipac.caltech.edu/data/ETSS//Kepler/005/361/89/kplr001431727-2010078095331_llc_lc.tbl
Connecting to exoplanetarchive.ipac.caltech.edu (exoplanetarchive.ipac.caltech.edu)|134.4.54.147|:443... connected.
HTTP request sent, awaiting response... 200 OK
Length: 1421639 (1,4M) [text/plain]
Saving to: 'kplr001431727-2010078095331_llc_lc.tbl'

     0K .......... .......... .......... .......... ..........  3% 43,0K 31s
    50K .......... .......... .......... .......... ..........  7%  115K 21s
   100K .......... .......... .......... .......... .......... 10%  129K 16s
   150K .......... .......... .......... .......... .......... 14%  143K 14s
   200K .......... .......... .......... .......... .......... 18%  256K 12s
   250K .......... .......... .......... .......... .......... 21%  130K 11s
   300K .......... .......... .......... .......... .......... 25%  254K 9s
   350K .......... .......... .......... .......... .......... 28%  255K 8s
   400K .......... .......... .......... .......... .......... 32%  255K 7s
   450K .......... .......... .......... .......... .......... 36%  257K 7s
   500K .......... .......... .......... .......... .......... 39%  263K 6s
   550K .......... .......... .......... .......... .......... 43%  258K 5s
   600K .......... .......... .......... .......... .......... 46% 11,6M 5s
   650K .......... .......... .......... .......... .......... 50%  258K 4s
   700K .......... .......... .......... .......... .......... 54%  264K 4s
   750K .......... .......... .......... .......... .......... 57%  259K 3s
   800K .......... .......... .......... .......... .......... 61%  259K 3s
   850K .......... .......... .......... .......... .......... 64% 10,2M 3s
   900K .......... .......... .......... .......... .......... 68%  259K 2s
   950K .......... .......... .......... .......... .......... 72% 12,8M 2s
  1000K .......... .......... .......... .......... .......... 75%  264K 2s
  1050K .......... .......... .......... .......... .......... 79% 3,67M 1s
  1100K .......... .......... .......... .......... .......... 82%  268K 1s
  1150K .......... .......... .......... .......... .......... 86% 4,10M 1s
  1200K .......... .......... .......... .......... .......... 90%  264K 1s
  1250K .......... .......... .......... .......... .......... 93%  275K 0s
  1300K .......... .......... .......... .......... .......... 97% 5,04M 0s
  1350K .......... .......... .......... ........             100% 4,32M=5,8s

2018-12-09 12:31:16 (237 KB/s) - 'kplr001431727-2010078095331_llc_lc.tbl' saved [1421639/1421639]

--2018-12-09 12:31:16--  http://exoplanetarchive.ipac.caltech.edu/data/ETSS//Kepler/005/179/09/kplr001431727-2010174085026_llc.fits
Resolving exoplanetarchive.ipac.caltech.edu (exoplanetarchive.ipac.caltech.edu)... 134.4.54.147
Connecting to exoplanetarchive.ipac.caltech.edu (exoplanetarchive.ipac.caltech.edu)|134.4.54.147|:80... connected.
HTTP request sent, awaiting response... 302 Found
Location: https://exoplanetarchive.ipac.caltech.edu/data/ETSS//Kepler/005/179/09/kplr001431727-2010174085026_llc.fits [following]
--2018-12-09 12:31:16--  https://exoplanetarchive.ipac.caltech.edu/data/ETSS//Kepler/005/179/09/kplr001431727-2010174085026_llc.fits
Connecting to exoplanetarchive.ipac.caltech.edu (exoplanetarchive.ipac.caltech.edu)|134.4.54.147|:443... connected.
HTTP request sent, awaiting response... 200 OK
Length: 492480 (481K) [image/x-fits]
Saving to: 'kplr001431727-2010174085026_llc.fits'

     0K .......... .......... .......... .......... .......... 10% 36,7K 12s
    50K .......... .......... .......... .......... .......... 20% 36,4K 10s
   100K .......... .......... .......... .......... .......... 31% 51,6K 8s
   150K .......... .......... .......... .......... .......... 41% 64,4K 6s
   200K .......... .......... .......... .......... .......... 51% 62,8K 5s
   250K .......... .......... .......... .......... .......... 62% 64,5K 4s
   300K .......... .......... .......... .......... .......... 72% 65,1K 3s
   350K .......... .......... .......... .......... .......... 83% 85,5K 1s
   400K .......... .......... .......... .......... .......... 93% 63,8K 1s
   450K .......... .......... ..........                      100%  155K=8,4s

2018-12-09 12:31:26 (57,3 KB/s) - 'kplr001431727-2010174085026_llc.fits' saved [492480/492480]

--2018-12-09 12:31:26--  http://exoplanetarchive.ipac.caltech.edu/data/ETSS//Kepler/005/195/72/kplr001431727-2010174085026_llc_lc.tbl
Resolving exoplanetarchive.ipac.caltech.edu (exoplanetarchive.ipac.caltech.edu)... 134.4.54.147
Connecting to exoplanetarchive.ipac.caltech.edu (exoplanetarchive.ipac.caltech.edu)|134.4.54.147|:80... connected.
HTTP request sent, awaiting response... 302 Found
Location: https://exoplanetarchive.ipac.caltech.edu/data/ETSS//Kepler/005/195/72/kplr001431727-2010174085026_llc_lc.tbl [following]
--2018-12-09 12:31:26--  https://exoplanetarchive.ipac.caltech.edu/data/ETSS//Kepler/005/195/72/kplr001431727-2010174085026_llc_lc.tbl
Connecting to exoplanetarchive.ipac.caltech.edu (exoplanetarchive.ipac.caltech.edu)|134.4.54.147|:443... connected.
HTTP request sent, awaiting response... 200 OK
Length: 1497923 (1,4M) [text/plain]
Saving to: 'kplr001431727-2010174085026_llc_lc.tbl'

     0K .......... .......... .......... .......... ..........  3% 42,8K 33s
    50K .......... .......... .......... .......... ..........  6% 86,2K 24s
   100K .......... .......... .......... .......... .......... 10%  129K 19s
   150K .......... .......... .......... .......... .......... 13%  255K 15s
   200K .......... .......... .......... .......... .......... 17%  127K 13s
   250K .......... .......... .......... .......... .......... 20%  250K 11s
   300K .......... .......... .......... .......... .......... 23%  251K 10s
   350K .......... .......... .......... .......... .......... 27%  258K 9s
   400K .......... .......... .......... .......... .......... 30%  250K 8s
   450K .......... .......... .......... .......... .......... 34%  258K 7s
   500K .......... .......... .......... .......... .......... 37%  259K 6s
   550K .......... .......... .......... .......... .......... 41% 8,69M 6s
   600K .......... .......... .......... .......... .......... 44%  254K 5s
   650K .......... .......... .......... .......... .......... 47%  257K 5s
   700K .......... .......... .......... .......... .......... 51% 7,47M 4s
   750K .......... .......... .......... .......... .......... 54%  257K 4s
   800K .......... .......... .......... .......... .......... 58%  256K 3s
   850K .......... .......... .......... .......... .......... 61%  264K 3s
   900K .......... .......... .......... .......... .......... 64% 6,27M 3s
   950K .......... .......... .......... .......... .......... 68%  258K 2s
  1000K .......... .......... .......... .......... .......... 71% 10,3M 2s
  1050K .......... .......... .......... .......... .......... 75%  257K 2s
  1100K .......... .......... .......... .......... .......... 78% 11,6M 1s
  1150K .......... .......... .......... .......... .......... 82%  259K 1s
  1200K .......... .......... .......... .......... .......... 85%  267K 1s
  1250K .......... .......... .......... .......... .......... 88% 12,1M 1s
  1300K .......... .......... .......... .......... .......... 92% 5,97M 0s
  1350K .......... .......... .......... .......... .......... 95%  258K 0s
  1400K .......... .......... .......... .......... .......... 99% 11,0M 0s
  1450K .......... ..                                         100% 13,9M=5,9s

2018-12-09 12:31:33 (249 KB/s) - 'kplr001431727-2010174085026_llc_lc.tbl' saved [1497923/1497923]

--2018-12-09 12:31:33--  http://exoplanetarchive.ipac.caltech.edu/data/ETSS//Kepler/005/378/88/kplr001431727-2010265121752_llc.fits
Resolving exoplanetarchive.ipac.caltech.edu (exoplanetarchive.ipac.caltech.edu)... 134.4.54.147
Connecting to exoplanetarchive.ipac.caltech.edu (exoplanetarchive.ipac.caltech.edu)|134.4.54.147|:80... connected.
HTTP request sent, awaiting response... 302 Found
Location: https://exoplanetarchive.ipac.caltech.edu/data/ETSS//Kepler/005/378/88/kplr001431727-2010265121752_llc.fits [following]
--2018-12-09 12:31:34--  https://exoplanetarchive.ipac.caltech.edu/data/ETSS//Kepler/005/378/88/kplr001431727-2010265121752_llc.fits
Connecting to exoplanetarchive.ipac.caltech.edu (exoplanetarchive.ipac.caltech.edu)|134.4.54.147|:443... connected.
HTTP request sent, awaiting response... 200 OK
Length: 469440 (458K) [image/x-fits]
Saving to: 'kplr001431727-2010265121752_llc.fits'

     0K .......... .......... .......... .......... .......... 10% 42,9K 10s
    50K .......... .......... .......... .......... .......... 21% 86,5K 6s
   100K .......... .......... .......... .......... .......... 32% 64,3K 5s
   150K .......... .......... .......... .......... .......... 43% 51,2K 5s
   200K .......... .......... .......... .......... .......... 54% 49,7K 4s
   250K .......... .......... .......... .......... .......... 65% 28,0K 3s
   300K .......... .......... .......... .......... .......... 76% 37,2K 2s
   350K .......... .......... .......... .......... .......... 87% 42,9K 1s
   400K .......... .......... .......... .......... .......... 98% 51,3K 0s
   450K ........                                              100% 16,9M=9,8s

2018-12-09 12:31:44 (46,9 KB/s) - 'kplr001431727-2010265121752_llc.fits' saved [469440/469440]

--2018-12-09 12:31:44--  http://exoplanetarchive.ipac.caltech.edu/data/ETSS//Kepler/005/395/41/kplr001431727-2010265121752_llc_lc.tbl
Resolving exoplanetarchive.ipac.caltech.edu (exoplanetarchive.ipac.caltech.edu)... 134.4.54.147
Connecting to exoplanetarchive.ipac.caltech.edu (exoplanetarchive.ipac.caltech.edu)|134.4.54.147|:80... connected.
HTTP request sent, awaiting response... 302 Found
Location: https://exoplanetarchive.ipac.caltech.edu/data/ETSS//Kepler/005/395/41/kplr001431727-2010265121752_llc_lc.tbl [following]
--2018-12-09 12:31:45--  https://exoplanetarchive.ipac.caltech.edu/data/ETSS//Kepler/005/395/41/kplr001431727-2010265121752_llc_lc.tbl
Connecting to exoplanetarchive.ipac.caltech.edu (exoplanetarchive.ipac.caltech.edu)|134.4.54.147|:443... connected.
HTTP request sent, awaiting response... 200 OK
Length: 1421964 (1,4M) [text/plain]
Saving to: 'kplr001431727-2010265121752_llc_lc.tbl'

     0K .......... .......... .......... .......... ..........  3% 43,1K 31s
    50K .......... .......... .......... .......... ..........  7% 84,7K 23s
   100K .......... .......... .......... .......... .......... 10%  128K 18s
   150K .......... .......... .......... .......... .......... 14%  248K 14s
   200K .......... .......... .......... .......... .......... 18%  131K 12s
   250K .......... .......... .......... .......... .......... 21%  256K 11s
   300K .......... .......... .......... .......... .......... 25%  235K 9s
   350K .......... .......... .......... .......... .......... 28%  253K 8s
   400K .......... .......... .......... .......... .......... 32%  254K 7s
   450K .......... .......... .......... .......... .......... 36%  283K 7s
   500K .......... .......... .......... .......... .......... 39% 2,26M 6s
   550K .......... .......... .......... .......... .......... 43%  255K 5s
   600K .......... .......... .......... .......... .......... 46%  260K 5s
   650K .......... .......... .......... .......... .......... 50%  261K 4s
   700K .......... .......... .......... .......... .......... 54%  270K 4s
   750K .......... .......... .......... .......... .......... 57% 19,1M 3s
   800K .......... .......... .......... .......... .......... 61%  262K 3s
   850K .......... .......... .......... .......... .......... 64% 2,59M 3s
   900K .......... .......... .......... .......... .......... 68%  278K 2s
   950K .......... .......... .......... .......... .......... 72% 1,69M 2s
  1000K .......... .......... .......... .......... .......... 75%  298K 2s
  1050K .......... .......... .......... .......... .......... 79% 3,13M 1s
  1100K .......... .......... .......... .......... .......... 82%  282K 1s
  1150K .......... .......... .......... .......... .......... 86% 2,05M 1s
  1200K .......... .......... .......... .......... .......... 90%  279K 1s
  1250K .......... .......... .......... .......... .......... 93% 2,61M 0s
  1300K .......... .......... .......... .......... .......... 97% 9,33M 0s
  1350K .......... .......... .......... ........             100%  223K=5,7s

2018-12-09 12:31:52 (245 KB/s) - 'kplr001431727-2010265121752_llc_lc.tbl' saved [1421964/1421964]

--2018-12-09 12:31:52--  http://exoplanetarchive.ipac.caltech.edu/data/ETSS//Kepler/005/278/75/kplr001431727-2010355172524_llc.fits
Resolving exoplanetarchive.ipac.caltech.edu (exoplanetarchive.ipac.caltech.edu)... 134.4.54.147
Connecting to exoplanetarchive.ipac.caltech.edu (exoplanetarchive.ipac.caltech.edu)|134.4.54.147|:80... connected.
HTTP request sent, awaiting response... 302 Found
Location: https://exoplanetarchive.ipac.caltech.edu/data/ETSS//Kepler/005/278/75/kplr001431727-2010355172524_llc.fits [following]
--2018-12-09 12:31:52--  https://exoplanetarchive.ipac.caltech.edu/data/ETSS//Kepler/005/278/75/kplr001431727-2010355172524_llc.fits
Connecting to exoplanetarchive.ipac.caltech.edu (exoplanetarchive.ipac.caltech.edu)|134.4.54.147|:443... connected.
HTTP request sent, awaiting response... 200 OK
Length: 466560 (456K) [image/x-fits]
Saving to: 'kplr001431727-2010355172524_llc.fits'

     0K .......... .......... .......... .......... .......... 10% 42,8K 9s
    50K .......... .......... .......... .......... .......... 21%  119K 6s
   100K .......... .......... .......... .......... .......... 32%  128K 4s
   150K .......... .......... .......... .......... .......... 43%  144K 3s
   200K .......... .......... .......... .......... .......... 54%  217K 2s
   250K .......... .......... .......... .......... .......... 65%  314K 1s
   300K .......... .......... .......... .......... .......... 76%  215K 1s
   350K .......... .......... .......... .......... .......... 87% 8,72M 0s
   400K .......... .......... .......... .......... .......... 98%  255K 0s
   450K .....                                                 100% 36,6G=3,1s

2018-12-09 12:31:56 (145 KB/s) - 'kplr001431727-2010355172524_llc.fits' saved [466560/466560]

--2018-12-09 12:31:56--  http://exoplanetarchive.ipac.caltech.edu/data/ETSS//Kepler/005/295/09/kplr001431727-2010355172524_llc_lc.tbl
Resolving exoplanetarchive.ipac.caltech.edu (exoplanetarchive.ipac.caltech.edu)... 134.4.54.147
Connecting to exoplanetarchive.ipac.caltech.edu (exoplanetarchive.ipac.caltech.edu)|134.4.54.147|:80... connected.
HTTP request sent, awaiting response... 302 Found
Location: https://exoplanetarchive.ipac.caltech.edu/data/ETSS//Kepler/005/295/09/kplr001431727-2010355172524_llc_lc.tbl [following]
--2018-12-09 12:31:57--  https://exoplanetarchive.ipac.caltech.edu/data/ETSS//Kepler/005/295/09/kplr001431727-2010355172524_llc_lc.tbl
Connecting to exoplanetarchive.ipac.caltech.edu (exoplanetarchive.ipac.caltech.edu)|134.4.54.147|:443... connected.
HTTP request sent, awaiting response... 200 OK
Length: 1414528 (1,3M) [text/plain]
Saving to: 'kplr001431727-2010355172524_llc_lc.tbl'

     0K .......... .......... .......... .......... ..........  3% 42,3K 31s
    50K .......... .......... .......... .......... ..........  7% 86,0K 23s
   100K .......... .......... .......... .......... .......... 10%  112K 18s
   150K .......... .......... .......... .......... .......... 14%  130K 15s
   200K .......... .......... .......... .......... .......... 18%  259K 13s
   250K .......... .......... .......... .......... .......... 21%  152K 11s
   300K .......... .......... .......... .......... .......... 25%  260K 10s
   350K .......... .......... .......... .......... .......... 28%  258K 9s
   400K .......... .......... .......... .......... .......... 32%  152K 8s
   450K .......... .......... .......... .......... .......... 36%  760K 7s
   500K .......... .......... .......... .......... .......... 39%  942K 6s
   550K .......... .......... .......... .......... .......... 43%  259K 5s
   600K .......... .......... .......... .......... .......... 47%  346K 5s
   650K .......... .......... .......... .......... .......... 50%  979K 4s
   700K .......... .......... .......... .......... .......... 54%  258K 4s
   750K .......... .......... .......... .......... .......... 57%  258K 3s
   800K .......... .......... .......... .......... .......... 61%  260K 3s
   850K .......... .......... .......... .......... .......... 65%  257K 3s
   900K .......... .......... .......... .......... .......... 68% 11,5M 2s
   950K .......... .......... .......... .......... .......... 72%  256K 2s
  1000K .......... .......... .......... .......... .......... 76% 12,2M 2s
  1050K .......... .......... .......... .......... .......... 79%  263K 1s
  1100K .......... .......... .......... .......... .......... 83% 4,69M 1s
  1150K .......... .......... .......... .......... .......... 86%  276K 1s
  1200K .......... .......... .......... .......... .......... 90% 3,59M 1s
  1250K .......... .......... .......... .......... .......... 94%  276K 0s
  1300K .......... .......... .......... .......... .......... 97% 2,32M 0s
  1350K .......... .......... .......... .                    100% 13,6M=5,9s

2018-12-09 12:32:04 (233 KB/s) - 'kplr001431727-2010355172524_llc_lc.tbl' saved [1414528/1414528]

--2018-12-09 12:32:04--  http://exoplanetarchive.ipac.caltech.edu/data/ETSS//Kepler/005/411/95/kplr001431727-2011073133259_llc.fits
Resolving exoplanetarchive.ipac.caltech.edu (exoplanetarchive.ipac.caltech.edu)... 134.4.54.147
Connecting to exoplanetarchive.ipac.caltech.edu (exoplanetarchive.ipac.caltech.edu)|134.4.54.147|:80... connected.
HTTP request sent, awaiting response... 302 Found
Location: https://exoplanetarchive.ipac.caltech.edu/data/ETSS//Kepler/005/411/95/kplr001431727-2011073133259_llc.fits [following]
--2018-12-09 12:32:04--  https://exoplanetarchive.ipac.caltech.edu/data/ETSS//Kepler/005/411/95/kplr001431727-2011073133259_llc.fits
Connecting to exoplanetarchive.ipac.caltech.edu (exoplanetarchive.ipac.caltech.edu)|134.4.54.147|:443... connected.
HTTP request sent, awaiting response... 200 OK
Length: 357120 (349K) [image/x-fits]
Saving to: 'kplr001431727-2011073133259_llc.fits'

     0K .......... .......... .......... .......... .......... 14% 41,2K 7s
    50K .......... .......... .......... .......... .......... 28% 89,5K 4s
   100K .......... .......... .......... .......... .......... 43%  127K 3s
   150K .......... .......... .......... .......... .......... 57%  134K 2s
   200K .......... .......... .......... .......... .......... 71%  254K 1s
   250K .......... .......... .......... .......... .......... 86%  131K 1s
   300K .......... .......... .......... .......... ........  100%  245K=3,3s

2018-12-09 12:32:08 (105 KB/s) - 'kplr001431727-2011073133259_llc.fits' saved [357120/357120]

--2018-12-09 12:32:08--  http://exoplanetarchive.ipac.caltech.edu/data/ETSS//Kepler/005/428/74/kplr001431727-2011073133259_llc_lc.tbl
Resolving exoplanetarchive.ipac.caltech.edu (exoplanetarchive.ipac.caltech.edu)... 134.4.54.147
Connecting to exoplanetarchive.ipac.caltech.edu (exoplanetarchive.ipac.caltech.edu)|134.4.54.147|:80... connected.
HTTP request sent, awaiting response... 302 Found
Location: https://exoplanetarchive.ipac.caltech.edu/data/ETSS//Kepler/005/428/74/kplr001431727-2011073133259_llc_lc.tbl [following]
--2018-12-09 12:32:09--  https://exoplanetarchive.ipac.caltech.edu/data/ETSS//Kepler/005/428/74/kplr001431727-2011073133259_llc_lc.tbl
Connecting to exoplanetarchive.ipac.caltech.edu (exoplanetarchive.ipac.caltech.edu)|134.4.54.147|:443... connected.
HTTP request sent, awaiting response... 200 OK
Length: 1061647 (1,0M) [text/plain]
Saving to: 'kplr001431727-2011073133259_llc_lc.tbl'

     0K .......... .......... .......... .......... ..........  4% 42,8K 23s
    50K .......... .......... .......... .......... ..........  9% 85,2K 16s
   100K .......... .......... .......... .......... .......... 14%  129K 13s
   150K .......... .......... .......... .......... .......... 19%  130K 11s
   200K .......... .......... .......... .......... .......... 24%  129K 9s
   250K .......... .......... .......... .......... .......... 28%  257K 8s
   300K .......... .......... .......... .......... .......... 33%  128K 7s
   350K .......... .......... .......... .......... .......... 38%  260K 6s
   400K .......... .......... .......... .......... .......... 43%  130K 5s
   450K .......... .......... .......... .......... .......... 48%  258K 5s
   500K .......... .......... .......... .......... .......... 53%  241K 4s
   550K .......... .......... .......... .......... .......... 57% 51,6K 4s
   600K .......... .......... .......... .......... .......... 62%  115K 4s
   650K .......... .......... .......... .......... .......... 67%  147K 3s
   700K .......... .......... .......... .......... .......... 72%  130K 3s
   750K .......... .......... .......... .......... .......... 77%  249K 2s
   800K .......... .......... .......... .......... .......... 81%  130K 2s
   850K .......... .......... .......... .......... .......... 86%  129K 1s
   900K .......... .......... .......... .......... .......... 91%  257K 1s
   950K .......... .......... .......... .......... .......... 96%  255K 0s
  1000K .......... .......... .......... ......               100% 94,5K=8,4s

2018-12-09 12:32:18 (124 KB/s) - 'kplr001431727-2011073133259_llc_lc.tbl' saved [1061647/1061647]

--2018-12-09 12:32:18--  http://exoplanetarchive.ipac.caltech.edu/data/ETSS//Kepler/005/311/43/kplr001431727-2011177032512_llc.fits
Resolving exoplanetarchive.ipac.caltech.edu (exoplanetarchive.ipac.caltech.edu)... 134.4.54.147
Connecting to exoplanetarchive.ipac.caltech.edu (exoplanetarchive.ipac.caltech.edu)|134.4.54.147|:80... connected.
HTTP request sent, awaiting response... 302 Found
Location: https://exoplanetarchive.ipac.caltech.edu/data/ETSS//Kepler/005/311/43/kplr001431727-2011177032512_llc.fits [following]
--2018-12-09 12:32:19--  https://exoplanetarchive.ipac.caltech.edu/data/ETSS//Kepler/005/311/43/kplr001431727-2011177032512_llc.fits
Connecting to exoplanetarchive.ipac.caltech.edu (exoplanetarchive.ipac.caltech.edu)|134.4.54.147|:443... connected.
HTTP request sent, awaiting response... 200 OK
Length: 506880 (495K) [image/x-fits]
Saving to: 'kplr001431727-2011177032512_llc.fits'

     0K .......... .......... .......... .......... .......... 10% 43,0K 10s
    50K .......... .......... .......... .......... .......... 20% 86,4K 7s
   100K .......... .......... .......... .......... .......... 30%  210K 5s
   150K .......... .......... .......... .......... .......... 40%  146K 3s
   200K .......... .......... .......... .......... .......... 50%  211K 3s
   250K .......... .......... .......... .......... .......... 60%  251K 2s
   300K .......... .......... .......... .......... .......... 70%  259K 1s
   350K .......... .......... .......... .......... .......... 80%  258K 1s
   400K .......... .......... .......... .......... .......... 90%  131K 0s
   450K .......... .......... .......... .......... .....     100% 12,0M=3,5s

2018-12-09 12:32:23 (140 KB/s) - 'kplr001431727-2011177032512_llc.fits' saved [506880/506880]

--2018-12-09 12:32:23--  http://exoplanetarchive.ipac.caltech.edu/data/ETSS//Kepler/005/328/16/kplr001431727-2011177032512_llc_lc.tbl
Resolving exoplanetarchive.ipac.caltech.edu (exoplanetarchive.ipac.caltech.edu)... 134.4.54.147
Connecting to exoplanetarchive.ipac.caltech.edu (exoplanetarchive.ipac.caltech.edu)|134.4.54.147|:80... connected.
HTTP request sent, awaiting response... 302 Found
Location: https://exoplanetarchive.ipac.caltech.edu/data/ETSS//Kepler/005/328/16/kplr001431727-2011177032512_llc_lc.tbl [following]
--2018-12-09 12:32:24--  https://exoplanetarchive.ipac.caltech.edu/data/ETSS//Kepler/005/328/16/kplr001431727-2011177032512_llc_lc.tbl
Connecting to exoplanetarchive.ipac.caltech.edu (exoplanetarchive.ipac.caltech.edu)|134.4.54.147|:443... connected.
HTTP request sent, awaiting response... 200 OK
Length: 1541073 (1,5M) [text/plain]
Saving to: 'kplr001431727-2011177032512_llc_lc.tbl'

     0K .......... .......... .......... .......... ..........  3% 43,0K 34s
    50K .......... .......... .......... .......... ..........  6% 84,9K 25s
   100K .......... .......... .......... .......... ..........  9%  129K 19s
   150K .......... .......... .......... .......... .......... 13%  261K 15s
   200K .......... .......... .......... .......... .......... 16%  129K 14s
   250K .......... .......... .......... .......... .......... 19%  177K 12s
   300K .......... .......... .......... .......... .......... 23%  250K 11s
   350K .......... .......... .......... .......... .......... 26%  258K 9s
   400K .......... .......... .......... .......... .......... 29%  257K 8s
   450K .......... .......... .......... .......... .......... 33%  258K 8s
   500K .......... .......... .......... .......... .......... 36%  485K 7s
   550K .......... .......... .......... .......... .......... 39%  254K 6s
   600K .......... .......... .......... .......... .......... 43%  555K 5s
   650K .......... .......... .......... .......... .......... 46%  255K 5s
   700K .......... .......... .......... .......... .......... 49%  259K 5s
   750K .......... .......... .......... .......... .......... 53% 5,86M 4s
   800K .......... .......... .......... .......... .......... 56%  249K 4s
   850K .......... .......... .......... .......... .......... 59%  263K 3s
   900K .......... .......... .......... .......... .......... 63%  260K 3s
   950K .......... .......... .......... .......... .......... 66%  260K 3s
  1000K .......... .......... .......... .......... .......... 69%  259K 2s
  1050K .......... .......... .......... .......... .......... 73% 13,2M 2s
  1100K .......... .......... .......... .......... .......... 76%  261K 2s
  1150K .......... .......... .......... .......... .......... 79% 8,50M 1s
  1200K .......... .......... .......... .......... .......... 83%  265K 1s
  1250K .......... .......... .......... .......... .......... 86% 3,40M 1s
  1300K .......... .......... .......... .......... .......... 89%  272K 1s
  1350K .......... .......... .......... .......... .......... 93% 3,32M 0s
  1400K .......... .......... .......... .......... .......... 96%  271K 0s
  1450K .......... .......... .......... .......... .......... 99% 3,15M 0s
  1500K ....                                                  100% 17,2M=6,3s

2018-12-09 12:32:31 (237 KB/s) - 'kplr001431727-2011177032512_llc_lc.tbl' saved [1541073/1541073]

--2018-12-09 12:32:31--  http://exoplanetarchive.ipac.caltech.edu/data/ETSS//Kepler/005/445/52/kplr001431727-2011271113734_llc.fits
Resolving exoplanetarchive.ipac.caltech.edu (exoplanetarchive.ipac.caltech.edu)... 134.4.54.147
Connecting to exoplanetarchive.ipac.caltech.edu (exoplanetarchive.ipac.caltech.edu)|134.4.54.147|:80... connected.
HTTP request sent, awaiting response... 302 Found
Location: https://exoplanetarchive.ipac.caltech.edu/data/ETSS//Kepler/005/445/52/kplr001431727-2011271113734_llc.fits [following]
--2018-12-09 12:32:32--  https://exoplanetarchive.ipac.caltech.edu/data/ETSS//Kepler/005/445/52/kplr001431727-2011271113734_llc.fits
Connecting to exoplanetarchive.ipac.caltech.edu (exoplanetarchive.ipac.caltech.edu)|134.4.54.147|:443... connected.
HTTP request sent, awaiting response... 200 OK
Length: 486720 (475K) [image/x-fits]
Saving to: 'kplr001431727-2011271113734_llc.fits'

     0K .......... .......... .......... .......... .......... 10% 42,7K 10s
    50K .......... .......... .......... .......... .......... 21%  130K 6s
   100K .......... .......... .......... .......... .......... 31%  130K 4s
   150K .......... .......... .......... .......... .......... 42%  128K 3s
   200K .......... .......... .......... .......... .......... 52%  253K 2s
   250K .......... .......... .......... .......... .......... 63%  130K 2s
   300K .......... .......... .......... .......... .......... 73%  258K 1s
   350K .......... .......... .......... .......... .......... 84%  260K 1s
   400K .......... .......... .......... .......... .......... 94%  125K 0s
   450K .......... .......... .....                           100% 11,3M=3,7s

2018-12-09 12:32:36 (128 KB/s) - 'kplr001431727-2011271113734_llc.fits' saved [486720/486720]

--2018-12-09 12:32:37--  http://exoplanetarchive.ipac.caltech.edu/data/ETSS//Kepler/005/462/22/kplr001431727-2011271113734_llc_lc.tbl
Resolving exoplanetarchive.ipac.caltech.edu (exoplanetarchive.ipac.caltech.edu)... 134.4.54.147
Connecting to exoplanetarchive.ipac.caltech.edu (exoplanetarchive.ipac.caltech.edu)|134.4.54.147|:80... connected.
HTTP request sent, awaiting response... 302 Found
Location: https://exoplanetarchive.ipac.caltech.edu/data/ETSS//Kepler/005/462/22/kplr001431727-2011271113734_llc_lc.tbl [following]
--2018-12-09 12:32:37--  https://exoplanetarchive.ipac.caltech.edu/data/ETSS//Kepler/005/462/22/kplr001431727-2011271113734_llc_lc.tbl
Connecting to exoplanetarchive.ipac.caltech.edu (exoplanetarchive.ipac.caltech.edu)|134.4.54.147|:443... connected.
HTTP request sent, awaiting response... 200 OK
Length: 1478317 (1,4M) [text/plain]
Saving to: 'kplr001431727-2011271113734_llc_lc.tbl'

     0K .......... .......... .......... .......... ..........  3% 43,3K 32s
    50K .......... .......... .......... .......... ..........  6% 87,0K 23s
   100K .......... .......... .......... .......... .......... 10%  127K 18s
   150K .......... .......... .......... .......... .......... 13%  128K 16s
   200K .......... .......... .......... .......... .......... 17%  130K 14s
   250K .......... .......... .......... .......... .......... 20%  213K 12s
   300K .......... .......... .......... .......... .......... 24%  259K 10s
   350K .......... .......... .......... .......... .......... 27%  261K 9s
   400K .......... .......... .......... .......... .......... 31%  252K 8s
   450K .......... .......... .......... .......... .......... 34%  255K 7s
   500K .......... .......... .......... .......... .......... 38%  255K 7s
   550K .......... .......... .......... .......... .......... 41%  342K 6s
   600K .......... .......... .......... .......... .......... 45%  257K 5s
   650K .......... .......... .......... .......... .......... 48% 1,10M 5s
   700K .......... .......... .......... .......... .......... 51%  143K 4s
   750K .......... .......... .......... .......... .......... 55% 22,8M 4s
   800K .......... .......... .......... .......... .......... 58% 81,9K 4s
   850K .......... .......... .......... .......... .......... 62%  130K 4s
   900K .......... .......... .......... .......... .......... 65%  129K 3s
   950K .......... .......... .......... .......... .......... 69%  252K 3s
  1000K .......... .......... .......... .......... .......... 72%  253K 2s
  1050K .......... .......... .......... .......... .......... 76%  129K 2s
  1100K .......... .......... .......... .......... .......... 79% 86,2K 2s
  1150K .......... .......... .......... .......... .......... 83% 87,5K 2s
  1200K .......... .......... .......... .......... .......... 86%  130K 1s
  1250K .......... .......... .......... .......... .......... 90%  129K 1s
  1300K .......... .......... .......... .......... .......... 93%  127K 1s
  1350K .......... .......... .......... .......... .......... 96%  129K 0s
  1400K .......... .......... .......... .......... ...       100%  220K=9,9s

2018-12-09 12:32:48 (146 KB/s) - 'kplr001431727-2011271113734_llc_lc.tbl' saved [1478317/1478317]

--2018-12-09 12:32:48--  http://exoplanetarchive.ipac.caltech.edu/data/ETSS//Kepler/005/478/92/kplr001431727-2012004120508_llc.fits
Resolving exoplanetarchive.ipac.caltech.edu (exoplanetarchive.ipac.caltech.edu)... 134.4.54.147
Connecting to exoplanetarchive.ipac.caltech.edu (exoplanetarchive.ipac.caltech.edu)|134.4.54.147|:80... connected.
HTTP request sent, awaiting response... 302 Found
Location: https://exoplanetarchive.ipac.caltech.edu/data/ETSS//Kepler/005/478/92/kplr001431727-2012004120508_llc.fits [following]
--2018-12-09 12:32:48--  https://exoplanetarchive.ipac.caltech.edu/data/ETSS//Kepler/005/478/92/kplr001431727-2012004120508_llc.fits
Connecting to exoplanetarchive.ipac.caltech.edu (exoplanetarchive.ipac.caltech.edu)|134.4.54.147|:443... connected.
HTTP request sent, awaiting response... 200 OK
Length: 506880 (495K) [image/x-fits]
Saving to: 'kplr001431727-2012004120508_llc.fits'

     0K .......... .......... .......... .......... .......... 10% 51,1K 9s
    50K .......... .......... .......... .......... .......... 20%  129K 5s
   100K .......... .......... .......... .......... .......... 30%  131K 4s
   150K .......... .......... .......... .......... .......... 40%  130K 3s
   200K .......... .......... .......... .......... .......... 50%  252K 2s
   250K .......... .......... .......... .......... .......... 60%  258K 2s
   300K .......... .......... .......... .......... .......... 70%  255K 1s
   350K .......... .......... .......... .......... .......... 80%  261K 1s
   400K .......... .......... .......... .......... .......... 90%  250K 0s
   450K .......... .......... .......... .......... .....     100%  234K=3,3s

2018-12-09 12:32:53 (150 KB/s) - 'kplr001431727-2012004120508_llc.fits' saved [506880/506880]

--2018-12-09 12:32:53--  http://exoplanetarchive.ipac.caltech.edu/data/ETSS//Kepler/005/495/33/kplr001431727-2012004120508_llc_lc.tbl
Resolving exoplanetarchive.ipac.caltech.edu (exoplanetarchive.ipac.caltech.edu)... 134.4.54.147
Connecting to exoplanetarchive.ipac.caltech.edu (exoplanetarchive.ipac.caltech.edu)|134.4.54.147|:80... connected.
HTTP request sent, awaiting response... 302 Found
Location: https://exoplanetarchive.ipac.caltech.edu/data/ETSS//Kepler/005/495/33/kplr001431727-2012004120508_llc_lc.tbl [following]
--2018-12-09 12:32:53--  https://exoplanetarchive.ipac.caltech.edu/data/ETSS//Kepler/005/495/33/kplr001431727-2012004120508_llc_lc.tbl
Connecting to exoplanetarchive.ipac.caltech.edu (exoplanetarchive.ipac.caltech.edu)|134.4.54.147|:443... connected.
HTTP request sent, awaiting response... 200 OK
Length: 1536613 (1,5M) [text/plain]
Saving to: 'kplr001431727-2012004120508_llc_lc.tbl'

     0K .......... .......... .......... .......... ..........  3% 51,7K 28s
    50K .......... .......... .......... .......... ..........  6%  126K 19s
   100K .......... .......... .......... .......... ..........  9%  128K 16s
   150K .......... .......... .......... .......... .......... 13%  249K 13s
   200K .......... .......... .......... .......... .......... 16%  129K 12s
   250K .......... .......... .......... .......... .......... 19%  256K 10s
   300K .......... .......... .......... .......... .......... 23%  253K 9s
   350K .......... .......... .......... .......... .......... 26%  256K 8s
   400K .......... .......... .......... .......... .......... 29%  132K 8s
   450K .......... .......... .......... .......... .......... 33% 2,06M 7s
   500K .......... .......... .......... .......... .......... 36%  253K 6s
   550K .......... .......... .......... .......... .......... 39%  255K 6s
   600K .......... .......... .......... .......... .......... 43%  251K 5s
   650K .......... .......... .......... .......... .......... 46%  257K 5s
   700K .......... .......... .......... .......... .......... 49%  260K 4s
   750K .......... .......... .......... .......... .......... 53% 6,26M 4s
   800K .......... .......... .......... .......... .......... 56%  262K 3s
   850K .......... .......... .......... .......... .......... 59%  259K 3s
   900K .......... .......... .......... .......... .......... 63%  259K 3s
   950K .......... .......... .......... .......... .......... 66%  260K 3s
  1000K .......... .......... .......... .......... .......... 69% 11,5M 2s
  1050K .......... .......... .......... .......... .......... 73%  257K 2s
  1100K .......... .......... .......... .......... .......... 76% 8,18M 2s
  1150K .......... .......... .......... .......... .......... 79%  261K 1s
  1200K .......... .......... .......... .......... .......... 83%  256K 1s
  1250K .......... .......... .......... .......... .......... 86%  259K 1s
  1300K .......... .......... .......... .......... .......... 89% 7,41M 1s
  1350K .......... .......... .......... .......... .......... 93% 8,78M 0s
  1400K .......... .......... .......... .......... .......... 96%  265K 0s
  1450K .......... .......... .......... .......... .......... 99% 4,51M 0s
  1500K                                                       100% 3,89G=6,1s

2018-12-09 12:33:00 (246 KB/s) - 'kplr001431727-2012004120508_llc_lc.tbl' saved [1536613/1536613]

--2018-12-09 12:33:00--  http://exoplanetarchive.ipac.caltech.edu/data/ETSS//Kepler/005/511/75/kplr001431727-2012088054726_llc.fits
Resolving exoplanetarchive.ipac.caltech.edu (exoplanetarchive.ipac.caltech.edu)... 134.4.54.147
Connecting to exoplanetarchive.ipac.caltech.edu (exoplanetarchive.ipac.caltech.edu)|134.4.54.147|:80... connected.
HTTP request sent, awaiting response... 302 Found
Location: https://exoplanetarchive.ipac.caltech.edu/data/ETSS//Kepler/005/511/75/kplr001431727-2012088054726_llc.fits [following]
--2018-12-09 12:33:01--  https://exoplanetarchive.ipac.caltech.edu/data/ETSS//Kepler/005/511/75/kplr001431727-2012088054726_llc.fits
Connecting to exoplanetarchive.ipac.caltech.edu (exoplanetarchive.ipac.caltech.edu)|134.4.54.147|:443... connected.
HTTP request sent, awaiting response... 200 OK
Length: 434880 (425K) [image/x-fits]
Saving to: 'kplr001431727-2012088054726_llc.fits'

     0K .......... .......... .......... .......... .......... 11% 42,8K 9s
    50K .......... .......... .......... .......... .......... 23%  115K 5s
   100K .......... .......... .......... .......... .......... 35%  128K 4s
   150K .......... .......... .......... .......... .......... 47%  147K 3s
   200K .......... .......... .......... .......... .......... 58%  205K 2s
   250K .......... .......... .......... .......... .......... 70%  211K 1s
   300K .......... .......... .......... .......... .......... 82%  171K 1s
   350K .......... .......... .......... .......... .......... 94%  258K 0s
   400K .......... .......... ....                            100% 11,5M=3,3s

2018-12-09 12:33:05 (129 KB/s) - 'kplr001431727-2012088054726_llc.fits' saved [434880/434880]

--2018-12-09 12:33:05--  http://exoplanetarchive.ipac.caltech.edu/data/ETSS//Kepler/005/528/44/kplr001431727-2012088054726_llc_lc.tbl
Resolving exoplanetarchive.ipac.caltech.edu (exoplanetarchive.ipac.caltech.edu)... 134.4.54.147
Connecting to exoplanetarchive.ipac.caltech.edu (exoplanetarchive.ipac.caltech.edu)|134.4.54.147|:80... connected.
HTTP request sent, awaiting response... 302 Found
Location: https://exoplanetarchive.ipac.caltech.edu/data/ETSS//Kepler/005/528/44/kplr001431727-2012088054726_llc_lc.tbl [following]
--2018-12-09 12:33:05--  https://exoplanetarchive.ipac.caltech.edu/data/ETSS//Kepler/005/528/44/kplr001431727-2012088054726_llc_lc.tbl
Connecting to exoplanetarchive.ipac.caltech.edu (exoplanetarchive.ipac.caltech.edu)|134.4.54.147|:443... connected.
HTTP request sent, awaiting response... 200 OK
Length: 1307989 (1,2M) [text/plain]
Saving to: 'kplr001431727-2012088054726_llc_lc.tbl'

     0K .......... .......... .......... .......... ..........  3% 43,2K 28s
    50K .......... .......... .......... .......... ..........  7% 85,4K 21s
   100K .......... .......... .......... .......... .......... 11%  132K 16s
   150K .......... .......... .......... .......... .......... 15%  127K 14s
   200K .......... .......... .......... .......... .......... 19%  132K 12s
   250K .......... .......... .......... .......... .......... 23%  245K 10s
   300K .......... .......... .......... .......... .......... 27%  260K 9s
   350K .......... .......... .......... .......... .......... 31%  257K 8s
   400K .......... .......... .......... .......... .......... 35%  131K 7s
   450K .......... .......... .......... .......... .......... 39%  252K 6s
   500K .......... .......... .......... .......... .......... 43%  259K 6s
   550K .......... .......... .......... .......... .......... 46% 7,54M 5s
   600K .......... .......... .......... .......... .......... 50%  255K 4s
   650K .......... .......... .......... .......... .......... 54%  264K 4s
   700K .......... .......... .......... .......... .......... 58% 4,60M 3s
   750K .......... .......... .......... .......... .......... 62%  255K 3s
   800K .......... .......... .......... .......... .......... 66%  258K 3s
   850K .......... .......... .......... .......... .......... 70%  245K 2s
   900K .......... .......... .......... .......... .......... 74%  276K 2s
   950K .......... .......... .......... .......... .......... 78% 10,1M 2s
  1000K .......... .......... .......... .......... .......... 82%  262K 1s
  1050K .......... .......... .......... .......... .......... 86%  260K 1s
  1100K .......... .......... .......... .......... .......... 90% 5,28M 1s
  1150K .......... .......... .......... .......... .......... 93%  271K 0s
  1200K .......... .......... .......... .......... .......... 97% 4,55M 0s
  1250K .......... .......... .......                         100%  150K=6,2s

2018-12-09 12:33:13 (206 KB/s) - 'kplr001431727-2012088054726_llc_lc.tbl' saved [1307989/1307989]

--2018-12-09 12:33:13--  http://exoplanetarchive.ipac.caltech.edu/data/ETSS//Kepler/005/545/13/kplr001431727-2012179063303_llc.fits
Resolving exoplanetarchive.ipac.caltech.edu (exoplanetarchive.ipac.caltech.edu)... 134.4.54.147
Connecting to exoplanetarchive.ipac.caltech.edu (exoplanetarchive.ipac.caltech.edu)|134.4.54.147|:80... connected.
HTTP request sent, awaiting response... 302 Found
Location: https://exoplanetarchive.ipac.caltech.edu/data/ETSS//Kepler/005/545/13/kplr001431727-2012179063303_llc.fits [following]
--2018-12-09 12:33:13--  https://exoplanetarchive.ipac.caltech.edu/data/ETSS//Kepler/005/545/13/kplr001431727-2012179063303_llc.fits
Connecting to exoplanetarchive.ipac.caltech.edu (exoplanetarchive.ipac.caltech.edu)|134.4.54.147|:443... connected.
HTTP request sent, awaiting response... 200 OK
Length: 472320 (461K) [image/x-fits]
Saving to: 'kplr001431727-2012179063303_llc.fits'

     0K .......... .......... .......... .......... .......... 10% 51,6K 8s
    50K .......... .......... .......... .......... .......... 21%  127K 5s
   100K .......... .......... .......... .......... .......... 32%  249K 3s
   150K .......... .......... .......... .......... .......... 43%  130K 3s
   200K .......... .......... .......... .......... .......... 54%  255K 2s
   250K .......... .......... .......... .......... .......... 65%  253K 1s
   300K .......... .......... .......... .......... .......... 75%  259K 1s
   350K .......... .......... .......... .......... .......... 86%  258K 0s
   400K .......... .......... .......... .......... .......... 97%  255K 0s
   450K .......... .                                          100% 37,8M=2,9s

2018-12-09 12:33:17 (158 KB/s) - 'kplr001431727-2012179063303_llc.fits' saved [472320/472320]

--2018-12-09 12:33:17--  http://exoplanetarchive.ipac.caltech.edu/data/ETSS//Kepler/005/561/81/kplr001431727-2012179063303_llc_lc.tbl
Resolving exoplanetarchive.ipac.caltech.edu (exoplanetarchive.ipac.caltech.edu)... 134.4.54.147
Connecting to exoplanetarchive.ipac.caltech.edu (exoplanetarchive.ipac.caltech.edu)|134.4.54.147|:80... connected.
HTTP request sent, awaiting response... 302 Found
Location: https://exoplanetarchive.ipac.caltech.edu/data/ETSS//Kepler/005/561/81/kplr001431727-2012179063303_llc_lc.tbl [following]
--2018-12-09 12:33:18--  https://exoplanetarchive.ipac.caltech.edu/data/ETSS//Kepler/005/561/81/kplr001431727-2012179063303_llc_lc.tbl
Connecting to exoplanetarchive.ipac.caltech.edu (exoplanetarchive.ipac.caltech.edu)|134.4.54.147|:443... connected.
HTTP request sent, awaiting response... 200 OK
Length: 1429341 (1,4M) [text/plain]
Saving to: 'kplr001431727-2012179063303_llc_lc.tbl'

     0K .......... .......... .......... .......... ..........  3% 43,1K 31s
    50K .......... .......... .......... .......... ..........  7%  116K 21s
   100K .......... .......... .......... .......... .......... 10%  131K 16s
   150K .......... .......... .......... .......... .......... 14%  253K 13s
   200K .......... .......... .......... .......... .......... 17%  129K 12s
   250K .......... .......... .......... .......... .......... 21%  252K 10s
   300K .......... .......... .......... .......... .......... 25%  260K 9s
   350K .......... .......... .......... .......... .......... 28%  260K 8s
   400K .......... .......... .......... .......... .......... 32%  130K 7s
   450K .......... .......... .......... .......... .......... 35% 4,98M 6s
   500K .......... .......... .......... .......... .......... 39%  257K 6s
   550K .......... .......... .......... .......... .......... 42%  259K 5s
   600K .......... .......... .......... .......... .......... 46%  250K 5s
   650K .......... .......... .......... .......... .......... 50%  131K 4s
   700K .......... .......... .......... .......... .......... 53% 18,8M 4s
   750K .......... .......... .......... .......... .......... 57%  127K 4s
   800K .......... .......... .......... .......... .......... 60% 85,4K 4s
   850K .......... .......... .......... .......... .......... 64%  130K 3s
   900K .......... .......... .......... .......... .......... 68%  132K 3s
   950K .......... .......... .......... .......... .......... 71%  252K 3s
  1000K .......... .......... .......... .......... .......... 75%  130K 2s
  1050K .......... .......... .......... .......... .......... 78%  259K 2s
  1100K .......... .......... .......... .......... .......... 82%  248K 2s
  1150K .......... .......... .......... .......... .......... 85%  259K 1s
  1200K .......... .......... .......... .......... .......... 89%  258K 1s
  1250K .......... .......... .......... .......... .......... 93%  259K 1s
  1300K .......... .......... .......... .......... .......... 96%  253K 0s
  1350K .......... .......... .......... .......... .....     100%  242K=8,2s

2018-12-09 12:33:27 (170 KB/s) - 'kplr001431727-2012179063303_llc_lc.tbl' saved [1429341/1429341]

--2018-12-09 12:33:27--  http://exoplanetarchive.ipac.caltech.edu/data/ETSS//Kepler/005/578/48/kplr001431727-2012277125453_llc.fits
Resolving exoplanetarchive.ipac.caltech.edu (exoplanetarchive.ipac.caltech.edu)... 134.4.54.147
Connecting to exoplanetarchive.ipac.caltech.edu (exoplanetarchive.ipac.caltech.edu)|134.4.54.147|:80... connected.
HTTP request sent, awaiting response... 302 Found
Location: https://exoplanetarchive.ipac.caltech.edu/data/ETSS//Kepler/005/578/48/kplr001431727-2012277125453_llc.fits [following]
--2018-12-09 12:33:27--  https://exoplanetarchive.ipac.caltech.edu/data/ETSS//Kepler/005/578/48/kplr001431727-2012277125453_llc.fits
Connecting to exoplanetarchive.ipac.caltech.edu (exoplanetarchive.ipac.caltech.edu)|134.4.54.147|:443... connected.
HTTP request sent, awaiting response... 200 OK
Length: 506880 (495K) [image/x-fits]
Saving to: 'kplr001431727-2012277125453_llc.fits'

     0K .......... .......... .......... .......... .......... 10% 43,1K 10s
    50K .......... .......... .......... .......... .......... 20% 86,0K 7s
   100K .......... .......... .......... .......... .......... 30%  129K 5s
   150K .......... .......... .......... .......... .......... 40%  128K 4s
   200K .......... .......... .......... .......... .......... 50%  129K 3s
   250K .......... .......... .......... .......... .......... 60%  234K 2s
   300K .......... .......... .......... .......... .......... 70%  259K 1s
   350K .......... .......... .......... .......... .......... 80%  251K 1s
   400K .......... .......... .......... .......... .......... 90%  130K 0s
   450K .......... .......... .......... .......... .....     100% 2,69M=3,9s

2018-12-09 12:33:32 (127 KB/s) - 'kplr001431727-2012277125453_llc.fits' saved [506880/506880]

--2018-12-09 12:33:32--  http://exoplanetarchive.ipac.caltech.edu/data/ETSS//Kepler/005/595/18/kplr001431727-2012277125453_llc_lc.tbl
Resolving exoplanetarchive.ipac.caltech.edu (exoplanetarchive.ipac.caltech.edu)... 134.4.54.147
Connecting to exoplanetarchive.ipac.caltech.edu (exoplanetarchive.ipac.caltech.edu)|134.4.54.147|:80... connected.
HTTP request sent, awaiting response... 302 Found
Location: https://exoplanetarchive.ipac.caltech.edu/data/ETSS//Kepler/005/595/18/kplr001431727-2012277125453_llc_lc.tbl [following]
--2018-12-09 12:33:33--  https://exoplanetarchive.ipac.caltech.edu/data/ETSS//Kepler/005/595/18/kplr001431727-2012277125453_llc_lc.tbl
Connecting to exoplanetarchive.ipac.caltech.edu (exoplanetarchive.ipac.caltech.edu)|134.4.54.147|:443... connected.
HTTP request sent, awaiting response... 200 OK
Length: 1537565 (1,5M) [text/plain]
Saving to: 'kplr001431727-2012277125453_llc_lc.tbl'

     0K .......... .......... .......... .......... ..........  3% 42,6K 34s
    50K .......... .......... .......... .......... ..........  6% 84,7K 25s
   100K .......... .......... .......... .......... ..........  9%  129K 19s
   150K .......... .......... .......... .......... .......... 13%  128K 17s
   200K .......... .......... .......... .......... .......... 16%  129K 15s
   250K .......... .......... .......... .......... .......... 19%  126K 13s
   300K .......... .......... .......... .......... .......... 23%  251K 12s
   350K .......... .......... .......... .......... .......... 26%  127K 11s
   400K .......... .......... .......... .......... .......... 29%  248K 10s
   450K .......... .......... .......... .......... .......... 33%  255K 9s
   500K .......... .......... .......... .......... .......... 36%  255K 8s
   550K .......... .......... .......... .......... .......... 39%  258K 7s
   600K .......... .......... .......... .......... .......... 43%  254K 6s
   650K .......... .......... .......... .......... .......... 46%  263K 6s
   700K .......... .......... .......... .......... .......... 49%  239K 5s
   750K .......... .......... .......... .......... .......... 53%  273K 5s
   800K .......... .......... .......... .......... .......... 56%  255K 4s
   850K .......... .......... .......... .......... .......... 59% 8,02M 4s
   900K .......... .......... .......... .......... .......... 63%  255K 3s
   950K .......... .......... .......... .......... .......... 66%  255K 3s
  1000K .......... .......... .......... .......... .......... 69% 9,57M 3s
  1050K .......... .......... .......... .......... .......... 73%  259K 2s
  1100K .......... .......... .......... .......... .......... 76% 12,2M 2s
  1150K .......... .......... .......... .......... .......... 79%  258K 2s
  1200K .......... .......... .......... .......... .......... 83%  253K 1s
  1250K .......... .......... .......... .......... .......... 86%  113K 1s
  1300K .......... .......... .......... .......... .......... 89% 96,8K 1s
  1350K .......... .......... .......... .......... .......... 93%  129K 1s
  1400K .......... .......... .......... .......... .......... 96%  254K 0s
  1450K .......... .......... .......... .......... .......... 99%  254K 0s
  1500K .                                                     100% 9,94G=8,4s

2018-12-09 12:33:42 (179 KB/s) - 'kplr001431727-2012277125453_llc_lc.tbl' saved [1537565/1537565]

--2018-12-09 12:33:42--  http://exoplanetarchive.ipac.caltech.edu/data/ETSS//Kepler/005/611/88/kplr001431727-2013011073258_llc.fits
Resolving exoplanetarchive.ipac.caltech.edu (exoplanetarchive.ipac.caltech.edu)... 134.4.54.147
Connecting to exoplanetarchive.ipac.caltech.edu (exoplanetarchive.ipac.caltech.edu)|134.4.54.147|:80... connected.
HTTP request sent, awaiting response... 302 Found
Location: https://exoplanetarchive.ipac.caltech.edu/data/ETSS//Kepler/005/611/88/kplr001431727-2013011073258_llc.fits [following]
--2018-12-09 12:33:42--  https://exoplanetarchive.ipac.caltech.edu/data/ETSS//Kepler/005/611/88/kplr001431727-2013011073258_llc.fits
Connecting to exoplanetarchive.ipac.caltech.edu (exoplanetarchive.ipac.caltech.edu)|134.4.54.147|:443... connected.
HTTP request sent, awaiting response... 200 OK
Length: 506880 (495K) [image/x-fits]
Saving to: 'kplr001431727-2013011073258_llc.fits'

     0K .......... .......... .......... .......... .......... 10% 42,9K 10s
    50K .......... .......... .......... .......... .......... 20%  108K 6s
   100K .......... .......... .......... .......... .......... 30%  161K 4s
   150K .......... .......... .......... .......... .......... 40%  130K 3s
   200K .......... .......... .......... .......... .......... 50%  248K 2s
   250K .......... .......... .......... .......... .......... 60%  131K 2s
   300K .......... .......... .......... .......... .......... 70%  254K 1s
   350K .......... .......... .......... .......... .......... 80%  130K 1s
   400K .......... .......... .......... .......... .......... 90%  259K 0s
   450K .......... .......... .......... .......... .....     100%  235K=3,9s

2018-12-09 12:33:47 (128 KB/s) - 'kplr001431727-2013011073258_llc.fits' saved [506880/506880]

--2018-12-09 12:33:47--  http://exoplanetarchive.ipac.caltech.edu/data/ETSS//Kepler/005/628/35/kplr001431727-2013011073258_llc_lc.tbl
Resolving exoplanetarchive.ipac.caltech.edu (exoplanetarchive.ipac.caltech.edu)... 134.4.54.147
Connecting to exoplanetarchive.ipac.caltech.edu (exoplanetarchive.ipac.caltech.edu)|134.4.54.147|:80... connected.
HTTP request sent, awaiting response... 302 Found
Location: https://exoplanetarchive.ipac.caltech.edu/data/ETSS//Kepler/005/628/35/kplr001431727-2013011073258_llc_lc.tbl [following]
--2018-12-09 12:33:48--  https://exoplanetarchive.ipac.caltech.edu/data/ETSS//Kepler/005/628/35/kplr001431727-2013011073258_llc_lc.tbl
Connecting to exoplanetarchive.ipac.caltech.edu (exoplanetarchive.ipac.caltech.edu)|134.4.54.147|:443... connected.
HTTP request sent, awaiting response... 200 OK
Length: 1544996 (1,5M) [text/plain]
Saving to: 'kplr001431727-2013011073258_llc_lc.tbl'

     0K .......... .......... .......... .......... ..........  3% 43,1K 34s
    50K .......... .......... .......... .......... ..........  6%  128K 22s
   100K .......... .......... .......... .......... ..........  9%  129K 18s
   150K .......... .......... .......... .......... .......... 13%  129K 15s
   200K .......... .......... .......... .......... .......... 16%  256K 13s
   250K .......... .......... .......... .......... .......... 19%  127K 12s
   300K .......... .......... .......... .......... .......... 23%  255K 10s
   350K .......... .......... .......... .......... .......... 26%  128K 10s
   400K .......... .......... .......... .......... .......... 29%  254K 9s
   450K .......... .......... .......... .......... .......... 33%  251K 8s
   500K .......... .......... .......... .......... .......... 36%  262K 7s
   550K .......... .......... .......... .......... .......... 39%  258K 6s
   600K .......... .......... .......... .......... .......... 43%  253K 6s
   650K .......... .......... .......... .......... .......... 46% 11,5M 5s
   700K .......... .......... .......... .......... .......... 49%  260K 5s
   750K .......... .......... .......... .......... .......... 53%  253K 4s
   800K .......... .......... .......... .......... .......... 56%  259K 4s
   850K .......... .......... .......... .......... .......... 59%  259K 4s
   900K .......... .......... .......... .......... .......... 62%  261K 3s
   950K .......... .......... .......... .......... .......... 66%  261K 3s
  1000K .......... .......... .......... .......... .......... 69% 5,21M 2s
  1050K .......... .......... .......... .......... .......... 72%  264K 2s
  1100K .......... .......... .......... .......... .......... 76%  262K 2s
  1150K .......... .......... .......... .......... .......... 79% 12,1M 2s
  1200K .......... .......... .......... .......... .......... 82%  259K 1s
  1250K .......... .......... .......... .......... .......... 86%  263K 1s
  1300K .......... .......... .......... .......... .......... 89% 6,04M 1s
  1350K .......... .......... .......... .......... .......... 92%  259K 1s
  1400K .......... .......... .......... .......... .......... 96% 10,4M 0s
  1450K .......... .......... .......... .......... .......... 99%  261K 0s
  1500K ........                                              100% 16,7M=6,8s

2018-12-09 12:33:56 (221 KB/s) - 'kplr001431727-2013011073258_llc_lc.tbl' saved [1544996/1544996]

--2018-12-09 12:33:56--  http://exoplanetarchive.ipac.caltech.edu/data/ETSS//Kepler/005/644/82/kplr001431727-2013098041711_llc.fits
Resolving exoplanetarchive.ipac.caltech.edu (exoplanetarchive.ipac.caltech.edu)... 134.4.54.147
Connecting to exoplanetarchive.ipac.caltech.edu (exoplanetarchive.ipac.caltech.edu)|134.4.54.147|:80... connected.
HTTP request sent, awaiting response... 302 Found
Location: https://exoplanetarchive.ipac.caltech.edu/data/ETSS//Kepler/005/644/82/kplr001431727-2013098041711_llc.fits [following]
--2018-12-09 12:33:56--  https://exoplanetarchive.ipac.caltech.edu/data/ETSS//Kepler/005/644/82/kplr001431727-2013098041711_llc.fits
Connecting to exoplanetarchive.ipac.caltech.edu (exoplanetarchive.ipac.caltech.edu)|134.4.54.147|:443... connected.
HTTP request sent, awaiting response... 200 OK
Length: 449280 (439K) [image/x-fits]
Saving to: 'kplr001431727-2013098041711_llc.fits'

     0K .......... .......... .......... .......... .......... 11% 43,2K 9s
    50K .......... .......... .......... .......... .......... 22% 86,7K 6s
   100K .......... .......... .......... .......... .......... 34%  128K 4s
   150K .......... .......... .......... .......... .......... 45%  130K 3s
   200K .......... .......... .......... .......... .......... 56%  130K 2s
   250K .......... .......... .......... .......... .......... 68%  130K 2s
   300K .......... .......... .......... .......... .......... 79%  130K 1s
   350K .......... .......... .......... .......... .......... 91%  256K 0s
   400K .......... .......... .......... ........             100%  202K=4,1s

2018-12-09 12:34:01 (108 KB/s) - 'kplr001431727-2013098041711_llc.fits' saved [449280/449280]

--2018-12-09 12:34:01--  http://exoplanetarchive.ipac.caltech.edu/data/ETSS//Kepler/005/661/58/kplr001431727-2013098041711_llc_lc.tbl
Resolving exoplanetarchive.ipac.caltech.edu (exoplanetarchive.ipac.caltech.edu)... 134.4.54.147
Connecting to exoplanetarchive.ipac.caltech.edu (exoplanetarchive.ipac.caltech.edu)|134.4.54.147|:80... connected.
HTTP request sent, awaiting response... 302 Found
Location: https://exoplanetarchive.ipac.caltech.edu/data/ETSS//Kepler/005/661/58/kplr001431727-2013098041711_llc_lc.tbl [following]
--2018-12-09 12:34:02--  https://exoplanetarchive.ipac.caltech.edu/data/ETSS//Kepler/005/661/58/kplr001431727-2013098041711_llc_lc.tbl
Connecting to exoplanetarchive.ipac.caltech.edu (exoplanetarchive.ipac.caltech.edu)|134.4.54.147|:443... connected.
HTTP request sent, awaiting response... 200 OK
Length: 1359190 (1,3M) [text/plain]
Saving to: 'kplr001431727-2013098041711_llc_lc.tbl'

     0K .......... .......... .......... .......... ..........  3% 42,7K 30s
    50K .......... .......... .......... .......... ..........  7% 85,9K 22s
   100K .......... .......... .......... .......... .......... 11%  128K 17s
   150K .......... .......... .......... .......... .......... 15%  128K 14s
   200K .......... .......... .......... .......... .......... 18%  127K 13s
   250K .......... .......... .......... .......... .......... 22%  250K 11s
   300K .......... .......... .......... .......... .......... 26%  122K 10s
   350K .......... .......... .......... .......... .......... 30%  274K 9s
   400K .......... .......... .......... .......... .......... 33%  261K 8s
   450K .......... .......... .......... .......... .......... 37%  257K 7s
   500K .......... .......... .......... .......... .......... 41%  263K 6s
   550K .......... .......... .......... .......... .......... 45%  259K 5s
   600K .......... .......... .......... .......... .......... 48%  249K 5s
   650K .......... .......... .......... .......... .......... 52% 7,45M 4s
   700K .......... .......... .......... .......... .......... 56%  163K 4s
   750K .......... .......... .......... .......... .......... 60% 13,3M 3s
   800K .......... .......... .......... .......... .......... 64%  561K 3s
   850K .......... .......... .......... .......... .......... 67%  260K 3s
   900K .......... .......... .......... .......... .......... 71%  258K 2s
   950K .......... .......... .......... .......... .......... 75% 3,18M 2s
  1000K .......... .......... .......... .......... .......... 79%  274K 2s
  1050K .......... .......... .......... .......... .......... 82% 3,99M 1s
  1100K .......... .......... .......... .......... .......... 86%  273K 1s
  1150K .......... .......... .......... .......... .......... 90%  261K 1s
  1200K .......... .......... .......... .......... .......... 94% 2,87M 0s
  1250K .......... .......... .......... .......... .......... 97%  282K 0s
  1300K .......... .......... .......                         100% 22,9M=6,3s

2018-12-09 12:34:09 (212 KB/s) - 'kplr001431727-2013098041711_llc_lc.tbl' saved [1359190/1359190]

--2018-12-09 12:34:09--  http://exoplanetarchive.ipac.caltech.edu/data/ETSS//Kepler/005/678/34/kplr001431727-2013131215648_llc.fits
Resolving exoplanetarchive.ipac.caltech.edu (exoplanetarchive.ipac.caltech.edu)... 134.4.54.147
Connecting to exoplanetarchive.ipac.caltech.edu (exoplanetarchive.ipac.caltech.edu)|134.4.54.147|:80... connected.
HTTP request sent, awaiting response... 302 Found
Location: https://exoplanetarchive.ipac.caltech.edu/data/ETSS//Kepler/005/678/34/kplr001431727-2013131215648_llc.fits [following]
--2018-12-09 12:34:10--  https://exoplanetarchive.ipac.caltech.edu/data/ETSS//Kepler/005/678/34/kplr001431727-2013131215648_llc.fits
Connecting to exoplanetarchive.ipac.caltech.edu (exoplanetarchive.ipac.caltech.edu)|134.4.54.147|:443... connected.
HTTP request sent, awaiting response... 200 OK
Length: 187200 (183K) [image/x-fits]
Saving to: 'kplr001431727-2013131215648_llc.fits'

     0K .......... .......... .......... .......... .......... 27% 44,1K 3s
    50K .......... .......... .......... .......... .......... 54% 86,5K 1s
   100K .......... .......... .......... .......... .......... 82%  251K 0s
   150K .......... .......... .......... ..                   100%  168K=2,1s

2018-12-09 12:34:13 (86,7 KB/s) - 'kplr001431727-2013131215648_llc.fits' saved [187200/187200]

--2018-12-09 12:34:13--  http://exoplanetarchive.ipac.caltech.edu/data/ETSS//Kepler/005/695/10/kplr001431727-2013131215648_llc_lc.tbl
Resolving exoplanetarchive.ipac.caltech.edu (exoplanetarchive.ipac.caltech.edu)... 134.4.54.147
Connecting to exoplanetarchive.ipac.caltech.edu (exoplanetarchive.ipac.caltech.edu)|134.4.54.147|:80... connected.
HTTP request sent, awaiting response... 302 Found
Location: https://exoplanetarchive.ipac.caltech.edu/data/ETSS//Kepler/005/695/10/kplr001431727-2013131215648_llc_lc.tbl [following]
--2018-12-09 12:34:13--  https://exoplanetarchive.ipac.caltech.edu/data/ETSS//Kepler/005/695/10/kplr001431727-2013131215648_llc_lc.tbl
Connecting to exoplanetarchive.ipac.caltech.edu (exoplanetarchive.ipac.caltech.edu)|134.4.54.147|:443... connected.
HTTP request sent, awaiting response... 200 OK
Length: 506677 (495K) [text/plain]
Saving to: 'kplr001431727-2013131215648_llc_lc.tbl'

     0K .......... .......... .......... .......... .......... 10% 43,2K 10s
    50K .......... .......... .......... .......... .......... 20% 86,2K 7s
   100K .......... .......... .......... .......... .......... 30%  127K 5s
   150K .......... .......... .......... .......... .......... 40%  129K 4s
   200K .......... .......... .......... .......... .......... 50%  240K 3s
   250K .......... .......... .......... .......... .......... 60%  254K 2s
   300K .......... .......... .......... .......... .......... 70%  134K 1s
   350K .......... .......... .......... .......... .......... 80%  254K 1s
   400K .......... .......... .......... .......... .......... 90%  254K 0s
   450K .......... .......... .......... .......... ....      100% 15,5M=3,7s

2018-12-09 12:34:18 (134 KB/s) - 'kplr001431727-2013131215648_llc_lc.tbl' saved [506677/506677]

