--2018-12-09 13:00:33--  http://exoplanetarchive.ipac.caltech.edu/data/ETSS//Kepler/005/137/35/kplr002015616-2009131105131_llc.fits
Resolving exoplanetarchive.ipac.caltech.edu (exoplanetarchive.ipac.caltech.edu)... 134.4.54.147
Connecting to exoplanetarchive.ipac.caltech.edu (exoplanetarchive.ipac.caltech.edu)|134.4.54.147|:80... connected.
HTTP request sent, awaiting response... 302 Found
Location: https://exoplanetarchive.ipac.caltech.edu/data/ETSS//Kepler/005/137/35/kplr002015616-2009131105131_llc.fits [following]
--2018-12-09 13:00:33--  https://exoplanetarchive.ipac.caltech.edu/data/ETSS//Kepler/005/137/35/kplr002015616-2009131105131_llc.fits
Connecting to exoplanetarchive.ipac.caltech.edu (exoplanetarchive.ipac.caltech.edu)|134.4.54.147|:443... connected.
HTTP request sent, awaiting response... 200 OK
Length: 77760 (76K) [image/x-fits]
Saving to: 'kplr002015616-2009131105131_llc.fits'

     0K .......... .......... .......... .......... .......... 65% 43,3K 1s
    50K .......... .......... .....                           100%  134K=1,3s

2018-12-09 13:00:36 (56,4 KB/s) - 'kplr002015616-2009131105131_llc.fits' saved [77760/77760]

--2018-12-09 13:00:36--  http://exoplanetarchive.ipac.caltech.edu/data/ETSS//Kepler/005/142/61/kplr002015616-2009131105131_llc_lc.tbl
Resolving exoplanetarchive.ipac.caltech.edu (exoplanetarchive.ipac.caltech.edu)... 134.4.54.147
Connecting to exoplanetarchive.ipac.caltech.edu (exoplanetarchive.ipac.caltech.edu)|134.4.54.147|:80... connected.
HTTP request sent, awaiting response... 302 Found
Location: https://exoplanetarchive.ipac.caltech.edu/data/ETSS//Kepler/005/142/61/kplr002015616-2009131105131_llc_lc.tbl [following]
--2018-12-09 13:00:36--  https://exoplanetarchive.ipac.caltech.edu/data/ETSS//Kepler/005/142/61/kplr002015616-2009131105131_llc_lc.tbl
Connecting to exoplanetarchive.ipac.caltech.edu (exoplanetarchive.ipac.caltech.edu)|134.4.54.147|:443... connected.
HTTP request sent, awaiting response... 200 OK
Length: 158901 (155K) [text/plain]
Saving to: 'kplr002015616-2009131105131_llc_lc.tbl'

     0K .......... .......... .......... .......... .......... 32% 42,7K 2s
    50K .......... .......... .......... .......... .......... 64%  126K 1s
   100K .......... .......... .......... .......... .......... 96%  131K 0s
   150K .....                                                 100% 12,6M=2,0s

2018-12-09 13:00:39 (79,5 KB/s) - 'kplr002015616-2009131105131_llc_lc.tbl' saved [158901/158901]

--2018-12-09 13:00:39--  http://exoplanetarchive.ipac.caltech.edu/data/ETSS//Kepler/005/147/93/kplr002015616-2009166043257_llc.fits
Resolving exoplanetarchive.ipac.caltech.edu (exoplanetarchive.ipac.caltech.edu)... 134.4.54.147
Connecting to exoplanetarchive.ipac.caltech.edu (exoplanetarchive.ipac.caltech.edu)|134.4.54.147|:80... connected.
HTTP request sent, awaiting response... 302 Found
Location: https://exoplanetarchive.ipac.caltech.edu/data/ETSS//Kepler/005/147/93/kplr002015616-2009166043257_llc.fits [following]
--2018-12-09 13:00:40--  https://exoplanetarchive.ipac.caltech.edu/data/ETSS//Kepler/005/147/93/kplr002015616-2009166043257_llc.fits
Connecting to exoplanetarchive.ipac.caltech.edu (exoplanetarchive.ipac.caltech.edu)|134.4.54.147|:443... connected.
HTTP request sent, awaiting response... 200 OK
Length: 192960 (188K) [image/x-fits]
Saving to: 'kplr002015616-2009166043257_llc.fits'

     0K .......... .......... .......... .......... .......... 26% 23,5K 6s
    50K .......... .......... .......... .......... .......... 53% 43,3K 3s
   100K .......... .......... .......... .......... .......... 79% 43,1K 1s
   150K .......... .......... .......... ........             100% 38,3K=5,4s

2018-12-09 13:00:47 (34,6 KB/s) - 'kplr002015616-2009166043257_llc.fits' saved [192960/192960]

--2018-12-09 13:00:47--  http://exoplanetarchive.ipac.caltech.edu/data/ETSS//Kepler/005/163/55/kplr002015616-2009166043257_llc_lc.tbl
Resolving exoplanetarchive.ipac.caltech.edu (exoplanetarchive.ipac.caltech.edu)... 134.4.54.147
Connecting to exoplanetarchive.ipac.caltech.edu (exoplanetarchive.ipac.caltech.edu)|134.4.54.147|:80... connected.
HTTP request sent, awaiting response... 302 Found
Location: https://exoplanetarchive.ipac.caltech.edu/data/ETSS//Kepler/005/163/55/kplr002015616-2009166043257_llc_lc.tbl [following]
--2018-12-09 13:00:47--  https://exoplanetarchive.ipac.caltech.edu/data/ETSS//Kepler/005/163/55/kplr002015616-2009166043257_llc_lc.tbl
Connecting to exoplanetarchive.ipac.caltech.edu (exoplanetarchive.ipac.caltech.edu)|134.4.54.147|:443... connected.
HTTP request sent, awaiting response... 200 OK
Length: 533376 (521K) [text/plain]
Saving to: 'kplr002015616-2009166043257_llc_lc.tbl'

     0K .......... .......... .......... .......... ..........  9% 42,8K 11s
    50K .......... .......... .......... .......... .......... 19% 86,0K 7s
   100K .......... .......... .......... .......... .......... 28% 51,3K 7s
   150K .......... .......... .......... .......... .......... 38% 41,4K 6s
   200K .......... .......... .......... .......... .......... 47% 42,4K 6s
   250K .......... .......... .......... .......... .......... 57% 43,0K 5s
   300K .......... .......... .......... .......... .......... 67% 51,2K 4s
   350K .......... .......... .......... .......... .......... 76% 64,6K 2s
   400K .......... .......... .......... .......... .......... 86% 42,9K 1s
   450K .......... .......... .......... .......... .......... 95% 64,3K 0s
   500K .......... ..........                                 100% 7,12M=10s

2018-12-09 13:00:58 (52,2 KB/s) - 'kplr002015616-2009166043257_llc_lc.tbl' saved [533376/533376]

--2018-12-09 13:00:58--  http://exoplanetarchive.ipac.caltech.edu/data/ETSS//Kepler/005/212/44/kplr002015616-2009259160929_llc.fits
Resolving exoplanetarchive.ipac.caltech.edu (exoplanetarchive.ipac.caltech.edu)... 134.4.54.147
Connecting to exoplanetarchive.ipac.caltech.edu (exoplanetarchive.ipac.caltech.edu)|134.4.54.147|:80... connected.
HTTP request sent, awaiting response... 302 Found
Location: https://exoplanetarchive.ipac.caltech.edu/data/ETSS//Kepler/005/212/44/kplr002015616-2009259160929_llc.fits [following]
--2018-12-09 13:00:59--  https://exoplanetarchive.ipac.caltech.edu/data/ETSS//Kepler/005/212/44/kplr002015616-2009259160929_llc.fits
Connecting to exoplanetarchive.ipac.caltech.edu (exoplanetarchive.ipac.caltech.edu)|134.4.54.147|:443... connected.
HTTP request sent, awaiting response... 200 OK
Length: 466560 (456K) [image/x-fits]
Saving to: 'kplr002015616-2009259160929_llc.fits'

     0K .......... .......... .......... .......... .......... 10% 43,1K 9s
    50K .......... .......... .......... .......... .......... 21% 86,0K 6s
   100K .......... .......... .......... .......... .......... 32%  128K 4s
   150K .......... .......... .......... .......... .......... 43%  254K 3s
   200K .......... .......... .......... .......... .......... 54%  130K 2s
   250K .......... .......... .......... .......... .......... 65%  252K 2s
   300K .......... .......... .......... .......... .......... 76%  251K 1s
   350K .......... .......... .......... .......... .......... 87%  257K 0s
   400K .......... .......... .......... .......... .......... 98%  234K 0s
   450K .....                                                 100% 36,6G=3,5s

2018-12-09 13:01:03 (130 KB/s) - 'kplr002015616-2009259160929_llc.fits' saved [466560/466560]

--2018-12-09 13:01:03--  http://exoplanetarchive.ipac.caltech.edu/data/ETSS//Kepler/005/229/08/kplr002015616-2009259160929_llc_lc.tbl
Resolving exoplanetarchive.ipac.caltech.edu (exoplanetarchive.ipac.caltech.edu)... 134.4.54.147
Connecting to exoplanetarchive.ipac.caltech.edu (exoplanetarchive.ipac.caltech.edu)|134.4.54.147|:80... connected.
HTTP request sent, awaiting response... 302 Found
Location: https://exoplanetarchive.ipac.caltech.edu/data/ETSS//Kepler/005/229/08/kplr002015616-2009259160929_llc_lc.tbl [following]
--2018-12-09 13:01:04--  https://exoplanetarchive.ipac.caltech.edu/data/ETSS//Kepler/005/229/08/kplr002015616-2009259160929_llc_lc.tbl
Connecting to exoplanetarchive.ipac.caltech.edu (exoplanetarchive.ipac.caltech.edu)|134.4.54.147|:443... connected.
HTTP request sent, awaiting response... 200 OK
Length: 1407651 (1,3M) [text/plain]
Saving to: 'kplr002015616-2009259160929_llc_lc.tbl'

     0K .......... .......... .......... .......... ..........  3% 43,0K 31s
    50K .......... .......... .......... .......... ..........  7% 85,9K 22s
   100K .......... .......... .......... .......... .......... 10%  128K 17s
   150K .......... .......... .......... .......... .......... 14%  129K 15s
   200K .......... .......... .......... .......... .......... 18%  126K 13s
   250K .......... .......... .......... .......... .......... 21%  130K 12s
   300K .......... .......... .......... .......... .......... 25%  256K 10s
   350K .......... .......... .......... .......... .......... 29%  130K 9s
   400K .......... .......... .......... .......... .......... 32%  256K 8s
   450K .......... .......... .......... .......... .......... 36%  261K 7s
   500K .......... .......... .......... .......... .......... 40%  259K 7s
   550K .......... .......... .......... .......... .......... 43%  258K 6s
   600K .......... .......... .......... .......... .......... 47%  258K 5s
   650K .......... .......... .......... .......... .......... 50%  260K 5s
   700K .......... .......... .......... .......... .......... 54% 8,43M 4s
   750K .......... .......... .......... .......... .......... 58%  260K 4s
   800K .......... .......... .......... .......... .......... 61%  246K 3s
   850K .......... .......... .......... .......... .......... 65%  258K 3s
   900K .......... .......... .......... .......... .......... 69%  259K 3s
   950K .......... .......... .......... .......... .......... 72%  260K 2s
  1000K .......... .......... .......... .......... .......... 76% 8,16M 2s
  1050K .......... .......... .......... .......... .......... 80%  260K 2s
  1100K .......... .......... .......... .......... .......... 83%  261K 1s
  1150K .......... .......... .......... .......... .......... 87% 3,48M 1s
  1200K .......... .......... .......... .......... .......... 90% 1,61K 4s
  1250K .......... .......... .......... .......... .......... 94% 96,8K 2s
  1300K .......... .......... .......... .......... .......... 98%  190K 1s
  1350K .......... .......... ....                            100%  181K=38s

2018-12-09 13:01:43 (35,8 KB/s) - 'kplr002015616-2009259160929_llc_lc.tbl' saved [1407651/1407651]

--2018-12-09 13:01:43--  http://exoplanetarchive.ipac.caltech.edu/data/ETSS//Kepler/005/245/72/kplr002015616-2009350155506_llc.fits
Resolving exoplanetarchive.ipac.caltech.edu (exoplanetarchive.ipac.caltech.edu)... 134.4.54.147
Connecting to exoplanetarchive.ipac.caltech.edu (exoplanetarchive.ipac.caltech.edu)|134.4.54.147|:80... connected.
HTTP request sent, awaiting response... 302 Found
Location: https://exoplanetarchive.ipac.caltech.edu/data/ETSS//Kepler/005/245/72/kplr002015616-2009350155506_llc.fits [following]
--2018-12-09 13:01:44--  https://exoplanetarchive.ipac.caltech.edu/data/ETSS//Kepler/005/245/72/kplr002015616-2009350155506_llc.fits
Connecting to exoplanetarchive.ipac.caltech.edu (exoplanetarchive.ipac.caltech.edu)|134.4.54.147|:443... connected.
HTTP request sent, awaiting response... 200 OK
Length: 466560 (456K) [image/x-fits]
Saving to: 'kplr002015616-2009350155506_llc.fits'

     0K .......... .......... .......... .......... .......... 10% 43,0K 9s
    50K .......... .......... .......... .......... .......... 21%  106K 6s
   100K .......... .......... .......... .......... .......... 32%  160K 4s
   150K .......... .......... .......... .......... .......... 43%  125K 3s
   200K .......... .......... .......... .......... .......... 54%  270K 2s
   250K .......... .......... .......... .......... .......... 65%  130K 2s
   300K .......... .......... .......... .......... .......... 76%  252K 1s
   350K .......... .......... .......... .......... .......... 87%  259K 0s
   400K .......... .......... .......... .......... .......... 98%  249K 0s
   450K .....                                                 100% 36,6G=3,5s

2018-12-09 13:01:48 (130 KB/s) - 'kplr002015616-2009350155506_llc.fits' saved [466560/466560]

--2018-12-09 13:01:48--  http://exoplanetarchive.ipac.caltech.edu/data/ETSS//Kepler/005/262/28/kplr002015616-2009350155506_llc_lc.tbl
Resolving exoplanetarchive.ipac.caltech.edu (exoplanetarchive.ipac.caltech.edu)... 134.4.54.147
Connecting to exoplanetarchive.ipac.caltech.edu (exoplanetarchive.ipac.caltech.edu)|134.4.54.147|:80... connected.
HTTP request sent, awaiting response... 302 Found
Location: https://exoplanetarchive.ipac.caltech.edu/data/ETSS//Kepler/005/262/28/kplr002015616-2009350155506_llc_lc.tbl [following]
--2018-12-09 13:01:49--  https://exoplanetarchive.ipac.caltech.edu/data/ETSS//Kepler/005/262/28/kplr002015616-2009350155506_llc_lc.tbl
Connecting to exoplanetarchive.ipac.caltech.edu (exoplanetarchive.ipac.caltech.edu)|134.4.54.147|:443... connected.
HTTP request sent, awaiting response... 200 OK
Length: 1412981 (1,3M) [text/plain]
Saving to: 'kplr002015616-2009350155506_llc_lc.tbl'

     0K .......... .......... .......... .......... ..........  3% 42,9K 31s
    50K .......... .......... .......... .......... ..........  7%  126K 20s
   100K .......... .......... .......... .......... .......... 10%  132K 16s
   150K .......... .......... .......... .......... .......... 14%  127K 14s
   200K .......... .......... .......... .......... .......... 18%  251K 11s
   250K .......... .......... .......... .......... .......... 21%  125K 11s
   300K .......... .......... .......... .......... .......... 25%  258K 9s
   350K .......... .......... .......... .......... .......... 28%  251K 8s
   400K .......... .......... .......... .......... .......... 32%  128K 8s
   450K .......... .......... .......... .......... .......... 36%  259K 7s
   500K .......... .......... .......... .......... .......... 39%  257K 6s
   550K .......... .......... .......... .......... .......... 43% 3,77M 5s
   600K .......... .......... .......... .......... .......... 47%  258K 5s
   650K .......... .......... .......... .......... .......... 50%  253K 4s
   700K .......... .......... .......... .......... .......... 54% 16,3M 4s
   750K .......... .......... .......... .......... .......... 57%  258K 3s
   800K .......... .......... .......... .......... .......... 61%  252K 3s
   850K .......... .......... .......... .......... .......... 65%  270K 3s
   900K .......... .......... .......... .......... .......... 68%  250K 2s
   950K .......... .......... .......... .......... .......... 72% 3,64M 2s
  1000K .......... .......... .......... .......... .......... 76%  253K 2s
  1050K .......... .......... .......... .......... .......... 79%  280K 1s
  1100K .......... .......... .......... .......... .......... 83% 4,86M 1s
  1150K .......... .......... .......... .......... .......... 86%  258K 1s
  1200K .......... .......... .......... .......... .......... 90%  271K 1s
  1250K .......... .......... .......... .......... .......... 94% 4,77M 0s
  1300K .......... .......... .......... .......... .......... 97% 3,97M 0s
  1350K .......... .......... .........                       100%  168K=6,3s

2018-12-09 13:01:56 (220 KB/s) - 'kplr002015616-2009350155506_llc_lc.tbl' saved [1412981/1412981]

--2018-12-09 13:01:56--  http://exoplanetarchive.ipac.caltech.edu/data/ETSS//Kepler/005/344/99/kplr002015616-2010078095331_llc.fits
Resolving exoplanetarchive.ipac.caltech.edu (exoplanetarchive.ipac.caltech.edu)... 134.4.54.147
Connecting to exoplanetarchive.ipac.caltech.edu (exoplanetarchive.ipac.caltech.edu)|134.4.54.147|:80... connected.
HTTP request sent, awaiting response... 302 Found
Location: https://exoplanetarchive.ipac.caltech.edu/data/ETSS//Kepler/005/344/99/kplr002015616-2010078095331_llc.fits [following]
--2018-12-09 13:01:56--  https://exoplanetarchive.ipac.caltech.edu/data/ETSS//Kepler/005/344/99/kplr002015616-2010078095331_llc.fits
Connecting to exoplanetarchive.ipac.caltech.edu (exoplanetarchive.ipac.caltech.edu)|134.4.54.147|:443... connected.
HTTP request sent, awaiting response... 200 OK
Length: 469440 (458K) [image/x-fits]
Saving to: 'kplr002015616-2010078095331_llc.fits'

     0K .......... .......... .......... .......... .......... 10% 43,2K 9s
    50K .......... .......... .......... .......... .......... 21% 85,4K 6s
   100K .......... .......... .......... .......... .......... 32%  126K 4s
   150K .......... .......... .......... .......... .......... 43%  128K 3s
   200K .......... .......... .......... .......... .......... 54%  244K 2s
   250K .......... .......... .......... .......... .......... 65%  128K 2s
   300K .......... .......... .......... .......... .......... 76%  253K 1s
   350K .......... .......... .......... .......... .......... 87%  121K 1s
   400K .......... .......... .......... .......... .......... 98%  190K 0s
   450K ........                                              100% 4,02M=4,0s

2018-12-09 13:02:01 (115 KB/s) - 'kplr002015616-2010078095331_llc.fits' saved [469440/469440]

--2018-12-09 13:02:02--  http://exoplanetarchive.ipac.caltech.edu/data/ETSS//Kepler/005/361/98/kplr002015616-2010078095331_llc_lc.tbl
Resolving exoplanetarchive.ipac.caltech.edu (exoplanetarchive.ipac.caltech.edu)... 134.4.54.147
Connecting to exoplanetarchive.ipac.caltech.edu (exoplanetarchive.ipac.caltech.edu)|134.4.54.147|:80... connected.
HTTP request sent, awaiting response... 302 Found
Location: https://exoplanetarchive.ipac.caltech.edu/data/ETSS//Kepler/005/361/98/kplr002015616-2010078095331_llc_lc.tbl [following]
--2018-12-09 13:02:02--  https://exoplanetarchive.ipac.caltech.edu/data/ETSS//Kepler/005/361/98/kplr002015616-2010078095331_llc_lc.tbl
Connecting to exoplanetarchive.ipac.caltech.edu (exoplanetarchive.ipac.caltech.edu)|134.4.54.147|:443... connected.
HTTP request sent, awaiting response... 200 OK
Length: 1421484 (1,4M) [text/plain]
Saving to: 'kplr002015616-2010078095331_llc_lc.tbl'

     0K .......... .......... .......... .......... ..........  3% 42,9K 31s
    50K .......... .......... .......... .......... ..........  7%  106K 21s
   100K .......... .......... .......... .......... .......... 10%  128K 17s
   150K .......... .......... .......... .......... .......... 14%  165K 14s
   200K .......... .......... .......... .......... .......... 18%  130K 12s
   250K .......... .......... .......... .......... .......... 21%  254K 11s
   300K .......... .......... .......... .......... .......... 25%  248K 9s
   350K .......... .......... .......... .......... .......... 28%  259K 8s
   400K .......... .......... .......... .......... .......... 32%  131K 8s
   450K .......... .......... .......... .......... .......... 36% 6,79M 7s
   500K .......... .......... .......... .......... .......... 39%  255K 6s
   550K .......... .......... .......... .......... .......... 43%  258K 5s
   600K .......... .......... .......... .......... .......... 46%  258K 5s
   650K .......... .......... .......... .......... .......... 50% 4,52M 4s
   700K .......... .......... .......... .......... .......... 54%  256K 4s
   750K .......... .......... .......... .......... .......... 57%  273K 3s
   800K .......... .......... .......... .......... .......... 61% 3,52M 3s
   850K .......... .......... .......... .......... .......... 64%  261K 3s
   900K .......... .......... .......... .......... .......... 68%  247K 2s
   950K .......... .......... .......... .......... .......... 72%  272K 2s
  1000K .......... .......... .......... .......... .......... 75% 12,1M 2s
  1050K .......... .......... .......... .......... .......... 79%  261K 1s
  1100K .......... .......... .......... .......... .......... 82% 7,50M 1s
  1150K .......... .......... .......... .......... .......... 86%  262K 1s
  1200K .......... .......... .......... .......... .......... 90%  263K 1s
  1250K .......... .......... .......... .......... .......... 93% 4,21M 0s
  1300K .......... .......... .......... .......... .......... 97%  277K 0s
  1350K .......... .......... .......... ........             100% 2,18M=6,1s

2018-12-09 13:02:09 (229 KB/s) - 'kplr002015616-2010078095331_llc_lc.tbl' saved [1421484/1421484]

--2018-12-09 13:02:09--  http://exoplanetarchive.ipac.caltech.edu/data/ETSS//Kepler/005/179/18/kplr002015616-2010174085026_llc.fits
Resolving exoplanetarchive.ipac.caltech.edu (exoplanetarchive.ipac.caltech.edu)... 134.4.54.147
Connecting to exoplanetarchive.ipac.caltech.edu (exoplanetarchive.ipac.caltech.edu)|134.4.54.147|:80... connected.
HTTP request sent, awaiting response... 302 Found
Location: https://exoplanetarchive.ipac.caltech.edu/data/ETSS//Kepler/005/179/18/kplr002015616-2010174085026_llc.fits [following]
--2018-12-09 13:02:10--  https://exoplanetarchive.ipac.caltech.edu/data/ETSS//Kepler/005/179/18/kplr002015616-2010174085026_llc.fits
Connecting to exoplanetarchive.ipac.caltech.edu (exoplanetarchive.ipac.caltech.edu)|134.4.54.147|:443... connected.
HTTP request sent, awaiting response... 200 OK
Length: 492480 (481K) [image/x-fits]
Saving to: 'kplr002015616-2010174085026_llc.fits'

     0K .......... .......... .......... .......... .......... 10% 31,9K 13s
    50K .......... .......... .......... .......... .......... 20% 28,5K 13s
   100K .......... .......... .......... .......... .......... 31% 36,8K 10s
   150K .......... .......... .......... .......... .......... 41% 51,6K 8s
   200K .......... .......... .......... .......... .......... 51% 51,6K 6s
   250K .......... .......... .......... .......... .......... 62% 63,6K 4s
   300K .......... .......... .......... .......... .......... 72% 51,3K 3s
   350K .......... .......... .......... .......... .......... 83% 64,6K 2s
   400K .......... .......... .......... .......... .......... 93% 51,7K 1s
   450K .......... .......... ..........                      100%  159K=10s

2018-12-09 13:02:21 (46,6 KB/s) - 'kplr002015616-2010174085026_llc.fits' saved [492480/492480]

--2018-12-09 13:02:21--  http://exoplanetarchive.ipac.caltech.edu/data/ETSS//Kepler/005/195/81/kplr002015616-2010174085026_llc_lc.tbl
Resolving exoplanetarchive.ipac.caltech.edu (exoplanetarchive.ipac.caltech.edu)... 134.4.54.147
Connecting to exoplanetarchive.ipac.caltech.edu (exoplanetarchive.ipac.caltech.edu)|134.4.54.147|:80... connected.
HTTP request sent, awaiting response... 302 Found
Location: https://exoplanetarchive.ipac.caltech.edu/data/ETSS//Kepler/005/195/81/kplr002015616-2010174085026_llc_lc.tbl [following]
--2018-12-09 13:02:21--  https://exoplanetarchive.ipac.caltech.edu/data/ETSS//Kepler/005/195/81/kplr002015616-2010174085026_llc_lc.tbl
Connecting to exoplanetarchive.ipac.caltech.edu (exoplanetarchive.ipac.caltech.edu)|134.4.54.147|:443... connected.
HTTP request sent, awaiting response... 200 OK
Length: 1497985 (1,4M) [text/plain]
Saving to: 'kplr002015616-2010174085026_llc_lc.tbl'

     0K .......... .......... .......... .......... ..........  3% 17,9K 79s
    50K .......... .......... .......... .......... ..........  6% 28,5K 62s
   100K .......... .......... .......... .......... .......... 10% 42,4K 50s
   150K .......... .......... .......... .......... .......... 13% 51,0K 42s
   200K .......... .......... .......... .......... .......... 17% 51,2K 37s
   250K .......... .......... .......... .......... .......... 20% 36,5K 35s
   300K .......... .......... .......... .......... .......... 23% 36,5K 33s
   350K .......... .......... .......... .......... .......... 27% 51,0K 30s
   400K .......... .......... .......... .......... .......... 30% 36,4K 29s
   450K .......... .......... .......... .......... .......... 34% 63,9K 26s
   500K .......... .......... .......... .......... .......... 37% 51,2K 24s
   550K .......... .......... .......... .......... .......... 41% 39,5K 23s
   600K .......... .......... .......... .......... .......... 44% 48,7K 21s
   650K .......... .......... .......... .......... .......... 47% 64,4K 19s
   700K .......... .......... .......... .......... .......... 51% 64,6K 17s
   750K .......... .......... .......... .......... .......... 54% 77,7K 16s
   800K .......... .......... .......... .......... .......... 58% 64,1K 14s
   850K .......... .......... .......... .......... .......... 61% 68,8K 13s
   900K .......... .......... .......... .......... .......... 64% 84,7K 11s
   950K .......... .......... .......... .......... .......... 68%  116K 10s
  1000K .......... .......... .......... .......... .......... 71% 84,9K 9s
  1050K .......... .......... .......... .......... .......... 75% 92,5K 7s
  1100K .......... .......... .......... .......... .......... 78% 47,2K 6s
  1150K .......... .......... .......... .......... .......... 82% 56,4K 5s
  1200K .......... .......... .......... .......... .......... 85% 42,8K 4s
  1250K .......... .......... .......... .......... .......... 88% 64,4K 3s
  1300K .......... .......... .......... .......... .......... 92% 86,1K 2s
  1350K .......... .......... .......... .......... .......... 95% 63,0K 1s
  1400K .......... .......... .......... .......... .......... 99% 85,5K 0s
  1450K .......... ..                                         100% 64,4K=29s

2018-12-09 13:02:52 (50,9 KB/s) - 'kplr002015616-2010174085026_llc_lc.tbl' saved [1497985/1497985]

--2018-12-09 13:02:52--  http://exoplanetarchive.ipac.caltech.edu/data/ETSS//Kepler/005/378/97/kplr002015616-2010265121752_llc.fits
Resolving exoplanetarchive.ipac.caltech.edu (exoplanetarchive.ipac.caltech.edu)... 134.4.54.147
Connecting to exoplanetarchive.ipac.caltech.edu (exoplanetarchive.ipac.caltech.edu)|134.4.54.147|:80... connected.
HTTP request sent, awaiting response... 302 Found
Location: https://exoplanetarchive.ipac.caltech.edu/data/ETSS//Kepler/005/378/97/kplr002015616-2010265121752_llc.fits [following]
--2018-12-09 13:02:52--  https://exoplanetarchive.ipac.caltech.edu/data/ETSS//Kepler/005/378/97/kplr002015616-2010265121752_llc.fits
Connecting to exoplanetarchive.ipac.caltech.edu (exoplanetarchive.ipac.caltech.edu)|134.4.54.147|:443... connected.
HTTP request sent, awaiting response... 200 OK
Length: 469440 (458K) [image/x-fits]
Saving to: 'kplr002015616-2010265121752_llc.fits'

     0K .......... .......... .......... .......... .......... 10% 42,2K 10s
    50K .......... .......... .......... .......... .......... 21% 87,6K 6s
   100K .......... .......... .......... .......... .......... 32%  237K 4s
   150K .......... .......... .......... .......... .......... 43%  130K 3s
   200K .......... .......... .......... .......... .......... 54%  130K 2s
   250K .......... .......... .......... .......... .......... 65%  256K 2s
   300K .......... .......... .......... .......... .......... 76%  130K 1s
   350K .......... .......... .......... .......... .......... 87%  253K 1s
   400K .......... .......... .......... .......... .......... 98%  252K 0s
   450K ........                                              100% 14,1M=3,7s

2018-12-09 13:02:57 (124 KB/s) - 'kplr002015616-2010265121752_llc.fits' saved [469440/469440]

--2018-12-09 13:02:57--  http://exoplanetarchive.ipac.caltech.edu/data/ETSS//Kepler/005/395/51/kplr002015616-2010265121752_llc_lc.tbl
Resolving exoplanetarchive.ipac.caltech.edu (exoplanetarchive.ipac.caltech.edu)... 134.4.54.147
Connecting to exoplanetarchive.ipac.caltech.edu (exoplanetarchive.ipac.caltech.edu)|134.4.54.147|:80... connected.
HTTP request sent, awaiting response... 302 Found
Location: https://exoplanetarchive.ipac.caltech.edu/data/ETSS//Kepler/005/395/51/kplr002015616-2010265121752_llc_lc.tbl [following]
--2018-12-09 13:02:58--  https://exoplanetarchive.ipac.caltech.edu/data/ETSS//Kepler/005/395/51/kplr002015616-2010265121752_llc_lc.tbl
Connecting to exoplanetarchive.ipac.caltech.edu (exoplanetarchive.ipac.caltech.edu)|134.4.54.147|:443... connected.
HTTP request sent, awaiting response... 200 OK
Length: 1421817 (1,4M) [text/plain]
Saving to: 'kplr002015616-2010265121752_llc_lc.tbl'

     0K .......... .......... .......... .......... ..........  3% 42,0K 32s
    50K .......... .......... .......... .......... ..........  7% 84,6K 23s
   100K .......... .......... .......... .......... .......... 10%  128K 18s
   150K .......... .......... .......... .......... .......... 14%  128K 15s
   200K .......... .......... .......... .......... .......... 18%  127K 13s
   250K .......... .......... .......... .......... .......... 21%  127K 12s
   300K .......... .......... .......... .......... .......... 25%  130K 11s
   350K .......... .......... .......... .......... .......... 28%  237K 10s
   400K .......... .......... .......... .......... .......... 32%  127K 9s
   450K .......... .......... .......... .......... .......... 36%  255K 8s
   500K .......... .......... .......... .......... .......... 39%  253K 7s
   550K .......... .......... .......... .......... .......... 43%  258K 6s
   600K .......... .......... .......... .......... .......... 46%  244K 6s
   650K .......... .......... .......... .......... .......... 50%  268K 5s
   700K .......... .......... .......... .......... .......... 54% 9,49M 5s
   750K .......... .......... .......... .......... .......... 57%  252K 4s
   800K .......... .......... .......... .......... .......... 61%  253K 4s
   850K .......... .......... .......... .......... .......... 64%  271K 3s
   900K .......... .......... .......... .......... .......... 68%  258K 3s
   950K .......... .......... .......... .......... .......... 72% 1,63M 2s
  1000K .......... .......... .......... .......... .......... 75%  259K 2s
  1050K .......... .......... .......... .......... .......... 79%  288K 2s
  1100K .......... .......... .......... .......... .......... 82% 1,16M 1s
  1150K .......... .......... .......... .......... .......... 86%  277K 1s
  1200K .......... .......... .......... .......... .......... 90%  255K 1s
  1250K .......... .......... .......... .......... .......... 93%  259K 0s
  1300K .......... .......... .......... .......... .......... 97% 9,57M 0s
  1350K .......... .......... .......... ........             100%  737K=7,2s

2018-12-09 13:03:06 (194 KB/s) - 'kplr002015616-2010265121752_llc_lc.tbl' saved [1421817/1421817]

--2018-12-09 13:03:06--  http://exoplanetarchive.ipac.caltech.edu/data/ETSS//Kepler/005/278/85/kplr002015616-2010355172524_llc.fits
Resolving exoplanetarchive.ipac.caltech.edu (exoplanetarchive.ipac.caltech.edu)... 134.4.54.147
Connecting to exoplanetarchive.ipac.caltech.edu (exoplanetarchive.ipac.caltech.edu)|134.4.54.147|:80... connected.
HTTP request sent, awaiting response... 302 Found
Location: https://exoplanetarchive.ipac.caltech.edu/data/ETSS//Kepler/005/278/85/kplr002015616-2010355172524_llc.fits [following]
--2018-12-09 13:03:06--  https://exoplanetarchive.ipac.caltech.edu/data/ETSS//Kepler/005/278/85/kplr002015616-2010355172524_llc.fits
Connecting to exoplanetarchive.ipac.caltech.edu (exoplanetarchive.ipac.caltech.edu)|134.4.54.147|:443... connected.
HTTP request sent, awaiting response... 200 OK
Length: 466560 (456K) [image/x-fits]
Saving to: 'kplr002015616-2010355172524_llc.fits'

     0K .......... .......... .......... .......... .......... 10% 42,7K 9s
    50K .......... .......... .......... .......... .......... 21%  127K 6s
   100K .......... .......... .......... .......... .......... 32% 83,7K 4s
   150K .......... .......... .......... .......... .......... 43% 65,3K 4s
   200K .......... .......... .......... .......... .......... 54% 85,4K 3s
   250K .......... .......... .......... .......... .......... 65%  127K 2s
   300K .......... .......... .......... .......... .......... 76% 87,3K 1s
   350K .......... .......... .......... .......... .......... 87%  126K 1s
   400K .......... .......... .......... .......... .......... 98% 86,9K 0s
   450K .....                                                 100% 36,6G=5,4s

2018-12-09 13:03:13 (83,6 KB/s) - 'kplr002015616-2010355172524_llc.fits' saved [466560/466560]

--2018-12-09 13:03:13--  http://exoplanetarchive.ipac.caltech.edu/data/ETSS//Kepler/005/295/19/kplr002015616-2010355172524_llc_lc.tbl
Resolving exoplanetarchive.ipac.caltech.edu (exoplanetarchive.ipac.caltech.edu)... 134.4.54.147
Connecting to exoplanetarchive.ipac.caltech.edu (exoplanetarchive.ipac.caltech.edu)|134.4.54.147|:80... connected.
HTTP request sent, awaiting response... 302 Found
Location: https://exoplanetarchive.ipac.caltech.edu/data/ETSS//Kepler/005/295/19/kplr002015616-2010355172524_llc_lc.tbl [following]
--2018-12-09 13:03:13--  https://exoplanetarchive.ipac.caltech.edu/data/ETSS//Kepler/005/295/19/kplr002015616-2010355172524_llc_lc.tbl
Connecting to exoplanetarchive.ipac.caltech.edu (exoplanetarchive.ipac.caltech.edu)|134.4.54.147|:443... connected.
HTTP request sent, awaiting response... 200 OK
Length: 1414412 (1,3M) [text/plain]
Saving to: 'kplr002015616-2010355172524_llc_lc.tbl'

     0K .......... .......... .......... .......... ..........  3% 42,3K 31s
    50K .......... .......... .......... .......... ..........  7% 85,5K 23s
   100K .......... .......... .......... .......... .......... 10%  126K 18s
   150K .......... .......... .......... .......... .......... 14%  130K 15s
   200K .......... .......... .......... .......... .......... 18%  129K 13s
   250K .......... .......... .......... .......... .......... 21%  241K 11s
   300K .......... .......... .......... .......... .......... 25%  251K 10s
   350K .......... .......... .......... .......... .......... 28%  127K 9s
   400K .......... .......... .......... .......... .......... 32%  251K 8s
   450K .......... .......... .......... .......... .......... 36%  259K 7s
   500K .......... .......... .......... .......... .......... 39%  249K 7s
   550K .......... .......... .......... .......... .......... 43%  255K 6s
   600K .......... .......... .......... .......... .......... 47%  255K 5s
   650K .......... .......... .......... .......... .......... 50%  249K 5s
   700K .......... .......... .......... .......... .......... 54%  258K 4s
   750K .......... .......... .......... .......... .......... 57%  252K 4s
   800K .......... .......... .......... .......... .......... 61%  251K 3s
   850K .......... .......... .......... .......... .......... 65% 18,8M 3s
   900K .......... .......... .......... .......... .......... 68%  251K 3s
   950K .......... .......... .......... .......... .......... 72%  226K 2s
  1000K .......... .......... .......... .......... .......... 76%  290K 2s
  1050K .......... .......... .......... .......... .......... 79% 10,7M 2s
  1100K .......... .......... .......... .......... .......... 83%  259K 1s
  1150K .......... .......... .......... .......... .......... 86%  258K 1s
  1200K .......... .......... .......... .......... .......... 90%  258K 1s
  1250K .......... .......... .......... .......... .......... 94% 11,8M 0s
  1300K .......... .......... .......... .......... .......... 97%  263K 0s
  1350K .......... .......... .......... .                    100% 8,59M=6,9s

2018-12-09 13:03:21 (200 KB/s) - 'kplr002015616-2010355172524_llc_lc.tbl' saved [1414412/1414412]

--2018-12-09 13:03:22--  http://exoplanetarchive.ipac.caltech.edu/data/ETSS//Kepler/005/412/04/kplr002015616-2011073133259_llc.fits
Resolving exoplanetarchive.ipac.caltech.edu (exoplanetarchive.ipac.caltech.edu)... 134.4.54.147
Connecting to exoplanetarchive.ipac.caltech.edu (exoplanetarchive.ipac.caltech.edu)|134.4.54.147|:80... connected.
HTTP request sent, awaiting response... 302 Found
Location: https://exoplanetarchive.ipac.caltech.edu/data/ETSS//Kepler/005/412/04/kplr002015616-2011073133259_llc.fits [following]
--2018-12-09 13:03:22--  https://exoplanetarchive.ipac.caltech.edu/data/ETSS//Kepler/005/412/04/kplr002015616-2011073133259_llc.fits
Connecting to exoplanetarchive.ipac.caltech.edu (exoplanetarchive.ipac.caltech.edu)|134.4.54.147|:443... connected.
HTTP request sent, awaiting response... 200 OK
Length: 357120 (349K) [image/x-fits]
Saving to: 'kplr002015616-2011073133259_llc.fits'

     0K .......... .......... .......... .......... .......... 14% 42,5K 7s
    50K .......... .......... .......... .......... .......... 28% 86,2K 4s
   100K .......... .......... .......... .......... .......... 43%  128K 3s
   150K .......... .......... .......... .......... .......... 57%  123K 2s
   200K .......... .......... .......... .......... .......... 71%  127K 1s
   250K .......... .......... .......... .......... .......... 86%  127K 1s
   300K .......... .......... .......... .......... ........  100%  247K=3,5s

2018-12-09 13:03:27 (98,5 KB/s) - 'kplr002015616-2011073133259_llc.fits' saved [357120/357120]

--2018-12-09 13:03:27--  http://exoplanetarchive.ipac.caltech.edu/data/ETSS//Kepler/005/428/83/kplr002015616-2011073133259_llc_lc.tbl
Resolving exoplanetarchive.ipac.caltech.edu (exoplanetarchive.ipac.caltech.edu)... 134.4.54.147
Connecting to exoplanetarchive.ipac.caltech.edu (exoplanetarchive.ipac.caltech.edu)|134.4.54.147|:80... connected.
HTTP request sent, awaiting response... 302 Found
Location: https://exoplanetarchive.ipac.caltech.edu/data/ETSS//Kepler/005/428/83/kplr002015616-2011073133259_llc_lc.tbl [following]
--2018-12-09 13:03:27--  https://exoplanetarchive.ipac.caltech.edu/data/ETSS//Kepler/005/428/83/kplr002015616-2011073133259_llc_lc.tbl
Connecting to exoplanetarchive.ipac.caltech.edu (exoplanetarchive.ipac.caltech.edu)|134.4.54.147|:443... connected.
HTTP request sent, awaiting response... 200 OK
Length: 1061477 (1,0M) [text/plain]
Saving to: 'kplr002015616-2011073133259_llc_lc.tbl'

     0K .......... .......... .......... .......... ..........  4% 42,6K 23s
    50K .......... .......... .......... .......... ..........  9% 85,8K 16s
   100K .......... .......... .......... .......... .......... 14%  127K 13s
   150K .......... .......... .......... .......... .......... 19%  129K 11s
   200K .......... .......... .......... .......... .......... 24%  240K 9s
   250K .......... .......... .......... .......... .......... 28%  131K 8s
   300K .......... .......... .......... .......... .......... 33%  129K 7s
   350K .......... .......... .......... .......... .......... 38%  255K 6s
   400K .......... .......... .......... .......... .......... 43%  245K 5s
   450K .......... .......... .......... .......... .......... 48%  254K 4s
   500K .......... .......... .......... .......... .......... 53%  257K 4s
   550K .......... .......... .......... .......... .......... 57%  249K 3s
   600K .......... .......... .......... .......... .......... 62%  259K 3s
   650K .......... .......... .......... .......... .......... 67%  249K 2s
   700K .......... .......... .......... .......... .......... 72% 4,66M 2s
   750K .......... .......... .......... .......... .......... 77%  261K 2s
   800K .......... .......... .......... .......... .......... 81%  258K 1s
   850K .......... .......... .......... .......... .......... 86%  268K 1s
   900K .......... .......... .......... .......... .......... 91%  256K 1s
   950K .......... .......... .......... .......... .......... 96%  255K 0s
  1000K .......... .......... .......... ......               100% 11,8M=5,9s

2018-12-09 13:03:34 (176 KB/s) - 'kplr002015616-2011073133259_llc_lc.tbl' saved [1061477/1061477]

--2018-12-09 13:03:34--  http://exoplanetarchive.ipac.caltech.edu/data/ETSS//Kepler/005/311/52/kplr002015616-2011177032512_llc.fits
Resolving exoplanetarchive.ipac.caltech.edu (exoplanetarchive.ipac.caltech.edu)... 134.4.54.147
Connecting to exoplanetarchive.ipac.caltech.edu (exoplanetarchive.ipac.caltech.edu)|134.4.54.147|:80... connected.
HTTP request sent, awaiting response... 302 Found
Location: https://exoplanetarchive.ipac.caltech.edu/data/ETSS//Kepler/005/311/52/kplr002015616-2011177032512_llc.fits [following]
--2018-12-09 13:03:34--  https://exoplanetarchive.ipac.caltech.edu/data/ETSS//Kepler/005/311/52/kplr002015616-2011177032512_llc.fits
Connecting to exoplanetarchive.ipac.caltech.edu (exoplanetarchive.ipac.caltech.edu)|134.4.54.147|:443... connected.
HTTP request sent, awaiting response... 200 OK
Length: 506880 (495K) [image/x-fits]
Saving to: 'kplr002015616-2011177032512_llc.fits'

     0K .......... .......... .......... .......... .......... 10% 42,8K 10s
    50K .......... .......... .......... .......... .......... 20% 86,1K 7s
   100K .......... .......... .......... .......... .......... 30%  128K 5s
   150K .......... .......... .......... .......... .......... 40%  130K 4s
   200K .......... .......... .......... .......... .......... 50%  128K 3s
   250K .......... .......... .......... .......... .......... 60%  128K 2s
   300K .......... .......... .......... .......... .......... 70%  129K 2s
   350K .......... .......... .......... .......... .......... 80%  254K 1s
   400K .......... .......... .......... .......... .......... 90%  131K 0s
   450K .......... .......... .......... .......... .....     100%  235K=4,5s

2018-12-09 13:03:40 (111 KB/s) - 'kplr002015616-2011177032512_llc.fits' saved [506880/506880]

--2018-12-09 13:03:40--  http://exoplanetarchive.ipac.caltech.edu/data/ETSS//Kepler/005/328/26/kplr002015616-2011177032512_llc_lc.tbl
Resolving exoplanetarchive.ipac.caltech.edu (exoplanetarchive.ipac.caltech.edu)... 134.4.54.147
Connecting to exoplanetarchive.ipac.caltech.edu (exoplanetarchive.ipac.caltech.edu)|134.4.54.147|:80... connected.
HTTP request sent, awaiting response... 302 Found
Location: https://exoplanetarchive.ipac.caltech.edu/data/ETSS//Kepler/005/328/26/kplr002015616-2011177032512_llc_lc.tbl [following]
--2018-12-09 13:03:40--  https://exoplanetarchive.ipac.caltech.edu/data/ETSS//Kepler/005/328/26/kplr002015616-2011177032512_llc_lc.tbl
Connecting to exoplanetarchive.ipac.caltech.edu (exoplanetarchive.ipac.caltech.edu)|134.4.54.147|:443... connected.
HTTP request sent, awaiting response... 200 OK
Length: 1540960 (1,5M) [text/plain]
Saving to: 'kplr002015616-2011177032512_llc_lc.tbl'

     0K .......... .......... .......... .......... ..........  3% 42,5K 34s
    50K .......... .......... .......... .......... ..........  6% 85,8K 25s
   100K .......... .......... .......... .......... ..........  9%  128K 19s
   150K .......... .......... .......... .......... .......... 13%  247K 15s
   200K .......... .......... .......... .......... .......... 16%  253K 13s
   250K .......... .......... .......... .......... .......... 19%  132K 12s
   300K .......... .......... .......... .......... .......... 23%  252K 10s
   350K .......... .......... .......... .......... .......... 26%  251K 9s
   400K .......... .......... .......... .......... .......... 29%  250K 8s
   450K .......... .......... .......... .......... .......... 33%  258K 7s
   500K .......... .......... .......... .......... .......... 36%  260K 7s
   550K .......... .......... .......... .......... .......... 39% 11,0M 6s
   600K .......... .......... .......... .......... .......... 43%  262K 5s
   650K .......... .......... .......... .......... .......... 46%  259K 5s
   700K .......... .......... .......... .......... .......... 49%  255K 5s
   750K .......... .......... .......... .......... .......... 53% 8,47M 4s
   800K .......... .......... .......... .......... .......... 56%  255K 4s
   850K .......... .......... .......... .......... .......... 59%  255K 3s
   900K .......... .......... .......... .......... .......... 63%  260K 3s
   950K .......... .......... .......... .......... .......... 66%  258K 3s
  1000K .......... .......... .......... .......... .......... 69% 11,4M 2s
  1050K .......... .......... .......... .......... .......... 73%  257K 2s
  1100K .......... .......... .......... .......... .......... 76% 10,3M 2s
  1150K .......... .......... .......... .......... .......... 79%  129K 1s
  1200K .......... .......... .......... .......... .......... 83% 3,66M 1s
  1250K .......... .......... .......... .......... .......... 86% 51,7K 1s
  1300K .......... .......... .......... .......... .......... 89%  125K 1s
  1350K .......... .......... .......... .......... .......... 93%  128K 1s
  1400K .......... .......... .......... .......... .......... 96%  128K 0s
  1450K .......... .......... .......... .......... .......... 99% 50,5K 0s
  1500K ....                                                  100% 16,1M=9,0s

2018-12-09 13:03:51 (167 KB/s) - 'kplr002015616-2011177032512_llc_lc.tbl' saved [1540960/1540960]

--2018-12-09 13:03:51--  http://exoplanetarchive.ipac.caltech.edu/data/ETSS//Kepler/005/445/62/kplr002015616-2011271113734_llc.fits
Resolving exoplanetarchive.ipac.caltech.edu (exoplanetarchive.ipac.caltech.edu)... 134.4.54.147
Connecting to exoplanetarchive.ipac.caltech.edu (exoplanetarchive.ipac.caltech.edu)|134.4.54.147|:80... connected.
HTTP request sent, awaiting response... 302 Found
Location: https://exoplanetarchive.ipac.caltech.edu/data/ETSS//Kepler/005/445/62/kplr002015616-2011271113734_llc.fits [following]
--2018-12-09 13:03:51--  https://exoplanetarchive.ipac.caltech.edu/data/ETSS//Kepler/005/445/62/kplr002015616-2011271113734_llc.fits
Connecting to exoplanetarchive.ipac.caltech.edu (exoplanetarchive.ipac.caltech.edu)|134.4.54.147|:443... connected.
HTTP request sent, awaiting response... 200 OK
Length: 486720 (475K) [image/x-fits]
Saving to: 'kplr002015616-2011271113734_llc.fits'

     0K .......... .......... .......... .......... .......... 10% 42,2K 10s
    50K .......... .......... .......... .......... .......... 21% 84,2K 7s
   100K .......... .......... .......... .......... .......... 31%  127K 5s
   150K .......... .......... .......... .......... .......... 42%  130K 4s
   200K .......... .......... .......... .......... .......... 52%  122K 3s
   250K .......... .......... .......... .......... .......... 63%  255K 2s
   300K .......... .......... .......... .......... .......... 73%  250K 1s
   350K .......... .......... .......... .......... .......... 84%  128K 1s
   400K .......... .......... .......... .......... .......... 94%  211K 0s
   450K .......... .......... .....                           100%  160K=4,1s

2018-12-09 13:03:56 (115 KB/s) - 'kplr002015616-2011271113734_llc.fits' saved [486720/486720]

--2018-12-09 13:03:56--  http://exoplanetarchive.ipac.caltech.edu/data/ETSS//Kepler/005/462/32/kplr002015616-2011271113734_llc_lc.tbl
Resolving exoplanetarchive.ipac.caltech.edu (exoplanetarchive.ipac.caltech.edu)... 134.4.54.147
Connecting to exoplanetarchive.ipac.caltech.edu (exoplanetarchive.ipac.caltech.edu)|134.4.54.147|:80... connected.
HTTP request sent, awaiting response... 302 Found
Location: https://exoplanetarchive.ipac.caltech.edu/data/ETSS//Kepler/005/462/32/kplr002015616-2011271113734_llc_lc.tbl [following]
--2018-12-09 13:03:57--  https://exoplanetarchive.ipac.caltech.edu/data/ETSS//Kepler/005/462/32/kplr002015616-2011271113734_llc_lc.tbl
Connecting to exoplanetarchive.ipac.caltech.edu (exoplanetarchive.ipac.caltech.edu)|134.4.54.147|:443... connected.
HTTP request sent, awaiting response... 200 OK
Length: 1478170 (1,4M) [text/plain]
Saving to: 'kplr002015616-2011271113734_llc_lc.tbl'

     0K .......... .......... .......... .......... ..........  3% 41,8K 33s
    50K .......... .......... .......... .......... ..........  6%  127K 21s
   100K .......... .......... .......... .......... .......... 10%  118K 17s
   150K .......... .......... .......... .......... .......... 13%  129K 15s
   200K .......... .......... .......... .......... .......... 17%  121K 13s
   250K .......... .......... .......... .......... .......... 20%  250K 12s
   300K .......... .......... .......... .......... .......... 24%  126K 11s
   350K .......... .......... .......... .......... .......... 27%  129K 10s
   400K .......... .......... .......... .......... .......... 31% 36,3K 11s
   450K .......... .......... .......... .......... .......... 34% 84,7K 11s
   500K .......... .......... .......... .......... .......... 38%  129K 10s
   550K .......... .......... .......... .......... .......... 41% 85,0K 9s
   600K .......... .......... .......... .......... .......... 45%  255K 8s
   650K .......... .......... .......... .......... .......... 48%  129K 8s
   700K .......... .......... .......... .......... .......... 51%  251K 7s
   750K .......... .......... .......... .......... .......... 55%  129K 6s
   800K .......... .......... .......... .......... .......... 58% 85,6K 6s
   850K .......... .......... .......... .......... .......... 62% 79,8K 6s
   900K .......... .......... .......... .......... .......... 65% 86,0K 5s
   950K .......... .......... .......... .......... .......... 69%  129K 4s
  1000K .......... .......... .......... .......... .......... 72%  141K 4s
  1050K .......... .......... .......... .......... .......... 76%  127K 3s
  1100K .......... .......... .......... .......... .......... 79%  214K 3s
  1150K .......... .......... .......... .......... .......... 83%  125K 2s
  1200K .......... .......... .......... .......... .......... 86%  132K 2s
  1250K .......... .......... .......... .......... .......... 90%  131K 1s
  1300K .......... .......... .......... .......... .......... 93%  128K 1s
  1350K .......... .......... .......... .......... .......... 96%  127K 0s
  1400K .......... .......... .......... .......... ...       100% 56,0K=14s

2018-12-09 13:04:12 (105 KB/s) - 'kplr002015616-2011271113734_llc_lc.tbl' saved [1478170/1478170]

--2018-12-09 13:04:12--  http://exoplanetarchive.ipac.caltech.edu/data/ETSS//Kepler/005/479/01/kplr002015616-2012004120508_llc.fits
Resolving exoplanetarchive.ipac.caltech.edu (exoplanetarchive.ipac.caltech.edu)... 134.4.54.147
Connecting to exoplanetarchive.ipac.caltech.edu (exoplanetarchive.ipac.caltech.edu)|134.4.54.147|:80... connected.
HTTP request sent, awaiting response... 302 Found
Location: https://exoplanetarchive.ipac.caltech.edu/data/ETSS//Kepler/005/479/01/kplr002015616-2012004120508_llc.fits [following]
--2018-12-09 13:04:12--  https://exoplanetarchive.ipac.caltech.edu/data/ETSS//Kepler/005/479/01/kplr002015616-2012004120508_llc.fits
Connecting to exoplanetarchive.ipac.caltech.edu (exoplanetarchive.ipac.caltech.edu)|134.4.54.147|:443... connected.
HTTP request sent, awaiting response... 200 OK
Length: 506880 (495K) [image/x-fits]
Saving to: 'kplr002015616-2012004120508_llc.fits'

     0K .......... .......... .......... .......... .......... 10% 42,9K 10s
    50K .......... .......... .......... .......... .......... 20% 86,2K 7s
   100K .......... .......... .......... .......... .......... 30%  129K 5s
   150K .......... .......... .......... .......... .......... 40%  256K 3s
   200K .......... .......... .......... .......... .......... 50%  129K 3s
   250K .......... .......... .......... .......... .......... 60%  259K 2s
   300K .......... .......... .......... .......... .......... 70%  129K 1s
   350K .......... .......... .......... .......... .......... 80%  257K 1s
   400K .......... .......... .......... .......... .......... 90%  130K 0s
   450K .......... .......... .......... .......... .....     100% 10,6M=3,9s

2018-12-09 13:04:17 (127 KB/s) - 'kplr002015616-2012004120508_llc.fits' saved [506880/506880]

--2018-12-09 13:04:17--  http://exoplanetarchive.ipac.caltech.edu/data/ETSS//Kepler/005/495/43/kplr002015616-2012004120508_llc_lc.tbl
Resolving exoplanetarchive.ipac.caltech.edu (exoplanetarchive.ipac.caltech.edu)... 134.4.54.147
Connecting to exoplanetarchive.ipac.caltech.edu (exoplanetarchive.ipac.caltech.edu)|134.4.54.147|:80... connected.
HTTP request sent, awaiting response... 302 Found
Location: https://exoplanetarchive.ipac.caltech.edu/data/ETSS//Kepler/005/495/43/kplr002015616-2012004120508_llc_lc.tbl [following]
--2018-12-09 13:04:17--  https://exoplanetarchive.ipac.caltech.edu/data/ETSS//Kepler/005/495/43/kplr002015616-2012004120508_llc_lc.tbl
Connecting to exoplanetarchive.ipac.caltech.edu (exoplanetarchive.ipac.caltech.edu)|134.4.54.147|:443... connected.
HTTP request sent, awaiting response... 200 OK
Length: 1536456 (1,5M) [text/plain]
Saving to: 'kplr002015616-2012004120508_llc_lc.tbl'

     0K .......... .......... .......... .......... ..........  3% 42,6K 34s
    50K .......... .......... .......... .......... ..........  6% 84,6K 25s
   100K .......... .......... .......... .......... ..........  9%  128K 19s
   150K .......... .......... .......... .......... .......... 13%  128K 17s
   200K .......... .......... .......... .......... .......... 16%  129K 15s
   250K .......... .......... .......... .......... .......... 19%  129K 13s
   300K .......... .......... .......... .......... .......... 23%  129K 12s
   350K .......... .......... .......... .......... .......... 26%  258K 11s
   400K .......... .......... .......... .......... .......... 29%  123K 10s
   450K .......... .......... .......... .......... .......... 33%  276K 9s
   500K .......... .......... .......... .......... .......... 36%  257K 8s
   550K .......... .......... .......... .......... .......... 39%  132K 8s
   600K .......... .......... .......... .......... .......... 43%  258K 7s
   650K .......... .......... .......... .......... .......... 46%  257K 6s
   700K .......... .......... .......... .......... .......... 49%  258K 6s
   750K .......... .......... .......... .......... .......... 53%  256K 5s
   800K .......... .......... .......... .......... .......... 56%  257K 5s
   850K .......... .......... .......... .......... .......... 59%  260K 4s
   900K .......... .......... .......... .......... .......... 63%  257K 4s
   950K .......... .......... .......... .......... .......... 66%  252K 3s
  1000K .......... .......... .......... .......... .......... 69% 11,2M 3s
  1050K .......... .......... .......... .......... .......... 73%  258K 2s
  1100K .......... .......... .......... .......... .......... 76%  259K 2s
  1150K .......... .......... .......... .......... .......... 79%  257K 2s
  1200K .......... .......... .......... .......... .......... 83%  259K 1s
  1250K .......... .......... .......... .......... .......... 86% 12,9M 1s
  1300K .......... .......... .......... .......... .......... 89%  256K 1s
  1350K .......... .......... .......... .......... .......... 93%  261K 1s
  1400K .......... .......... .......... .......... .......... 96%  260K 0s
  1450K .......... .......... .......... .......... .......... 99% 11,0M 0s
  1500K                                                       100% 2,90G=8,0s

2018-12-09 13:04:26 (188 KB/s) - 'kplr002015616-2012004120508_llc_lc.tbl' saved [1536456/1536456]

--2018-12-09 13:04:26--  http://exoplanetarchive.ipac.caltech.edu/data/ETSS//Kepler/005/511/84/kplr002015616-2012088054726_llc.fits
Resolving exoplanetarchive.ipac.caltech.edu (exoplanetarchive.ipac.caltech.edu)... 134.4.54.147
Connecting to exoplanetarchive.ipac.caltech.edu (exoplanetarchive.ipac.caltech.edu)|134.4.54.147|:80... connected.
HTTP request sent, awaiting response... 302 Found
Location: https://exoplanetarchive.ipac.caltech.edu/data/ETSS//Kepler/005/511/84/kplr002015616-2012088054726_llc.fits [following]
--2018-12-09 13:04:27--  https://exoplanetarchive.ipac.caltech.edu/data/ETSS//Kepler/005/511/84/kplr002015616-2012088054726_llc.fits
Connecting to exoplanetarchive.ipac.caltech.edu (exoplanetarchive.ipac.caltech.edu)|134.4.54.147|:443... connected.
HTTP request sent, awaiting response... 200 OK
Length: 434880 (425K) [image/x-fits]
Saving to: 'kplr002015616-2012088054726_llc.fits'

     0K .......... .......... .......... .......... .......... 11% 42,7K 9s
    50K .......... .......... .......... .......... .......... 23% 85,2K 6s
   100K .......... .......... .......... .......... .......... 35% 51,2K 5s
   150K .......... .......... .......... .......... .......... 47% 60,8K 4s
   200K .......... .......... .......... .......... .......... 58% 67,6K 3s
   250K .......... .......... .......... .......... .......... 70% 78,6K 2s
   300K .......... .......... .......... .......... .......... 82% 68,2K 1s
   350K .......... .......... .......... .......... .......... 94% 85,3K 0s
   400K .......... .......... ....                            100%  100K=6,5s

2018-12-09 13:04:34 (65,4 KB/s) - 'kplr002015616-2012088054726_llc.fits' saved [434880/434880]

--2018-12-09 13:04:34--  http://exoplanetarchive.ipac.caltech.edu/data/ETSS//Kepler/005/528/53/kplr002015616-2012088054726_llc_lc.tbl
Resolving exoplanetarchive.ipac.caltech.edu (exoplanetarchive.ipac.caltech.edu)... 134.4.54.147
Connecting to exoplanetarchive.ipac.caltech.edu (exoplanetarchive.ipac.caltech.edu)|134.4.54.147|:80... connected.
HTTP request sent, awaiting response... 302 Found
Location: https://exoplanetarchive.ipac.caltech.edu/data/ETSS//Kepler/005/528/53/kplr002015616-2012088054726_llc_lc.tbl [following]
--2018-12-09 13:04:35--  https://exoplanetarchive.ipac.caltech.edu/data/ETSS//Kepler/005/528/53/kplr002015616-2012088054726_llc_lc.tbl
Connecting to exoplanetarchive.ipac.caltech.edu (exoplanetarchive.ipac.caltech.edu)|134.4.54.147|:443... connected.
HTTP request sent, awaiting response... 200 OK
Length: 1307998 (1,2M) [text/plain]
Saving to: 'kplr002015616-2012088054726_llc_lc.tbl'

     0K .......... .......... .......... .......... ..........  3% 42,9K 29s
    50K .......... .......... .......... .......... ..........  7% 86,1K 21s
   100K .......... .......... .......... .......... .......... 11%  126K 16s
   150K .......... .......... .......... .......... .......... 15% 85,2K 15s
   200K .......... .......... .......... .......... .......... 19% 64,7K 14s
   250K .......... .......... .......... .......... .......... 23% 82,3K 13s
   300K .......... .......... .......... .......... .......... 27% 60,9K 13s
   350K .......... .......... .......... .......... .......... 31% 84,9K 12s
   400K .......... .......... .......... .......... .......... 35% 63,9K 12s
   450K .......... .......... .......... .......... .......... 39% 70,5K 11s
   500K .......... .......... .......... .......... .......... 43%  128K 10s
   550K .......... .......... .......... .......... .......... 46% 85,5K 9s
   600K .......... .......... .......... .......... .......... 50% 85,7K 8s
   650K .......... .......... .......... .......... .......... 54%  125K 7s
   700K .......... .......... .......... .......... .......... 58% 85,7K 7s
   750K .......... .......... .......... .......... .......... 62% 85,7K 6s
   800K .......... .......... .......... .......... .......... 66% 41,1K 6s
   850K .......... .......... .......... .......... .......... 70% 64,1K 5s
   900K .......... .......... .......... .......... .......... 74% 64,1K 4s
   950K .......... .......... .......... .......... .......... 78% 85,2K 4s
  1000K .......... .......... .......... .......... .......... 82% 64,3K 3s
  1050K .......... .......... .......... .......... .......... 86% 85,3K 2s
  1100K .......... .......... .......... .......... .......... 90% 64,0K 2s
  1150K .......... .......... .......... .......... .......... 93% 36,2K 1s
  1200K .......... .......... .......... .......... .......... 97% 36,4K 0s
  1250K .......... .......... .......                         100%  141K=19s

2018-12-09 13:04:54 (68,7 KB/s) - 'kplr002015616-2012088054726_llc_lc.tbl' saved [1307998/1307998]

--2018-12-09 13:04:55--  http://exoplanetarchive.ipac.caltech.edu/data/ETSS//Kepler/005/545/23/kplr002015616-2012179063303_llc.fits
Resolving exoplanetarchive.ipac.caltech.edu (exoplanetarchive.ipac.caltech.edu)... 134.4.54.147
Connecting to exoplanetarchive.ipac.caltech.edu (exoplanetarchive.ipac.caltech.edu)|134.4.54.147|:80... connected.
HTTP request sent, awaiting response... 302 Found
Location: https://exoplanetarchive.ipac.caltech.edu/data/ETSS//Kepler/005/545/23/kplr002015616-2012179063303_llc.fits [following]
--2018-12-09 13:04:55--  https://exoplanetarchive.ipac.caltech.edu/data/ETSS//Kepler/005/545/23/kplr002015616-2012179063303_llc.fits
Connecting to exoplanetarchive.ipac.caltech.edu (exoplanetarchive.ipac.caltech.edu)|134.4.54.147|:443... connected.
HTTP request sent, awaiting response... 200 OK
Length: 472320 (461K) [image/x-fits]
Saving to: 'kplr002015616-2012179063303_llc.fits'

     0K .......... .......... .......... .......... .......... 10% 42,8K 10s
    50K .......... .......... .......... .......... .......... 21% 86,5K 6s
   100K .......... .......... .......... .......... .......... 32%  129K 4s
   150K .......... .......... .......... .......... .......... 43%  246K 3s
   200K .......... .......... .......... .......... .......... 54%  132K 2s
   250K .......... .......... .......... .......... .......... 65%  247K 2s
   300K .......... .......... .......... .......... .......... 75%  253K 1s
   350K .......... .......... .......... .......... .......... 86%  259K 1s
   400K .......... .......... .......... .......... .......... 97%  130K 0s
   450K .......... .                                          100% 8,11M=3,7s

2018-12-09 13:05:00 (125 KB/s) - 'kplr002015616-2012179063303_llc.fits' saved [472320/472320]

--2018-12-09 13:05:00--  http://exoplanetarchive.ipac.caltech.edu/data/ETSS//Kepler/005/561/90/kplr002015616-2012179063303_llc_lc.tbl
Resolving exoplanetarchive.ipac.caltech.edu (exoplanetarchive.ipac.caltech.edu)... 134.4.54.147
Connecting to exoplanetarchive.ipac.caltech.edu (exoplanetarchive.ipac.caltech.edu)|134.4.54.147|:80... connected.
HTTP request sent, awaiting response... 302 Found
Location: https://exoplanetarchive.ipac.caltech.edu/data/ETSS//Kepler/005/561/90/kplr002015616-2012179063303_llc_lc.tbl [following]
--2018-12-09 13:05:00--  https://exoplanetarchive.ipac.caltech.edu/data/ETSS//Kepler/005/561/90/kplr002015616-2012179063303_llc_lc.tbl
Connecting to exoplanetarchive.ipac.caltech.edu (exoplanetarchive.ipac.caltech.edu)|134.4.54.147|:443... connected.
HTTP request sent, awaiting response... 200 OK
Length: 1429232 (1,4M) [text/plain]
Saving to: 'kplr002015616-2012179063303_llc_lc.tbl'

     0K .......... .......... .......... .......... ..........  3% 42,9K 31s
    50K .......... .......... .......... .......... ..........  7% 85,9K 23s
   100K .......... .......... .......... .......... .......... 10%  127K 18s
   150K .......... .......... .......... .......... .......... 14%  128K 15s
   200K .......... .......... .......... .......... .......... 17%  127K 13s
   250K .......... .......... .......... .......... .......... 21% 27,5K 17s
   300K .......... .......... .......... .......... .......... 25% 32,0K 19s
   350K .......... .......... .......... .......... .......... 28% 42,6K 19s
   400K .......... .......... .......... .......... .......... 32% 36,6K 19s
   450K .......... .......... .......... .......... .......... 35% 63,6K 17s
   500K .......... .......... .......... .......... .......... 39% 63,7K 16s
   550K .......... .......... .......... .......... .......... 42% 25,1K 16s
   600K .......... .......... .......... .......... .......... 46% 36,5K 16s
   650K .......... .......... .......... .......... .......... 50% 50,9K 15s
   700K .......... .......... .......... .......... .......... 53% 60,7K 13s
   750K .......... .......... .......... .......... .......... 57% 53,0K 12s
   800K .......... .......... .......... .......... .......... 60% 50,8K 11s
   850K .......... .......... .......... .......... .......... 64% 79,6K 10s
   900K .......... .......... .......... .......... .......... 68% 53,1K 9s
   950K .......... .......... .......... .......... .......... 71% 42,4K 8s
  1000K .......... .......... .......... .......... .......... 75% 42,4K 7s
  1050K .......... .......... .......... .......... .......... 78% 51,2K 6s
  1100K .......... .......... .......... .......... .......... 82% 63,9K 5s
  1150K .......... .......... .......... .......... .......... 85% 51,2K 4s
  1200K .......... .......... .......... .......... .......... 89% 35,8K 3s
  1250K .......... .......... .......... .......... .......... 93% 42,2K 2s
  1300K .......... .......... .......... .......... .......... 96% 50,4K 1s
  1350K .......... .......... .......... .......... .....     100% 78,4K=28s

2018-12-09 13:05:30 (49,3 KB/s) - 'kplr002015616-2012179063303_llc_lc.tbl' saved [1429232/1429232]

--2018-12-09 13:05:30--  http://exoplanetarchive.ipac.caltech.edu/data/ETSS//Kepler/005/578/57/kplr002015616-2012277125453_llc.fits
Resolving exoplanetarchive.ipac.caltech.edu (exoplanetarchive.ipac.caltech.edu)... 134.4.54.147
Connecting to exoplanetarchive.ipac.caltech.edu (exoplanetarchive.ipac.caltech.edu)|134.4.54.147|:80... connected.
HTTP request sent, awaiting response... 302 Found
Location: https://exoplanetarchive.ipac.caltech.edu/data/ETSS//Kepler/005/578/57/kplr002015616-2012277125453_llc.fits [following]
--2018-12-09 13:05:30--  https://exoplanetarchive.ipac.caltech.edu/data/ETSS//Kepler/005/578/57/kplr002015616-2012277125453_llc.fits
Connecting to exoplanetarchive.ipac.caltech.edu (exoplanetarchive.ipac.caltech.edu)|134.4.54.147|:443... connected.
HTTP request sent, awaiting response... 200 OK
Length: 506880 (495K) [image/x-fits]
Saving to: 'kplr002015616-2012277125453_llc.fits'

     0K .......... .......... .......... .......... .......... 10% 42,9K 10s
    50K .......... .......... .......... .......... .......... 20% 85,1K 7s
   100K .......... .......... .......... .......... .......... 30%  130K 5s
   150K .......... .......... .......... .......... .......... 40%  128K 4s
   200K .......... .......... .......... .......... .......... 50%  252K 3s
   250K .......... .......... .......... .......... .......... 60%  129K 2s
   300K .......... .......... .......... .......... .......... 70%  257K 1s
   350K .......... .......... .......... .......... .......... 80%  259K 1s
   400K .......... .......... .......... .......... .......... 90%  131K 0s
   450K .......... .......... .......... .......... .....     100% 14,6M=3,9s

2018-12-09 13:05:35 (127 KB/s) - 'kplr002015616-2012277125453_llc.fits' saved [506880/506880]

--2018-12-09 13:05:35--  http://exoplanetarchive.ipac.caltech.edu/data/ETSS//Kepler/005/595/27/kplr002015616-2012277125453_llc_lc.tbl
Resolving exoplanetarchive.ipac.caltech.edu (exoplanetarchive.ipac.caltech.edu)... 134.4.54.147
Connecting to exoplanetarchive.ipac.caltech.edu (exoplanetarchive.ipac.caltech.edu)|134.4.54.147|:80... connected.
HTTP request sent, awaiting response... 302 Found
Location: https://exoplanetarchive.ipac.caltech.edu/data/ETSS//Kepler/005/595/27/kplr002015616-2012277125453_llc_lc.tbl [following]
--2018-12-09 13:05:36--  https://exoplanetarchive.ipac.caltech.edu/data/ETSS//Kepler/005/595/27/kplr002015616-2012277125453_llc_lc.tbl
Connecting to exoplanetarchive.ipac.caltech.edu (exoplanetarchive.ipac.caltech.edu)|134.4.54.147|:443... connected.
HTTP request sent, awaiting response... 200 OK
Length: 1537592 (1,5M) [text/plain]
Saving to: 'kplr002015616-2012277125453_llc_lc.tbl'

     0K .......... .......... .......... .......... ..........  3% 42,7K 34s
    50K .......... .......... .......... .......... ..........  6% 86,1K 25s
   100K .......... .......... .......... .......... ..........  9%  128K 19s
   150K .......... .......... .......... .......... .......... 13%  252K 15s
   200K .......... .......... .......... .......... .......... 16%  130K 14s
   250K .......... .......... .......... .......... .......... 19%  253K 12s
   300K .......... .......... .......... .......... .......... 23%  257K 10s
   350K .......... .......... .......... .......... .......... 26%  129K 10s
   400K .......... .......... .......... .......... .......... 29%  255K 9s
   450K .......... .......... .......... .......... .......... 33%  252K 8s
   500K .......... .......... .......... .......... .......... 36%  260K 7s
   550K .......... .......... .......... .......... .......... 39%  257K 6s
   600K .......... .......... .......... .......... .......... 43%  259K 6s
   650K .......... .......... .......... .......... .......... 46%  260K 5s
   700K .......... .......... .......... .......... .......... 49% 4,58M 5s
   750K .......... .......... .......... .......... .......... 53%  254K 4s
   800K .......... .......... .......... .......... .......... 56%  258K 4s
   850K .......... .......... .......... .......... .......... 59%  260K 4s
   900K .......... .......... .......... .......... .......... 63% 12,2M 3s
   950K .......... .......... .......... .......... .......... 66%  261K 3s
  1000K .......... .......... .......... .......... .......... 69%  257K 2s
  1050K .......... .......... .......... .......... .......... 73%  263K 2s
  1100K .......... .......... .......... .......... .......... 76% 12,5M 2s
  1150K .......... .......... .......... .......... .......... 79%  267K 2s
  1200K .......... .......... .......... .......... .......... 83% 2,67M 1s
  1250K .......... .......... .......... .......... .......... 86%  284K 1s
  1300K .......... .......... .......... .......... .......... 89% 2,34M 1s
  1350K .......... .......... .......... .......... .......... 93%  290K 0s
  1400K .......... .......... .......... .......... .......... 96% 3,50M 0s
  1450K .......... .......... .......... .......... .......... 99%  272K 0s
  1500K .                                                     100% 10,1G=6,6s

2018-12-09 13:05:43 (227 KB/s) - 'kplr002015616-2012277125453_llc_lc.tbl' saved [1537592/1537592]

--2018-12-09 13:05:43--  http://exoplanetarchive.ipac.caltech.edu/data/ETSS//Kepler/005/611/97/kplr002015616-2013011073258_llc.fits
Resolving exoplanetarchive.ipac.caltech.edu (exoplanetarchive.ipac.caltech.edu)... 134.4.54.147
Connecting to exoplanetarchive.ipac.caltech.edu (exoplanetarchive.ipac.caltech.edu)|134.4.54.147|:80... connected.
HTTP request sent, awaiting response... 302 Found
Location: https://exoplanetarchive.ipac.caltech.edu/data/ETSS//Kepler/005/611/97/kplr002015616-2013011073258_llc.fits [following]
--2018-12-09 13:05:44--  https://exoplanetarchive.ipac.caltech.edu/data/ETSS//Kepler/005/611/97/kplr002015616-2013011073258_llc.fits
Connecting to exoplanetarchive.ipac.caltech.edu (exoplanetarchive.ipac.caltech.edu)|134.4.54.147|:443... connected.
HTTP request sent, awaiting response... 200 OK
Length: 506880 (495K) [image/x-fits]
Saving to: 'kplr002015616-2013011073258_llc.fits'

     0K .......... .......... .......... .......... .......... 10% 43,1K 10s
    50K .......... .......... .......... .......... .......... 20% 86,7K 7s
   100K .......... .......... .......... .......... .......... 30%  128K 5s
   150K .......... .......... .......... .......... .......... 40%  129K 4s
   200K .......... .......... .......... .......... .......... 50%  250K 3s
   250K .......... .......... .......... .......... .......... 60%  130K 2s
   300K .......... .......... .......... .......... .......... 70%  253K 1s
   350K .......... .......... .......... .......... .......... 80%  250K 1s
   400K .......... .......... .......... .......... .......... 90%  130K 0s
   450K .......... .......... .......... .......... .....     100% 14,4M=3,9s

2018-12-09 13:05:49 (127 KB/s) - 'kplr002015616-2013011073258_llc.fits' saved [506880/506880]

--2018-12-09 13:05:49--  http://exoplanetarchive.ipac.caltech.edu/data/ETSS//Kepler/005/628/44/kplr002015616-2013011073258_llc_lc.tbl
Resolving exoplanetarchive.ipac.caltech.edu (exoplanetarchive.ipac.caltech.edu)... 134.4.54.147
Connecting to exoplanetarchive.ipac.caltech.edu (exoplanetarchive.ipac.caltech.edu)|134.4.54.147|:80... connected.
HTTP request sent, awaiting response... 302 Found
Location: https://exoplanetarchive.ipac.caltech.edu/data/ETSS//Kepler/005/628/44/kplr002015616-2013011073258_llc_lc.tbl [following]
--2018-12-09 13:05:49--  https://exoplanetarchive.ipac.caltech.edu/data/ETSS//Kepler/005/628/44/kplr002015616-2013011073258_llc_lc.tbl
Connecting to exoplanetarchive.ipac.caltech.edu (exoplanetarchive.ipac.caltech.edu)|134.4.54.147|:443... connected.
HTTP request sent, awaiting response... 200 OK
Length: 1545000 (1,5M) [text/plain]
Saving to: 'kplr002015616-2013011073258_llc_lc.tbl'

     0K .......... .......... .......... .......... ..........  3% 42,6K 34s
    50K .......... .......... .......... .......... ..........  6% 84,3K 25s
   100K .......... .......... .......... .......... ..........  9%  127K 20s
   150K .......... .......... .......... .......... .......... 13%  128K 17s
   200K .......... .......... .......... .......... .......... 16%  252K 14s
   250K .......... .......... .......... .......... .......... 19%  128K 13s
   300K .......... .......... .......... .......... .......... 23%  257K 11s
   350K .......... .......... .......... .......... .......... 26%  253K 10s
   400K .......... .......... .......... .......... .......... 29%  130K 9s
   450K .......... .......... .......... .......... .......... 33%  255K 8s
   500K .......... .......... .......... .......... .......... 36% 4,08M 7s
   550K .......... .......... .......... .......... .......... 39%  257K 7s
   600K .......... .......... .......... .......... .......... 43%  259K 6s
   650K .......... .......... .......... .......... .......... 46%  255K 5s
   700K .......... .......... .......... .......... .......... 49% 4,99M 5s
   750K .......... .......... .......... .......... .......... 53%  267K 4s
   800K .......... .......... .......... .......... .......... 56%  262K 4s
   850K .......... .......... .......... .......... .......... 59%  253K 4s
   900K .......... .......... .......... .......... .......... 62%  252K 3s
   950K .......... .......... .......... .......... .......... 66%  251K 3s
  1000K .......... .......... .......... .......... .......... 69% 86,4K 3s
  1050K .......... .......... .......... .......... .......... 72% 64,3K 3s
  1100K .......... .......... .......... .......... .......... 76% 8,28M 2s
  1150K .......... .......... .......... .......... .......... 79% 41,3K 2s
  1200K .......... .......... .......... .......... .......... 82% 63,9K 2s
  1250K .......... .......... .......... .......... .......... 86%  128K 2s
  1300K .......... .......... .......... .......... .......... 89%  127K 1s
  1350K .......... .......... .......... .......... .......... 92% 87,1K 1s
  1400K .......... .......... .......... .......... .......... 96%  129K 0s
  1450K .......... .......... .......... .......... .......... 99%  127K 0s
  1500K ........                                              100% 26,6M=11s

2018-12-09 13:06:01 (135 KB/s) - 'kplr002015616-2013011073258_llc_lc.tbl' saved [1545000/1545000]

--2018-12-09 13:06:01--  http://exoplanetarchive.ipac.caltech.edu/data/ETSS//Kepler/005/644/92/kplr002015616-2013098041711_llc.fits
Resolving exoplanetarchive.ipac.caltech.edu (exoplanetarchive.ipac.caltech.edu)... 134.4.54.147
Connecting to exoplanetarchive.ipac.caltech.edu (exoplanetarchive.ipac.caltech.edu)|134.4.54.147|:80... connected.
HTTP request sent, awaiting response... 302 Found
Location: https://exoplanetarchive.ipac.caltech.edu/data/ETSS//Kepler/005/644/92/kplr002015616-2013098041711_llc.fits [following]
--2018-12-09 13:06:02--  https://exoplanetarchive.ipac.caltech.edu/data/ETSS//Kepler/005/644/92/kplr002015616-2013098041711_llc.fits
Connecting to exoplanetarchive.ipac.caltech.edu (exoplanetarchive.ipac.caltech.edu)|134.4.54.147|:443... connected.
HTTP request sent, awaiting response... 200 OK
Length: 449280 (439K) [image/x-fits]
Saving to: 'kplr002015616-2013098041711_llc.fits'

     0K .......... .......... .......... .......... .......... 11% 42,9K 9s
    50K .......... .......... .......... .......... .......... 22% 86,5K 6s
   100K .......... .......... .......... .......... .......... 34%  181K 4s
   150K .......... .......... .......... .......... .......... 45%  159K 3s
   200K .......... .......... .......... .......... .......... 56%  186K 2s
   250K .......... .......... .......... .......... .......... 68%  160K 1s
   300K .......... .......... .......... .......... .......... 79%  252K 1s
   350K .......... .......... .......... .......... .......... 91%  258K 0s
   400K .......... .......... .......... ........             100%  200K=3,5s

2018-12-09 13:06:06 (125 KB/s) - 'kplr002015616-2013098041711_llc.fits' saved [449280/449280]

--2018-12-09 13:06:06--  http://exoplanetarchive.ipac.caltech.edu/data/ETSS//Kepler/005/661/68/kplr002015616-2013098041711_llc_lc.tbl
Resolving exoplanetarchive.ipac.caltech.edu (exoplanetarchive.ipac.caltech.edu)... 134.4.54.147
Connecting to exoplanetarchive.ipac.caltech.edu (exoplanetarchive.ipac.caltech.edu)|134.4.54.147|:80... connected.
HTTP request sent, awaiting response... 302 Found
Location: https://exoplanetarchive.ipac.caltech.edu/data/ETSS//Kepler/005/661/68/kplr002015616-2013098041711_llc_lc.tbl [following]
--2018-12-09 13:06:07--  https://exoplanetarchive.ipac.caltech.edu/data/ETSS//Kepler/005/661/68/kplr002015616-2013098041711_llc_lc.tbl
Connecting to exoplanetarchive.ipac.caltech.edu (exoplanetarchive.ipac.caltech.edu)|134.4.54.147|:443... connected.
HTTP request sent, awaiting response... 200 OK
Length: 1359031 (1,3M) [text/plain]
Saving to: 'kplr002015616-2013098041711_llc_lc.tbl'

     0K .......... .......... .......... .......... ..........  3% 43,0K 30s
    50K .......... .......... .......... .......... ..........  7% 85,2K 21s
   100K .......... .......... .......... .......... .......... 11%  127K 17s
   150K .......... .......... .......... .......... .......... 15% 85,7K 15s
   200K .......... .......... .......... .......... .......... 18%  248K 13s
   250K .......... .......... .......... .......... .......... 22%  127K 11s
   300K .......... .......... .......... .......... .......... 26%  257K 10s
   350K .......... .......... .......... .......... .......... 30%  130K 9s
   400K .......... .......... .......... .......... .......... 33%  131K 8s
   450K .......... .......... .......... .......... .......... 37%  257K 7s
   500K .......... .......... .......... .......... .......... 41%  245K 7s
   550K .......... .......... .......... .......... .......... 45%  260K 6s
   600K .......... .......... .......... .......... .......... 48%  252K 5s
   650K .......... .......... .......... .......... .......... 52% 8,24M 5s
   700K .......... .......... .......... .......... .......... 56%  262K 4s
   750K .......... .......... .......... .......... .......... 60%  258K 4s
   800K .......... .......... .......... .......... .......... 64%  254K 3s
   850K .......... .......... .......... .......... .......... 67%  260K 3s
   900K .......... .......... .......... .......... .......... 71%  260K 2s
   950K .......... .......... .......... .......... .......... 75% 3,84M 2s
  1000K .......... .......... .......... .......... .......... 79%  270K 2s
  1050K .......... .......... .......... .......... .......... 82%  254K 1s
  1100K .......... .......... .......... .......... .......... 86%  262K 1s
  1150K .......... .......... .......... .......... .......... 90% 14,1M 1s
  1200K .......... .......... .......... .......... .......... 94%  259K 0s
  1250K .......... .......... .......... .......... .......... 97%  259K 0s
  1300K .......... .......... .......                         100% 13,5M=7,0s

2018-12-09 13:06:15 (189 KB/s) - 'kplr002015616-2013098041711_llc_lc.tbl' saved [1359031/1359031]

--2018-12-09 13:06:15--  http://exoplanetarchive.ipac.caltech.edu/data/ETSS//Kepler/005/678/43/kplr002015616-2013131215648_llc.fits
Resolving exoplanetarchive.ipac.caltech.edu (exoplanetarchive.ipac.caltech.edu)... 134.4.54.147
Connecting to exoplanetarchive.ipac.caltech.edu (exoplanetarchive.ipac.caltech.edu)|134.4.54.147|:80... connected.
HTTP request sent, awaiting response... 302 Found
Location: https://exoplanetarchive.ipac.caltech.edu/data/ETSS//Kepler/005/678/43/kplr002015616-2013131215648_llc.fits [following]
--2018-12-09 13:06:15--  https://exoplanetarchive.ipac.caltech.edu/data/ETSS//Kepler/005/678/43/kplr002015616-2013131215648_llc.fits
Connecting to exoplanetarchive.ipac.caltech.edu (exoplanetarchive.ipac.caltech.edu)|134.4.54.147|:443... connected.
HTTP request sent, awaiting response... 200 OK
Length: 187200 (183K) [image/x-fits]
Saving to: 'kplr002015616-2013131215648_llc.fits'

     0K .......... .......... .......... .......... .......... 27% 42,9K 3s
    50K .......... .......... .......... .......... .......... 54% 85,2K 1s
   100K .......... .......... .......... .......... .......... 82%  128K 0s
   150K .......... .......... .......... ..                   100%  167K=2,3s

2018-12-09 13:06:19 (78,1 KB/s) - 'kplr002015616-2013131215648_llc.fits' saved [187200/187200]

--2018-12-09 13:06:19--  http://exoplanetarchive.ipac.caltech.edu/data/ETSS//Kepler/005/695/19/kplr002015616-2013131215648_llc_lc.tbl
Resolving exoplanetarchive.ipac.caltech.edu (exoplanetarchive.ipac.caltech.edu)... 134.4.54.147
Connecting to exoplanetarchive.ipac.caltech.edu (exoplanetarchive.ipac.caltech.edu)|134.4.54.147|:80... connected.
HTTP request sent, awaiting response... 302 Found
Location: https://exoplanetarchive.ipac.caltech.edu/data/ETSS//Kepler/005/695/19/kplr002015616-2013131215648_llc_lc.tbl [following]
--2018-12-09 13:06:19--  https://exoplanetarchive.ipac.caltech.edu/data/ETSS//Kepler/005/695/19/kplr002015616-2013131215648_llc_lc.tbl
Connecting to exoplanetarchive.ipac.caltech.edu (exoplanetarchive.ipac.caltech.edu)|134.4.54.147|:443... connected.
HTTP request sent, awaiting response... 200 OK
Length: 506685 (495K) [text/plain]
Saving to: 'kplr002015616-2013131215648_llc_lc.tbl'

     0K .......... .......... .......... .......... .......... 10% 42,8K 10s
    50K .......... .......... .......... .......... .......... 20% 84,9K 7s
   100K .......... .......... .......... .......... .......... 30%  128K 5s
   150K .......... .......... .......... .......... .......... 40%  127K 4s
   200K .......... .......... .......... .......... .......... 50%  248K 3s
   250K .......... .......... .......... .......... .......... 60%  128K 2s
   300K .......... .......... .......... .......... .......... 70%  257K 1s
   350K .......... .......... .......... .......... .......... 80%  247K 1s
   400K .......... .......... .......... .......... .......... 90%  252K 0s
   450K .......... .......... .......... .......... ....      100%  231K=3,9s

2018-12-09 13:06:24 (126 KB/s) - 'kplr002015616-2013131215648_llc_lc.tbl' saved [506685/506685]

