--2018-12-09 13:03:06--  http://exoplanetarchive.ipac.caltech.edu/data/ETSS//Kepler/005/137/38/kplr002302188-2009131105131_llc.fits
Resolving exoplanetarchive.ipac.caltech.edu (exoplanetarchive.ipac.caltech.edu)... 134.4.54.147
Connecting to exoplanetarchive.ipac.caltech.edu (exoplanetarchive.ipac.caltech.edu)|134.4.54.147|:80... connected.
HTTP request sent, awaiting response... 302 Found
Location: https://exoplanetarchive.ipac.caltech.edu/data/ETSS//Kepler/005/137/38/kplr002302188-2009131105131_llc.fits [following]
--2018-12-09 13:03:07--  https://exoplanetarchive.ipac.caltech.edu/data/ETSS//Kepler/005/137/38/kplr002302188-2009131105131_llc.fits
Connecting to exoplanetarchive.ipac.caltech.edu (exoplanetarchive.ipac.caltech.edu)|134.4.54.147|:443... connected.
HTTP request sent, awaiting response... 200 OK
Length: 77760 (76K) [image/x-fits]
Saving to: 'kplr002302188-2009131105131_llc.fits'

     0K .......... .......... .......... .......... .......... 65% 42,3K 1s
    50K .......... .......... .....                           100%  131K=1,4s

2018-12-09 13:03:09 (55,0 KB/s) - 'kplr002302188-2009131105131_llc.fits' saved [77760/77760]

--2018-12-09 13:03:09--  http://exoplanetarchive.ipac.caltech.edu/data/ETSS//Kepler/005/142/64/kplr002302188-2009131105131_llc_lc.tbl
Resolving exoplanetarchive.ipac.caltech.edu (exoplanetarchive.ipac.caltech.edu)... 134.4.54.147
Connecting to exoplanetarchive.ipac.caltech.edu (exoplanetarchive.ipac.caltech.edu)|134.4.54.147|:80... connected.
HTTP request sent, awaiting response... 302 Found
Location: https://exoplanetarchive.ipac.caltech.edu/data/ETSS//Kepler/005/142/64/kplr002302188-2009131105131_llc_lc.tbl [following]
--2018-12-09 13:03:09--  https://exoplanetarchive.ipac.caltech.edu/data/ETSS//Kepler/005/142/64/kplr002302188-2009131105131_llc_lc.tbl
Connecting to exoplanetarchive.ipac.caltech.edu (exoplanetarchive.ipac.caltech.edu)|134.4.54.147|:443... connected.
HTTP request sent, awaiting response... 200 OK
Length: 158875 (155K) [text/plain]
Saving to: 'kplr002302188-2009131105131_llc_lc.tbl'

     0K .......... .......... .......... .......... .......... 32% 42,6K 2s
    50K .......... .......... .......... .......... .......... 64% 86,0K 1s
   100K .......... .......... .......... .......... .......... 96%  128K 0s
   150K .....                                                 100% 9,95M=2,1s

2018-12-09 13:03:13 (72,3 KB/s) - 'kplr002302188-2009131105131_llc_lc.tbl' saved [158875/158875]

--2018-12-09 13:03:13--  http://exoplanetarchive.ipac.caltech.edu/data/ETSS//Kepler/005/148/00/kplr002302188-2009166043257_llc.fits
Resolving exoplanetarchive.ipac.caltech.edu (exoplanetarchive.ipac.caltech.edu)... 134.4.54.147
Connecting to exoplanetarchive.ipac.caltech.edu (exoplanetarchive.ipac.caltech.edu)|134.4.54.147|:80... connected.
HTTP request sent, awaiting response... 302 Found
Location: https://exoplanetarchive.ipac.caltech.edu/data/ETSS//Kepler/005/148/00/kplr002302188-2009166043257_llc.fits [following]
--2018-12-09 13:03:13--  https://exoplanetarchive.ipac.caltech.edu/data/ETSS//Kepler/005/148/00/kplr002302188-2009166043257_llc.fits
Connecting to exoplanetarchive.ipac.caltech.edu (exoplanetarchive.ipac.caltech.edu)|134.4.54.147|:443... connected.
HTTP request sent, awaiting response... 200 OK
Length: 192960 (188K) [image/x-fits]
Saving to: 'kplr002302188-2009166043257_llc.fits'

     0K .......... .......... .......... .......... .......... 26% 43,1K 3s
    50K .......... .......... .......... .......... .......... 53%  127K 1s
   100K .......... .......... .......... .......... .......... 79%  231K 0s
   150K .......... .......... .......... ........             100%  195K=2,0s

2018-12-09 13:03:16 (95,7 KB/s) - 'kplr002302188-2009166043257_llc.fits' saved [192960/192960]

--2018-12-09 13:03:16--  http://exoplanetarchive.ipac.caltech.edu/data/ETSS//Kepler/005/163/62/kplr002302188-2009166043257_llc_lc.tbl
Resolving exoplanetarchive.ipac.caltech.edu (exoplanetarchive.ipac.caltech.edu)... 134.4.54.147
Connecting to exoplanetarchive.ipac.caltech.edu (exoplanetarchive.ipac.caltech.edu)|134.4.54.147|:80... connected.
HTTP request sent, awaiting response... 302 Found
Location: https://exoplanetarchive.ipac.caltech.edu/data/ETSS//Kepler/005/163/62/kplr002302188-2009166043257_llc_lc.tbl [following]
--2018-12-09 13:03:17--  https://exoplanetarchive.ipac.caltech.edu/data/ETSS//Kepler/005/163/62/kplr002302188-2009166043257_llc_lc.tbl
Connecting to exoplanetarchive.ipac.caltech.edu (exoplanetarchive.ipac.caltech.edu)|134.4.54.147|:443... connected.
HTTP request sent, awaiting response... 200 OK
Length: 533380 (521K) [text/plain]
Saving to: 'kplr002302188-2009166043257_llc_lc.tbl'

     0K .......... .......... .......... .......... ..........  9% 42,8K 11s
    50K .......... .......... .......... .......... .......... 19% 86,1K 7s
   100K .......... .......... .......... .......... .......... 28%  121K 5s
   150K .......... .......... .......... .......... .......... 38%  133K 4s
   200K .......... .......... .......... .......... .......... 47%  128K 3s
   250K .......... .......... .......... .......... .......... 57%  129K 2s
   300K .......... .......... .......... .......... .......... 67%  127K 2s
   350K .......... .......... .......... .......... .......... 76%  256K 1s
   400K .......... .......... .......... .......... .......... 86%  129K 1s
   450K .......... .......... .......... .......... .......... 95%  128K 0s
   500K .......... ..........                                 100% 12,7M=4,7s

2018-12-09 13:03:22 (111 KB/s) - 'kplr002302188-2009166043257_llc_lc.tbl' saved [533380/533380]

--2018-12-09 13:03:22--  http://exoplanetarchive.ipac.caltech.edu/data/ETSS//Kepler/005/212/52/kplr002302188-2009259160929_llc.fits
Resolving exoplanetarchive.ipac.caltech.edu (exoplanetarchive.ipac.caltech.edu)... 134.4.54.147
Connecting to exoplanetarchive.ipac.caltech.edu (exoplanetarchive.ipac.caltech.edu)|134.4.54.147|:80... connected.
HTTP request sent, awaiting response... 302 Found
Location: https://exoplanetarchive.ipac.caltech.edu/data/ETSS//Kepler/005/212/52/kplr002302188-2009259160929_llc.fits [following]
--2018-12-09 13:03:23--  https://exoplanetarchive.ipac.caltech.edu/data/ETSS//Kepler/005/212/52/kplr002302188-2009259160929_llc.fits
Connecting to exoplanetarchive.ipac.caltech.edu (exoplanetarchive.ipac.caltech.edu)|134.4.54.147|:443... connected.
HTTP request sent, awaiting response... 200 OK
Length: 466560 (456K) [image/x-fits]
Saving to: 'kplr002302188-2009259160929_llc.fits'

     0K .......... .......... .......... .......... .......... 10% 42,9K 9s
    50K .......... .......... .......... .......... .......... 21% 84,8K 6s
   100K .......... .......... .......... .......... .......... 32%  126K 4s
   150K .......... .......... .......... .......... .......... 43% 86,5K 3s
   200K .......... .......... .......... .......... .......... 54%  250K 2s
   250K .......... .......... .......... .......... .......... 65%  132K 2s
   300K .......... .......... .......... .......... .......... 76%  258K 1s
   350K .......... .......... .......... .......... .......... 87%  129K 1s
   400K .......... .......... .......... .......... .......... 98%  252K 0s
   450K .....                                                 100% 36,6G=4,1s

2018-12-09 13:03:28 (111 KB/s) - 'kplr002302188-2009259160929_llc.fits' saved [466560/466560]

--2018-12-09 13:03:28--  http://exoplanetarchive.ipac.caltech.edu/data/ETSS//Kepler/005/229/16/kplr002302188-2009259160929_llc_lc.tbl
Resolving exoplanetarchive.ipac.caltech.edu (exoplanetarchive.ipac.caltech.edu)... 134.4.54.147
Connecting to exoplanetarchive.ipac.caltech.edu (exoplanetarchive.ipac.caltech.edu)|134.4.54.147|:80... connected.
HTTP request sent, awaiting response... 302 Found
Location: https://exoplanetarchive.ipac.caltech.edu/data/ETSS//Kepler/005/229/16/kplr002302188-2009259160929_llc_lc.tbl [following]
--2018-12-09 13:03:28--  https://exoplanetarchive.ipac.caltech.edu/data/ETSS//Kepler/005/229/16/kplr002302188-2009259160929_llc_lc.tbl
Connecting to exoplanetarchive.ipac.caltech.edu (exoplanetarchive.ipac.caltech.edu)|134.4.54.147|:443... connected.
HTTP request sent, awaiting response... 200 OK
Length: 1407808 (1,3M) [text/plain]
Saving to: 'kplr002302188-2009259160929_llc_lc.tbl'

     0K .......... .......... .......... .......... ..........  3% 42,7K 31s
    50K .......... .......... .......... .......... ..........  7% 84,7K 22s
   100K .......... .......... .......... .......... .......... 10% 60,8K 21s
   150K .......... .......... .......... .......... .......... 14% 68,0K 20s
   200K .......... .......... .......... .......... .......... 18%  105K 17s
   250K .......... .......... .......... .......... .......... 21%  102K 15s
   300K .......... .......... .......... .......... .......... 25%  127K 14s
   350K .......... .......... .......... .......... .......... 29% 98,6K 13s
   400K .......... .......... .......... .......... .......... 32% 86,3K 12s
   450K .......... .......... .......... .......... .......... 36%  103K 11s
   500K .......... .......... .......... .......... .......... 40%  126K 10s
   550K .......... .......... .......... .......... .......... 43% 85,3K 9s
   600K .......... .......... .......... .......... .......... 47%  127K 9s
   650K .......... .......... .......... .......... .......... 50%  125K 8s
   700K .......... .......... .......... .......... .......... 54%  104K 7s
   750K .......... .......... .......... .......... .......... 58%  128K 6s
   800K .......... .......... .......... .......... .......... 61% 85,1K 6s
   850K .......... .......... .......... .......... .......... 65%  129K 5s
   900K .......... .......... .......... .......... .......... 69%  126K 5s
   950K .......... .......... .......... .......... .......... 72% 98,3K 4s
  1000K .......... .......... .......... .......... .......... 76%  127K 3s
  1050K .......... .......... .......... .......... .......... 80%  126K 3s
  1100K .......... .......... .......... .......... .......... 83%  124K 2s
  1150K .......... .......... .......... .......... .......... 87%  125K 2s
  1200K .......... .......... .......... .......... .......... 90% 84,8K 1s
  1250K .......... .......... .......... .......... .......... 94%  127K 1s
  1300K .......... .......... .......... .......... .......... 98%  126K 0s
  1350K .......... .......... ....                            100%  126K=14s

2018-12-09 13:03:43 (98,6 KB/s) - 'kplr002302188-2009259160929_llc_lc.tbl' saved [1407808/1407808]

--2018-12-09 13:03:44--  http://exoplanetarchive.ipac.caltech.edu/data/ETSS//Kepler/005/245/79/kplr002302188-2009350155506_llc.fits
Resolving exoplanetarchive.ipac.caltech.edu (exoplanetarchive.ipac.caltech.edu)... 134.4.54.147
Connecting to exoplanetarchive.ipac.caltech.edu (exoplanetarchive.ipac.caltech.edu)|134.4.54.147|:80... connected.
HTTP request sent, awaiting response... 302 Found
Location: https://exoplanetarchive.ipac.caltech.edu/data/ETSS//Kepler/005/245/79/kplr002302188-2009350155506_llc.fits [following]
--2018-12-09 13:03:44--  https://exoplanetarchive.ipac.caltech.edu/data/ETSS//Kepler/005/245/79/kplr002302188-2009350155506_llc.fits
Connecting to exoplanetarchive.ipac.caltech.edu (exoplanetarchive.ipac.caltech.edu)|134.4.54.147|:443... connected.
HTTP request sent, awaiting response... 200 OK
Length: 466560 (456K) [image/x-fits]
Saving to: 'kplr002302188-2009350155506_llc.fits'

     0K .......... .......... .......... .......... .......... 10% 42,8K 9s
    50K .......... .......... .......... .......... .......... 21%  128K 6s
   100K .......... .......... .......... .......... .......... 32%  129K 4s
   150K .......... .......... .......... .......... .......... 43%  129K 3s
   200K .......... .......... .......... .......... .......... 54%  129K 2s
   250K .......... .......... .......... .......... .......... 65%  250K 2s
   300K .......... .......... .......... .......... .......... 76%  129K 1s
   350K .......... .......... .......... .......... .......... 87% 42,9K 1s
   400K .......... .......... .......... .......... .......... 98% 22,7K 0s
   450K .....                                                 100% 36,6G=6,7s

2018-12-09 13:03:52 (68,2 KB/s) - 'kplr002302188-2009350155506_llc.fits' saved [466560/466560]

--2018-12-09 13:03:52--  http://exoplanetarchive.ipac.caltech.edu/data/ETSS//Kepler/005/262/35/kplr002302188-2009350155506_llc_lc.tbl
Resolving exoplanetarchive.ipac.caltech.edu (exoplanetarchive.ipac.caltech.edu)... 134.4.54.147
Connecting to exoplanetarchive.ipac.caltech.edu (exoplanetarchive.ipac.caltech.edu)|134.4.54.147|:80... connected.
HTTP request sent, awaiting response... 302 Found
Location: https://exoplanetarchive.ipac.caltech.edu/data/ETSS//Kepler/005/262/35/kplr002302188-2009350155506_llc_lc.tbl [following]
--2018-12-09 13:03:52--  https://exoplanetarchive.ipac.caltech.edu/data/ETSS//Kepler/005/262/35/kplr002302188-2009350155506_llc_lc.tbl
Connecting to exoplanetarchive.ipac.caltech.edu (exoplanetarchive.ipac.caltech.edu)|134.4.54.147|:443... connected.
HTTP request sent, awaiting response... 200 OK
Length: 1412782 (1,3M) [text/plain]
Saving to: 'kplr002302188-2009350155506_llc_lc.tbl'

     0K .......... .......... .......... .......... ..........  3% 43,2K 31s
    50K .......... .......... .......... .......... ..........  7% 86,1K 22s
   100K .......... .......... .......... .......... .......... 10%  129K 17s
   150K .......... .......... .......... .......... .......... 14%  256K 14s
   200K .......... .......... .......... .......... .......... 18%  130K 12s
   250K .......... .......... .......... .......... .......... 21%  129K 11s
   300K .......... .......... .......... .......... .......... 25%  247K 10s
   350K .......... .......... .......... .......... .......... 28%  253K 9s
   400K .......... .......... .......... .......... .......... 32%  128K 8s
   450K .......... .......... .......... .......... .......... 36%  128K 8s
   500K .......... .......... .......... .......... .......... 39%  248K 7s
   550K .......... .......... .......... .......... .......... 43%  253K 6s
   600K .......... .......... .......... .......... .......... 47%  257K 5s
   650K .......... .......... .......... .......... .......... 50%  257K 5s
   700K .......... .......... .......... .......... .......... 54%  262K 4s
   750K .......... .......... .......... .......... .......... 57% 3,60M 4s
   800K .......... .......... .......... .......... .......... 61%  257K 3s
   850K .......... .......... .......... .......... .......... 65%  260K 3s
   900K .......... .......... .......... .......... .......... 68%  261K 3s
   950K .......... .......... .......... .......... .......... 72%  247K 2s
  1000K .......... .......... .......... .......... .......... 76%  254K 2s
  1050K .......... .......... .......... .......... .......... 79% 14,0M 2s
  1100K .......... .......... .......... .......... .......... 83%  258K 1s
  1150K .......... .......... .......... .......... .......... 86%  260K 1s
  1200K .......... .......... .......... .......... .......... 90%  251K 1s
  1250K .......... .......... .......... .......... .......... 94%  259K 0s
  1300K .......... .......... .......... .......... .......... 97% 12,2M 0s
  1350K .......... .......... .........                       100%  154K=7,2s

2018-12-09 13:04:00 (191 KB/s) - 'kplr002302188-2009350155506_llc_lc.tbl' saved [1412782/1412782]

--2018-12-09 13:04:00--  http://exoplanetarchive.ipac.caltech.edu/data/ETSS//Kepler/005/345/07/kplr002302188-2010078095331_llc.fits
Resolving exoplanetarchive.ipac.caltech.edu (exoplanetarchive.ipac.caltech.edu)... 134.4.54.147
Connecting to exoplanetarchive.ipac.caltech.edu (exoplanetarchive.ipac.caltech.edu)|134.4.54.147|:80... connected.
HTTP request sent, awaiting response... 302 Found
Location: https://exoplanetarchive.ipac.caltech.edu/data/ETSS//Kepler/005/345/07/kplr002302188-2010078095331_llc.fits [following]
--2018-12-09 13:04:01--  https://exoplanetarchive.ipac.caltech.edu/data/ETSS//Kepler/005/345/07/kplr002302188-2010078095331_llc.fits
Connecting to exoplanetarchive.ipac.caltech.edu (exoplanetarchive.ipac.caltech.edu)|134.4.54.147|:443... connected.
HTTP request sent, awaiting response... 200 OK
Length: 469440 (458K) [image/x-fits]
Saving to: 'kplr002302188-2010078095331_llc.fits'

     0K .......... .......... .......... .......... .......... 10% 42,7K 10s
    50K .......... .......... .......... .......... .......... 21%  126K 6s
   100K .......... .......... .......... .......... .......... 32%  127K 4s
   150K .......... .......... .......... .......... .......... 43%  128K 3s
   200K .......... .......... .......... .......... .......... 54%  128K 2s
   250K .......... .......... .......... .......... .......... 65%  252K 2s
   300K .......... .......... .......... .......... .......... 76%  128K 1s
   350K .......... .......... .......... .......... .......... 87%  255K 1s
   400K .......... .......... .......... .......... .......... 98%  248K 0s
   450K ........                                              100% 10,0M=3,7s

2018-12-09 13:04:06 (123 KB/s) - 'kplr002302188-2010078095331_llc.fits' saved [469440/469440]

--2018-12-09 13:04:06--  http://exoplanetarchive.ipac.caltech.edu/data/ETSS//Kepler/005/362/06/kplr002302188-2010078095331_llc_lc.tbl
Resolving exoplanetarchive.ipac.caltech.edu (exoplanetarchive.ipac.caltech.edu)... 134.4.54.147
Connecting to exoplanetarchive.ipac.caltech.edu (exoplanetarchive.ipac.caltech.edu)|134.4.54.147|:80... connected.
HTTP request sent, awaiting response... 302 Found
Location: https://exoplanetarchive.ipac.caltech.edu/data/ETSS//Kepler/005/362/06/kplr002302188-2010078095331_llc_lc.tbl [following]
--2018-12-09 13:04:06--  https://exoplanetarchive.ipac.caltech.edu/data/ETSS//Kepler/005/362/06/kplr002302188-2010078095331_llc_lc.tbl
Connecting to exoplanetarchive.ipac.caltech.edu (exoplanetarchive.ipac.caltech.edu)|134.4.54.147|:443... connected.
HTTP request sent, awaiting response... 200 OK
Length: 1421475 (1,4M) [text/plain]
Saving to: 'kplr002302188-2010078095331_llc_lc.tbl'

     0K .......... .......... .......... .......... ..........  3% 42,9K 31s
    50K .......... .......... .......... .......... ..........  7% 84,5K 23s
   100K .......... .......... .......... .......... .......... 10%  127K 18s
   150K .......... .......... .......... .......... .......... 14%  250K 14s
   200K .......... .......... .......... .......... .......... 18%  130K 12s
   250K .......... .......... .......... .......... .......... 21%  255K 11s
   300K .......... .......... .......... .......... .......... 25%  130K 10s
   350K .......... .......... .......... .......... .......... 28%  258K 9s
   400K .......... .......... .......... .......... .......... 32%  254K 8s
   450K .......... .......... .......... .......... .......... 36%  250K 7s
   500K .......... .......... .......... .......... .......... 39%  127K 7s
   550K .......... .......... .......... .......... .......... 43% 64,5K 7s
   600K .......... .......... .......... .......... .......... 46% 51,6K 7s
   650K .......... .......... .......... .......... .......... 50% 64,3K 7s
   700K .......... .......... .......... .......... .......... 54% 64,1K 6s
   750K .......... .......... .......... .......... .......... 57% 51,5K 6s
   800K .......... .......... .......... .......... .......... 61% 51,3K 6s
   850K .......... .......... .......... .......... .......... 64% 86,2K 5s
   900K .......... .......... .......... .......... .......... 68% 64,0K 5s
   950K .......... .......... .......... .......... .......... 72% 85,7K 4s
  1000K .......... .......... .......... .......... .......... 75% 85,8K 4s
  1050K .......... .......... .......... .......... .......... 79% 86,2K 3s
  1100K .......... .......... .......... .......... .......... 82% 85,1K 3s
  1150K .......... .......... .......... .......... .......... 86% 61,0K 2s
  1200K .......... .......... .......... .......... .......... 90% 37,8K 2s
  1250K .......... .......... .......... .......... .......... 93% 51,1K 1s
  1300K .......... .......... .......... .......... .......... 97% 42,7K 0s
  1350K .......... .......... .......... ........             100% 90,9K=18s

2018-12-09 13:04:25 (77,3 KB/s) - 'kplr002302188-2010078095331_llc_lc.tbl' saved [1421475/1421475]

--2018-12-09 13:04:25--  http://exoplanetarchive.ipac.caltech.edu/data/ETSS//Kepler/005/179/26/kplr002302188-2010174085026_llc.fits
Resolving exoplanetarchive.ipac.caltech.edu (exoplanetarchive.ipac.caltech.edu)... 134.4.54.147
Connecting to exoplanetarchive.ipac.caltech.edu (exoplanetarchive.ipac.caltech.edu)|134.4.54.147|:80... connected.
HTTP request sent, awaiting response... 302 Found
Location: https://exoplanetarchive.ipac.caltech.edu/data/ETSS//Kepler/005/179/26/kplr002302188-2010174085026_llc.fits [following]
--2018-12-09 13:04:26--  https://exoplanetarchive.ipac.caltech.edu/data/ETSS//Kepler/005/179/26/kplr002302188-2010174085026_llc.fits
Connecting to exoplanetarchive.ipac.caltech.edu (exoplanetarchive.ipac.caltech.edu)|134.4.54.147|:443... connected.
HTTP request sent, awaiting response... 200 OK
Length: 492480 (481K) [image/x-fits]
Saving to: 'kplr002302188-2010174085026_llc.fits'

     0K .......... .......... .......... .......... .......... 10% 42,9K 10s
    50K .......... .......... .......... .......... .......... 20% 85,0K 7s
   100K .......... .......... .......... .......... .......... 31%  131K 5s
   150K .......... .......... .......... .......... .......... 41% 84,8K 4s
   200K .......... .......... .......... .......... .......... 51%  128K 3s
   250K .......... .......... .......... .......... .......... 62%  252K 2s
   300K .......... .......... .......... .......... .......... 72%  128K 1s
   350K .......... .......... .......... .......... .......... 83%  255K 1s
   400K .......... .......... .......... .......... .......... 93%  128K 0s
   450K .......... .......... ..........                      100%  161K=4,5s

2018-12-09 13:04:31 (107 KB/s) - 'kplr002302188-2010174085026_llc.fits' saved [492480/492480]

--2018-12-09 13:04:31--  http://exoplanetarchive.ipac.caltech.edu/data/ETSS//Kepler/005/195/89/kplr002302188-2010174085026_llc_lc.tbl
Resolving exoplanetarchive.ipac.caltech.edu (exoplanetarchive.ipac.caltech.edu)... 134.4.54.147
Connecting to exoplanetarchive.ipac.caltech.edu (exoplanetarchive.ipac.caltech.edu)|134.4.54.147|:80... connected.
HTTP request sent, awaiting response... 302 Found
Location: https://exoplanetarchive.ipac.caltech.edu/data/ETSS//Kepler/005/195/89/kplr002302188-2010174085026_llc_lc.tbl [following]
--2018-12-09 13:04:32--  https://exoplanetarchive.ipac.caltech.edu/data/ETSS//Kepler/005/195/89/kplr002302188-2010174085026_llc_lc.tbl
Connecting to exoplanetarchive.ipac.caltech.edu (exoplanetarchive.ipac.caltech.edu)|134.4.54.147|:443... connected.
HTTP request sent, awaiting response... 200 OK
Length: 1497789 (1,4M) [text/plain]
Saving to: 'kplr002302188-2010174085026_llc_lc.tbl'

     0K .......... .......... .......... .......... ..........  3% 42,4K 33s
    50K .......... .......... .......... .......... ..........  6% 84,8K 24s
   100K .......... .......... .......... .......... .......... 10%  127K 19s
   150K .......... .......... .......... .......... .......... 13%  251K 15s
   200K .......... .......... .......... .......... .......... 17%  128K 13s
   250K .......... .......... .......... .......... .......... 20%  253K 11s
   300K .......... .......... .......... .......... .......... 23%  130K 11s
   350K .......... .......... .......... .......... .......... 27%  256K 9s
   400K .......... .......... .......... .......... .......... 30%  251K 8s
   450K .......... .......... .......... .......... .......... 34%  250K 8s
   500K .......... .......... .......... .......... .......... 37%  256K 7s
   550K .......... .......... .......... .......... .......... 41%  261K 6s
   600K .......... .......... .......... .......... .......... 44%  256K 6s
   650K .......... .......... .......... .......... .......... 47% 3,14M 5s
   700K .......... .......... .......... .......... .......... 51%  255K 4s
   750K .......... .......... .......... .......... .......... 54%  281K 4s
   800K .......... .......... .......... .......... .......... 58% 1,89M 4s
   850K .......... .......... .......... .......... .......... 61%  254K 3s
   900K .......... .......... .......... .......... .......... 64%  258K 3s
   950K .......... .......... .......... .......... .......... 68%  257K 3s
  1000K .......... .......... .......... .......... .......... 71% 11,2M 2s
  1050K .......... .......... .......... .......... .......... 75%  259K 2s
  1100K .......... .......... .......... .......... .......... 78% 7,44M 2s
  1150K .......... .......... .......... .......... .......... 82%  261K 1s
  1200K .......... .......... .......... .......... .......... 85% 4,80M 1s
  1250K .......... .......... .......... .......... .......... 88%  267K 1s
  1300K .......... .......... .......... .......... .......... 92% 5,03M 1s
  1350K .......... .......... .......... .......... .......... 95%  264K 0s
  1400K .......... .......... .......... .......... .......... 99% 9,53M 0s
  1450K .......... ..                                         100% 24,7M=6,3s

2018-12-09 13:04:39 (232 KB/s) - 'kplr002302188-2010174085026_llc_lc.tbl' saved [1497789/1497789]

--2018-12-09 13:04:39--  http://exoplanetarchive.ipac.caltech.edu/data/ETSS//Kepler/005/379/06/kplr002302188-2010265121752_llc.fits
Resolving exoplanetarchive.ipac.caltech.edu (exoplanetarchive.ipac.caltech.edu)... 134.4.54.147
Connecting to exoplanetarchive.ipac.caltech.edu (exoplanetarchive.ipac.caltech.edu)|134.4.54.147|:80... connected.
HTTP request sent, awaiting response... 302 Found
Location: https://exoplanetarchive.ipac.caltech.edu/data/ETSS//Kepler/005/379/06/kplr002302188-2010265121752_llc.fits [following]
--2018-12-09 13:04:40--  https://exoplanetarchive.ipac.caltech.edu/data/ETSS//Kepler/005/379/06/kplr002302188-2010265121752_llc.fits
Connecting to exoplanetarchive.ipac.caltech.edu (exoplanetarchive.ipac.caltech.edu)|134.4.54.147|:443... connected.
HTTP request sent, awaiting response... 200 OK
Length: 469440 (458K) [image/x-fits]
Saving to: 'kplr002302188-2010265121752_llc.fits'

     0K .......... .......... .......... .......... .......... 10% 42,8K 10s
    50K .......... .......... .......... .......... .......... 21% 85,7K 6s
   100K .......... .......... .......... .......... .......... 32%  127K 4s
   150K .......... .......... .......... .......... .......... 43%  129K 3s
   200K .......... .......... .......... .......... .......... 54%  129K 2s
   250K .......... .......... .......... .......... .......... 65%  255K 2s
   300K .......... .......... .......... .......... .......... 76%  254K 1s
   350K .......... .......... .......... .......... .......... 87%  128K 1s
   400K .......... .......... .......... .......... .......... 98% 51,3K 0s
   450K ........                                              100% 13,5M=4,7s

2018-12-09 13:04:45 (98,1 KB/s) - 'kplr002302188-2010265121752_llc.fits' saved [469440/469440]

--2018-12-09 13:04:45--  http://exoplanetarchive.ipac.caltech.edu/data/ETSS//Kepler/005/395/59/kplr002302188-2010265121752_llc_lc.tbl
Resolving exoplanetarchive.ipac.caltech.edu (exoplanetarchive.ipac.caltech.edu)... 134.4.54.147
Connecting to exoplanetarchive.ipac.caltech.edu (exoplanetarchive.ipac.caltech.edu)|134.4.54.147|:80... connected.
HTTP request sent, awaiting response... 302 Found
Location: https://exoplanetarchive.ipac.caltech.edu/data/ETSS//Kepler/005/395/59/kplr002302188-2010265121752_llc_lc.tbl [following]
--2018-12-09 13:04:46--  https://exoplanetarchive.ipac.caltech.edu/data/ETSS//Kepler/005/395/59/kplr002302188-2010265121752_llc_lc.tbl
Connecting to exoplanetarchive.ipac.caltech.edu (exoplanetarchive.ipac.caltech.edu)|134.4.54.147|:443... connected.
HTTP request sent, awaiting response... 200 OK
Length: 1421955 (1,4M) [text/plain]
Saving to: 'kplr002302188-2010265121752_llc_lc.tbl'

     0K .......... .......... .......... .......... ..........  3% 43,1K 31s
    50K .......... .......... .......... .......... ..........  7% 86,1K 22s
   100K .......... .......... .......... .......... .......... 10%  129K 18s
   150K .......... .......... .......... .......... .......... 14%  258K 14s
   200K .......... .......... .......... .......... .......... 18%  129K 12s
   250K .......... .......... .......... .......... .......... 21%  129K 11s
   300K .......... .......... .......... .......... .......... 25%  255K 10s
   350K .......... .......... .......... .......... .......... 28%  257K 9s
   400K .......... .......... .......... .......... .......... 32%  130K 8s
   450K .......... .......... .......... .......... .......... 36%  257K 7s
   500K .......... .......... .......... .......... .......... 39%  130K 7s
   550K .......... .......... .......... .......... .......... 43%  255K 6s
   600K .......... .......... .......... .......... .......... 46%  258K 6s
   650K .......... .......... .......... .......... .......... 50%  252K 5s
   700K .......... .......... .......... .......... .......... 54% 11,0M 4s
   750K .......... .......... .......... .......... .......... 57%  255K 4s
   800K .......... .......... .......... .......... .......... 61%  254K 3s
   850K .......... .......... .......... .......... .......... 64%  257K 3s
   900K .......... .......... .......... .......... .......... 68%  264K 3s
   950K .......... .......... .......... .......... .......... 72% 1,95M 2s
  1000K .......... .......... .......... .......... .......... 75%  275K 2s
  1050K .......... .......... .......... .......... .......... 79%  260K 2s
  1100K .......... .......... .......... .......... .......... 82%  259K 1s
  1150K .......... .......... .......... .......... .......... 86% 12,8M 1s
  1200K .......... .......... .......... .......... .......... 90%  257K 1s
  1250K .......... .......... .......... .......... .......... 93%  260K 0s
  1300K .......... .......... .......... .......... .......... 97%  260K 0s
  1350K .......... .......... .......... ........             100% 13,7M=7,0s

2018-12-09 13:04:54 (198 KB/s) - 'kplr002302188-2010265121752_llc_lc.tbl' saved [1421955/1421955]

--2018-12-09 13:04:54--  http://exoplanetarchive.ipac.caltech.edu/data/ETSS//Kepler/005/278/93/kplr002302188-2010355172524_llc.fits
Resolving exoplanetarchive.ipac.caltech.edu (exoplanetarchive.ipac.caltech.edu)... 134.4.54.147
Connecting to exoplanetarchive.ipac.caltech.edu (exoplanetarchive.ipac.caltech.edu)|134.4.54.147|:80... connected.
HTTP request sent, awaiting response... 302 Found
Location: https://exoplanetarchive.ipac.caltech.edu/data/ETSS//Kepler/005/278/93/kplr002302188-2010355172524_llc.fits [following]
--2018-12-09 13:04:54--  https://exoplanetarchive.ipac.caltech.edu/data/ETSS//Kepler/005/278/93/kplr002302188-2010355172524_llc.fits
Connecting to exoplanetarchive.ipac.caltech.edu (exoplanetarchive.ipac.caltech.edu)|134.4.54.147|:443... connected.
HTTP request sent, awaiting response... 200 OK
Length: 466560 (456K) [image/x-fits]
Saving to: 'kplr002302188-2010355172524_llc.fits'

     0K .......... .......... .......... .......... .......... 10% 42,6K 10s
    50K .......... .......... .......... .......... .......... 21% 85,1K 6s
   100K .......... .......... .......... .......... .......... 32%  217K 4s
   150K .......... .......... .......... .......... .......... 43%  136K 3s
   200K .......... .......... .......... .......... .......... 54%  253K 2s
   250K .......... .......... .......... .......... .......... 65%  130K 2s
   300K .......... .......... .......... .......... .......... 76%  258K 1s
   350K .......... .......... .......... .......... .......... 87%  257K 0s
   400K .......... .......... .......... .......... .......... 98%  253K 0s
   450K .....                                                 100% 36,6G=3,5s

2018-12-09 13:04:59 (129 KB/s) - 'kplr002302188-2010355172524_llc.fits' saved [466560/466560]

--2018-12-09 13:04:59--  http://exoplanetarchive.ipac.caltech.edu/data/ETSS//Kepler/005/295/27/kplr002302188-2010355172524_llc_lc.tbl
Resolving exoplanetarchive.ipac.caltech.edu (exoplanetarchive.ipac.caltech.edu)... 134.4.54.147
Connecting to exoplanetarchive.ipac.caltech.edu (exoplanetarchive.ipac.caltech.edu)|134.4.54.147|:80... connected.
HTTP request sent, awaiting response... 302 Found
Location: https://exoplanetarchive.ipac.caltech.edu/data/ETSS//Kepler/005/295/27/kplr002302188-2010355172524_llc_lc.tbl [following]
--2018-12-09 13:04:59--  https://exoplanetarchive.ipac.caltech.edu/data/ETSS//Kepler/005/295/27/kplr002302188-2010355172524_llc_lc.tbl
Connecting to exoplanetarchive.ipac.caltech.edu (exoplanetarchive.ipac.caltech.edu)|134.4.54.147|:443... connected.
HTTP request sent, awaiting response... 200 OK
Length: 1414393 (1,3M) [text/plain]
Saving to: 'kplr002302188-2010355172524_llc_lc.tbl'

     0K .......... .......... .......... .......... ..........  3% 42,3K 31s
    50K .......... .......... .......... .......... ..........  7% 85,2K 23s
   100K .......... .......... .......... .......... .......... 10%  129K 18s
   150K .......... .......... .......... .......... .......... 14%  128K 15s
   200K .......... .......... .......... .......... .......... 18%  127K 13s
   250K .......... .......... .......... .......... .......... 21%  124K 12s
   300K .......... .......... .......... .......... .......... 25%  251K 10s
   350K .......... .......... .......... .......... .......... 28%  129K 10s
   400K .......... .......... .......... .......... .......... 32%  115K 9s
   450K .......... .......... .......... .......... .......... 36% 64,4K 9s
   500K .......... .......... .......... .......... .......... 39%  127K 8s
   550K .......... .......... .......... .......... .......... 43%  129K 8s
   600K .......... .......... .......... .......... .......... 47%  129K 7s
   650K .......... .......... .......... .......... .......... 50%  128K 7s
   700K .......... .......... .......... .......... .......... 54%  128K 6s
   750K .......... .......... .......... .......... .......... 57% 64,5K 6s
   800K .......... .......... .......... .......... .......... 61% 42,9K 6s
   850K .......... .......... .......... .......... .......... 65% 64,0K 5s
   900K .......... .......... .......... .......... .......... 68% 43,0K 5s
   950K .......... .......... .......... .......... .......... 72% 64,2K 4s
  1000K .......... .......... .......... .......... .......... 76%  129K 4s
  1050K .......... .......... .......... .......... .......... 79% 85,6K 3s
  1100K .......... .......... .......... .......... .......... 83% 84,9K 3s
  1150K .......... .......... .......... .......... .......... 86% 85,3K 2s
  1200K .......... .......... .......... .......... .......... 90% 85,1K 2s
  1250K .......... .......... .......... .......... .......... 94% 84,4K 1s
  1300K .......... .......... .......... .......... .......... 97%  131K 0s
  1350K .......... .......... .......... .                    100% 80,2K=16s

2018-12-09 13:05:16 (87,2 KB/s) - 'kplr002302188-2010355172524_llc_lc.tbl' saved [1414393/1414393]

--2018-12-09 13:05:16--  http://exoplanetarchive.ipac.caltech.edu/data/ETSS//Kepler/005/412/13/kplr002302188-2011073133259_llc.fits
Resolving exoplanetarchive.ipac.caltech.edu (exoplanetarchive.ipac.caltech.edu)... 134.4.54.147
Connecting to exoplanetarchive.ipac.caltech.edu (exoplanetarchive.ipac.caltech.edu)|134.4.54.147|:80... connected.
HTTP request sent, awaiting response... 302 Found
Location: https://exoplanetarchive.ipac.caltech.edu/data/ETSS//Kepler/005/412/13/kplr002302188-2011073133259_llc.fits [following]
--2018-12-09 13:05:17--  https://exoplanetarchive.ipac.caltech.edu/data/ETSS//Kepler/005/412/13/kplr002302188-2011073133259_llc.fits
Connecting to exoplanetarchive.ipac.caltech.edu (exoplanetarchive.ipac.caltech.edu)|134.4.54.147|:443... connected.
HTTP request sent, awaiting response... 200 OK
Length: 357120 (349K) [image/x-fits]
Saving to: 'kplr002302188-2011073133259_llc.fits'

     0K .......... .......... .......... .......... .......... 14% 50,6K 6s
    50K .......... .......... .......... .......... .......... 28%  126K 3s
   100K .......... .......... .......... .......... .......... 43%  129K 2s
   150K .......... .......... .......... .......... .......... 57%  251K 1s
   200K .......... .......... .......... .......... .......... 71%  126K 1s
   250K .......... .......... .......... .......... .......... 86%  257K 0s
   300K .......... .......... .......... .......... ........  100%  124K=3,0s

2018-12-09 13:05:21 (118 KB/s) - 'kplr002302188-2011073133259_llc.fits' saved [357120/357120]

--2018-12-09 13:05:21--  http://exoplanetarchive.ipac.caltech.edu/data/ETSS//Kepler/005/428/91/kplr002302188-2011073133259_llc_lc.tbl
Resolving exoplanetarchive.ipac.caltech.edu (exoplanetarchive.ipac.caltech.edu)... 134.4.54.147
Connecting to exoplanetarchive.ipac.caltech.edu (exoplanetarchive.ipac.caltech.edu)|134.4.54.147|:80... connected.
HTTP request sent, awaiting response... 302 Found
Location: https://exoplanetarchive.ipac.caltech.edu/data/ETSS//Kepler/005/428/91/kplr002302188-2011073133259_llc_lc.tbl [following]
--2018-12-09 13:05:21--  https://exoplanetarchive.ipac.caltech.edu/data/ETSS//Kepler/005/428/91/kplr002302188-2011073133259_llc_lc.tbl
Connecting to exoplanetarchive.ipac.caltech.edu (exoplanetarchive.ipac.caltech.edu)|134.4.54.147|:443... connected.
HTTP request sent, awaiting response... 200 OK
Length: 1061482 (1,0M) [text/plain]
Saving to: 'kplr002302188-2011073133259_llc_lc.tbl'

     0K .......... .......... .......... .......... ..........  4% 51,1K 19s
    50K .......... .......... .......... .......... ..........  9% 86,0K 15s
   100K .......... .......... .......... .......... .......... 14%  128K 12s
   150K .......... .......... .......... .......... .......... 19%  129K 10s
   200K .......... .......... .......... .......... .......... 24%  130K 9s
   250K .......... .......... .......... .......... .......... 28%  256K 7s
   300K .......... .......... .......... .......... .......... 33%  129K 6s
   350K .......... .......... .......... .......... .......... 38%  256K 6s
   400K .......... .......... .......... .......... .......... 43%  130K 5s
   450K .......... .......... .......... .......... .......... 48%  256K 4s
   500K .......... .......... .......... .......... .......... 53%  256K 4s
   550K .......... .......... .......... .......... .......... 57%  257K 3s
   600K .......... .......... .......... .......... .......... 62%  259K 3s
   650K .......... .......... .......... .......... .......... 67%  248K 2s
   700K .......... .......... .......... .......... .......... 72%  261K 2s
   750K .......... .......... .......... .......... .......... 77%  259K 2s
   800K .......... .......... .......... .......... .......... 81%  259K 1s
   850K .......... .......... .......... .......... .......... 86% 7,59M 1s
   900K .......... .......... .......... .......... .......... 91%  262K 1s
   950K .......... .......... .......... .......... .......... 96%  261K 0s
  1000K .......... .......... .......... ......               100% 8,86M=5,8s

2018-12-09 13:05:28 (177 KB/s) - 'kplr002302188-2011073133259_llc_lc.tbl' saved [1061482/1061482]

--2018-12-09 13:05:28--  http://exoplanetarchive.ipac.caltech.edu/data/ETSS//Kepler/005/311/60/kplr002302188-2011177032512_llc.fits
Resolving exoplanetarchive.ipac.caltech.edu (exoplanetarchive.ipac.caltech.edu)... 134.4.54.147
Connecting to exoplanetarchive.ipac.caltech.edu (exoplanetarchive.ipac.caltech.edu)|134.4.54.147|:80... connected.
HTTP request sent, awaiting response... 302 Found
Location: https://exoplanetarchive.ipac.caltech.edu/data/ETSS//Kepler/005/311/60/kplr002302188-2011177032512_llc.fits [following]
--2018-12-09 13:05:28--  https://exoplanetarchive.ipac.caltech.edu/data/ETSS//Kepler/005/311/60/kplr002302188-2011177032512_llc.fits
Connecting to exoplanetarchive.ipac.caltech.edu (exoplanetarchive.ipac.caltech.edu)|134.4.54.147|:443... connected.
HTTP request sent, awaiting response... 200 OK
Length: 506880 (495K) [image/x-fits]
Saving to: 'kplr002302188-2011177032512_llc.fits'

     0K .......... .......... .......... .......... .......... 10% 42,9K 10s
    50K .......... .......... .......... .......... .......... 20% 85,1K 7s
   100K .......... .......... .......... .......... .......... 30%  217K 5s
   150K .......... .......... .......... .......... .......... 40%  139K 3s
   200K .......... .......... .......... .......... .......... 50%  129K 3s
   250K .......... .......... .......... .......... .......... 60%  255K 2s
   300K .......... .......... .......... .......... .......... 70%  249K 1s
   350K .......... .......... .......... .......... .......... 80%  255K 1s
   400K .......... .......... .......... .......... .......... 90%  129K 0s
   450K .......... .......... .......... .......... .....     100% 5,87M=3,7s

2018-12-09 13:05:33 (133 KB/s) - 'kplr002302188-2011177032512_llc.fits' saved [506880/506880]

--2018-12-09 13:05:33--  http://exoplanetarchive.ipac.caltech.edu/data/ETSS//Kepler/005/328/34/kplr002302188-2011177032512_llc_lc.tbl
Resolving exoplanetarchive.ipac.caltech.edu (exoplanetarchive.ipac.caltech.edu)... 134.4.54.147
Connecting to exoplanetarchive.ipac.caltech.edu (exoplanetarchive.ipac.caltech.edu)|134.4.54.147|:80... connected.
HTTP request sent, awaiting response... 302 Found
Location: https://exoplanetarchive.ipac.caltech.edu/data/ETSS//Kepler/005/328/34/kplr002302188-2011177032512_llc_lc.tbl [following]
--2018-12-09 13:05:34--  https://exoplanetarchive.ipac.caltech.edu/data/ETSS//Kepler/005/328/34/kplr002302188-2011177032512_llc_lc.tbl
Connecting to exoplanetarchive.ipac.caltech.edu (exoplanetarchive.ipac.caltech.edu)|134.4.54.147|:443... connected.
HTTP request sent, awaiting response... 200 OK
Length: 1540935 (1,5M) [text/plain]
Saving to: 'kplr002302188-2011177032512_llc_lc.tbl'

     0K .......... .......... .......... .......... ..........  3% 42,9K 34s
    50K .......... .......... .......... .......... ..........  6% 85,7K 25s
   100K .......... .......... .......... .......... ..........  9%  129K 19s
   150K .......... .......... .......... .......... .......... 13%  127K 17s
   200K .......... .......... .......... .......... .......... 16%  128K 15s
   250K .......... .......... .......... .......... .......... 19%  259K 13s
   300K .......... .......... .......... .......... .......... 23%  248K 11s
   350K .......... .......... .......... .......... .......... 26%  131K 10s
   400K .......... .......... .......... .......... .......... 29%  251K 9s
   450K .......... .......... .......... .......... .......... 33%  254K 8s
   500K .......... .......... .......... .......... .......... 36%  259K 7s
   550K .......... .......... .......... .......... .......... 39%  254K 7s
   600K .......... .......... .......... .......... .......... 43% 3,97M 6s
   650K .......... .......... .......... .......... .......... 46%  264K 5s
   700K .......... .......... .......... .......... .......... 49%  259K 5s
   750K .......... .......... .......... .......... .......... 53%  264K 4s
   800K .......... .......... .......... .......... .......... 56%  258K 4s
   850K .......... .......... .......... .......... .......... 59% 3,02M 4s
   900K .......... .......... .......... .......... .......... 63%  273K 3s
   950K .......... .......... .......... .......... .......... 66%  260K 3s
  1000K .......... .......... .......... .......... .......... 69% 2,38M 2s
  1050K .......... .......... .......... .......... .......... 73%  281K 2s
  1100K .......... .......... .......... .......... .......... 76% 3,92M 2s
  1150K .......... .......... .......... .......... .......... 79%  269K 2s
  1200K .......... .......... .......... .......... .......... 83% 4,24M 1s
  1250K .......... .......... .......... .......... .......... 86%  271K 1s
  1300K .......... .......... .......... .......... .......... 89% 3,65M 1s
  1350K .......... .......... .......... .......... .......... 93%  275K 0s
  1400K .......... .......... .......... .......... .......... 96% 3,79M 0s
  1450K .......... .......... .......... .......... .......... 99%  274K 0s
  1500K ....                                                  100% 12,6M=6,6s

2018-12-09 13:05:41 (227 KB/s) - 'kplr002302188-2011177032512_llc_lc.tbl' saved [1540935/1540935]

--2018-12-09 13:05:41--  http://exoplanetarchive.ipac.caltech.edu/data/ETSS//Kepler/005/445/70/kplr002302188-2011271113734_llc.fits
Resolving exoplanetarchive.ipac.caltech.edu (exoplanetarchive.ipac.caltech.edu)... 134.4.54.147
Connecting to exoplanetarchive.ipac.caltech.edu (exoplanetarchive.ipac.caltech.edu)|134.4.54.147|:80... connected.
HTTP request sent, awaiting response... 302 Found
Location: https://exoplanetarchive.ipac.caltech.edu/data/ETSS//Kepler/005/445/70/kplr002302188-2011271113734_llc.fits [following]
--2018-12-09 13:05:42--  https://exoplanetarchive.ipac.caltech.edu/data/ETSS//Kepler/005/445/70/kplr002302188-2011271113734_llc.fits
Connecting to exoplanetarchive.ipac.caltech.edu (exoplanetarchive.ipac.caltech.edu)|134.4.54.147|:443... connected.
HTTP request sent, awaiting response... 200 OK
Length: 486720 (475K) [image/x-fits]
Saving to: 'kplr002302188-2011271113734_llc.fits'

     0K .......... .......... .......... .......... .......... 10% 42,8K 10s
    50K .......... .......... .......... .......... .......... 21%  113K 6s
   100K .......... .......... .......... .......... .......... 31%  128K 4s
   150K .......... .......... .......... .......... .......... 42%  128K 3s
   200K .......... .......... .......... .......... .......... 52%  252K 2s
   250K .......... .......... .......... .......... .......... 63%  128K 2s
   300K .......... .......... .......... .......... .......... 73%  257K 1s
   350K .......... .......... .......... .......... .......... 84%  257K 1s
   400K .......... .......... .......... .......... .......... 94%  254K 0s
   450K .......... .......... .....                           100% 12,2M=3,6s

2018-12-09 13:05:46 (133 KB/s) - 'kplr002302188-2011271113734_llc.fits' saved [486720/486720]

--2018-12-09 13:05:46--  http://exoplanetarchive.ipac.caltech.edu/data/ETSS//Kepler/005/462/40/kplr002302188-2011271113734_llc_lc.tbl
Resolving exoplanetarchive.ipac.caltech.edu (exoplanetarchive.ipac.caltech.edu)... 134.4.54.147
Connecting to exoplanetarchive.ipac.caltech.edu (exoplanetarchive.ipac.caltech.edu)|134.4.54.147|:80... connected.
HTTP request sent, awaiting response... 302 Found
Location: https://exoplanetarchive.ipac.caltech.edu/data/ETSS//Kepler/005/462/40/kplr002302188-2011271113734_llc_lc.tbl [following]
--2018-12-09 13:05:47--  https://exoplanetarchive.ipac.caltech.edu/data/ETSS//Kepler/005/462/40/kplr002302188-2011271113734_llc_lc.tbl
Connecting to exoplanetarchive.ipac.caltech.edu (exoplanetarchive.ipac.caltech.edu)|134.4.54.147|:443... connected.
HTTP request sent, awaiting response... 200 OK
Length: 1478308 (1,4M) [text/plain]
Saving to: 'kplr002302188-2011271113734_llc_lc.tbl'

     0K .......... .......... .......... .......... ..........  3% 42,9K 32s
    50K .......... .......... .......... .......... ..........  6% 85,4K 24s
   100K .......... .......... .......... .......... .......... 10%  127K 19s
   150K .......... .......... .......... .......... .......... 13%  126K 16s
   200K .......... .......... .......... .......... .......... 17%  128K 14s
   250K .......... .......... .......... .......... .......... 20%  129K 13s
   300K .......... .......... .......... .......... .......... 24%  245K 11s
   350K .......... .......... .......... .......... .......... 27%  129K 10s
   400K .......... .......... .......... .......... .......... 31%  255K 9s
   450K .......... .......... .......... .......... .......... 34%  263K 8s
   500K .......... .......... .......... .......... .......... 38%  254K 7s
   550K .......... .......... .......... .......... .......... 41%  259K 7s
   600K .......... .......... .......... .......... .......... 45% 5,85M 6s
   650K .......... .......... .......... .......... .......... 48%  260K 5s
   700K .......... .......... .......... .......... .......... 51%  254K 5s
   750K .......... .......... .......... .......... .......... 55% 13,6M 4s
   800K .......... .......... .......... .......... .......... 58%  255K 4s
   850K .......... .......... .......... .......... .......... 62%  255K 3s
   900K .......... .......... .......... .......... .......... 65%  271K 3s
   950K .......... .......... .......... .......... .......... 69%  259K 3s
  1000K .......... .......... .......... .......... .......... 72%  260K 2s
  1050K .......... .......... .......... .......... .......... 76% 9,51M 2s
  1100K .......... .......... .......... .......... .......... 79%  265K 2s
  1150K .......... .......... .......... .......... .......... 83% 4,26M 1s
  1200K .......... .......... .......... .......... .......... 86%  267K 1s
  1250K .......... .......... .......... .......... .......... 90% 4,52M 1s
  1300K .......... .......... .......... .......... .......... 93%  273K 0s
  1350K .......... .......... .......... .......... .......... 96% 3,88M 0s
  1400K .......... .......... .......... .......... ...       100%  237K=6,8s

2018-12-09 13:05:55 (211 KB/s) - 'kplr002302188-2011271113734_llc_lc.tbl' saved [1478308/1478308]

--2018-12-09 13:05:55--  http://exoplanetarchive.ipac.caltech.edu/data/ETSS//Kepler/005/479/10/kplr002302188-2012004120508_llc.fits
Resolving exoplanetarchive.ipac.caltech.edu (exoplanetarchive.ipac.caltech.edu)... 134.4.54.147
Connecting to exoplanetarchive.ipac.caltech.edu (exoplanetarchive.ipac.caltech.edu)|134.4.54.147|:80... connected.
HTTP request sent, awaiting response... 302 Found
Location: https://exoplanetarchive.ipac.caltech.edu/data/ETSS//Kepler/005/479/10/kplr002302188-2012004120508_llc.fits [following]
--2018-12-09 13:05:55--  https://exoplanetarchive.ipac.caltech.edu/data/ETSS//Kepler/005/479/10/kplr002302188-2012004120508_llc.fits
Connecting to exoplanetarchive.ipac.caltech.edu (exoplanetarchive.ipac.caltech.edu)|134.4.54.147|:443... connected.
HTTP request sent, awaiting response... 200 OK
Length: 506880 (495K) [image/x-fits]
Saving to: 'kplr002302188-2012004120508_llc.fits'

     0K .......... .......... .......... .......... .......... 10% 42,7K 10s
    50K .......... .......... .......... .......... .......... 20% 85,6K 7s
   100K .......... .......... .......... .......... .......... 30%  128K 5s
   150K .......... .......... .......... .......... .......... 40%  129K 4s
   200K .......... .......... .......... .......... .......... 50%  252K 3s
   250K .......... .......... .......... .......... .......... 60%  131K 2s
   300K .......... .......... .......... .......... .......... 70%  126K 1s
   350K .......... .......... .......... .......... .......... 80%  126K 1s
   400K .......... .......... .......... .......... .......... 90% 64,5K 0s
   450K .......... .......... .......... .......... .....     100%  231K=4,9s

2018-12-09 13:06:01 (101 KB/s) - 'kplr002302188-2012004120508_llc.fits' saved [506880/506880]

--2018-12-09 13:06:01--  http://exoplanetarchive.ipac.caltech.edu/data/ETSS//Kepler/005/495/51/kplr002302188-2012004120508_llc_lc.tbl
Resolving exoplanetarchive.ipac.caltech.edu (exoplanetarchive.ipac.caltech.edu)... 134.4.54.147
Connecting to exoplanetarchive.ipac.caltech.edu (exoplanetarchive.ipac.caltech.edu)|134.4.54.147|:80... connected.
HTTP request sent, awaiting response... 302 Found
Location: https://exoplanetarchive.ipac.caltech.edu/data/ETSS//Kepler/005/495/51/kplr002302188-2012004120508_llc_lc.tbl [following]
--2018-12-09 13:06:02--  https://exoplanetarchive.ipac.caltech.edu/data/ETSS//Kepler/005/495/51/kplr002302188-2012004120508_llc_lc.tbl
Connecting to exoplanetarchive.ipac.caltech.edu (exoplanetarchive.ipac.caltech.edu)|134.4.54.147|:443... connected.
HTTP request sent, awaiting response... 200 OK
Length: 1536436 (1,5M) [text/plain]
Saving to: 'kplr002302188-2012004120508_llc_lc.tbl'

     0K .......... .......... .......... .......... ..........  3% 42,4K 34s
    50K .......... .......... .......... .......... ..........  6%  125K 22s
   100K .......... .......... .......... .......... ..........  9%  130K 18s
   150K .......... .......... .......... .......... .......... 13%  126K 15s
   200K .......... .......... .......... .......... .......... 16%  127K 14s
   250K .......... .......... .......... .......... .......... 19%  250K 12s
   300K .......... .......... .......... .......... .......... 23%  129K 11s
   350K .......... .......... .......... .......... .......... 26%  257K 10s
   400K .......... .......... .......... .......... .......... 29%  128K 9s
   450K .......... .......... .......... .......... .......... 33%  260K 8s
   500K .......... .......... .......... .......... .......... 36%  259K 7s
   550K .......... .......... .......... .......... .......... 39%  254K 7s
   600K .......... .......... .......... .......... .......... 43%  258K 6s
   650K .......... .......... .......... .......... .......... 46% 4,12M 5s
   700K .......... .......... .......... .......... .......... 49%  252K 5s
   750K .......... .......... .......... .......... .......... 53%  260K 4s
   800K .......... .......... .......... .......... .......... 56%  258K 4s
   850K .......... .......... .......... .......... .......... 59%  280K 4s
   900K .......... .......... .......... .......... .......... 63% 2,68M 3s
   950K .......... .......... .......... .......... .......... 66%  136K 3s
  1000K .......... .......... .......... .......... .......... 69% 2,33M 3s
  1050K .......... .......... .......... .......... .......... 73% 85,9K 2s
  1100K .......... .......... .......... .......... .......... 76% 85,9K 2s
  1150K .......... .......... .......... .......... .......... 79%  128K 2s
  1200K .......... .......... .......... .......... .......... 83% 51,6K 2s
  1250K .......... .......... .......... .......... .......... 86%  112K 1s
  1300K .......... .......... .......... .......... .......... 89% 86,1K 1s
  1350K .......... .......... .......... .......... .......... 93%  126K 1s
  1400K .......... .......... .......... .......... .......... 96% 86,2K 0s
  1450K .......... .......... .......... .......... .......... 99%  128K 0s
  1500K                                                       100% 2,77G=11s

2018-12-09 13:06:13 (139 KB/s) - 'kplr002302188-2012004120508_llc_lc.tbl' saved [1536436/1536436]

--2018-12-09 13:06:14--  http://exoplanetarchive.ipac.caltech.edu/data/ETSS//Kepler/005/511/92/kplr002302188-2012088054726_llc.fits
Resolving exoplanetarchive.ipac.caltech.edu (exoplanetarchive.ipac.caltech.edu)... 134.4.54.147
Connecting to exoplanetarchive.ipac.caltech.edu (exoplanetarchive.ipac.caltech.edu)|134.4.54.147|:80... connected.
HTTP request sent, awaiting response... 302 Found
Location: https://exoplanetarchive.ipac.caltech.edu/data/ETSS//Kepler/005/511/92/kplr002302188-2012088054726_llc.fits [following]
--2018-12-09 13:06:14--  https://exoplanetarchive.ipac.caltech.edu/data/ETSS//Kepler/005/511/92/kplr002302188-2012088054726_llc.fits
Connecting to exoplanetarchive.ipac.caltech.edu (exoplanetarchive.ipac.caltech.edu)|134.4.54.147|:443... connected.
HTTP request sent, awaiting response... 200 OK
Length: 434880 (425K) [image/x-fits]
Saving to: 'kplr002302188-2012088054726_llc.fits'

     0K .......... .......... .......... .......... .......... 11% 21,3K 18s
    50K .......... .......... .......... .......... .......... 23% 43,1K 11s
   100K .......... .......... .......... .......... .......... 35% 43,3K 9s
   150K .......... .......... .......... .......... .......... 47% 64,7K 6s
   200K .......... .......... .......... .......... .......... 58% 31,6K 5s
   250K .......... .......... .......... .......... .......... 70% 32,3K 4s
   300K .......... .......... .......... .......... .......... 82% 52,1K 2s
   350K .......... .......... .......... .......... .......... 94% 43,4K 1s
   400K .......... .......... ....                            100% 63,6K=11s

2018-12-09 13:06:26 (38,4 KB/s) - 'kplr002302188-2012088054726_llc.fits' saved [434880/434880]

--2018-12-09 13:06:26--  http://exoplanetarchive.ipac.caltech.edu/data/ETSS//Kepler/005/528/62/kplr002302188-2012088054726_llc_lc.tbl
Resolving exoplanetarchive.ipac.caltech.edu (exoplanetarchive.ipac.caltech.edu)... 134.4.54.147
Connecting to exoplanetarchive.ipac.caltech.edu (exoplanetarchive.ipac.caltech.edu)|134.4.54.147|:80... connected.
HTTP request sent, awaiting response... 302 Found
Location: https://exoplanetarchive.ipac.caltech.edu/data/ETSS//Kepler/005/528/62/kplr002302188-2012088054726_llc_lc.tbl [following]
--2018-12-09 13:06:27--  https://exoplanetarchive.ipac.caltech.edu/data/ETSS//Kepler/005/528/62/kplr002302188-2012088054726_llc_lc.tbl
Connecting to exoplanetarchive.ipac.caltech.edu (exoplanetarchive.ipac.caltech.edu)|134.4.54.147|:443... connected.
HTTP request sent, awaiting response... 200 OK
Length: 1307970 (1,2M) [text/plain]
Saving to: 'kplr002302188-2012088054726_llc_lc.tbl'

     0K .......... .......... .......... .......... ..........  3% 43,1K 29s
    50K .......... .......... .......... .......... ..........  7%  127K 18s
   100K .......... .......... .......... .......... .......... 11%  128K 15s
   150K .......... .......... .......... .......... .......... 15%  127K 13s
   200K .......... .......... .......... .......... .......... 19%  130K 11s
   250K .......... .......... .......... .......... .......... 23%  127K 10s
   300K .......... .......... .......... .......... .......... 27% 51,4K 11s
   350K .......... .......... .......... .......... .......... 31%  127K 10s
   400K .......... .......... .......... .......... .......... 35% 37,0K 11s
   450K .......... .......... .......... .......... .......... 39% 64,4K 10s
   500K .......... .......... .......... .......... .......... 43% 86,0K 10s
   550K .......... .......... .......... .......... .......... 46%  126K 9s
   600K .......... .......... .......... .......... .......... 50% 86,8K 8s
   650K .......... .......... .......... .......... .......... 54%  129K 7s
   700K .......... .......... .......... .......... .......... 58%  127K 6s
   750K .......... .......... .......... .......... .......... 62% 86,1K 6s
   800K .......... .......... .......... .......... .......... 66% 40,6K 5s
   850K .......... .......... .......... .......... .......... 70% 42,3K 5s
   900K .......... .......... .......... .......... .......... 74% 32,4K 5s
   950K .......... .......... .......... .......... .......... 78% 42,7K 4s
  1000K .......... .......... .......... .......... .......... 82% 51,2K 3s
  1050K .......... .......... .......... .......... .......... 86% 51,5K 3s
  1100K .......... .......... .......... .......... .......... 90% 63,7K 2s
  1150K .......... .......... .......... .......... .......... 93% 51,4K 1s
  1200K .......... .......... .......... .......... .......... 97% 51,5K 0s
  1250K .......... .......... .......                         100%  143K=20s

2018-12-09 13:06:47 (65,4 KB/s) - 'kplr002302188-2012088054726_llc_lc.tbl' saved [1307970/1307970]

--2018-12-09 13:06:47--  http://exoplanetarchive.ipac.caltech.edu/data/ETSS//Kepler/005/545/31/kplr002302188-2012179063303_llc.fits
Resolving exoplanetarchive.ipac.caltech.edu (exoplanetarchive.ipac.caltech.edu)... 134.4.54.147
Connecting to exoplanetarchive.ipac.caltech.edu (exoplanetarchive.ipac.caltech.edu)|134.4.54.147|:80... connected.
HTTP request sent, awaiting response... 302 Found
Location: https://exoplanetarchive.ipac.caltech.edu/data/ETSS//Kepler/005/545/31/kplr002302188-2012179063303_llc.fits [following]
--2018-12-09 13:06:48--  https://exoplanetarchive.ipac.caltech.edu/data/ETSS//Kepler/005/545/31/kplr002302188-2012179063303_llc.fits
Connecting to exoplanetarchive.ipac.caltech.edu (exoplanetarchive.ipac.caltech.edu)|134.4.54.147|:443... connected.
HTTP request sent, awaiting response... 200 OK
Length: 472320 (461K) [image/x-fits]
Saving to: 'kplr002302188-2012179063303_llc.fits'

     0K .......... .......... .......... .......... .......... 10% 42,7K 10s
    50K .......... .......... .......... .......... .......... 21% 85,8K 6s
   100K .......... .......... .......... .......... .......... 32%  129K 4s
   150K .......... .......... .......... .......... .......... 43%  256K 3s
   200K .......... .......... .......... .......... .......... 54%  207K 2s
   250K .......... .......... .......... .......... .......... 65%  146K 2s
   300K .......... .......... .......... .......... .......... 75%  130K 1s
   350K .......... .......... .......... .......... .......... 86%  257K 1s
   400K .......... .......... .......... .......... .......... 97%  255K 0s
   450K .......... .                                          100% 18,4M=3,7s

2018-12-09 13:06:52 (125 KB/s) - 'kplr002302188-2012179063303_llc.fits' saved [472320/472320]

--2018-12-09 13:06:52--  http://exoplanetarchive.ipac.caltech.edu/data/ETSS//Kepler/005/561/98/kplr002302188-2012179063303_llc_lc.tbl
Resolving exoplanetarchive.ipac.caltech.edu (exoplanetarchive.ipac.caltech.edu)... 134.4.54.147
Connecting to exoplanetarchive.ipac.caltech.edu (exoplanetarchive.ipac.caltech.edu)|134.4.54.147|:80... connected.
HTTP request sent, awaiting response... 302 Found
Location: https://exoplanetarchive.ipac.caltech.edu/data/ETSS//Kepler/005/561/98/kplr002302188-2012179063303_llc_lc.tbl [following]
--2018-12-09 13:06:53--  https://exoplanetarchive.ipac.caltech.edu/data/ETSS//Kepler/005/561/98/kplr002302188-2012179063303_llc_lc.tbl
Connecting to exoplanetarchive.ipac.caltech.edu (exoplanetarchive.ipac.caltech.edu)|134.4.54.147|:443... connected.
HTTP request sent, awaiting response... 200 OK
Length: 1429204 (1,4M) [text/plain]
Saving to: 'kplr002302188-2012179063303_llc_lc.tbl'

     0K .......... .......... .......... .......... ..........  3% 42,7K 32s
    50K .......... .......... .......... .......... ..........  7% 85,9K 23s
   100K .......... .......... .......... .......... .......... 10%  128K 18s
   150K .......... .......... .......... .......... .......... 14%  130K 15s
   200K .......... .......... .......... .......... .......... 17%  255K 12s
   250K .......... .......... .......... .......... .......... 21%  130K 11s
   300K .......... .......... .......... .......... .......... 25%  255K 10s
   350K .......... .......... .......... .......... .......... 28%  251K 9s
   400K .......... .......... .......... .......... .......... 32%  130K 8s
   450K .......... .......... .......... .......... .......... 35%  254K 7s
   500K .......... .......... .......... .......... .......... 39% 8,36M 6s
   550K .......... .......... .......... .......... .......... 42%  253K 6s
   600K .......... .......... .......... .......... .......... 46%  257K 5s
   650K .......... .......... .......... .......... .......... 50%  262K 5s
   700K .......... .......... .......... .......... .......... 53% 3,64M 4s
   750K .......... .......... .......... .......... .......... 57%  262K 4s
   800K .......... .......... .......... .......... .......... 60%  260K 3s
   850K .......... .......... .......... .......... .......... 64%  260K 3s
   900K .......... .......... .......... .......... .......... 68% 10,4M 2s
   950K .......... .......... .......... .......... .......... 71%  256K 2s
  1000K .......... .......... .......... .......... .......... 75% 11,1M 2s
  1050K .......... .......... .......... .......... .......... 78%  262K 2s
  1100K .......... .......... .......... .......... .......... 82% 10,1M 1s
  1150K .......... .......... .......... .......... .......... 85% 10,5M 1s
  1200K .......... .......... .......... .......... .......... 89%  260K 1s
  1250K .......... .......... .......... .......... .......... 93% 8,31M 0s
  1300K .......... .......... .......... .......... .......... 96%  260K 0s
  1350K .......... .......... .......... .......... .....     100% 10,6M=6,1s

2018-12-09 13:07:00 (230 KB/s) - 'kplr002302188-2012179063303_llc_lc.tbl' saved [1429204/1429204]

--2018-12-09 13:07:00--  http://exoplanetarchive.ipac.caltech.edu/data/ETSS//Kepler/005/578/66/kplr002302188-2012277125453_llc.fits
Resolving exoplanetarchive.ipac.caltech.edu (exoplanetarchive.ipac.caltech.edu)... 134.4.54.147
Connecting to exoplanetarchive.ipac.caltech.edu (exoplanetarchive.ipac.caltech.edu)|134.4.54.147|:80... connected.
HTTP request sent, awaiting response... 302 Found
Location: https://exoplanetarchive.ipac.caltech.edu/data/ETSS//Kepler/005/578/66/kplr002302188-2012277125453_llc.fits [following]
--2018-12-09 13:07:00--  https://exoplanetarchive.ipac.caltech.edu/data/ETSS//Kepler/005/578/66/kplr002302188-2012277125453_llc.fits
Connecting to exoplanetarchive.ipac.caltech.edu (exoplanetarchive.ipac.caltech.edu)|134.4.54.147|:443... connected.
HTTP request sent, awaiting response... 200 OK
Length: 506880 (495K) [image/x-fits]
Saving to: 'kplr002302188-2012277125453_llc.fits'

     0K .......... .......... .......... .......... .......... 10% 42,8K 10s
    50K .......... .......... .......... .......... .......... 20% 85,6K 7s
   100K .......... .......... .......... .......... .......... 30%  128K 5s
   150K .......... .......... .......... .......... .......... 40%  128K 4s
   200K .......... .......... .......... .......... .......... 50%  130K 3s
   250K .......... .......... .......... .......... .......... 60%  259K 2s
   300K .......... .......... .......... .......... .......... 70%  254K 1s
   350K .......... .......... .......... .......... .......... 80%  254K 1s
   400K .......... .......... .......... .......... .......... 90%  130K 0s
   450K .......... .......... .......... .......... .....     100% 12,6M=3,9s

2018-12-09 13:07:05 (127 KB/s) - 'kplr002302188-2012277125453_llc.fits' saved [506880/506880]

--2018-12-09 13:07:05--  http://exoplanetarchive.ipac.caltech.edu/data/ETSS//Kepler/005/595/36/kplr002302188-2012277125453_llc_lc.tbl
Resolving exoplanetarchive.ipac.caltech.edu (exoplanetarchive.ipac.caltech.edu)... 134.4.54.147
Connecting to exoplanetarchive.ipac.caltech.edu (exoplanetarchive.ipac.caltech.edu)|134.4.54.147|:80... connected.
HTTP request sent, awaiting response... 302 Found
Location: https://exoplanetarchive.ipac.caltech.edu/data/ETSS//Kepler/005/595/36/kplr002302188-2012277125453_llc_lc.tbl [following]
--2018-12-09 13:07:06--  https://exoplanetarchive.ipac.caltech.edu/data/ETSS//Kepler/005/595/36/kplr002302188-2012277125453_llc_lc.tbl
Connecting to exoplanetarchive.ipac.caltech.edu (exoplanetarchive.ipac.caltech.edu)|134.4.54.147|:443... connected.
HTTP request sent, awaiting response... 200 OK
Length: 1537415 (1,5M) [text/plain]
Saving to: 'kplr002302188-2012277125453_llc_lc.tbl'

     0K .......... .......... .......... .......... ..........  3% 42,9K 34s
    50K .......... .......... .......... .......... ..........  6% 86,2K 24s
   100K .......... .......... .......... .......... ..........  9%  129K 19s
   150K .......... .......... .......... .......... .......... 13%  255K 15s
   200K .......... .......... .......... .......... .......... 16%  129K 14s
   250K .......... .......... .......... .......... .......... 19%  130K 12s
   300K .......... .......... .......... .......... .......... 23%  255K 11s
   350K .......... .......... .......... .......... .......... 26%  253K 10s
   400K .......... .......... .......... .......... .......... 29%  251K 9s
   450K .......... .......... .......... .......... .......... 33%  254K 8s
   500K .......... .......... .......... .......... .......... 36%  251K 7s
   550K .......... .......... .......... .......... .......... 39%  260K 6s
   600K .......... .......... .......... .......... .......... 43%  263K 6s
   650K .......... .......... .......... .......... .......... 46%  256K 5s
   700K .......... .......... .......... .......... .......... 49% 3,15M 5s
   750K .......... .......... .......... .......... .......... 53%  277K 4s
   800K .......... .......... .......... .......... .......... 56%  255K 4s
   850K .......... .......... .......... .......... .......... 59%  260K 4s
   900K .......... .......... .......... .......... .......... 63%  258K 3s
   950K .......... .......... .......... .......... .......... 66% 11,1M 3s
  1000K .......... .......... .......... .......... .......... 69%  259K 2s
  1050K .......... .......... .......... .......... .......... 73% 8,46M 2s
  1100K .......... .......... .......... .......... .......... 76%  254K 2s
  1150K .......... .......... .......... .......... .......... 79% 12,0M 1s
  1200K .......... .......... .......... .......... .......... 83%  263K 1s
  1250K .......... .......... .......... .......... .......... 86%  266K 1s
  1300K .......... .......... .......... .......... .......... 89% 4,34M 1s
  1350K .......... .......... .......... .......... .......... 93%  272K 0s
  1400K .......... .......... .......... .......... .......... 96% 4,22M 0s
  1450K .......... .......... .......... .......... .......... 99% 4,32M 0s
  1500K .                                                     100% 8,99G=6,4s

2018-12-09 13:07:13 (233 KB/s) - 'kplr002302188-2012277125453_llc_lc.tbl' saved [1537415/1537415]

--2018-12-09 13:07:13--  http://exoplanetarchive.ipac.caltech.edu/data/ETSS//Kepler/005/612/05/kplr002302188-2013011073258_llc.fits
Resolving exoplanetarchive.ipac.caltech.edu (exoplanetarchive.ipac.caltech.edu)... 134.4.54.147
Connecting to exoplanetarchive.ipac.caltech.edu (exoplanetarchive.ipac.caltech.edu)|134.4.54.147|:80... connected.
HTTP request sent, awaiting response... 302 Found
Location: https://exoplanetarchive.ipac.caltech.edu/data/ETSS//Kepler/005/612/05/kplr002302188-2013011073258_llc.fits [following]
--2018-12-09 13:07:14--  https://exoplanetarchive.ipac.caltech.edu/data/ETSS//Kepler/005/612/05/kplr002302188-2013011073258_llc.fits
Connecting to exoplanetarchive.ipac.caltech.edu (exoplanetarchive.ipac.caltech.edu)|134.4.54.147|:443... connected.
HTTP request sent, awaiting response... 200 OK
Length: 506880 (495K) [image/x-fits]
Saving to: 'kplr002302188-2013011073258_llc.fits'

     0K .......... .......... .......... .......... .......... 10% 42,9K 10s
    50K .......... .......... .......... .......... .......... 20%  116K 6s
   100K .......... .......... .......... .......... .......... 30%  128K 5s
   150K .......... .......... .......... .......... .......... 40%  130K 4s
   200K .......... .......... .......... .......... .......... 50%  250K 3s
   250K .......... .......... .......... .......... .......... 60%  131K 2s
   300K .......... .......... .......... .......... .......... 70%  251K 1s
   350K .......... .......... .......... .......... .......... 80%  257K 1s
   400K .......... .......... .......... .......... .......... 90%  253K 0s
   450K .......... .......... .......... .......... .....     100%  227K=3,7s

2018-12-09 13:07:18 (132 KB/s) - 'kplr002302188-2013011073258_llc.fits' saved [506880/506880]

--2018-12-09 13:07:19--  http://exoplanetarchive.ipac.caltech.edu/data/ETSS//Kepler/005/628/53/kplr002302188-2013011073258_llc_lc.tbl
Resolving exoplanetarchive.ipac.caltech.edu (exoplanetarchive.ipac.caltech.edu)... 134.4.54.147
Connecting to exoplanetarchive.ipac.caltech.edu (exoplanetarchive.ipac.caltech.edu)|134.4.54.147|:80... connected.
HTTP request sent, awaiting response... 302 Found
Location: https://exoplanetarchive.ipac.caltech.edu/data/ETSS//Kepler/005/628/53/kplr002302188-2013011073258_llc_lc.tbl [following]
--2018-12-09 13:07:19--  https://exoplanetarchive.ipac.caltech.edu/data/ETSS//Kepler/005/628/53/kplr002302188-2013011073258_llc_lc.tbl
Connecting to exoplanetarchive.ipac.caltech.edu (exoplanetarchive.ipac.caltech.edu)|134.4.54.147|:443... connected.
HTTP request sent, awaiting response... 200 OK
Length: 1544803 (1,5M) [text/plain]
Saving to: 'kplr002302188-2013011073258_llc_lc.tbl'

     0K .......... .......... .......... .......... ..........  3% 43,3K 34s
    50K .......... .......... .......... .......... ..........  6%  116K 22s
   100K .......... .......... .......... .......... ..........  9%  129K 18s
   150K .......... .......... .......... .......... .......... 13%  128K 15s
   200K .......... .......... .......... .......... .......... 16%  257K 13s
   250K .......... .......... .......... .......... .......... 19%  259K 11s
   300K .......... .......... .......... .......... .......... 23%  130K 10s
   350K .......... .......... .......... .......... .......... 26%  128K 10s
   400K .......... .......... .......... .......... .......... 29%  129K 9s
   450K .......... .......... .......... .......... .......... 33%  254K 8s
   500K .......... .......... .......... .......... .......... 36% 9,94M 7s
   550K .......... .......... .......... .......... .......... 39%  255K 7s
   600K .......... .......... .......... .......... .......... 43%  132K 6s
   650K .......... .......... .......... .......... .......... 46% 3,98M 5s
   700K .......... .......... .......... .......... .......... 49%  258K 5s
   750K .......... .......... .......... .......... .......... 53%  269K 5s
   800K .......... .......... .......... .......... .......... 56%  260K 4s
   850K .......... .......... .......... .......... .......... 59%  255K 4s
   900K .......... .......... .......... .......... .......... 62% 15,1M 3s
   950K .......... .......... .......... .......... .......... 66%  253K 3s
  1000K .......... .......... .......... .......... .......... 69%  266K 3s
  1050K .......... .......... .......... .......... .......... 72% 5,14M 2s
  1100K .......... .......... .......... .......... .......... 76%  263K 2s
  1150K .......... .......... .......... .......... .......... 79%  259K 2s
  1200K .......... .......... .......... .......... .......... 82%  260K 1s
  1250K .......... .......... .......... .......... .......... 86% 11,0M 1s
  1300K .......... .......... .......... .......... .......... 89%  265K 1s
  1350K .......... .......... .......... .......... .......... 92% 5,43M 1s
  1400K .......... .......... .......... .......... .......... 96%  272K 0s
  1450K .......... .......... .......... .......... .......... 99% 12,5M 0s
  1500K ........                                              100% 2,43M=6,8s

2018-12-09 13:07:27 (220 KB/s) - 'kplr002302188-2013011073258_llc_lc.tbl' saved [1544803/1544803]

--2018-12-09 13:07:27--  http://exoplanetarchive.ipac.caltech.edu/data/ETSS//Kepler/005/645/00/kplr002302188-2013098041711_llc.fits
Resolving exoplanetarchive.ipac.caltech.edu (exoplanetarchive.ipac.caltech.edu)... 134.4.54.147
Connecting to exoplanetarchive.ipac.caltech.edu (exoplanetarchive.ipac.caltech.edu)|134.4.54.147|:80... connected.
HTTP request sent, awaiting response... 302 Found
Location: https://exoplanetarchive.ipac.caltech.edu/data/ETSS//Kepler/005/645/00/kplr002302188-2013098041711_llc.fits [following]
--2018-12-09 13:07:27--  https://exoplanetarchive.ipac.caltech.edu/data/ETSS//Kepler/005/645/00/kplr002302188-2013098041711_llc.fits
Connecting to exoplanetarchive.ipac.caltech.edu (exoplanetarchive.ipac.caltech.edu)|134.4.54.147|:443... connected.
HTTP request sent, awaiting response... 200 OK
Length: 449280 (439K) [image/x-fits]
Saving to: 'kplr002302188-2013098041711_llc.fits'

     0K .......... .......... .......... .......... .......... 11% 43,1K 9s
    50K .......... .......... .......... .......... .......... 22% 85,2K 6s
   100K .......... .......... .......... .......... .......... 34% 86,2K 4s
   150K .......... .......... .......... .......... .......... 45%  254K 3s
   200K .......... .......... .......... .......... .......... 56%  128K 2s
   250K .......... .......... .......... .......... .......... 68%  130K 2s
   300K .......... .......... .......... .......... .......... 79%  255K 1s
   350K .......... .......... .......... .......... .......... 91%  263K 0s
   400K .......... .......... .......... ........             100% 1,81M=3,7s

2018-12-09 13:07:32 (118 KB/s) - 'kplr002302188-2013098041711_llc.fits' saved [449280/449280]

--2018-12-09 13:07:32--  http://exoplanetarchive.ipac.caltech.edu/data/ETSS//Kepler/005/661/76/kplr002302188-2013098041711_llc_lc.tbl
Resolving exoplanetarchive.ipac.caltech.edu (exoplanetarchive.ipac.caltech.edu)... 134.4.54.147
Connecting to exoplanetarchive.ipac.caltech.edu (exoplanetarchive.ipac.caltech.edu)|134.4.54.147|:80... connected.
HTTP request sent, awaiting response... 302 Found
Location: https://exoplanetarchive.ipac.caltech.edu/data/ETSS//Kepler/005/661/76/kplr002302188-2013098041711_llc_lc.tbl [following]
--2018-12-09 13:07:33--  https://exoplanetarchive.ipac.caltech.edu/data/ETSS//Kepler/005/661/76/kplr002302188-2013098041711_llc_lc.tbl
Connecting to exoplanetarchive.ipac.caltech.edu (exoplanetarchive.ipac.caltech.edu)|134.4.54.147|:443... connected.
HTTP request sent, awaiting response... 200 OK
Length: 1359188 (1,3M) [text/plain]
Saving to: 'kplr002302188-2013098041711_llc_lc.tbl'

     0K .......... .......... .......... .......... ..........  3% 43,2K 30s
    50K .......... .......... .......... .......... ..........  7% 86,0K 21s
   100K .......... .......... .......... .......... .......... 11%  130K 17s
   150K .......... .......... .......... .......... .......... 15%  130K 14s
   200K .......... .......... .......... .......... .......... 18%  130K 12s
   250K .......... .......... .......... .......... .......... 22%  131K 11s
   300K .......... .......... .......... .......... .......... 26%  258K 10s
   350K .......... .......... .......... .......... .......... 30%  260K 8s
   400K .......... .......... .......... .......... .......... 33% 87,3K 8s
   450K .......... .......... .......... .......... .......... 37%  256K 7s
   500K .......... .......... .......... .......... .......... 41%  130K 7s
   550K .......... .......... .......... .......... .......... 45%  261K 6s
   600K .......... .......... .......... .......... .......... 48%  260K 5s
   650K .......... .......... .......... .......... .......... 52%  260K 5s
   700K .......... .......... .......... .......... .......... 56%  261K 4s
   750K .......... .......... .......... .......... .......... 60%  254K 4s
   800K .......... .......... .......... .......... .......... 64%  259K 3s
   850K .......... .......... .......... .......... .......... 67%  262K 3s
   900K .......... .......... .......... .......... .......... 71% 8,23M 2s
   950K .......... .......... .......... .......... .......... 75%  258K 2s
  1000K .......... .......... .......... .......... .......... 79%  268K 2s
  1050K .......... .......... .......... .......... .......... 82%  262K 1s
  1100K .......... .......... .......... .......... .......... 86% 5,06M 1s
  1150K .......... .......... .......... .......... .......... 90%  255K 1s
  1200K .......... .......... .......... .......... .......... 94%  260K 0s
  1250K .......... .......... .......... .......... .......... 97%  277K 0s
  1300K .......... .......... .......                         100% 1,45M=7,3s

2018-12-09 13:07:41 (181 KB/s) - 'kplr002302188-2013098041711_llc_lc.tbl' saved [1359188/1359188]

--2018-12-09 13:07:41--  http://exoplanetarchive.ipac.caltech.edu/data/ETSS//Kepler/005/678/51/kplr002302188-2013131215648_llc.fits
Resolving exoplanetarchive.ipac.caltech.edu (exoplanetarchive.ipac.caltech.edu)... 134.4.54.147
Connecting to exoplanetarchive.ipac.caltech.edu (exoplanetarchive.ipac.caltech.edu)|134.4.54.147|:80... connected.
HTTP request sent, awaiting response... 302 Found
Location: https://exoplanetarchive.ipac.caltech.edu/data/ETSS//Kepler/005/678/51/kplr002302188-2013131215648_llc.fits [following]
--2018-12-09 13:07:41--  https://exoplanetarchive.ipac.caltech.edu/data/ETSS//Kepler/005/678/51/kplr002302188-2013131215648_llc.fits
Connecting to exoplanetarchive.ipac.caltech.edu (exoplanetarchive.ipac.caltech.edu)|134.4.54.147|:443... connected.
HTTP request sent, awaiting response... 200 OK
Length: 187200 (183K) [image/x-fits]
Saving to: 'kplr002302188-2013131215648_llc.fits'

     0K .......... .......... .......... .......... .......... 27% 42,9K 3s
    50K .......... .......... .......... .......... .......... 54% 86,2K 1s
   100K .......... .......... .......... .......... .......... 82%  128K 0s
   150K .......... .......... .......... ..                   100%  164K=2,3s

2018-12-09 13:07:45 (78,2 KB/s) - 'kplr002302188-2013131215648_llc.fits' saved [187200/187200]

--2018-12-09 13:07:45--  http://exoplanetarchive.ipac.caltech.edu/data/ETSS//Kepler/005/695/27/kplr002302188-2013131215648_llc_lc.tbl
Resolving exoplanetarchive.ipac.caltech.edu (exoplanetarchive.ipac.caltech.edu)... 134.4.54.147
Connecting to exoplanetarchive.ipac.caltech.edu (exoplanetarchive.ipac.caltech.edu)|134.4.54.147|:80... connected.
HTTP request sent, awaiting response... 302 Found
Location: https://exoplanetarchive.ipac.caltech.edu/data/ETSS//Kepler/005/695/27/kplr002302188-2013131215648_llc_lc.tbl [following]
--2018-12-09 13:07:45--  https://exoplanetarchive.ipac.caltech.edu/data/ETSS//Kepler/005/695/27/kplr002302188-2013131215648_llc_lc.tbl
Connecting to exoplanetarchive.ipac.caltech.edu (exoplanetarchive.ipac.caltech.edu)|134.4.54.147|:443... connected.
HTTP request sent, awaiting response... 200 OK
Length: 506659 (495K) [text/plain]
Saving to: 'kplr002302188-2013131215648_llc_lc.tbl'

     0K .......... .......... .......... .......... .......... 10% 43,0K 10s
    50K .......... .......... .......... .......... .......... 20%  126K 6s
   100K .......... .......... .......... .......... .......... 30%  128K 4s
   150K .......... .......... .......... .......... .......... 40%  131K 3s
   200K .......... .......... .......... .......... .......... 50%  255K 2s
   250K .......... .......... .......... .......... .......... 60%  130K 2s
   300K .......... .......... .......... .......... .......... 70%  251K 1s
   350K .......... .......... .......... .......... .......... 80%  258K 1s
   400K .......... .......... .......... .......... .......... 90%  249K 0s
   450K .......... .......... .......... .......... ....      100% 8,16M=3,5s

2018-12-09 13:07:50 (141 KB/s) - 'kplr002302188-2013131215648_llc_lc.tbl' saved [506659/506659]

