--2019-04-13 18:54:26--  http://exoplanetarchive.ipac.caltech.edu/data/ETSS//Kepler/005/147/81/kplr000892376-2009166043257_llc.fits
Resolving exoplanetarchive.ipac.caltech.edu (exoplanetarchive.ipac.caltech.edu)... 134.4.54.147
Connecting to exoplanetarchive.ipac.caltech.edu (exoplanetarchive.ipac.caltech.edu)|134.4.54.147|:80... connected.
HTTP request sent, awaiting response... 302 Found
Location: https://exoplanetarchive.ipac.caltech.edu/data/ETSS//Kepler/005/147/81/kplr000892376-2009166043257_llc.fits [following]
--2019-04-13 18:54:27--  https://exoplanetarchive.ipac.caltech.edu/data/ETSS//Kepler/005/147/81/kplr000892376-2009166043257_llc.fits
Connecting to exoplanetarchive.ipac.caltech.edu (exoplanetarchive.ipac.caltech.edu)|134.4.54.147|:443... connected.
HTTP request sent, awaiting response... 200 OK
Length: 192960 (188K) [image/x-fits]
Saving to: 'kplr000892376-2009166043257_llc.fits'

     0K .......... .......... .......... .......... .......... 26% 47,3K 3s
    50K .......... .......... .......... .......... .......... 53% 98,6K 1s
   100K .......... .......... .......... .......... .......... 79%  135K 0s
   150K .......... .......... .......... ........             100%  215K=2,1s

2019-04-13 18:54:30 (89,1 KB/s) - 'kplr000892376-2009166043257_llc.fits' saved [192960/192960]

--2019-04-13 18:54:30--  http://exoplanetarchive.ipac.caltech.edu/data/ETSS//Kepler/005/163/43/kplr000892376-2009166043257_llc_lc.tbl
Resolving exoplanetarchive.ipac.caltech.edu (exoplanetarchive.ipac.caltech.edu)... 134.4.54.147
Connecting to exoplanetarchive.ipac.caltech.edu (exoplanetarchive.ipac.caltech.edu)|134.4.54.147|:80... connected.
HTTP request sent, awaiting response... 302 Found
Location: https://exoplanetarchive.ipac.caltech.edu/data/ETSS//Kepler/005/163/43/kplr000892376-2009166043257_llc_lc.tbl [following]
--2019-04-13 18:54:30--  https://exoplanetarchive.ipac.caltech.edu/data/ETSS//Kepler/005/163/43/kplr000892376-2009166043257_llc_lc.tbl
Connecting to exoplanetarchive.ipac.caltech.edu (exoplanetarchive.ipac.caltech.edu)|134.4.54.147|:443... connected.
HTTP request sent, awaiting response... 200 OK
Length: 533396 (521K) [text/plain]
Saving to: 'kplr000892376-2009166043257_llc_lc.tbl'

     0K .......... .......... .......... .......... ..........  9% 53,1K 9s
    50K .......... .......... .......... .......... .......... 19%  155K 5s
   100K .......... .......... .......... .......... .......... 28%  158K 4s
   150K .......... .......... .......... .......... .......... 38%  159K 3s
   200K .......... .......... .......... .......... .......... 47%  300K 2s
   250K .......... .......... .......... .......... .......... 57%  240K 2s
   300K .......... .......... .......... .......... .......... 67%  437K 1s
   350K .......... .......... .......... .......... .......... 76%  307K 1s
   400K .......... .......... .......... .......... .......... 86%  290K 0s
   450K .......... .......... .......... .......... .......... 95%  307K 0s
   500K .......... ..........                                 100% 6,93M=2,9s

2019-04-13 18:54:34 (181 KB/s) - 'kplr000892376-2009166043257_llc_lc.tbl' saved [533396/533396]

--2019-04-13 18:54:34--  http://exoplanetarchive.ipac.caltech.edu/data/ETSS//Kepler/005/212/33/kplr000892376-2009259160929_llc.fits
Resolving exoplanetarchive.ipac.caltech.edu (exoplanetarchive.ipac.caltech.edu)... 134.4.54.147
Connecting to exoplanetarchive.ipac.caltech.edu (exoplanetarchive.ipac.caltech.edu)|134.4.54.147|:80... connected.
HTTP request sent, awaiting response... 302 Found
Location: https://exoplanetarchive.ipac.caltech.edu/data/ETSS//Kepler/005/212/33/kplr000892376-2009259160929_llc.fits [following]
--2019-04-13 18:54:34--  https://exoplanetarchive.ipac.caltech.edu/data/ETSS//Kepler/005/212/33/kplr000892376-2009259160929_llc.fits
Connecting to exoplanetarchive.ipac.caltech.edu (exoplanetarchive.ipac.caltech.edu)|134.4.54.147|:443... connected.
HTTP request sent, awaiting response... 200 OK
Length: 466560 (456K) [image/x-fits]
Saving to: 'kplr000892376-2009259160929_llc.fits'

     0K .......... .......... .......... .......... .......... 10% 62,9K 6s
    50K .......... .......... .......... .......... .......... 21%  165K 4s
   100K .......... .......... .......... .......... .......... 32%  166K 3s
   150K .......... .......... .......... .......... .......... 43%  186K 2s
   200K .......... .......... .......... .......... .......... 54%  304K 2s
   250K .......... .......... .......... .......... .......... 65%  289K 1s
   300K .......... .......... .......... .......... .......... 76%  361K 1s
   350K .......... .......... .......... .......... .......... 87%  318K 0s
   400K .......... .......... .......... .......... .......... 98% 1,22M 0s
   450K .....                                                 100%  107G=2,3s

2019-04-13 18:54:37 (195 KB/s) - 'kplr000892376-2009259160929_llc.fits' saved [466560/466560]

--2019-04-13 18:54:37--  http://exoplanetarchive.ipac.caltech.edu/data/ETSS//Kepler/005/228/96/kplr000892376-2009259160929_llc_lc.tbl
Resolving exoplanetarchive.ipac.caltech.edu (exoplanetarchive.ipac.caltech.edu)... 134.4.54.147
Connecting to exoplanetarchive.ipac.caltech.edu (exoplanetarchive.ipac.caltech.edu)|134.4.54.147|:80... connected.
HTTP request sent, awaiting response... 302 Found
Location: https://exoplanetarchive.ipac.caltech.edu/data/ETSS//Kepler/005/228/96/kplr000892376-2009259160929_llc_lc.tbl [following]
--2019-04-13 18:54:38--  https://exoplanetarchive.ipac.caltech.edu/data/ETSS//Kepler/005/228/96/kplr000892376-2009259160929_llc_lc.tbl
Connecting to exoplanetarchive.ipac.caltech.edu (exoplanetarchive.ipac.caltech.edu)|134.4.54.147|:443... connected.
HTTP request sent, awaiting response... 200 OK
Length: 1407804 (1,3M) [text/plain]
Saving to: 'kplr000892376-2009259160929_llc_lc.tbl'

     0K .......... .......... .......... .......... ..........  3% 53,8K 25s
    50K .......... .......... .......... .......... ..........  7% 99,8K 18s
   100K .......... .......... .......... .......... .......... 10%  142K 15s
   150K .......... .......... .......... .......... .......... 14%  273K 12s
   200K .......... .......... .......... .......... .......... 18%  159K 10s
   250K .......... .......... .......... .......... .......... 21%  317K 9s
   300K .......... .......... .......... .......... .......... 25%  308K 8s
   350K .......... .......... .......... .......... .......... 29%  308K 7s
   400K .......... .......... .......... .......... .......... 32%  297K 6s
   450K .......... .......... .......... .......... .......... 36%  328K 5s
   500K .......... .......... .......... .......... .......... 40% 2,19M 5s
   550K .......... .......... .......... .......... .......... 43%  324K 4s
   600K .......... .......... .......... .......... .......... 47%  340K 4s
   650K .......... .......... .......... .......... .......... 50% 2,10M 3s
   700K .......... .......... .......... .......... .......... 54%  314K 3s
   750K .......... .......... .......... .......... .......... 58%  393K 3s
   800K .......... .......... .......... .......... .......... 61% 1,07M 2s
   850K .......... .......... .......... .......... .......... 65%  367K 2s
   900K .......... .......... .......... .......... .......... 69% 1,52M 2s
   950K .......... .......... .......... .......... .......... 72% 2,54M 1s
  1000K .......... .......... .......... .......... .......... 76%  369K 1s
  1050K .......... .......... .......... .......... .......... 80%  366K 1s
  1100K .......... .......... .......... .......... .......... 83% 2,49M 1s
  1150K .......... .......... .......... .......... .......... 87% 2,28M 1s
  1200K .......... .......... .......... .......... .......... 90%  343K 0s
  1250K .......... .......... .......... .......... .......... 94% 1,82M 0s
  1300K .......... .......... .......... .......... .......... 98%  374K 0s
  1350K .......... .......... ....                            100% 4,30M=4,6s

2019-04-13 18:54:43 (300 KB/s) - 'kplr000892376-2009259160929_llc_lc.tbl' saved [1407804/1407804]

--2019-04-13 18:54:43--  http://exoplanetarchive.ipac.caltech.edu/data/ETSS//Kepler/005/245/60/kplr000892376-2009350155506_llc.fits
Resolving exoplanetarchive.ipac.caltech.edu (exoplanetarchive.ipac.caltech.edu)... 134.4.54.147
Connecting to exoplanetarchive.ipac.caltech.edu (exoplanetarchive.ipac.caltech.edu)|134.4.54.147|:80... connected.
HTTP request sent, awaiting response... 302 Found
Location: https://exoplanetarchive.ipac.caltech.edu/data/ETSS//Kepler/005/245/60/kplr000892376-2009350155506_llc.fits [following]
--2019-04-13 18:54:44--  https://exoplanetarchive.ipac.caltech.edu/data/ETSS//Kepler/005/245/60/kplr000892376-2009350155506_llc.fits
Connecting to exoplanetarchive.ipac.caltech.edu (exoplanetarchive.ipac.caltech.edu)|134.4.54.147|:443... connected.
HTTP request sent, awaiting response... 200 OK
Length: 466560 (456K) [image/x-fits]
Saving to: 'kplr000892376-2009350155506_llc.fits'

     0K .......... .......... .......... .......... .......... 10% 53,3K 8s
    50K .......... .......... .......... .......... .......... 21%  107K 5s
   100K .......... .......... .......... .......... .......... 32%  150K 4s
   150K .......... .......... .......... .......... .......... 43%  285K 2s
   200K .......... .......... .......... .......... .......... 54%  156K 2s
   250K .......... .......... .......... .......... .......... 65%  312K 1s
   300K .......... .......... .......... .......... .......... 76%  300K 1s
   350K .......... .......... .......... .......... .......... 87%  291K 0s
   400K .......... .......... .......... .......... .......... 98%  289K 0s
   450K .....                                                 100%  107G=2,9s

2019-04-13 18:54:47 (157 KB/s) - 'kplr000892376-2009350155506_llc.fits' saved [466560/466560]

--2019-04-13 18:54:47--  http://exoplanetarchive.ipac.caltech.edu/data/ETSS//Kepler/005/262/16/kplr000892376-2009350155506_llc_lc.tbl
Resolving exoplanetarchive.ipac.caltech.edu (exoplanetarchive.ipac.caltech.edu)... 134.4.54.147
Connecting to exoplanetarchive.ipac.caltech.edu (exoplanetarchive.ipac.caltech.edu)|134.4.54.147|:80... connected.
HTTP request sent, awaiting response... 302 Found
Location: https://exoplanetarchive.ipac.caltech.edu/data/ETSS//Kepler/005/262/16/kplr000892376-2009350155506_llc_lc.tbl [following]
--2019-04-13 18:54:48--  https://exoplanetarchive.ipac.caltech.edu/data/ETSS//Kepler/005/262/16/kplr000892376-2009350155506_llc_lc.tbl
Connecting to exoplanetarchive.ipac.caltech.edu (exoplanetarchive.ipac.caltech.edu)|134.4.54.147|:443... connected.
HTTP request sent, awaiting response... 200 OK
Length: 1412959 (1,3M) [text/plain]
Saving to: 'kplr000892376-2009350155506_llc_lc.tbl'

     0K .......... .......... .......... .......... ..........  3% 53,2K 25s
    50K .......... .......... .......... .......... ..........  7%  153K 16s
   100K .......... .......... .......... .......... .......... 10%  235K 12s
   150K .......... .......... .......... .......... .......... 14%  185K 10s
   200K .......... .......... .......... .......... .......... 18%  296K 9s
   250K .......... .......... .......... .......... .......... 21%  294K 8s
   300K .......... .......... .......... .......... .......... 25%  344K 7s
   350K .......... .......... .......... .......... .......... 28%  315K 6s
   400K .......... .......... .......... .......... .......... 32%  243K 5s
   450K .......... .......... .......... .......... .......... 36% 2,32M 5s
   500K .......... .......... .......... .......... .......... 39%  316K 4s
   550K .......... .......... .......... .......... .......... 43%  316K 4s
   600K .......... .......... .......... .......... .......... 47%  328K 3s
   650K .......... .......... .......... .......... .......... 50% 1,57M 3s
   700K .......... .......... .......... .......... .......... 54%  300K 3s
   750K .......... .......... .......... .......... .......... 57%  362K 2s
   800K .......... .......... .......... .......... .......... 61%  320K 2s
   850K .......... .......... .......... .......... .......... 65% 2,35M 2s
   900K .......... .......... .......... .......... .......... 68% 2,64M 2s
   950K .......... .......... .......... .......... .......... 72%  333K 1s
  1000K .......... .......... .......... .......... .......... 76%  360K 1s
  1050K .......... .......... .......... .......... .......... 79% 1,92M 1s
  1100K .......... .......... .......... .......... .......... 83% 2,28M 1s
  1150K .......... .......... .......... .......... .......... 86%  376K 1s
  1200K .......... .......... .......... .......... .......... 90% 1,31M 0s
  1250K .......... .......... .......... .......... .......... 94%  360K 0s
  1300K .......... .......... .......... .......... .......... 97% 2,19M 0s
  1350K .......... .......... .........                       100% 3,29M=4,3s

2019-04-13 18:54:53 (321 KB/s) - 'kplr000892376-2009350155506_llc_lc.tbl' saved [1412959/1412959]

--2019-04-13 18:54:53--  http://exoplanetarchive.ipac.caltech.edu/data/ETSS//Kepler/005/344/86/kplr000892376-2010078095331_llc.fits
Resolving exoplanetarchive.ipac.caltech.edu (exoplanetarchive.ipac.caltech.edu)... 134.4.54.147
Connecting to exoplanetarchive.ipac.caltech.edu (exoplanetarchive.ipac.caltech.edu)|134.4.54.147|:80... connected.
HTTP request sent, awaiting response... 302 Found
Location: https://exoplanetarchive.ipac.caltech.edu/data/ETSS//Kepler/005/344/86/kplr000892376-2010078095331_llc.fits [following]
--2019-04-13 18:54:53--  https://exoplanetarchive.ipac.caltech.edu/data/ETSS//Kepler/005/344/86/kplr000892376-2010078095331_llc.fits
Connecting to exoplanetarchive.ipac.caltech.edu (exoplanetarchive.ipac.caltech.edu)|134.4.54.147|:443... connected.
HTTP request sent, awaiting response... 200 OK
Length: 469440 (458K) [image/x-fits]
Saving to: 'kplr000892376-2010078095331_llc.fits'

     0K .......... .......... .......... .......... .......... 10% 53,3K 8s
    50K .......... .......... .......... .......... .......... 21%  155K 5s
   100K .......... .......... .......... .......... .......... 32%  159K 3s
   150K .......... .......... .......... .......... .......... 43%  163K 2s
   200K .......... .......... .......... .......... .......... 54%  166K 2s
   250K .......... .......... .......... .......... .......... 65%  320K 1s
   300K .......... .......... .......... .......... .......... 76%  301K 1s
   350K .......... .......... .......... .......... .......... 87%  317K 0s
   400K .......... .......... .......... .......... .......... 98%  310K 0s
   450K ........                                              100% 13,1M=2,8s

2019-04-13 18:54:57 (162 KB/s) - 'kplr000892376-2010078095331_llc.fits' saved [469440/469440]

--2019-04-13 18:54:57--  http://exoplanetarchive.ipac.caltech.edu/data/ETSS//Kepler/005/361/85/kplr000892376-2010078095331_llc_lc.tbl
Resolving exoplanetarchive.ipac.caltech.edu (exoplanetarchive.ipac.caltech.edu)... 134.4.54.147
Connecting to exoplanetarchive.ipac.caltech.edu (exoplanetarchive.ipac.caltech.edu)|134.4.54.147|:80... connected.
HTTP request sent, awaiting response... 302 Found
Location: https://exoplanetarchive.ipac.caltech.edu/data/ETSS//Kepler/005/361/85/kplr000892376-2010078095331_llc_lc.tbl [following]
--2019-04-13 18:54:57--  https://exoplanetarchive.ipac.caltech.edu/data/ETSS//Kepler/005/361/85/kplr000892376-2010078095331_llc_lc.tbl
Connecting to exoplanetarchive.ipac.caltech.edu (exoplanetarchive.ipac.caltech.edu)|134.4.54.147|:443... connected.
HTTP request sent, awaiting response... 200 OK
Length: 1421635 (1,4M) [text/plain]
Saving to: 'kplr000892376-2010078095331_llc_lc.tbl'

     0K .......... .......... .......... .......... ..........  3% 59,8K 22s
    50K .......... .......... .......... .......... ..........  7%  159K 15s
   100K .......... .......... .......... .......... .......... 10%  161K 12s
   150K .......... .......... .......... .......... .......... 14%  283K 10s
   200K .......... .......... .......... .......... .......... 18%  277K 8s
   250K .......... .......... .......... .......... .......... 21%  265K 7s
   300K .......... .......... .......... .......... .......... 25%  293K 6s
   350K .......... .......... .......... .......... .......... 28%  305K 6s
   400K .......... .......... .......... .......... .......... 32%  289K 5s
   450K .......... .......... .......... .......... .......... 36%  335K 5s
   500K .......... .......... .......... .......... .......... 39%  816K 4s
   550K .......... .......... .......... .......... .......... 43%  321K 4s
   600K .......... .......... .......... .......... .......... 46%  475K 3s
   650K .......... .......... .......... .......... .......... 50%  746K 3s
   700K .......... .......... .......... .......... .......... 54%  495K 3s
   750K .......... .......... .......... .......... .......... 57%  333K 2s
   800K .......... .......... .......... .......... .......... 61%  756K 2s
   850K .......... .......... .......... .......... .......... 64%  481K 2s
   900K .......... .......... .......... .......... .......... 68% 2,64M 2s
   950K .......... .......... .......... .......... .......... 72%  787K 1s
  1000K .......... .......... .......... .......... .......... 75%  439K 1s
  1050K .......... .......... .......... .......... .......... 79%  978K 1s
  1100K .......... .......... .......... .......... .......... 82% 3,17M 1s
  1150K .......... .......... .......... .......... .......... 86%  448K 1s
  1200K .......... .......... .......... .......... .......... 90%  831K 0s
  1250K .......... .......... .......... .......... .......... 93%  496K 0s
  1300K .......... .......... .......... .......... .......... 97%  909K 0s
  1350K .......... .......... .......... ........             100% 3,99M=4,1s

2019-04-13 18:55:02 (341 KB/s) - 'kplr000892376-2010078095331_llc_lc.tbl' saved [1421635/1421635]

--2019-04-13 18:55:03--  http://exoplanetarchive.ipac.caltech.edu/data/ETSS//Kepler/005/179/06/kplr000892376-2010174085026_llc.fits
Resolving exoplanetarchive.ipac.caltech.edu (exoplanetarchive.ipac.caltech.edu)... 134.4.54.147
Connecting to exoplanetarchive.ipac.caltech.edu (exoplanetarchive.ipac.caltech.edu)|134.4.54.147|:80... connected.
HTTP request sent, awaiting response... 302 Found
Location: https://exoplanetarchive.ipac.caltech.edu/data/ETSS//Kepler/005/179/06/kplr000892376-2010174085026_llc.fits [following]
--2019-04-13 18:55:03--  https://exoplanetarchive.ipac.caltech.edu/data/ETSS//Kepler/005/179/06/kplr000892376-2010174085026_llc.fits
Connecting to exoplanetarchive.ipac.caltech.edu (exoplanetarchive.ipac.caltech.edu)|134.4.54.147|:443... connected.
HTTP request sent, awaiting response... 200 OK
Length: 492480 (481K) [image/x-fits]
Saving to: 'kplr000892376-2010174085026_llc.fits'

     0K .......... .......... .......... .......... .......... 10% 54,0K 8s
    50K .......... .......... .......... .......... .......... 20%  158K 5s
   100K .......... .......... .......... .......... .......... 31%  164K 3s
   150K .......... .......... .......... .......... .......... 41%  302K 2s
   200K .......... .......... .......... .......... .......... 51%  286K 2s
   250K .......... .......... .......... .......... .......... 62%  256K 1s
   300K .......... .......... .......... .......... .......... 72%  175K 1s
   350K .......... .......... .......... .......... .......... 83%  269K 1s
   400K .......... .......... .......... .......... .......... 93%  305K 0s
   450K .......... .......... ..........                      100% 4,96M=2,7s

2019-04-13 18:55:06 (176 KB/s) - 'kplr000892376-2010174085026_llc.fits' saved [492480/492480]

--2019-04-13 18:55:06--  http://exoplanetarchive.ipac.caltech.edu/data/ETSS//Kepler/005/195/69/kplr000892376-2010174085026_llc_lc.tbl
Resolving exoplanetarchive.ipac.caltech.edu (exoplanetarchive.ipac.caltech.edu)... 134.4.54.147
Connecting to exoplanetarchive.ipac.caltech.edu (exoplanetarchive.ipac.caltech.edu)|134.4.54.147|:80... connected.
HTTP request sent, awaiting response... 302 Found
Location: https://exoplanetarchive.ipac.caltech.edu/data/ETSS//Kepler/005/195/69/kplr000892376-2010174085026_llc_lc.tbl [following]
--2019-04-13 18:55:07--  https://exoplanetarchive.ipac.caltech.edu/data/ETSS//Kepler/005/195/69/kplr000892376-2010174085026_llc_lc.tbl
Connecting to exoplanetarchive.ipac.caltech.edu (exoplanetarchive.ipac.caltech.edu)|134.4.54.147|:443... connected.
HTTP request sent, awaiting response... 200 OK
Length: 1497947 (1,4M) [text/plain]
Saving to: 'kplr000892376-2010174085026_llc_lc.tbl'

     0K .......... .......... .......... .......... ..........  3% 55,4K 25s
    50K .......... .......... .......... .......... ..........  6%  160K 17s
   100K .......... .......... .......... .......... .......... 10%  145K 14s
   150K .......... .......... .......... .......... .......... 13%  303K 11s
   200K .......... .......... .......... .......... .......... 17%  163K 10s
   250K .......... .......... .......... .......... .......... 20%  319K 8s
   300K .......... .......... .......... .......... .......... 23%  312K 7s
   350K .......... .......... .......... .......... .......... 27%  317K 7s
   400K .......... .......... .......... .......... .......... 30%  315K 6s
   450K .......... .......... .......... .......... .......... 34%  355K 5s
   500K .......... .......... .......... .......... .......... 37% 1,47M 5s
   550K .......... .......... .......... .......... .......... 41%  327K 4s
   600K .......... .......... .......... .......... .......... 44%  361K 4s
   650K .......... .......... .......... .......... .......... 47% 1,43M 3s
   700K .......... .......... .......... .......... .......... 51% 1,85M 3s
   750K .......... .......... .......... .......... .......... 54%  367K 3s
   800K .......... .......... .......... .......... .......... 58%  378K 2s
   850K .......... .......... .......... .......... .......... 61% 1,32M 2s
   900K .......... .......... .......... .......... .......... 64%  385K 2s
   950K .......... .......... .......... .......... .......... 68% 2,98M 2s
  1000K .......... .......... .......... .......... .......... 71% 1,23M 1s
  1050K .......... .......... .......... .......... .......... 75%  418K 1s
  1100K .......... .......... .......... .......... .......... 78% 1,13M 1s
  1150K .......... .......... .......... .......... .......... 82% 2,90M 1s
  1200K .......... .......... .......... .......... .......... 85%  395K 1s
  1250K .......... .......... .......... .......... .......... 88% 1,40M 1s
  1300K .......... .......... .......... .......... .......... 92%  411K 0s
  1350K .......... .......... .......... .......... .......... 95% 1,43M 0s
  1400K .......... .......... .......... .......... .......... 99% 3,12M 0s
  1450K .......... ..                                         100% 1,33M=4,2s

2019-04-13 18:55:12 (348 KB/s) - 'kplr000892376-2010174085026_llc_lc.tbl' saved [1497947/1497947]

--2019-04-13 18:55:12--  http://exoplanetarchive.ipac.caltech.edu/data/ETSS//Kepler/005/378/84/kplr000892376-2010265121752_llc.fits
Resolving exoplanetarchive.ipac.caltech.edu (exoplanetarchive.ipac.caltech.edu)... 134.4.54.147
Connecting to exoplanetarchive.ipac.caltech.edu (exoplanetarchive.ipac.caltech.edu)|134.4.54.147|:80... connected.
HTTP request sent, awaiting response... 302 Found
Location: https://exoplanetarchive.ipac.caltech.edu/data/ETSS//Kepler/005/378/84/kplr000892376-2010265121752_llc.fits [following]
--2019-04-13 18:55:12--  https://exoplanetarchive.ipac.caltech.edu/data/ETSS//Kepler/005/378/84/kplr000892376-2010265121752_llc.fits
Connecting to exoplanetarchive.ipac.caltech.edu (exoplanetarchive.ipac.caltech.edu)|134.4.54.147|:443... connected.
HTTP request sent, awaiting response... 200 OK
Length: 469440 (458K) [image/x-fits]
Saving to: 'kplr000892376-2010265121752_llc.fits'

     0K .......... .......... .......... .......... .......... 10% 55,5K 7s
    50K .......... .......... .......... .......... .......... 21%  110K 5s
   100K .......... .......... .......... .......... .......... 32%  164K 3s
   150K .......... .......... .......... .......... .......... 43%  166K 3s
   200K .......... .......... .......... .......... .......... 54%  163K 2s
   250K .......... .......... .......... .......... .......... 65%  317K 1s
   300K .......... .......... .......... .......... .......... 76%  161K 1s
   350K .......... .......... .......... .......... .......... 87%  330K 0s
   400K .......... .......... .......... .......... .......... 98%  172K 0s
   450K ........                                              100% 11,8M=3,2s

2019-04-13 18:55:16 (144 KB/s) - 'kplr000892376-2010265121752_llc.fits' saved [469440/469440]

--2019-04-13 18:55:16--  http://exoplanetarchive.ipac.caltech.edu/data/ETSS//Kepler/005/395/38/kplr000892376-2010265121752_llc_lc.tbl
Resolving exoplanetarchive.ipac.caltech.edu (exoplanetarchive.ipac.caltech.edu)... 134.4.54.147
Connecting to exoplanetarchive.ipac.caltech.edu (exoplanetarchive.ipac.caltech.edu)|134.4.54.147|:80... connected.
HTTP request sent, awaiting response... 302 Found
Location: https://exoplanetarchive.ipac.caltech.edu/data/ETSS//Kepler/005/395/38/kplr000892376-2010265121752_llc_lc.tbl [following]
--2019-04-13 18:55:17--  https://exoplanetarchive.ipac.caltech.edu/data/ETSS//Kepler/005/395/38/kplr000892376-2010265121752_llc_lc.tbl
Connecting to exoplanetarchive.ipac.caltech.edu (exoplanetarchive.ipac.caltech.edu)|134.4.54.147|:443... connected.
HTTP request sent, awaiting response... 200 OK
Length: 1421970 (1,4M) [text/plain]
Saving to: 'kplr000892376-2010265121752_llc_lc.tbl'

     0K .......... .......... .......... .......... ..........  3% 51,4K 26s
    50K .......... .......... .......... .......... ..........  7%  147K 17s
   100K .......... .......... .......... .......... .......... 10%  202K 13s
   150K .......... .......... .......... .......... .......... 14%  261K 10s
   200K .......... .......... .......... .......... .......... 18%  317K 9s
   250K .......... .......... .......... .......... .......... 21%  245K 8s
   300K .......... .......... .......... .......... .......... 25%  311K 7s
   350K .......... .......... .......... .......... .......... 28%  488K 6s
   400K .......... .......... .......... .......... .......... 32%  306K 5s
   450K .......... .......... .......... .......... .......... 36%  662K 5s
   500K .......... .......... .......... .......... .......... 39%  475K 4s
   550K .......... .......... .......... .......... .......... 43%  299K 4s
   600K .......... .......... .......... .......... .......... 46%  878K 3s
   650K .......... .......... .......... .......... .......... 50%  404K 3s
   700K .......... .......... .......... .......... .......... 54%  977K 3s
   750K .......... .......... .......... .......... .......... 57%  400K 2s
   800K .......... .......... .......... .......... .......... 61% 1,15M 2s
   850K .......... .......... .......... .......... .......... 64%  358K 2s
   900K .......... .......... .......... .......... .......... 68% 1,36M 2s
   950K .......... .......... .......... .......... .......... 72%  379K 1s
  1000K .......... .......... .......... .......... .......... 75% 3,03M 1s
  1050K .......... .......... .......... .......... .......... 79% 1,16M 1s
  1100K .......... .......... .......... .......... .......... 82%  395K 1s
  1150K .......... .......... .......... .......... .......... 86% 3,03M 1s
  1200K .......... .......... .......... .......... .......... 90% 1,13M 0s
  1250K .......... .......... .......... .......... .......... 93%  396K 0s
  1300K .......... .......... .......... .......... .......... 97% 1,36M 0s
  1350K .......... .......... .......... ........             100% 4,04M=4,0s

2019-04-13 18:55:22 (346 KB/s) - 'kplr000892376-2010265121752_llc_lc.tbl' saved [1421970/1421970]

--2019-04-13 18:55:22--  http://exoplanetarchive.ipac.caltech.edu/data/ETSS//Kepler/005/278/72/kplr000892376-2010355172524_llc.fits
Resolving exoplanetarchive.ipac.caltech.edu (exoplanetarchive.ipac.caltech.edu)... 134.4.54.147
Connecting to exoplanetarchive.ipac.caltech.edu (exoplanetarchive.ipac.caltech.edu)|134.4.54.147|:80... connected.
HTTP request sent, awaiting response... 302 Found
Location: https://exoplanetarchive.ipac.caltech.edu/data/ETSS//Kepler/005/278/72/kplr000892376-2010355172524_llc.fits [following]
--2019-04-13 18:55:22--  https://exoplanetarchive.ipac.caltech.edu/data/ETSS//Kepler/005/278/72/kplr000892376-2010355172524_llc.fits
Connecting to exoplanetarchive.ipac.caltech.edu (exoplanetarchive.ipac.caltech.edu)|134.4.54.147|:443... connected.
HTTP request sent, awaiting response... 200 OK
Length: 466560 (456K) [image/x-fits]
Saving to: 'kplr000892376-2010355172524_llc.fits'

     0K .......... .......... .......... .......... .......... 10% 53,5K 8s
    50K .......... .......... .......... .......... .......... 21%  158K 4s
   100K .......... .......... .......... .......... .......... 32%  164K 3s
   150K .......... .......... .......... .......... .......... 43%  299K 2s
   200K .......... .......... .......... .......... .......... 54%  171K 2s
   250K .......... .......... .......... .......... .......... 65%  313K 1s
   300K .......... .......... .......... .......... .......... 76%  312K 1s
   350K .......... .......... .......... .......... .......... 87%  295K 0s
   400K .......... .......... .......... .......... .......... 98%  303K 0s
   450K .....                                                 100%  107G=2,7s

2019-04-13 18:55:26 (171 KB/s) - 'kplr000892376-2010355172524_llc.fits' saved [466560/466560]

--2019-04-13 18:55:26--  http://exoplanetarchive.ipac.caltech.edu/data/ETSS//Kepler/005/295/06/kplr000892376-2010355172524_llc_lc.tbl
Resolving exoplanetarchive.ipac.caltech.edu (exoplanetarchive.ipac.caltech.edu)... 134.4.54.147
Connecting to exoplanetarchive.ipac.caltech.edu (exoplanetarchive.ipac.caltech.edu)|134.4.54.147|:80... connected.
HTTP request sent, awaiting response... 302 Found
Location: https://exoplanetarchive.ipac.caltech.edu/data/ETSS//Kepler/005/295/06/kplr000892376-2010355172524_llc_lc.tbl [following]
--2019-04-13 18:55:26--  https://exoplanetarchive.ipac.caltech.edu/data/ETSS//Kepler/005/295/06/kplr000892376-2010355172524_llc_lc.tbl
Connecting to exoplanetarchive.ipac.caltech.edu (exoplanetarchive.ipac.caltech.edu)|134.4.54.147|:443... connected.
HTTP request sent, awaiting response... 200 OK
Length: 1414568 (1,3M) [text/plain]
Saving to: 'kplr000892376-2010355172524_llc_lc.tbl'

     0K .......... .......... .......... .......... ..........  3% 55,0K 24s
    50K .......... .......... .......... .......... ..........  7%  157K 16s
   100K .......... .......... .......... .......... .......... 10%  141K 13s
   150K .......... .......... .......... .......... .......... 14%  290K 10s
   200K .......... .......... .......... .......... .......... 18%  275K 9s
   250K .......... .......... .......... .......... .......... 21%  166K 8s
   300K .......... .......... .......... .......... .......... 25% 2,13M 7s
   350K .......... .......... .......... .......... .......... 28%  324K 6s
   400K .......... .......... .......... .......... .......... 32%  304K 5s
   450K .......... .......... .......... .......... .......... 36%  311K 5s
   500K .......... .......... .......... .......... .......... 39%  316K 4s
   550K .......... .......... .......... .......... .......... 43% 2,60M 4s
   600K .......... .......... .......... .......... .......... 47%  320K 3s
   650K .......... .......... .......... .......... .......... 50%  326K 3s
   700K .......... .......... .......... .......... .......... 54% 2,37M 3s
   750K .......... .......... .......... .......... .......... 57%  394K 2s
   800K .......... .......... .......... .......... .......... 61% 1,15M 2s
   850K .......... .......... .......... .......... .......... 65%  390K 2s
   900K .......... .......... .......... .......... .......... 68% 1,42M 2s
   950K .......... .......... .......... .......... .......... 72%  396K 1s
  1000K .......... .......... .......... .......... .......... 76% 2,39M 1s
  1050K .......... .......... .......... .......... .......... 79% 1,54M 1s
  1100K .......... .......... .......... .......... .......... 83%  383K 1s
  1150K .......... .......... .......... .......... .......... 86% 1,89M 1s
  1200K .......... .......... .......... .......... .......... 90% 2,09M 0s
  1250K .......... .......... .......... .......... .......... 94%  400K 0s
  1300K .......... .......... .......... .......... .......... 97% 1,23M 0s
  1350K .......... .......... .......... .                    100% 3,12M=4,1s

2019-04-13 18:55:31 (336 KB/s) - 'kplr000892376-2010355172524_llc_lc.tbl' saved [1414568/1414568]

--2019-04-13 18:55:31--  http://exoplanetarchive.ipac.caltech.edu/data/ETSS//Kepler/005/411/92/kplr000892376-2011073133259_llc.fits
Resolving exoplanetarchive.ipac.caltech.edu (exoplanetarchive.ipac.caltech.edu)... 134.4.54.147
Connecting to exoplanetarchive.ipac.caltech.edu (exoplanetarchive.ipac.caltech.edu)|134.4.54.147|:80... connected.
HTTP request sent, awaiting response... 302 Found
Location: https://exoplanetarchive.ipac.caltech.edu/data/ETSS//Kepler/005/411/92/kplr000892376-2011073133259_llc.fits [following]
--2019-04-13 18:55:31--  https://exoplanetarchive.ipac.caltech.edu/data/ETSS//Kepler/005/411/92/kplr000892376-2011073133259_llc.fits
Connecting to exoplanetarchive.ipac.caltech.edu (exoplanetarchive.ipac.caltech.edu)|134.4.54.147|:443... connected.
HTTP request sent, awaiting response... 200 OK
Length: 357120 (349K) [image/x-fits]
Saving to: 'kplr000892376-2011073133259_llc.fits'

     0K .......... .......... .......... .......... .......... 14% 52,3K 6s
    50K .......... .......... .......... .......... .......... 28%  156K 3s
   100K .......... .......... .......... .......... .......... 43%  154K 2s
   150K .......... .......... .......... .......... .......... 57%  159K 1s
   200K .......... .......... .......... .......... .......... 71%  300K 1s
   250K .......... .......... .......... .......... .......... 86%  282K 0s
   300K .......... .......... .......... .......... ........  100%  296K=2,4s

2019-04-13 18:55:35 (144 KB/s) - 'kplr000892376-2011073133259_llc.fits' saved [357120/357120]

--2019-04-13 18:55:35--  http://exoplanetarchive.ipac.caltech.edu/data/ETSS//Kepler/005/428/70/kplr000892376-2011073133259_llc_lc.tbl
Resolving exoplanetarchive.ipac.caltech.edu (exoplanetarchive.ipac.caltech.edu)... 134.4.54.147
Connecting to exoplanetarchive.ipac.caltech.edu (exoplanetarchive.ipac.caltech.edu)|134.4.54.147|:80... connected.
HTTP request sent, awaiting response... 302 Found
Location: https://exoplanetarchive.ipac.caltech.edu/data/ETSS//Kepler/005/428/70/kplr000892376-2011073133259_llc_lc.tbl [following]
--2019-04-13 18:55:35--  https://exoplanetarchive.ipac.caltech.edu/data/ETSS//Kepler/005/428/70/kplr000892376-2011073133259_llc_lc.tbl
Connecting to exoplanetarchive.ipac.caltech.edu (exoplanetarchive.ipac.caltech.edu)|134.4.54.147|:443... connected.
HTTP request sent, awaiting response... 200 OK
Length: 1061644 (1,0M) [text/plain]
Saving to: 'kplr000892376-2011073133259_llc_lc.tbl'

     0K .......... .......... .......... .......... ..........  4% 52,3K 19s
    50K .......... .......... .......... .......... ..........  9%  145K 12s
   100K .......... .......... .......... .......... .......... 14%  145K 10s
   150K .......... .......... .......... .......... .......... 19%  289K 8s
   200K .......... .......... .......... .......... .......... 24%  148K 7s
   250K .......... .......... .......... .......... .......... 28%  283K 6s
   300K .......... .......... .......... .......... .......... 33%  293K 5s
   350K .......... .......... .......... .......... .......... 38%  325K 4s
   400K .......... .......... .......... .......... .......... 43%  297K 4s
   450K .......... .......... .......... .......... .......... 48%  300K 3s
   500K .......... .......... .......... .......... .......... 53%  351K 3s
   550K .......... .......... .......... .......... .......... 57%  326K 2s
   600K .......... .......... .......... .......... .......... 62% 1,63M 2s
   650K .......... .......... .......... .......... .......... 67%  338K 2s
   700K .......... .......... .......... .......... .......... 72%  351K 1s
   750K .......... .......... .......... .......... .......... 77% 1,67M 1s
   800K .......... .......... .......... .......... .......... 81%  323K 1s
   850K .......... .......... .......... .......... .......... 86%  398K 1s
   900K .......... .......... .......... .......... .......... 91% 1,22M 0s
   950K .......... .......... .......... .......... .......... 96%  406K 0s
  1000K .......... .......... .......... ......               100% 2,22M=4,1s

2019-04-13 18:55:40 (253 KB/s) - 'kplr000892376-2011073133259_llc_lc.tbl' saved [1061644/1061644]

--2019-04-13 18:55:40--  http://exoplanetarchive.ipac.caltech.edu/data/ETSS//Kepler/005/311/40/kplr000892376-2011177032512_llc.fits
Resolving exoplanetarchive.ipac.caltech.edu (exoplanetarchive.ipac.caltech.edu)... 134.4.54.147
Connecting to exoplanetarchive.ipac.caltech.edu (exoplanetarchive.ipac.caltech.edu)|134.4.54.147|:80... connected.
HTTP request sent, awaiting response... 302 Found
Location: https://exoplanetarchive.ipac.caltech.edu/data/ETSS//Kepler/005/311/40/kplr000892376-2011177032512_llc.fits [following]
--2019-04-13 18:55:40--  https://exoplanetarchive.ipac.caltech.edu/data/ETSS//Kepler/005/311/40/kplr000892376-2011177032512_llc.fits
Connecting to exoplanetarchive.ipac.caltech.edu (exoplanetarchive.ipac.caltech.edu)|134.4.54.147|:443... connected.
HTTP request sent, awaiting response... 200 OK
Length: 506880 (495K) [image/x-fits]
Saving to: 'kplr000892376-2011177032512_llc.fits'

     0K .......... .......... .......... .......... .......... 10% 49,5K 9s
    50K .......... .......... .......... .......... .......... 20%  159K 5s
   100K .......... .......... .......... .......... .......... 30%  164K 4s
   150K .......... .......... .......... .......... .......... 40%  164K 3s
   200K .......... .......... .......... .......... .......... 50%  307K 2s
   250K .......... .......... .......... .......... .......... 60%  318K 1s
   300K .......... .......... .......... .......... .......... 70%  304K 1s
   350K .......... .......... .......... .......... .......... 80%  762K 1s
   400K .......... .......... .......... .......... .......... 90%  313K 0s
   450K .......... .......... .......... .......... .....     100%  367K=2,8s

2019-04-13 18:55:44 (179 KB/s) - 'kplr000892376-2011177032512_llc.fits' saved [506880/506880]

--2019-04-13 18:55:44--  http://exoplanetarchive.ipac.caltech.edu/data/ETSS//Kepler/005/328/13/kplr000892376-2011177032512_llc_lc.tbl
Resolving exoplanetarchive.ipac.caltech.edu (exoplanetarchive.ipac.caltech.edu)... 134.4.54.147
Connecting to exoplanetarchive.ipac.caltech.edu (exoplanetarchive.ipac.caltech.edu)|134.4.54.147|:80... connected.
HTTP request sent, awaiting response... 302 Found
Location: https://exoplanetarchive.ipac.caltech.edu/data/ETSS//Kepler/005/328/13/kplr000892376-2011177032512_llc_lc.tbl [following]
--2019-04-13 18:55:45--  https://exoplanetarchive.ipac.caltech.edu/data/ETSS//Kepler/005/328/13/kplr000892376-2011177032512_llc_lc.tbl
Connecting to exoplanetarchive.ipac.caltech.edu (exoplanetarchive.ipac.caltech.edu)|134.4.54.147|:443... connected.
HTTP request sent, awaiting response... 200 OK
Length: 1541110 (1,5M) [text/plain]
Saving to: 'kplr000892376-2011177032512_llc_lc.tbl'

     0K .......... .......... .......... .......... ..........  3% 54,1K 27s
    50K .......... .......... .......... .......... ..........  6%  159K 17s
   100K .......... .......... .......... .......... ..........  9%  163K 14s
   150K .......... .......... .......... .......... .......... 13%  174K 12s
   200K .......... .......... .......... .......... .......... 16%  323K 10s
   250K .......... .......... .......... .......... .......... 19%  321K 9s
   300K .......... .......... .......... .......... .......... 23%  290K 8s
   350K .......... .......... .......... .......... .......... 26%  329K 7s
   400K .......... .......... .......... .......... .......... 29%  329K 6s
   450K .......... .......... .......... .......... .......... 33% 1,49M 5s
   500K .......... .......... .......... .......... .......... 36%  328K 5s
   550K .......... .......... .......... .......... .......... 39%  389K 4s
   600K .......... .......... .......... .......... .......... 43%  354K 4s
   650K .......... .......... .......... .......... .......... 46% 1,27M 4s
   700K .......... .......... .......... .......... .......... 49%  433K 3s
   750K .......... .......... .......... .......... .......... 53% 1,95M 3s
   800K .......... .......... .......... .......... .......... 56%  342K 3s
   850K .......... .......... .......... .......... .......... 59% 1,61M 2s
   900K .......... .......... .......... .......... .......... 63%  414K 2s
   950K .......... .......... .......... .......... .......... 66% 1,18M 2s
  1000K .......... .......... .......... .......... .......... 69% 3,16M 2s
  1050K .......... .......... .......... .......... .......... 73%  439K 1s
  1100K .......... .......... .......... .......... .......... 76%  923K 1s
  1150K .......... .......... .......... .......... .......... 79%  517K 1s
  1200K .......... .......... .......... .......... .......... 83%  945K 1s
  1250K .......... .......... .......... .......... .......... 86% 3,45M 1s
  1300K .......... .......... .......... .......... .......... 89%  501K 0s
  1350K .......... .......... .......... .......... .......... 93% 1,13M 0s
  1400K .......... .......... .......... .......... .......... 96%  492K 0s
  1450K .......... .......... .......... .......... .......... 99% 4,67M 0s
  1500K ....                                                  100% 5,40M=4,2s

2019-04-13 18:55:50 (359 KB/s) - 'kplr000892376-2011177032512_llc_lc.tbl' saved [1541110/1541110]

--2019-04-13 18:55:50--  http://exoplanetarchive.ipac.caltech.edu/data/ETSS//Kepler/005/445/49/kplr000892376-2011271113734_llc.fits
Resolving exoplanetarchive.ipac.caltech.edu (exoplanetarchive.ipac.caltech.edu)... 134.4.54.147
Connecting to exoplanetarchive.ipac.caltech.edu (exoplanetarchive.ipac.caltech.edu)|134.4.54.147|:80... connected.
HTTP request sent, awaiting response... 302 Found
Location: https://exoplanetarchive.ipac.caltech.edu/data/ETSS//Kepler/005/445/49/kplr000892376-2011271113734_llc.fits [following]
--2019-04-13 18:55:50--  https://exoplanetarchive.ipac.caltech.edu/data/ETSS//Kepler/005/445/49/kplr000892376-2011271113734_llc.fits
Connecting to exoplanetarchive.ipac.caltech.edu (exoplanetarchive.ipac.caltech.edu)|134.4.54.147|:443... connected.
HTTP request sent, awaiting response... 200 OK
Length: 486720 (475K) [image/x-fits]
Saving to: 'kplr000892376-2011271113734_llc.fits'

     0K .......... .......... .......... .......... .......... 10% 62,7K 7s
    50K .......... .......... .......... .......... .......... 21%  106K 5s
   100K .......... .......... .......... .......... .......... 31%  294K 3s
   150K .......... .......... .......... .......... .......... 42%  162K 2s
   200K .......... .......... .......... .......... .......... 52%  298K 2s
   250K .......... .......... .......... .......... .......... 63%  314K 1s
   300K .......... .......... .......... .......... .......... 73%  313K 1s
   350K .......... .......... .......... .......... .......... 84%  286K 0s
   400K .......... .......... .......... .......... .......... 94%  307K 0s
   450K .......... .......... .....                           100% 7,10M=2,6s

2019-04-13 18:55:53 (185 KB/s) - 'kplr000892376-2011271113734_llc.fits' saved [486720/486720]

--2019-04-13 18:55:53--  http://exoplanetarchive.ipac.caltech.edu/data/ETSS//Kepler/005/462/19/kplr000892376-2011271113734_llc_lc.tbl
Resolving exoplanetarchive.ipac.caltech.edu (exoplanetarchive.ipac.caltech.edu)... 134.4.54.147
Connecting to exoplanetarchive.ipac.caltech.edu (exoplanetarchive.ipac.caltech.edu)|134.4.54.147|:80... connected.
HTTP request sent, awaiting response... 302 Found
Location: https://exoplanetarchive.ipac.caltech.edu/data/ETSS//Kepler/005/462/19/kplr000892376-2011271113734_llc_lc.tbl [following]
--2019-04-13 18:55:54--  https://exoplanetarchive.ipac.caltech.edu/data/ETSS//Kepler/005/462/19/kplr000892376-2011271113734_llc_lc.tbl
Connecting to exoplanetarchive.ipac.caltech.edu (exoplanetarchive.ipac.caltech.edu)|134.4.54.147|:443... connected.
HTTP request sent, awaiting response... 200 OK
Length: 1478327 (1,4M) [text/plain]
Saving to: 'kplr000892376-2011271113734_llc_lc.tbl'

     0K .......... .......... .......... .......... ..........  3% 50,1K 28s
    50K .......... .......... .......... .......... ..........  6%  148K 18s
   100K .......... .......... .......... .......... .......... 10%  148K 14s
   150K .......... .......... .......... .......... .......... 13%  143K 13s
   200K .......... .......... .......... .......... .......... 17%  263K 11s
   250K .......... .......... .......... .......... .......... 20%  141K 10s
   300K .......... .......... .......... .......... .......... 24%  292K 9s
   350K .......... .......... .......... .......... .......... 27%  300K 8s
   400K .......... .......... .......... .......... .......... 31%  287K 7s
   450K .......... .......... .......... .......... .......... 34%  300K 6s
   500K .......... .......... .......... .......... .......... 38%  370K 5s
   550K .......... .......... .......... .......... .......... 41%  305K 5s
   600K .......... .......... .......... .......... .......... 45% 1,46M 4s
   650K .......... .......... .......... .......... .......... 48%  325K 4s
   700K .......... .......... .......... .......... .......... 51%  361K 4s
   750K .......... .......... .......... .......... .......... 55% 1,35M 3s
   800K .......... .......... .......... .......... .......... 58%  357K 3s
   850K .......... .......... .......... .......... .......... 62% 1,68M 2s
   900K .......... .......... .......... .......... .......... 65%  370K 2s
   950K .......... .......... .......... .......... .......... 69% 1,66M 2s
  1000K .......... .......... .......... .......... .......... 72%  379K 2s
  1050K .......... .......... .......... .......... .......... 76% 2,03M 1s
  1100K .......... .......... .......... .......... .......... 79% 2,08M 1s
  1150K .......... .......... .......... .......... .......... 83%  357K 1s
  1200K .......... .......... .......... .......... .......... 86% 1,47M 1s
  1250K .......... .......... .......... .......... .......... 90% 2,89M 1s
  1300K .......... .......... .......... .......... .......... 93%  384K 0s
  1350K .......... .......... .......... .......... .......... 96% 1,52M 0s
  1400K .......... .......... .......... .......... ...       100% 4,29M=4,8s

2019-04-13 18:56:00 (302 KB/s) - 'kplr000892376-2011271113734_llc_lc.tbl' saved [1478327/1478327]

--2019-04-13 18:56:00--  http://exoplanetarchive.ipac.caltech.edu/data/ETSS//Kepler/005/478/88/kplr000892376-2012004120508_llc.fits
Resolving exoplanetarchive.ipac.caltech.edu (exoplanetarchive.ipac.caltech.edu)... 134.4.54.147
Connecting to exoplanetarchive.ipac.caltech.edu (exoplanetarchive.ipac.caltech.edu)|134.4.54.147|:80... connected.
HTTP request sent, awaiting response... 302 Found
Location: https://exoplanetarchive.ipac.caltech.edu/data/ETSS//Kepler/005/478/88/kplr000892376-2012004120508_llc.fits [following]
--2019-04-13 18:56:00--  https://exoplanetarchive.ipac.caltech.edu/data/ETSS//Kepler/005/478/88/kplr000892376-2012004120508_llc.fits
Connecting to exoplanetarchive.ipac.caltech.edu (exoplanetarchive.ipac.caltech.edu)|134.4.54.147|:443... connected.
HTTP request sent, awaiting response... 200 OK
Length: 506880 (495K) [image/x-fits]
Saving to: 'kplr000892376-2012004120508_llc.fits'

     0K .......... .......... .......... .......... .......... 10% 61,0K 7s
    50K .......... .......... .......... .......... .......... 20%  163K 4s
   100K .......... .......... .......... .......... .......... 30%  187K 3s
   150K .......... .......... .......... .......... .......... 40%  316K 2s
   200K .......... .......... .......... .......... .......... 50%  311K 2s
   250K .......... .......... .......... .......... .......... 60%  310K 1s
   300K .......... .......... .......... .......... .......... 70%  296K 1s
   350K .......... .......... .......... .......... .......... 80%  568K 1s
   400K .......... .......... .......... .......... .......... 90%  306K 0s
   450K .......... .......... .......... .......... .....     100%  627K=2,4s

2019-04-13 18:56:03 (209 KB/s) - 'kplr000892376-2012004120508_llc.fits' saved [506880/506880]

--2019-04-13 18:56:03--  http://exoplanetarchive.ipac.caltech.edu/data/ETSS//Kepler/005/495/30/kplr000892376-2012004120508_llc_lc.tbl
Resolving exoplanetarchive.ipac.caltech.edu (exoplanetarchive.ipac.caltech.edu)... 134.4.54.147
Connecting to exoplanetarchive.ipac.caltech.edu (exoplanetarchive.ipac.caltech.edu)|134.4.54.147|:80... connected.
HTTP request sent, awaiting response... 302 Found
Location: https://exoplanetarchive.ipac.caltech.edu/data/ETSS//Kepler/005/495/30/kplr000892376-2012004120508_llc_lc.tbl [following]
--2019-04-13 18:56:04--  https://exoplanetarchive.ipac.caltech.edu/data/ETSS//Kepler/005/495/30/kplr000892376-2012004120508_llc_lc.tbl
Connecting to exoplanetarchive.ipac.caltech.edu (exoplanetarchive.ipac.caltech.edu)|134.4.54.147|:443... connected.
HTTP request sent, awaiting response... 200 OK
Length: 1536627 (1,5M) [text/plain]
Saving to: 'kplr000892376-2012004120508_llc_lc.tbl'

     0K .......... .......... .......... .......... ..........  3% 53,9K 27s
    50K .......... .......... .......... .......... ..........  6%  163K 17s
   100K .......... .......... .......... .......... ..........  9%  159K 14s
   150K .......... .......... .......... .......... .......... 13%  157K 12s
   200K .......... .......... .......... .......... .......... 16%  158K 11s
   250K .......... .......... .......... .......... .......... 19%  320K 9s
   300K .......... .......... .......... .......... .......... 23%  162K 9s
   350K .......... .......... .......... .......... .......... 26%  320K 8s
   400K .......... .......... .......... .......... .......... 29%  167K 7s
   450K .......... .......... .......... .......... .......... 33%  326K 7s
   500K .......... .......... .......... .......... .......... 36%  312K 6s
   550K .......... .......... .......... .......... .......... 39%  285K 5s
   600K .......... .......... .......... .......... .......... 43%  261K 5s
   650K .......... .......... .......... .......... .......... 46%  325K 5s
   700K .......... .......... .......... .......... .......... 49%  314K 4s
   750K .......... .......... .......... .......... .......... 53%  333K 4s
   800K .......... .......... .......... .......... .......... 56%  316K 3s
   850K .......... .......... .......... .......... .......... 59%  326K 3s
   900K .......... .......... .......... .......... .......... 63%  313K 3s
   950K .......... .......... .......... .......... .......... 66%  315K 2s
  1000K .......... .......... .......... .......... .......... 69% 2,86M 2s
  1050K .......... .......... .......... .......... .......... 73%  352K 2s
  1100K .......... .......... .......... .......... .......... 76%  320K 2s
  1150K .......... .......... .......... .......... .......... 79%  324K 1s
  1200K .......... .......... .......... .......... .......... 83%  319K 1s
  1250K .......... .......... .......... .......... .......... 86% 4,01M 1s
  1300K .......... .......... .......... .......... .......... 89%  331K 1s
  1350K .......... .......... .......... .......... .......... 93%  314K 0s
  1400K .......... .......... .......... .......... .......... 96%  309K 0s
  1450K .......... .......... .......... .......... .......... 99% 9,41M 0s
  1500K                                                       100% 11,7G=6,0s

2019-04-13 18:56:10 (250 KB/s) - 'kplr000892376-2012004120508_llc_lc.tbl' saved [1536627/1536627]

--2019-04-13 18:56:11--  http://exoplanetarchive.ipac.caltech.edu/data/ETSS//Kepler/005/511/71/kplr000892376-2012088054726_llc.fits
Resolving exoplanetarchive.ipac.caltech.edu (exoplanetarchive.ipac.caltech.edu)... 134.4.54.147
Connecting to exoplanetarchive.ipac.caltech.edu (exoplanetarchive.ipac.caltech.edu)|134.4.54.147|:80... connected.
HTTP request sent, awaiting response... 302 Found
Location: https://exoplanetarchive.ipac.caltech.edu/data/ETSS//Kepler/005/511/71/kplr000892376-2012088054726_llc.fits [following]
--2019-04-13 18:56:11--  https://exoplanetarchive.ipac.caltech.edu/data/ETSS//Kepler/005/511/71/kplr000892376-2012088054726_llc.fits
Connecting to exoplanetarchive.ipac.caltech.edu (exoplanetarchive.ipac.caltech.edu)|134.4.54.147|:443... connected.
HTTP request sent, awaiting response... 200 OK
Length: 434880 (425K) [image/x-fits]
Saving to: 'kplr000892376-2012088054726_llc.fits'

     0K .......... .......... .......... .......... .......... 11% 54,1K 7s
    50K .......... .......... .......... .......... .......... 23%  150K 4s
   100K .......... .......... .......... .......... .......... 35%  128K 3s
   150K .......... .......... .......... .......... .......... 47%  297K 2s
   200K .......... .......... .......... .......... .......... 58%  307K 1s
   250K .......... .......... .......... .......... .......... 70%  283K 1s
   300K .......... .......... .......... .......... .......... 82%  315K 0s
   350K .......... .......... .......... .......... .......... 94%  271K 0s
   400K .......... .......... ....                            100% 2,18M=2,5s

2019-04-13 18:56:14 (169 KB/s) - 'kplr000892376-2012088054726_llc.fits' saved [434880/434880]

--2019-04-13 18:56:14--  http://exoplanetarchive.ipac.caltech.edu/data/ETSS//Kepler/005/528/41/kplr000892376-2012088054726_llc_lc.tbl
Resolving exoplanetarchive.ipac.caltech.edu (exoplanetarchive.ipac.caltech.edu)... 134.4.54.147
Connecting to exoplanetarchive.ipac.caltech.edu (exoplanetarchive.ipac.caltech.edu)|134.4.54.147|:80... connected.
HTTP request sent, awaiting response... 302 Found
Location: https://exoplanetarchive.ipac.caltech.edu/data/ETSS//Kepler/005/528/41/kplr000892376-2012088054726_llc_lc.tbl [following]
--2019-04-13 18:56:15--  https://exoplanetarchive.ipac.caltech.edu/data/ETSS//Kepler/005/528/41/kplr000892376-2012088054726_llc_lc.tbl
Connecting to exoplanetarchive.ipac.caltech.edu (exoplanetarchive.ipac.caltech.edu)|134.4.54.147|:443... connected.
HTTP request sent, awaiting response... 200 OK
Length: 1307832 (1,2M) [text/plain]
Saving to: 'kplr000892376-2012088054726_llc_lc.tbl'

     0K .......... .......... .......... .......... ..........  3% 50,7K 24s
    50K .......... .......... .......... .......... ..........  7%  155K 15s
   100K .......... .......... .......... .......... .......... 11%  153K 12s
   150K .......... .......... .......... .......... .......... 15%  294K 10s
   200K .......... .......... .......... .......... .......... 19%  163K 9s
   250K .......... .......... .......... .......... .......... 23% 1,77M 7s
   300K .......... .......... .......... .......... .......... 27%  296K 6s
   350K .......... .......... .......... .......... .......... 31%  294K 5s
   400K .......... .......... .......... .......... .......... 35%  301K 5s
   450K .......... .......... .......... .......... .......... 39%  314K 4s
   500K .......... .......... .......... .......... .......... 43% 2,09M 4s
   550K .......... .......... .......... .......... .......... 46%  344K 3s
   600K .......... .......... .......... .......... .......... 50%  306K 3s
   650K .......... .......... .......... .......... .......... 54% 1,46M 3s
   700K .......... .......... .......... .......... .......... 58%  379K 2s
   750K .......... .......... .......... .......... .......... 62% 1,35M 2s
   800K .......... .......... .......... .......... .......... 66%  372K 2s
   850K .......... .......... .......... .......... .......... 70%  345K 2s
   900K .......... .......... .......... .......... .......... 74% 1,47M 1s
   950K .......... .......... .......... .......... .......... 78%  366K 1s
  1000K .......... .......... .......... .......... .......... 82% 1,30M 1s
  1050K .......... .......... .......... .......... .......... 86% 3,27M 1s
  1100K .......... .......... .......... .......... .......... 90%  362K 0s
  1150K .......... .......... .......... .......... .......... 93% 1,10M 0s
  1200K .......... .......... .......... .......... .......... 97%  399K 0s
  1250K .......... .......... .......                         100% 3,99M=4,2s

2019-04-13 18:56:20 (308 KB/s) - 'kplr000892376-2012088054726_llc_lc.tbl' saved [1307832/1307832]

--2019-04-13 18:56:20--  http://exoplanetarchive.ipac.caltech.edu/data/ETSS//Kepler/005/545/10/kplr000892376-2012179063303_llc.fits
Resolving exoplanetarchive.ipac.caltech.edu (exoplanetarchive.ipac.caltech.edu)... 134.4.54.147
Connecting to exoplanetarchive.ipac.caltech.edu (exoplanetarchive.ipac.caltech.edu)|134.4.54.147|:80... connected.
HTTP request sent, awaiting response... 302 Found
Location: https://exoplanetarchive.ipac.caltech.edu/data/ETSS//Kepler/005/545/10/kplr000892376-2012179063303_llc.fits [following]
--2019-04-13 18:56:20--  https://exoplanetarchive.ipac.caltech.edu/data/ETSS//Kepler/005/545/10/kplr000892376-2012179063303_llc.fits
Connecting to exoplanetarchive.ipac.caltech.edu (exoplanetarchive.ipac.caltech.edu)|134.4.54.147|:443... connected.
HTTP request sent, awaiting response... 200 OK
Length: 472320 (461K) [image/x-fits]
Saving to: 'kplr000892376-2012179063303_llc.fits'

     0K .......... .......... .......... .......... .......... 10% 53,1K 8s
    50K .......... .......... .......... .......... .......... 21%  157K 5s
   100K .......... .......... .......... .......... .......... 32%  159K 3s
   150K .......... .......... .......... .......... .......... 43%  296K 2s
   200K .......... .......... .......... .......... .......... 54%  295K 2s
   250K .......... .......... .......... .......... .......... 65%  301K 1s
   300K .......... .......... .......... .......... .......... 75%  171K 1s
   350K .......... .......... .......... .......... .......... 86% 1,41M 0s
   400K .......... .......... .......... .......... .......... 97%  299K 0s
   450K .......... .                                          100% 6,87M=2,6s

2019-04-13 18:56:24 (179 KB/s) - 'kplr000892376-2012179063303_llc.fits' saved [472320/472320]

--2019-04-13 18:56:24--  http://exoplanetarchive.ipac.caltech.edu/data/ETSS//Kepler/005/561/77/kplr000892376-2012179063303_llc_lc.tbl
Resolving exoplanetarchive.ipac.caltech.edu (exoplanetarchive.ipac.caltech.edu)... 134.4.54.147
Connecting to exoplanetarchive.ipac.caltech.edu (exoplanetarchive.ipac.caltech.edu)|134.4.54.147|:80... connected.
HTTP request sent, awaiting response... 302 Found
Location: https://exoplanetarchive.ipac.caltech.edu/data/ETSS//Kepler/005/561/77/kplr000892376-2012179063303_llc_lc.tbl [following]
--2019-04-13 18:56:24--  https://exoplanetarchive.ipac.caltech.edu/data/ETSS//Kepler/005/561/77/kplr000892376-2012179063303_llc_lc.tbl
Connecting to exoplanetarchive.ipac.caltech.edu (exoplanetarchive.ipac.caltech.edu)|134.4.54.147|:443... connected.
HTTP request sent, awaiting response... 200 OK
Length: 1429382 (1,4M) [text/plain]
Saving to: 'kplr000892376-2012179063303_llc_lc.tbl'

     0K .......... .......... .......... .......... ..........  3% 54,2K 25s
    50K .......... .......... .......... .......... ..........  7%  148K 16s
   100K .......... .......... .......... .......... .......... 10%  149K 13s
   150K .......... .......... .......... .......... .......... 14%  147K 12s
   200K .......... .......... .......... .......... .......... 17%  320K 10s
   250K .......... .......... .......... .......... .......... 21%  315K 8s
   300K .......... .......... .......... .......... .......... 25%  172K 8s
   350K .......... .......... .......... .......... .......... 28%  322K 7s
   400K .......... .......... .......... .......... .......... 32%  303K 6s
   450K .......... .......... .......... .......... .......... 35% 2,57M 5s
   500K .......... .......... .......... .......... .......... 39%  331K 5s
   550K .......... .......... .......... .......... .......... 42%  314K 4s
   600K .......... .......... .......... .......... .......... 46%  324K 4s
   650K .......... .......... .......... .......... .......... 50% 2,66M 3s
   700K .......... .......... .......... .......... .......... 53%  323K 3s
   750K .......... .......... .......... .......... .......... 57% 2,16M 3s
   800K .......... .......... .......... .......... .......... 60%  356K 2s
   850K .......... .......... .......... .......... .......... 64% 1,58M 2s
   900K .......... .......... .......... .......... .......... 68%  374K 2s
   950K .......... .......... .......... .......... .......... 71% 1,44M 2s
  1000K .......... .......... .......... .......... .......... 75% 2,87M 1s
  1050K .......... .......... .......... .......... .......... 78%  396K 1s
  1100K .......... .......... .......... .......... .......... 82% 1,18M 1s
  1150K .......... .......... .......... .......... .......... 85% 3,14M 1s
  1200K .......... .......... .......... .......... .......... 89%  410K 0s
  1250K .......... .......... .......... .......... .......... 93% 1,17M 0s
  1300K .......... .......... .......... .......... .......... 96%  444K 0s
  1350K .......... .......... .......... .......... .....     100% 4,00M=4,4s

2019-04-13 18:56:29 (319 KB/s) - 'kplr000892376-2012179063303_llc_lc.tbl' saved [1429382/1429382]

--2019-04-13 18:56:29--  http://exoplanetarchive.ipac.caltech.edu/data/ETSS//Kepler/005/578/44/kplr000892376-2012277125453_llc.fits
Resolving exoplanetarchive.ipac.caltech.edu (exoplanetarchive.ipac.caltech.edu)... 134.4.54.147
Connecting to exoplanetarchive.ipac.caltech.edu (exoplanetarchive.ipac.caltech.edu)|134.4.54.147|:80... connected.
HTTP request sent, awaiting response... 302 Found
Location: https://exoplanetarchive.ipac.caltech.edu/data/ETSS//Kepler/005/578/44/kplr000892376-2012277125453_llc.fits [following]
--2019-04-13 18:56:30--  https://exoplanetarchive.ipac.caltech.edu/data/ETSS//Kepler/005/578/44/kplr000892376-2012277125453_llc.fits
Connecting to exoplanetarchive.ipac.caltech.edu (exoplanetarchive.ipac.caltech.edu)|134.4.54.147|:443... connected.
HTTP request sent, awaiting response... 200 OK
Length: 506880 (495K) [image/x-fits]
Saving to: 'kplr000892376-2012277125453_llc.fits'

     0K .......... .......... .......... .......... .......... 10% 54,6K 8s
    50K .......... .......... .......... .......... .......... 20%  162K 5s
   100K .......... .......... .......... .......... .......... 30%  161K 4s
   150K .......... .......... .......... .......... .......... 40%  158K 3s
   200K .......... .......... .......... .......... .......... 50%  156K 2s
   250K .......... .......... .......... .......... .......... 60%  290K 2s
   300K .......... .......... .......... .......... .......... 70%  305K 1s
   350K .......... .......... .......... .......... .......... 80%  278K 1s
   400K .......... .......... .......... .......... .......... 90%  295K 0s
   450K .......... .......... .......... .......... .....     100%  270K=3,0s

2019-04-13 18:56:34 (164 KB/s) - 'kplr000892376-2012277125453_llc.fits' saved [506880/506880]

--2019-04-13 18:56:34--  http://exoplanetarchive.ipac.caltech.edu/data/ETSS//Kepler/005/595/14/kplr000892376-2012277125453_llc_lc.tbl
Resolving exoplanetarchive.ipac.caltech.edu (exoplanetarchive.ipac.caltech.edu)... 134.4.54.147
Connecting to exoplanetarchive.ipac.caltech.edu (exoplanetarchive.ipac.caltech.edu)|134.4.54.147|:80... connected.
HTTP request sent, awaiting response... 302 Found
Location: https://exoplanetarchive.ipac.caltech.edu/data/ETSS//Kepler/005/595/14/kplr000892376-2012277125453_llc_lc.tbl [following]
--2019-04-13 18:56:34--  https://exoplanetarchive.ipac.caltech.edu/data/ETSS//Kepler/005/595/14/kplr000892376-2012277125453_llc_lc.tbl
Connecting to exoplanetarchive.ipac.caltech.edu (exoplanetarchive.ipac.caltech.edu)|134.4.54.147|:443... connected.
HTTP request sent, awaiting response... 200 OK
Length: 1537575 (1,5M) [text/plain]
Saving to: 'kplr000892376-2012277125453_llc_lc.tbl'

     0K .......... .......... .......... .......... ..........  3% 55,2K 26s
    50K .......... .......... .......... .......... ..........  6%  153K 17s
   100K .......... .......... .......... .......... ..........  9%  162K 14s
   150K .......... .......... .......... .......... .......... 13%  317K 11s
   200K .......... .......... .......... .......... .......... 16%  156K 10s
   250K .......... .......... .......... .......... .......... 19%  315K 9s
   300K .......... .......... .......... .......... .......... 23%  318K 8s
   350K .......... .......... .......... .......... .......... 26%  334K 7s
   400K .......... .......... .......... .......... .......... 29%  171K 6s
   450K .......... .......... .......... .......... .......... 33%  302K 6s
   500K .......... .......... .......... .......... .......... 36%  338K 5s
   550K .......... .......... .......... .......... .......... 39% 2,36M 5s
   600K .......... .......... .......... .......... .......... 43%  318K 4s
   650K .......... .......... .......... .......... .......... 46%  365K 4s
   700K .......... .......... .......... .......... .......... 49% 2,28M 3s
   750K .......... .......... .......... .......... .......... 53%  271K 3s
   800K .......... .......... .......... .......... .......... 56%  321K 3s
   850K .......... .......... .......... .......... .......... 59%  313K 3s
   900K .......... .......... .......... .......... .......... 63%  331K 2s
   950K .......... .......... .......... .......... .......... 66%  278K 2s
  1000K .......... .......... .......... .......... .......... 69% 10,4M 2s
  1050K .......... .......... .......... .......... .......... 73%  330K 2s
  1100K .......... .......... .......... .......... .......... 76%  335K 1s
  1150K .......... .......... .......... .......... .......... 79%  330K 1s
  1200K .......... .......... .......... .......... .......... 83%  320K 1s
  1250K .......... .......... .......... .......... .......... 86% 3,70M 1s
  1300K .......... .......... .......... .......... .......... 89%  335K 1s
  1350K .......... .......... .......... .......... .......... 93% 11,5M 0s
  1400K .......... .......... .......... .......... .......... 96%  317K 0s
  1450K .......... .......... .......... .......... .......... 99% 19,5M 0s
  1500K .                                                     100% 29,3G=5,2s

2019-04-13 18:56:40 (289 KB/s) - 'kplr000892376-2012277125453_llc_lc.tbl' saved [1537575/1537575]

--2019-04-13 18:56:40--  http://exoplanetarchive.ipac.caltech.edu/data/ETSS//Kepler/005/611/84/kplr000892376-2013011073258_llc.fits
Resolving exoplanetarchive.ipac.caltech.edu (exoplanetarchive.ipac.caltech.edu)... 134.4.54.147
Connecting to exoplanetarchive.ipac.caltech.edu (exoplanetarchive.ipac.caltech.edu)|134.4.54.147|:80... connected.
HTTP request sent, awaiting response... 302 Found
Location: https://exoplanetarchive.ipac.caltech.edu/data/ETSS//Kepler/005/611/84/kplr000892376-2013011073258_llc.fits [following]
--2019-04-13 18:56:41--  https://exoplanetarchive.ipac.caltech.edu/data/ETSS//Kepler/005/611/84/kplr000892376-2013011073258_llc.fits
Connecting to exoplanetarchive.ipac.caltech.edu (exoplanetarchive.ipac.caltech.edu)|134.4.54.147|:443... connected.
HTTP request sent, awaiting response... 200 OK
Length: 506880 (495K) [image/x-fits]
Saving to: 'kplr000892376-2013011073258_llc.fits'

     0K .......... .......... .......... .......... .......... 10% 48,9K 9s
    50K .......... .......... .......... .......... .......... 20%  152K 5s
   100K .......... .......... .......... .......... .......... 30%  160K 4s
   150K .......... .......... .......... .......... .......... 40%  159K 3s
   200K .......... .......... .......... .......... .......... 50%  284K 2s
   250K .......... .......... .......... .......... .......... 60%  307K 2s
   300K .......... .......... .......... .......... .......... 70%  309K 1s
   350K .......... .......... .......... .......... .......... 80%  352K 1s
   400K .......... .......... .......... .......... .......... 90%  297K 0s
   450K .......... .......... .......... .......... .....     100% 1,91M=2,8s

2019-04-13 18:56:44 (176 KB/s) - 'kplr000892376-2013011073258_llc.fits' saved [506880/506880]

--2019-04-13 18:56:44--  http://exoplanetarchive.ipac.caltech.edu/data/ETSS//Kepler/005/628/32/kplr000892376-2013011073258_llc_lc.tbl
Resolving exoplanetarchive.ipac.caltech.edu (exoplanetarchive.ipac.caltech.edu)... 134.4.54.147
Connecting to exoplanetarchive.ipac.caltech.edu (exoplanetarchive.ipac.caltech.edu)|134.4.54.147|:80... connected.
HTTP request sent, awaiting response... 302 Found
Location: https://exoplanetarchive.ipac.caltech.edu/data/ETSS//Kepler/005/628/32/kplr000892376-2013011073258_llc_lc.tbl [following]
--2019-04-13 18:56:45--  https://exoplanetarchive.ipac.caltech.edu/data/ETSS//Kepler/005/628/32/kplr000892376-2013011073258_llc_lc.tbl
Connecting to exoplanetarchive.ipac.caltech.edu (exoplanetarchive.ipac.caltech.edu)|134.4.54.147|:443... connected.
HTTP request sent, awaiting response... 200 OK
Length: 1545000 (1,5M) [text/plain]
Saving to: 'kplr000892376-2013011073258_llc_lc.tbl'

     0K .......... .......... .......... .......... ..........  3% 64,1K 23s
    50K .......... .......... .......... .......... ..........  6%  108K 18s
   100K .......... .......... .......... .......... ..........  9%  300K 13s
   150K .......... .......... .......... .......... .......... 13%  303K 10s
   200K .......... .......... .......... .......... .......... 16%  156K 10s
   250K .......... .......... .......... .......... .......... 19%  316K 8s
   300K .......... .......... .......... .......... .......... 23%  316K 7s
   350K .......... .......... .......... .......... .......... 26% 2,06M 6s
   400K .......... .......... .......... .......... .......... 29%  305K 6s
   450K .......... .......... .......... .......... .......... 33%  315K 5s
   500K .......... .......... .......... .......... .......... 36%  321K 5s
   550K .......... .......... .......... .......... .......... 39% 2,00M 4s
   600K .......... .......... .......... .......... .......... 43%  337K 4s
   650K .......... .......... .......... .......... .......... 46%  345K 4s
   700K .......... .......... .......... .......... .......... 49% 2,46M 3s
   750K .......... .......... .......... .......... .......... 53%  347K 3s
   800K .......... .......... .......... .......... .......... 56% 2,19M 2s
   850K .......... .......... .......... .......... .......... 59%  357K 2s
   900K .......... .......... .......... .......... .......... 62% 1,70M 2s
   950K .......... .......... .......... .......... .......... 66%  355K 2s
  1000K .......... .......... .......... .......... .......... 69% 2,99M 2s
  1050K .......... .......... .......... .......... .......... 72% 2,11M 1s
  1100K .......... .......... .......... .......... .......... 76%  356K 1s
  1150K .......... .......... .......... .......... .......... 79% 2,09M 1s
  1200K .......... .......... .......... .......... .......... 82%  347K 1s
  1250K .......... .......... .......... .......... .......... 86% 3,16M 1s
  1300K .......... .......... .......... .......... .......... 89% 2,05M 0s
  1350K .......... .......... .......... .......... .......... 92%  364K 0s
  1400K .......... .......... .......... .......... .......... 96% 1,77M 0s
  1450K .......... .......... .......... .......... .......... 99% 3,22M 0s
  1500K ........                                              100% 8,99M=4,1s

2019-04-13 18:56:50 (368 KB/s) - 'kplr000892376-2013011073258_llc_lc.tbl' saved [1545000/1545000]

--2019-04-13 18:56:51--  http://exoplanetarchive.ipac.caltech.edu/data/ETSS//Kepler/005/644/79/kplr000892376-2013098041711_llc.fits
Resolving exoplanetarchive.ipac.caltech.edu (exoplanetarchive.ipac.caltech.edu)... 134.4.54.147
Connecting to exoplanetarchive.ipac.caltech.edu (exoplanetarchive.ipac.caltech.edu)|134.4.54.147|:80... connected.
HTTP request sent, awaiting response... 302 Found
Location: https://exoplanetarchive.ipac.caltech.edu/data/ETSS//Kepler/005/644/79/kplr000892376-2013098041711_llc.fits [following]
--2019-04-13 18:56:51--  https://exoplanetarchive.ipac.caltech.edu/data/ETSS//Kepler/005/644/79/kplr000892376-2013098041711_llc.fits
Connecting to exoplanetarchive.ipac.caltech.edu (exoplanetarchive.ipac.caltech.edu)|134.4.54.147|:443... connected.
HTTP request sent, awaiting response... 200 OK
Length: 449280 (439K) [image/x-fits]
Saving to: 'kplr000892376-2013098041711_llc.fits'

     0K .......... .......... .......... .......... .......... 11% 62,8K 6s
    50K .......... .......... .......... .......... .......... 22%  157K 4s
   100K .......... .......... .......... .......... .......... 34%  293K 2s
   150K .......... .......... .......... .......... .......... 45%  295K 2s
   200K .......... .......... .......... .......... .......... 56%  287K 1s
   250K .......... .......... .......... .......... .......... 68%  293K 1s
   300K .......... .......... .......... .......... .......... 79%  302K 0s
   350K .......... .......... .......... .......... .......... 91%  330K 0s
   400K .......... .......... .......... ........             100%  252K=2,3s

2019-04-13 18:56:54 (193 KB/s) - 'kplr000892376-2013098041711_llc.fits' saved [449280/449280]

--2019-04-13 18:56:54--  http://exoplanetarchive.ipac.caltech.edu/data/ETSS//Kepler/005/661/55/kplr000892376-2013098041711_llc_lc.tbl
Resolving exoplanetarchive.ipac.caltech.edu (exoplanetarchive.ipac.caltech.edu)... 134.4.54.147
Connecting to exoplanetarchive.ipac.caltech.edu (exoplanetarchive.ipac.caltech.edu)|134.4.54.147|:80... connected.
HTTP request sent, awaiting response... 302 Found
Location: https://exoplanetarchive.ipac.caltech.edu/data/ETSS//Kepler/005/661/55/kplr000892376-2013098041711_llc_lc.tbl [following]
--2019-04-13 18:56:54--  https://exoplanetarchive.ipac.caltech.edu/data/ETSS//Kepler/005/661/55/kplr000892376-2013098041711_llc_lc.tbl
Connecting to exoplanetarchive.ipac.caltech.edu (exoplanetarchive.ipac.caltech.edu)|134.4.54.147|:443... connected.
HTTP request sent, awaiting response... 200 OK
Length: 1359174 (1,3M) [text/plain]
Saving to: 'kplr000892376-2013098041711_llc_lc.tbl'

     0K .......... .......... .......... .......... ..........  3% 54,7K 23s
    50K .......... .......... .......... .......... ..........  7%  109K 17s
   100K .......... .......... .......... .......... .......... 11%  163K 13s
   150K .......... .......... .......... .......... .......... 15%  313K 10s
   200K .......... .......... .......... .......... .......... 18%  304K 9s
   250K .......... .......... .......... .......... .......... 22%  305K 7s
   300K .......... .......... .......... .......... .......... 26%  319K 6s
   350K .......... .......... .......... .......... .......... 30%  299K 6s
   400K .......... .......... .......... .......... .......... 33%  306K 5s
   450K .......... .......... .......... .......... .......... 37%  345K 5s
   500K .......... .......... .......... .......... .......... 41%  325K 4s
   550K .......... .......... .......... .......... .......... 45% 2,71M 4s
   600K .......... .......... .......... .......... .......... 48%  331K 3s
   650K .......... .......... .......... .......... .......... 52% 2,56M 3s
   700K .......... .......... .......... .......... .......... 56%  325K 3s
   750K .......... .......... .......... .......... .......... 60%  367K 2s
   800K .......... .......... .......... .......... .......... 64% 1,54M 2s
   850K .......... .......... .......... .......... .......... 67%  359K 2s
   900K .......... .......... .......... .......... .......... 71% 2,07M 1s
   950K .......... .......... .......... .......... .......... 75%  351K 1s
  1000K .......... .......... .......... .......... .......... 79% 1,92M 1s
  1050K .......... .......... .......... .......... .......... 82%  345K 1s
  1100K .......... .......... .......... .......... .......... 86% 3,20M 1s
  1150K .......... .......... .......... .......... .......... 90% 1,76M 0s
  1200K .......... .......... .......... .......... .......... 94%  344K 0s
  1250K .......... .......... .......... .......... .......... 97% 1,85M 0s
  1300K .......... .......... .......                         100% 5,29M=4,2s

2019-04-13 18:56:59 (319 KB/s) - 'kplr000892376-2013098041711_llc_lc.tbl' saved [1359174/1359174]

--2019-04-13 18:57:00--  http://exoplanetarchive.ipac.caltech.edu/data/ETSS//Kepler/005/678/31/kplr000892376-2013131215648_llc.fits
Resolving exoplanetarchive.ipac.caltech.edu (exoplanetarchive.ipac.caltech.edu)... 134.4.54.147
Connecting to exoplanetarchive.ipac.caltech.edu (exoplanetarchive.ipac.caltech.edu)|134.4.54.147|:80... connected.
HTTP request sent, awaiting response... 302 Found
Location: https://exoplanetarchive.ipac.caltech.edu/data/ETSS//Kepler/005/678/31/kplr000892376-2013131215648_llc.fits [following]
--2019-04-13 18:57:00--  https://exoplanetarchive.ipac.caltech.edu/data/ETSS//Kepler/005/678/31/kplr000892376-2013131215648_llc.fits
Connecting to exoplanetarchive.ipac.caltech.edu (exoplanetarchive.ipac.caltech.edu)|134.4.54.147|:443... connected.
HTTP request sent, awaiting response... 200 OK
Length: 187200 (183K) [image/x-fits]
Saving to: 'kplr000892376-2013131215648_llc.fits'

     0K .......... .......... .......... .......... .......... 27% 47,8K 3s
    50K .......... .......... .......... .......... .......... 54%  158K 1s
   100K .......... .......... .......... .......... .......... 82%  296K 0s
   150K .......... .......... .......... ..                   100%  210K=1,7s

2019-04-13 18:57:02 (108 KB/s) - 'kplr000892376-2013131215648_llc.fits' saved [187200/187200]

--2019-04-13 18:57:03--  http://exoplanetarchive.ipac.caltech.edu/data/ETSS//Kepler/005/695/06/kplr000892376-2013131215648_llc_lc.tbl
Resolving exoplanetarchive.ipac.caltech.edu (exoplanetarchive.ipac.caltech.edu)... 134.4.54.147
Connecting to exoplanetarchive.ipac.caltech.edu (exoplanetarchive.ipac.caltech.edu)|134.4.54.147|:80... connected.
HTTP request sent, awaiting response... 302 Found
Location: https://exoplanetarchive.ipac.caltech.edu/data/ETSS//Kepler/005/695/06/kplr000892376-2013131215648_llc_lc.tbl [following]
--2019-04-13 18:57:03--  https://exoplanetarchive.ipac.caltech.edu/data/ETSS//Kepler/005/695/06/kplr000892376-2013131215648_llc_lc.tbl
Connecting to exoplanetarchive.ipac.caltech.edu (exoplanetarchive.ipac.caltech.edu)|134.4.54.147|:443... connected.
HTTP request sent, awaiting response... 200 OK
Length: 506676 (495K) [text/plain]
Saving to: 'kplr000892376-2013131215648_llc_lc.tbl'

     0K .......... .......... .......... .......... .......... 10% 66,3K 7s
    50K .......... .......... .......... .......... .......... 20%  163K 4s
   100K .......... .......... .......... .......... .......... 30%  275K 3s
   150K .......... .......... .......... .......... .......... 40%  178K 2s
   200K .......... .......... .......... .......... .......... 50%  306K 2s
   250K .......... .......... .......... .......... .......... 60%  314K 1s
   300K .......... .......... .......... .......... .......... 70%  308K 1s
   350K .......... .......... .......... .......... .......... 80% 2,49M 0s
   400K .......... .......... .......... .......... .......... 90%  302K 0s
   450K .......... .......... .......... .......... ....      100%  314K=2,3s

2019-04-13 18:57:06 (212 KB/s) - 'kplr000892376-2013131215648_llc_lc.tbl' saved [506676/506676]

