'http://exoplanetarchive.ipac.caltech.edu:80/data/ETSS//Kepler/005/147/82/kplr001026146-2009166043257_llc.fits': Scheme missing.
'http://exoplanetarchive.ipac.caltech.edu:80/data/ETSS//Kepler/005/163/44/kplr001026146-2009166043257_llc_lc.tbl': Scheme missing.
'http://exoplanetarchive.ipac.caltech.edu:80/data/ETSS//Kepler/005/212/33/kplr001026146-2009259160929_llc.fits': Scheme missing.
'http://exoplanetarchive.ipac.caltech.edu:80/data/ETSS//Kepler/005/228/97/kplr001026146-2009259160929_llc_lc.tbl': Scheme missing.
'http://exoplanetarchive.ipac.caltech.edu:80/data/ETSS//Kepler/005/245/60/kplr001026146-2009350155506_llc.fits': Scheme missing.
'http://exoplanetarchive.ipac.caltech.edu:80/data/ETSS//Kepler/005/262/16/kplr001026146-2009350155506_llc_lc.tbl': Scheme missing.
'http://exoplanetarchive.ipac.caltech.edu:80/data/ETSS//Kepler/005/344/87/kplr001026146-2010078095331_llc.fits': Scheme missing.
'http://exoplanetarchive.ipac.caltech.edu:80/data/ETSS//Kepler/005/361/86/kplr001026146-2010078095331_llc_lc.tbl': Scheme missing.
'http://exoplanetarchive.ipac.caltech.edu:80/data/ETSS//Kepler/005/179/06/kplr001026146-2010174085026_llc.fits': Scheme missing.
'http://exoplanetarchive.ipac.caltech.edu:80/data/ETSS//Kepler/005/195/69/kplr001026146-2010174085026_llc_lc.tbl': Scheme missing.
'http://exoplanetarchive.ipac.caltech.edu:80/data/ETSS//Kepler/005/378/85/kplr001026146-2010265121752_llc.fits': Scheme missing.
'http://exoplanetarchive.ipac.caltech.edu:80/data/ETSS//Kepler/005/395/38/kplr001026146-2010265121752_llc_lc.tbl': Scheme missing.
'http://exoplanetarchive.ipac.caltech.edu:80/data/ETSS//Kepler/005/278/73/kplr001026146-2010355172524_llc.fits': Scheme missing.
'http://exoplanetarchive.ipac.caltech.edu:80/data/ETSS//Kepler/005/295/06/kplr001026146-2010355172524_llc_lc.tbl': Scheme missing.
'http://exoplanetarchive.ipac.caltech.edu:80/data/ETSS//Kepler/005/411/92/kplr001026146-2011073133259_llc.fits': Scheme missing.
'http://exoplanetarchive.ipac.caltech.edu:80/data/ETSS//Kepler/005/428/71/kplr001026146-2011073133259_llc_lc.tbl': Scheme missing.
'http://exoplanetarchive.ipac.caltech.edu:80/data/ETSS//Kepler/005/311/40/kplr001026146-2011177032512_llc.fits': Scheme missing.
'http://exoplanetarchive.ipac.caltech.edu:80/data/ETSS//Kepler/005/328/13/kplr001026146-2011177032512_llc_lc.tbl': Scheme missing.
'http://exoplanetarchive.ipac.caltech.edu:80/data/ETSS//Kepler/005/445/49/kplr001026146-2011271113734_llc.fits': Scheme missing.
'http://exoplanetarchive.ipac.caltech.edu:80/data/ETSS//Kepler/005/462/19/kplr001026146-2011271113734_llc_lc.tbl': Scheme missing.
'http://exoplanetarchive.ipac.caltech.edu:80/data/ETSS//Kepler/005/478/89/kplr001026146-2012004120508_llc.fits': Scheme missing.
'http://exoplanetarchive.ipac.caltech.edu:80/data/ETSS//Kepler/005/495/30/kplr001026146-2012004120508_llc_lc.tbl': Scheme missing.
'http://exoplanetarchive.ipac.caltech.edu:80/data/ETSS//Kepler/005/511/72/kplr001026146-2012088054726_llc.fits': Scheme missing.
'http://exoplanetarchive.ipac.caltech.edu:80/data/ETSS//Kepler/005/528/41/kplr001026146-2012088054726_llc_lc.tbl': Scheme missing.
'http://exoplanetarchive.ipac.caltech.edu:80/data/ETSS//Kepler/005/545/11/kplr001026146-2012179063303_llc.fits': Scheme missing.
'http://exoplanetarchive.ipac.caltech.edu:80/data/ETSS//Kepler/005/561/78/kplr001026146-2012179063303_llc_lc.tbl': Scheme missing.
'http://exoplanetarchive.ipac.caltech.edu:80/data/ETSS//Kepler/005/578/45/kplr001026146-2012277125453_llc.fits': Scheme missing.
'http://exoplanetarchive.ipac.caltech.edu:80/data/ETSS//Kepler/005/595/15/kplr001026146-2012277125453_llc_lc.tbl': Scheme missing.
'http://exoplanetarchive.ipac.caltech.edu:80/data/ETSS//Kepler/005/611/85/kplr001026146-2013011073258_llc.fits': Scheme missing.
'http://exoplanetarchive.ipac.caltech.edu:80/data/ETSS//Kepler/005/628/32/kplr001026146-2013011073258_llc_lc.tbl': Scheme missing.
'http://exoplanetarchive.ipac.caltech.edu:80/data/ETSS//Kepler/005/644/79/kplr001026146-2013098041711_llc.fits': Scheme missing.
'http://exoplanetarchive.ipac.caltech.edu:80/data/ETSS//Kepler/005/661/55/kplr001026146-2013098041711_llc_lc.tbl': Scheme missing.
'http://exoplanetarchive.ipac.caltech.edu:80/data/ETSS//Kepler/005/678/31/kplr001026146-2013131215648_llc.fits': Scheme missing.
'http://exoplanetarchive.ipac.caltech.edu:80/data/ETSS//Kepler/005/695/07/kplr001026146-2013131215648_llc_lc.tbl': Scheme missing.
--2019-03-11 23:37:49--  http://exoplanetarchive.ipac.caltech.edu/data/ETSS//Kepler/005/147/82/kplr001026146-2009166043257_llc.fits
Resolving exoplanetarchive.ipac.caltech.edu (exoplanetarchive.ipac.caltech.edu)... 134.4.54.147
Connecting to exoplanetarchive.ipac.caltech.edu (exoplanetarchive.ipac.caltech.edu)|134.4.54.147|:80... connected.
HTTP request sent, awaiting response... 302 Found
Location: https://exoplanetarchive.ipac.caltech.edu/data/ETSS//Kepler/005/147/82/kplr001026146-2009166043257_llc.fits [following]
--2019-03-11 23:37:49--  https://exoplanetarchive.ipac.caltech.edu/data/ETSS//Kepler/005/147/82/kplr001026146-2009166043257_llc.fits
Connecting to exoplanetarchive.ipac.caltech.edu (exoplanetarchive.ipac.caltech.edu)|134.4.54.147|:443... connected.
HTTP request sent, awaiting response... 200 OK
Length: 192960 (188K) [image/x-fits]
Saving to: 'kplr001026146-2009166043257_llc.fits'

     0K .......... .......... .......... .......... .......... 26% 68,1K 2s
    50K .......... .......... .......... .......... .......... 53%  176K 1s
   100K .......... .......... .......... .......... .......... 79%  314K 0s
   150K .......... .......... .......... ........             100%  261K=1,3s

2019-03-11 23:37:51 (142 KB/s) - 'kplr001026146-2009166043257_llc.fits' saved [192960/192960]

--2019-03-11 23:37:51--  http://exoplanetarchive.ipac.caltech.edu/data/ETSS//Kepler/005/163/44/kplr001026146-2009166043257_llc_lc.tbl
Resolving exoplanetarchive.ipac.caltech.edu (exoplanetarchive.ipac.caltech.edu)... 134.4.54.147
Connecting to exoplanetarchive.ipac.caltech.edu (exoplanetarchive.ipac.caltech.edu)|134.4.54.147|:80... connected.
HTTP request sent, awaiting response... 302 Found
Location: https://exoplanetarchive.ipac.caltech.edu/data/ETSS//Kepler/005/163/44/kplr001026146-2009166043257_llc_lc.tbl [following]
--2019-03-11 23:37:52--  https://exoplanetarchive.ipac.caltech.edu/data/ETSS//Kepler/005/163/44/kplr001026146-2009166043257_llc_lc.tbl
Connecting to exoplanetarchive.ipac.caltech.edu (exoplanetarchive.ipac.caltech.edu)|134.4.54.147|:443... connected.
HTTP request sent, awaiting response... 200 OK
Length: 533403 (521K) [text/plain]
Saving to: 'kplr001026146-2009166043257_llc_lc.tbl'

     0K .......... .......... .......... .......... ..........  9% 65,1K 7s
    50K .......... .......... .......... .......... .......... 19%  159K 5s
   100K .......... .......... .......... .......... .......... 28%  316K 3s
   150K .......... .......... .......... .......... .......... 38%  324K 2s
   200K .......... .......... .......... .......... .......... 47%  168K 2s
   250K .......... .......... .......... .......... .......... 57%  309K 1s
   300K .......... .......... .......... .......... .......... 67%  329K 1s
   350K .......... .......... .......... .......... .......... 76%  330K 1s
   400K .......... .......... .......... .......... .......... 86%  322K 0s
   450K .......... .......... .......... .......... .......... 95%  334K 0s
   500K .......... ..........                                 100% 9,93M=2,5s

2019-03-11 23:37:55 (211 KB/s) - 'kplr001026146-2009166043257_llc_lc.tbl' saved [533403/533403]

--2019-03-11 23:37:55--  http://exoplanetarchive.ipac.caltech.edu/data/ETSS//Kepler/005/212/33/kplr001026146-2009259160929_llc.fits
Resolving exoplanetarchive.ipac.caltech.edu (exoplanetarchive.ipac.caltech.edu)... 134.4.54.147
Connecting to exoplanetarchive.ipac.caltech.edu (exoplanetarchive.ipac.caltech.edu)|134.4.54.147|:80... connected.
HTTP request sent, awaiting response... 302 Found
Location: https://exoplanetarchive.ipac.caltech.edu/data/ETSS//Kepler/005/212/33/kplr001026146-2009259160929_llc.fits [following]
--2019-03-11 23:37:55--  https://exoplanetarchive.ipac.caltech.edu/data/ETSS//Kepler/005/212/33/kplr001026146-2009259160929_llc.fits
Connecting to exoplanetarchive.ipac.caltech.edu (exoplanetarchive.ipac.caltech.edu)|134.4.54.147|:443... connected.
HTTP request sent, awaiting response... 200 OK
Length: 466560 (456K) [image/x-fits]
Saving to: 'kplr001026146-2009259160929_llc.fits'

     0K .......... .......... .......... .......... .......... 10% 58,1K 7s
    50K .......... .......... .......... .......... .......... 21%  171K 4s
   100K .......... .......... .......... .......... .......... 32%  178K 3s
   150K .......... .......... .......... .......... .......... 43%  178K 2s
   200K .......... .......... .......... .......... .......... 54%  335K 2s
   250K .......... .......... .......... .......... .......... 65%  353K 1s
   300K .......... .......... .......... .......... .......... 76%  352K 1s
   350K .......... .......... .......... .......... .......... 87%  351K 0s
   400K .......... .......... .......... .......... .......... 98%  343K 0s
   450K .....                                                 100%  107G=2,4s

2019-03-11 23:37:59 (187 KB/s) - 'kplr001026146-2009259160929_llc.fits' saved [466560/466560]

--2019-03-11 23:37:59--  http://exoplanetarchive.ipac.caltech.edu/data/ETSS//Kepler/005/228/97/kplr001026146-2009259160929_llc_lc.tbl
Resolving exoplanetarchive.ipac.caltech.edu (exoplanetarchive.ipac.caltech.edu)... 134.4.54.147
Connecting to exoplanetarchive.ipac.caltech.edu (exoplanetarchive.ipac.caltech.edu)|134.4.54.147|:80... connected.
HTTP request sent, awaiting response... 302 Found
Location: https://exoplanetarchive.ipac.caltech.edu/data/ETSS//Kepler/005/228/97/kplr001026146-2009259160929_llc_lc.tbl [following]
--2019-03-11 23:37:59--  https://exoplanetarchive.ipac.caltech.edu/data/ETSS//Kepler/005/228/97/kplr001026146-2009259160929_llc_lc.tbl
Connecting to exoplanetarchive.ipac.caltech.edu (exoplanetarchive.ipac.caltech.edu)|134.4.54.147|:443... connected.
HTTP request sent, awaiting response... 200 OK
Length: 1407791 (1,3M) [text/plain]
Saving to: 'kplr001026146-2009259160929_llc_lc.tbl'

     0K .......... .......... .......... .......... ..........  3% 58,0K 23s
    50K .......... .......... .......... .......... ..........  7%  149K 15s
   100K .......... .......... .......... .......... .......... 10%  176K 12s
   150K .......... .......... .......... .......... .......... 14%  210K 10s
   200K .......... .......... .......... .......... .......... 18%  262K 9s
   250K .......... .......... .......... .......... .......... 21%  349K 7s
   300K .......... .......... .......... .......... .......... 25%  351K 6s
   350K .......... .......... .......... .......... .......... 29%  348K 6s
   400K .......... .......... .......... .......... .......... 32%  347K 5s
   450K .......... .......... .......... .......... .......... 36%  357K 5s
   500K .......... .......... .......... .......... .......... 40%  506K 4s
   550K .......... .......... .......... .......... .......... 43% 1,01M 4s
   600K .......... .......... .......... .......... .......... 47%  354K 3s
   650K .......... .......... .......... .......... .......... 50%  517K 3s
   700K .......... .......... .......... .......... .......... 54%  355K 3s
   750K .......... .......... .......... .......... .......... 58%  355K 2s
   800K .......... .......... .......... .......... .......... 61%  350K 2s
   850K .......... .......... .......... .......... .......... 65% 13,2M 2s
   900K .......... .......... .......... .......... .......... 69%  353K 2s
   950K .......... .......... .......... .......... .......... 72% 6,73M 1s
  1000K .......... .......... .......... .......... .......... 76%  362K 1s
  1050K .......... .......... .......... .......... .......... 80% 4,30M 1s
  1100K .......... .......... .......... .......... .......... 83%  383K 1s
  1150K .......... .......... .......... .......... .......... 87% 2,99M 1s
  1200K .......... .......... .......... .......... .......... 90%  356K 0s
  1250K .......... .......... .......... .......... .......... 94%  398K 0s
  1300K .......... .......... .......... .......... .......... 98% 3,12M 0s
  1350K .......... .......... ....                            100% 20,9M=4,2s

2019-03-11 23:38:04 (330 KB/s) - 'kplr001026146-2009259160929_llc_lc.tbl' saved [1407791/1407791]

--2019-03-11 23:38:04--  http://exoplanetarchive.ipac.caltech.edu/data/ETSS//Kepler/005/245/60/kplr001026146-2009350155506_llc.fits
Resolving exoplanetarchive.ipac.caltech.edu (exoplanetarchive.ipac.caltech.edu)... 134.4.54.147
Connecting to exoplanetarchive.ipac.caltech.edu (exoplanetarchive.ipac.caltech.edu)|134.4.54.147|:80... connected.
HTTP request sent, awaiting response... 302 Found
Location: https://exoplanetarchive.ipac.caltech.edu/data/ETSS//Kepler/005/245/60/kplr001026146-2009350155506_llc.fits [following]
--2019-03-11 23:38:04--  https://exoplanetarchive.ipac.caltech.edu/data/ETSS//Kepler/005/245/60/kplr001026146-2009350155506_llc.fits
Connecting to exoplanetarchive.ipac.caltech.edu (exoplanetarchive.ipac.caltech.edu)|134.4.54.147|:443... connected.
HTTP request sent, awaiting response... 200 OK
Length: 466560 (456K) [image/x-fits]
Saving to: 'kplr001026146-2009350155506_llc.fits'

     0K .......... .......... .......... .......... .......... 10% 68,9K 6s
    50K .......... .......... .......... .......... .......... 21%  173K 4s
   100K .......... .......... .......... .......... .......... 32%  287K 2s
   150K .......... .......... .......... .......... .......... 43%  345K 2s
   200K .......... .......... .......... .......... .......... 54%  192K 1s
   250K .......... .......... .......... .......... .......... 65%  343K 1s
   300K .......... .......... .......... .......... .......... 76%  337K 1s
   350K .......... .......... .......... .......... .......... 87%  343K 0s
   400K .......... .......... .......... .......... .......... 98%  347K 0s
   450K .....                                                 100%  107G=2,2s

2019-03-11 23:38:07 (209 KB/s) - 'kplr001026146-2009350155506_llc.fits' saved [466560/466560]

--2019-03-11 23:38:07--  http://exoplanetarchive.ipac.caltech.edu/data/ETSS//Kepler/005/262/16/kplr001026146-2009350155506_llc_lc.tbl
Resolving exoplanetarchive.ipac.caltech.edu (exoplanetarchive.ipac.caltech.edu)... 134.4.54.147
Connecting to exoplanetarchive.ipac.caltech.edu (exoplanetarchive.ipac.caltech.edu)|134.4.54.147|:80... connected.
HTTP request sent, awaiting response... 302 Found
Location: https://exoplanetarchive.ipac.caltech.edu/data/ETSS//Kepler/005/262/16/kplr001026146-2009350155506_llc_lc.tbl [following]
--2019-03-11 23:38:08--  https://exoplanetarchive.ipac.caltech.edu/data/ETSS//Kepler/005/262/16/kplr001026146-2009350155506_llc_lc.tbl
Connecting to exoplanetarchive.ipac.caltech.edu (exoplanetarchive.ipac.caltech.edu)|134.4.54.147|:443... connected.
HTTP request sent, awaiting response... 200 OK
Length: 1412963 (1,3M) [text/plain]
Saving to: 'kplr001026146-2009350155506_llc_lc.tbl'

     0K .......... .......... .......... .......... ..........  3% 67,3K 20s
    50K .......... .......... .......... .......... ..........  7%  175K 13s
   100K .......... .......... .......... .......... .......... 10%  306K 10s
   150K .......... .......... .......... .......... .......... 14%  181K 9s
   200K .......... .......... .......... .......... .......... 18%  334K 7s
   250K .......... .......... .......... .......... .......... 21%  339K 6s
   300K .......... .......... .......... .......... .......... 25%  342K 6s
   350K .......... .......... .......... .......... .......... 28%  340K 5s
   400K .......... .......... .......... .......... .......... 32%  327K 5s
   450K .......... .......... .......... .......... .......... 36% 5,39M 4s
   500K .......... .......... .......... .......... .......... 39%  331K 4s
   550K .......... .......... .......... .......... .......... 43%  363K 3s
   600K .......... .......... .......... .......... .......... 47%  346K 3s
   650K .......... .......... .......... .......... .......... 50%  347K 3s
   700K .......... .......... .......... .......... .......... 54% 5,02M 2s
   750K .......... .......... .......... .......... .......... 57%  352K 2s
   800K .......... .......... .......... .......... .......... 61% 3,71M 2s
   850K .......... .......... .......... .......... .......... 65%  359K 2s
   900K .......... .......... .......... .......... .......... 68% 5,09M 1s
   950K .......... .......... .......... .......... .......... 72%  351K 1s
  1000K .......... .......... .......... .......... .......... 76% 4,95M 1s
  1050K .......... .......... .......... .......... .......... 79%  351K 1s
  1100K .......... .......... .......... .......... .......... 83% 4,54M 1s
  1150K .......... .......... .......... .......... .......... 86%  356K 1s
  1200K .......... .......... .......... .......... .......... 90% 3,77M 0s
  1250K .......... .......... .......... .......... .......... 94% 5,47M 0s
  1300K .......... .......... .......... .......... .......... 97%  356K 0s
  1350K .......... .......... .........                       100% 8,16M=3,7s

2019-03-11 23:38:12 (371 KB/s) - 'kplr001026146-2009350155506_llc_lc.tbl' saved [1412963/1412963]

--2019-03-11 23:38:12--  http://exoplanetarchive.ipac.caltech.edu/data/ETSS//Kepler/005/344/87/kplr001026146-2010078095331_llc.fits
Resolving exoplanetarchive.ipac.caltech.edu (exoplanetarchive.ipac.caltech.edu)... 134.4.54.147
Connecting to exoplanetarchive.ipac.caltech.edu (exoplanetarchive.ipac.caltech.edu)|134.4.54.147|:80... connected.
HTTP request sent, awaiting response... 302 Found
Location: https://exoplanetarchive.ipac.caltech.edu/data/ETSS//Kepler/005/344/87/kplr001026146-2010078095331_llc.fits [following]
--2019-03-11 23:38:13--  https://exoplanetarchive.ipac.caltech.edu/data/ETSS//Kepler/005/344/87/kplr001026146-2010078095331_llc.fits
Connecting to exoplanetarchive.ipac.caltech.edu (exoplanetarchive.ipac.caltech.edu)|134.4.54.147|:443... connected.
HTTP request sent, awaiting response... 200 OK
Length: 469440 (458K) [image/x-fits]
Saving to: 'kplr001026146-2010078095331_llc.fits'

     0K .......... .......... .......... .......... .......... 10% 57,8K 7s
    50K .......... .......... .......... .......... .......... 21%  314K 4s
   100K .......... .......... .......... .......... .......... 32%  179K 3s
   150K .......... .......... .......... .......... .......... 43%  333K 2s
   200K .......... .......... .......... .......... .......... 54%  330K 1s
   250K .......... .......... .......... .......... .......... 65%  351K 1s
   300K .......... .......... .......... .......... .......... 76%  321K 1s
   350K .......... .......... .......... .......... .......... 87%  379K 0s
   400K .......... .......... .......... .......... .......... 98% 1,83M 0s
   450K ........                                              100% 24,3M=2,1s

2019-03-11 23:38:15 (222 KB/s) - 'kplr001026146-2010078095331_llc.fits' saved [469440/469440]

--2019-03-11 23:38:16--  http://exoplanetarchive.ipac.caltech.edu/data/ETSS//Kepler/005/361/86/kplr001026146-2010078095331_llc_lc.tbl
Resolving exoplanetarchive.ipac.caltech.edu (exoplanetarchive.ipac.caltech.edu)... 134.4.54.147
Connecting to exoplanetarchive.ipac.caltech.edu (exoplanetarchive.ipac.caltech.edu)|134.4.54.147|:80... connected.
HTTP request sent, awaiting response... 302 Found
Location: https://exoplanetarchive.ipac.caltech.edu/data/ETSS//Kepler/005/361/86/kplr001026146-2010078095331_llc_lc.tbl [following]
--2019-03-11 23:38:16--  https://exoplanetarchive.ipac.caltech.edu/data/ETSS//Kepler/005/361/86/kplr001026146-2010078095331_llc_lc.tbl
Connecting to exoplanetarchive.ipac.caltech.edu (exoplanetarchive.ipac.caltech.edu)|134.4.54.147|:443... connected.
HTTP request sent, awaiting response... 200 OK
Length: 1421496 (1,4M) [text/plain]
Saving to: 'kplr001026146-2010078095331_llc_lc.tbl'

     0K .......... .......... .......... .......... ..........  3% 54,7K 24s
    50K .......... .......... .......... .......... ..........  7%  161K 16s
   100K .......... .......... .......... .......... .......... 10%  309K 11s
   150K .......... .......... .......... .......... .......... 14%  167K 10s
   200K .......... .......... .......... .......... .......... 18%  323K 8s
   250K .......... .......... .......... .......... .......... 21%  311K 7s
   300K .......... .......... .......... .......... .......... 25%  319K 6s
   350K .......... .......... .......... .......... .......... 28%  325K 6s
   400K .......... .......... .......... .......... .......... 32%  326K 5s
   450K .......... .......... .......... .......... .......... 36%  325K 5s
   500K .......... .......... .......... .......... .......... 39% 2,42M 4s
   550K .......... .......... .......... .......... .......... 43%  325K 4s
   600K .......... .......... .......... .......... .......... 46%  350K 3s
   650K .......... .......... .......... .......... .......... 50% 2,04M 3s
   700K .......... .......... .......... .......... .......... 54%  330K 3s
   750K .......... .......... .......... .......... .......... 57%  377K 2s
   800K .......... .......... .......... .......... .......... 61% 1,35M 2s
   850K .......... .......... .......... .......... .......... 64%  395K 2s
   900K .......... .......... .......... .......... .......... 68% 1,61M 2s
   950K .......... .......... .......... .......... .......... 72%  383K 1s
  1000K .......... .......... .......... .......... .......... 75% 1,78M 1s
  1050K .......... .......... .......... .......... .......... 79%  374K 1s
  1100K .......... .......... .......... .......... .......... 82% 2,57M 1s
  1150K .......... .......... .......... .......... .......... 86% 3,24M 1s
  1200K .......... .......... .......... .......... .......... 90%  360K 0s
  1250K .......... .......... .......... .......... .......... 93% 1,81M 0s
  1300K .......... .......... .......... .......... .......... 97%  383K 0s
  1350K .......... .......... .......... ........             100% 6,76M=4,1s

2019-03-11 23:38:21 (341 KB/s) - 'kplr001026146-2010078095331_llc_lc.tbl' saved [1421496/1421496]

--2019-03-11 23:38:21--  http://exoplanetarchive.ipac.caltech.edu/data/ETSS//Kepler/005/179/06/kplr001026146-2010174085026_llc.fits
Resolving exoplanetarchive.ipac.caltech.edu (exoplanetarchive.ipac.caltech.edu)... 134.4.54.147
Connecting to exoplanetarchive.ipac.caltech.edu (exoplanetarchive.ipac.caltech.edu)|134.4.54.147|:80... connected.
HTTP request sent, awaiting response... 302 Found
Location: https://exoplanetarchive.ipac.caltech.edu/data/ETSS//Kepler/005/179/06/kplr001026146-2010174085026_llc.fits [following]
--2019-03-11 23:38:21--  https://exoplanetarchive.ipac.caltech.edu/data/ETSS//Kepler/005/179/06/kplr001026146-2010174085026_llc.fits
Connecting to exoplanetarchive.ipac.caltech.edu (exoplanetarchive.ipac.caltech.edu)|134.4.54.147|:443... connected.
HTTP request sent, awaiting response... 200 OK
Length: 492480 (481K) [image/x-fits]
Saving to: 'kplr001026146-2010174085026_llc.fits'

     0K .......... .......... .......... .......... .......... 10% 56,9K 8s
    50K .......... .......... .......... .......... .......... 20%  114K 5s
   100K .......... .......... .......... .......... .......... 31%  172K 4s
   150K .......... .......... .......... .......... .......... 41%  259K 3s
   200K .......... .......... .......... .......... .......... 51%  198K 2s
   250K .......... .......... .......... .......... .......... 62%  331K 1s
   300K .......... .......... .......... .......... .......... 72%  340K 1s
   350K .......... .......... .......... .......... .......... 83% 5,51M 0s
   400K .......... .......... .......... .......... .......... 93%  335K 0s
   450K .......... .......... ..........                      100%  228K=2,6s

2019-03-11 23:38:25 (182 KB/s) - 'kplr001026146-2010174085026_llc.fits' saved [492480/492480]

--2019-03-11 23:38:25--  http://exoplanetarchive.ipac.caltech.edu/data/ETSS//Kepler/005/195/69/kplr001026146-2010174085026_llc_lc.tbl
Resolving exoplanetarchive.ipac.caltech.edu (exoplanetarchive.ipac.caltech.edu)... 134.4.54.147
Connecting to exoplanetarchive.ipac.caltech.edu (exoplanetarchive.ipac.caltech.edu)|134.4.54.147|:80... connected.
HTTP request sent, awaiting response... 302 Found
Location: https://exoplanetarchive.ipac.caltech.edu/data/ETSS//Kepler/005/195/69/kplr001026146-2010174085026_llc_lc.tbl [following]
--2019-03-11 23:38:25--  https://exoplanetarchive.ipac.caltech.edu/data/ETSS//Kepler/005/195/69/kplr001026146-2010174085026_llc_lc.tbl
Connecting to exoplanetarchive.ipac.caltech.edu (exoplanetarchive.ipac.caltech.edu)|134.4.54.147|:443... connected.
HTTP request sent, awaiting response... 200 OK
Length: 1497812 (1,4M) [text/plain]
Saving to: 'kplr001026146-2010174085026_llc_lc.tbl'

     0K .......... .......... .......... .......... ..........  3% 69,0K 20s
    50K .......... .......... .......... .......... ..........  6%  315K 12s
   100K .......... .......... .......... .......... .......... 10%  180K 10s
   150K .......... .......... .......... .......... .......... 13%  327K 8s
   200K .......... .......... .......... .......... .......... 17%  336K 7s
   250K .......... .......... .......... .......... .......... 20%  335K 6s
   300K .......... .......... .......... .......... .......... 23%  343K 6s
   350K .......... .......... .......... .......... .......... 27%  348K 5s
   400K .......... .......... .......... .......... .......... 30%  342K 5s
   450K .......... .......... .......... .......... .......... 34%  348K 4s
   500K .......... .......... .......... .......... .......... 37%  345K 4s
   550K .......... .......... .......... .......... .......... 41% 9,97M 3s
   600K .......... .......... .......... .......... .......... 44%  342K 3s
   650K .......... .......... .......... .......... .......... 47%  352K 3s
   700K .......... .......... .......... .......... .......... 51%  345K 3s
   750K .......... .......... .......... .......... .......... 54% 13,2M 2s
   800K .......... .......... .......... .......... .......... 58%  339K 2s
   850K .......... .......... .......... .......... .......... 61%  350K 2s
   900K .......... .......... .......... .......... .......... 64%  350K 2s
   950K .......... .......... .......... .......... .......... 68%  347K 2s
  1000K .......... .......... .......... .......... .......... 71% 6,14M 1s
  1050K .......... .......... .......... .......... .......... 75%  353K 1s
  1100K .......... .......... .......... .......... .......... 78%  348K 1s
  1150K .......... .......... .......... .......... .......... 82% 11,6M 1s
  1200K .......... .......... .......... .......... .......... 85%  342K 1s
  1250K .......... .......... .......... .......... .......... 88% 11,5M 0s
  1300K .......... .......... .......... .......... .......... 92%  340K 0s
  1350K .......... .......... .......... .......... .......... 95% 11,2M 0s
  1400K .......... .......... .......... .......... .......... 99%  339K 0s
  1450K .......... ..                                         100% 13,8M=4,1s

2019-03-11 23:38:30 (356 KB/s) - 'kplr001026146-2010174085026_llc_lc.tbl' saved [1497812/1497812]

--2019-03-11 23:38:30--  http://exoplanetarchive.ipac.caltech.edu/data/ETSS//Kepler/005/378/85/kplr001026146-2010265121752_llc.fits
Resolving exoplanetarchive.ipac.caltech.edu (exoplanetarchive.ipac.caltech.edu)... 134.4.54.147
Connecting to exoplanetarchive.ipac.caltech.edu (exoplanetarchive.ipac.caltech.edu)|134.4.54.147|:80... connected.
HTTP request sent, awaiting response... 302 Found
Location: https://exoplanetarchive.ipac.caltech.edu/data/ETSS//Kepler/005/378/85/kplr001026146-2010265121752_llc.fits [following]
--2019-03-11 23:38:30--  https://exoplanetarchive.ipac.caltech.edu/data/ETSS//Kepler/005/378/85/kplr001026146-2010265121752_llc.fits
Connecting to exoplanetarchive.ipac.caltech.edu (exoplanetarchive.ipac.caltech.edu)|134.4.54.147|:443... connected.
HTTP request sent, awaiting response... 200 OK
Length: 469440 (458K) [image/x-fits]
Saving to: 'kplr001026146-2010265121752_llc.fits'

     0K .......... .......... .......... .......... .......... 10% 54,9K 7s
    50K .......... .......... .......... .......... .......... 21%  162K 4s
   100K .......... .......... .......... .......... .......... 32%  166K 3s
   150K .......... .......... .......... .......... .......... 43%  321K 2s
   200K .......... .......... .......... .......... .......... 54%  166K 2s
   250K .......... .......... .......... .......... .......... 65%  325K 1s
   300K .......... .......... .......... .......... .......... 76%  323K 1s
   350K .......... .......... .......... .......... .......... 87%  327K 0s
   400K .......... .......... .......... .......... .......... 98%  328K 0s
   450K ........                                              100% 27,9M=2,6s

2019-03-11 23:38:34 (177 KB/s) - 'kplr001026146-2010265121752_llc.fits' saved [469440/469440]

--2019-03-11 23:38:34--  http://exoplanetarchive.ipac.caltech.edu/data/ETSS//Kepler/005/395/38/kplr001026146-2010265121752_llc_lc.tbl
Resolving exoplanetarchive.ipac.caltech.edu (exoplanetarchive.ipac.caltech.edu)... 134.4.54.147
Connecting to exoplanetarchive.ipac.caltech.edu (exoplanetarchive.ipac.caltech.edu)|134.4.54.147|:80... connected.
HTTP request sent, awaiting response... 302 Found
Location: https://exoplanetarchive.ipac.caltech.edu/data/ETSS//Kepler/005/395/38/kplr001026146-2010265121752_llc_lc.tbl [following]
--2019-03-11 23:38:34--  https://exoplanetarchive.ipac.caltech.edu/data/ETSS//Kepler/005/395/38/kplr001026146-2010265121752_llc_lc.tbl
Connecting to exoplanetarchive.ipac.caltech.edu (exoplanetarchive.ipac.caltech.edu)|134.4.54.147|:443... connected.
HTTP request sent, awaiting response... 200 OK
Length: 1421962 (1,4M) [text/plain]
Saving to: 'kplr001026146-2010265121752_llc_lc.tbl'

     0K .......... .......... .......... .......... ..........  3% 57,4K 23s
    50K .......... .......... .......... .......... ..........  7%  114K 17s
   100K .......... .......... .......... .......... .......... 10%  173K 13s
   150K .......... .......... .......... .......... .......... 14%  172K 11s
   200K .......... .......... .......... .......... .......... 18%  340K 9s
   250K .......... .......... .......... .......... .......... 21%  173K 8s
   300K .......... .......... .......... .......... .......... 25%  346K 7s
   350K .......... .......... .......... .......... .......... 28%  157K 7s
   400K .......... .......... .......... .......... .......... 32%  407K 6s
   450K .......... .......... .......... .......... .......... 36%  351K 5s
   500K .......... .......... .......... .......... .......... 39%  174K 5s
   550K .......... .......... .......... .......... .......... 43%  344K 5s
   600K .......... .......... .......... .......... .......... 46%  347K 4s
   650K .......... .......... .......... .......... .......... 50%  341K 4s
   700K .......... .......... .......... .......... .......... 54% 18,9M 3s
   750K .......... .......... .......... .......... .......... 57%  337K 3s
   800K .......... .......... .......... .......... .......... 61%  346K 3s
   850K .......... .......... .......... .......... .......... 64%  348K 2s
   900K .......... .......... .......... .......... .......... 68%  353K 2s
   950K .......... .......... .......... .......... .......... 72%  352K 2s
  1000K .......... .......... .......... .......... .......... 75% 6,54M 1s
  1050K .......... .......... .......... .......... .......... 79%  356K 1s
  1100K .......... .......... .......... .......... .......... 82%  346K 1s
  1150K .......... .......... .......... .......... .......... 86% 9,54M 1s
  1200K .......... .......... .......... .......... .......... 90%  347K 1s
  1250K .......... .......... .......... .......... .......... 93%  347K 0s
  1300K .......... .......... .......... .......... .......... 97%  351K 0s
  1350K .......... .......... .......... ........             100% 9,07M=5,2s

2019-03-11 23:38:40 (265 KB/s) - 'kplr001026146-2010265121752_llc_lc.tbl' saved [1421962/1421962]

--2019-03-11 23:38:40--  http://exoplanetarchive.ipac.caltech.edu/data/ETSS//Kepler/005/278/73/kplr001026146-2010355172524_llc.fits
Resolving exoplanetarchive.ipac.caltech.edu (exoplanetarchive.ipac.caltech.edu)... 134.4.54.147
Connecting to exoplanetarchive.ipac.caltech.edu (exoplanetarchive.ipac.caltech.edu)|134.4.54.147|:80... connected.
HTTP request sent, awaiting response... 302 Found
Location: https://exoplanetarchive.ipac.caltech.edu/data/ETSS//Kepler/005/278/73/kplr001026146-2010355172524_llc.fits [following]
--2019-03-11 23:38:41--  https://exoplanetarchive.ipac.caltech.edu/data/ETSS//Kepler/005/278/73/kplr001026146-2010355172524_llc.fits
Connecting to exoplanetarchive.ipac.caltech.edu (exoplanetarchive.ipac.caltech.edu)|134.4.54.147|:443... connected.
HTTP request sent, awaiting response... 200 OK
Length: 466560 (456K) [image/x-fits]
Saving to: 'kplr001026146-2010355172524_llc.fits'

     0K .......... .......... .......... .......... .......... 10% 67,2K 6s
    50K .......... .......... .......... .......... .......... 21%  170K 4s
   100K .......... .......... .......... .......... .......... 32%  179K 3s
   150K .......... .......... .......... .......... .......... 43%  331K 2s
   200K .......... .......... .......... .......... .......... 54%  335K 1s
   250K .......... .......... .......... .......... .......... 65%  338K 1s
   300K .......... .......... .......... .......... .......... 76%  344K 1s
   350K .......... .......... .......... .......... .......... 87% 2,11M 0s
   400K .......... .......... .......... .......... .......... 98%  347K 0s
   450K .....                                                 100%  107G=2,1s

2019-03-11 23:38:43 (219 KB/s) - 'kplr001026146-2010355172524_llc.fits' saved [466560/466560]

--2019-03-11 23:38:43--  http://exoplanetarchive.ipac.caltech.edu/data/ETSS//Kepler/005/295/06/kplr001026146-2010355172524_llc_lc.tbl
Resolving exoplanetarchive.ipac.caltech.edu (exoplanetarchive.ipac.caltech.edu)... 134.4.54.147
Connecting to exoplanetarchive.ipac.caltech.edu (exoplanetarchive.ipac.caltech.edu)|134.4.54.147|:80... connected.
HTTP request sent, awaiting response... 302 Found
Location: https://exoplanetarchive.ipac.caltech.edu/data/ETSS//Kepler/005/295/06/kplr001026146-2010355172524_llc_lc.tbl [following]
--2019-03-11 23:38:44--  https://exoplanetarchive.ipac.caltech.edu/data/ETSS//Kepler/005/295/06/kplr001026146-2010355172524_llc_lc.tbl
Connecting to exoplanetarchive.ipac.caltech.edu (exoplanetarchive.ipac.caltech.edu)|134.4.54.147|:443... connected.
HTTP request sent, awaiting response... 200 OK
Length: 1414574 (1,3M) [text/plain]
Saving to: 'kplr001026146-2010355172524_llc_lc.tbl'

     0K .......... .......... .......... .......... ..........  3% 54,7K 24s
    50K .......... .......... .......... .......... ..........  7%  111K 17s
   100K .......... .......... .......... .......... .......... 10%  164K 14s
   150K .......... .......... .......... .......... .......... 14%  325K 11s
   200K .......... .......... .......... .......... .......... 18%  164K 10s
   250K .......... .......... .......... .......... .......... 21%  327K 8s
   300K .......... .......... .......... .......... .......... 25%  327K 7s
   350K .......... .......... .......... .......... .......... 28%  326K 6s
   400K .......... .......... .......... .......... .......... 32%  167K 6s
   450K .......... .......... .......... .......... .......... 36%  334K 5s
   500K .......... .......... .......... .......... .......... 39%  329K 5s
   550K .......... .......... .......... .......... .......... 43%  324K 4s
   600K .......... .......... .......... .......... .......... 47%  333K 4s
   650K .......... .......... .......... .......... .......... 50% 8,60M 3s
   700K .......... .......... .......... .......... .......... 54%  334K 3s
   750K .......... .......... .......... .......... .......... 57%  328K 3s
   800K .......... .......... .......... .......... .......... 61%  331K 2s
   850K .......... .......... .......... .......... .......... 65%  334K 2s
   900K .......... .......... .......... .......... .......... 68%  333K 2s
   950K .......... .......... .......... .......... .......... 72% 10,6M 2s
  1000K .......... .......... .......... .......... .......... 76%  331K 1s
  1050K .......... .......... .......... .......... .......... 79% 7,80M 1s
  1100K .......... .......... .......... .......... .......... 83%  347K 1s
  1150K .......... .......... .......... .......... .......... 86% 6,24M 1s
  1200K .......... .......... .......... .......... .......... 90%  349K 0s
  1250K .......... .......... .......... .......... .......... 94%  346K 0s
  1300K .......... .......... .......... .......... .......... 97% 6,82M 0s
  1350K .......... .......... .......... .                    100% 4,01M=4,9s

2019-03-11 23:38:49 (284 KB/s) - 'kplr001026146-2010355172524_llc_lc.tbl' saved [1414574/1414574]

--2019-03-11 23:38:50--  http://exoplanetarchive.ipac.caltech.edu/data/ETSS//Kepler/005/411/92/kplr001026146-2011073133259_llc.fits
Resolving exoplanetarchive.ipac.caltech.edu (exoplanetarchive.ipac.caltech.edu)... 134.4.54.147
Connecting to exoplanetarchive.ipac.caltech.edu (exoplanetarchive.ipac.caltech.edu)|134.4.54.147|:80... connected.
HTTP request sent, awaiting response... 302 Found
Location: https://exoplanetarchive.ipac.caltech.edu/data/ETSS//Kepler/005/411/92/kplr001026146-2011073133259_llc.fits [following]
--2019-03-11 23:38:50--  https://exoplanetarchive.ipac.caltech.edu/data/ETSS//Kepler/005/411/92/kplr001026146-2011073133259_llc.fits
Connecting to exoplanetarchive.ipac.caltech.edu (exoplanetarchive.ipac.caltech.edu)|134.4.54.147|:443... connected.
HTTP request sent, awaiting response... 200 OK
Length: 357120 (349K) [image/x-fits]
Saving to: 'kplr001026146-2011073133259_llc.fits'

     0K .......... .......... .......... .......... .......... 14% 58,4K 5s
    50K .......... .......... .......... .......... .......... 28%  117K 3s
   100K .......... .......... .......... .......... .......... 43%  175K 2s
   150K .......... .......... .......... .......... .......... 57%  176K 1s
   200K .......... .......... .......... .......... .......... 71%  344K 1s
   250K .......... .......... .......... .......... .......... 86%  174K 0s
   300K .......... .......... .......... .......... ........  100%  339K=2,4s

2019-03-11 23:38:53 (143 KB/s) - 'kplr001026146-2011073133259_llc.fits' saved [357120/357120]

--2019-03-11 23:38:53--  http://exoplanetarchive.ipac.caltech.edu/data/ETSS//Kepler/005/428/71/kplr001026146-2011073133259_llc_lc.tbl
Resolving exoplanetarchive.ipac.caltech.edu (exoplanetarchive.ipac.caltech.edu)... 134.4.54.147
Connecting to exoplanetarchive.ipac.caltech.edu (exoplanetarchive.ipac.caltech.edu)|134.4.54.147|:80... connected.
HTTP request sent, awaiting response... 302 Found
Location: https://exoplanetarchive.ipac.caltech.edu/data/ETSS//Kepler/005/428/71/kplr001026146-2011073133259_llc_lc.tbl [following]
--2019-03-11 23:38:53--  https://exoplanetarchive.ipac.caltech.edu/data/ETSS//Kepler/005/428/71/kplr001026146-2011073133259_llc_lc.tbl
Connecting to exoplanetarchive.ipac.caltech.edu (exoplanetarchive.ipac.caltech.edu)|134.4.54.147|:443... connected.
HTTP request sent, awaiting response... 200 OK
Length: 1061645 (1,0M) [text/plain]
Saving to: 'kplr001026146-2011073133259_llc_lc.tbl'

     0K .......... .......... .......... .......... ..........  4% 56,8K 17s
    50K .......... .......... .......... .......... ..........  9%  171K 11s
   100K .......... .......... .......... .......... .......... 14%  172K 9s
   150K .......... .......... .......... .......... .......... 19%  338K 7s
   200K .......... .......... .......... .......... .......... 24%  340K 6s
   250K .......... .......... .......... .......... .......... 28%  316K 5s
   300K .......... .......... .......... .......... .......... 33%  321K 4s
   350K .......... .......... .......... .......... .......... 38%  357K 4s
   400K .......... .......... .......... .......... .......... 43%  341K 3s
   450K .......... .......... .......... .......... .......... 48%  342K 3s
   500K .......... .......... .......... .......... .......... 53%  345K 2s
   550K .......... .......... .......... .......... .......... 57% 10,5M 2s
   600K .......... .......... .......... .......... .......... 62%  329K 2s
   650K .......... .......... .......... .......... .......... 67%  342K 1s
   700K .......... .......... .......... .......... .......... 72% 16,6M 1s
   750K .......... .......... .......... .......... .......... 77%  347K 1s
   800K .......... .......... .......... .......... .......... 81%  338K 1s
   850K .......... .......... .......... .......... .......... 86% 5,18M 0s
   900K .......... .......... .......... .......... .......... 91%  352K 0s
   950K .......... .......... .......... .......... .......... 96%  355K 0s
  1000K .......... .......... .......... ......               100% 13,7M=3,5s

2019-03-11 23:38:58 (293 KB/s) - 'kplr001026146-2011073133259_llc_lc.tbl' saved [1061645/1061645]

--2019-03-11 23:38:58--  http://exoplanetarchive.ipac.caltech.edu/data/ETSS//Kepler/005/311/40/kplr001026146-2011177032512_llc.fits
Resolving exoplanetarchive.ipac.caltech.edu (exoplanetarchive.ipac.caltech.edu)... 134.4.54.147
Connecting to exoplanetarchive.ipac.caltech.edu (exoplanetarchive.ipac.caltech.edu)|134.4.54.147|:80... connected.
HTTP request sent, awaiting response... 302 Found
Location: https://exoplanetarchive.ipac.caltech.edu/data/ETSS//Kepler/005/311/40/kplr001026146-2011177032512_llc.fits [following]
--2019-03-11 23:38:58--  https://exoplanetarchive.ipac.caltech.edu/data/ETSS//Kepler/005/311/40/kplr001026146-2011177032512_llc.fits
Connecting to exoplanetarchive.ipac.caltech.edu (exoplanetarchive.ipac.caltech.edu)|134.4.54.147|:443... connected.
HTTP request sent, awaiting response... 200 OK
Length: 506880 (495K) [image/x-fits]
Saving to: 'kplr001026146-2011177032512_llc.fits'

     0K .......... .......... .......... .......... .......... 10% 58,7K 8s
    50K .......... .......... .......... .......... .......... 20%  117K 5s
   100K .......... .......... .......... .......... .......... 30%  174K 4s
   150K .......... .......... .......... .......... .......... 40%  329K 3s
   200K .......... .......... .......... .......... .......... 50%  329K 2s
   250K .......... .......... .......... .......... .......... 60%  352K 1s
   300K .......... .......... .......... .......... .......... 70%  344K 1s
   350K .......... .......... .......... .......... .......... 80%  354K 1s
   400K .......... .......... .......... .......... .......... 90%  344K 0s
   450K .......... .......... .......... .......... .....     100%  315K=2,6s

2019-03-11 23:39:02 (191 KB/s) - 'kplr001026146-2011177032512_llc.fits' saved [506880/506880]

--2019-03-11 23:39:02--  http://exoplanetarchive.ipac.caltech.edu/data/ETSS//Kepler/005/328/13/kplr001026146-2011177032512_llc_lc.tbl
Resolving exoplanetarchive.ipac.caltech.edu (exoplanetarchive.ipac.caltech.edu)... 134.4.54.147
Connecting to exoplanetarchive.ipac.caltech.edu (exoplanetarchive.ipac.caltech.edu)|134.4.54.147|:80... connected.
HTTP request sent, awaiting response... 302 Found
Location: https://exoplanetarchive.ipac.caltech.edu/data/ETSS//Kepler/005/328/13/kplr001026146-2011177032512_llc_lc.tbl [following]
--2019-03-11 23:39:02--  https://exoplanetarchive.ipac.caltech.edu/data/ETSS//Kepler/005/328/13/kplr001026146-2011177032512_llc_lc.tbl
Connecting to exoplanetarchive.ipac.caltech.edu (exoplanetarchive.ipac.caltech.edu)|134.4.54.147|:443... connected.
HTTP request sent, awaiting response... 200 OK
Length: 1540958 (1,5M) [text/plain]
Saving to: 'kplr001026146-2011177032512_llc_lc.tbl'

     0K .......... .......... .......... .......... ..........  3% 54,6K 27s
    50K .......... .......... .......... .......... ..........  6%  163K 17s
   100K .......... .......... .......... .......... ..........  9%  303K 13s
   150K .......... .......... .......... .......... .......... 13%  170K 11s
   200K .......... .......... .......... .......... .......... 16%  325K 9s
   250K .......... .......... .......... .......... .......... 19%  327K 8s
   300K .......... .......... .......... .......... .......... 23%  327K 7s
   350K .......... .......... .......... .......... .......... 26%  332K 6s
   400K .......... .......... .......... .......... .......... 29%  325K 6s
   450K .......... .......... .......... .......... .......... 33% 2,82M 5s
   500K .......... .......... .......... .......... .......... 36%  327K 5s
   550K .......... .......... .......... .......... .......... 39%  369K 4s
   600K .......... .......... .......... .......... .......... 43%  334K 4s
   650K .......... .......... .......... .......... .......... 46% 2,52M 3s
   700K .......... .......... .......... .......... .......... 49%  361K 3s
   750K .......... .......... .......... .......... .......... 53% 2,75M 3s
   800K .......... .......... .......... .......... .......... 56%  358K 2s
   850K .......... .......... .......... .......... .......... 59% 2,22M 2s
   900K .......... .......... .......... .......... .......... 63%  346K 2s
   950K .......... .......... .......... .......... .......... 66% 5,44M 2s
  1000K .......... .......... .......... .......... .......... 69%  372K 2s
  1050K .......... .......... .......... .......... .......... 73% 3,00M 1s
  1100K .......... .......... .......... .......... .......... 76%  366K 1s
  1150K .......... .......... .......... .......... .......... 79% 2,92M 1s
  1200K .......... .......... .......... .......... .......... 83% 3,19M 1s
  1250K .......... .......... .......... .......... .......... 86%  380K 1s
  1300K .......... .......... .......... .......... .......... 89% 1,87M 0s
  1350K .......... .......... .......... .......... .......... 93%  412K 0s
  1400K .......... .......... .......... .......... .......... 96% 1,76M 0s
  1450K .......... .......... .......... .......... .......... 99% 5,66M 0s
  1500K ....                                                  100% 13,5M=4,0s

2019-03-11 23:39:07 (374 KB/s) - 'kplr001026146-2011177032512_llc_lc.tbl' saved [1540958/1540958]

--2019-03-11 23:39:07--  http://exoplanetarchive.ipac.caltech.edu/data/ETSS//Kepler/005/445/49/kplr001026146-2011271113734_llc.fits
Resolving exoplanetarchive.ipac.caltech.edu (exoplanetarchive.ipac.caltech.edu)... 134.4.54.147
Connecting to exoplanetarchive.ipac.caltech.edu (exoplanetarchive.ipac.caltech.edu)|134.4.54.147|:80... connected.
HTTP request sent, awaiting response... 302 Found
Location: https://exoplanetarchive.ipac.caltech.edu/data/ETSS//Kepler/005/445/49/kplr001026146-2011271113734_llc.fits [following]
--2019-03-11 23:39:07--  https://exoplanetarchive.ipac.caltech.edu/data/ETSS//Kepler/005/445/49/kplr001026146-2011271113734_llc.fits
Connecting to exoplanetarchive.ipac.caltech.edu (exoplanetarchive.ipac.caltech.edu)|134.4.54.147|:443... connected.
HTTP request sent, awaiting response... 200 OK
Length: 486720 (475K) [image/x-fits]
Saving to: 'kplr001026146-2011271113734_llc.fits'

     0K .......... .......... .......... .......... .......... 10% 54,2K 8s
    50K .......... .......... .......... .......... .......... 21%  164K 5s
   100K .......... .......... .......... .......... .......... 31%  165K 3s
   150K .......... .......... .......... .......... .......... 42%  162K 3s
   200K .......... .......... .......... .......... .......... 52%  315K 2s
   250K .......... .......... .......... .......... .......... 63%  167K 1s
   300K .......... .......... .......... .......... .......... 73%  330K 1s
   350K .......... .......... .......... .......... .......... 84%  329K 0s
   400K .......... .......... .......... .......... .......... 94%  300K 0s
   450K .......... .......... .....                           100% 14,3M=2,8s

2019-03-11 23:39:11 (172 KB/s) - 'kplr001026146-2011271113734_llc.fits' saved [486720/486720]

--2019-03-11 23:39:11--  http://exoplanetarchive.ipac.caltech.edu/data/ETSS//Kepler/005/462/19/kplr001026146-2011271113734_llc_lc.tbl
Resolving exoplanetarchive.ipac.caltech.edu (exoplanetarchive.ipac.caltech.edu)... 134.4.54.147
Connecting to exoplanetarchive.ipac.caltech.edu (exoplanetarchive.ipac.caltech.edu)|134.4.54.147|:80... connected.
HTTP request sent, awaiting response... 302 Found
Location: https://exoplanetarchive.ipac.caltech.edu/data/ETSS//Kepler/005/462/19/kplr001026146-2011271113734_llc_lc.tbl [following]
--2019-03-11 23:39:11--  https://exoplanetarchive.ipac.caltech.edu/data/ETSS//Kepler/005/462/19/kplr001026146-2011271113734_llc_lc.tbl
Connecting to exoplanetarchive.ipac.caltech.edu (exoplanetarchive.ipac.caltech.edu)|134.4.54.147|:443... connected.
HTTP request sent, awaiting response... 200 OK
Length: 1478317 (1,4M) [text/plain]
Saving to: 'kplr001026146-2011271113734_llc_lc.tbl'

     0K .......... .......... .......... .......... ..........  3% 56,5K 25s
    50K .......... .......... .......... .......... ..........  6%  171K 16s
   100K .......... .......... .......... .......... .......... 10%  173K 13s
   150K .......... .......... .......... .......... .......... 13%  337K 10s
   200K .......... .......... .......... .......... .......... 17%  172K 9s
   250K .......... .......... .......... .......... .......... 20%  340K 8s
   300K .......... .......... .......... .......... .......... 24%  343K 7s
   350K .......... .......... .......... .......... .......... 27%  172K 6s
   400K .......... .......... .......... .......... .......... 31%  341K 6s
   450K .......... .......... .......... .......... .......... 34%  341K 5s
   500K .......... .......... .......... .......... .......... 38%  340K 5s
   550K .......... .......... .......... .......... .......... 41%  338K 4s
   600K .......... .......... .......... .......... .......... 45%  331K 4s
   650K .......... .......... .......... .......... .......... 48%  337K 4s
   700K .......... .......... .......... .......... .......... 51%  341K 3s
   750K .......... .......... .......... .......... .......... 55%  336K 3s
   800K .......... .......... .......... .......... .......... 58%  343K 3s
   850K .......... .......... .......... .......... .......... 62%  346K 2s
   900K .......... .......... .......... .......... .......... 65% 5,36M 2s
   950K .......... .......... .......... .......... .......... 69%  348K 2s
  1000K .......... .......... .......... .......... .......... 72%  349K 2s
  1050K .......... .......... .......... .......... .......... 76%  341K 1s
  1100K .......... .......... .......... .......... .......... 79% 13,2M 1s
  1150K .......... .......... .......... .......... .......... 83%  344K 1s
  1200K .......... .......... .......... .......... .......... 86%  341K 1s
  1250K .......... .......... .......... .......... .......... 90%  342K 1s
  1300K .......... .......... .......... .......... .......... 93%  344K 0s
  1350K .......... .......... .......... .......... .......... 96% 8,61M 0s
  1400K .......... .......... .......... .......... ...       100%  307K=5,1s

2019-03-11 23:39:17 (281 KB/s) - 'kplr001026146-2011271113734_llc_lc.tbl' saved [1478317/1478317]

--2019-03-11 23:39:17--  http://exoplanetarchive.ipac.caltech.edu/data/ETSS//Kepler/005/478/89/kplr001026146-2012004120508_llc.fits
Resolving exoplanetarchive.ipac.caltech.edu (exoplanetarchive.ipac.caltech.edu)... 134.4.54.147
Connecting to exoplanetarchive.ipac.caltech.edu (exoplanetarchive.ipac.caltech.edu)|134.4.54.147|:80... connected.
HTTP request sent, awaiting response... 302 Found
Location: https://exoplanetarchive.ipac.caltech.edu/data/ETSS//Kepler/005/478/89/kplr001026146-2012004120508_llc.fits [following]
--2019-03-11 23:39:18--  https://exoplanetarchive.ipac.caltech.edu/data/ETSS//Kepler/005/478/89/kplr001026146-2012004120508_llc.fits
Connecting to exoplanetarchive.ipac.caltech.edu (exoplanetarchive.ipac.caltech.edu)|134.4.54.147|:443... connected.
HTTP request sent, awaiting response... 200 OK
Length: 506880 (495K) [image/x-fits]
Saving to: 'kplr001026146-2012004120508_llc.fits'

     0K .......... .......... .......... .......... .......... 10% 57,8K 8s
    50K .......... .......... .......... .......... .......... 20%  174K 5s
   100K .......... .......... .......... .......... .......... 30%  320K 3s
   150K .......... .......... .......... .......... .......... 40%  179K 2s
   200K .......... .......... .......... .......... .......... 50%  346K 2s
   250K .......... .......... .......... .......... .......... 60%  345K 1s
   300K .......... .......... .......... .......... .......... 70%  344K 1s
   350K .......... .......... .......... .......... .......... 80%  320K 1s
   400K .......... .......... .......... .......... .......... 90%  342K 0s
   450K .......... .......... .......... .......... .....     100%  314K=2,5s

2019-03-11 23:39:21 (200 KB/s) - 'kplr001026146-2012004120508_llc.fits' saved [506880/506880]

--2019-03-11 23:39:21--  http://exoplanetarchive.ipac.caltech.edu/data/ETSS//Kepler/005/495/30/kplr001026146-2012004120508_llc_lc.tbl
Resolving exoplanetarchive.ipac.caltech.edu (exoplanetarchive.ipac.caltech.edu)... 134.4.54.147
Connecting to exoplanetarchive.ipac.caltech.edu (exoplanetarchive.ipac.caltech.edu)|134.4.54.147|:80... connected.
HTTP request sent, awaiting response... 302 Found
Location: https://exoplanetarchive.ipac.caltech.edu/data/ETSS//Kepler/005/495/30/kplr001026146-2012004120508_llc_lc.tbl [following]
--2019-03-11 23:39:21--  https://exoplanetarchive.ipac.caltech.edu/data/ETSS//Kepler/005/495/30/kplr001026146-2012004120508_llc_lc.tbl
Connecting to exoplanetarchive.ipac.caltech.edu (exoplanetarchive.ipac.caltech.edu)|134.4.54.147|:443... connected.
HTTP request sent, awaiting response... 200 OK
Length: 1536611 (1,5M) [text/plain]
Saving to: 'kplr001026146-2012004120508_llc_lc.tbl'

     0K .......... .......... .......... .......... ..........  3% 56,9K 25s
    50K .......... .......... .......... .......... ..........  6%  134K 18s
   100K .......... .......... .......... .......... ..........  9%  171K 14s
   150K .......... .......... .......... .......... .......... 13%  336K 11s
   200K .......... .......... .......... .......... .......... 16%  239K 10s
   250K .......... .......... .......... .......... .......... 19%  343K 8s
   300K .......... .......... .......... .......... .......... 23%  340K 7s
   350K .......... .......... .......... .......... .......... 26%  344K 6s
   400K .......... .......... .......... .......... .......... 29%  331K 6s
   450K .......... .......... .......... .......... .......... 33%  343K 5s
   500K .......... .......... .......... .......... .......... 36%  344K 5s
   550K .......... .......... .......... .......... .......... 39%  627K 4s
   600K .......... .......... .......... .......... .......... 43%  732K 4s
   650K .......... .......... .......... .......... .......... 46%  347K 4s
   700K .......... .......... .......... .......... .......... 49%  613K 3s
   750K .......... .......... .......... .......... .......... 53%  347K 3s
   800K .......... .......... .......... .......... .......... 56%  342K 3s
   850K .......... .......... .......... .......... .......... 59%  775K 2s
   900K .......... .......... .......... .......... .......... 63%  614K 2s
   950K .......... .......... .......... .......... .......... 66%  776K 2s
  1000K .......... .......... .......... .......... .......... 69%  605K 2s
  1050K .......... .......... .......... .......... .......... 73%  765K 1s
  1100K .......... .......... .......... .......... .......... 76%  629K 1s
  1150K .......... .......... .......... .......... .......... 79%  730K 1s
  1200K .......... .......... .......... .......... .......... 83%  630K 1s
  1250K .......... .......... .......... .......... .......... 86%  728K 1s
  1300K .......... .......... .......... .......... .......... 89%  354K 0s
  1350K .......... .......... .......... .......... .......... 93% 12,1M 0s
  1400K .......... .......... .......... .......... .......... 96%  348K 0s
  1450K .......... .......... .......... .......... .......... 99% 6,56M 0s
  1500K                                                       100% 11,4G=4,4s

2019-03-11 23:39:27 (341 KB/s) - 'kplr001026146-2012004120508_llc_lc.tbl' saved [1536611/1536611]

--2019-03-11 23:39:27--  http://exoplanetarchive.ipac.caltech.edu/data/ETSS//Kepler/005/511/72/kplr001026146-2012088054726_llc.fits
Resolving exoplanetarchive.ipac.caltech.edu (exoplanetarchive.ipac.caltech.edu)... 134.4.54.147
Connecting to exoplanetarchive.ipac.caltech.edu (exoplanetarchive.ipac.caltech.edu)|134.4.54.147|:80... connected.
HTTP request sent, awaiting response... 302 Found
Location: https://exoplanetarchive.ipac.caltech.edu/data/ETSS//Kepler/005/511/72/kplr001026146-2012088054726_llc.fits [following]
--2019-03-11 23:39:27--  https://exoplanetarchive.ipac.caltech.edu/data/ETSS//Kepler/005/511/72/kplr001026146-2012088054726_llc.fits
Connecting to exoplanetarchive.ipac.caltech.edu (exoplanetarchive.ipac.caltech.edu)|134.4.54.147|:443... connected.
HTTP request sent, awaiting response... 200 OK
Length: 434880 (425K) [image/x-fits]
Saving to: 'kplr001026146-2012088054726_llc.fits'

     0K .......... .......... .......... .......... .......... 11% 57,9K 6s
    50K .......... .......... .......... .......... .......... 23%  115K 4s
   100K .......... .......... .......... .......... .......... 35%  174K 3s
   150K .......... .......... .......... .......... .......... 47%  172K 2s
   200K .......... .......... .......... .......... .......... 58%  113K 2s
   250K .......... .......... .......... .......... .......... 70% 80,3K 1s
   300K .......... .......... .......... .......... .......... 82%  114K 1s
   350K .......... .......... .......... .......... .......... 94%  115K 0s
   400K .......... .......... ....                            100%  170K=4,0s

2019-03-11 23:39:32 (107 KB/s) - 'kplr001026146-2012088054726_llc.fits' saved [434880/434880]

--2019-03-11 23:39:32--  http://exoplanetarchive.ipac.caltech.edu/data/ETSS//Kepler/005/528/41/kplr001026146-2012088054726_llc_lc.tbl
Resolving exoplanetarchive.ipac.caltech.edu (exoplanetarchive.ipac.caltech.edu)... 134.4.54.147
Connecting to exoplanetarchive.ipac.caltech.edu (exoplanetarchive.ipac.caltech.edu)|134.4.54.147|:80... connected.
HTTP request sent, awaiting response... 302 Found
Location: https://exoplanetarchive.ipac.caltech.edu/data/ETSS//Kepler/005/528/41/kplr001026146-2012088054726_llc_lc.tbl [following]
--2019-03-11 23:39:32--  https://exoplanetarchive.ipac.caltech.edu/data/ETSS//Kepler/005/528/41/kplr001026146-2012088054726_llc_lc.tbl
Connecting to exoplanetarchive.ipac.caltech.edu (exoplanetarchive.ipac.caltech.edu)|134.4.54.147|:443... connected.
HTTP request sent, awaiting response... 200 OK
Length: 1307828 (1,2M) [text/plain]
Saving to: 'kplr001026146-2012088054726_llc_lc.tbl'

     0K .......... .......... .......... .......... ..........  3% 57,7K 21s
    50K .......... .......... .......... .......... ..........  7%  117K 15s
   100K .......... .......... .......... .......... .......... 11%  173K 12s
   150K .......... .......... .......... .......... .......... 15%  175K 10s
   200K .......... .......... .......... .......... .......... 19%  339K 8s
   250K .......... .......... .......... .......... .......... 23%  175K 8s
   300K .......... .......... .......... .......... .......... 27%  344K 6s
   350K .......... .......... .......... .......... .......... 31%  173K 6s
   400K .......... .......... .......... .......... .......... 35%  173K 6s
   450K .......... .......... .......... .......... .......... 39%  343K 5s
   500K .......... .......... .......... .......... .......... 43%  352K 4s
   550K .......... .......... .......... .......... .......... 46%  345K 4s
   600K .......... .......... .......... .......... .......... 50%  354K 3s
   650K .......... .......... .......... .......... .......... 54%  343K 3s
   700K .......... .......... .......... .......... .......... 58%  349K 3s
   750K .......... .......... .......... .......... .......... 62%  350K 2s
   800K .......... .......... .......... .......... .......... 66%  344K 2s
   850K .......... .......... .......... .......... .......... 70%  347K 2s
   900K .......... .......... .......... .......... .......... 74%  353K 2s
   950K .......... .......... .......... .......... .......... 78%  350K 1s
  1000K .......... .......... .......... .......... .......... 82%  347K 1s
  1050K .......... .......... .......... .......... .......... 86% 12,9M 1s
  1100K .......... .......... .......... .......... .......... 90%  351K 1s
  1150K .......... .......... .......... .......... .......... 93%  342K 0s
  1200K .......... .......... .......... .......... .......... 97%  352K 0s
  1250K .......... .......... .......                         100% 27,8M=5,2s

2019-03-11 23:39:38 (246 KB/s) - 'kplr001026146-2012088054726_llc_lc.tbl' saved [1307828/1307828]

--2019-03-11 23:39:38--  http://exoplanetarchive.ipac.caltech.edu/data/ETSS//Kepler/005/545/11/kplr001026146-2012179063303_llc.fits
Resolving exoplanetarchive.ipac.caltech.edu (exoplanetarchive.ipac.caltech.edu)... 134.4.54.147
Connecting to exoplanetarchive.ipac.caltech.edu (exoplanetarchive.ipac.caltech.edu)|134.4.54.147|:80... connected.
HTTP request sent, awaiting response... 302 Found
Location: https://exoplanetarchive.ipac.caltech.edu/data/ETSS//Kepler/005/545/11/kplr001026146-2012179063303_llc.fits [following]
--2019-03-11 23:39:39--  https://exoplanetarchive.ipac.caltech.edu/data/ETSS//Kepler/005/545/11/kplr001026146-2012179063303_llc.fits
Connecting to exoplanetarchive.ipac.caltech.edu (exoplanetarchive.ipac.caltech.edu)|134.4.54.147|:443... connected.
HTTP request sent, awaiting response... 200 OK
Length: 472320 (461K) [image/x-fits]
Saving to: 'kplr001026146-2012179063303_llc.fits'

     0K .......... .......... .......... .......... .......... 10% 58,1K 7s
    50K .......... .......... .......... .......... .......... 21%  116K 5s
   100K .......... .......... .......... .......... .......... 32%  169K 3s
   150K .......... .......... .......... .......... .......... 43%  342K 2s
   200K .......... .......... .......... .......... .......... 54%  175K 2s
   250K .......... .......... .......... .......... .......... 65%  345K 1s
   300K .......... .......... .......... .......... .......... 75%  180K 1s
   350K .......... .......... .......... .......... .......... 86%  349K 0s
   400K .......... .......... .......... .......... .......... 97%  348K 0s
   450K .......... .                                          100% 17,3M=2,7s

2019-03-11 23:39:42 (169 KB/s) - 'kplr001026146-2012179063303_llc.fits' saved [472320/472320]

--2019-03-11 23:39:42--  http://exoplanetarchive.ipac.caltech.edu/data/ETSS//Kepler/005/561/78/kplr001026146-2012179063303_llc_lc.tbl
Resolving exoplanetarchive.ipac.caltech.edu (exoplanetarchive.ipac.caltech.edu)... 134.4.54.147
Connecting to exoplanetarchive.ipac.caltech.edu (exoplanetarchive.ipac.caltech.edu)|134.4.54.147|:80... connected.
HTTP request sent, awaiting response... 302 Found
Location: https://exoplanetarchive.ipac.caltech.edu/data/ETSS//Kepler/005/561/78/kplr001026146-2012179063303_llc_lc.tbl [following]
--2019-03-11 23:39:42--  https://exoplanetarchive.ipac.caltech.edu/data/ETSS//Kepler/005/561/78/kplr001026146-2012179063303_llc_lc.tbl
Connecting to exoplanetarchive.ipac.caltech.edu (exoplanetarchive.ipac.caltech.edu)|134.4.54.147|:443... connected.
HTTP request sent, awaiting response... 200 OK
Length: 1429388 (1,4M) [text/plain]
Saving to: 'kplr001026146-2012179063303_llc_lc.tbl'

     0K .......... .......... .......... .......... ..........  3% 70,2K 19s
    50K .......... .......... .......... .......... ..........  7%  171K 13s
   100K .......... .......... .......... .......... .......... 10%  177K 11s
   150K .......... .......... .......... .......... .......... 14%  322K 9s
   200K .......... .......... .......... .......... .......... 17%  349K 7s
   250K .......... .......... .......... .......... .......... 21%  346K 6s
   300K .......... .......... .......... .......... .......... 25%  176K 6s
   350K .......... .......... .......... .......... .......... 28%  348K 5s
   400K .......... .......... .......... .......... .......... 32%  350K 5s
   450K .......... .......... .......... .......... .......... 35%  346K 4s
   500K .......... .......... .......... .......... .......... 39%  338K 4s
   550K .......... .......... .......... .......... .......... 42% 11,8M 3s
   600K .......... .......... .......... .......... .......... 46%  351K 3s
   650K .......... .......... .......... .......... .......... 50%  354K 3s
   700K .......... .......... .......... .......... .......... 53%  348K 3s
   750K .......... .......... .......... .......... .......... 57% 10,4M 2s
   800K .......... .......... .......... .......... .......... 60%  346K 2s
   850K .......... .......... .......... .......... .......... 64%  351K 2s
   900K .......... .......... .......... .......... .......... 68%  351K 2s
   950K .......... .......... .......... .......... .......... 71%  352K 1s
  1000K .......... .......... .......... .......... .......... 75% 11,5M 1s
  1050K .......... .......... .......... .......... .......... 78%  357K 1s
  1100K .......... .......... .......... .......... .......... 82% 10,6M 1s
  1150K .......... .......... .......... .......... .......... 85%  360K 1s
  1200K .......... .......... .......... .......... .......... 89% 2,44M 0s
  1250K .......... .......... .......... .......... .......... 93%  402K 0s
  1300K .......... .......... .......... .......... .......... 96% 2,25M 0s
  1350K .......... .......... .......... .......... .....     100% 10,7M=4,1s

2019-03-11 23:39:47 (344 KB/s) - 'kplr001026146-2012179063303_llc_lc.tbl' saved [1429388/1429388]

--2019-03-11 23:39:47--  http://exoplanetarchive.ipac.caltech.edu/data/ETSS//Kepler/005/578/45/kplr001026146-2012277125453_llc.fits
Resolving exoplanetarchive.ipac.caltech.edu (exoplanetarchive.ipac.caltech.edu)... 134.4.54.147
Connecting to exoplanetarchive.ipac.caltech.edu (exoplanetarchive.ipac.caltech.edu)|134.4.54.147|:80... connected.
HTTP request sent, awaiting response... 302 Found
Location: https://exoplanetarchive.ipac.caltech.edu/data/ETSS//Kepler/005/578/45/kplr001026146-2012277125453_llc.fits [following]
--2019-03-11 23:39:48--  https://exoplanetarchive.ipac.caltech.edu/data/ETSS//Kepler/005/578/45/kplr001026146-2012277125453_llc.fits
Connecting to exoplanetarchive.ipac.caltech.edu (exoplanetarchive.ipac.caltech.edu)|134.4.54.147|:443... connected.
HTTP request sent, awaiting response... 200 OK
Length: 506880 (495K) [image/x-fits]
Saving to: 'kplr001026146-2012277125453_llc.fits'

     0K .......... .......... .......... .......... .......... 10% 56,8K 8s
    50K .......... .......... .......... .......... .......... 20%  114K 5s
   100K .......... .......... .......... .......... .......... 30%  330K 3s
   150K .......... .......... .......... .......... .......... 40%  174K 3s
   200K .......... .......... .......... .......... .......... 50%  324K 2s
   250K .......... .......... .......... .......... .......... 60%  174K 1s
   300K .......... .......... .......... .......... .......... 70%  343K 1s
   350K .......... .......... .......... .......... .......... 80%  343K 1s
   400K .......... .......... .......... .......... .......... 90%  334K 0s
   450K .......... .......... .......... .......... .....     100%  315K=2,8s

2019-03-11 23:39:51 (178 KB/s) - 'kplr001026146-2012277125453_llc.fits' saved [506880/506880]

--2019-03-11 23:39:51--  http://exoplanetarchive.ipac.caltech.edu/data/ETSS//Kepler/005/595/15/kplr001026146-2012277125453_llc_lc.tbl
Resolving exoplanetarchive.ipac.caltech.edu (exoplanetarchive.ipac.caltech.edu)... 134.4.54.147
Connecting to exoplanetarchive.ipac.caltech.edu (exoplanetarchive.ipac.caltech.edu)|134.4.54.147|:80... connected.
HTTP request sent, awaiting response... 302 Found
Location: https://exoplanetarchive.ipac.caltech.edu/data/ETSS//Kepler/005/595/15/kplr001026146-2012277125453_llc_lc.tbl [following]
--2019-03-11 23:39:52--  https://exoplanetarchive.ipac.caltech.edu/data/ETSS//Kepler/005/595/15/kplr001026146-2012277125453_llc_lc.tbl
Connecting to exoplanetarchive.ipac.caltech.edu (exoplanetarchive.ipac.caltech.edu)|134.4.54.147|:443... connected.
HTTP request sent, awaiting response... 200 OK
Length: 1537559 (1,5M) [text/plain]
Saving to: 'kplr001026146-2012277125453_llc_lc.tbl'

     0K .......... .......... .......... .......... ..........  3% 55,1K 26s
    50K .......... .......... .......... .......... ..........  6%  166K 17s
   100K .......... .......... .......... .......... ..........  9%  219K 13s
   150K .......... .......... .......... .......... .......... 13%  214K 11s
   200K .......... .......... .......... .......... .......... 16%  328K 9s
   250K .......... .......... .......... .......... .......... 19%  329K 8s
   300K .......... .......... .......... .......... .......... 23%  334K 7s
   350K .......... .......... .......... .......... .......... 26%  649K 6s
   400K .......... .......... .......... .......... .......... 29%  334K 5s
   450K .......... .......... .......... .......... .......... 33%  346K 5s
   500K .......... .......... .......... .......... .......... 36%  615K 4s
   550K .......... .......... .......... .......... .......... 39%  635K 4s
   600K .......... .......... .......... .......... .......... 43%  332K 4s
   650K .......... .......... .......... .......... .......... 46%  730K 3s
   700K .......... .......... .......... .......... .......... 49%  600K 3s
   750K .......... .......... .......... .......... .......... 53%  336K 3s
   800K .......... .......... .......... .......... .......... 56%  334K 2s
   850K .......... .......... .......... .......... .......... 59%  333K 2s
   900K .......... .......... .......... .......... .......... 63% 7,10M 2s
   950K .......... .......... .......... .......... .......... 66%  351K 2s
  1000K .......... .......... .......... .......... .......... 69% 5,27M 2s
  1050K .......... .......... .......... .......... .......... 73%  359K 1s
  1100K .......... .......... .......... .......... .......... 76% 7,02M 1s
  1150K .......... .......... .......... .......... .......... 79%  329K 1s
  1200K .......... .......... .......... .......... .......... 83% 10,9M 1s
  1250K .......... .......... .......... .......... .......... 86%  341K 1s
  1300K .......... .......... .......... .......... .......... 89% 9,46M 0s
  1350K .......... .......... .......... .......... .......... 93%  345K 0s
  1400K .......... .......... .......... .......... .......... 96% 5,66M 0s
  1450K .......... .......... .......... .......... .......... 99%  342K 0s
  1500K .                                                     100% 29,0G=4,3s

2019-03-11 23:39:57 (348 KB/s) - 'kplr001026146-2012277125453_llc_lc.tbl' saved [1537559/1537559]

--2019-03-11 23:39:57--  http://exoplanetarchive.ipac.caltech.edu/data/ETSS//Kepler/005/611/85/kplr001026146-2013011073258_llc.fits
Resolving exoplanetarchive.ipac.caltech.edu (exoplanetarchive.ipac.caltech.edu)... 134.4.54.147
Connecting to exoplanetarchive.ipac.caltech.edu (exoplanetarchive.ipac.caltech.edu)|134.4.54.147|:80... connected.
HTTP request sent, awaiting response... 302 Found
Location: https://exoplanetarchive.ipac.caltech.edu/data/ETSS//Kepler/005/611/85/kplr001026146-2013011073258_llc.fits [following]
--2019-03-11 23:39:57--  https://exoplanetarchive.ipac.caltech.edu/data/ETSS//Kepler/005/611/85/kplr001026146-2013011073258_llc.fits
Connecting to exoplanetarchive.ipac.caltech.edu (exoplanetarchive.ipac.caltech.edu)|134.4.54.147|:443... connected.
HTTP request sent, awaiting response... 200 OK
Length: 506880 (495K) [image/x-fits]
Saving to: 'kplr001026146-2013011073258_llc.fits'

     0K .......... .......... .......... .......... .......... 10% 54,5K 8s
    50K .......... .......... .......... .......... .......... 20%  109K 5s
   100K .......... .......... .......... .......... .......... 30%  162K 4s
   150K .......... .......... .......... .......... .......... 40%  316K 3s
   200K .......... .......... .......... .......... .......... 50%  304K 2s
   250K .......... .......... .......... .......... .......... 60%  172K 1s
   300K .......... .......... .......... .......... .......... 70%  329K 1s
   350K .......... .......... .......... .......... .......... 80% 4,34M 1s
   400K .......... .......... .......... .......... .......... 90%  171K 0s
   450K .......... .......... .......... .......... .....     100% 4,87M=2,8s

2019-03-11 23:40:01 (179 KB/s) - 'kplr001026146-2013011073258_llc.fits' saved [506880/506880]

--2019-03-11 23:40:01--  http://exoplanetarchive.ipac.caltech.edu/data/ETSS//Kepler/005/628/32/kplr001026146-2013011073258_llc_lc.tbl
Resolving exoplanetarchive.ipac.caltech.edu (exoplanetarchive.ipac.caltech.edu)... 134.4.54.147
Connecting to exoplanetarchive.ipac.caltech.edu (exoplanetarchive.ipac.caltech.edu)|134.4.54.147|:80... connected.
HTTP request sent, awaiting response... 302 Found
Location: https://exoplanetarchive.ipac.caltech.edu/data/ETSS//Kepler/005/628/32/kplr001026146-2013011073258_llc_lc.tbl [following]
--2019-03-11 23:40:01--  https://exoplanetarchive.ipac.caltech.edu/data/ETSS//Kepler/005/628/32/kplr001026146-2013011073258_llc_lc.tbl
Connecting to exoplanetarchive.ipac.caltech.edu (exoplanetarchive.ipac.caltech.edu)|134.4.54.147|:443... connected.
HTTP request sent, awaiting response... 200 OK
Length: 1544822 (1,5M) [text/plain]
Saving to: 'kplr001026146-2013011073258_llc_lc.tbl'

     0K .......... .......... .......... .......... ..........  3% 56,7K 26s
    50K .......... .......... .......... .......... ..........  6%  167K 17s
   100K .......... .......... .......... .......... ..........  9%  169K 13s
   150K .......... .......... .......... .......... .......... 13%  171K 12s
   200K .......... .......... .......... .......... .......... 16%  333K 10s
   250K .......... .......... .......... .......... .......... 19%  336K 8s
   300K .......... .......... .......... .......... .......... 23%  176K 8s
   350K .......... .......... .......... .......... .......... 26%  340K 7s
   400K .......... .......... .......... .......... .......... 29%  328K 6s
   450K .......... .......... .......... .......... .......... 33%  344K 6s
   500K .......... .......... .......... .......... .......... 36%  341K 5s
   550K .......... .......... .......... .......... .......... 39%  343K 5s
   600K .......... .......... .......... .......... .......... 43%  342K 4s
   650K .......... .......... .......... .......... .......... 46% 4,86M 4s
   700K .......... .......... .......... .......... .......... 49%  337K 3s
   750K .......... .......... .......... .......... .......... 53%  359K 3s
   800K .......... .......... .......... .......... .......... 56%  340K 3s
   850K .......... .......... .......... .......... .......... 59% 2,73M 3s
   900K .......... .......... .......... .......... .......... 62%  384K 2s
   950K .......... .......... .......... .......... .......... 66% 2,30M 2s
  1000K .......... .......... .......... .......... .......... 69%  395K 2s
  1050K .......... .......... .......... .......... .......... 72% 1,73M 1s
  1100K .......... .......... .......... .......... .......... 76%  360K 1s
  1150K .......... .......... .......... .......... .......... 79% 5,27M 1s
  1200K .......... .......... .......... .......... .......... 82%  361K 1s
  1250K .......... .......... .......... .......... .......... 86% 4,77M 1s
  1300K .......... .......... .......... .......... .......... 89%  360K 1s
  1350K .......... .......... .......... .......... .......... 92% 3,17M 0s
  1400K .......... .......... .......... .......... .......... 96% 6,17M 0s
  1450K .......... .......... .......... .......... .......... 99%  375K 0s
  1500K ........                                              100% 15,2M=4,6s

2019-03-11 23:40:07 (328 KB/s) - 'kplr001026146-2013011073258_llc_lc.tbl' saved [1544822/1544822]

--2019-03-11 23:40:07--  http://exoplanetarchive.ipac.caltech.edu/data/ETSS//Kepler/005/644/79/kplr001026146-2013098041711_llc.fits
Resolving exoplanetarchive.ipac.caltech.edu (exoplanetarchive.ipac.caltech.edu)... 134.4.54.147
Connecting to exoplanetarchive.ipac.caltech.edu (exoplanetarchive.ipac.caltech.edu)|134.4.54.147|:80... connected.
HTTP request sent, awaiting response... 302 Found
Location: https://exoplanetarchive.ipac.caltech.edu/data/ETSS//Kepler/005/644/79/kplr001026146-2013098041711_llc.fits [following]
--2019-03-11 23:40:07--  https://exoplanetarchive.ipac.caltech.edu/data/ETSS//Kepler/005/644/79/kplr001026146-2013098041711_llc.fits
Connecting to exoplanetarchive.ipac.caltech.edu (exoplanetarchive.ipac.caltech.edu)|134.4.54.147|:443... connected.
HTTP request sent, awaiting response... 200 OK
Length: 449280 (439K) [image/x-fits]
Saving to: 'kplr001026146-2013098041711_llc.fits'

     0K .......... .......... .......... .......... .......... 11% 56,1K 7s
    50K .......... .......... .......... .......... .......... 22%  313K 4s
   100K .......... .......... .......... .......... .......... 34%  174K 3s
   150K .......... .......... .......... .......... .......... 45%  310K 2s
   200K .......... .......... .......... .......... .......... 56%  175K 1s
   250K .......... .......... .......... .......... .......... 68%  332K 1s
   300K .......... .......... .......... .......... .......... 79%  330K 1s
   350K .......... .......... .......... .......... .......... 91%  330K 0s
   400K .......... .......... .......... ........             100%  259K=2,4s

2019-03-11 23:40:10 (184 KB/s) - 'kplr001026146-2013098041711_llc.fits' saved [449280/449280]

--2019-03-11 23:40:10--  http://exoplanetarchive.ipac.caltech.edu/data/ETSS//Kepler/005/661/55/kplr001026146-2013098041711_llc_lc.tbl
Resolving exoplanetarchive.ipac.caltech.edu (exoplanetarchive.ipac.caltech.edu)... 134.4.54.147
Connecting to exoplanetarchive.ipac.caltech.edu (exoplanetarchive.ipac.caltech.edu)|134.4.54.147|:80... connected.
HTTP request sent, awaiting response... 302 Found
Location: https://exoplanetarchive.ipac.caltech.edu/data/ETSS//Kepler/005/661/55/kplr001026146-2013098041711_llc_lc.tbl [following]
--2019-03-11 23:40:11--  https://exoplanetarchive.ipac.caltech.edu/data/ETSS//Kepler/005/661/55/kplr001026146-2013098041711_llc_lc.tbl
Connecting to exoplanetarchive.ipac.caltech.edu (exoplanetarchive.ipac.caltech.edu)|134.4.54.147|:443... connected.
HTTP request sent, awaiting response... 200 OK
Length: 1359192 (1,3M) [text/plain]
Saving to: 'kplr001026146-2013098041711_llc_lc.tbl'

     0K .......... .......... .......... .......... ..........  3% 57,4K 22s
    50K .......... .......... .......... .......... ..........  7%  151K 15s
   100K .......... .......... .......... .......... .......... 11%  170K 12s
   150K .......... .......... .......... .......... .......... 15%  206K 10s
   200K .......... .......... .......... .......... .......... 18%  263K 8s
   250K .......... .......... .......... .......... .......... 22%  341K 7s
   300K .......... .......... .......... .......... .......... 26%  207K 6s
   350K .......... .......... .......... .......... .......... 30%  349K 6s
   400K .......... .......... .......... .......... .......... 33%  313K 5s
   450K .......... .......... .......... .......... .......... 37%  640K 4s
   500K .......... .......... .......... .......... .......... 41%  861K 4s
   550K .......... .......... .......... .......... .......... 45%  357K 4s
   600K .......... .......... .......... .......... .......... 48%  348K 3s
   650K .......... .......... .......... .......... .......... 52% 7,65M 3s
   700K .......... .......... .......... .......... .......... 56%  357K 2s
   750K .......... .......... .......... .......... .......... 60%  342K 2s
   800K .......... .......... .......... .......... .......... 64%  350K 2s
   850K .......... .......... .......... .......... .......... 67%  350K 2s
   900K .......... .......... .......... .......... .......... 71%  351K 1s
   950K .......... .......... .......... .......... .......... 75% 8,16M 1s
  1000K .......... .......... .......... .......... .......... 79%  347K 1s
  1050K .......... .......... .......... .......... .......... 82%  350K 1s
  1100K .......... .......... .......... .......... .......... 86% 8,36M 1s
  1150K .......... .......... .......... .......... .......... 90%  354K 0s
  1200K .......... .......... .......... .......... .......... 94%  359K 0s
  1250K .......... .......... .......... .......... .......... 97% 5,39M 0s
  1300K .......... .......... .......                         100% 24,7M=4,3s

2019-03-11 23:40:16 (305 KB/s) - 'kplr001026146-2013098041711_llc_lc.tbl' saved [1359192/1359192]

--2019-03-11 23:40:16--  http://exoplanetarchive.ipac.caltech.edu/data/ETSS//Kepler/005/678/31/kplr001026146-2013131215648_llc.fits
Resolving exoplanetarchive.ipac.caltech.edu (exoplanetarchive.ipac.caltech.edu)... 134.4.54.147
Connecting to exoplanetarchive.ipac.caltech.edu (exoplanetarchive.ipac.caltech.edu)|134.4.54.147|:80... connected.
HTTP request sent, awaiting response... 302 Found
Location: https://exoplanetarchive.ipac.caltech.edu/data/ETSS//Kepler/005/678/31/kplr001026146-2013131215648_llc.fits [following]
--2019-03-11 23:40:16--  https://exoplanetarchive.ipac.caltech.edu/data/ETSS//Kepler/005/678/31/kplr001026146-2013131215648_llc.fits
Connecting to exoplanetarchive.ipac.caltech.edu (exoplanetarchive.ipac.caltech.edu)|134.4.54.147|:443... connected.
HTTP request sent, awaiting response... 200 OK
Length: 187200 (183K) [image/x-fits]
Saving to: 'kplr001026146-2013131215648_llc.fits'

     0K .......... .......... .......... .......... .......... 27% 56,4K 2s
    50K .......... .......... .......... .......... .......... 54%  115K 1s
   100K .......... .......... .......... .......... .......... 82%  171K 0s
   150K .......... .......... .......... ..                   100% 2,57M=1,6s

2019-03-11 23:40:19 (112 KB/s) - 'kplr001026146-2013131215648_llc.fits' saved [187200/187200]

--2019-03-11 23:40:19--  http://exoplanetarchive.ipac.caltech.edu/data/ETSS//Kepler/005/695/07/kplr001026146-2013131215648_llc_lc.tbl
Resolving exoplanetarchive.ipac.caltech.edu (exoplanetarchive.ipac.caltech.edu)... 134.4.54.147
Connecting to exoplanetarchive.ipac.caltech.edu (exoplanetarchive.ipac.caltech.edu)|134.4.54.147|:80... connected.
HTTP request sent, awaiting response... 302 Found
Location: https://exoplanetarchive.ipac.caltech.edu/data/ETSS//Kepler/005/695/07/kplr001026146-2013131215648_llc_lc.tbl [following]
--2019-03-11 23:40:19--  https://exoplanetarchive.ipac.caltech.edu/data/ETSS//Kepler/005/695/07/kplr001026146-2013131215648_llc_lc.tbl
Connecting to exoplanetarchive.ipac.caltech.edu (exoplanetarchive.ipac.caltech.edu)|134.4.54.147|:443... connected.
HTTP request sent, awaiting response... 200 OK
Length: 506684 (495K) [text/plain]
Saving to: 'kplr001026146-2013131215648_llc_lc.tbl'

     0K .......... .......... .......... .......... .......... 10% 58,4K 8s
    50K .......... .......... .......... .......... .......... 20%  115K 5s
   100K .......... .......... .......... .......... .......... 30%  175K 4s
   150K .......... .......... .......... .......... .......... 40%  175K 3s
   200K .......... .......... .......... .......... .......... 50%  176K 2s
   250K .......... .......... .......... .......... .......... 60%  344K 1s
   300K .......... .......... .......... .......... .......... 70%  176K 1s
   350K .......... .......... .......... .......... .......... 80%  350K 1s
   400K .......... .......... .......... .......... .......... 90%  328K 0s
   450K .......... .......... .......... .......... ....      100%  319K=3,0s

2019-03-11 23:40:23 (164 KB/s) - 'kplr001026146-2013131215648_llc_lc.tbl' saved [506684/506684]

