--2018-12-09 13:01:02--  http://exoplanetarchive.ipac.caltech.edu/data/ETSS//Kepler/005/147/96/kplr002158237-2009166043257_llc.fits
Resolving exoplanetarchive.ipac.caltech.edu (exoplanetarchive.ipac.caltech.edu)... 134.4.54.147
Connecting to exoplanetarchive.ipac.caltech.edu (exoplanetarchive.ipac.caltech.edu)|134.4.54.147|:80... connected.
HTTP request sent, awaiting response... 302 Found
Location: https://exoplanetarchive.ipac.caltech.edu/data/ETSS//Kepler/005/147/96/kplr002158237-2009166043257_llc.fits [following]
--2018-12-09 13:01:02--  https://exoplanetarchive.ipac.caltech.edu/data/ETSS//Kepler/005/147/96/kplr002158237-2009166043257_llc.fits
Connecting to exoplanetarchive.ipac.caltech.edu (exoplanetarchive.ipac.caltech.edu)|134.4.54.147|:443... connected.
HTTP request sent, awaiting response... 200 OK
Length: 192960 (188K) [image/x-fits]
Saving to: 'kplr002158237-2009166043257_llc.fits'

     0K .......... .......... .......... .......... .......... 26% 42,6K 3s
    50K .......... .......... .......... .......... .......... 53% 85,6K 2s
   100K .......... .......... .......... .......... .......... 79%  128K 1s
   150K .......... .......... .......... ........             100%  193K=2,3s

2018-12-09 13:01:05 (80,3 KB/s) - 'kplr002158237-2009166043257_llc.fits' saved [192960/192960]

--2018-12-09 13:01:05--  http://exoplanetarchive.ipac.caltech.edu/data/ETSS//Kepler/005/163/58/kplr002158237-2009166043257_llc_lc.tbl
Resolving exoplanetarchive.ipac.caltech.edu (exoplanetarchive.ipac.caltech.edu)... 134.4.54.147
Connecting to exoplanetarchive.ipac.caltech.edu (exoplanetarchive.ipac.caltech.edu)|134.4.54.147|:80... connected.
HTTP request sent, awaiting response... 302 Found
Location: https://exoplanetarchive.ipac.caltech.edu/data/ETSS//Kepler/005/163/58/kplr002158237-2009166043257_llc_lc.tbl [following]
--2018-12-09 13:01:06--  https://exoplanetarchive.ipac.caltech.edu/data/ETSS//Kepler/005/163/58/kplr002158237-2009166043257_llc_lc.tbl
Connecting to exoplanetarchive.ipac.caltech.edu (exoplanetarchive.ipac.caltech.edu)|134.4.54.147|:443... connected.
HTTP request sent, awaiting response... 200 OK
Length: 533408 (521K) [text/plain]
Saving to: 'kplr002158237-2009166043257_llc_lc.tbl'

     0K .......... .......... .......... .......... ..........  9% 42,9K 11s
    50K .......... .......... .......... .......... .......... 19% 86,2K 7s
   100K .......... .......... .......... .......... .......... 28%  128K 5s
   150K .......... .......... .......... .......... .......... 38%  129K 4s
   200K .......... .......... .......... .......... .......... 47%  247K 3s
   250K .......... .......... .......... .......... .......... 57%  130K 2s
   300K .......... .......... .......... .......... .......... 67%  253K 2s
   350K .......... .......... .......... .......... .......... 76%  129K 1s
   400K .......... .......... .......... .......... .......... 86%  253K 1s
   450K .......... .......... .......... .......... .......... 95%  257K 0s
   500K .......... ..........                                 100%  113K=4,3s

2018-12-09 13:01:11 (122 KB/s) - 'kplr002158237-2009166043257_llc_lc.tbl' saved [533408/533408]

--2018-12-09 13:01:11--  http://exoplanetarchive.ipac.caltech.edu/data/ETSS//Kepler/005/212/47/kplr002158237-2009259160929_llc.fits
Resolving exoplanetarchive.ipac.caltech.edu (exoplanetarchive.ipac.caltech.edu)... 134.4.54.147
Connecting to exoplanetarchive.ipac.caltech.edu (exoplanetarchive.ipac.caltech.edu)|134.4.54.147|:80... failed: Unknown error.
Retrying.

--2018-12-09 13:01:33--  (try: 2)  http://exoplanetarchive.ipac.caltech.edu/data/ETSS//Kepler/005/212/47/kplr002158237-2009259160929_llc.fits
Connecting to exoplanetarchive.ipac.caltech.edu (exoplanetarchive.ipac.caltech.edu)|134.4.54.147|:80... connected.
HTTP request sent, awaiting response... 302 Found
Location: https://exoplanetarchive.ipac.caltech.edu/data/ETSS//Kepler/005/212/47/kplr002158237-2009259160929_llc.fits [following]
--2018-12-09 13:01:43--  https://exoplanetarchive.ipac.caltech.edu/data/ETSS//Kepler/005/212/47/kplr002158237-2009259160929_llc.fits
Connecting to exoplanetarchive.ipac.caltech.edu (exoplanetarchive.ipac.caltech.edu)|134.4.54.147|:443... connected.
HTTP request sent, awaiting response... 200 OK
Length: 466560 (456K) [image/x-fits]
Saving to: 'kplr002158237-2009259160929_llc.fits'

     0K .......... .......... .......... .......... .......... 10% 43,2K 9s
    50K .......... .......... .......... .......... .......... 21% 85,3K 6s
   100K .......... .......... .......... .......... .......... 32%  127K 4s
   150K .......... .......... .......... .......... .......... 43%  128K 3s
   200K .......... .......... .......... .......... .......... 54%  130K 2s
   250K .......... .......... .......... .......... .......... 65%  239K 2s
   300K .......... .......... .......... .......... .......... 76%  135K 1s
   350K .......... .......... .......... .......... .......... 87%  255K 1s
   400K .......... .......... .......... .......... .......... 98%  251K 0s
   450K .....                                                 100% 36,6G=3,9s

2018-12-09 13:01:48 (117 KB/s) - 'kplr002158237-2009259160929_llc.fits' saved [466560/466560]

--2018-12-09 13:01:48--  http://exoplanetarchive.ipac.caltech.edu/data/ETSS//Kepler/005/229/11/kplr002158237-2009259160929_llc_lc.tbl
Resolving exoplanetarchive.ipac.caltech.edu (exoplanetarchive.ipac.caltech.edu)... 134.4.54.147
Connecting to exoplanetarchive.ipac.caltech.edu (exoplanetarchive.ipac.caltech.edu)|134.4.54.147|:80... connected.
HTTP request sent, awaiting response... 302 Found
Location: https://exoplanetarchive.ipac.caltech.edu/data/ETSS//Kepler/005/229/11/kplr002158237-2009259160929_llc_lc.tbl [following]
--2018-12-09 13:01:48--  https://exoplanetarchive.ipac.caltech.edu/data/ETSS//Kepler/005/229/11/kplr002158237-2009259160929_llc_lc.tbl
Connecting to exoplanetarchive.ipac.caltech.edu (exoplanetarchive.ipac.caltech.edu)|134.4.54.147|:443... connected.
HTTP request sent, awaiting response... 200 OK
Length: 1407782 (1,3M) [text/plain]
Saving to: 'kplr002158237-2009259160929_llc_lc.tbl'

     0K .......... .......... .......... .......... ..........  3% 43,0K 31s
    50K .......... .......... .......... .......... ..........  7% 86,4K 22s
   100K .......... .......... .......... .......... .......... 10%  126K 17s
   150K .......... .......... .......... .......... .......... 14%  126K 15s
   200K .......... .......... .......... .......... .......... 18%  254K 12s
   250K .......... .......... .......... .......... .......... 21%  129K 11s
   300K .......... .......... .......... .......... .......... 25%  251K 10s
   350K .......... .......... .......... .......... .......... 29%  256K 9s
   400K .......... .......... .......... .......... .......... 32%  132K 8s
   450K .......... .......... .......... .......... .......... 36%  253K 7s
   500K .......... .......... .......... .......... .......... 40%  257K 6s
   550K .......... .......... .......... .......... .......... 43%  254K 6s
   600K .......... .......... .......... .......... .......... 47% 8,68M 5s
   650K .......... .......... .......... .......... .......... 50%  256K 5s
   700K .......... .......... .......... .......... .......... 54%  255K 4s
   750K .......... .......... .......... .......... .......... 58%  269K 4s
   800K .......... .......... .......... .......... .......... 61%  254K 3s
   850K .......... .......... .......... .......... .......... 65% 5,98M 3s
   900K .......... .......... .......... .......... .......... 69%  255K 2s
   950K .......... .......... .......... .......... .......... 72%  269K 2s
  1000K .......... .......... .......... .......... .......... 76%  261K 2s
  1050K .......... .......... .......... .......... .......... 80% 10,4M 1s
  1100K .......... .......... .......... .......... .......... 83% 3,53M 1s
  1150K .......... .......... .......... .......... .......... 87%  263K 1s
  1200K .......... .......... .......... .......... .......... 90%  265K 1s
  1250K .......... .......... .......... .......... .......... 94% 4,80M 0s
  1300K .......... .......... .......... .......... .......... 98%  284K 0s
  1350K .......... .......... ....                            100% 1,55M=6,4s

2018-12-09 13:01:56 (213 KB/s) - 'kplr002158237-2009259160929_llc_lc.tbl' saved [1407782/1407782]

--2018-12-09 13:01:56--  http://exoplanetarchive.ipac.caltech.edu/data/ETSS//Kepler/005/245/75/kplr002158237-2009350155506_llc.fits
Resolving exoplanetarchive.ipac.caltech.edu (exoplanetarchive.ipac.caltech.edu)... 134.4.54.147
Connecting to exoplanetarchive.ipac.caltech.edu (exoplanetarchive.ipac.caltech.edu)|134.4.54.147|:80... connected.
HTTP request sent, awaiting response... 302 Found
Location: https://exoplanetarchive.ipac.caltech.edu/data/ETSS//Kepler/005/245/75/kplr002158237-2009350155506_llc.fits [following]
--2018-12-09 13:01:56--  https://exoplanetarchive.ipac.caltech.edu/data/ETSS//Kepler/005/245/75/kplr002158237-2009350155506_llc.fits
Connecting to exoplanetarchive.ipac.caltech.edu (exoplanetarchive.ipac.caltech.edu)|134.4.54.147|:443... connected.
HTTP request sent, awaiting response... 200 OK
Length: 466560 (456K) [image/x-fits]
Saving to: 'kplr002158237-2009350155506_llc.fits'

     0K .......... .......... .......... .......... .......... 10% 43,2K 9s
    50K .......... .......... .......... .......... .......... 21%  115K 6s
   100K .......... .......... .......... .......... .......... 32% 91,9K 4s
   150K .......... .......... .......... .......... .......... 43%  250K 3s
   200K .......... .......... .......... .......... .......... 54%  256K 2s
   250K .......... .......... .......... .......... .......... 65%  130K 2s
   300K .......... .......... .......... .......... .......... 76%  259K 1s
   350K .......... .......... .......... .......... .......... 87%  257K 0s
   400K .......... .......... .......... .......... .......... 98%  253K 0s
   450K .....                                                 100% 36,6G=3,5s

2018-12-09 13:02:01 (130 KB/s) - 'kplr002158237-2009350155506_llc.fits' saved [466560/466560]

--2018-12-09 13:02:01--  http://exoplanetarchive.ipac.caltech.edu/data/ETSS//Kepler/005/262/31/kplr002158237-2009350155506_llc_lc.tbl
Resolving exoplanetarchive.ipac.caltech.edu (exoplanetarchive.ipac.caltech.edu)... 134.4.54.147
Connecting to exoplanetarchive.ipac.caltech.edu (exoplanetarchive.ipac.caltech.edu)|134.4.54.147|:80... connected.
HTTP request sent, awaiting response... 302 Found
Location: https://exoplanetarchive.ipac.caltech.edu/data/ETSS//Kepler/005/262/31/kplr002158237-2009350155506_llc_lc.tbl [following]
--2018-12-09 13:02:01--  https://exoplanetarchive.ipac.caltech.edu/data/ETSS//Kepler/005/262/31/kplr002158237-2009350155506_llc_lc.tbl
Connecting to exoplanetarchive.ipac.caltech.edu (exoplanetarchive.ipac.caltech.edu)|134.4.54.147|:443... connected.
HTTP request sent, awaiting response... 200 OK
Length: 1412976 (1,3M) [text/plain]
Saving to: 'kplr002158237-2009350155506_llc_lc.tbl'

     0K .......... .......... .......... .......... ..........  3% 18,1K 74s
    50K .......... .......... .......... .......... ..........  7% 42,5K 50s
   100K .......... .......... .......... .......... .......... 10% 42,8K 42s
   150K .......... .......... .......... .......... .......... 14% 51,5K 36s
   200K .......... .......... .......... .......... .......... 18% 62,9K 31s
   250K .......... .......... .......... .......... .......... 21% 51,4K 28s
   300K .......... .......... .......... .......... .......... 25% 63,6K 25s
   350K .......... .......... .......... .......... .......... 28% 63,6K 23s
   400K .......... .......... .......... .......... .......... 32% 63,9K 21s
   450K .......... .......... .......... .......... .......... 36% 64,2K 19s
   500K .......... .......... .......... .......... .......... 39% 85,8K 17s
   550K .......... .......... .......... .......... .......... 43% 85,7K 16s
   600K .......... .......... .......... .......... .......... 47% 85,1K 14s
   650K .......... .......... .......... .......... .......... 50% 86,0K 13s
   700K .......... .......... .......... .......... .......... 54% 64,1K 12s
   750K .......... .......... .......... .......... .......... 57%  126K 11s
   800K .......... .......... .......... .......... .......... 61% 64,1K 10s
   850K .......... .......... .......... .......... .......... 65% 85,3K 8s
   900K .......... .......... .......... .......... .......... 68% 97,9K 7s
   950K .......... .......... .......... .......... .......... 72%  107K 6s
  1000K .......... .......... .......... .......... .......... 76% 91,7K 5s
  1050K .......... .......... .......... .......... .......... 79%  116K 5s
  1100K .......... .......... .......... .......... .......... 83% 91,8K 4s
  1150K .......... .......... .......... .......... .......... 86%  103K 3s
  1200K .......... .......... .......... .......... .......... 90%  150K 2s
  1250K .......... .......... .......... .......... .......... 94%  139K 1s
  1300K .......... .......... .......... .......... .......... 97%  128K 0s
  1350K .......... .......... .........                       100%  784K=20s

2018-12-09 13:02:23 (69,1 KB/s) - 'kplr002158237-2009350155506_llc_lc.tbl' saved [1412976/1412976]

--2018-12-09 13:02:23--  http://exoplanetarchive.ipac.caltech.edu/data/ETSS//Kepler/005/345/02/kplr002158237-2010078095331_llc.fits
Resolving exoplanetarchive.ipac.caltech.edu (exoplanetarchive.ipac.caltech.edu)... 134.4.54.147
Connecting to exoplanetarchive.ipac.caltech.edu (exoplanetarchive.ipac.caltech.edu)|134.4.54.147|:80... connected.
HTTP request sent, awaiting response... 302 Found
Location: https://exoplanetarchive.ipac.caltech.edu/data/ETSS//Kepler/005/345/02/kplr002158237-2010078095331_llc.fits [following]
--2018-12-09 13:02:23--  https://exoplanetarchive.ipac.caltech.edu/data/ETSS//Kepler/005/345/02/kplr002158237-2010078095331_llc.fits
Connecting to exoplanetarchive.ipac.caltech.edu (exoplanetarchive.ipac.caltech.edu)|134.4.54.147|:443... connected.
HTTP request sent, awaiting response... 200 OK
Length: 469440 (458K) [image/x-fits]
Saving to: 'kplr002158237-2010078095331_llc.fits'

     0K .......... .......... .......... .......... .......... 10% 42,6K 10s
    50K .......... .......... .......... .......... .......... 21% 85,6K 6s
   100K .......... .......... .......... .......... .......... 32%  127K 4s
   150K .......... .......... .......... .......... .......... 43%  126K 3s
   200K .......... .......... .......... .......... .......... 54%  257K 2s
   250K .......... .......... .......... .......... .......... 65%  130K 2s
   300K .......... .......... .......... .......... .......... 76%  255K 1s
   350K .......... .......... .......... .......... .......... 87%  253K 1s
   400K .......... .......... .......... .......... .......... 98%  130K 0s
   450K ........                                              100% 13,7M=3,9s

2018-12-09 13:02:28 (117 KB/s) - 'kplr002158237-2010078095331_llc.fits' saved [469440/469440]

--2018-12-09 13:02:28--  http://exoplanetarchive.ipac.caltech.edu/data/ETSS//Kepler/005/362/01/kplr002158237-2010078095331_llc_lc.tbl
Resolving exoplanetarchive.ipac.caltech.edu (exoplanetarchive.ipac.caltech.edu)... 134.4.54.147
Connecting to exoplanetarchive.ipac.caltech.edu (exoplanetarchive.ipac.caltech.edu)|134.4.54.147|:80... connected.
HTTP request sent, awaiting response... 302 Found
Location: https://exoplanetarchive.ipac.caltech.edu/data/ETSS//Kepler/005/362/01/kplr002158237-2010078095331_llc_lc.tbl [following]
--2018-12-09 13:02:29--  https://exoplanetarchive.ipac.caltech.edu/data/ETSS//Kepler/005/362/01/kplr002158237-2010078095331_llc_lc.tbl
Connecting to exoplanetarchive.ipac.caltech.edu (exoplanetarchive.ipac.caltech.edu)|134.4.54.147|:443... connected.
HTTP request sent, awaiting response... 200 OK
Length: 1421643 (1,4M) [text/plain]
Saving to: 'kplr002158237-2010078095331_llc_lc.tbl'

     0K .......... .......... .......... .......... ..........  3% 42,3K 32s
    50K .......... .......... .......... .......... ..........  7% 83,4K 23s
   100K .......... .......... .......... .......... .......... 10%  128K 18s
   150K .......... .......... .......... .......... .......... 14%  129K 15s
   200K .......... .......... .......... .......... .......... 18%  255K 13s
   250K .......... .......... .......... .......... .......... 21% 94,4K 12s
   300K .......... .......... .......... .......... .......... 25%  202K 10s
   350K .......... .......... .......... .......... .......... 28%  256K 9s
   400K .......... .......... .......... .......... .......... 32%  250K 8s
   450K .......... .......... .......... .......... .......... 36%  130K 8s
   500K .......... .......... .......... .......... .......... 39%  253K 7s
   550K .......... .......... .......... .......... .......... 43%  256K 6s
   600K .......... .......... .......... .......... .......... 46%  257K 6s
   650K .......... .......... .......... .......... .......... 50%  257K 5s
   700K .......... .......... .......... .......... .......... 54%  127K 5s
   750K .......... .......... .......... .......... .......... 57%  126K 4s
   800K .......... .......... .......... .......... .......... 61% 60,9K 4s
   850K .......... .......... .......... .......... .......... 64% 93,1K 4s
   900K .......... .......... .......... .......... .......... 68%  126K 4s
   950K .......... .......... .......... .......... .......... 72% 51,4K 3s
  1000K .......... .......... .......... .......... .......... 75% 84,6K 3s
  1050K .......... .......... .......... .......... .......... 79%  129K 3s
  1100K .......... .......... .......... .......... .......... 82%  129K 2s
  1150K .......... .......... .......... .......... .......... 86%  125K 2s
  1200K .......... .......... .......... .......... .......... 90%  129K 1s
  1250K .......... .......... .......... .......... .......... 93%  129K 1s
  1300K .......... .......... .......... .......... .......... 97% 84,9K 0s
  1350K .......... .......... .......... ........             100% 65,6K=12s

2018-12-09 13:02:42 (113 KB/s) - 'kplr002158237-2010078095331_llc_lc.tbl' saved [1421643/1421643]

--2018-12-09 13:02:42--  http://exoplanetarchive.ipac.caltech.edu/data/ETSS//Kepler/005/179/21/kplr002158237-2010174085026_llc.fits
Resolving exoplanetarchive.ipac.caltech.edu (exoplanetarchive.ipac.caltech.edu)... 134.4.54.147
Connecting to exoplanetarchive.ipac.caltech.edu (exoplanetarchive.ipac.caltech.edu)|134.4.54.147|:80... connected.
HTTP request sent, awaiting response... 302 Found
Location: https://exoplanetarchive.ipac.caltech.edu/data/ETSS//Kepler/005/179/21/kplr002158237-2010174085026_llc.fits [following]
--2018-12-09 13:02:43--  https://exoplanetarchive.ipac.caltech.edu/data/ETSS//Kepler/005/179/21/kplr002158237-2010174085026_llc.fits
Connecting to exoplanetarchive.ipac.caltech.edu (exoplanetarchive.ipac.caltech.edu)|134.4.54.147|:443... connected.
HTTP request sent, awaiting response... 200 OK
Length: 492480 (481K) [image/x-fits]
Saving to: 'kplr002158237-2010174085026_llc.fits'

     0K .......... .......... .......... .......... .......... 10% 42,7K 10s
    50K .......... .......... .......... .......... .......... 20% 85,4K 7s
   100K .......... .......... .......... .......... .......... 31%  127K 5s
   150K .......... .......... .......... .......... .......... 41%  130K 4s
   200K .......... .......... .......... .......... .......... 51%  128K 3s
   250K .......... .......... .......... .......... .......... 62%  256K 2s
   300K .......... .......... .......... .......... .......... 72%  255K 1s
   350K .......... .......... .......... .......... .......... 83%  128K 1s
   400K .......... .......... .......... .......... .......... 93%  252K 0s
   450K .......... .......... ..........                      100%  153K=4,1s

2018-12-09 13:02:48 (117 KB/s) - 'kplr002158237-2010174085026_llc.fits' saved [492480/492480]

--2018-12-09 13:02:48--  http://exoplanetarchive.ipac.caltech.edu/data/ETSS//Kepler/005/195/85/kplr002158237-2010174085026_llc_lc.tbl
Resolving exoplanetarchive.ipac.caltech.edu (exoplanetarchive.ipac.caltech.edu)... 134.4.54.147
Connecting to exoplanetarchive.ipac.caltech.edu (exoplanetarchive.ipac.caltech.edu)|134.4.54.147|:80... connected.
HTTP request sent, awaiting response... 302 Found
Location: https://exoplanetarchive.ipac.caltech.edu/data/ETSS//Kepler/005/195/85/kplr002158237-2010174085026_llc_lc.tbl [following]
--2018-12-09 13:02:48--  https://exoplanetarchive.ipac.caltech.edu/data/ETSS//Kepler/005/195/85/kplr002158237-2010174085026_llc_lc.tbl
Connecting to exoplanetarchive.ipac.caltech.edu (exoplanetarchive.ipac.caltech.edu)|134.4.54.147|:443... connected.
HTTP request sent, awaiting response... 200 OK
Length: 1497974 (1,4M) [text/plain]
Saving to: 'kplr002158237-2010174085026_llc_lc.tbl'

     0K .......... .......... .......... .......... ..........  3% 42,5K 33s
    50K .......... .......... .......... .......... ..........  6% 86,0K 24s
   100K .......... .......... .......... .......... .......... 10%  250K 17s
   150K .......... .......... .......... .......... .......... 13%  132K 15s
   200K .......... .......... .......... .......... .......... 17%  128K 13s
   250K .......... .......... .......... .......... .......... 20%  257K 11s
   300K .......... .......... .......... .......... .......... 23%  130K 11s
   350K .......... .......... .......... .......... .......... 27%  257K 9s
   400K .......... .......... .......... .......... .......... 30%  129K 9s
   450K .......... .......... .......... .......... .......... 34%  260K 8s
   500K .......... .......... .......... .......... .......... 37%  256K 7s
   550K .......... .......... .......... .......... .......... 41%  256K 6s
   600K .......... .......... .......... .......... .......... 44% 10,5M 6s
   650K .......... .......... .......... .......... .......... 47%  259K 5s
   700K .......... .......... .......... .......... .......... 51%  259K 5s
   750K .......... .......... .......... .......... .......... 54%  262K 4s
   800K .......... .......... .......... .......... .......... 58%  228K 4s
   850K .......... .......... .......... .......... .......... 61%  840K 3s
   900K .......... .......... .......... .......... .......... 64%  419K 3s
   950K .......... .......... .......... .......... .......... 68%  271K 3s
  1000K .......... .......... .......... .......... .......... 71%  261K 2s
  1050K .......... .......... .......... .......... .......... 75% 10,9M 2s
  1100K .......... .......... .......... .......... .......... 78%  248K 2s
  1150K .......... .......... .......... .......... .......... 82% 22,1M 1s
  1200K .......... .......... .......... .......... .......... 85%  258K 1s
  1250K .......... .......... .......... .......... .......... 88% 11,6M 1s
  1300K .......... .......... .......... .......... .......... 92%  262K 1s
  1350K .......... .......... .......... .......... .......... 95% 5,89M 0s
  1400K .......... .......... .......... .......... .......... 99%  223K 0s
  1450K .......... ..                                         100% 1,35M=6,7s

2018-12-09 13:02:56 (220 KB/s) - 'kplr002158237-2010174085026_llc_lc.tbl' saved [1497974/1497974]

--2018-12-09 13:02:56--  http://exoplanetarchive.ipac.caltech.edu/data/ETSS//Kepler/005/379/01/kplr002158237-2010265121752_llc.fits
Resolving exoplanetarchive.ipac.caltech.edu (exoplanetarchive.ipac.caltech.edu)... 134.4.54.147
Connecting to exoplanetarchive.ipac.caltech.edu (exoplanetarchive.ipac.caltech.edu)|134.4.54.147|:80... connected.
HTTP request sent, awaiting response... 302 Found
Location: https://exoplanetarchive.ipac.caltech.edu/data/ETSS//Kepler/005/379/01/kplr002158237-2010265121752_llc.fits [following]
--2018-12-09 13:02:57--  https://exoplanetarchive.ipac.caltech.edu/data/ETSS//Kepler/005/379/01/kplr002158237-2010265121752_llc.fits
Connecting to exoplanetarchive.ipac.caltech.edu (exoplanetarchive.ipac.caltech.edu)|134.4.54.147|:443... connected.
HTTP request sent, awaiting response... 200 OK
Length: 469440 (458K) [image/x-fits]
Saving to: 'kplr002158237-2010265121752_llc.fits'

     0K .......... .......... .......... .......... .......... 10% 42,4K 10s
    50K .......... .......... .......... .......... .......... 21%  127K 6s
   100K .......... .......... .......... .......... .......... 32%  131K 4s
   150K .......... .......... .......... .......... .......... 43%  128K 3s
   200K .......... .......... .......... .......... .......... 54%  256K 2s
   250K .......... .......... .......... .......... .......... 65%  129K 2s
   300K .......... .......... .......... .......... .......... 76%  262K 1s
   350K .......... .......... .......... .......... .......... 87%  129K 1s
   400K .......... .......... .......... .......... .......... 98%  260K 0s
   450K ........                                              100% 18,4M=3,7s

2018-12-09 13:03:01 (124 KB/s) - 'kplr002158237-2010265121752_llc.fits' saved [469440/469440]

--2018-12-09 13:03:01--  http://exoplanetarchive.ipac.caltech.edu/data/ETSS//Kepler/005/395/54/kplr002158237-2010265121752_llc_lc.tbl
Resolving exoplanetarchive.ipac.caltech.edu (exoplanetarchive.ipac.caltech.edu)... 134.4.54.147
Connecting to exoplanetarchive.ipac.caltech.edu (exoplanetarchive.ipac.caltech.edu)|134.4.54.147|:80... connected.
HTTP request sent, awaiting response... 302 Found
Location: https://exoplanetarchive.ipac.caltech.edu/data/ETSS//Kepler/005/395/54/kplr002158237-2010265121752_llc_lc.tbl [following]
--2018-12-09 13:03:02--  https://exoplanetarchive.ipac.caltech.edu/data/ETSS//Kepler/005/395/54/kplr002158237-2010265121752_llc_lc.tbl
Connecting to exoplanetarchive.ipac.caltech.edu (exoplanetarchive.ipac.caltech.edu)|134.4.54.147|:443... connected.
HTTP request sent, awaiting response... 200 OK
Length: 1421980 (1,4M) [text/plain]
Saving to: 'kplr002158237-2010265121752_llc_lc.tbl'

     0K .......... .......... .......... .......... ..........  3% 42,6K 31s
    50K .......... .......... .......... .......... ..........  7%  128K 20s
   100K .......... .......... .......... .......... .......... 10% 86,5K 18s
   150K .......... .......... .......... .......... .......... 14%  239K 14s
   200K .......... .......... .......... .......... .......... 18%  133K 12s
   250K .......... .......... .......... .......... .......... 21%  247K 11s
   300K .......... .......... .......... .......... .......... 25%  182K 10s
   350K .......... .......... .......... .......... .......... 28%  281K 8s
   400K .......... .......... .......... .......... .......... 32%  251K 7s
   450K .......... .......... .......... .......... .......... 36%  257K 7s
   500K .......... .......... .......... .......... .......... 39%  257K 6s
   550K .......... .......... .......... .......... .......... 43%  336K 5s
   600K .......... .......... .......... .......... .......... 46%  257K 5s
   650K .......... .......... .......... .......... .......... 50% 1,03M 4s
   700K .......... .......... .......... .......... .......... 54%  335K 4s
   750K .......... .......... .......... .......... .......... 57%  252K 3s
   800K .......... .......... .......... .......... .......... 61%  254K 3s
   850K .......... .......... .......... .......... .......... 64%  258K 3s
   900K .......... .......... .......... .......... .......... 68% 10,1M 2s
   950K .......... .......... .......... .......... .......... 72%  257K 2s
  1000K .......... .......... .......... .......... .......... 75%  254K 2s
  1050K .......... .......... .......... .......... .......... 79%  260K 1s
  1100K .......... .......... .......... .......... .......... 82% 10,8M 1s
  1150K .......... .......... .......... .......... .......... 86%  257K 1s
  1200K .......... .......... .......... .......... .......... 90%  260K 1s
  1250K .......... .......... .......... .......... .......... 93% 4,59M 0s
  1300K .......... .......... .......... .......... .......... 97%  264K 0s
  1350K .......... .......... .......... ........             100% 11,8M=6,3s

2018-12-09 13:03:09 (221 KB/s) - 'kplr002158237-2010265121752_llc_lc.tbl' saved [1421980/1421980]

--2018-12-09 13:03:09--  http://exoplanetarchive.ipac.caltech.edu/data/ETSS//Kepler/005/278/88/kplr002158237-2010355172524_llc.fits
Resolving exoplanetarchive.ipac.caltech.edu (exoplanetarchive.ipac.caltech.edu)... 134.4.54.147
Connecting to exoplanetarchive.ipac.caltech.edu (exoplanetarchive.ipac.caltech.edu)|134.4.54.147|:80... connected.
HTTP request sent, awaiting response... 302 Found
Location: https://exoplanetarchive.ipac.caltech.edu/data/ETSS//Kepler/005/278/88/kplr002158237-2010355172524_llc.fits [following]
--2018-12-09 13:03:10--  https://exoplanetarchive.ipac.caltech.edu/data/ETSS//Kepler/005/278/88/kplr002158237-2010355172524_llc.fits
Connecting to exoplanetarchive.ipac.caltech.edu (exoplanetarchive.ipac.caltech.edu)|134.4.54.147|:443... connected.
HTTP request sent, awaiting response... 200 OK
Length: 466560 (456K) [image/x-fits]
Saving to: 'kplr002158237-2010355172524_llc.fits'

     0K .......... .......... .......... .......... .......... 10% 43,1K 9s
    50K .......... .......... .......... .......... .......... 21% 85,9K 6s
   100K .......... .......... .......... .......... .......... 32%  128K 4s
   150K .......... .......... .......... .......... .......... 43%  130K 3s
   200K .......... .......... .......... .......... .......... 54%  256K 2s
   250K .......... .......... .......... .......... .......... 65%  128K 2s
   300K .......... .......... .......... .......... .......... 76%  255K 1s
   350K .......... .......... .......... .......... .......... 87%  130K 1s
   400K .......... .......... .......... .......... .......... 98%  253K 0s
   450K .....                                                 100% 36,6G=3,9s

2018-12-09 13:03:15 (117 KB/s) - 'kplr002158237-2010355172524_llc.fits' saved [466560/466560]

--2018-12-09 13:03:15--  http://exoplanetarchive.ipac.caltech.edu/data/ETSS//Kepler/005/295/22/kplr002158237-2010355172524_llc_lc.tbl
Resolving exoplanetarchive.ipac.caltech.edu (exoplanetarchive.ipac.caltech.edu)... 134.4.54.147
Connecting to exoplanetarchive.ipac.caltech.edu (exoplanetarchive.ipac.caltech.edu)|134.4.54.147|:80... connected.
HTTP request sent, awaiting response... 302 Found
Location: https://exoplanetarchive.ipac.caltech.edu/data/ETSS//Kepler/005/295/22/kplr002158237-2010355172524_llc_lc.tbl [following]
--2018-12-09 13:03:15--  https://exoplanetarchive.ipac.caltech.edu/data/ETSS//Kepler/005/295/22/kplr002158237-2010355172524_llc_lc.tbl
Connecting to exoplanetarchive.ipac.caltech.edu (exoplanetarchive.ipac.caltech.edu)|134.4.54.147|:443... connected.
HTTP request sent, awaiting response... 200 OK
Length: 1414544 (1,3M) [text/plain]
Saving to: 'kplr002158237-2010355172524_llc_lc.tbl'

     0K .......... .......... .......... .......... ..........  3% 25,0K 53s
    50K .......... .......... .......... .......... ..........  7% 36,7K 43s
   100K .......... .......... .......... .......... .......... 10% 51,7K 36s
   150K .......... .......... .......... .......... .......... 14% 36,4K 34s
   200K .......... .......... .......... .......... .......... 18% 31,6K 33s
   250K .......... .......... .......... .......... .......... 21% 42,9K 30s
   300K .......... .......... .......... .......... .......... 25% 51,4K 28s
   350K .......... .......... .......... .......... .......... 28% 51,0K 26s
   400K .......... .......... .......... .......... .......... 32% 43,0K 24s
   450K .......... .......... .......... .......... .......... 36% 64,1K 22s
   500K .......... .......... .......... .......... .......... 39% 63,7K 20s
   550K .......... .......... .......... .......... .......... 43% 63,8K 18s
   600K .......... .......... .......... .......... .......... 47% 84,8K 16s
   650K .......... .......... .......... .......... .......... 50% 62,8K 15s
   700K .......... .......... .......... .......... .......... 54% 85,6K 13s
   750K .......... .......... .......... .......... .......... 57% 85,5K 12s
   800K .......... .......... .......... .......... .......... 61% 64,2K 11s
   850K .......... .......... .......... .......... .......... 65% 85,9K 10s
   900K .......... .......... .......... .......... .......... 68% 85,1K 8s
   950K .......... .......... .......... .......... .......... 72%  129K 7s
  1000K .......... .......... .......... .......... .......... 76% 85,9K 6s
  1050K .......... .......... .......... .......... .......... 79% 86,0K 5s
  1100K .......... .......... .......... .......... .......... 83% 84,7K 4s
  1150K .......... .......... .......... .......... .......... 86%  127K 3s
  1200K .......... .......... .......... .......... .......... 90% 63,5K 2s
  1250K .......... .......... .......... .......... .......... 94%  128K 1s
  1300K .......... .......... .......... .......... .......... 97% 85,4K 1s
  1350K .......... .......... .......... .                    100%  162K=23s

2018-12-09 13:03:39 (60,3 KB/s) - 'kplr002158237-2010355172524_llc_lc.tbl' saved [1414544/1414544]

--2018-12-09 13:03:39--  http://exoplanetarchive.ipac.caltech.edu/data/ETSS//Kepler/005/412/08/kplr002158237-2011073133259_llc.fits
Resolving exoplanetarchive.ipac.caltech.edu (exoplanetarchive.ipac.caltech.edu)... 134.4.54.147
Connecting to exoplanetarchive.ipac.caltech.edu (exoplanetarchive.ipac.caltech.edu)|134.4.54.147|:80... connected.
HTTP request sent, awaiting response... 302 Found
Location: https://exoplanetarchive.ipac.caltech.edu/data/ETSS//Kepler/005/412/08/kplr002158237-2011073133259_llc.fits [following]
--2018-12-09 13:03:40--  https://exoplanetarchive.ipac.caltech.edu/data/ETSS//Kepler/005/412/08/kplr002158237-2011073133259_llc.fits
Connecting to exoplanetarchive.ipac.caltech.edu (exoplanetarchive.ipac.caltech.edu)|134.4.54.147|:443... connected.
HTTP request sent, awaiting response... 200 OK
Length: 357120 (349K) [image/x-fits]
Saving to: 'kplr002158237-2011073133259_llc.fits'

     0K .......... .......... .......... .......... .......... 14% 23,4K 13s
    50K .......... .......... .......... .......... .......... 28% 42,8K 8s
   100K .......... .......... .......... .......... .......... 43% 51,8K 6s
   150K .......... .......... .......... .......... .......... 57% 51,7K 4s
   200K .......... .......... .......... .......... .......... 71% 64,4K 2s
   250K .......... .......... .......... .......... .......... 86% 20,9K 1s
   300K .......... .......... .......... .......... ........  100% 35,4K=9,8s

2018-12-09 13:03:51 (35,7 KB/s) - 'kplr002158237-2011073133259_llc.fits' saved [357120/357120]

--2018-12-09 13:03:51--  http://exoplanetarchive.ipac.caltech.edu/data/ETSS//Kepler/005/428/86/kplr002158237-2011073133259_llc_lc.tbl
Resolving exoplanetarchive.ipac.caltech.edu (exoplanetarchive.ipac.caltech.edu)... 134.4.54.147
Connecting to exoplanetarchive.ipac.caltech.edu (exoplanetarchive.ipac.caltech.edu)|134.4.54.147|:80... connected.
HTTP request sent, awaiting response... 302 Found
Location: https://exoplanetarchive.ipac.caltech.edu/data/ETSS//Kepler/005/428/86/kplr002158237-2011073133259_llc_lc.tbl [following]
--2018-12-09 13:03:51--  https://exoplanetarchive.ipac.caltech.edu/data/ETSS//Kepler/005/428/86/kplr002158237-2011073133259_llc_lc.tbl
Connecting to exoplanetarchive.ipac.caltech.edu (exoplanetarchive.ipac.caltech.edu)|134.4.54.147|:443... connected.
HTTP request sent, awaiting response... 200 OK
Length: 1061661 (1,0M) [text/plain]
Saving to: 'kplr002158237-2011073133259_llc_lc.tbl'

     0K .......... .......... .......... .......... ..........  4% 41,7K 24s
    50K .......... .......... .......... .......... ..........  9% 86,1K 17s
   100K .......... .......... .......... .......... .......... 14%  127K 13s
   150K .......... .......... .......... .......... .......... 19%  128K 11s
   200K .......... .......... .......... .......... .......... 24%  251K 9s
   250K .......... .......... .......... .......... .......... 28%  128K 8s
   300K .......... .......... .......... .......... .......... 33%  245K 7s
   350K .......... .......... .......... .......... .......... 38%  257K 6s
   400K .......... .......... .......... .......... .......... 43%  129K 5s
   450K .......... .......... .......... .......... .......... 48% 9,62M 4s
   500K .......... .......... .......... .......... .......... 53%  255K 4s
   550K .......... .......... .......... .......... .......... 57%  256K 3s
   600K .......... .......... .......... .......... .......... 62%  254K 3s
   650K .......... .......... .......... .......... .......... 67%  257K 2s
   700K .......... .......... .......... .......... .......... 72%  255K 2s
   750K .......... .......... .......... .......... .......... 77%  254K 2s
   800K .......... .......... .......... .......... .......... 81%  259K 1s
   850K .......... .......... .......... .......... .......... 86% 32,0K 1s
   900K .......... .......... .......... .......... .......... 91% 63,4K 1s
   950K .......... .......... .......... .......... .......... 96% 85,2K 0s
  1000K .......... .......... .......... ......               100%  186K=8,5s

2018-12-09 13:04:01 (123 KB/s) - 'kplr002158237-2011073133259_llc_lc.tbl' saved [1061661/1061661]

--2018-12-09 13:04:01--  http://exoplanetarchive.ipac.caltech.edu/data/ETSS//Kepler/005/311/56/kplr002158237-2011177032512_llc.fits
Resolving exoplanetarchive.ipac.caltech.edu (exoplanetarchive.ipac.caltech.edu)... 134.4.54.147
Connecting to exoplanetarchive.ipac.caltech.edu (exoplanetarchive.ipac.caltech.edu)|134.4.54.147|:80... connected.
HTTP request sent, awaiting response... 302 Found
Location: https://exoplanetarchive.ipac.caltech.edu/data/ETSS//Kepler/005/311/56/kplr002158237-2011177032512_llc.fits [following]
--2018-12-09 13:04:01--  https://exoplanetarchive.ipac.caltech.edu/data/ETSS//Kepler/005/311/56/kplr002158237-2011177032512_llc.fits
Connecting to exoplanetarchive.ipac.caltech.edu (exoplanetarchive.ipac.caltech.edu)|134.4.54.147|:443... connected.
HTTP request sent, awaiting response... 200 OK
Length: 506880 (495K) [image/x-fits]
Saving to: 'kplr002158237-2011177032512_llc.fits'

     0K .......... .......... .......... .......... .......... 10% 32,3K 14s
    50K .......... .......... .......... .......... .......... 20% 31,3K 12s
   100K .......... .......... .......... .......... .......... 30% 51,4K 9s
   150K .......... .......... .......... .......... .......... 40% 63,8K 7s
   200K .......... .......... .......... .......... .......... 50% 64,1K 6s
   250K .......... .......... .......... .......... .......... 60% 64,6K 4s
   300K .......... .......... .......... .......... .......... 70% 64,4K 3s
   350K .......... .......... .......... .......... .......... 80% 51,1K 2s
   400K .......... .......... .......... .......... .......... 90% 36,9K 1s
   450K .......... .......... .......... .......... .....     100% 58,3K=10s

2018-12-09 13:04:12 (47,9 KB/s) - 'kplr002158237-2011177032512_llc.fits' saved [506880/506880]

--2018-12-09 13:04:13--  http://exoplanetarchive.ipac.caltech.edu/data/ETSS//Kepler/005/328/29/kplr002158237-2011177032512_llc_lc.tbl
Resolving exoplanetarchive.ipac.caltech.edu (exoplanetarchive.ipac.caltech.edu)... 134.4.54.147
Connecting to exoplanetarchive.ipac.caltech.edu (exoplanetarchive.ipac.caltech.edu)|134.4.54.147|:80... connected.
HTTP request sent, awaiting response... 302 Found
Location: https://exoplanetarchive.ipac.caltech.edu/data/ETSS//Kepler/005/328/29/kplr002158237-2011177032512_llc_lc.tbl [following]
--2018-12-09 13:04:13--  https://exoplanetarchive.ipac.caltech.edu/data/ETSS//Kepler/005/328/29/kplr002158237-2011177032512_llc_lc.tbl
Connecting to exoplanetarchive.ipac.caltech.edu (exoplanetarchive.ipac.caltech.edu)|134.4.54.147|:443... connected.
HTTP request sent, awaiting response... 200 OK
Length: 1541121 (1,5M) [text/plain]
Saving to: 'kplr002158237-2011177032512_llc_lc.tbl'

     0K .......... .......... .......... .......... ..........  3% 43,0K 34s
    50K .......... .......... .......... .......... ..........  6% 86,2K 24s
   100K .......... .......... .......... .......... ..........  9%  129K 19s
   150K .......... .......... .......... .......... .......... 13%  252K 15s
   200K .......... .......... .......... .......... .......... 16%  132K 14s
   250K .......... .......... .......... .......... .......... 19%  254K 12s
   300K .......... .......... .......... .......... .......... 23%  128K 11s
   350K .......... .......... .......... .......... .......... 26%  256K 10s
   400K .......... .......... .......... .......... .......... 29%  242K 9s
   450K .......... .......... .......... .......... .......... 33% 52,0K 9s
   500K .......... .......... .......... .......... .......... 36% 85,8K 9s
   550K .......... .......... .......... .......... .......... 39% 84,7K 9s
   600K .......... .......... .......... .......... .......... 43%  129K 8s
   650K .......... .......... .......... .......... .......... 46%  129K 8s
   700K .......... .......... .......... .......... .......... 49%  246K 7s
   750K .......... .......... .......... .......... .......... 53%  132K 6s
   800K .......... .......... .......... .......... .......... 56%  129K 6s
   850K .......... .......... .......... .......... .......... 59%  252K 5s
   900K .......... .......... .......... .......... .......... 63%  128K 5s
   950K .......... .......... .......... .......... .......... 66%  253K 4s
  1000K .......... .......... .......... .......... .......... 69% 85,9K 4s
  1050K .......... .......... .......... .......... .......... 73% 51,1K 4s
  1100K .......... .......... .......... .......... .......... 76% 86,3K 3s
  1150K .......... .......... .......... .......... .......... 79%  129K 3s
  1200K .......... .......... .......... .......... .......... 83%  117K 2s
  1250K .......... .......... .......... .......... .......... 86%  127K 2s
  1300K .......... .......... .......... .......... .......... 89%  131K 1s
  1350K .......... .......... .......... .......... .......... 93%  140K 1s
  1400K .......... .......... .......... .......... .......... 96%  130K 0s
  1450K .......... .......... .......... .......... .......... 99%  130K 0s
  1500K .....                                                 100% 14,9M=13s

2018-12-09 13:04:27 (114 KB/s) - 'kplr002158237-2011177032512_llc_lc.tbl' saved [1541121/1541121]

--2018-12-09 13:04:27--  http://exoplanetarchive.ipac.caltech.edu/data/ETSS//Kepler/005/445/65/kplr002158237-2011271113734_llc.fits
Resolving exoplanetarchive.ipac.caltech.edu (exoplanetarchive.ipac.caltech.edu)... 134.4.54.147
Connecting to exoplanetarchive.ipac.caltech.edu (exoplanetarchive.ipac.caltech.edu)|134.4.54.147|:80... connected.
HTTP request sent, awaiting response... 302 Found
Location: https://exoplanetarchive.ipac.caltech.edu/data/ETSS//Kepler/005/445/65/kplr002158237-2011271113734_llc.fits [following]
--2018-12-09 13:04:28--  https://exoplanetarchive.ipac.caltech.edu/data/ETSS//Kepler/005/445/65/kplr002158237-2011271113734_llc.fits
Connecting to exoplanetarchive.ipac.caltech.edu (exoplanetarchive.ipac.caltech.edu)|134.4.54.147|:443... connected.
HTTP request sent, awaiting response... 200 OK
Length: 486720 (475K) [image/x-fits]
Saving to: 'kplr002158237-2011271113734_llc.fits'

     0K .......... .......... .......... .......... .......... 10% 21,2K 20s
    50K .......... .......... .......... .......... .......... 21% 42,8K 13s
   100K .......... .......... .......... .......... .......... 31% 31,9K 11s
   150K .......... .......... .......... .......... .......... 42% 32,1K 9s
   200K .......... .......... .......... .......... .......... 52% 42,5K 7s
   250K .......... .......... .......... .......... .......... 63% 51,5K 5s
   300K .......... .......... .......... .......... .......... 73% 51,0K 4s
   350K .......... .......... .......... .......... .......... 84% 51,2K 2s
   400K .......... .......... .......... .......... .......... 94% 51,2K 1s
   450K .......... .......... .....                           100% 64,6K=12s

2018-12-09 13:04:41 (39,2 KB/s) - 'kplr002158237-2011271113734_llc.fits' saved [486720/486720]

--2018-12-09 13:04:41--  http://exoplanetarchive.ipac.caltech.edu/data/ETSS//Kepler/005/462/35/kplr002158237-2011271113734_llc_lc.tbl
Resolving exoplanetarchive.ipac.caltech.edu (exoplanetarchive.ipac.caltech.edu)... 134.4.54.147
Connecting to exoplanetarchive.ipac.caltech.edu (exoplanetarchive.ipac.caltech.edu)|134.4.54.147|:80... connected.
HTTP request sent, awaiting response... 302 Found
Location: https://exoplanetarchive.ipac.caltech.edu/data/ETSS//Kepler/005/462/35/kplr002158237-2011271113734_llc_lc.tbl [following]
--2018-12-09 13:04:41--  https://exoplanetarchive.ipac.caltech.edu/data/ETSS//Kepler/005/462/35/kplr002158237-2011271113734_llc_lc.tbl
Connecting to exoplanetarchive.ipac.caltech.edu (exoplanetarchive.ipac.caltech.edu)|134.4.54.147|:443... connected.
HTTP request sent, awaiting response... 200 OK
Length: 1478332 (1,4M) [text/plain]
Saving to: 'kplr002158237-2011271113734_llc_lc.tbl'

     0K .......... .......... .......... .......... ..........  3% 42,6K 33s
    50K .......... .......... .......... .......... ..........  6% 83,8K 24s
   100K .......... .......... .......... .......... .......... 10%  127K 19s
   150K .......... .......... .......... .......... .......... 13%  129K 16s
   200K .......... .......... .......... .......... .......... 17%  249K 13s
   250K .......... .......... .......... .......... .......... 20%  245K 11s
   300K .......... .......... .......... .......... .......... 24%  251K 10s
   350K .......... .......... .......... .......... .......... 27%  252K 9s
   400K .......... .......... .......... .......... .......... 31%  210K 8s
   450K .......... .......... .......... .......... .......... 34%  259K 7s
   500K .......... .......... .......... .......... .......... 38%  342K 6s
   550K .......... .......... .......... .......... .......... 41% 1002K 6s
   600K .......... .......... .......... .......... .......... 45%  260K 5s
   650K .......... .......... .......... .......... .......... 48%  258K 5s
   700K .......... .......... .......... .......... .......... 51% 2,76M 4s
   750K .......... .......... .......... .......... .......... 55%  275K 4s
   800K .......... .......... .......... .......... .......... 58%  253K 3s
   850K .......... .......... .......... .......... .......... 62% 12,2M 3s
   900K .......... .......... .......... .......... .......... 65%  258K 3s
   950K .......... .......... .......... .......... .......... 69%  276K 2s
  1000K .......... .......... .......... .......... .......... 72% 3,65M 2s
  1050K .......... .......... .......... .......... .......... 76%  275K 2s
  1100K .......... .......... .......... .......... .......... 79% 3,16M 1s
  1150K .......... .......... .......... .......... .......... 83%  277K 1s
  1200K .......... .......... .......... .......... .......... 86% 3,18M 1s
  1250K .......... .......... .......... .......... .......... 90%  273K 1s
  1300K .......... .......... .......... .......... .......... 93% 3,11M 0s
  1350K .......... .......... .......... .......... .......... 96%  286K 0s
  1400K .......... .......... .......... .......... ...       100% 2,20M=5,9s

2018-12-09 13:04:48 (243 KB/s) - 'kplr002158237-2011271113734_llc_lc.tbl' saved [1478332/1478332]

--2018-12-09 13:04:48--  http://exoplanetarchive.ipac.caltech.edu/data/ETSS//Kepler/005/479/05/kplr002158237-2012004120508_llc.fits
Resolving exoplanetarchive.ipac.caltech.edu (exoplanetarchive.ipac.caltech.edu)... 134.4.54.147
Connecting to exoplanetarchive.ipac.caltech.edu (exoplanetarchive.ipac.caltech.edu)|134.4.54.147|:80... connected.
HTTP request sent, awaiting response... 302 Found
Location: https://exoplanetarchive.ipac.caltech.edu/data/ETSS//Kepler/005/479/05/kplr002158237-2012004120508_llc.fits [following]
--2018-12-09 13:04:49--  https://exoplanetarchive.ipac.caltech.edu/data/ETSS//Kepler/005/479/05/kplr002158237-2012004120508_llc.fits
Connecting to exoplanetarchive.ipac.caltech.edu (exoplanetarchive.ipac.caltech.edu)|134.4.54.147|:443... connected.
HTTP request sent, awaiting response... 200 OK
Length: 506880 (495K) [image/x-fits]
Saving to: 'kplr002158237-2012004120508_llc.fits'

     0K .......... .......... .......... .......... .......... 10% 42,5K 10s
    50K .......... .......... .......... .......... .......... 20%  129K 6s
   100K .......... .......... .......... .......... .......... 30%  129K 4s
   150K .......... .......... .......... .......... .......... 40%  129K 3s
   200K .......... .......... .......... .......... .......... 50%  127K 3s
   250K .......... .......... .......... .......... .......... 60%  121K 2s
   300K .......... .......... .......... .......... .......... 70% 65,6K 2s
   350K .......... .......... .......... .......... .......... 80% 85,8K 1s
   400K .......... .......... .......... .......... .......... 90% 85,3K 1s
   450K .......... .......... .......... .......... .....     100%  225K=5,3s

2018-12-09 13:04:55 (93,7 KB/s) - 'kplr002158237-2012004120508_llc.fits' saved [506880/506880]

--2018-12-09 13:04:55--  http://exoplanetarchive.ipac.caltech.edu/data/ETSS//Kepler/005/495/46/kplr002158237-2012004120508_llc_lc.tbl
Resolving exoplanetarchive.ipac.caltech.edu (exoplanetarchive.ipac.caltech.edu)... 134.4.54.147
Connecting to exoplanetarchive.ipac.caltech.edu (exoplanetarchive.ipac.caltech.edu)|134.4.54.147|:80... connected.
HTTP request sent, awaiting response... 302 Found
Location: https://exoplanetarchive.ipac.caltech.edu/data/ETSS//Kepler/005/495/46/kplr002158237-2012004120508_llc_lc.tbl [following]
--2018-12-09 13:04:56--  https://exoplanetarchive.ipac.caltech.edu/data/ETSS//Kepler/005/495/46/kplr002158237-2012004120508_llc_lc.tbl
Connecting to exoplanetarchive.ipac.caltech.edu (exoplanetarchive.ipac.caltech.edu)|134.4.54.147|:443... connected.
HTTP request sent, awaiting response... 200 OK
Length: 1536573 (1,5M) [text/plain]
Saving to: 'kplr002158237-2012004120508_llc_lc.tbl'

     0K .......... .......... .......... .......... ..........  3% 43,2K 34s
    50K .......... .......... .......... .......... ..........  6%  128K 22s
   100K .......... .......... .......... .......... ..........  9%  129K 17s
   150K .......... .......... .......... .......... .......... 13%  254K 14s
   200K .......... .......... .......... .......... .......... 16%  130K 13s
   250K .......... .......... .......... .......... .......... 19%  254K 11s
   300K .......... .......... .......... .......... .......... 23%  130K 10s
   350K .......... .......... .......... .......... .......... 26%  250K 9s
   400K .......... .......... .......... .......... .......... 29%  130K 9s
   450K .......... .......... .......... .......... .......... 33% 4,08M 7s
   500K .......... .......... .......... .......... .......... 36%  132K 7s
   550K .......... .......... .......... .......... .......... 39% 3,56M 6s
   600K .......... .......... .......... .......... .......... 43%  252K 6s
   650K .......... .......... .......... .......... .......... 46%  275K 5s
   700K .......... .......... .......... .......... .......... 49% 3,52M 4s
   750K .......... .......... .......... .......... .......... 53%  261K 4s
   800K .......... .......... .......... .......... .......... 56%  258K 4s
   850K .......... .......... .......... .......... .......... 59%  260K 3s
   900K .......... .......... .......... .......... .......... 63% 11,9M 3s
   950K .......... .......... .......... .......... .......... 66%  259K 3s
  1000K .......... .......... .......... .......... .......... 69%  262K 2s
  1050K .......... .......... .......... .......... .......... 73% 5,12M 2s
  1100K .......... .......... .......... .......... .......... 76%  270K 2s
  1150K .......... .......... .......... .......... .......... 79% 5,28M 1s
  1200K .......... .......... .......... .......... .......... 83%  268K 1s
  1250K .......... .......... .......... .......... .......... 86% 3,74M 1s
  1300K .......... .......... .......... .......... .......... 89%  277K 1s
  1350K .......... .......... .......... .......... .......... 93% 2,94M 0s
  1400K .......... .......... .......... .......... .......... 96%  277K 0s
  1450K .......... .......... .......... .......... .......... 99% 3,63M 0s
  1500K                                                       100% 3,64G=6,2s

2018-12-09 13:05:03 (240 KB/s) - 'kplr002158237-2012004120508_llc_lc.tbl' saved [1536573/1536573]

--2018-12-09 13:05:03--  http://exoplanetarchive.ipac.caltech.edu/data/ETSS//Kepler/005/511/87/kplr002158237-2012088054726_llc.fits
Resolving exoplanetarchive.ipac.caltech.edu (exoplanetarchive.ipac.caltech.edu)... 134.4.54.147
Connecting to exoplanetarchive.ipac.caltech.edu (exoplanetarchive.ipac.caltech.edu)|134.4.54.147|:80... connected.
HTTP request sent, awaiting response... 302 Found
Location: https://exoplanetarchive.ipac.caltech.edu/data/ETSS//Kepler/005/511/87/kplr002158237-2012088054726_llc.fits [following]
--2018-12-09 13:05:03--  https://exoplanetarchive.ipac.caltech.edu/data/ETSS//Kepler/005/511/87/kplr002158237-2012088054726_llc.fits
Connecting to exoplanetarchive.ipac.caltech.edu (exoplanetarchive.ipac.caltech.edu)|134.4.54.147|:443... connected.
HTTP request sent, awaiting response... 200 OK
Length: 434880 (425K) [image/x-fits]
Saving to: 'kplr002158237-2012088054726_llc.fits'

     0K .......... .......... .......... .......... .......... 11% 43,1K 9s
    50K .......... .......... .......... .......... .......... 23% 85,5K 6s
   100K .......... .......... .......... .......... .......... 35%  129K 4s
   150K .......... .......... .......... .......... .......... 47%  245K 3s
   200K .......... .......... .......... .......... .......... 58%  130K 2s
   250K .......... .......... .......... .......... .......... 70%  252K 1s
   300K .......... .......... .......... .......... .......... 82%  208K 1s
   350K .......... .......... .......... .......... .......... 94%  259K 0s
   400K .......... .......... ....                            100%  168K=3,5s

2018-12-09 13:05:08 (121 KB/s) - 'kplr002158237-2012088054726_llc.fits' saved [434880/434880]

--2018-12-09 13:05:08--  http://exoplanetarchive.ipac.caltech.edu/data/ETSS//Kepler/005/528/57/kplr002158237-2012088054726_llc_lc.tbl
Resolving exoplanetarchive.ipac.caltech.edu (exoplanetarchive.ipac.caltech.edu)... 134.4.54.147
Connecting to exoplanetarchive.ipac.caltech.edu (exoplanetarchive.ipac.caltech.edu)|134.4.54.147|:80... connected.
HTTP request sent, awaiting response... 302 Found
Location: https://exoplanetarchive.ipac.caltech.edu/data/ETSS//Kepler/005/528/57/kplr002158237-2012088054726_llc_lc.tbl [following]
--2018-12-09 13:05:08--  https://exoplanetarchive.ipac.caltech.edu/data/ETSS//Kepler/005/528/57/kplr002158237-2012088054726_llc_lc.tbl
Connecting to exoplanetarchive.ipac.caltech.edu (exoplanetarchive.ipac.caltech.edu)|134.4.54.147|:443... connected.
HTTP request sent, awaiting response... 200 OK
Length: 1307964 (1,2M) [text/plain]
Saving to: 'kplr002158237-2012088054726_llc_lc.tbl'

     0K .......... .......... .......... .......... ..........  3% 42,1K 29s
    50K .......... .......... .......... .......... ..........  7% 85,3K 21s
   100K .......... .......... .......... .......... .......... 11%  126K 16s
   150K .......... .......... .......... .......... .......... 15%  252K 13s
   200K .......... .......... .......... .......... .......... 19%  130K 11s
   250K .......... .......... .......... .......... .......... 23%  253K 10s
   300K .......... .......... .......... .......... .......... 27%  257K 8s
   350K .......... .......... .......... .......... .......... 31%  245K 7s
   400K .......... .......... .......... .......... .......... 35%  131K 7s
   450K .......... .......... .......... .......... .......... 39%  254K 6s
   500K .......... .......... .......... .......... .......... 43% 3,32M 5s
   550K .......... .......... .......... .......... .......... 46%  259K 5s
   600K .......... .......... .......... .......... .......... 50%  257K 4s
   650K .......... .......... .......... .......... .......... 54% 3,58M 4s
   700K .......... .......... .......... .......... .......... 58%  250K 3s
   750K .......... .......... .......... .......... .......... 62%  274K 3s
   800K .......... .......... .......... .......... .......... 66% 2,84M 2s
   850K .......... .......... .......... .......... .......... 70%  252K 2s
   900K .......... .......... .......... .......... .......... 74%  254K 2s
   950K .......... .......... .......... .......... .......... 78%  253K 1s
  1000K .......... .......... .......... .......... .......... 82%  256K 1s
  1050K .......... .......... .......... .......... .......... 86% 10,8M 1s
  1100K .......... .......... .......... .......... .......... 90%  244K 1s
  1150K .......... .......... .......... .......... .......... 93% 1,71M 0s
  1200K .......... .......... .......... .......... .......... 97%  320K 0s
  1250K .......... .......... .......                         100% 17,4M=5,9s

2018-12-09 13:05:15 (216 KB/s) - 'kplr002158237-2012088054726_llc_lc.tbl' saved [1307964/1307964]

--2018-12-09 13:05:16--  http://exoplanetarchive.ipac.caltech.edu/data/ETSS//Kepler/005/545/26/kplr002158237-2012179063303_llc.fits
Resolving exoplanetarchive.ipac.caltech.edu (exoplanetarchive.ipac.caltech.edu)... 134.4.54.147
Connecting to exoplanetarchive.ipac.caltech.edu (exoplanetarchive.ipac.caltech.edu)|134.4.54.147|:80... connected.
HTTP request sent, awaiting response... 302 Found
Location: https://exoplanetarchive.ipac.caltech.edu/data/ETSS//Kepler/005/545/26/kplr002158237-2012179063303_llc.fits [following]
--2018-12-09 13:05:16--  https://exoplanetarchive.ipac.caltech.edu/data/ETSS//Kepler/005/545/26/kplr002158237-2012179063303_llc.fits
Connecting to exoplanetarchive.ipac.caltech.edu (exoplanetarchive.ipac.caltech.edu)|134.4.54.147|:443... connected.
HTTP request sent, awaiting response... 200 OK
Length: 472320 (461K) [image/x-fits]
Saving to: 'kplr002158237-2012179063303_llc.fits'

     0K .......... .......... .......... .......... .......... 10% 43,2K 10s
    50K .......... .......... .......... .......... .......... 21%  128K 6s
   100K .......... .......... .......... .......... .......... 32%  122K 4s
   150K .......... .......... .......... .......... .......... 43%  133K 3s
   200K .......... .......... .......... .......... .......... 54%  262K 2s
   250K .......... .......... .......... .......... .......... 65%  128K 2s
   300K .......... .......... .......... .......... .......... 75%  237K 1s
   350K .......... .......... .......... .......... .......... 86%  133K 1s
   400K .......... .......... .......... .......... .......... 97%  250K 0s
   450K .......... .                                          100% 14,1M=3,7s

2018-12-09 13:05:21 (124 KB/s) - 'kplr002158237-2012179063303_llc.fits' saved [472320/472320]

--2018-12-09 13:05:21--  http://exoplanetarchive.ipac.caltech.edu/data/ETSS//Kepler/005/561/93/kplr002158237-2012179063303_llc_lc.tbl
Resolving exoplanetarchive.ipac.caltech.edu (exoplanetarchive.ipac.caltech.edu)... 134.4.54.147
Connecting to exoplanetarchive.ipac.caltech.edu (exoplanetarchive.ipac.caltech.edu)|134.4.54.147|:80... connected.
HTTP request sent, awaiting response... 302 Found
Location: https://exoplanetarchive.ipac.caltech.edu/data/ETSS//Kepler/005/561/93/kplr002158237-2012179063303_llc_lc.tbl [following]
--2018-12-09 13:05:21--  https://exoplanetarchive.ipac.caltech.edu/data/ETSS//Kepler/005/561/93/kplr002158237-2012179063303_llc_lc.tbl
Connecting to exoplanetarchive.ipac.caltech.edu (exoplanetarchive.ipac.caltech.edu)|134.4.54.147|:443... connected.
HTTP request sent, awaiting response... 200 OK
Length: 1429373 (1,4M) [text/plain]
Saving to: 'kplr002158237-2012179063303_llc_lc.tbl'

     0K .......... .......... .......... .......... ..........  3% 42,6K 32s
    50K .......... .......... .......... .......... ..........  7% 85,8K 23s
   100K .......... .......... .......... .......... .......... 10% 42,4K 24s
   150K .......... .......... .......... .......... .......... 14% 51,2K 23s
   200K .......... .......... .......... .......... .......... 17% 50,9K 22s
   250K .......... .......... .......... .......... .......... 21% 63,6K 21s
   300K .......... .......... .......... .......... .......... 25% 63,3K 19s
   350K .......... .......... .......... .......... .......... 28% 64,3K 18s
   400K .......... .......... .......... .......... .......... 32% 28,4K 19s
   450K .......... .......... .......... .......... .......... 35% 51,3K 18s
   500K .......... .......... .......... .......... .......... 39% 51,1K 17s
   550K .......... .......... .......... .......... .......... 42% 51,4K 16s
   600K .......... .......... .......... .......... .......... 46% 63,8K 15s
   650K .......... .......... .......... .......... .......... 50% 42,8K 14s
   700K .......... .......... .......... .......... .......... 53% 31,3K 13s
   750K .......... .......... .......... .......... .......... 57% 42,5K 12s
   800K .......... .......... .......... .......... .......... 60% 36,8K 12s
   850K .......... .......... .......... .......... .......... 64% 51,6K 10s
   900K .......... .......... .......... .......... .......... 68% 51,5K 9s
   950K .......... .......... .......... .......... .......... 71% 64,1K 8s
  1000K .......... .......... .......... .......... .......... 75% 63,3K 7s
  1050K .......... .......... .......... .......... .......... 78% 63,9K 6s
  1100K .......... .......... .......... .......... .......... 82% 64,0K 5s
  1150K .......... .......... .......... .......... .......... 85% 84,7K 4s
  1200K .......... .......... .......... .......... .......... 89% 50,9K 3s
  1250K .......... .......... .......... .......... .......... 93% 85,4K 2s
  1300K .......... .......... .......... .......... .......... 96% 85,3K 1s
  1350K .......... .......... .......... .......... .....     100%  116K=26s

2018-12-09 13:05:48 (53,2 KB/s) - 'kplr002158237-2012179063303_llc_lc.tbl' saved [1429373/1429373]

--2018-12-09 13:05:49--  http://exoplanetarchive.ipac.caltech.edu/data/ETSS//Kepler/005/578/61/kplr002158237-2012277125453_llc.fits
Resolving exoplanetarchive.ipac.caltech.edu (exoplanetarchive.ipac.caltech.edu)... 134.4.54.147
Connecting to exoplanetarchive.ipac.caltech.edu (exoplanetarchive.ipac.caltech.edu)|134.4.54.147|:80... connected.
HTTP request sent, awaiting response... 302 Found
Location: https://exoplanetarchive.ipac.caltech.edu/data/ETSS//Kepler/005/578/61/kplr002158237-2012277125453_llc.fits [following]
--2018-12-09 13:05:49--  https://exoplanetarchive.ipac.caltech.edu/data/ETSS//Kepler/005/578/61/kplr002158237-2012277125453_llc.fits
Connecting to exoplanetarchive.ipac.caltech.edu (exoplanetarchive.ipac.caltech.edu)|134.4.54.147|:443... connected.
HTTP request sent, awaiting response... 200 OK
Length: 506880 (495K) [image/x-fits]
Saving to: 'kplr002158237-2012277125453_llc.fits'

     0K .......... .......... .......... .......... .......... 10% 42,8K 10s
    50K .......... .......... .......... .......... .......... 20% 86,4K 7s
   100K .......... .......... .......... .......... .......... 30%  128K 5s
   150K .......... .......... .......... .......... .......... 40%  129K 4s
   200K .......... .......... .......... .......... .......... 50%  130K 3s
   250K .......... .......... .......... .......... .......... 60%  256K 2s
   300K .......... .......... .......... .......... .......... 70%  130K 1s
   350K .......... .......... .......... .......... .......... 80%  255K 1s
   400K .......... .......... .......... .......... .......... 90% 86,6K 0s
   450K .......... .......... .......... .......... .....     100% 11,8M=4,3s

2018-12-09 13:05:54 (116 KB/s) - 'kplr002158237-2012277125453_llc.fits' saved [506880/506880]

--2018-12-09 13:05:54--  http://exoplanetarchive.ipac.caltech.edu/data/ETSS//Kepler/005/595/31/kplr002158237-2012277125453_llc_lc.tbl
Resolving exoplanetarchive.ipac.caltech.edu (exoplanetarchive.ipac.caltech.edu)... 134.4.54.147
Connecting to exoplanetarchive.ipac.caltech.edu (exoplanetarchive.ipac.caltech.edu)|134.4.54.147|:80... connected.
HTTP request sent, awaiting response... 302 Found
Location: https://exoplanetarchive.ipac.caltech.edu/data/ETSS//Kepler/005/595/31/kplr002158237-2012277125453_llc_lc.tbl [following]
--2018-12-09 13:05:55--  https://exoplanetarchive.ipac.caltech.edu/data/ETSS//Kepler/005/595/31/kplr002158237-2012277125453_llc_lc.tbl
Connecting to exoplanetarchive.ipac.caltech.edu (exoplanetarchive.ipac.caltech.edu)|134.4.54.147|:443... connected.
HTTP request sent, awaiting response... 200 OK
Length: 1537569 (1,5M) [text/plain]
Saving to: 'kplr002158237-2012277125453_llc_lc.tbl'

     0K .......... .......... .......... .......... ..........  3% 43,0K 34s
    50K .......... .......... .......... .......... ..........  6% 85,4K 25s
   100K .......... .......... .......... .......... ..........  9%  202K 18s
   150K .......... .......... .......... .......... .......... 13%  127K 16s
   200K .......... .......... .......... .......... .......... 16%  252K 13s
   250K .......... .......... .......... .......... .......... 19%  130K 12s
   300K .......... .......... .......... .......... .......... 23%  130K 11s
   350K .......... .......... .......... .......... .......... 26%  255K 10s
   400K .......... .......... .......... .......... .......... 29%  251K 9s
   450K .......... .......... .......... .......... .......... 33%  255K 8s
   500K .......... .......... .......... .......... .......... 36% 7,81M 7s
   550K .......... .......... .......... .......... .......... 39%  256K 6s
   600K .......... .......... .......... .......... .......... 43%  251K 6s
   650K .......... .......... .......... .......... .......... 46%  262K 5s
   700K .......... .......... .......... .......... .......... 49%  261K 5s
   750K .......... .......... .......... .......... .......... 53% 3,49M 4s
   800K .......... .......... .......... .......... .......... 56%  254K 4s
   850K .......... .......... .......... .......... .......... 59%  260K 3s
   900K .......... .......... .......... .......... .......... 63% 16,2M 3s
   950K .......... .......... .......... .......... .......... 66%  261K 3s
  1000K .......... .......... .......... .......... .......... 69%  254K 2s
  1050K .......... .......... .......... .......... .......... 73%  259K 2s
  1100K .......... .......... .......... .......... .......... 76% 7,70M 2s
  1150K .......... .......... .......... .......... .......... 79%  258K 1s
  1200K .......... .......... .......... .......... .......... 83% 7,49M 1s
  1250K .......... .......... .......... .......... .......... 86%  263K 1s
  1300K .......... .......... .......... .......... .......... 89% 12,9M 1s
  1350K .......... .......... .......... .......... .......... 93%  267K 0s
  1400K .......... .......... .......... .......... .......... 96% 7,80M 0s
  1450K .......... .......... .......... .......... .......... 99%  261K 0s
  1500K .                                                     100% 9,97G=6,5s

2018-12-09 13:06:02 (231 KB/s) - 'kplr002158237-2012277125453_llc_lc.tbl' saved [1537569/1537569]

--2018-12-09 13:06:03--  http://exoplanetarchive.ipac.caltech.edu/data/ETSS//Kepler/005/612/00/kplr002158237-2013011073258_llc.fits
Resolving exoplanetarchive.ipac.caltech.edu (exoplanetarchive.ipac.caltech.edu)... 134.4.54.147
Connecting to exoplanetarchive.ipac.caltech.edu (exoplanetarchive.ipac.caltech.edu)|134.4.54.147|:80... connected.
HTTP request sent, awaiting response... 302 Found
Location: https://exoplanetarchive.ipac.caltech.edu/data/ETSS//Kepler/005/612/00/kplr002158237-2013011073258_llc.fits [following]
--2018-12-09 13:06:03--  https://exoplanetarchive.ipac.caltech.edu/data/ETSS//Kepler/005/612/00/kplr002158237-2013011073258_llc.fits
Connecting to exoplanetarchive.ipac.caltech.edu (exoplanetarchive.ipac.caltech.edu)|134.4.54.147|:443... connected.
HTTP request sent, awaiting response... 200 OK
Length: 506880 (495K) [image/x-fits]
Saving to: 'kplr002158237-2013011073258_llc.fits'

     0K .......... .......... .......... .......... .......... 10% 42,9K 10s
    50K .......... .......... .......... .......... .......... 20% 86,1K 7s
   100K .......... .......... .......... .......... .......... 30%  129K 5s
   150K .......... .......... .......... .......... .......... 40%  127K 4s
   200K .......... .......... .......... .......... .......... 50%  252K 3s
   250K .......... .......... .......... .......... .......... 60% 86,2K 2s
   300K .......... .......... .......... .......... .......... 70% 85,3K 2s
   350K .......... .......... .......... .......... .......... 80% 78,6K 1s
   400K .......... .......... .......... .......... .......... 90% 84,9K 1s
   450K .......... .......... .......... .......... .....     100%  115K=5,5s

2018-12-09 13:06:09 (89,8 KB/s) - 'kplr002158237-2013011073258_llc.fits' saved [506880/506880]

--2018-12-09 13:06:10--  http://exoplanetarchive.ipac.caltech.edu/data/ETSS//Kepler/005/628/48/kplr002158237-2013011073258_llc_lc.tbl
Resolving exoplanetarchive.ipac.caltech.edu (exoplanetarchive.ipac.caltech.edu)... 134.4.54.147
Connecting to exoplanetarchive.ipac.caltech.edu (exoplanetarchive.ipac.caltech.edu)|134.4.54.147|:80... connected.
HTTP request sent, awaiting response... 302 Found
Location: https://exoplanetarchive.ipac.caltech.edu/data/ETSS//Kepler/005/628/48/kplr002158237-2013011073258_llc_lc.tbl [following]
--2018-12-09 13:06:10--  https://exoplanetarchive.ipac.caltech.edu/data/ETSS//Kepler/005/628/48/kplr002158237-2013011073258_llc_lc.tbl
Connecting to exoplanetarchive.ipac.caltech.edu (exoplanetarchive.ipac.caltech.edu)|134.4.54.147|:443... connected.
HTTP request sent, awaiting response... 200 OK
Length: 1544958 (1,5M) [text/plain]
Saving to: 'kplr002158237-2013011073258_llc_lc.tbl'

     0K .......... .......... .......... .......... ..........  3% 42,9K 34s
    50K .......... .......... .......... .......... ..........  6% 83,1K 25s
   100K .......... .......... .......... .......... ..........  9%  126K 20s
   150K .......... .......... .......... .......... .......... 13%  129K 17s
   200K .......... .......... .......... .......... .......... 16%  129K 15s
   250K .......... .......... .......... .......... .......... 19%  254K 13s
   300K .......... .......... .......... .......... .......... 23%  250K 11s
   350K .......... .......... .......... .......... .......... 26%  254K 10s
   400K .......... .......... .......... .......... .......... 29%  261K 9s
   450K .......... .......... .......... .......... .......... 33%  131K 8s
   500K .......... .......... .......... .......... .......... 36% 7,02M 7s
   550K .......... .......... .......... .......... .......... 39%  258K 7s
   600K .......... .......... .......... .......... .......... 43%  258K 6s
   650K .......... .......... .......... .......... .......... 46%  256K 5s
   700K .......... .......... .......... .......... .......... 49% 11,6M 5s
   750K .......... .......... .......... .......... .......... 53%  259K 4s
   800K .......... .......... .......... .......... .......... 56%  259K 4s
   850K .......... .......... .......... .......... .......... 59%  261K 4s
   900K .......... .......... .......... .......... .......... 62%  260K 3s
   950K .......... .......... .......... .......... .......... 66% 5,24M 3s
  1000K .......... .......... .......... .......... .......... 69%  266K 2s
  1050K .......... .......... .......... .......... .......... 72% 3,12M 2s
  1100K .......... .......... .......... .......... .......... 76%  271K 2s
  1150K .......... .......... .......... .......... .......... 79%  258K 2s
  1200K .......... .......... .......... .......... .......... 82% 4,96M 1s
  1250K .......... .......... .......... .......... .......... 86%  266K 1s
  1300K .......... .......... .......... .......... .......... 89% 7,66M 1s
  1350K .......... .......... .......... .......... .......... 92% 10,1M 0s
  1400K .......... .......... .......... .......... .......... 96%  262K 0s
  1450K .......... .......... .......... .......... .......... 99% 6,62M 0s
  1500K ........                                              100% 30,4M=6,5s

2018-12-09 13:06:17 (233 KB/s) - 'kplr002158237-2013011073258_llc_lc.tbl' saved [1544958/1544958]

--2018-12-09 13:06:17--  http://exoplanetarchive.ipac.caltech.edu/data/ETSS//Kepler/005/644/95/kplr002158237-2013098041711_llc.fits
Resolving exoplanetarchive.ipac.caltech.edu (exoplanetarchive.ipac.caltech.edu)... 134.4.54.147
Connecting to exoplanetarchive.ipac.caltech.edu (exoplanetarchive.ipac.caltech.edu)|134.4.54.147|:80... connected.
HTTP request sent, awaiting response... 302 Found
Location: https://exoplanetarchive.ipac.caltech.edu/data/ETSS//Kepler/005/644/95/kplr002158237-2013098041711_llc.fits [following]
--2018-12-09 13:06:18--  https://exoplanetarchive.ipac.caltech.edu/data/ETSS//Kepler/005/644/95/kplr002158237-2013098041711_llc.fits
Connecting to exoplanetarchive.ipac.caltech.edu (exoplanetarchive.ipac.caltech.edu)|134.4.54.147|:443... connected.
HTTP request sent, awaiting response... 200 OK
Length: 449280 (439K) [image/x-fits]
Saving to: 'kplr002158237-2013098041711_llc.fits'

     0K .......... .......... .......... .......... .......... 11% 42,9K 9s
    50K .......... .......... .......... .......... .......... 22%  128K 5s
   100K .......... .......... .......... .......... .......... 34%  129K 4s
   150K .......... .......... .......... .......... .......... 45%  253K 3s
   200K .......... .......... .......... .......... .......... 56%  250K 2s
   250K .......... .......... .......... .......... .......... 68%  254K 1s
   300K .......... .......... .......... .......... .......... 79%  258K 1s
   350K .......... .......... .......... .......... .......... 91%  257K 0s
   400K .......... .......... .......... ........             100% 3,98M=2,9s

2018-12-09 13:06:22 (149 KB/s) - 'kplr002158237-2013098041711_llc.fits' saved [449280/449280]

--2018-12-09 13:06:22--  http://exoplanetarchive.ipac.caltech.edu/data/ETSS//Kepler/005/661/71/kplr002158237-2013098041711_llc_lc.tbl
Resolving exoplanetarchive.ipac.caltech.edu (exoplanetarchive.ipac.caltech.edu)... 134.4.54.147
Connecting to exoplanetarchive.ipac.caltech.edu (exoplanetarchive.ipac.caltech.edu)|134.4.54.147|:80... connected.
HTTP request sent, awaiting response... 302 Found
Location: https://exoplanetarchive.ipac.caltech.edu/data/ETSS//Kepler/005/661/71/kplr002158237-2013098041711_llc_lc.tbl [following]
--2018-12-09 13:06:22--  https://exoplanetarchive.ipac.caltech.edu/data/ETSS//Kepler/005/661/71/kplr002158237-2013098041711_llc_lc.tbl
Connecting to exoplanetarchive.ipac.caltech.edu (exoplanetarchive.ipac.caltech.edu)|134.4.54.147|:443... connected.
HTTP request sent, awaiting response... 200 OK
Length: 1359196 (1,3M) [text/plain]
Saving to: 'kplr002158237-2013098041711_llc_lc.tbl'

     0K .......... .......... .......... .......... ..........  3% 42,3K 30s
    50K .......... .......... .......... .......... ..........  7% 84,8K 22s
   100K .......... .......... .......... .......... .......... 11%  129K 17s
   150K .......... .......... .......... .......... .......... 15%  129K 14s
   200K .......... .......... .......... .......... .......... 18%  248K 12s
   250K .......... .......... .......... .......... .......... 22%  131K 11s
   300K .......... .......... .......... .......... .......... 26%  258K 9s
   350K .......... .......... .......... .......... .......... 30%  250K 8s
   400K .......... .......... .......... .......... .......... 33%  246K 7s
   450K .......... .......... .......... .......... .......... 37%  257K 6s
   500K .......... .......... .......... .......... .......... 41%  249K 6s
   550K .......... .......... .......... .......... .......... 45% 12,9M 5s
   600K .......... .......... .......... .......... .......... 48%  252K 5s
   650K .......... .......... .......... .......... .......... 52%  260K 4s
   700K .......... .......... .......... .......... .......... 56%  258K 4s
   750K .......... .......... .......... .......... .......... 60% 9,45M 3s
   800K .......... .......... .......... .......... .......... 64%  252K 3s
   850K .......... .......... .......... .......... .......... 67%  269K 2s
   900K .......... .......... .......... .......... .......... 71%  255K 2s
   950K .......... .......... .......... .......... .......... 75% 12,6M 2s
  1000K .......... .......... .......... .......... .......... 79%  253K 1s
  1050K .......... .......... .......... .......... .......... 82% 14,3M 1s
  1100K .......... .......... .......... .......... .......... 86%  259K 1s
  1150K .......... .......... .......... .......... .......... 90% 4,82M 1s
  1200K .......... .......... .......... .......... .......... 94%  261K 0s
  1250K .......... .......... .......... .......... .......... 97%  273K 0s
  1300K .......... .......... .......                         100% 7,62M=6,1s

2018-12-09 13:06:29 (218 KB/s) - 'kplr002158237-2013098041711_llc_lc.tbl' saved [1359196/1359196]

--2018-12-09 13:06:30--  http://exoplanetarchive.ipac.caltech.edu/data/ETSS//Kepler/005/678/46/kplr002158237-2013131215648_llc.fits
Resolving exoplanetarchive.ipac.caltech.edu (exoplanetarchive.ipac.caltech.edu)... 134.4.54.147
Connecting to exoplanetarchive.ipac.caltech.edu (exoplanetarchive.ipac.caltech.edu)|134.4.54.147|:80... connected.
HTTP request sent, awaiting response... 302 Found
Location: https://exoplanetarchive.ipac.caltech.edu/data/ETSS//Kepler/005/678/46/kplr002158237-2013131215648_llc.fits [following]
--2018-12-09 13:06:30--  https://exoplanetarchive.ipac.caltech.edu/data/ETSS//Kepler/005/678/46/kplr002158237-2013131215648_llc.fits
Connecting to exoplanetarchive.ipac.caltech.edu (exoplanetarchive.ipac.caltech.edu)|134.4.54.147|:443... connected.
HTTP request sent, awaiting response... 200 OK
Length: 187200 (183K) [image/x-fits]
Saving to: 'kplr002158237-2013131215648_llc.fits'

     0K .......... .......... .......... .......... .......... 27% 21,4K 6s
    50K .......... .......... .......... .......... .......... 54% 31,2K 3s
   100K .......... .......... .......... .......... .......... 82% 32,0K 1s
   150K .......... .......... .......... ..                   100% 56,7K=6,1s

2018-12-09 13:06:37 (30,1 KB/s) - 'kplr002158237-2013131215648_llc.fits' saved [187200/187200]

--2018-12-09 13:06:37--  http://exoplanetarchive.ipac.caltech.edu/data/ETSS//Kepler/005/695/22/kplr002158237-2013131215648_llc_lc.tbl
Resolving exoplanetarchive.ipac.caltech.edu (exoplanetarchive.ipac.caltech.edu)... 134.4.54.147
Connecting to exoplanetarchive.ipac.caltech.edu (exoplanetarchive.ipac.caltech.edu)|134.4.54.147|:80... connected.
HTTP request sent, awaiting response... 302 Found
Location: https://exoplanetarchive.ipac.caltech.edu/data/ETSS//Kepler/005/695/22/kplr002158237-2013131215648_llc_lc.tbl [following]
--2018-12-09 13:06:38--  https://exoplanetarchive.ipac.caltech.edu/data/ETSS//Kepler/005/695/22/kplr002158237-2013131215648_llc_lc.tbl
Connecting to exoplanetarchive.ipac.caltech.edu (exoplanetarchive.ipac.caltech.edu)|134.4.54.147|:443... connected.
HTTP request sent, awaiting response... 200 OK
Length: 506681 (495K) [text/plain]
Saving to: 'kplr002158237-2013131215648_llc_lc.tbl'

     0K .......... .......... .......... .......... .......... 10% 43,1K 10s
    50K .......... .......... .......... .......... .......... 20%  108K 6s
   100K .......... .......... .......... .......... .......... 30%  129K 5s
   150K .......... .......... .......... .......... .......... 40%  162K 3s
   200K .......... .......... .......... .......... .......... 50%  185K 3s
   250K .......... .......... .......... .......... .......... 60%  256K 2s
   300K .......... .......... .......... .......... .......... 70%  259K 1s
   350K .......... .......... .......... .......... .......... 80%  368K 1s
   400K .......... .......... .......... .......... .......... 90%  198K 0s
   450K .......... .......... .......... .......... ....      100%  327K=3,5s

2018-12-09 13:06:42 (141 KB/s) - 'kplr002158237-2013131215648_llc_lc.tbl' saved [506681/506681]

